===== Starting battle of <AnybodyThere> vs <PrussianRoulette> with memory tape size: 26 =====

[ >128 | 0 | 0 | 0 | 0 | 0 | 0 | 0 | 0 | 0 | 0 | 0 | 0 | 0 | 0 | 0 | 0 | 0 | 0 | 0 | 0 | 0 | 0 | 0 | 0 | 128< ]
[ 128 | >0 | 0 | 0 | 0 | 0 | 0 | 0 | 0 | 0 | 0 | 0 | 0 | 0 | 0 | 0 | 0 | 0 | 0 | 0 | 0 | 0 | 0 | 0 | 0< | 128 ]
[ 128 | 0 | >0 | 0 | 0 | 0 | 0 | 0 | 0 | 0 | 0 | 0 | 0 | 0 | 0 | 0 | 0 | 0 | 0 | 0 | 0 | 0 | 0 | 0 | 1< | 128 ]
[ 128 | 0 | 0 | >0 | 0 | 0 | 0 | 0 | 0 | 0 | 0 | 0 | 0 | 0 | 0 | 0 | 0 | 0 | 0 | 0 | 0 | 0 | 0 | 0 | 2< | 128 ]
[ 128 | 0 | 0 | >1 | 0 | 0 | 0 | 0 | 0 | 0 | 0 | 0 | 0 | 0 | 0 | 0 | 0 | 0 | 0 | 0 | 0 | 0 | 0 | 0 | 3< | 128 ]
[ 128 | 0 | >0 | 1 | 0 | 0 | 0 | 0 | 0 | 0 | 0 | 0 | 0 | 0 | 0 | 0 | 0 | 0 | 0 | 0 | 0 | 0 | 0 | 0 | 4< | 128 ]
[ 128 | 0 | >1 | 1 | 0 | 0 | 0 | 0 | 0 | 0 | 0 | 0 | 0 | 0 | 0 | 0 | 0 | 0 | 0 | 0 | 0 | 0 | 0 | 0 | 5< | 128 ]
[ 128 | 0 | >2 | 1 | 0 | 0 | 0 | 0 | 0 | 0 | 0 | 0 | 0 | 0 | 0 | 0 | 0 | 0 | 0 | 0 | 0 | 0 | 0 | 0 | 4< | 128 ]
[ 128 | 0 | >3 | 1 | 0 | 0 | 0 | 0 | 0 | 0 | 0 | 0 | 0 | 0 | 0 | 0 | 0 | 0 | 0 | 0 | 0 | 0 | 0 | 0 | 4< | 128 ]
[ 128 | 0 | >4 | 1 | 0 | 0 | 0 | 0 | 0 | 0 | 0 | 0 | 0 | 0 | 0 | 0 | 0 | 0 | 0 | 0 | 0 | 0 | 0 | 0 | 4< | 128 ]
[ 128 | 0 | >5 | 1 | 0 | 0 | 0 | 0 | 0 | 0 | 0 | 0 | 0 | 0 | 0 | 0 | 0 | 0 | 0 | 0 | 0 | 0 | 0 | 0< | 4 | 128 ]
[ 128 | >0 | 5 | 1 | 0 | 0 | 0 | 0 | 0 | 0 | 0 | 0 | 0 | 0 | 0 | 0 | 0 | 0 | 0 | 0 | 0 | 0 | 0 | 0< | 4 | 128 ]
[ 128 | >-1 | 5 | 1 | 0 | 0 | 0 | 0 | 0 | 0 | 0 | 0 | 0 | 0 | 0 | 0 | 0 | 0 | 0 | 0 | 0 | 0 | 0 | 0< | 4 | 128 ]
[ 128 | >-2 | 5 | 1 | 0 | 0 | 0 | 0 | 0 | 0 | 0 | 0 | 0 | 0 | 0 | 0 | 0 | 0 | 0 | 0 | 0 | 0 | 0 | 0< | 4 | 128 ]
[ 128 | >-3 | 5 | 1 | 0 | 0 | 0 | 0 | 0 | 0 | 0 | 0 | 0 | 0 | 0 | 0 | 0 | 0 | 0 | 0 | 0 | 0 | 0< | 0 | 4 | 128 ]
[ 128 | >-4 | 5 | 1 | 0 | 0 | 0 | 0 | 0 | 0 | 0 | 0 | 0 | 0 | 0 | 0 | 0 | 0 | 0 | 0 | 0 | 0< | 0 | 0 | 4 | 128 ]
[ 128 | >-5 | 5 | 1 | 0 | 0 | 0 | 0 | 0 | 0 | 0 | 0 | 0 | 0 | 0 | 0 | 0 | 0 | 0 | 0 | 0 | -1< | 0 | 0 | 4 | 128 ]
[ 128 | -5 | >5 | 1 | 0 | 0 | 0 | 0 | 0 | 0 | 0 | 0 | 0 | 0 | 0 | 0 | 0 | 0 | 0 | 0 | 0 | -1< | 0 | 0 | 4 | 128 ]
[ 128 | -5 | 5 | >1 | 0 | 0 | 0 | 0 | 0 | 0 | 0 | 0 | 0 | 0 | 0 | 0 | 0 | 0 | 0 | 0 | 0 | -1< | 0 | 0 | 4 | 128 ]
[ 128 | -5 | 5 | >1 | 0 | 0 | 0 | 0 | 0 | 0 | 0 | 0 | 0 | 0 | 0 | 0 | 0 | 0 | 0 | 0 | 0< | -1 | 0 | 0 | 4 | 128 ]
[ 128 | -5 | 5 | 1 | >0 | 0 | 0 | 0 | 0 | 0 | 0 | 0 | 0 | 0 | 0 | 0 | 0 | 0 | 0 | 0 | 0< | -1 | 0 | 0 | 4 | 128 ]
[ 128 | -5 | 5 | 1 | >0 | 0 | 0 | 0 | 0 | 0 | 0 | 0 | 0 | 0 | 0 | 0 | 0 | 0 | 0 | 0 | 0< | -1 | 0 | 0 | 4 | 128 ]
[ 128 | -5 | 5 | 1 | 0 | >0 | 0 | 0 | 0 | 0 | 0 | 0 | 0 | 0 | 0 | 0 | 0 | 0 | 0 | 0 | 0< | -1 | 0 | 0 | 4 | 128 ]
[ 128 | -5 | 5 | 1 | 0 | >0 | 0 | 0 | 0 | 0 | 0 | 0 | 0 | 0 | 0 | 0 | 0 | 0 | 0 | 0< | 0 | -1 | 0 | 0 | 4 | 128 ]
[ 128 | -5 | 5 | 1 | 0 | 0 | >0 | 0 | 0 | 0 | 0 | 0 | 0 | 0 | 0 | 0 | 0 | 0 | 0< | 0 | 0 | -1 | 0 | 0 | 4 | 128 ]
[ 128 | -5 | 5 | 1 | 0 | 0 | >0 | 0 | 0 | 0 | 0 | 0 | 0 | 0 | 0 | 0 | 0 | 0 | -1< | 0 | 0 | -1 | 0 | 0 | 4 | 128 ]
[ 128 | -5 | 5 | 1 | 0 | 0 | 0 | >0 | 0 | 0 | 0 | 0 | 0 | 0 | 0 | 0 | 0 | 0 | -1< | 0 | 0 | -1 | 0 | 0 | 4 | 128 ]
[ 128 | -5 | 5 | 1 | 0 | 0 | 0 | >0 | 0 | 0 | 0 | 0 | 0 | 0 | 0 | 0 | 0 | 0 | -1< | 0 | 0 | -1 | 0 | 0 | 4 | 128 ]
[ 128 | -5 | 5 | 1 | 0 | 0 | 0 | >1 | 0 | 0 | 0 | 0 | 0 | 0 | 0 | 0 | 0 | 0< | -1 | 0 | 0 | -1 | 0 | 0 | 4 | 128 ]
[ 128 | -5 | 5 | 1 | 0 | 0 | >0 | 1 | 0 | 0 | 0 | 0 | 0 | 0 | 0 | 0 | 0 | 0< | -1 | 0 | 0 | -1 | 0 | 0 | 4 | 128 ]
[ 128 | -5 | 5 | 1 | 0 | >0 | 0 | 1 | 0 | 0 | 0 | 0 | 0 | 0 | 0 | 0 | 0 | 0< | -1 | 0 | 0 | -1 | 0 | 0 | 4 | 128 ]
[ 128 | -5 | 5 | 1 | >0 | 0 | 0 | 1 | 0 | 0 | 0 | 0 | 0 | 0 | 0 | 0 | 0 | 0< | -1 | 0 | 0 | -1 | 0 | 0 | 4 | 128 ]
[ 128 | -5 | 5 | >1 | 0 | 0 | 0 | 1 | 0 | 0 | 0 | 0 | 0 | 0 | 0 | 0 | 0< | 0 | -1 | 0 | 0 | -1 | 0 | 0 | 4 | 128 ]
[ 128 | -5 | 5 | >1 | 0 | 0 | 0 | 1 | 0 | 0 | 0 | 0 | 0 | 0 | 0 | 0< | 0 | 0 | -1 | 0 | 0 | -1 | 0 | 0 | 4 | 128 ]
[ 128 | -5 | 5 | 1 | >0 | 0 | 0 | 1 | 0 | 0 | 0 | 0 | 0 | 0 | 0 | -1< | 0 | 0 | -1 | 0 | 0 | -1 | 0 | 0 | 4 | 128 ]
[ 128 | -5 | 5 | 1 | 0 | >0 | 0 | 1 | 0 | 0 | 0 | 0 | 0 | 0 | 0 | -1< | 0 | 0 | -1 | 0 | 0 | -1 | 0 | 0 | 4 | 128 ]
[ 128 | -5 | 5 | 1 | 0 | 0 | >0 | 1 | 0 | 0 | 0 | 0 | 0 | 0 | 0 | -1< | 0 | 0 | -1 | 0 | 0 | -1 | 0 | 0 | 4 | 128 ]
[ 128 | -5 | 5 | 1 | 0 | 0 | >1 | 1 | 0 | 0 | 0 | 0 | 0 | 0 | 0< | -1 | 0 | 0 | -1 | 0 | 0 | -1 | 0 | 0 | 4 | 128 ]
[ 128 | -5 | 5 | 1 | 0 | 0 | >2 | 1 | 0 | 0 | 0 | 0 | 0 | 0 | 0< | -1 | 0 | 0 | -1 | 0 | 0 | -1 | 0 | 0 | 4 | 128 ]
[ 128 | -5 | 5 | 1 | 0 | 0 | >3 | 1 | 0 | 0 | 0 | 0 | 0 | 0 | 0< | -1 | 0 | 0 | -1 | 0 | 0 | -1 | 0 | 0 | 4 | 128 ]
[ 128 | -5 | 5 | 1 | 0 | 0 | >4 | 1 | 0 | 0 | 0 | 0 | 0 | 0 | 0< | -1 | 0 | 0 | -1 | 0 | 0 | -1 | 0 | 0 | 4 | 128 ]
[ 128 | -5 | 5 | 1 | 0 | 0 | >5 | 1 | 0 | 0 | 0 | 0 | 0 | 0< | 0 | -1 | 0 | 0 | -1 | 0 | 0 | -1 | 0 | 0 | 4 | 128 ]
[ 128 | -5 | 5 | 1 | 0 | >0 | 5 | 1 | 0 | 0 | 0 | 0 | 0< | 0 | 0 | -1 | 0 | 0 | -1 | 0 | 0 | -1 | 0 | 0 | 4 | 128 ]
[ 128 | -5 | 5 | 1 | 0 | >-1 | 5 | 1 | 0 | 0 | 0 | 0 | -1< | 0 | 0 | -1 | 0 | 0 | -1 | 0 | 0 | -1 | 0 | 0 | 4 | 128 ]
[ 128 | -5 | 5 | 1 | 0 | >-2 | 5 | 1 | 0 | 0 | 0 | 0 | -1< | 0 | 0 | -1 | 0 | 0 | -1 | 0 | 0 | -1 | 0 | 0 | 4 | 128 ]
[ 128 | -5 | 5 | 1 | 0 | >-3 | 5 | 1 | 0 | 0 | 0 | 0 | -1< | 0 | 0 | -1 | 0 | 0 | -1 | 0 | 0 | -1 | 0 | 0 | 4 | 128 ]
[ 128 | -5 | 5 | 1 | 0 | >-4 | 5 | 1 | 0 | 0 | 0 | 0< | -1 | 0 | 0 | -1 | 0 | 0 | -1 | 0 | 0 | -1 | 0 | 0 | 4 | 128 ]
[ 128 | -5 | 5 | 1 | 0 | >-5 | 5 | 1 | 0 | 0 | 0 | 0< | -1 | 0 | 0 | -1 | 0 | 0 | -1 | 0 | 0 | -1 | 0 | 0 | 4 | 128 ]
[ 128 | -5 | 5 | 1 | >0 | -5 | 5 | 1 | 0 | 0 | 0 | 0< | -1 | 0 | 0 | -1 | 0 | 0 | -1 | 0 | 0 | -1 | 0 | 0 | 4 | 128 ]
[ 128 | -5 | 5 | >1 | 0 | -5 | 5 | 1 | 0 | 0 | 0 | 0< | -1 | 0 | 0 | -1 | 0 | 0 | -1 | 0 | 0 | -1 | 0 | 0 | 4 | 128 ]
[ 128 | -5 | 5 | >1 | 0 | -5 | 5 | 1 | 0 | 0 | 0< | 0 | -1 | 0 | 0 | -1 | 0 | 0 | -1 | 0 | 0 | -1 | 0 | 0 | 4 | 128 ]
[ 128 | -5 | 5 | >0 | 0 | -5 | 5 | 1 | 0 | 0< | 0 | 0 | -1 | 0 | 0 | -1 | 0 | 0 | -1 | 0 | 0 | -1 | 0 | 0 | 4 | 128 ]
[ 128 | -5 | 5 | >0 | 0 | -5 | 5 | 1 | 0 | -1< | 0 | 0 | -1 | 0 | 0 | -1 | 0 | 0 | -1 | 0 | 0 | -1 | 0 | 0 | 4 | 128 ]
[ 128 | -5 | 5 | >0 | 0 | -5 | 5 | 1 | 0 | -1< | 0 | 0 | -1 | 0 | 0 | -1 | 0 | 0 | -1 | 0 | 0 | -1 | 0 | 0 | 4 | 128 ]
[ 128 | -5 | 5 | 0 | >0 | -5 | 5 | 1 | 0 | -1< | 0 | 0 | -1 | 0 | 0 | -1 | 0 | 0 | -1 | 0 | 0 | -1 | 0 | 0 | 4 | 128 ]
[ 128 | -5 | 5 | 0 | 0 | >-5 | 5 | 1 | 0< | -1 | 0 | 0 | -1 | 0 | 0 | -1 | 0 | 0 | -1 | 0 | 0 | -1 | 0 | 0 | 4 | 128 ]
[ 128 | -5 | 5 | 0 | 0 | -5 | >5 | 1 | 0< | -1 | 0 | 0 | -1 | 0 | 0 | -1 | 0 | 0 | -1 | 0 | 0 | -1 | 0 | 0 | 4 | 128 ]
[ 128 | -5 | 5 | 0 | 0 | -5 | 5 | >1 | 0< | -1 | 0 | 0 | -1 | 0 | 0 | -1 | 0 | 0 | -1 | 0 | 0 | -1 | 0 | 0 | 4 | 128 ]
[ 128 | -5 | 5 | 0 | 0 | -5 | 5 | >1 | 0< | -1 | 0 | 0 | -1 | 0 | 0 | -1 | 0 | 0 | -1 | 0 | 0 | -1 | 0 | 0 | 4 | 128 ]
[ 128 | -5 | 5 | 0 | 0 | -5 | 5 | 1< | >0 | -1 | 0 | 0 | -1 | 0 | 0 | -1 | 0 | 0 | -1 | 0 | 0 | -1 | 0 | 0 | 4 | 128 ]
[ 128 | -5 | 5 | 0 | 0 | -5 | 5< | 1 | >0 | -1 | 0 | 0 | -1 | 0 | 0 | -1 | 0 | 0 | -1 | 0 | 0 | -1 | 0 | 0 | 4 | 128 ]
[ 128 | -5 | 5 | 0 | 0 | -5 | 4< | 1 | 0 | >-1 | 0 | 0 | -1 | 0 | 0 | -1 | 0 | 0 | -1 | 0 | 0 | -1 | 0 | 0 | 4 | 128 ]
[ 128 | -5 | 5 | 0 | 0 | -5 | 4< | 1 | 0 | >-1 | 0 | 0 | -1 | 0 | 0 | -1 | 0 | 0 | -1 | 0 | 0 | -1 | 0 | 0 | 4 | 128 ]
[ 128 | -5 | 5 | 0 | 0 | -5 | 4< | 1 | 0 | >-1 | 0 | 0 | -1 | 0 | 0 | -1 | 0 | 0 | -1 | 0 | 0 | -1 | 0 | 0 | 4 | 128 ]
[ 128 | -5 | 5 | 0 | 0 | -5< | 4 | 1 | 0 | >0 | 0 | 0 | -1 | 0 | 0 | -1 | 0 | 0 | -1 | 0 | 0 | -1 | 0 | 0 | 4 | 128 ]
[ 128 | -5 | 5 | 0 | 0 | -5< | 4 | 1 | 0 | >1 | 0 | 0 | -1 | 0 | 0 | -1 | 0 | 0 | -1 | 0 | 0 | -1 | 0 | 0 | 4 | 128 ]
[ 128 | -5 | 5 | 0 | 0 | -5< | 4 | 1 | 0 | >2 | 0 | 0 | -1 | 0 | 0 | -1 | 0 | 0 | -1 | 0 | 0 | -1 | 0 | 0 | 4 | 128 ]
[ 128 | -5 | 5 | 0 | 0< | -5 | 4 | 1 | 0 | >3 | 0 | 0 | -1 | 0 | 0 | -1 | 0 | 0 | -1 | 0 | 0 | -1 | 0 | 0 | 4 | 128 ]
[ 128 | -5 | 5 | 0 | -1< | -5 | 4 | 1 | 0 | >4 | 0 | 0 | -1 | 0 | 0 | -1 | 0 | 0 | -1 | 0 | 0 | -1 | 0 | 0 | 4 | 128 ]
[ 128 | -5 | 5 | 0 | -2< | -5 | 4 | 1 | 0 | >5 | 0 | 0 | -1 | 0 | 0 | -1 | 0 | 0 | -1 | 0 | 0 | -1 | 0 | 0 | 4 | 128 ]
[ 128 | -5 | 5 | 0 | -3< | -5 | 4 | 1 | 0 | >6 | 0 | 0 | -1 | 0 | 0 | -1 | 0 | 0 | -1 | 0 | 0 | -1 | 0 | 0 | 4 | 128 ]
[ 128 | -5 | 5 | 0 | -4< | -5 | 4 | 1 | 0 | >7 | 0 | 0 | -1 | 0 | 0 | -1 | 0 | 0 | -1 | 0 | 0 | -1 | 0 | 0 | 4 | 128 ]
[ 128 | -5 | 5 | 0 | -5< | -5 | 4 | 1 | 0 | >8 | 0 | 0 | -1 | 0 | 0 | -1 | 0 | 0 | -1 | 0 | 0 | -1 | 0 | 0 | 4 | 128 ]
[ 128 | -5 | 5 | 0 | -6< | -5 | 4 | 1 | 0 | >9 | 0 | 0 | -1 | 0 | 0 | -1 | 0 | 0 | -1 | 0 | 0 | -1 | 0 | 0 | 4 | 128 ]
[ 128 | -5 | 5 | 0 | -7< | -5 | 4 | 1 | 0 | >9 | 0 | 0 | -1 | 0 | 0 | -1 | 0 | 0 | -1 | 0 | 0 | -1 | 0 | 0 | 4 | 128 ]
[ 128 | -5 | 5 | 0 | -8< | -5 | 4 | 1 | 0 | >8 | 0 | 0 | -1 | 0 | 0 | -1 | 0 | 0 | -1 | 0 | 0 | -1 | 0 | 0 | 4 | 128 ]
[ 128 | -5 | 5 | 0 | -9< | -5 | 4 | 1 | 0 | >8 | 0 | 0 | -1 | 0 | 0 | -1 | 0 | 0 | -1 | 0 | 0 | -1 | 0 | 0 | 4 | 128 ]
[ 128 | -5 | 5 | 0 | -10< | -5 | 4 | 1 | 0 | >7 | 0 | 0 | -1 | 0 | 0 | -1 | 0 | 0 | -1 | 0 | 0 | -1 | 0 | 0 | 4 | 128 ]
[ 128 | -5 | 5 | 0 | -10< | -5 | 4 | 1 | 0 | >7 | 0 | 0 | -1 | 0 | 0 | -1 | 0 | 0 | -1 | 0 | 0 | -1 | 0 | 0 | 4 | 128 ]
[ 128 | -5 | 5 | 0< | -10 | -5 | 4 | 1 | 0 | >6 | 0 | 0 | -1 | 0 | 0 | -1 | 0 | 0 | -1 | 0 | 0 | -1 | 0 | 0 | 4 | 128 ]
[ 128 | -5 | 5 | -1< | -10 | -5 | 4 | 1 | 0 | >6 | 0 | 0 | -1 | 0 | 0 | -1 | 0 | 0 | -1 | 0 | 0 | -1 | 0 | 0 | 4 | 128 ]
[ 128 | -5 | 5 | -2< | -10 | -5 | 4 | 1 | 0 | >5 | 0 | 0 | -1 | 0 | 0 | -1 | 0 | 0 | -1 | 0 | 0 | -1 | 0 | 0 | 4 | 128 ]
[ 128 | -5 | 5 | -3< | -10 | -5 | 4 | 1 | 0 | >5 | 0 | 0 | -1 | 0 | 0 | -1 | 0 | 0 | -1 | 0 | 0 | -1 | 0 | 0 | 4 | 128 ]
[ 128 | -5 | 5 | -4< | -10 | -5 | 4 | 1 | 0 | >4 | 0 | 0 | -1 | 0 | 0 | -1 | 0 | 0 | -1 | 0 | 0 | -1 | 0 | 0 | 4 | 128 ]
[ 128 | -5 | 5 | -5< | -10 | -5 | 4 | 1 | 0 | >4 | 0 | 0 | -1 | 0 | 0 | -1 | 0 | 0 | -1 | 0 | 0 | -1 | 0 | 0 | 4 | 128 ]
[ 128 | -5 | 5 | -6< | -10 | -5 | 4 | 1 | 0 | >3 | 0 | 0 | -1 | 0 | 0 | -1 | 0 | 0 | -1 | 0 | 0 | -1 | 0 | 0 | 4 | 128 ]
[ 128 | -5 | 5 | -7< | -10 | -5 | 4 | 1 | 0 | >3 | 0 | 0 | -1 | 0 | 0 | -1 | 0 | 0 | -1 | 0 | 0 | -1 | 0 | 0 | 4 | 128 ]
[ 128 | -5 | 5 | -8< | -10 | -5 | 4 | 1 | 0 | >2 | 0 | 0 | -1 | 0 | 0 | -1 | 0 | 0 | -1 | 0 | 0 | -1 | 0 | 0 | 4 | 128 ]
[ 128 | -5 | 5 | -9< | -10 | -5 | 4 | 1 | 0 | >2 | 0 | 0 | -1 | 0 | 0 | -1 | 0 | 0 | -1 | 0 | 0 | -1 | 0 | 0 | 4 | 128 ]
[ 128 | -5 | 5 | -10< | -10 | -5 | 4 | 1 | 0 | >1 | 0 | 0 | -1 | 0 | 0 | -1 | 0 | 0 | -1 | 0 | 0 | -1 | 0 | 0 | 4 | 128 ]
[ 128 | -5 | 5 | -10< | -10 | -5 | 4 | 1 | 0 | >1 | 0 | 0 | -1 | 0 | 0 | -1 | 0 | 0 | -1 | 0 | 0 | -1 | 0 | 0 | 4 | 128 ]
[ 128 | -5 | 5< | -10 | -10 | -5 | 4 | 1 | 0 | >0 | 0 | 0 | -1 | 0 | 0 | -1 | 0 | 0 | -1 | 0 | 0 | -1 | 0 | 0 | 4 | 128 ]
[ 128 | -5 | 4< | -10 | -10 | -5 | 4 | 1 | 0 | >0 | 0 | 0 | -1 | 0 | 0 | -1 | 0 | 0 | -1 | 0 | 0 | -1 | 0 | 0 | 4 | 128 ]
[ 128 | -5 | 3< | -10 | -10 | -5 | 4 | 1 | 0 | >0 | 0 | 0 | -1 | 0 | 0 | -1 | 0 | 0 | -1 | 0 | 0 | -1 | 0 | 0 | 4 | 128 ]
[ 128 | -5 | 2< | -10 | -10 | -5 | 4 | 1 | 0 | 0 | >0 | 0 | -1 | 0 | 0 | -1 | 0 | 0 | -1 | 0 | 0 | -1 | 0 | 0 | 4 | 128 ]
[ 128 | -5 | 1< | -10 | -10 | -5 | 4 | 1 | 0 | 0 | >0 | 0 | -1 | 0 | 0 | -1 | 0 | 0 | -1 | 0 | 0 | -1 | 0 | 0 | 4 | 128 ]
[ 128 | -5 | 0< | -10 | -10 | -5 | 4 | 1 | 0 | 0 | 0 | >0 | -1 | 0 | 0 | -1 | 0 | 0 | -1 | 0 | 0 | -1 | 0 | 0 | 4 | 128 ]
[ 128 | -5 | -1< | -10 | -10 | -5 | 4 | 1 | 0 | 0 | 0 | >0 | -1 | 0 | 0 | -1 | 0 | 0 | -1 | 0 | 0 | -1 | 0 | 0 | 4 | 128 ]
[ 128 | -5 | -2< | -10 | -10 | -5 | 4 | 1 | 0 | 0 | 0 | 0 | >-1 | 0 | 0 | -1 | 0 | 0 | -1 | 0 | 0 | -1 | 0 | 0 | 4 | 128 ]
[ 128 | -5 | -3< | -10 | -10 | -5 | 4 | 1 | 0 | 0 | 0 | 0 | >-1 | 0 | 0 | -1 | 0 | 0 | -1 | 0 | 0 | -1 | 0 | 0 | 4 | 128 ]
[ 128 | -5 | -4< | -10 | -10 | -5 | 4 | 1 | 0 | 0 | 0 | 0 | >0 | 0 | 0 | -1 | 0 | 0 | -1 | 0 | 0 | -1 | 0 | 0 | 4 | 128 ]
[ 128 | -5 | -5< | -10 | -10 | -5 | 4 | 1 | 0 | 0 | 0 | 0 | >1 | 0 | 0 | -1 | 0 | 0 | -1 | 0 | 0 | -1 | 0 | 0 | 4 | 128 ]
[ 128 | -5 | -5< | -10 | -10 | -5 | 4 | 1 | 0 | 0 | 0 | 0 | >2 | 0 | 0 | -1 | 0 | 0 | -1 | 0 | 0 | -1 | 0 | 0 | 4 | 128 ]
[ 128 | -5< | -5 | -10 | -10 | -5 | 4 | 1 | 0 | 0 | 0 | 0 | >3 | 0 | 0 | -1 | 0 | 0 | -1 | 0 | 0 | -1 | 0 | 0 | 4 | 128 ]
[ 128 | -6< | -5 | -10 | -10 | -5 | 4 | 1 | 0 | 0 | 0 | 0 | >4 | 0 | 0 | -1 | 0 | 0 | -1 | 0 | 0 | -1 | 0 | 0 | 4 | 128 ]
[ 128 | -7< | -5 | -10 | -10 | -5 | 4 | 1 | 0 | 0 | 0 | 0 | >5 | 0 | 0 | -1 | 0 | 0 | -1 | 0 | 0 | -1 | 0 | 0 | 4 | 128 ]
[ 128 | -8< | -5 | -10 | -10 | -5 | 4 | 1 | 0 | 0 | 0 | 0 | >6 | 0 | 0 | -1 | 0 | 0 | -1 | 0 | 0 | -1 | 0 | 0 | 4 | 128 ]
[ 128 | -9< | -5 | -10 | -10 | -5 | 4 | 1 | 0 | 0 | 0 | 0 | >7 | 0 | 0 | -1 | 0 | 0 | -1 | 0 | 0 | -1 | 0 | 0 | 4 | 128 ]
[ 128 | -10< | -5 | -10 | -10 | -5 | 4 | 1 | 0 | 0 | 0 | 0 | >8 | 0 | 0 | -1 | 0 | 0 | -1 | 0 | 0 | -1 | 0 | 0 | 4 | 128 ]
[ 128 | -11< | -5 | -10 | -10 | -5 | 4 | 1 | 0 | 0 | 0 | 0 | >9 | 0 | 0 | -1 | 0 | 0 | -1 | 0 | 0 | -1 | 0 | 0 | 4 | 128 ]
[ 128 | -12< | -5 | -10 | -10 | -5 | 4 | 1 | 0 | 0 | 0 | 0 | >9 | 0 | 0 | -1 | 0 | 0 | -1 | 0 | 0 | -1 | 0 | 0 | 4 | 128 ]
[ 128 | -13< | -5 | -10 | -10 | -5 | 4 | 1 | 0 | 0 | 0 | 0 | >8 | 0 | 0 | -1 | 0 | 0 | -1 | 0 | 0 | -1 | 0 | 0 | 4 | 128 ]
[ 128 | -14< | -5 | -10 | -10 | -5 | 4 | 1 | 0 | 0 | 0 | 0 | >8 | 0 | 0 | -1 | 0 | 0 | -1 | 0 | 0 | -1 | 0 | 0 | 4 | 128 ]
[ 128 | -15< | -5 | -10 | -10 | -5 | 4 | 1 | 0 | 0 | 0 | 0 | >7 | 0 | 0 | -1 | 0 | 0 | -1 | 0 | 0 | -1 | 0 | 0 | 4 | 128 ]
[ 128 | -15< | -5 | -10 | -10 | -5 | 4 | 1 | 0 | 0 | 0 | 0 | >7 | 0 | 0 | -1 | 0 | 0 | -1 | 0 | 0 | -1 | 0 | 0 | 4 | 128 ]
[ 128< | -15 | -5 | -10 | -10 | -5 | 4 | 1 | 0 | 0 | 0 | 0 | >6 | 0 | 0 | -1 | 0 | 0 | -1 | 0 | 0 | -1 | 0 | 0 | 4 | 128 ]
[ 127< | -15 | -5 | -10 | -10 | -5 | 4 | 1 | 0 | 0 | 0 | 0 | >6 | 0 | 0 | -1 | 0 | 0 | -1 | 0 | 0 | -1 | 0 | 0 | 4 | 128 ]
[ 126< | -15 | -5 | -10 | -10 | -5 | 4 | 1 | 0 | 0 | 0 | 0 | >5 | 0 | 0 | -1 | 0 | 0 | -1 | 0 | 0 | -1 | 0 | 0 | 4 | 128 ]
[ 125< | -15 | -5 | -10 | -10 | -5 | 4 | 1 | 0 | 0 | 0 | 0 | >5 | 0 | 0 | -1 | 0 | 0 | -1 | 0 | 0 | -1 | 0 | 0 | 4 | 128 ]
[ 124< | -15 | -5 | -10 | -10 | -5 | 4 | 1 | 0 | 0 | 0 | 0 | >4 | 0 | 0 | -1 | 0 | 0 | -1 | 0 | 0 | -1 | 0 | 0 | 4 | 128 ]
[ 123< | -15 | -5 | -10 | -10 | -5 | 4 | 1 | 0 | 0 | 0 | 0 | >4 | 0 | 0 | -1 | 0 | 0 | -1 | 0 | 0 | -1 | 0 | 0 | 4 | 128 ]
[ 122< | -15 | -5 | -10 | -10 | -5 | 4 | 1 | 0 | 0 | 0 | 0 | >3 | 0 | 0 | -1 | 0 | 0 | -1 | 0 | 0 | -1 | 0 | 0 | 4 | 128 ]
[ 121< | -15 | -5 | -10 | -10 | -5 | 4 | 1 | 0 | 0 | 0 | 0 | >3 | 0 | 0 | -1 | 0 | 0 | -1 | 0 | 0 | -1 | 0 | 0 | 4 | 128 ]
[ 120< | -15 | -5 | -10 | -10 | -5 | 4 | 1 | 0 | 0 | 0 | 0 | >2 | 0 | 0 | -1 | 0 | 0 | -1 | 0 | 0 | -1 | 0 | 0 | 4 | 128 ]
[ 119< | -15 | -5 | -10 | -10 | -5 | 4 | 1 | 0 | 0 | 0 | 0 | >2 | 0 | 0 | -1 | 0 | 0 | -1 | 0 | 0 | -1 | 0 | 0 | 4 | 128 ]
[ 118< | -15 | -5 | -10 | -10 | -5 | 4 | 1 | 0 | 0 | 0 | 0 | >1 | 0 | 0 | -1 | 0 | 0 | -1 | 0 | 0 | -1 | 0 | 0 | 4 | 128 ]
[ 118< | -15 | -5 | -10 | -10 | -5 | 4 | 1 | 0 | 0 | 0 | 0 | >1 | 0 | 0 | -1 | 0 | 0 | -1 | 0 | 0 | -1 | 0 | 0 | 4 | 128 ]
[ 118 | -15 | -5 | -10 | -10 | -5 | 4 | 1 | 0 | 0 | 0 | 0 | >0 | 0 | 0 | -1 | 0 | 0 | -1 | 0 | 0 | -1 | 0 | 0 | 4 | 128< ]

===== AnybodyThere won the battle after 127 cycles =====



===== Starting battle of <AnybodyThere> vs <PrussianRoulette> with memory tape size: 20 =====

[ >128 | 0 | 0 | 0 | 0 | 0 | 0 | 0 | 0 | 0 | 0 | 0 | 0 | 0 | 0 | 0 | 0 | 0 | 0 | 128< ]
[ 128 | >0 | 0 | 0 | 0 | 0 | 0 | 0 | 0 | 0 | 0 | 0 | 0 | 0 | 0 | 0 | 0 | 0 | 0< | 128 ]
[ 128 | 0 | >0 | 0 | 0 | 0 | 0 | 0 | 0 | 0 | 0 | 0 | 0 | 0 | 0 | 0 | 0 | 0 | 1< | 128 ]
[ 128 | 0 | 0 | >0 | 0 | 0 | 0 | 0 | 0 | 0 | 0 | 0 | 0 | 0 | 0 | 0 | 0 | 0 | 2< | 128 ]
[ 128 | 0 | 0 | >1 | 0 | 0 | 0 | 0 | 0 | 0 | 0 | 0 | 0 | 0 | 0 | 0 | 0 | 0 | 3< | 128 ]
[ 128 | 0 | >0 | 1 | 0 | 0 | 0 | 0 | 0 | 0 | 0 | 0 | 0 | 0 | 0 | 0 | 0 | 0 | 4< | 128 ]
[ 128 | 0 | >1 | 1 | 0 | 0 | 0 | 0 | 0 | 0 | 0 | 0 | 0 | 0 | 0 | 0 | 0 | 0 | 5< | 128 ]
[ 128 | 0 | >2 | 1 | 0 | 0 | 0 | 0 | 0 | 0 | 0 | 0 | 0 | 0 | 0 | 0 | 0 | 0 | 4< | 128 ]
[ 128 | 0 | >3 | 1 | 0 | 0 | 0 | 0 | 0 | 0 | 0 | 0 | 0 | 0 | 0 | 0 | 0 | 0 | 4< | 128 ]
[ 128 | 0 | >4 | 1 | 0 | 0 | 0 | 0 | 0 | 0 | 0 | 0 | 0 | 0 | 0 | 0 | 0 | 0 | 4< | 128 ]
[ 128 | 0 | >5 | 1 | 0 | 0 | 0 | 0 | 0 | 0 | 0 | 0 | 0 | 0 | 0 | 0 | 0 | 0< | 4 | 128 ]
[ 128 | >0 | 5 | 1 | 0 | 0 | 0 | 0 | 0 | 0 | 0 | 0 | 0 | 0 | 0 | 0 | 0 | 0< | 4 | 128 ]
[ 128 | >-1 | 5 | 1 | 0 | 0 | 0 | 0 | 0 | 0 | 0 | 0 | 0 | 0 | 0 | 0 | 0 | 0< | 4 | 128 ]
[ 128 | >-2 | 5 | 1 | 0 | 0 | 0 | 0 | 0 | 0 | 0 | 0 | 0 | 0 | 0 | 0 | 0 | 0< | 4 | 128 ]
[ 128 | >-3 | 5 | 1 | 0 | 0 | 0 | 0 | 0 | 0 | 0 | 0 | 0 | 0 | 0 | 0 | 0< | 0 | 4 | 128 ]
[ 128 | >-4 | 5 | 1 | 0 | 0 | 0 | 0 | 0 | 0 | 0 | 0 | 0 | 0 | 0 | 0< | 0 | 0 | 4 | 128 ]
[ 128 | >-5 | 5 | 1 | 0 | 0 | 0 | 0 | 0 | 0 | 0 | 0 | 0 | 0 | 0 | -1< | 0 | 0 | 4 | 128 ]
[ 128 | -5 | >5 | 1 | 0 | 0 | 0 | 0 | 0 | 0 | 0 | 0 | 0 | 0 | 0 | -1< | 0 | 0 | 4 | 128 ]
[ 128 | -5 | 5 | >1 | 0 | 0 | 0 | 0 | 0 | 0 | 0 | 0 | 0 | 0 | 0 | -1< | 0 | 0 | 4 | 128 ]
[ 128 | -5 | 5 | >1 | 0 | 0 | 0 | 0 | 0 | 0 | 0 | 0 | 0 | 0 | 0< | -1 | 0 | 0 | 4 | 128 ]
[ 128 | -5 | 5 | 1 | >0 | 0 | 0 | 0 | 0 | 0 | 0 | 0 | 0 | 0 | 0< | -1 | 0 | 0 | 4 | 128 ]
[ 128 | -5 | 5 | 1 | >0 | 0 | 0 | 0 | 0 | 0 | 0 | 0 | 0 | 0 | 0< | -1 | 0 | 0 | 4 | 128 ]
[ 128 | -5 | 5 | 1 | 0 | >0 | 0 | 0 | 0 | 0 | 0 | 0 | 0 | 0 | 0< | -1 | 0 | 0 | 4 | 128 ]
[ 128 | -5 | 5 | 1 | 0 | >0 | 0 | 0 | 0 | 0 | 0 | 0 | 0 | 0< | 0 | -1 | 0 | 0 | 4 | 128 ]
[ 128 | -5 | 5 | 1 | 0 | 0 | >0 | 0 | 0 | 0 | 0 | 0 | 0< | 0 | 0 | -1 | 0 | 0 | 4 | 128 ]
[ 128 | -5 | 5 | 1 | 0 | 0 | >0 | 0 | 0 | 0 | 0 | 0 | -1< | 0 | 0 | -1 | 0 | 0 | 4 | 128 ]
[ 128 | -5 | 5 | 1 | 0 | 0 | 0 | >0 | 0 | 0 | 0 | 0 | -1< | 0 | 0 | -1 | 0 | 0 | 4 | 128 ]
[ 128 | -5 | 5 | 1 | 0 | 0 | 0 | >0 | 0 | 0 | 0 | 0 | -1< | 0 | 0 | -1 | 0 | 0 | 4 | 128 ]
[ 128 | -5 | 5 | 1 | 0 | 0 | 0 | >1 | 0 | 0 | 0 | 0< | -1 | 0 | 0 | -1 | 0 | 0 | 4 | 128 ]
[ 128 | -5 | 5 | 1 | 0 | 0 | >0 | 1 | 0 | 0 | 0 | 0< | -1 | 0 | 0 | -1 | 0 | 0 | 4 | 128 ]
[ 128 | -5 | 5 | 1 | 0 | >0 | 0 | 1 | 0 | 0 | 0 | 0< | -1 | 0 | 0 | -1 | 0 | 0 | 4 | 128 ]
[ 128 | -5 | 5 | 1 | >0 | 0 | 0 | 1 | 0 | 0 | 0 | 0< | -1 | 0 | 0 | -1 | 0 | 0 | 4 | 128 ]
[ 128 | -5 | 5 | >1 | 0 | 0 | 0 | 1 | 0 | 0 | 0< | 0 | -1 | 0 | 0 | -1 | 0 | 0 | 4 | 128 ]
[ 128 | -5 | 5 | >1 | 0 | 0 | 0 | 1 | 0 | 0< | 0 | 0 | -1 | 0 | 0 | -1 | 0 | 0 | 4 | 128 ]
[ 128 | -5 | 5 | 1 | >0 | 0 | 0 | 1 | 0 | -1< | 0 | 0 | -1 | 0 | 0 | -1 | 0 | 0 | 4 | 128 ]
[ 128 | -5 | 5 | 1 | 0 | >0 | 0 | 1 | 0 | -1< | 0 | 0 | -1 | 0 | 0 | -1 | 0 | 0 | 4 | 128 ]
[ 128 | -5 | 5 | 1 | 0 | 0 | >0 | 1 | 0 | -1< | 0 | 0 | -1 | 0 | 0 | -1 | 0 | 0 | 4 | 128 ]
[ 128 | -5 | 5 | 1 | 0 | 0 | >1 | 1 | 0< | -1 | 0 | 0 | -1 | 0 | 0 | -1 | 0 | 0 | 4 | 128 ]
[ 128 | -5 | 5 | 1 | 0 | 0 | >2 | 1 | 0< | -1 | 0 | 0 | -1 | 0 | 0 | -1 | 0 | 0 | 4 | 128 ]
[ 128 | -5 | 5 | 1 | 0 | 0 | >3 | 1 | 0< | -1 | 0 | 0 | -1 | 0 | 0 | -1 | 0 | 0 | 4 | 128 ]
[ 128 | -5 | 5 | 1 | 0 | 0 | >4 | 1 | 0< | -1 | 0 | 0 | -1 | 0 | 0 | -1 | 0 | 0 | 4 | 128 ]
[ 128 | -5 | 5 | 1 | 0 | 0 | >5 | 1< | 0 | -1 | 0 | 0 | -1 | 0 | 0 | -1 | 0 | 0 | 4 | 128 ]
[ 128 | -5 | 5 | 1 | 0 | >0 | 5< | 1 | 0 | -1 | 0 | 0 | -1 | 0 | 0 | -1 | 0 | 0 | 4 | 128 ]
[ 128 | -5 | 5 | 1 | 0 | >-1 | 4< | 1 | 0 | -1 | 0 | 0 | -1 | 0 | 0 | -1 | 0 | 0 | 4 | 128 ]
[ 128 | -5 | 5 | 1 | 0 | >-2 | 4< | 1 | 0 | -1 | 0 | 0 | -1 | 0 | 0 | -1 | 0 | 0 | 4 | 128 ]
[ 128 | -5 | 5 | 1 | 0 | >-3 | 4< | 1 | 0 | -1 | 0 | 0 | -1 | 0 | 0 | -1 | 0 | 0 | 4 | 128 ]
[ 128 | -5 | 5 | 1 | 0 | >-4< | 4 | 1 | 0 | -1 | 0 | 0 | -1 | 0 | 0 | -1 | 0 | 0 | 4 | 128 ]
[ 128 | -5 | 5 | 1 | 0 | >-5< | 4 | 1 | 0 | -1 | 0 | 0 | -1 | 0 | 0 | -1 | 0 | 0 | 4 | 128 ]
[ 128 | -5 | 5 | 1 | >0 | -5< | 4 | 1 | 0 | -1 | 0 | 0 | -1 | 0 | 0 | -1 | 0 | 0 | 4 | 128 ]
[ 128 | -5 | 5 | >1 | 0< | -5 | 4 | 1 | 0 | -1 | 0 | 0 | -1 | 0 | 0 | -1 | 0 | 0 | 4 | 128 ]
[ 128 | -5 | 5 | >1 | -1< | -5 | 4 | 1 | 0 | -1 | 0 | 0 | -1 | 0 | 0 | -1 | 0 | 0 | 4 | 128 ]
[ 128 | -5 | 5 | >0 | -2< | -5 | 4 | 1 | 0 | -1 | 0 | 0 | -1 | 0 | 0 | -1 | 0 | 0 | 4 | 128 ]
[ 128 | -5 | 5 | >0 | -3< | -5 | 4 | 1 | 0 | -1 | 0 | 0 | -1 | 0 | 0 | -1 | 0 | 0 | 4 | 128 ]
[ 128 | -5 | 5 | >0 | -4< | -5 | 4 | 1 | 0 | -1 | 0 | 0 | -1 | 0 | 0 | -1 | 0 | 0 | 4 | 128 ]
[ 128 | -5 | 5 | 0 | >-5< | -5 | 4 | 1 | 0 | -1 | 0 | 0 | -1 | 0 | 0 | -1 | 0 | 0 | 4 | 128 ]
[ 128 | -5 | 5 | 0 | -6< | >-5 | 4 | 1 | 0 | -1 | 0 | 0 | -1 | 0 | 0 | -1 | 0 | 0 | 4 | 128 ]
[ 128 | -5 | 5 | 0 | -7< | -5 | >4 | 1 | 0 | -1 | 0 | 0 | -1 | 0 | 0 | -1 | 0 | 0 | 4 | 128 ]
[ 128 | -5 | 5 | 0 | -8< | -5 | 4 | >1 | 0 | -1 | 0 | 0 | -1 | 0 | 0 | -1 | 0 | 0 | 4 | 128 ]
[ 128 | -5 | 5 | 0 | -9< | -5 | 4 | >1 | 0 | -1 | 0 | 0 | -1 | 0 | 0 | -1 | 0 | 0 | 4 | 128 ]
[ 128 | -5 | 5 | 0 | -10< | -5 | 4 | 1 | >0 | -1 | 0 | 0 | -1 | 0 | 0 | -1 | 0 | 0 | 4 | 128 ]
[ 128 | -5 | 5 | 0 | -10< | -5 | 4 | 1 | >0 | -1 | 0 | 0 | -1 | 0 | 0 | -1 | 0 | 0 | 4 | 128 ]
[ 128 | -5 | 5 | 0< | -10 | -5 | 4 | 1 | 0 | >-1 | 0 | 0 | -1 | 0 | 0 | -1 | 0 | 0 | 4 | 128 ]
[ 128 | -5 | 5 | -1< | -10 | -5 | 4 | 1 | 0 | >-1 | 0 | 0 | -1 | 0 | 0 | -1 | 0 | 0 | 4 | 128 ]
[ 128 | -5 | 5 | -2< | -10 | -5 | 4 | 1 | 0 | >-1 | 0 | 0 | -1 | 0 | 0 | -1 | 0 | 0 | 4 | 128 ]
[ 128 | -5 | 5 | -3< | -10 | -5 | 4 | 1 | 0 | >0 | 0 | 0 | -1 | 0 | 0 | -1 | 0 | 0 | 4 | 128 ]
[ 128 | -5 | 5 | -4< | -10 | -5 | 4 | 1 | 0 | >1 | 0 | 0 | -1 | 0 | 0 | -1 | 0 | 0 | 4 | 128 ]
[ 128 | -5 | 5 | -5< | -10 | -5 | 4 | 1 | 0 | >2 | 0 | 0 | -1 | 0 | 0 | -1 | 0 | 0 | 4 | 128 ]
[ 128 | -5 | 5 | -6< | -10 | -5 | 4 | 1 | 0 | >3 | 0 | 0 | -1 | 0 | 0 | -1 | 0 | 0 | 4 | 128 ]
[ 128 | -5 | 5 | -7< | -10 | -5 | 4 | 1 | 0 | >4 | 0 | 0 | -1 | 0 | 0 | -1 | 0 | 0 | 4 | 128 ]
[ 128 | -5 | 5 | -8< | -10 | -5 | 4 | 1 | 0 | >5 | 0 | 0 | -1 | 0 | 0 | -1 | 0 | 0 | 4 | 128 ]
[ 128 | -5 | 5 | -9< | -10 | -5 | 4 | 1 | 0 | >6 | 0 | 0 | -1 | 0 | 0 | -1 | 0 | 0 | 4 | 128 ]
[ 128 | -5 | 5 | -10< | -10 | -5 | 4 | 1 | 0 | >7 | 0 | 0 | -1 | 0 | 0 | -1 | 0 | 0 | 4 | 128 ]
[ 128 | -5 | 5 | -10< | -10 | -5 | 4 | 1 | 0 | >8 | 0 | 0 | -1 | 0 | 0 | -1 | 0 | 0 | 4 | 128 ]
[ 128 | -5 | 5< | -10 | -10 | -5 | 4 | 1 | 0 | >9 | 0 | 0 | -1 | 0 | 0 | -1 | 0 | 0 | 4 | 128 ]
[ 128 | -5 | 4< | -10 | -10 | -5 | 4 | 1 | 0 | >9 | 0 | 0 | -1 | 0 | 0 | -1 | 0 | 0 | 4 | 128 ]
[ 128 | -5 | 3< | -10 | -10 | -5 | 4 | 1 | 0 | >8 | 0 | 0 | -1 | 0 | 0 | -1 | 0 | 0 | 4 | 128 ]
[ 128 | -5 | 2< | -10 | -10 | -5 | 4 | 1 | 0 | >8 | 0 | 0 | -1 | 0 | 0 | -1 | 0 | 0 | 4 | 128 ]
[ 128 | -5 | 1< | -10 | -10 | -5 | 4 | 1 | 0 | >7 | 0 | 0 | -1 | 0 | 0 | -1 | 0 | 0 | 4 | 128 ]
[ 128 | -5 | 0< | -10 | -10 | -5 | 4 | 1 | 0 | >7 | 0 | 0 | -1 | 0 | 0 | -1 | 0 | 0 | 4 | 128 ]
[ 128 | -5 | -1< | -10 | -10 | -5 | 4 | 1 | 0 | >6 | 0 | 0 | -1 | 0 | 0 | -1 | 0 | 0 | 4 | 128 ]
[ 128 | -5 | -2< | -10 | -10 | -5 | 4 | 1 | 0 | >6 | 0 | 0 | -1 | 0 | 0 | -1 | 0 | 0 | 4 | 128 ]
[ 128 | -5 | -3< | -10 | -10 | -5 | 4 | 1 | 0 | >5 | 0 | 0 | -1 | 0 | 0 | -1 | 0 | 0 | 4 | 128 ]
[ 128 | -5 | -4< | -10 | -10 | -5 | 4 | 1 | 0 | >5 | 0 | 0 | -1 | 0 | 0 | -1 | 0 | 0 | 4 | 128 ]
[ 128 | -5 | -5< | -10 | -10 | -5 | 4 | 1 | 0 | >4 | 0 | 0 | -1 | 0 | 0 | -1 | 0 | 0 | 4 | 128 ]
[ 128 | -5 | -5< | -10 | -10 | -5 | 4 | 1 | 0 | >4 | 0 | 0 | -1 | 0 | 0 | -1 | 0 | 0 | 4 | 128 ]
[ 128 | -5< | -5 | -10 | -10 | -5 | 4 | 1 | 0 | >3 | 0 | 0 | -1 | 0 | 0 | -1 | 0 | 0 | 4 | 128 ]
[ 128 | -6< | -5 | -10 | -10 | -5 | 4 | 1 | 0 | >3 | 0 | 0 | -1 | 0 | 0 | -1 | 0 | 0 | 4 | 128 ]
[ 128 | -7< | -5 | -10 | -10 | -5 | 4 | 1 | 0 | >2 | 0 | 0 | -1 | 0 | 0 | -1 | 0 | 0 | 4 | 128 ]
[ 128 | -8< | -5 | -10 | -10 | -5 | 4 | 1 | 0 | >2 | 0 | 0 | -1 | 0 | 0 | -1 | 0 | 0 | 4 | 128 ]
[ 128 | -9< | -5 | -10 | -10 | -5 | 4 | 1 | 0 | >1 | 0 | 0 | -1 | 0 | 0 | -1 | 0 | 0 | 4 | 128 ]
[ 128 | -10< | -5 | -10 | -10 | -5 | 4 | 1 | 0 | >1 | 0 | 0 | -1 | 0 | 0 | -1 | 0 | 0 | 4 | 128 ]
[ 128 | -11< | -5 | -10 | -10 | -5 | 4 | 1 | 0 | >0 | 0 | 0 | -1 | 0 | 0 | -1 | 0 | 0 | 4 | 128 ]
[ 128 | -12< | -5 | -10 | -10 | -5 | 4 | 1 | 0 | >0 | 0 | 0 | -1 | 0 | 0 | -1 | 0 | 0 | 4 | 128 ]
[ 128 | -13< | -5 | -10 | -10 | -5 | 4 | 1 | 0 | >0 | 0 | 0 | -1 | 0 | 0 | -1 | 0 | 0 | 4 | 128 ]
[ 128 | -14< | -5 | -10 | -10 | -5 | 4 | 1 | 0 | 0 | >0 | 0 | -1 | 0 | 0 | -1 | 0 | 0 | 4 | 128 ]
[ 128 | -15< | -5 | -10 | -10 | -5 | 4 | 1 | 0 | 0 | >0 | 0 | -1 | 0 | 0 | -1 | 0 | 0 | 4 | 128 ]
[ 128 | -15< | -5 | -10 | -10 | -5 | 4 | 1 | 0 | 0 | 0 | >0 | -1 | 0 | 0 | -1 | 0 | 0 | 4 | 128 ]
[ 128< | -15 | -5 | -10 | -10 | -5 | 4 | 1 | 0 | 0 | 0 | >0 | -1 | 0 | 0 | -1 | 0 | 0 | 4 | 128 ]
[ 127< | -15 | -5 | -10 | -10 | -5 | 4 | 1 | 0 | 0 | 0 | 0 | >-1 | 0 | 0 | -1 | 0 | 0 | 4 | 128 ]
[ 126< | -15 | -5 | -10 | -10 | -5 | 4 | 1 | 0 | 0 | 0 | 0 | >-1 | 0 | 0 | -1 | 0 | 0 | 4 | 128 ]
[ 125< | -15 | -5 | -10 | -10 | -5 | 4 | 1 | 0 | 0 | 0 | 0 | >0 | 0 | 0 | -1 | 0 | 0 | 4 | 128 ]
[ 124< | -15 | -5 | -10 | -10 | -5 | 4 | 1 | 0 | 0 | 0 | 0 | >1 | 0 | 0 | -1 | 0 | 0 | 4 | 128 ]
[ 123< | -15 | -5 | -10 | -10 | -5 | 4 | 1 | 0 | 0 | 0 | 0 | >2 | 0 | 0 | -1 | 0 | 0 | 4 | 128 ]
[ 122< | -15 | -5 | -10 | -10 | -5 | 4 | 1 | 0 | 0 | 0 | 0 | >3 | 0 | 0 | -1 | 0 | 0 | 4 | 128 ]
[ 121< | -15 | -5 | -10 | -10 | -5 | 4 | 1 | 0 | 0 | 0 | 0 | >4 | 0 | 0 | -1 | 0 | 0 | 4 | 128 ]
[ 120< | -15 | -5 | -10 | -10 | -5 | 4 | 1 | 0 | 0 | 0 | 0 | >5 | 0 | 0 | -1 | 0 | 0 | 4 | 128 ]
[ 119< | -15 | -5 | -10 | -10 | -5 | 4 | 1 | 0 | 0 | 0 | 0 | >6 | 0 | 0 | -1 | 0 | 0 | 4 | 128 ]
[ 118< | -15 | -5 | -10 | -10 | -5 | 4 | 1 | 0 | 0 | 0 | 0 | >7 | 0 | 0 | -1 | 0 | 0 | 4 | 128 ]
[ 118< | -15 | -5 | -10 | -10 | -5 | 4 | 1 | 0 | 0 | 0 | 0 | >8 | 0 | 0 | -1 | 0 | 0 | 4 | 128 ]
[ 118 | -15 | -5 | -10 | -10 | -5 | 4 | 1 | 0 | 0 | 0 | 0 | >9 | 0 | 0 | -1 | 0 | 0 | 4 | 128< ]

===== AnybodyThere won the battle after 109 cycles =====



===== Starting battle of <AnybodyThere> vs <PrussianRoulette> with memory tape size: 12 =====

[ >128 | 0 | 0 | 0 | 0 | 0 | 0 | 0 | 0 | 0 | 0 | 128< ]
[ 128 | >0 | 0 | 0 | 0 | 0 | 0 | 0 | 0 | 0 | 0< | 128 ]
[ 128 | 0 | >0 | 0 | 0 | 0 | 0 | 0 | 0 | 0 | 1< | 128 ]
[ 128 | 0 | 0 | >0 | 0 | 0 | 0 | 0 | 0 | 0 | 2< | 128 ]
[ 128 | 0 | 0 | >1 | 0 | 0 | 0 | 0 | 0 | 0 | 3< | 128 ]
[ 128 | 0 | >0 | 1 | 0 | 0 | 0 | 0 | 0 | 0 | 4< | 128 ]
[ 128 | 0 | >1 | 1 | 0 | 0 | 0 | 0 | 0 | 0 | 5< | 128 ]
[ 128 | 0 | >2 | 1 | 0 | 0 | 0 | 0 | 0 | 0 | 4< | 128 ]
[ 128 | 0 | >3 | 1 | 0 | 0 | 0 | 0 | 0 | 0 | 4< | 128 ]
[ 128 | 0 | >4 | 1 | 0 | 0 | 0 | 0 | 0 | 0 | 4< | 128 ]
[ 128 | 0 | >5 | 1 | 0 | 0 | 0 | 0 | 0 | 0< | 4 | 128 ]
[ 128 | >0 | 5 | 1 | 0 | 0 | 0 | 0 | 0 | 0< | 4 | 128 ]
[ 128 | >-1 | 5 | 1 | 0 | 0 | 0 | 0 | 0 | 0< | 4 | 128 ]
[ 128 | >-2 | 5 | 1 | 0 | 0 | 0 | 0 | 0 | 0< | 4 | 128 ]
[ 128 | >-3 | 5 | 1 | 0 | 0 | 0 | 0 | 0< | 0 | 4 | 128 ]
[ 128 | >-4 | 5 | 1 | 0 | 0 | 0 | 0< | 0 | 0 | 4 | 128 ]
[ 128 | >-5 | 5 | 1 | 0 | 0 | 0 | -1< | 0 | 0 | 4 | 128 ]
[ 128 | -5 | >5 | 1 | 0 | 0 | 0 | -1< | 0 | 0 | 4 | 128 ]
[ 128 | -5 | 5 | >1 | 0 | 0 | 0 | -1< | 0 | 0 | 4 | 128 ]
[ 128 | -5 | 5 | >1 | 0 | 0 | 0< | -1 | 0 | 0 | 4 | 128 ]
[ 128 | -5 | 5 | 1 | >0 | 0 | 0< | -1 | 0 | 0 | 4 | 128 ]
[ 128 | -5 | 5 | 1 | >0 | 0 | 0< | -1 | 0 | 0 | 4 | 128 ]
[ 128 | -5 | 5 | 1 | 0 | >0 | 0< | -1 | 0 | 0 | 4 | 128 ]
[ 128 | -5 | 5 | 1 | 0 | >0< | 0 | -1 | 0 | 0 | 4 | 128 ]
[ 128 | -5 | 5 | 1 | 0< | 0 | >0 | -1 | 0 | 0 | 4 | 128 ]
[ 128 | -5 | 5 | 1 | -1< | 0 | >0 | -1 | 0 | 0 | 4 | 128 ]
[ 128 | -5 | 5 | 1 | -1< | 0 | 0 | >-1 | 0 | 0 | 4 | 128 ]
[ 128 | -5 | 5 | 1 | -1< | 0 | 0 | >-1 | 0 | 0 | 4 | 128 ]
[ 128 | -5 | 5 | 1< | -1 | 0 | 0 | >-1 | 0 | 0 | 4 | 128 ]
[ 128 | -5 | 5 | 1< | -1 | 0 | 0 | >0 | 0 | 0 | 4 | 128 ]
[ 128 | -5 | 5 | 1< | -1 | 0 | 0 | >1 | 0 | 0 | 4 | 128 ]
[ 128 | -5 | 5< | 1 | -1 | 0 | 0 | >2 | 0 | 0 | 4 | 128 ]
[ 128 | -5 | 4< | 1 | -1 | 0 | 0 | >3 | 0 | 0 | 4 | 128 ]
[ 128 | -5 | 3< | 1 | -1 | 0 | 0 | >4 | 0 | 0 | 4 | 128 ]
[ 128 | -5 | 2< | 1 | -1 | 0 | 0 | >5 | 0 | 0 | 4 | 128 ]
[ 128 | -5 | 1< | 1 | -1 | 0 | 0 | >6 | 0 | 0 | 4 | 128 ]
[ 128 | -5 | 0< | 1 | -1 | 0 | 0 | >7 | 0 | 0 | 4 | 128 ]
[ 128 | -5 | -1< | 1 | -1 | 0 | 0 | >8 | 0 | 0 | 4 | 128 ]
[ 128 | -5 | -2< | 1 | -1 | 0 | 0 | >9 | 0 | 0 | 4 | 128 ]
[ 128 | -5 | -3< | 1 | -1 | 0 | 0 | >9 | 0 | 0 | 4 | 128 ]
[ 128 | -5 | -4< | 1 | -1 | 0 | 0 | >8 | 0 | 0 | 4 | 128 ]
[ 128 | -5 | -5< | 1 | -1 | 0 | 0 | >8 | 0 | 0 | 4 | 128 ]
[ 128 | -5 | -5< | 1 | -1 | 0 | 0 | >7 | 0 | 0 | 4 | 128 ]
[ 128 | -5< | -5 | 1 | -1 | 0 | 0 | >7 | 0 | 0 | 4 | 128 ]
[ 128 | -6< | -5 | 1 | -1 | 0 | 0 | >6 | 0 | 0 | 4 | 128 ]
[ 128 | -7< | -5 | 1 | -1 | 0 | 0 | >6 | 0 | 0 | 4 | 128 ]
[ 128 | -8< | -5 | 1 | -1 | 0 | 0 | >5 | 0 | 0 | 4 | 128 ]
[ 128 | -9< | -5 | 1 | -1 | 0 | 0 | >5 | 0 | 0 | 4 | 128 ]
[ 128 | -10< | -5 | 1 | -1 | 0 | 0 | >4 | 0 | 0 | 4 | 128 ]
[ 128 | -11< | -5 | 1 | -1 | 0 | 0 | >4 | 0 | 0 | 4 | 128 ]
[ 128 | -12< | -5 | 1 | -1 | 0 | 0 | >3 | 0 | 0 | 4 | 128 ]
[ 128 | -13< | -5 | 1 | -1 | 0 | 0 | >3 | 0 | 0 | 4 | 128 ]
[ 128 | -14< | -5 | 1 | -1 | 0 | 0 | >2 | 0 | 0 | 4 | 128 ]
[ 128 | -15< | -5 | 1 | -1 | 0 | 0 | >2 | 0 | 0 | 4 | 128 ]
[ 128 | -15< | -5 | 1 | -1 | 0 | 0 | >1 | 0 | 0 | 4 | 128 ]
[ 128< | -15 | -5 | 1 | -1 | 0 | 0 | >1 | 0 | 0 | 4 | 128 ]
[ 127< | -15 | -5 | 1 | -1 | 0 | 0 | >0 | 0 | 0 | 4 | 128 ]
[ 126< | -15 | -5 | 1 | -1 | 0 | 0 | >0 | 0 | 0 | 4 | 128 ]
[ 125< | -15 | -5 | 1 | -1 | 0 | 0 | >0 | 0 | 0 | 4 | 128 ]
[ 124< | -15 | -5 | 1 | -1 | 0 | 0 | 0 | >0 | 0 | 4 | 128 ]
[ 123< | -15 | -5 | 1 | -1 | 0 | 0 | 0 | >0 | 0 | 4 | 128 ]
[ 122< | -15 | -5 | 1 | -1 | 0 | 0 | 0 | 0 | >0 | 4 | 128 ]
[ 121< | -15 | -5 | 1 | -1 | 0 | 0 | 0 | 0 | >0 | 4 | 128 ]
[ 120< | -15 | -5 | 1 | -1 | 0 | 0 | 0 | 0 | 0 | >4 | 128 ]
[ 119< | -15 | -5 | 1 | -1 | 0 | 0 | 0 | 0 | 0 | >4 | 128 ]
[ 118< | -15 | -5 | 1 | -1 | 0 | 0 | 0 | 0 | 0 | >5 | 128 ]
[ 118< | -15 | -5 | 1 | -1 | 0 | 0 | 0 | 0 | 0 | >6 | 128 ]
[ 118 | -15 | -5 | 1 | -1 | 0 | 0 | 0 | 0 | 0 | >7 | 128< ]

===== AnybodyThere won the battle after 67 cycles =====



===== Starting battle of <AnybodyThere> vs <PrussianRoulette> with memory tape size: 10 =====

[ >128 | 0 | 0 | 0 | 0 | 0 | 0 | 0 | 0 | 128< ]
[ 128 | >0 | 0 | 0 | 0 | 0 | 0 | 0 | 0< | 128 ]
[ 128 | 0 | >0 | 0 | 0 | 0 | 0 | 0 | 1< | 128 ]
[ 128 | 0 | 0 | >0 | 0 | 0 | 0 | 0 | 2< | 128 ]
[ 128 | 0 | 0 | >1 | 0 | 0 | 0 | 0 | 3< | 128 ]
[ 128 | 0 | >0 | 1 | 0 | 0 | 0 | 0 | 4< | 128 ]
[ 128 | 0 | >1 | 1 | 0 | 0 | 0 | 0 | 5< | 128 ]
[ 128 | 0 | >2 | 1 | 0 | 0 | 0 | 0 | 4< | 128 ]
[ 128 | 0 | >3 | 1 | 0 | 0 | 0 | 0 | 4< | 128 ]
[ 128 | 0 | >4 | 1 | 0 | 0 | 0 | 0 | 4< | 128 ]
[ 128 | 0 | >5 | 1 | 0 | 0 | 0 | 0< | 4 | 128 ]
[ 128 | >0 | 5 | 1 | 0 | 0 | 0 | 0< | 4 | 128 ]
[ 128 | >-1 | 5 | 1 | 0 | 0 | 0 | 0< | 4 | 128 ]
[ 128 | >-2 | 5 | 1 | 0 | 0 | 0 | 0< | 4 | 128 ]
[ 128 | >-3 | 5 | 1 | 0 | 0 | 0< | 0 | 4 | 128 ]
[ 128 | >-4 | 5 | 1 | 0 | 0< | 0 | 0 | 4 | 128 ]
[ 128 | >-5 | 5 | 1 | 0 | -1< | 0 | 0 | 4 | 128 ]
[ 128 | -5 | >5 | 1 | 0 | -1< | 0 | 0 | 4 | 128 ]
[ 128 | -5 | 5 | >1 | 0 | -1< | 0 | 0 | 4 | 128 ]
[ 128 | -5 | 5 | >1 | 0< | -1 | 0 | 0 | 4 | 128 ]
[ 128 | -5 | 5 | 1 | >0< | -1 | 0 | 0 | 4 | 128 ]
[ 128 | -5 | 5 | 1 | >0< | -1 | 0 | 0 | 4 | 128 ]
[ 128 | -5 | 5 | 1 | 0< | >-1 | 0 | 0 | 4 | 128 ]
[ 128 | -5 | 5 | 1< | 0 | >-1 | 0 | 0 | 4 | 128 ]
[ 128 | -5 | 5< | 1 | 0 | >-1 | 0 | 0 | 4 | 128 ]
[ 128 | -5 | 4< | 1 | 0 | >0 | 0 | 0 | 4 | 128 ]
[ 128 | -5 | 4< | 1 | 0 | >1 | 0 | 0 | 4 | 128 ]
[ 128 | -5 | 4< | 1 | 0 | >2 | 0 | 0 | 4 | 128 ]
[ 128 | -5< | 4 | 1 | 0 | >3 | 0 | 0 | 4 | 128 ]
[ 128 | -5< | 4 | 1 | 0 | >4 | 0 | 0 | 4 | 128 ]
[ 128 | -5< | 4 | 1 | 0 | >5 | 0 | 0 | 4 | 128 ]
[ 128< | -5 | 4 | 1 | 0 | >6 | 0 | 0 | 4 | 128 ]
[ 127< | -5 | 4 | 1 | 0 | >7 | 0 | 0 | 4 | 128 ]
[ 126< | -5 | 4 | 1 | 0 | >8 | 0 | 0 | 4 | 128 ]
[ 125< | -5 | 4 | 1 | 0 | >9 | 0 | 0 | 4 | 128 ]
[ 124< | -5 | 4 | 1 | 0 | >9 | 0 | 0 | 4 | 128 ]
[ 123< | -5 | 4 | 1 | 0 | >8 | 0 | 0 | 4 | 128 ]
[ 122< | -5 | 4 | 1 | 0 | >8 | 0 | 0 | 4 | 128 ]
[ 121< | -5 | 4 | 1 | 0 | >7 | 0 | 0 | 4 | 128 ]
[ 120< | -5 | 4 | 1 | 0 | >7 | 0 | 0 | 4 | 128 ]
[ 119< | -5 | 4 | 1 | 0 | >6 | 0 | 0 | 4 | 128 ]
[ 118< | -5 | 4 | 1 | 0 | >6 | 0 | 0 | 4 | 128 ]
[ 118< | -5 | 4 | 1 | 0 | >5 | 0 | 0 | 4 | 128 ]
[ 118 | -5 | 4 | 1 | 0 | >5 | 0 | 0 | 4 | 128< ]

===== AnybodyThere won the battle after 43 cycles =====



===== Starting battle of <AnybodyThere> vs <PrussianRoulette> with memory tape size: 18 =====

[ >128 | 0 | 0 | 0 | 0 | 0 | 0 | 0 | 0 | 0 | 0 | 0 | 0 | 0 | 0 | 0 | 0 | 128< ]
[ 128 | >0 | 0 | 0 | 0 | 0 | 0 | 0 | 0 | 0 | 0 | 0 | 0 | 0 | 0 | 0 | 0< | 128 ]
[ 128 | 0 | >0 | 0 | 0 | 0 | 0 | 0 | 0 | 0 | 0 | 0 | 0 | 0 | 0 | 0 | 1< | 128 ]
[ 128 | 0 | 0 | >0 | 0 | 0 | 0 | 0 | 0 | 0 | 0 | 0 | 0 | 0 | 0 | 0 | 2< | 128 ]
[ 128 | 0 | 0 | >1 | 0 | 0 | 0 | 0 | 0 | 0 | 0 | 0 | 0 | 0 | 0 | 0 | 3< | 128 ]
[ 128 | 0 | >0 | 1 | 0 | 0 | 0 | 0 | 0 | 0 | 0 | 0 | 0 | 0 | 0 | 0 | 4< | 128 ]
[ 128 | 0 | >1 | 1 | 0 | 0 | 0 | 0 | 0 | 0 | 0 | 0 | 0 | 0 | 0 | 0 | 5< | 128 ]
[ 128 | 0 | >2 | 1 | 0 | 0 | 0 | 0 | 0 | 0 | 0 | 0 | 0 | 0 | 0 | 0 | 4< | 128 ]
[ 128 | 0 | >3 | 1 | 0 | 0 | 0 | 0 | 0 | 0 | 0 | 0 | 0 | 0 | 0 | 0 | 4< | 128 ]
[ 128 | 0 | >4 | 1 | 0 | 0 | 0 | 0 | 0 | 0 | 0 | 0 | 0 | 0 | 0 | 0 | 4< | 128 ]
[ 128 | 0 | >5 | 1 | 0 | 0 | 0 | 0 | 0 | 0 | 0 | 0 | 0 | 0 | 0 | 0< | 4 | 128 ]
[ 128 | >0 | 5 | 1 | 0 | 0 | 0 | 0 | 0 | 0 | 0 | 0 | 0 | 0 | 0 | 0< | 4 | 128 ]
[ 128 | >-1 | 5 | 1 | 0 | 0 | 0 | 0 | 0 | 0 | 0 | 0 | 0 | 0 | 0 | 0< | 4 | 128 ]
[ 128 | >-2 | 5 | 1 | 0 | 0 | 0 | 0 | 0 | 0 | 0 | 0 | 0 | 0 | 0 | 0< | 4 | 128 ]
[ 128 | >-3 | 5 | 1 | 0 | 0 | 0 | 0 | 0 | 0 | 0 | 0 | 0 | 0 | 0< | 0 | 4 | 128 ]
[ 128 | >-4 | 5 | 1 | 0 | 0 | 0 | 0 | 0 | 0 | 0 | 0 | 0 | 0< | 0 | 0 | 4 | 128 ]
[ 128 | >-5 | 5 | 1 | 0 | 0 | 0 | 0 | 0 | 0 | 0 | 0 | 0 | -1< | 0 | 0 | 4 | 128 ]
[ 128 | -5 | >5 | 1 | 0 | 0 | 0 | 0 | 0 | 0 | 0 | 0 | 0 | -1< | 0 | 0 | 4 | 128 ]
[ 128 | -5 | 5 | >1 | 0 | 0 | 0 | 0 | 0 | 0 | 0 | 0 | 0 | -1< | 0 | 0 | 4 | 128 ]
[ 128 | -5 | 5 | >1 | 0 | 0 | 0 | 0 | 0 | 0 | 0 | 0 | 0< | -1 | 0 | 0 | 4 | 128 ]
[ 128 | -5 | 5 | 1 | >0 | 0 | 0 | 0 | 0 | 0 | 0 | 0 | 0< | -1 | 0 | 0 | 4 | 128 ]
[ 128 | -5 | 5 | 1 | >0 | 0 | 0 | 0 | 0 | 0 | 0 | 0 | 0< | -1 | 0 | 0 | 4 | 128 ]
[ 128 | -5 | 5 | 1 | 0 | >0 | 0 | 0 | 0 | 0 | 0 | 0 | 0< | -1 | 0 | 0 | 4 | 128 ]
[ 128 | -5 | 5 | 1 | 0 | >0 | 0 | 0 | 0 | 0 | 0 | 0< | 0 | -1 | 0 | 0 | 4 | 128 ]
[ 128 | -5 | 5 | 1 | 0 | 0 | >0 | 0 | 0 | 0 | 0< | 0 | 0 | -1 | 0 | 0 | 4 | 128 ]
[ 128 | -5 | 5 | 1 | 0 | 0 | >0 | 0 | 0 | 0 | -1< | 0 | 0 | -1 | 0 | 0 | 4 | 128 ]
[ 128 | -5 | 5 | 1 | 0 | 0 | 0 | >0 | 0 | 0 | -1< | 0 | 0 | -1 | 0 | 0 | 4 | 128 ]
[ 128 | -5 | 5 | 1 | 0 | 0 | 0 | >0 | 0 | 0 | -1< | 0 | 0 | -1 | 0 | 0 | 4 | 128 ]
[ 128 | -5 | 5 | 1 | 0 | 0 | 0 | >1 | 0 | 0< | -1 | 0 | 0 | -1 | 0 | 0 | 4 | 128 ]
[ 128 | -5 | 5 | 1 | 0 | 0 | >0 | 1 | 0 | 0< | -1 | 0 | 0 | -1 | 0 | 0 | 4 | 128 ]
[ 128 | -5 | 5 | 1 | 0 | >0 | 0 | 1 | 0 | 0< | -1 | 0 | 0 | -1 | 0 | 0 | 4 | 128 ]
[ 128 | -5 | 5 | 1 | >0 | 0 | 0 | 1 | 0 | 0< | -1 | 0 | 0 | -1 | 0 | 0 | 4 | 128 ]
[ 128 | -5 | 5 | >1 | 0 | 0 | 0 | 1 | 0< | 0 | -1 | 0 | 0 | -1 | 0 | 0 | 4 | 128 ]
[ 128 | -5 | 5 | >1 | 0 | 0 | 0 | 1< | 0 | 0 | -1 | 0 | 0 | -1 | 0 | 0 | 4 | 128 ]
[ 128 | -5 | 5 | 1 | >0 | 0 | 0 | 0< | 0 | 0 | -1 | 0 | 0 | -1 | 0 | 0 | 4 | 128 ]
[ 128 | -5 | 5 | 1 | 0 | >0 | 0 | 0< | 0 | 0 | -1 | 0 | 0 | -1 | 0 | 0 | 4 | 128 ]
[ 128 | -5 | 5 | 1 | 0 | 0 | >0 | 0< | 0 | 0 | -1 | 0 | 0 | -1 | 0 | 0 | 4 | 128 ]
[ 128 | -5 | 5 | 1 | 0 | 0 | >1< | 0 | 0 | 0 | -1 | 0 | 0 | -1 | 0 | 0 | 4 | 128 ]
[ 128 | -5 | 5 | 1 | 0 | 0< | >2 | 0 | 0 | 0 | -1 | 0 | 0 | -1 | 0 | 0 | 4 | 128 ]
[ 128 | -5 | 5 | 1 | 0 | -1< | >3 | 0 | 0 | 0 | -1 | 0 | 0 | -1 | 0 | 0 | 4 | 128 ]
[ 128 | -5 | 5 | 1 | 0 | -1< | >4 | 0 | 0 | 0 | -1 | 0 | 0 | -1 | 0 | 0 | 4 | 128 ]
[ 128 | -5 | 5 | 1 | 0 | -1< | >5 | 0 | 0 | 0 | -1 | 0 | 0 | -1 | 0 | 0 | 4 | 128 ]
[ 128 | -5 | 5 | 1 | 0< | >-1 | 5 | 0 | 0 | 0 | -1 | 0 | 0 | -1 | 0 | 0 | 4 | 128 ]
[ 128 | -5 | 5 | 1 | 0< | >-2 | 5 | 0 | 0 | 0 | -1 | 0 | 0 | -1 | 0 | 0 | 4 | 128 ]
[ 128 | -5 | 5 | 1 | 0< | >-3 | 5 | 0 | 0 | 0 | -1 | 0 | 0 | -1 | 0 | 0 | 4 | 128 ]
[ 128 | -5 | 5 | 1 | 0< | >-4 | 5 | 0 | 0 | 0 | -1 | 0 | 0 | -1 | 0 | 0 | 4 | 128 ]
[ 128 | -5 | 5 | 1< | 0 | >-5 | 5 | 0 | 0 | 0 | -1 | 0 | 0 | -1 | 0 | 0 | 4 | 128 ]
[ 128 | -5 | 5< | 1 | 0 | >-6 | 5 | 0 | 0 | 0 | -1 | 0 | 0 | -1 | 0 | 0 | 4 | 128 ]
[ 128 | -5 | 4< | 1 | >0 | -6 | 5 | 0 | 0 | 0 | -1 | 0 | 0 | -1 | 0 | 0 | 4 | 128 ]
[ 128 | -5 | 4< | >1 | 0 | -6 | 5 | 0 | 0 | 0 | -1 | 0 | 0 | -1 | 0 | 0 | 4 | 128 ]
[ 128 | -5 | 4< | >1 | 0 | -6 | 5 | 0 | 0 | 0 | -1 | 0 | 0 | -1 | 0 | 0 | 4 | 128 ]
[ 128 | -5< | 4 | >0 | 0 | -6 | 5 | 0 | 0 | 0 | -1 | 0 | 0 | -1 | 0 | 0 | 4 | 128 ]
[ 128 | -5< | 4 | >0 | 0 | -6 | 5 | 0 | 0 | 0 | -1 | 0 | 0 | -1 | 0 | 0 | 4 | 128 ]
[ 128 | -5< | 4 | >0 | 0 | -6 | 5 | 0 | 0 | 0 | -1 | 0 | 0 | -1 | 0 | 0 | 4 | 128 ]
[ 128< | -5 | 4 | 0 | >0 | -6 | 5 | 0 | 0 | 0 | -1 | 0 | 0 | -1 | 0 | 0 | 4 | 128 ]
[ 127< | -5 | 4 | 0 | 0 | >-6 | 5 | 0 | 0 | 0 | -1 | 0 | 0 | -1 | 0 | 0 | 4 | 128 ]
[ 126< | -5 | 4 | 0 | 0 | -6 | >5 | 0 | 0 | 0 | -1 | 0 | 0 | -1 | 0 | 0 | 4 | 128 ]
[ 125< | -5 | 4 | 0 | 0 | -6 | 5 | >0 | 0 | 0 | -1 | 0 | 0 | -1 | 0 | 0 | 4 | 128 ]
[ 124< | -5 | 4 | 0 | 0 | -6 | 5 | >0 | 0 | 0 | -1 | 0 | 0 | -1 | 0 | 0 | 4 | 128 ]
[ 123< | -5 | 4 | 0 | 0 | -6 | 5 | >0 | 0 | 0 | -1 | 0 | 0 | -1 | 0 | 0 | 4 | 128 ]
[ 122< | -5 | 4 | 0 | 0 | -6 | 5 | 0 | >0 | 0 | -1 | 0 | 0 | -1 | 0 | 0 | 4 | 128 ]
[ 121< | -5 | 4 | 0 | 0 | -6 | 5 | 0 | >0 | 0 | -1 | 0 | 0 | -1 | 0 | 0 | 4 | 128 ]
[ 120< | -5 | 4 | 0 | 0 | -6 | 5 | 0 | 0 | >0 | -1 | 0 | 0 | -1 | 0 | 0 | 4 | 128 ]
[ 119< | -5 | 4 | 0 | 0 | -6 | 5 | 0 | 0 | >0 | -1 | 0 | 0 | -1 | 0 | 0 | 4 | 128 ]
[ 118< | -5 | 4 | 0 | 0 | -6 | 5 | 0 | 0 | 0 | >-1 | 0 | 0 | -1 | 0 | 0 | 4 | 128 ]
[ 118< | -5 | 4 | 0 | 0 | -6 | 5 | 0 | 0 | 0 | >-1 | 0 | 0 | -1 | 0 | 0 | 4 | 128 ]
[ 118 | -5 | 4 | 0 | 0 | -6 | 5 | 0 | 0 | 0 | >-2 | 0 | 0 | -1 | 0 | 0 | 4 | 128< ]

===== AnybodyThere won the battle after 66 cycles =====



===== Starting battle of <AnybodyThere> vs <PrussianRoulette> with memory tape size: 12 =====

[ >128 | 0 | 0 | 0 | 0 | 0 | 0 | 0 | 0 | 0 | 0 | 128< ]
[ 128 | >0 | 0 | 0 | 0 | 0 | 0 | 0 | 0 | 0 | 0< | 128 ]
[ 128 | 0 | >0 | 0 | 0 | 0 | 0 | 0 | 0 | 0 | 1< | 128 ]
[ 128 | 0 | 0 | >0 | 0 | 0 | 0 | 0 | 0 | 0 | 2< | 128 ]
[ 128 | 0 | 0 | >1 | 0 | 0 | 0 | 0 | 0 | 0 | 3< | 128 ]
[ 128 | 0 | >0 | 1 | 0 | 0 | 0 | 0 | 0 | 0 | 4< | 128 ]
[ 128 | 0 | >1 | 1 | 0 | 0 | 0 | 0 | 0 | 0 | 5< | 128 ]
[ 128 | 0 | >2 | 1 | 0 | 0 | 0 | 0 | 0 | 0 | 4< | 128 ]
[ 128 | 0 | >3 | 1 | 0 | 0 | 0 | 0 | 0 | 0 | 4< | 128 ]
[ 128 | 0 | >4 | 1 | 0 | 0 | 0 | 0 | 0 | 0 | 4< | 128 ]
[ 128 | 0 | >5 | 1 | 0 | 0 | 0 | 0 | 0 | 0< | 4 | 128 ]
[ 128 | >0 | 5 | 1 | 0 | 0 | 0 | 0 | 0 | 0< | 4 | 128 ]
[ 128 | >-1 | 5 | 1 | 0 | 0 | 0 | 0 | 0 | 0< | 4 | 128 ]
[ 128 | >-2 | 5 | 1 | 0 | 0 | 0 | 0 | 0 | 0< | 4 | 128 ]
[ 128 | >-3 | 5 | 1 | 0 | 0 | 0 | 0 | 0< | 0 | 4 | 128 ]
[ 128 | >-4 | 5 | 1 | 0 | 0 | 0 | 0< | 0 | 0 | 4 | 128 ]
[ 128 | >-5 | 5 | 1 | 0 | 0 | 0 | -1< | 0 | 0 | 4 | 128 ]
[ 128 | -5 | >5 | 1 | 0 | 0 | 0 | -1< | 0 | 0 | 4 | 128 ]
[ 128 | -5 | 5 | >1 | 0 | 0 | 0 | -1< | 0 | 0 | 4 | 128 ]
[ 128 | -5 | 5 | >1 | 0 | 0 | 0< | -1 | 0 | 0 | 4 | 128 ]
[ 128 | -5 | 5 | 1 | >0 | 0 | 0< | -1 | 0 | 0 | 4 | 128 ]
[ 128 | -5 | 5 | 1 | >0 | 0 | 0< | -1 | 0 | 0 | 4 | 128 ]
[ 128 | -5 | 5 | 1 | 0 | >0 | 0< | -1 | 0 | 0 | 4 | 128 ]
[ 128 | -5 | 5 | 1 | 0 | >0< | 0 | -1 | 0 | 0 | 4 | 128 ]
[ 128 | -5 | 5 | 1 | 0< | 0 | >0 | -1 | 0 | 0 | 4 | 128 ]
[ 128 | -5 | 5 | 1 | -1< | 0 | >0 | -1 | 0 | 0 | 4 | 128 ]
[ 128 | -5 | 5 | 1 | -1< | 0 | 0 | >-1 | 0 | 0 | 4 | 128 ]
[ 128 | -5 | 5 | 1 | -1< | 0 | 0 | >-1 | 0 | 0 | 4 | 128 ]
[ 128 | -5 | 5 | 1< | -1 | 0 | 0 | >-1 | 0 | 0 | 4 | 128 ]
[ 128 | -5 | 5 | 1< | -1 | 0 | 0 | >0 | 0 | 0 | 4 | 128 ]
[ 128 | -5 | 5 | 1< | -1 | 0 | 0 | >1 | 0 | 0 | 4 | 128 ]
[ 128 | -5 | 5< | 1 | -1 | 0 | 0 | >2 | 0 | 0 | 4 | 128 ]
[ 128 | -5 | 4< | 1 | -1 | 0 | 0 | >3 | 0 | 0 | 4 | 128 ]
[ 128 | -5 | 3< | 1 | -1 | 0 | 0 | >4 | 0 | 0 | 4 | 128 ]
[ 128 | -5 | 2< | 1 | -1 | 0 | 0 | >5 | 0 | 0 | 4 | 128 ]
[ 128 | -5 | 1< | 1 | -1 | 0 | 0 | >6 | 0 | 0 | 4 | 128 ]
[ 128 | -5 | 0< | 1 | -1 | 0 | 0 | >7 | 0 | 0 | 4 | 128 ]
[ 128 | -5 | -1< | 1 | -1 | 0 | 0 | >8 | 0 | 0 | 4 | 128 ]
[ 128 | -5 | -2< | 1 | -1 | 0 | 0 | >9 | 0 | 0 | 4 | 128 ]
[ 128 | -5 | -3< | 1 | -1 | 0 | 0 | >9 | 0 | 0 | 4 | 128 ]
[ 128 | -5 | -4< | 1 | -1 | 0 | 0 | >8 | 0 | 0 | 4 | 128 ]
[ 128 | -5 | -5< | 1 | -1 | 0 | 0 | >8 | 0 | 0 | 4 | 128 ]
[ 128 | -5 | -5< | 1 | -1 | 0 | 0 | >7 | 0 | 0 | 4 | 128 ]
[ 128 | -5< | -5 | 1 | -1 | 0 | 0 | >7 | 0 | 0 | 4 | 128 ]
[ 128 | -6< | -5 | 1 | -1 | 0 | 0 | >6 | 0 | 0 | 4 | 128 ]
[ 128 | -7< | -5 | 1 | -1 | 0 | 0 | >6 | 0 | 0 | 4 | 128 ]
[ 128 | -8< | -5 | 1 | -1 | 0 | 0 | >5 | 0 | 0 | 4 | 128 ]
[ 128 | -9< | -5 | 1 | -1 | 0 | 0 | >5 | 0 | 0 | 4 | 128 ]
[ 128 | -10< | -5 | 1 | -1 | 0 | 0 | >4 | 0 | 0 | 4 | 128 ]
[ 128 | -11< | -5 | 1 | -1 | 0 | 0 | >4 | 0 | 0 | 4 | 128 ]
[ 128 | -12< | -5 | 1 | -1 | 0 | 0 | >3 | 0 | 0 | 4 | 128 ]
[ 128 | -13< | -5 | 1 | -1 | 0 | 0 | >3 | 0 | 0 | 4 | 128 ]
[ 128 | -14< | -5 | 1 | -1 | 0 | 0 | >2 | 0 | 0 | 4 | 128 ]
[ 128 | -15< | -5 | 1 | -1 | 0 | 0 | >2 | 0 | 0 | 4 | 128 ]
[ 128 | -15< | -5 | 1 | -1 | 0 | 0 | >1 | 0 | 0 | 4 | 128 ]
[ 128< | -15 | -5 | 1 | -1 | 0 | 0 | >1 | 0 | 0 | 4 | 128 ]
[ 127< | -15 | -5 | 1 | -1 | 0 | 0 | >0 | 0 | 0 | 4 | 128 ]
[ 126< | -15 | -5 | 1 | -1 | 0 | 0 | >0 | 0 | 0 | 4 | 128 ]
[ 125< | -15 | -5 | 1 | -1 | 0 | 0 | >0 | 0 | 0 | 4 | 128 ]
[ 124< | -15 | -5 | 1 | -1 | 0 | 0 | 0 | >0 | 0 | 4 | 128 ]
[ 123< | -15 | -5 | 1 | -1 | 0 | 0 | 0 | >0 | 0 | 4 | 128 ]
[ 122< | -15 | -5 | 1 | -1 | 0 | 0 | 0 | 0 | >0 | 4 | 128 ]
[ 121< | -15 | -5 | 1 | -1 | 0 | 0 | 0 | 0 | >0 | 4 | 128 ]
[ 120< | -15 | -5 | 1 | -1 | 0 | 0 | 0 | 0 | 0 | >4 | 128 ]
[ 119< | -15 | -5 | 1 | -1 | 0 | 0 | 0 | 0 | 0 | >4 | 128 ]
[ 118< | -15 | -5 | 1 | -1 | 0 | 0 | 0 | 0 | 0 | >5 | 128 ]
[ 118< | -15 | -5 | 1 | -1 | 0 | 0 | 0 | 0 | 0 | >6 | 128 ]
[ 118 | -15 | -5 | 1 | -1 | 0 | 0 | 0 | 0 | 0 | >7 | 128< ]

===== AnybodyThere won the battle after 67 cycles =====



===== Starting battle of <AnybodyThere> vs <PrussianRoulette> with memory tape size: 12 =====

[ >128 | 0 | 0 | 0 | 0 | 0 | 0 | 0 | 0 | 0 | 0 | 128< ]
[ 128 | >0 | 0 | 0 | 0 | 0 | 0 | 0 | 0 | 0 | 0< | 128 ]
[ 128 | 0 | >0 | 0 | 0 | 0 | 0 | 0 | 0 | 0 | 1< | 128 ]
[ 128 | 0 | 0 | >0 | 0 | 0 | 0 | 0 | 0 | 0 | 2< | 128 ]
[ 128 | 0 | 0 | >1 | 0 | 0 | 0 | 0 | 0 | 0 | 3< | 128 ]
[ 128 | 0 | >0 | 1 | 0 | 0 | 0 | 0 | 0 | 0 | 4< | 128 ]
[ 128 | 0 | >1 | 1 | 0 | 0 | 0 | 0 | 0 | 0 | 5< | 128 ]
[ 128 | 0 | >2 | 1 | 0 | 0 | 0 | 0 | 0 | 0 | 4< | 128 ]
[ 128 | 0 | >3 | 1 | 0 | 0 | 0 | 0 | 0 | 0 | 4< | 128 ]
[ 128 | 0 | >4 | 1 | 0 | 0 | 0 | 0 | 0 | 0 | 4< | 128 ]
[ 128 | 0 | >5 | 1 | 0 | 0 | 0 | 0 | 0 | 0< | 4 | 128 ]
[ 128 | >0 | 5 | 1 | 0 | 0 | 0 | 0 | 0 | 0< | 4 | 128 ]
[ 128 | >-1 | 5 | 1 | 0 | 0 | 0 | 0 | 0 | 0< | 4 | 128 ]
[ 128 | >-2 | 5 | 1 | 0 | 0 | 0 | 0 | 0 | 0< | 4 | 128 ]
[ 128 | >-3 | 5 | 1 | 0 | 0 | 0 | 0 | 0< | 0 | 4 | 128 ]
[ 128 | >-4 | 5 | 1 | 0 | 0 | 0 | 0< | 0 | 0 | 4 | 128 ]
[ 128 | >-5 | 5 | 1 | 0 | 0 | 0 | -1< | 0 | 0 | 4 | 128 ]
[ 128 | -5 | >5 | 1 | 0 | 0 | 0 | -1< | 0 | 0 | 4 | 128 ]
[ 128 | -5 | 5 | >1 | 0 | 0 | 0 | -1< | 0 | 0 | 4 | 128 ]
[ 128 | -5 | 5 | >1 | 0 | 0 | 0< | -1 | 0 | 0 | 4 | 128 ]
[ 128 | -5 | 5 | 1 | >0 | 0 | 0< | -1 | 0 | 0 | 4 | 128 ]
[ 128 | -5 | 5 | 1 | >0 | 0 | 0< | -1 | 0 | 0 | 4 | 128 ]
[ 128 | -5 | 5 | 1 | 0 | >0 | 0< | -1 | 0 | 0 | 4 | 128 ]
[ 128 | -5 | 5 | 1 | 0 | >0< | 0 | -1 | 0 | 0 | 4 | 128 ]
[ 128 | -5 | 5 | 1 | 0< | 0 | >0 | -1 | 0 | 0 | 4 | 128 ]
[ 128 | -5 | 5 | 1 | -1< | 0 | >0 | -1 | 0 | 0 | 4 | 128 ]
[ 128 | -5 | 5 | 1 | -1< | 0 | 0 | >-1 | 0 | 0 | 4 | 128 ]
[ 128 | -5 | 5 | 1 | -1< | 0 | 0 | >-1 | 0 | 0 | 4 | 128 ]
[ 128 | -5 | 5 | 1< | -1 | 0 | 0 | >-1 | 0 | 0 | 4 | 128 ]
[ 128 | -5 | 5 | 1< | -1 | 0 | 0 | >0 | 0 | 0 | 4 | 128 ]
[ 128 | -5 | 5 | 1< | -1 | 0 | 0 | >1 | 0 | 0 | 4 | 128 ]
[ 128 | -5 | 5< | 1 | -1 | 0 | 0 | >2 | 0 | 0 | 4 | 128 ]
[ 128 | -5 | 4< | 1 | -1 | 0 | 0 | >3 | 0 | 0 | 4 | 128 ]
[ 128 | -5 | 3< | 1 | -1 | 0 | 0 | >4 | 0 | 0 | 4 | 128 ]
[ 128 | -5 | 2< | 1 | -1 | 0 | 0 | >5 | 0 | 0 | 4 | 128 ]
[ 128 | -5 | 1< | 1 | -1 | 0 | 0 | >6 | 0 | 0 | 4 | 128 ]
[ 128 | -5 | 0< | 1 | -1 | 0 | 0 | >7 | 0 | 0 | 4 | 128 ]
[ 128 | -5 | -1< | 1 | -1 | 0 | 0 | >8 | 0 | 0 | 4 | 128 ]
[ 128 | -5 | -2< | 1 | -1 | 0 | 0 | >9 | 0 | 0 | 4 | 128 ]
[ 128 | -5 | -3< | 1 | -1 | 0 | 0 | >9 | 0 | 0 | 4 | 128 ]
[ 128 | -5 | -4< | 1 | -1 | 0 | 0 | >8 | 0 | 0 | 4 | 128 ]
[ 128 | -5 | -5< | 1 | -1 | 0 | 0 | >8 | 0 | 0 | 4 | 128 ]
[ 128 | -5 | -5< | 1 | -1 | 0 | 0 | >7 | 0 | 0 | 4 | 128 ]
[ 128 | -5< | -5 | 1 | -1 | 0 | 0 | >7 | 0 | 0 | 4 | 128 ]
[ 128 | -6< | -5 | 1 | -1 | 0 | 0 | >6 | 0 | 0 | 4 | 128 ]
[ 128 | -7< | -5 | 1 | -1 | 0 | 0 | >6 | 0 | 0 | 4 | 128 ]
[ 128 | -8< | -5 | 1 | -1 | 0 | 0 | >5 | 0 | 0 | 4 | 128 ]
[ 128 | -9< | -5 | 1 | -1 | 0 | 0 | >5 | 0 | 0 | 4 | 128 ]
[ 128 | -10< | -5 | 1 | -1 | 0 | 0 | >4 | 0 | 0 | 4 | 128 ]
[ 128 | -11< | -5 | 1 | -1 | 0 | 0 | >4 | 0 | 0 | 4 | 128 ]
[ 128 | -12< | -5 | 1 | -1 | 0 | 0 | >3 | 0 | 0 | 4 | 128 ]
[ 128 | -13< | -5 | 1 | -1 | 0 | 0 | >3 | 0 | 0 | 4 | 128 ]
[ 128 | -14< | -5 | 1 | -1 | 0 | 0 | >2 | 0 | 0 | 4 | 128 ]
[ 128 | -15< | -5 | 1 | -1 | 0 | 0 | >2 | 0 | 0 | 4 | 128 ]
[ 128 | -15< | -5 | 1 | -1 | 0 | 0 | >1 | 0 | 0 | 4 | 128 ]
[ 128< | -15 | -5 | 1 | -1 | 0 | 0 | >1 | 0 | 0 | 4 | 128 ]
[ 127< | -15 | -5 | 1 | -1 | 0 | 0 | >0 | 0 | 0 | 4 | 128 ]
[ 126< | -15 | -5 | 1 | -1 | 0 | 0 | >0 | 0 | 0 | 4 | 128 ]
[ 125< | -15 | -5 | 1 | -1 | 0 | 0 | >0 | 0 | 0 | 4 | 128 ]
[ 124< | -15 | -5 | 1 | -1 | 0 | 0 | 0 | >0 | 0 | 4 | 128 ]
[ 123< | -15 | -5 | 1 | -1 | 0 | 0 | 0 | >0 | 0 | 4 | 128 ]
[ 122< | -15 | -5 | 1 | -1 | 0 | 0 | 0 | 0 | >0 | 4 | 128 ]
[ 121< | -15 | -5 | 1 | -1 | 0 | 0 | 0 | 0 | >0 | 4 | 128 ]
[ 120< | -15 | -5 | 1 | -1 | 0 | 0 | 0 | 0 | 0 | >4 | 128 ]
[ 119< | -15 | -5 | 1 | -1 | 0 | 0 | 0 | 0 | 0 | >4 | 128 ]
[ 118< | -15 | -5 | 1 | -1 | 0 | 0 | 0 | 0 | 0 | >5 | 128 ]
[ 118< | -15 | -5 | 1 | -1 | 0 | 0 | 0 | 0 | 0 | >6 | 128 ]
[ 118 | -15 | -5 | 1 | -1 | 0 | 0 | 0 | 0 | 0 | >7 | 128< ]

===== AnybodyThere won the battle after 67 cycles =====



===== Starting battle of <AnybodyThere> vs <PrussianRoulette> with memory tape size: 17 =====

[ >128 | 0 | 0 | 0 | 0 | 0 | 0 | 0 | 0 | 0 | 0 | 0 | 0 | 0 | 0 | 0 | 128< ]
[ 128 | >0 | 0 | 0 | 0 | 0 | 0 | 0 | 0 | 0 | 0 | 0 | 0 | 0 | 0 | 0< | 128 ]
[ 128 | 0 | >0 | 0 | 0 | 0 | 0 | 0 | 0 | 0 | 0 | 0 | 0 | 0 | 0 | 1< | 128 ]
[ 128 | 0 | 0 | >0 | 0 | 0 | 0 | 0 | 0 | 0 | 0 | 0 | 0 | 0 | 0 | 2< | 128 ]
[ 128 | 0 | 0 | >1 | 0 | 0 | 0 | 0 | 0 | 0 | 0 | 0 | 0 | 0 | 0 | 3< | 128 ]
[ 128 | 0 | >0 | 1 | 0 | 0 | 0 | 0 | 0 | 0 | 0 | 0 | 0 | 0 | 0 | 4< | 128 ]
[ 128 | 0 | >1 | 1 | 0 | 0 | 0 | 0 | 0 | 0 | 0 | 0 | 0 | 0 | 0 | 5< | 128 ]
[ 128 | 0 | >2 | 1 | 0 | 0 | 0 | 0 | 0 | 0 | 0 | 0 | 0 | 0 | 0 | 4< | 128 ]
[ 128 | 0 | >3 | 1 | 0 | 0 | 0 | 0 | 0 | 0 | 0 | 0 | 0 | 0 | 0 | 4< | 128 ]
[ 128 | 0 | >4 | 1 | 0 | 0 | 0 | 0 | 0 | 0 | 0 | 0 | 0 | 0 | 0 | 4< | 128 ]
[ 128 | 0 | >5 | 1 | 0 | 0 | 0 | 0 | 0 | 0 | 0 | 0 | 0 | 0 | 0< | 4 | 128 ]
[ 128 | >0 | 5 | 1 | 0 | 0 | 0 | 0 | 0 | 0 | 0 | 0 | 0 | 0 | 0< | 4 | 128 ]
[ 128 | >-1 | 5 | 1 | 0 | 0 | 0 | 0 | 0 | 0 | 0 | 0 | 0 | 0 | 0< | 4 | 128 ]
[ 128 | >-2 | 5 | 1 | 0 | 0 | 0 | 0 | 0 | 0 | 0 | 0 | 0 | 0 | 0< | 4 | 128 ]
[ 128 | >-3 | 5 | 1 | 0 | 0 | 0 | 0 | 0 | 0 | 0 | 0 | 0 | 0< | 0 | 4 | 128 ]
[ 128 | >-4 | 5 | 1 | 0 | 0 | 0 | 0 | 0 | 0 | 0 | 0 | 0< | 0 | 0 | 4 | 128 ]
[ 128 | >-5 | 5 | 1 | 0 | 0 | 0 | 0 | 0 | 0 | 0 | 0 | -1< | 0 | 0 | 4 | 128 ]
[ 128 | -5 | >5 | 1 | 0 | 0 | 0 | 0 | 0 | 0 | 0 | 0 | -1< | 0 | 0 | 4 | 128 ]
[ 128 | -5 | 5 | >1 | 0 | 0 | 0 | 0 | 0 | 0 | 0 | 0 | -1< | 0 | 0 | 4 | 128 ]
[ 128 | -5 | 5 | >1 | 0 | 0 | 0 | 0 | 0 | 0 | 0 | 0< | -1 | 0 | 0 | 4 | 128 ]
[ 128 | -5 | 5 | 1 | >0 | 0 | 0 | 0 | 0 | 0 | 0 | 0< | -1 | 0 | 0 | 4 | 128 ]
[ 128 | -5 | 5 | 1 | >0 | 0 | 0 | 0 | 0 | 0 | 0 | 0< | -1 | 0 | 0 | 4 | 128 ]
[ 128 | -5 | 5 | 1 | 0 | >0 | 0 | 0 | 0 | 0 | 0 | 0< | -1 | 0 | 0 | 4 | 128 ]
[ 128 | -5 | 5 | 1 | 0 | >0 | 0 | 0 | 0 | 0 | 0< | 0 | -1 | 0 | 0 | 4 | 128 ]
[ 128 | -5 | 5 | 1 | 0 | 0 | >0 | 0 | 0 | 0< | 0 | 0 | -1 | 0 | 0 | 4 | 128 ]
[ 128 | -5 | 5 | 1 | 0 | 0 | >0 | 0 | 0 | -1< | 0 | 0 | -1 | 0 | 0 | 4 | 128 ]
[ 128 | -5 | 5 | 1 | 0 | 0 | 0 | >0 | 0 | -1< | 0 | 0 | -1 | 0 | 0 | 4 | 128 ]
[ 128 | -5 | 5 | 1 | 0 | 0 | 0 | >0 | 0 | -1< | 0 | 0 | -1 | 0 | 0 | 4 | 128 ]
[ 128 | -5 | 5 | 1 | 0 | 0 | 0 | >1 | 0< | -1 | 0 | 0 | -1 | 0 | 0 | 4 | 128 ]
[ 128 | -5 | 5 | 1 | 0 | 0 | >0 | 1 | 0< | -1 | 0 | 0 | -1 | 0 | 0 | 4 | 128 ]
[ 128 | -5 | 5 | 1 | 0 | >0 | 0 | 1 | 0< | -1 | 0 | 0 | -1 | 0 | 0 | 4 | 128 ]
[ 128 | -5 | 5 | 1 | >0 | 0 | 0 | 1 | 0< | -1 | 0 | 0 | -1 | 0 | 0 | 4 | 128 ]
[ 128 | -5 | 5 | >1 | 0 | 0 | 0 | 1< | 0 | -1 | 0 | 0 | -1 | 0 | 0 | 4 | 128 ]
[ 128 | -5 | 5 | >1 | 0 | 0 | 0< | 1 | 0 | -1 | 0 | 0 | -1 | 0 | 0 | 4 | 128 ]
[ 128 | -5 | 5 | 1 | >0 | 0 | -1< | 1 | 0 | -1 | 0 | 0 | -1 | 0 | 0 | 4 | 128 ]
[ 128 | -5 | 5 | 1 | 0 | >0 | -1< | 1 | 0 | -1 | 0 | 0 | -1 | 0 | 0 | 4 | 128 ]
[ 128 | -5 | 5 | 1 | 0 | 0 | >-1< | 1 | 0 | -1 | 0 | 0 | -1 | 0 | 0 | 4 | 128 ]
[ 128 | -5 | 5 | 1 | 0 | 0< | >0 | 1 | 0 | -1 | 0 | 0 | -1 | 0 | 0 | 4 | 128 ]
[ 128 | -5 | 5 | 1 | 0 | 0< | >1 | 1 | 0 | -1 | 0 | 0 | -1 | 0 | 0 | 4 | 128 ]
[ 128 | -5 | 5 | 1 | 0 | 0< | >2 | 1 | 0 | -1 | 0 | 0 | -1 | 0 | 0 | 4 | 128 ]
[ 128 | -5 | 5 | 1 | 0 | 0< | >3 | 1 | 0 | -1 | 0 | 0 | -1 | 0 | 0 | 4 | 128 ]
[ 128 | -5 | 5 | 1 | 0< | 0 | >4 | 1 | 0 | -1 | 0 | 0 | -1 | 0 | 0 | 4 | 128 ]
[ 128 | -5 | 5 | 1< | 0 | >0 | 4 | 1 | 0 | -1 | 0 | 0 | -1 | 0 | 0 | 4 | 128 ]
[ 128 | -5 | 5 | 0< | 0 | >-1 | 4 | 1 | 0 | -1 | 0 | 0 | -1 | 0 | 0 | 4 | 128 ]
[ 128 | -5 | 5 | 0< | 0 | >-2 | 4 | 1 | 0 | -1 | 0 | 0 | -1 | 0 | 0 | 4 | 128 ]
[ 128 | -5 | 5 | 0< | 0 | >-3 | 4 | 1 | 0 | -1 | 0 | 0 | -1 | 0 | 0 | 4 | 128 ]
[ 128 | -5 | 5< | 0 | 0 | >-4 | 4 | 1 | 0 | -1 | 0 | 0 | -1 | 0 | 0 | 4 | 128 ]
[ 128 | -5< | 5 | 0 | 0 | >-5 | 4 | 1 | 0 | -1 | 0 | 0 | -1 | 0 | 0 | 4 | 128 ]
[ 128 | -6< | 5 | 0 | >0 | -5 | 4 | 1 | 0 | -1 | 0 | 0 | -1 | 0 | 0 | 4 | 128 ]
[ 128 | -6< | 5 | >0 | 0 | -5 | 4 | 1 | 0 | -1 | 0 | 0 | -1 | 0 | 0 | 4 | 128 ]
[ 128 | -6< | 5 | >0 | 0 | -5 | 4 | 1 | 0 | -1 | 0 | 0 | -1 | 0 | 0 | 4 | 128 ]
[ 128< | -6 | 5 | >0 | 0 | -5 | 4 | 1 | 0 | -1 | 0 | 0 | -1 | 0 | 0 | 4 | 128 ]
[ 128< | -6 | 5 | 0 | >0 | -5 | 4 | 1 | 0 | -1 | 0 | 0 | -1 | 0 | 0 | 4 | 128 ]
[ 128< | -6 | 5 | 0 | 0 | >-5 | 4 | 1 | 0 | -1 | 0 | 0 | -1 | 0 | 0 | 4 | 128 ]
[ 128 | -6 | 5 | 0 | 0 | -5 | >4 | 1 | 0 | -1 | 0 | 0 | -1 | 0 | 0 | 4 | 128< ]

===== AnybodyThere won the battle after 54 cycles =====



===== Starting battle of <AnybodyThere> vs <PrussianRoulette> with memory tape size: 28 =====

[ >128 | 0 | 0 | 0 | 0 | 0 | 0 | 0 | 0 | 0 | 0 | 0 | 0 | 0 | 0 | 0 | 0 | 0 | 0 | 0 | 0 | 0 | 0 | 0 | 0 | 0 | 0 | 128< ]
[ 128 | >0 | 0 | 0 | 0 | 0 | 0 | 0 | 0 | 0 | 0 | 0 | 0 | 0 | 0 | 0 | 0 | 0 | 0 | 0 | 0 | 0 | 0 | 0 | 0 | 0 | 0< | 128 ]
[ 128 | 0 | >0 | 0 | 0 | 0 | 0 | 0 | 0 | 0 | 0 | 0 | 0 | 0 | 0 | 0 | 0 | 0 | 0 | 0 | 0 | 0 | 0 | 0 | 0 | 0 | 1< | 128 ]
[ 128 | 0 | 0 | >0 | 0 | 0 | 0 | 0 | 0 | 0 | 0 | 0 | 0 | 0 | 0 | 0 | 0 | 0 | 0 | 0 | 0 | 0 | 0 | 0 | 0 | 0 | 2< | 128 ]
[ 128 | 0 | 0 | >1 | 0 | 0 | 0 | 0 | 0 | 0 | 0 | 0 | 0 | 0 | 0 | 0 | 0 | 0 | 0 | 0 | 0 | 0 | 0 | 0 | 0 | 0 | 3< | 128 ]
[ 128 | 0 | >0 | 1 | 0 | 0 | 0 | 0 | 0 | 0 | 0 | 0 | 0 | 0 | 0 | 0 | 0 | 0 | 0 | 0 | 0 | 0 | 0 | 0 | 0 | 0 | 4< | 128 ]
[ 128 | 0 | >1 | 1 | 0 | 0 | 0 | 0 | 0 | 0 | 0 | 0 | 0 | 0 | 0 | 0 | 0 | 0 | 0 | 0 | 0 | 0 | 0 | 0 | 0 | 0 | 5< | 128 ]
[ 128 | 0 | >2 | 1 | 0 | 0 | 0 | 0 | 0 | 0 | 0 | 0 | 0 | 0 | 0 | 0 | 0 | 0 | 0 | 0 | 0 | 0 | 0 | 0 | 0 | 0 | 4< | 128 ]
[ 128 | 0 | >3 | 1 | 0 | 0 | 0 | 0 | 0 | 0 | 0 | 0 | 0 | 0 | 0 | 0 | 0 | 0 | 0 | 0 | 0 | 0 | 0 | 0 | 0 | 0 | 4< | 128 ]
[ 128 | 0 | >4 | 1 | 0 | 0 | 0 | 0 | 0 | 0 | 0 | 0 | 0 | 0 | 0 | 0 | 0 | 0 | 0 | 0 | 0 | 0 | 0 | 0 | 0 | 0 | 4< | 128 ]
[ 128 | 0 | >5 | 1 | 0 | 0 | 0 | 0 | 0 | 0 | 0 | 0 | 0 | 0 | 0 | 0 | 0 | 0 | 0 | 0 | 0 | 0 | 0 | 0 | 0 | 0< | 4 | 128 ]
[ 128 | >0 | 5 | 1 | 0 | 0 | 0 | 0 | 0 | 0 | 0 | 0 | 0 | 0 | 0 | 0 | 0 | 0 | 0 | 0 | 0 | 0 | 0 | 0 | 0 | 0< | 4 | 128 ]
[ 128 | >-1 | 5 | 1 | 0 | 0 | 0 | 0 | 0 | 0 | 0 | 0 | 0 | 0 | 0 | 0 | 0 | 0 | 0 | 0 | 0 | 0 | 0 | 0 | 0 | 0< | 4 | 128 ]
[ 128 | >-2 | 5 | 1 | 0 | 0 | 0 | 0 | 0 | 0 | 0 | 0 | 0 | 0 | 0 | 0 | 0 | 0 | 0 | 0 | 0 | 0 | 0 | 0 | 0 | 0< | 4 | 128 ]
[ 128 | >-3 | 5 | 1 | 0 | 0 | 0 | 0 | 0 | 0 | 0 | 0 | 0 | 0 | 0 | 0 | 0 | 0 | 0 | 0 | 0 | 0 | 0 | 0 | 0< | 0 | 4 | 128 ]
[ 128 | >-4 | 5 | 1 | 0 | 0 | 0 | 0 | 0 | 0 | 0 | 0 | 0 | 0 | 0 | 0 | 0 | 0 | 0 | 0 | 0 | 0 | 0 | 0< | 0 | 0 | 4 | 128 ]
[ 128 | >-5 | 5 | 1 | 0 | 0 | 0 | 0 | 0 | 0 | 0 | 0 | 0 | 0 | 0 | 0 | 0 | 0 | 0 | 0 | 0 | 0 | 0 | -1< | 0 | 0 | 4 | 128 ]
[ 128 | -5 | >5 | 1 | 0 | 0 | 0 | 0 | 0 | 0 | 0 | 0 | 0 | 0 | 0 | 0 | 0 | 0 | 0 | 0 | 0 | 0 | 0 | -1< | 0 | 0 | 4 | 128 ]
[ 128 | -5 | 5 | >1 | 0 | 0 | 0 | 0 | 0 | 0 | 0 | 0 | 0 | 0 | 0 | 0 | 0 | 0 | 0 | 0 | 0 | 0 | 0 | -1< | 0 | 0 | 4 | 128 ]
[ 128 | -5 | 5 | >1 | 0 | 0 | 0 | 0 | 0 | 0 | 0 | 0 | 0 | 0 | 0 | 0 | 0 | 0 | 0 | 0 | 0 | 0 | 0< | -1 | 0 | 0 | 4 | 128 ]
[ 128 | -5 | 5 | 1 | >0 | 0 | 0 | 0 | 0 | 0 | 0 | 0 | 0 | 0 | 0 | 0 | 0 | 0 | 0 | 0 | 0 | 0 | 0< | -1 | 0 | 0 | 4 | 128 ]
[ 128 | -5 | 5 | 1 | >0 | 0 | 0 | 0 | 0 | 0 | 0 | 0 | 0 | 0 | 0 | 0 | 0 | 0 | 0 | 0 | 0 | 0 | 0< | -1 | 0 | 0 | 4 | 128 ]
[ 128 | -5 | 5 | 1 | 0 | >0 | 0 | 0 | 0 | 0 | 0 | 0 | 0 | 0 | 0 | 0 | 0 | 0 | 0 | 0 | 0 | 0 | 0< | -1 | 0 | 0 | 4 | 128 ]
[ 128 | -5 | 5 | 1 | 0 | >0 | 0 | 0 | 0 | 0 | 0 | 0 | 0 | 0 | 0 | 0 | 0 | 0 | 0 | 0 | 0 | 0< | 0 | -1 | 0 | 0 | 4 | 128 ]
[ 128 | -5 | 5 | 1 | 0 | 0 | >0 | 0 | 0 | 0 | 0 | 0 | 0 | 0 | 0 | 0 | 0 | 0 | 0 | 0 | 0< | 0 | 0 | -1 | 0 | 0 | 4 | 128 ]
[ 128 | -5 | 5 | 1 | 0 | 0 | >0 | 0 | 0 | 0 | 0 | 0 | 0 | 0 | 0 | 0 | 0 | 0 | 0 | 0 | -1< | 0 | 0 | -1 | 0 | 0 | 4 | 128 ]
[ 128 | -5 | 5 | 1 | 0 | 0 | 0 | >0 | 0 | 0 | 0 | 0 | 0 | 0 | 0 | 0 | 0 | 0 | 0 | 0 | -1< | 0 | 0 | -1 | 0 | 0 | 4 | 128 ]
[ 128 | -5 | 5 | 1 | 0 | 0 | 0 | >0 | 0 | 0 | 0 | 0 | 0 | 0 | 0 | 0 | 0 | 0 | 0 | 0 | -1< | 0 | 0 | -1 | 0 | 0 | 4 | 128 ]
[ 128 | -5 | 5 | 1 | 0 | 0 | 0 | >1 | 0 | 0 | 0 | 0 | 0 | 0 | 0 | 0 | 0 | 0 | 0 | 0< | -1 | 0 | 0 | -1 | 0 | 0 | 4 | 128 ]
[ 128 | -5 | 5 | 1 | 0 | 0 | >0 | 1 | 0 | 0 | 0 | 0 | 0 | 0 | 0 | 0 | 0 | 0 | 0 | 0< | -1 | 0 | 0 | -1 | 0 | 0 | 4 | 128 ]
[ 128 | -5 | 5 | 1 | 0 | >0 | 0 | 1 | 0 | 0 | 0 | 0 | 0 | 0 | 0 | 0 | 0 | 0 | 0 | 0< | -1 | 0 | 0 | -1 | 0 | 0 | 4 | 128 ]
[ 128 | -5 | 5 | 1 | >0 | 0 | 0 | 1 | 0 | 0 | 0 | 0 | 0 | 0 | 0 | 0 | 0 | 0 | 0 | 0< | -1 | 0 | 0 | -1 | 0 | 0 | 4 | 128 ]
[ 128 | -5 | 5 | >1 | 0 | 0 | 0 | 1 | 0 | 0 | 0 | 0 | 0 | 0 | 0 | 0 | 0 | 0 | 0< | 0 | -1 | 0 | 0 | -1 | 0 | 0 | 4 | 128 ]
[ 128 | -5 | 5 | >1 | 0 | 0 | 0 | 1 | 0 | 0 | 0 | 0 | 0 | 0 | 0 | 0 | 0 | 0< | 0 | 0 | -1 | 0 | 0 | -1 | 0 | 0 | 4 | 128 ]
[ 128 | -5 | 5 | 1 | >0 | 0 | 0 | 1 | 0 | 0 | 0 | 0 | 0 | 0 | 0 | 0 | 0 | -1< | 0 | 0 | -1 | 0 | 0 | -1 | 0 | 0 | 4 | 128 ]
[ 128 | -5 | 5 | 1 | 0 | >0 | 0 | 1 | 0 | 0 | 0 | 0 | 0 | 0 | 0 | 0 | 0 | -1< | 0 | 0 | -1 | 0 | 0 | -1 | 0 | 0 | 4 | 128 ]
[ 128 | -5 | 5 | 1 | 0 | 0 | >0 | 1 | 0 | 0 | 0 | 0 | 0 | 0 | 0 | 0 | 0 | -1< | 0 | 0 | -1 | 0 | 0 | -1 | 0 | 0 | 4 | 128 ]
[ 128 | -5 | 5 | 1 | 0 | 0 | >1 | 1 | 0 | 0 | 0 | 0 | 0 | 0 | 0 | 0 | 0< | -1 | 0 | 0 | -1 | 0 | 0 | -1 | 0 | 0 | 4 | 128 ]
[ 128 | -5 | 5 | 1 | 0 | 0 | >2 | 1 | 0 | 0 | 0 | 0 | 0 | 0 | 0 | 0 | 0< | -1 | 0 | 0 | -1 | 0 | 0 | -1 | 0 | 0 | 4 | 128 ]
[ 128 | -5 | 5 | 1 | 0 | 0 | >3 | 1 | 0 | 0 | 0 | 0 | 0 | 0 | 0 | 0 | 0< | -1 | 0 | 0 | -1 | 0 | 0 | -1 | 0 | 0 | 4 | 128 ]
[ 128 | -5 | 5 | 1 | 0 | 0 | >4 | 1 | 0 | 0 | 0 | 0 | 0 | 0 | 0 | 0 | 0< | -1 | 0 | 0 | -1 | 0 | 0 | -1 | 0 | 0 | 4 | 128 ]
[ 128 | -5 | 5 | 1 | 0 | 0 | >5 | 1 | 0 | 0 | 0 | 0 | 0 | 0 | 0 | 0< | 0 | -1 | 0 | 0 | -1 | 0 | 0 | -1 | 0 | 0 | 4 | 128 ]
[ 128 | -5 | 5 | 1 | 0 | >0 | 5 | 1 | 0 | 0 | 0 | 0 | 0 | 0 | 0< | 0 | 0 | -1 | 0 | 0 | -1 | 0 | 0 | -1 | 0 | 0 | 4 | 128 ]
[ 128 | -5 | 5 | 1 | 0 | >-1 | 5 | 1 | 0 | 0 | 0 | 0 | 0 | 0 | -1< | 0 | 0 | -1 | 0 | 0 | -1 | 0 | 0 | -1 | 0 | 0 | 4 | 128 ]
[ 128 | -5 | 5 | 1 | 0 | >-2 | 5 | 1 | 0 | 0 | 0 | 0 | 0 | 0 | -1< | 0 | 0 | -1 | 0 | 0 | -1 | 0 | 0 | -1 | 0 | 0 | 4 | 128 ]
[ 128 | -5 | 5 | 1 | 0 | >-3 | 5 | 1 | 0 | 0 | 0 | 0 | 0 | 0 | -1< | 0 | 0 | -1 | 0 | 0 | -1 | 0 | 0 | -1 | 0 | 0 | 4 | 128 ]
[ 128 | -5 | 5 | 1 | 0 | >-4 | 5 | 1 | 0 | 0 | 0 | 0 | 0 | 0< | -1 | 0 | 0 | -1 | 0 | 0 | -1 | 0 | 0 | -1 | 0 | 0 | 4 | 128 ]
[ 128 | -5 | 5 | 1 | 0 | >-5 | 5 | 1 | 0 | 0 | 0 | 0 | 0 | 0< | -1 | 0 | 0 | -1 | 0 | 0 | -1 | 0 | 0 | -1 | 0 | 0 | 4 | 128 ]
[ 128 | -5 | 5 | 1 | >0 | -5 | 5 | 1 | 0 | 0 | 0 | 0 | 0 | 0< | -1 | 0 | 0 | -1 | 0 | 0 | -1 | 0 | 0 | -1 | 0 | 0 | 4 | 128 ]
[ 128 | -5 | 5 | >1 | 0 | -5 | 5 | 1 | 0 | 0 | 0 | 0 | 0 | 0< | -1 | 0 | 0 | -1 | 0 | 0 | -1 | 0 | 0 | -1 | 0 | 0 | 4 | 128 ]
[ 128 | -5 | 5 | >1 | 0 | -5 | 5 | 1 | 0 | 0 | 0 | 0 | 0< | 0 | -1 | 0 | 0 | -1 | 0 | 0 | -1 | 0 | 0 | -1 | 0 | 0 | 4 | 128 ]
[ 128 | -5 | 5 | >0 | 0 | -5 | 5 | 1 | 0 | 0 | 0 | 0< | 0 | 0 | -1 | 0 | 0 | -1 | 0 | 0 | -1 | 0 | 0 | -1 | 0 | 0 | 4 | 128 ]
[ 128 | -5 | 5 | >0 | 0 | -5 | 5 | 1 | 0 | 0 | 0 | -1< | 0 | 0 | -1 | 0 | 0 | -1 | 0 | 0 | -1 | 0 | 0 | -1 | 0 | 0 | 4 | 128 ]
[ 128 | -5 | 5 | >0 | 0 | -5 | 5 | 1 | 0 | 0 | 0 | -1< | 0 | 0 | -1 | 0 | 0 | -1 | 0 | 0 | -1 | 0 | 0 | -1 | 0 | 0 | 4 | 128 ]
[ 128 | -5 | 5 | 0 | >0 | -5 | 5 | 1 | 0 | 0 | 0 | -1< | 0 | 0 | -1 | 0 | 0 | -1 | 0 | 0 | -1 | 0 | 0 | -1 | 0 | 0 | 4 | 128 ]
[ 128 | -5 | 5 | 0 | 0 | >-5 | 5 | 1 | 0 | 0 | 0< | -1 | 0 | 0 | -1 | 0 | 0 | -1 | 0 | 0 | -1 | 0 | 0 | -1 | 0 | 0 | 4 | 128 ]
[ 128 | -5 | 5 | 0 | 0 | -5 | >5 | 1 | 0 | 0 | 0< | -1 | 0 | 0 | -1 | 0 | 0 | -1 | 0 | 0 | -1 | 0 | 0 | -1 | 0 | 0 | 4 | 128 ]
[ 128 | -5 | 5 | 0 | 0 | -5 | 5 | >1 | 0 | 0 | 0< | -1 | 0 | 0 | -1 | 0 | 0 | -1 | 0 | 0 | -1 | 0 | 0 | -1 | 0 | 0 | 4 | 128 ]
[ 128 | -5 | 5 | 0 | 0 | -5 | 5 | >1 | 0 | 0 | 0< | -1 | 0 | 0 | -1 | 0 | 0 | -1 | 0 | 0 | -1 | 0 | 0 | -1 | 0 | 0 | 4 | 128 ]
[ 128 | -5 | 5 | 0 | 0 | -5 | 5 | 1 | >0 | 0< | 0 | -1 | 0 | 0 | -1 | 0 | 0 | -1 | 0 | 0 | -1 | 0 | 0 | -1 | 0 | 0 | 4 | 128 ]
[ 128 | -5 | 5 | 0 | 0 | -5 | 5 | 1 | >0< | 0 | 0 | -1 | 0 | 0 | -1 | 0 | 0 | -1 | 0 | 0 | -1 | 0 | 0 | -1 | 0 | 0 | 4 | 128 ]
[ 128 | -5 | 5 | 0 | 0 | -5 | 5 | 1 | -1< | >0 | 0 | -1 | 0 | 0 | -1 | 0 | 0 | -1 | 0 | 0 | -1 | 0 | 0 | -1 | 0 | 0 | 4 | 128 ]
[ 128 | -5 | 5 | 0 | 0 | -5 | 5 | 1 | -1< | >0 | 0 | -1 | 0 | 0 | -1 | 0 | 0 | -1 | 0 | 0 | -1 | 0 | 0 | -1 | 0 | 0 | 4 | 128 ]
[ 128 | -5 | 5 | 0 | 0 | -5 | 5 | 1 | -1< | 0 | >0 | -1 | 0 | 0 | -1 | 0 | 0 | -1 | 0 | 0 | -1 | 0 | 0 | -1 | 0 | 0 | 4 | 128 ]
[ 128 | -5 | 5 | 0 | 0 | -5 | 5 | 1< | -1 | 0 | >0 | -1 | 0 | 0 | -1 | 0 | 0 | -1 | 0 | 0 | -1 | 0 | 0 | -1 | 0 | 0 | 4 | 128 ]
[ 128 | -5 | 5 | 0 | 0 | -5 | 5 | 1< | -1 | 0 | 0 | >-1 | 0 | 0 | -1 | 0 | 0 | -1 | 0 | 0 | -1 | 0 | 0 | -1 | 0 | 0 | 4 | 128 ]
[ 128 | -5 | 5 | 0 | 0 | -5 | 5 | 1< | -1 | 0 | 0 | >-1 | 0 | 0 | -1 | 0 | 0 | -1 | 0 | 0 | -1 | 0 | 0 | -1 | 0 | 0 | 4 | 128 ]
[ 128 | -5 | 5 | 0 | 0 | -5 | 5< | 1 | -1 | 0 | 0 | >-1 | 0 | 0 | -1 | 0 | 0 | -1 | 0 | 0 | -1 | 0 | 0 | -1 | 0 | 0 | 4 | 128 ]
[ 128 | -5 | 5 | 0 | 0 | -5 | 4< | 1 | -1 | 0 | 0 | >0 | 0 | 0 | -1 | 0 | 0 | -1 | 0 | 0 | -1 | 0 | 0 | -1 | 0 | 0 | 4 | 128 ]
[ 128 | -5 | 5 | 0 | 0 | -5 | 3< | 1 | -1 | 0 | 0 | >1 | 0 | 0 | -1 | 0 | 0 | -1 | 0 | 0 | -1 | 0 | 0 | -1 | 0 | 0 | 4 | 128 ]
[ 128 | -5 | 5 | 0 | 0 | -5 | 2< | 1 | -1 | 0 | 0 | >2 | 0 | 0 | -1 | 0 | 0 | -1 | 0 | 0 | -1 | 0 | 0 | -1 | 0 | 0 | 4 | 128 ]
[ 128 | -5 | 5 | 0 | 0 | -5 | 1< | 1 | -1 | 0 | 0 | >3 | 0 | 0 | -1 | 0 | 0 | -1 | 0 | 0 | -1 | 0 | 0 | -1 | 0 | 0 | 4 | 128 ]
[ 128 | -5 | 5 | 0 | 0 | -5 | 0< | 1 | -1 | 0 | 0 | >4 | 0 | 0 | -1 | 0 | 0 | -1 | 0 | 0 | -1 | 0 | 0 | -1 | 0 | 0 | 4 | 128 ]
[ 128 | -5 | 5 | 0 | 0 | -5 | -1< | 1 | -1 | 0 | 0 | >5 | 0 | 0 | -1 | 0 | 0 | -1 | 0 | 0 | -1 | 0 | 0 | -1 | 0 | 0 | 4 | 128 ]
[ 128 | -5 | 5 | 0 | 0 | -5 | -2< | 1 | -1 | 0 | 0 | >6 | 0 | 0 | -1 | 0 | 0 | -1 | 0 | 0 | -1 | 0 | 0 | -1 | 0 | 0 | 4 | 128 ]
[ 128 | -5 | 5 | 0 | 0 | -5 | -3< | 1 | -1 | 0 | 0 | >7 | 0 | 0 | -1 | 0 | 0 | -1 | 0 | 0 | -1 | 0 | 0 | -1 | 0 | 0 | 4 | 128 ]
[ 128 | -5 | 5 | 0 | 0 | -5 | -4< | 1 | -1 | 0 | 0 | >8 | 0 | 0 | -1 | 0 | 0 | -1 | 0 | 0 | -1 | 0 | 0 | -1 | 0 | 0 | 4 | 128 ]
[ 128 | -5 | 5 | 0 | 0 | -5 | -5< | 1 | -1 | 0 | 0 | >9 | 0 | 0 | -1 | 0 | 0 | -1 | 0 | 0 | -1 | 0 | 0 | -1 | 0 | 0 | 4 | 128 ]
[ 128 | -5 | 5 | 0 | 0 | -5 | -5< | 1 | -1 | 0 | 0 | >9 | 0 | 0 | -1 | 0 | 0 | -1 | 0 | 0 | -1 | 0 | 0 | -1 | 0 | 0 | 4 | 128 ]
[ 128 | -5 | 5 | 0 | 0 | -5< | -5 | 1 | -1 | 0 | 0 | >8 | 0 | 0 | -1 | 0 | 0 | -1 | 0 | 0 | -1 | 0 | 0 | -1 | 0 | 0 | 4 | 128 ]
[ 128 | -5 | 5 | 0 | 0 | -6< | -5 | 1 | -1 | 0 | 0 | >8 | 0 | 0 | -1 | 0 | 0 | -1 | 0 | 0 | -1 | 0 | 0 | -1 | 0 | 0 | 4 | 128 ]
[ 128 | -5 | 5 | 0 | 0 | -7< | -5 | 1 | -1 | 0 | 0 | >7 | 0 | 0 | -1 | 0 | 0 | -1 | 0 | 0 | -1 | 0 | 0 | -1 | 0 | 0 | 4 | 128 ]
[ 128 | -5 | 5 | 0 | 0 | -8< | -5 | 1 | -1 | 0 | 0 | >7 | 0 | 0 | -1 | 0 | 0 | -1 | 0 | 0 | -1 | 0 | 0 | -1 | 0 | 0 | 4 | 128 ]
[ 128 | -5 | 5 | 0 | 0 | -9< | -5 | 1 | -1 | 0 | 0 | >6 | 0 | 0 | -1 | 0 | 0 | -1 | 0 | 0 | -1 | 0 | 0 | -1 | 0 | 0 | 4 | 128 ]
[ 128 | -5 | 5 | 0 | 0 | -10< | -5 | 1 | -1 | 0 | 0 | >6 | 0 | 0 | -1 | 0 | 0 | -1 | 0 | 0 | -1 | 0 | 0 | -1 | 0 | 0 | 4 | 128 ]
[ 128 | -5 | 5 | 0 | 0 | -11< | -5 | 1 | -1 | 0 | 0 | >5 | 0 | 0 | -1 | 0 | 0 | -1 | 0 | 0 | -1 | 0 | 0 | -1 | 0 | 0 | 4 | 128 ]
[ 128 | -5 | 5 | 0 | 0 | -12< | -5 | 1 | -1 | 0 | 0 | >5 | 0 | 0 | -1 | 0 | 0 | -1 | 0 | 0 | -1 | 0 | 0 | -1 | 0 | 0 | 4 | 128 ]
[ 128 | -5 | 5 | 0 | 0 | -13< | -5 | 1 | -1 | 0 | 0 | >4 | 0 | 0 | -1 | 0 | 0 | -1 | 0 | 0 | -1 | 0 | 0 | -1 | 0 | 0 | 4 | 128 ]
[ 128 | -5 | 5 | 0 | 0 | -14< | -5 | 1 | -1 | 0 | 0 | >4 | 0 | 0 | -1 | 0 | 0 | -1 | 0 | 0 | -1 | 0 | 0 | -1 | 0 | 0 | 4 | 128 ]
[ 128 | -5 | 5 | 0 | 0 | -15< | -5 | 1 | -1 | 0 | 0 | >3 | 0 | 0 | -1 | 0 | 0 | -1 | 0 | 0 | -1 | 0 | 0 | -1 | 0 | 0 | 4 | 128 ]
[ 128 | -5 | 5 | 0 | 0 | -15< | -5 | 1 | -1 | 0 | 0 | >3 | 0 | 0 | -1 | 0 | 0 | -1 | 0 | 0 | -1 | 0 | 0 | -1 | 0 | 0 | 4 | 128 ]
[ 128 | -5 | 5 | 0 | 0< | -15 | -5 | 1 | -1 | 0 | 0 | >2 | 0 | 0 | -1 | 0 | 0 | -1 | 0 | 0 | -1 | 0 | 0 | -1 | 0 | 0 | 4 | 128 ]
[ 128 | -5 | 5 | 0 | -1< | -15 | -5 | 1 | -1 | 0 | 0 | >2 | 0 | 0 | -1 | 0 | 0 | -1 | 0 | 0 | -1 | 0 | 0 | -1 | 0 | 0 | 4 | 128 ]
[ 128 | -5 | 5 | 0 | -2< | -15 | -5 | 1 | -1 | 0 | 0 | >1 | 0 | 0 | -1 | 0 | 0 | -1 | 0 | 0 | -1 | 0 | 0 | -1 | 0 | 0 | 4 | 128 ]
[ 128 | -5 | 5 | 0 | -3< | -15 | -5 | 1 | -1 | 0 | 0 | >1 | 0 | 0 | -1 | 0 | 0 | -1 | 0 | 0 | -1 | 0 | 0 | -1 | 0 | 0 | 4 | 128 ]
[ 128 | -5 | 5 | 0 | -4< | -15 | -5 | 1 | -1 | 0 | 0 | >0 | 0 | 0 | -1 | 0 | 0 | -1 | 0 | 0 | -1 | 0 | 0 | -1 | 0 | 0 | 4 | 128 ]
[ 128 | -5 | 5 | 0 | -5< | -15 | -5 | 1 | -1 | 0 | 0 | >0 | 0 | 0 | -1 | 0 | 0 | -1 | 0 | 0 | -1 | 0 | 0 | -1 | 0 | 0 | 4 | 128 ]
[ 128 | -5 | 5 | 0 | -6< | -15 | -5 | 1 | -1 | 0 | 0 | >0 | 0 | 0 | -1 | 0 | 0 | -1 | 0 | 0 | -1 | 0 | 0 | -1 | 0 | 0 | 4 | 128 ]
[ 128 | -5 | 5 | 0 | -7< | -15 | -5 | 1 | -1 | 0 | 0 | 0 | >0 | 0 | -1 | 0 | 0 | -1 | 0 | 0 | -1 | 0 | 0 | -1 | 0 | 0 | 4 | 128 ]
[ 128 | -5 | 5 | 0 | -8< | -15 | -5 | 1 | -1 | 0 | 0 | 0 | >0 | 0 | -1 | 0 | 0 | -1 | 0 | 0 | -1 | 0 | 0 | -1 | 0 | 0 | 4 | 128 ]
[ 128 | -5 | 5 | 0 | -9< | -15 | -5 | 1 | -1 | 0 | 0 | 0 | 0 | >0 | -1 | 0 | 0 | -1 | 0 | 0 | -1 | 0 | 0 | -1 | 0 | 0 | 4 | 128 ]
[ 128 | -5 | 5 | 0 | -10< | -15 | -5 | 1 | -1 | 0 | 0 | 0 | 0 | >0 | -1 | 0 | 0 | -1 | 0 | 0 | -1 | 0 | 0 | -1 | 0 | 0 | 4 | 128 ]
[ 128 | -5 | 5 | 0 | -10< | -15 | -5 | 1 | -1 | 0 | 0 | 0 | 0 | 0 | >-1 | 0 | 0 | -1 | 0 | 0 | -1 | 0 | 0 | -1 | 0 | 0 | 4 | 128 ]
[ 128 | -5 | 5 | 0< | -10 | -15 | -5 | 1 | -1 | 0 | 0 | 0 | 0 | 0 | >-1 | 0 | 0 | -1 | 0 | 0 | -1 | 0 | 0 | -1 | 0 | 0 | 4 | 128 ]
[ 128 | -5 | 5 | -1< | -10 | -15 | -5 | 1 | -1 | 0 | 0 | 0 | 0 | 0 | >0 | 0 | 0 | -1 | 0 | 0 | -1 | 0 | 0 | -1 | 0 | 0 | 4 | 128 ]
[ 128 | -5 | 5 | -2< | -10 | -15 | -5 | 1 | -1 | 0 | 0 | 0 | 0 | 0 | >1 | 0 | 0 | -1 | 0 | 0 | -1 | 0 | 0 | -1 | 0 | 0 | 4 | 128 ]
[ 128 | -5 | 5 | -3< | -10 | -15 | -5 | 1 | -1 | 0 | 0 | 0 | 0 | 0 | >2 | 0 | 0 | -1 | 0 | 0 | -1 | 0 | 0 | -1 | 0 | 0 | 4 | 128 ]
[ 128 | -5 | 5 | -4< | -10 | -15 | -5 | 1 | -1 | 0 | 0 | 0 | 0 | 0 | >3 | 0 | 0 | -1 | 0 | 0 | -1 | 0 | 0 | -1 | 0 | 0 | 4 | 128 ]
[ 128 | -5 | 5 | -5< | -10 | -15 | -5 | 1 | -1 | 0 | 0 | 0 | 0 | 0 | >4 | 0 | 0 | -1 | 0 | 0 | -1 | 0 | 0 | -1 | 0 | 0 | 4 | 128 ]
[ 128 | -5 | 5 | -6< | -10 | -15 | -5 | 1 | -1 | 0 | 0 | 0 | 0 | 0 | >5 | 0 | 0 | -1 | 0 | 0 | -1 | 0 | 0 | -1 | 0 | 0 | 4 | 128 ]
[ 128 | -5 | 5 | -7< | -10 | -15 | -5 | 1 | -1 | 0 | 0 | 0 | 0 | 0 | >6 | 0 | 0 | -1 | 0 | 0 | -1 | 0 | 0 | -1 | 0 | 0 | 4 | 128 ]
[ 128 | -5 | 5 | -8< | -10 | -15 | -5 | 1 | -1 | 0 | 0 | 0 | 0 | 0 | >7 | 0 | 0 | -1 | 0 | 0 | -1 | 0 | 0 | -1 | 0 | 0 | 4 | 128 ]
[ 128 | -5 | 5 | -9< | -10 | -15 | -5 | 1 | -1 | 0 | 0 | 0 | 0 | 0 | >8 | 0 | 0 | -1 | 0 | 0 | -1 | 0 | 0 | -1 | 0 | 0 | 4 | 128 ]
[ 128 | -5 | 5 | -10< | -10 | -15 | -5 | 1 | -1 | 0 | 0 | 0 | 0 | 0 | >9 | 0 | 0 | -1 | 0 | 0 | -1 | 0 | 0 | -1 | 0 | 0 | 4 | 128 ]
[ 128 | -5 | 5 | -10< | -10 | -15 | -5 | 1 | -1 | 0 | 0 | 0 | 0 | 0 | >9 | 0 | 0 | -1 | 0 | 0 | -1 | 0 | 0 | -1 | 0 | 0 | 4 | 128 ]
[ 128 | -5 | 5< | -10 | -10 | -15 | -5 | 1 | -1 | 0 | 0 | 0 | 0 | 0 | >8 | 0 | 0 | -1 | 0 | 0 | -1 | 0 | 0 | -1 | 0 | 0 | 4 | 128 ]
[ 128 | -5 | 4< | -10 | -10 | -15 | -5 | 1 | -1 | 0 | 0 | 0 | 0 | 0 | >8 | 0 | 0 | -1 | 0 | 0 | -1 | 0 | 0 | -1 | 0 | 0 | 4 | 128 ]
[ 128 | -5 | 3< | -10 | -10 | -15 | -5 | 1 | -1 | 0 | 0 | 0 | 0 | 0 | >7 | 0 | 0 | -1 | 0 | 0 | -1 | 0 | 0 | -1 | 0 | 0 | 4 | 128 ]
[ 128 | -5 | 2< | -10 | -10 | -15 | -5 | 1 | -1 | 0 | 0 | 0 | 0 | 0 | >7 | 0 | 0 | -1 | 0 | 0 | -1 | 0 | 0 | -1 | 0 | 0 | 4 | 128 ]
[ 128 | -5 | 1< | -10 | -10 | -15 | -5 | 1 | -1 | 0 | 0 | 0 | 0 | 0 | >6 | 0 | 0 | -1 | 0 | 0 | -1 | 0 | 0 | -1 | 0 | 0 | 4 | 128 ]
[ 128 | -5 | 0< | -10 | -10 | -15 | -5 | 1 | -1 | 0 | 0 | 0 | 0 | 0 | >6 | 0 | 0 | -1 | 0 | 0 | -1 | 0 | 0 | -1 | 0 | 0 | 4 | 128 ]
[ 128 | -5 | -1< | -10 | -10 | -15 | -5 | 1 | -1 | 0 | 0 | 0 | 0 | 0 | >5 | 0 | 0 | -1 | 0 | 0 | -1 | 0 | 0 | -1 | 0 | 0 | 4 | 128 ]
[ 128 | -5 | -2< | -10 | -10 | -15 | -5 | 1 | -1 | 0 | 0 | 0 | 0 | 0 | >5 | 0 | 0 | -1 | 0 | 0 | -1 | 0 | 0 | -1 | 0 | 0 | 4 | 128 ]
[ 128 | -5 | -3< | -10 | -10 | -15 | -5 | 1 | -1 | 0 | 0 | 0 | 0 | 0 | >4 | 0 | 0 | -1 | 0 | 0 | -1 | 0 | 0 | -1 | 0 | 0 | 4 | 128 ]
[ 128 | -5 | -4< | -10 | -10 | -15 | -5 | 1 | -1 | 0 | 0 | 0 | 0 | 0 | >4 | 0 | 0 | -1 | 0 | 0 | -1 | 0 | 0 | -1 | 0 | 0 | 4 | 128 ]
[ 128 | -5 | -5< | -10 | -10 | -15 | -5 | 1 | -1 | 0 | 0 | 0 | 0 | 0 | >3 | 0 | 0 | -1 | 0 | 0 | -1 | 0 | 0 | -1 | 0 | 0 | 4 | 128 ]
[ 128 | -5 | -5< | -10 | -10 | -15 | -5 | 1 | -1 | 0 | 0 | 0 | 0 | 0 | >3 | 0 | 0 | -1 | 0 | 0 | -1 | 0 | 0 | -1 | 0 | 0 | 4 | 128 ]
[ 128 | -5< | -5 | -10 | -10 | -15 | -5 | 1 | -1 | 0 | 0 | 0 | 0 | 0 | >2 | 0 | 0 | -1 | 0 | 0 | -1 | 0 | 0 | -1 | 0 | 0 | 4 | 128 ]
[ 128 | -6< | -5 | -10 | -10 | -15 | -5 | 1 | -1 | 0 | 0 | 0 | 0 | 0 | >2 | 0 | 0 | -1 | 0 | 0 | -1 | 0 | 0 | -1 | 0 | 0 | 4 | 128 ]
[ 128 | -7< | -5 | -10 | -10 | -15 | -5 | 1 | -1 | 0 | 0 | 0 | 0 | 0 | >1 | 0 | 0 | -1 | 0 | 0 | -1 | 0 | 0 | -1 | 0 | 0 | 4 | 128 ]
[ 128 | -8< | -5 | -10 | -10 | -15 | -5 | 1 | -1 | 0 | 0 | 0 | 0 | 0 | >1 | 0 | 0 | -1 | 0 | 0 | -1 | 0 | 0 | -1 | 0 | 0 | 4 | 128 ]
[ 128 | -9< | -5 | -10 | -10 | -15 | -5 | 1 | -1 | 0 | 0 | 0 | 0 | 0 | >0 | 0 | 0 | -1 | 0 | 0 | -1 | 0 | 0 | -1 | 0 | 0 | 4 | 128 ]
[ 128 | -10< | -5 | -10 | -10 | -15 | -5 | 1 | -1 | 0 | 0 | 0 | 0 | 0 | >0 | 0 | 0 | -1 | 0 | 0 | -1 | 0 | 0 | -1 | 0 | 0 | 4 | 128 ]
[ 128 | -11< | -5 | -10 | -10 | -15 | -5 | 1 | -1 | 0 | 0 | 0 | 0 | 0 | >0 | 0 | 0 | -1 | 0 | 0 | -1 | 0 | 0 | -1 | 0 | 0 | 4 | 128 ]
[ 128 | -12< | -5 | -10 | -10 | -15 | -5 | 1 | -1 | 0 | 0 | 0 | 0 | 0 | 0 | >0 | 0 | -1 | 0 | 0 | -1 | 0 | 0 | -1 | 0 | 0 | 4 | 128 ]
[ 128 | -13< | -5 | -10 | -10 | -15 | -5 | 1 | -1 | 0 | 0 | 0 | 0 | 0 | 0 | >0 | 0 | -1 | 0 | 0 | -1 | 0 | 0 | -1 | 0 | 0 | 4 | 128 ]
[ 128 | -14< | -5 | -10 | -10 | -15 | -5 | 1 | -1 | 0 | 0 | 0 | 0 | 0 | 0 | 0 | >0 | -1 | 0 | 0 | -1 | 0 | 0 | -1 | 0 | 0 | 4 | 128 ]
[ 128 | -15< | -5 | -10 | -10 | -15 | -5 | 1 | -1 | 0 | 0 | 0 | 0 | 0 | 0 | 0 | >0 | -1 | 0 | 0 | -1 | 0 | 0 | -1 | 0 | 0 | 4 | 128 ]
[ 128 | -15< | -5 | -10 | -10 | -15 | -5 | 1 | -1 | 0 | 0 | 0 | 0 | 0 | 0 | 0 | 0 | >-1 | 0 | 0 | -1 | 0 | 0 | -1 | 0 | 0 | 4 | 128 ]
[ 128< | -15 | -5 | -10 | -10 | -15 | -5 | 1 | -1 | 0 | 0 | 0 | 0 | 0 | 0 | 0 | 0 | >-1 | 0 | 0 | -1 | 0 | 0 | -1 | 0 | 0 | 4 | 128 ]
[ 127< | -15 | -5 | -10 | -10 | -15 | -5 | 1 | -1 | 0 | 0 | 0 | 0 | 0 | 0 | 0 | 0 | >0 | 0 | 0 | -1 | 0 | 0 | -1 | 0 | 0 | 4 | 128 ]
[ 126< | -15 | -5 | -10 | -10 | -15 | -5 | 1 | -1 | 0 | 0 | 0 | 0 | 0 | 0 | 0 | 0 | >1 | 0 | 0 | -1 | 0 | 0 | -1 | 0 | 0 | 4 | 128 ]
[ 125< | -15 | -5 | -10 | -10 | -15 | -5 | 1 | -1 | 0 | 0 | 0 | 0 | 0 | 0 | 0 | 0 | >2 | 0 | 0 | -1 | 0 | 0 | -1 | 0 | 0 | 4 | 128 ]
[ 124< | -15 | -5 | -10 | -10 | -15 | -5 | 1 | -1 | 0 | 0 | 0 | 0 | 0 | 0 | 0 | 0 | >3 | 0 | 0 | -1 | 0 | 0 | -1 | 0 | 0 | 4 | 128 ]
[ 123< | -15 | -5 | -10 | -10 | -15 | -5 | 1 | -1 | 0 | 0 | 0 | 0 | 0 | 0 | 0 | 0 | >4 | 0 | 0 | -1 | 0 | 0 | -1 | 0 | 0 | 4 | 128 ]
[ 122< | -15 | -5 | -10 | -10 | -15 | -5 | 1 | -1 | 0 | 0 | 0 | 0 | 0 | 0 | 0 | 0 | >5 | 0 | 0 | -1 | 0 | 0 | -1 | 0 | 0 | 4 | 128 ]
[ 121< | -15 | -5 | -10 | -10 | -15 | -5 | 1 | -1 | 0 | 0 | 0 | 0 | 0 | 0 | 0 | 0 | >6 | 0 | 0 | -1 | 0 | 0 | -1 | 0 | 0 | 4 | 128 ]
[ 120< | -15 | -5 | -10 | -10 | -15 | -5 | 1 | -1 | 0 | 0 | 0 | 0 | 0 | 0 | 0 | 0 | >7 | 0 | 0 | -1 | 0 | 0 | -1 | 0 | 0 | 4 | 128 ]
[ 119< | -15 | -5 | -10 | -10 | -15 | -5 | 1 | -1 | 0 | 0 | 0 | 0 | 0 | 0 | 0 | 0 | >8 | 0 | 0 | -1 | 0 | 0 | -1 | 0 | 0 | 4 | 128 ]
[ 118< | -15 | -5 | -10 | -10 | -15 | -5 | 1 | -1 | 0 | 0 | 0 | 0 | 0 | 0 | 0 | 0 | >9 | 0 | 0 | -1 | 0 | 0 | -1 | 0 | 0 | 4 | 128 ]
[ 118< | -15 | -5 | -10 | -10 | -15 | -5 | 1 | -1 | 0 | 0 | 0 | 0 | 0 | 0 | 0 | 0 | >9 | 0 | 0 | -1 | 0 | 0 | -1 | 0 | 0 | 4 | 128 ]
[ 118 | -15 | -5 | -10 | -10 | -15 | -5 | 1 | -1 | 0 | 0 | 0 | 0 | 0 | 0 | 0 | 0 | >8 | 0 | 0 | -1 | 0 | 0 | -1 | 0 | 0 | 4 | 128< ]

===== AnybodyThere won the battle after 151 cycles =====



===== Starting battle of <AnybodyThere> vs <PrussianRoulette> with memory tape size: 27 =====

[ >128 | 0 | 0 | 0 | 0 | 0 | 0 | 0 | 0 | 0 | 0 | 0 | 0 | 0 | 0 | 0 | 0 | 0 | 0 | 0 | 0 | 0 | 0 | 0 | 0 | 0 | 128< ]
[ 128 | >0 | 0 | 0 | 0 | 0 | 0 | 0 | 0 | 0 | 0 | 0 | 0 | 0 | 0 | 0 | 0 | 0 | 0 | 0 | 0 | 0 | 0 | 0 | 0 | 0< | 128 ]
[ 128 | 0 | >0 | 0 | 0 | 0 | 0 | 0 | 0 | 0 | 0 | 0 | 0 | 0 | 0 | 0 | 0 | 0 | 0 | 0 | 0 | 0 | 0 | 0 | 0 | 1< | 128 ]
[ 128 | 0 | 0 | >0 | 0 | 0 | 0 | 0 | 0 | 0 | 0 | 0 | 0 | 0 | 0 | 0 | 0 | 0 | 0 | 0 | 0 | 0 | 0 | 0 | 0 | 2< | 128 ]
[ 128 | 0 | 0 | >1 | 0 | 0 | 0 | 0 | 0 | 0 | 0 | 0 | 0 | 0 | 0 | 0 | 0 | 0 | 0 | 0 | 0 | 0 | 0 | 0 | 0 | 3< | 128 ]
[ 128 | 0 | >0 | 1 | 0 | 0 | 0 | 0 | 0 | 0 | 0 | 0 | 0 | 0 | 0 | 0 | 0 | 0 | 0 | 0 | 0 | 0 | 0 | 0 | 0 | 4< | 128 ]
[ 128 | 0 | >1 | 1 | 0 | 0 | 0 | 0 | 0 | 0 | 0 | 0 | 0 | 0 | 0 | 0 | 0 | 0 | 0 | 0 | 0 | 0 | 0 | 0 | 0 | 5< | 128 ]
[ 128 | 0 | >2 | 1 | 0 | 0 | 0 | 0 | 0 | 0 | 0 | 0 | 0 | 0 | 0 | 0 | 0 | 0 | 0 | 0 | 0 | 0 | 0 | 0 | 0 | 4< | 128 ]
[ 128 | 0 | >3 | 1 | 0 | 0 | 0 | 0 | 0 | 0 | 0 | 0 | 0 | 0 | 0 | 0 | 0 | 0 | 0 | 0 | 0 | 0 | 0 | 0 | 0 | 4< | 128 ]
[ 128 | 0 | >4 | 1 | 0 | 0 | 0 | 0 | 0 | 0 | 0 | 0 | 0 | 0 | 0 | 0 | 0 | 0 | 0 | 0 | 0 | 0 | 0 | 0 | 0 | 4< | 128 ]
[ 128 | 0 | >5 | 1 | 0 | 0 | 0 | 0 | 0 | 0 | 0 | 0 | 0 | 0 | 0 | 0 | 0 | 0 | 0 | 0 | 0 | 0 | 0 | 0 | 0< | 4 | 128 ]
[ 128 | >0 | 5 | 1 | 0 | 0 | 0 | 0 | 0 | 0 | 0 | 0 | 0 | 0 | 0 | 0 | 0 | 0 | 0 | 0 | 0 | 0 | 0 | 0 | 0< | 4 | 128 ]
[ 128 | >-1 | 5 | 1 | 0 | 0 | 0 | 0 | 0 | 0 | 0 | 0 | 0 | 0 | 0 | 0 | 0 | 0 | 0 | 0 | 0 | 0 | 0 | 0 | 0< | 4 | 128 ]
[ 128 | >-2 | 5 | 1 | 0 | 0 | 0 | 0 | 0 | 0 | 0 | 0 | 0 | 0 | 0 | 0 | 0 | 0 | 0 | 0 | 0 | 0 | 0 | 0 | 0< | 4 | 128 ]
[ 128 | >-3 | 5 | 1 | 0 | 0 | 0 | 0 | 0 | 0 | 0 | 0 | 0 | 0 | 0 | 0 | 0 | 0 | 0 | 0 | 0 | 0 | 0 | 0< | 0 | 4 | 128 ]
[ 128 | >-4 | 5 | 1 | 0 | 0 | 0 | 0 | 0 | 0 | 0 | 0 | 0 | 0 | 0 | 0 | 0 | 0 | 0 | 0 | 0 | 0 | 0< | 0 | 0 | 4 | 128 ]
[ 128 | >-5 | 5 | 1 | 0 | 0 | 0 | 0 | 0 | 0 | 0 | 0 | 0 | 0 | 0 | 0 | 0 | 0 | 0 | 0 | 0 | 0 | -1< | 0 | 0 | 4 | 128 ]
[ 128 | -5 | >5 | 1 | 0 | 0 | 0 | 0 | 0 | 0 | 0 | 0 | 0 | 0 | 0 | 0 | 0 | 0 | 0 | 0 | 0 | 0 | -1< | 0 | 0 | 4 | 128 ]
[ 128 | -5 | 5 | >1 | 0 | 0 | 0 | 0 | 0 | 0 | 0 | 0 | 0 | 0 | 0 | 0 | 0 | 0 | 0 | 0 | 0 | 0 | -1< | 0 | 0 | 4 | 128 ]
[ 128 | -5 | 5 | >1 | 0 | 0 | 0 | 0 | 0 | 0 | 0 | 0 | 0 | 0 | 0 | 0 | 0 | 0 | 0 | 0 | 0 | 0< | -1 | 0 | 0 | 4 | 128 ]
[ 128 | -5 | 5 | 1 | >0 | 0 | 0 | 0 | 0 | 0 | 0 | 0 | 0 | 0 | 0 | 0 | 0 | 0 | 0 | 0 | 0 | 0< | -1 | 0 | 0 | 4 | 128 ]
[ 128 | -5 | 5 | 1 | >0 | 0 | 0 | 0 | 0 | 0 | 0 | 0 | 0 | 0 | 0 | 0 | 0 | 0 | 0 | 0 | 0 | 0< | -1 | 0 | 0 | 4 | 128 ]
[ 128 | -5 | 5 | 1 | 0 | >0 | 0 | 0 | 0 | 0 | 0 | 0 | 0 | 0 | 0 | 0 | 0 | 0 | 0 | 0 | 0 | 0< | -1 | 0 | 0 | 4 | 128 ]
[ 128 | -5 | 5 | 1 | 0 | >0 | 0 | 0 | 0 | 0 | 0 | 0 | 0 | 0 | 0 | 0 | 0 | 0 | 0 | 0 | 0< | 0 | -1 | 0 | 0 | 4 | 128 ]
[ 128 | -5 | 5 | 1 | 0 | 0 | >0 | 0 | 0 | 0 | 0 | 0 | 0 | 0 | 0 | 0 | 0 | 0 | 0 | 0< | 0 | 0 | -1 | 0 | 0 | 4 | 128 ]
[ 128 | -5 | 5 | 1 | 0 | 0 | >0 | 0 | 0 | 0 | 0 | 0 | 0 | 0 | 0 | 0 | 0 | 0 | 0 | -1< | 0 | 0 | -1 | 0 | 0 | 4 | 128 ]
[ 128 | -5 | 5 | 1 | 0 | 0 | 0 | >0 | 0 | 0 | 0 | 0 | 0 | 0 | 0 | 0 | 0 | 0 | 0 | -1< | 0 | 0 | -1 | 0 | 0 | 4 | 128 ]
[ 128 | -5 | 5 | 1 | 0 | 0 | 0 | >0 | 0 | 0 | 0 | 0 | 0 | 0 | 0 | 0 | 0 | 0 | 0 | -1< | 0 | 0 | -1 | 0 | 0 | 4 | 128 ]
[ 128 | -5 | 5 | 1 | 0 | 0 | 0 | >1 | 0 | 0 | 0 | 0 | 0 | 0 | 0 | 0 | 0 | 0 | 0< | -1 | 0 | 0 | -1 | 0 | 0 | 4 | 128 ]
[ 128 | -5 | 5 | 1 | 0 | 0 | >0 | 1 | 0 | 0 | 0 | 0 | 0 | 0 | 0 | 0 | 0 | 0 | 0< | -1 | 0 | 0 | -1 | 0 | 0 | 4 | 128 ]
[ 128 | -5 | 5 | 1 | 0 | >0 | 0 | 1 | 0 | 0 | 0 | 0 | 0 | 0 | 0 | 0 | 0 | 0 | 0< | -1 | 0 | 0 | -1 | 0 | 0 | 4 | 128 ]
[ 128 | -5 | 5 | 1 | >0 | 0 | 0 | 1 | 0 | 0 | 0 | 0 | 0 | 0 | 0 | 0 | 0 | 0 | 0< | -1 | 0 | 0 | -1 | 0 | 0 | 4 | 128 ]
[ 128 | -5 | 5 | >1 | 0 | 0 | 0 | 1 | 0 | 0 | 0 | 0 | 0 | 0 | 0 | 0 | 0 | 0< | 0 | -1 | 0 | 0 | -1 | 0 | 0 | 4 | 128 ]
[ 128 | -5 | 5 | >1 | 0 | 0 | 0 | 1 | 0 | 0 | 0 | 0 | 0 | 0 | 0 | 0 | 0< | 0 | 0 | -1 | 0 | 0 | -1 | 0 | 0 | 4 | 128 ]
[ 128 | -5 | 5 | 1 | >0 | 0 | 0 | 1 | 0 | 0 | 0 | 0 | 0 | 0 | 0 | 0 | -1< | 0 | 0 | -1 | 0 | 0 | -1 | 0 | 0 | 4 | 128 ]
[ 128 | -5 | 5 | 1 | 0 | >0 | 0 | 1 | 0 | 0 | 0 | 0 | 0 | 0 | 0 | 0 | -1< | 0 | 0 | -1 | 0 | 0 | -1 | 0 | 0 | 4 | 128 ]
[ 128 | -5 | 5 | 1 | 0 | 0 | >0 | 1 | 0 | 0 | 0 | 0 | 0 | 0 | 0 | 0 | -1< | 0 | 0 | -1 | 0 | 0 | -1 | 0 | 0 | 4 | 128 ]
[ 128 | -5 | 5 | 1 | 0 | 0 | >1 | 1 | 0 | 0 | 0 | 0 | 0 | 0 | 0 | 0< | -1 | 0 | 0 | -1 | 0 | 0 | -1 | 0 | 0 | 4 | 128 ]
[ 128 | -5 | 5 | 1 | 0 | 0 | >2 | 1 | 0 | 0 | 0 | 0 | 0 | 0 | 0 | 0< | -1 | 0 | 0 | -1 | 0 | 0 | -1 | 0 | 0 | 4 | 128 ]
[ 128 | -5 | 5 | 1 | 0 | 0 | >3 | 1 | 0 | 0 | 0 | 0 | 0 | 0 | 0 | 0< | -1 | 0 | 0 | -1 | 0 | 0 | -1 | 0 | 0 | 4 | 128 ]
[ 128 | -5 | 5 | 1 | 0 | 0 | >4 | 1 | 0 | 0 | 0 | 0 | 0 | 0 | 0 | 0< | -1 | 0 | 0 | -1 | 0 | 0 | -1 | 0 | 0 | 4 | 128 ]
[ 128 | -5 | 5 | 1 | 0 | 0 | >5 | 1 | 0 | 0 | 0 | 0 | 0 | 0 | 0< | 0 | -1 | 0 | 0 | -1 | 0 | 0 | -1 | 0 | 0 | 4 | 128 ]
[ 128 | -5 | 5 | 1 | 0 | >0 | 5 | 1 | 0 | 0 | 0 | 0 | 0 | 0< | 0 | 0 | -1 | 0 | 0 | -1 | 0 | 0 | -1 | 0 | 0 | 4 | 128 ]
[ 128 | -5 | 5 | 1 | 0 | >-1 | 5 | 1 | 0 | 0 | 0 | 0 | 0 | -1< | 0 | 0 | -1 | 0 | 0 | -1 | 0 | 0 | -1 | 0 | 0 | 4 | 128 ]
[ 128 | -5 | 5 | 1 | 0 | >-2 | 5 | 1 | 0 | 0 | 0 | 0 | 0 | -1< | 0 | 0 | -1 | 0 | 0 | -1 | 0 | 0 | -1 | 0 | 0 | 4 | 128 ]
[ 128 | -5 | 5 | 1 | 0 | >-3 | 5 | 1 | 0 | 0 | 0 | 0 | 0 | -1< | 0 | 0 | -1 | 0 | 0 | -1 | 0 | 0 | -1 | 0 | 0 | 4 | 128 ]
[ 128 | -5 | 5 | 1 | 0 | >-4 | 5 | 1 | 0 | 0 | 0 | 0 | 0< | -1 | 0 | 0 | -1 | 0 | 0 | -1 | 0 | 0 | -1 | 0 | 0 | 4 | 128 ]
[ 128 | -5 | 5 | 1 | 0 | >-5 | 5 | 1 | 0 | 0 | 0 | 0 | 0< | -1 | 0 | 0 | -1 | 0 | 0 | -1 | 0 | 0 | -1 | 0 | 0 | 4 | 128 ]
[ 128 | -5 | 5 | 1 | >0 | -5 | 5 | 1 | 0 | 0 | 0 | 0 | 0< | -1 | 0 | 0 | -1 | 0 | 0 | -1 | 0 | 0 | -1 | 0 | 0 | 4 | 128 ]
[ 128 | -5 | 5 | >1 | 0 | -5 | 5 | 1 | 0 | 0 | 0 | 0 | 0< | -1 | 0 | 0 | -1 | 0 | 0 | -1 | 0 | 0 | -1 | 0 | 0 | 4 | 128 ]
[ 128 | -5 | 5 | >1 | 0 | -5 | 5 | 1 | 0 | 0 | 0 | 0< | 0 | -1 | 0 | 0 | -1 | 0 | 0 | -1 | 0 | 0 | -1 | 0 | 0 | 4 | 128 ]
[ 128 | -5 | 5 | >0 | 0 | -5 | 5 | 1 | 0 | 0 | 0< | 0 | 0 | -1 | 0 | 0 | -1 | 0 | 0 | -1 | 0 | 0 | -1 | 0 | 0 | 4 | 128 ]
[ 128 | -5 | 5 | >0 | 0 | -5 | 5 | 1 | 0 | 0 | -1< | 0 | 0 | -1 | 0 | 0 | -1 | 0 | 0 | -1 | 0 | 0 | -1 | 0 | 0 | 4 | 128 ]
[ 128 | -5 | 5 | >0 | 0 | -5 | 5 | 1 | 0 | 0 | -1< | 0 | 0 | -1 | 0 | 0 | -1 | 0 | 0 | -1 | 0 | 0 | -1 | 0 | 0 | 4 | 128 ]
[ 128 | -5 | 5 | 0 | >0 | -5 | 5 | 1 | 0 | 0 | -1< | 0 | 0 | -1 | 0 | 0 | -1 | 0 | 0 | -1 | 0 | 0 | -1 | 0 | 0 | 4 | 128 ]
[ 128 | -5 | 5 | 0 | 0 | >-5 | 5 | 1 | 0 | 0< | -1 | 0 | 0 | -1 | 0 | 0 | -1 | 0 | 0 | -1 | 0 | 0 | -1 | 0 | 0 | 4 | 128 ]
[ 128 | -5 | 5 | 0 | 0 | -5 | >5 | 1 | 0 | 0< | -1 | 0 | 0 | -1 | 0 | 0 | -1 | 0 | 0 | -1 | 0 | 0 | -1 | 0 | 0 | 4 | 128 ]
[ 128 | -5 | 5 | 0 | 0 | -5 | 5 | >1 | 0 | 0< | -1 | 0 | 0 | -1 | 0 | 0 | -1 | 0 | 0 | -1 | 0 | 0 | -1 | 0 | 0 | 4 | 128 ]
[ 128 | -5 | 5 | 0 | 0 | -5 | 5 | >1 | 0 | 0< | -1 | 0 | 0 | -1 | 0 | 0 | -1 | 0 | 0 | -1 | 0 | 0 | -1 | 0 | 0 | 4 | 128 ]
[ 128 | -5 | 5 | 0 | 0 | -5 | 5 | 1 | >0< | 0 | -1 | 0 | 0 | -1 | 0 | 0 | -1 | 0 | 0 | -1 | 0 | 0 | -1 | 0 | 0 | 4 | 128 ]
[ 128 | -5 | 5 | 0 | 0 | -5 | 5 | 1< | >0 | 0 | -1 | 0 | 0 | -1 | 0 | 0 | -1 | 0 | 0 | -1 | 0 | 0 | -1 | 0 | 0 | 4 | 128 ]
[ 128 | -5 | 5 | 0 | 0 | -5 | 5 | 0< | 0 | >0 | -1 | 0 | 0 | -1 | 0 | 0 | -1 | 0 | 0 | -1 | 0 | 0 | -1 | 0 | 0 | 4 | 128 ]
[ 128 | -5 | 5 | 0 | 0 | -5 | 5 | 0< | 0 | >0 | -1 | 0 | 0 | -1 | 0 | 0 | -1 | 0 | 0 | -1 | 0 | 0 | -1 | 0 | 0 | 4 | 128 ]
[ 128 | -5 | 5 | 0 | 0 | -5 | 5 | 0< | 0 | 0 | >-1 | 0 | 0 | -1 | 0 | 0 | -1 | 0 | 0 | -1 | 0 | 0 | -1 | 0 | 0 | 4 | 128 ]
[ 128 | -5 | 5 | 0 | 0 | -5 | 5< | 0 | 0 | 0 | >-1 | 0 | 0 | -1 | 0 | 0 | -1 | 0 | 0 | -1 | 0 | 0 | -1 | 0 | 0 | 4 | 128 ]
[ 128 | -5 | 5 | 0 | 0 | -5< | 5 | 0 | 0 | 0 | >-1 | 0 | 0 | -1 | 0 | 0 | -1 | 0 | 0 | -1 | 0 | 0 | -1 | 0 | 0 | 4 | 128 ]
[ 128 | -5 | 5 | 0 | 0 | -6< | 5 | 0 | 0 | 0 | >0 | 0 | 0 | -1 | 0 | 0 | -1 | 0 | 0 | -1 | 0 | 0 | -1 | 0 | 0 | 4 | 128 ]
[ 128 | -5 | 5 | 0 | 0 | -6< | 5 | 0 | 0 | 0 | >1 | 0 | 0 | -1 | 0 | 0 | -1 | 0 | 0 | -1 | 0 | 0 | -1 | 0 | 0 | 4 | 128 ]
[ 128 | -5 | 5 | 0 | 0 | -6< | 5 | 0 | 0 | 0 | >2 | 0 | 0 | -1 | 0 | 0 | -1 | 0 | 0 | -1 | 0 | 0 | -1 | 0 | 0 | 4 | 128 ]
[ 128 | -5 | 5 | 0 | 0< | -6 | 5 | 0 | 0 | 0 | >3 | 0 | 0 | -1 | 0 | 0 | -1 | 0 | 0 | -1 | 0 | 0 | -1 | 0 | 0 | 4 | 128 ]
[ 128 | -5 | 5 | 0 | 0< | -6 | 5 | 0 | 0 | 0 | >4 | 0 | 0 | -1 | 0 | 0 | -1 | 0 | 0 | -1 | 0 | 0 | -1 | 0 | 0 | 4 | 128 ]
[ 128 | -5 | 5 | 0 | 0< | -6 | 5 | 0 | 0 | 0 | >5 | 0 | 0 | -1 | 0 | 0 | -1 | 0 | 0 | -1 | 0 | 0 | -1 | 0 | 0 | 4 | 128 ]
[ 128 | -5 | 5 | 0 | 0< | -6 | 5 | 0 | 0 | 0 | >6 | 0 | 0 | -1 | 0 | 0 | -1 | 0 | 0 | -1 | 0 | 0 | -1 | 0 | 0 | 4 | 128 ]
[ 128 | -5 | 5 | 0< | 0 | -6 | 5 | 0 | 0 | 0 | >7 | 0 | 0 | -1 | 0 | 0 | -1 | 0 | 0 | -1 | 0 | 0 | -1 | 0 | 0 | 4 | 128 ]
[ 128 | -5 | 5< | 0 | 0 | -6 | 5 | 0 | 0 | 0 | >8 | 0 | 0 | -1 | 0 | 0 | -1 | 0 | 0 | -1 | 0 | 0 | -1 | 0 | 0 | 4 | 128 ]
[ 128 | -5 | 4< | 0 | 0 | -6 | 5 | 0 | 0 | 0 | >9 | 0 | 0 | -1 | 0 | 0 | -1 | 0 | 0 | -1 | 0 | 0 | -1 | 0 | 0 | 4 | 128 ]
[ 128 | -5 | 4< | 0 | 0 | -6 | 5 | 0 | 0 | 0 | >9 | 0 | 0 | -1 | 0 | 0 | -1 | 0 | 0 | -1 | 0 | 0 | -1 | 0 | 0 | 4 | 128 ]
[ 128 | -5 | 4< | 0 | 0 | -6 | 5 | 0 | 0 | 0 | >8 | 0 | 0 | -1 | 0 | 0 | -1 | 0 | 0 | -1 | 0 | 0 | -1 | 0 | 0 | 4 | 128 ]
[ 128 | -5< | 4 | 0 | 0 | -6 | 5 | 0 | 0 | 0 | >8 | 0 | 0 | -1 | 0 | 0 | -1 | 0 | 0 | -1 | 0 | 0 | -1 | 0 | 0 | 4 | 128 ]
[ 128 | -5< | 4 | 0 | 0 | -6 | 5 | 0 | 0 | 0 | >7 | 0 | 0 | -1 | 0 | 0 | -1 | 0 | 0 | -1 | 0 | 0 | -1 | 0 | 0 | 4 | 128 ]
[ 128 | -5< | 4 | 0 | 0 | -6 | 5 | 0 | 0 | 0 | >7 | 0 | 0 | -1 | 0 | 0 | -1 | 0 | 0 | -1 | 0 | 0 | -1 | 0 | 0 | 4 | 128 ]
[ 128< | -5 | 4 | 0 | 0 | -6 | 5 | 0 | 0 | 0 | >6 | 0 | 0 | -1 | 0 | 0 | -1 | 0 | 0 | -1 | 0 | 0 | -1 | 0 | 0 | 4 | 128 ]
[ 127< | -5 | 4 | 0 | 0 | -6 | 5 | 0 | 0 | 0 | >6 | 0 | 0 | -1 | 0 | 0 | -1 | 0 | 0 | -1 | 0 | 0 | -1 | 0 | 0 | 4 | 128 ]
[ 126< | -5 | 4 | 0 | 0 | -6 | 5 | 0 | 0 | 0 | >5 | 0 | 0 | -1 | 0 | 0 | -1 | 0 | 0 | -1 | 0 | 0 | -1 | 0 | 0 | 4 | 128 ]
[ 125< | -5 | 4 | 0 | 0 | -6 | 5 | 0 | 0 | 0 | >5 | 0 | 0 | -1 | 0 | 0 | -1 | 0 | 0 | -1 | 0 | 0 | -1 | 0 | 0 | 4 | 128 ]
[ 124< | -5 | 4 | 0 | 0 | -6 | 5 | 0 | 0 | 0 | >4 | 0 | 0 | -1 | 0 | 0 | -1 | 0 | 0 | -1 | 0 | 0 | -1 | 0 | 0 | 4 | 128 ]
[ 123< | -5 | 4 | 0 | 0 | -6 | 5 | 0 | 0 | 0 | >4 | 0 | 0 | -1 | 0 | 0 | -1 | 0 | 0 | -1 | 0 | 0 | -1 | 0 | 0 | 4 | 128 ]
[ 122< | -5 | 4 | 0 | 0 | -6 | 5 | 0 | 0 | 0 | >3 | 0 | 0 | -1 | 0 | 0 | -1 | 0 | 0 | -1 | 0 | 0 | -1 | 0 | 0 | 4 | 128 ]
[ 121< | -5 | 4 | 0 | 0 | -6 | 5 | 0 | 0 | 0 | >3 | 0 | 0 | -1 | 0 | 0 | -1 | 0 | 0 | -1 | 0 | 0 | -1 | 0 | 0 | 4 | 128 ]
[ 120< | -5 | 4 | 0 | 0 | -6 | 5 | 0 | 0 | 0 | >2 | 0 | 0 | -1 | 0 | 0 | -1 | 0 | 0 | -1 | 0 | 0 | -1 | 0 | 0 | 4 | 128 ]
[ 119< | -5 | 4 | 0 | 0 | -6 | 5 | 0 | 0 | 0 | >2 | 0 | 0 | -1 | 0 | 0 | -1 | 0 | 0 | -1 | 0 | 0 | -1 | 0 | 0 | 4 | 128 ]
[ 118< | -5 | 4 | 0 | 0 | -6 | 5 | 0 | 0 | 0 | >1 | 0 | 0 | -1 | 0 | 0 | -1 | 0 | 0 | -1 | 0 | 0 | -1 | 0 | 0 | 4 | 128 ]
[ 118< | -5 | 4 | 0 | 0 | -6 | 5 | 0 | 0 | 0 | >1 | 0 | 0 | -1 | 0 | 0 | -1 | 0 | 0 | -1 | 0 | 0 | -1 | 0 | 0 | 4 | 128 ]
[ 118 | -5 | 4 | 0 | 0 | -6 | 5 | 0 | 0 | 0 | >0 | 0 | 0 | -1 | 0 | 0 | -1 | 0 | 0 | -1 | 0 | 0 | -1 | 0 | 0 | 4 | 128< ]

===== AnybodyThere won the battle after 93 cycles =====



===== AnybodyThere.bf vs. PrussianRoulette.bf finished with 10:0 =====