===== Starting battle of <BestOffense> vs <Roomba> with memory tape size: 18 =====

[ >128 | 0 | 0 | 0 | 0 | 0 | 0 | 0 | 0 | 0 | 0 | 0 | 0 | 0 | 0 | 0 | 0 | 128< ]
[ 128< | >0 | 0 | 0 | 0 | 0 | 0 | 0 | 0 | 0 | 0 | 0 | 0 | 0 | 0 | 0 | 0 | 128 ]

===== BestOffense won the battle after 1 cycles =====



===== Starting battle of <BestOffense> vs <Roomba> with memory tape size: 28 =====

[ >128 | 0 | 0 | 0 | 0 | 0 | 0 | 0 | 0 | 0 | 0 | 0 | 0 | 0 | 0 | 0 | 0 | 0 | 0 | 0 | 0 | 0 | 0 | 0 | 0 | 0 | 0 | 128< ]
[ 128< | >0 | 0 | 0 | 0 | 0 | 0 | 0 | 0 | 0 | 0 | 0 | 0 | 0 | 0 | 0 | 0 | 0 | 0 | 0 | 0 | 0 | 0 | 0 | 0 | 0 | 0 | 128 ]

===== BestOffense won the battle after 1 cycles =====



===== Starting battle of <BestOffense> vs <Roomba> with memory tape size: 10 =====

[ >128 | 0 | 0 | 0 | 0 | 0 | 0 | 0 | 0 | 128< ]
[ 128< | >0 | 0 | 0 | 0 | 0 | 0 | 0 | 0 | 128 ]

===== BestOffense won the battle after 1 cycles =====



===== Starting battle of <BestOffense> vs <Roomba> with memory tape size: 28 =====

[ >128 | 0 | 0 | 0 | 0 | 0 | 0 | 0 | 0 | 0 | 0 | 0 | 0 | 0 | 0 | 0 | 0 | 0 | 0 | 0 | 0 | 0 | 0 | 0 | 0 | 0 | 0 | 128< ]
[ 128< | >0 | 0 | 0 | 0 | 0 | 0 | 0 | 0 | 0 | 0 | 0 | 0 | 0 | 0 | 0 | 0 | 0 | 0 | 0 | 0 | 0 | 0 | 0 | 0 | 0 | 0 | 128 ]

===== BestOffense won the battle after 1 cycles =====



===== Starting battle of <BestOffense> vs <Roomba> with memory tape size: 15 =====

[ >128 | 0 | 0 | 0 | 0 | 0 | 0 | 0 | 0 | 0 | 0 | 0 | 0 | 0 | 128< ]
[ 128< | >0 | 0 | 0 | 0 | 0 | 0 | 0 | 0 | 0 | 0 | 0 | 0 | 0 | 128 ]

===== BestOffense won the battle after 1 cycles =====



===== Starting battle of <BestOffense> vs <Roomba> with memory tape size: 17 =====

[ >128 | 0 | 0 | 0 | 0 | 0 | 0 | 0 | 0 | 0 | 0 | 0 | 0 | 0 | 0 | 0 | 128< ]
[ 128< | >0 | 0 | 0 | 0 | 0 | 0 | 0 | 0 | 0 | 0 | 0 | 0 | 0 | 0 | 0 | 128 ]

===== BestOffense won the battle after 1 cycles =====



===== Starting battle of <BestOffense> vs <Roomba> with memory tape size: 10 =====

[ >128 | 0 | 0 | 0 | 0 | 0 | 0 | 0 | 0 | 128< ]
[ 128< | >0 | 0 | 0 | 0 | 0 | 0 | 0 | 0 | 128 ]

===== BestOffense won the battle after 1 cycles =====



===== Starting battle of <BestOffense> vs <Roomba> with memory tape size: 30 =====

[ >128 | 0 | 0 | 0 | 0 | 0 | 0 | 0 | 0 | 0 | 0 | 0 | 0 | 0 | 0 | 0 | 0 | 0 | 0 | 0 | 0 | 0 | 0 | 0 | 0 | 0 | 0 | 0 | 0 | 128< ]
[ 128< | >0 | 0 | 0 | 0 | 0 | 0 | 0 | 0 | 0 | 0 | 0 | 0 | 0 | 0 | 0 | 0 | 0 | 0 | 0 | 0 | 0 | 0 | 0 | 0 | 0 | 0 | 0 | 0 | 128 ]

===== BestOffense won the battle after 1 cycles =====



===== Starting battle of <BestOffense> vs <Roomba> with memory tape size: 21 =====

[ >128 | 0 | 0 | 0 | 0 | 0 | 0 | 0 | 0 | 0 | 0 | 0 | 0 | 0 | 0 | 0 | 0 | 0 | 0 | 0 | 128< ]
[ 128< | >0 | 0 | 0 | 0 | 0 | 0 | 0 | 0 | 0 | 0 | 0 | 0 | 0 | 0 | 0 | 0 | 0 | 0 | 0 | 128 ]

===== BestOffense won the battle after 1 cycles =====



===== Starting battle of <BestOffense> vs <Roomba> with memory tape size: 20 =====

[ >128 | 0 | 0 | 0 | 0 | 0 | 0 | 0 | 0 | 0 | 0 | 0 | 0 | 0 | 0 | 0 | 0 | 0 | 0 | 128< ]
[ 128< | >0 | 0 | 0 | 0 | 0 | 0 | 0 | 0 | 0 | 0 | 0 | 0 | 0 | 0 | 0 | 0 | 0 | 0 | 128 ]

===== BestOffense won the battle after 1 cycles =====



===== BestOffense.bf vs. Roomba.bf finished with 10:0 =====