===== Starting battle of <BestOffense> vs <PrussianRoulette> with memory tape size: 13 =====

[ >128 | 0 | 0 | 0 | 0 | 0 | 0 | 0 | 0 | 0 | 0 | 0 | 128< ]
[ 128 | >0 | 0 | 0 | 0 | 0 | 0 | 0 | 0 | 0 | 0 | 0< | 128 ]
[ 128 | >-1 | 0 | 0 | 0 | 0 | 0 | 0 | 0 | 0 | 0 | 1< | 128 ]
[ 128 | >-2 | 0 | 0 | 0 | 0 | 0 | 0 | 0 | 0 | 0 | 2< | 128 ]
[ 128 | -2 | >0 | 0 | 0 | 0 | 0 | 0 | 0 | 0 | 0 | 3< | 128 ]
[ 128 | -2 | >1 | 0 | 0 | 0 | 0 | 0 | 0 | 0 | 0 | 4< | 128 ]
[ 128 | -2 | >1 | 0 | 0 | 0 | 0 | 0 | 0 | 0 | 0 | 5< | 128 ]
[ 128 | -2 | >2 | 0 | 0 | 0 | 0 | 0 | 0 | 0 | 0 | 4< | 128 ]
[ 128 | -2 | >2 | 0 | 0 | 0 | 0 | 0 | 0 | 0 | 0 | 4< | 128 ]
[ 128 | -2 | >3 | 0 | 0 | 0 | 0 | 0 | 0 | 0 | 0 | 4< | 128 ]
[ 128 | -2 | >3 | 0 | 0 | 0 | 0 | 0 | 0 | 0 | 0< | 4 | 128 ]
[ 128 | -2 | >4 | 0 | 0 | 0 | 0 | 0 | 0 | 0 | 0< | 4 | 128 ]
[ 128 | -2 | >4 | 0 | 0 | 0 | 0 | 0 | 0 | 0 | 0< | 4 | 128 ]
[ 128 | -2 | >5 | 0 | 0 | 0 | 0 | 0 | 0 | 0 | 0< | 4 | 128 ]
[ 128 | -2 | >5 | 0 | 0 | 0 | 0 | 0 | 0 | 0< | 0 | 4 | 128 ]
[ 128 | -2 | >6 | 0 | 0 | 0 | 0 | 0 | 0< | 0 | 0 | 4 | 128 ]
[ 128 | -2 | >6 | 0 | 0 | 0 | 0 | 0 | -1< | 0 | 0 | 4 | 128 ]
[ 128 | -2 | >7 | 0 | 0 | 0 | 0 | 0 | -1< | 0 | 0 | 4 | 128 ]
[ 128 | -2 | >7 | 0 | 0 | 0 | 0 | 0 | -1< | 0 | 0 | 4 | 128 ]
[ 128 | -2 | >8 | 0 | 0 | 0 | 0 | 0< | -1 | 0 | 0 | 4 | 128 ]
[ 128 | -2 | >8 | 0 | 0 | 0 | 0 | 0< | -1 | 0 | 0 | 4 | 128 ]
[ 128 | -2 | >9 | 0 | 0 | 0 | 0 | 0< | -1 | 0 | 0 | 4 | 128 ]
[ 128 | -2 | >9 | 0 | 0 | 0 | 0 | 0< | -1 | 0 | 0 | 4 | 128 ]
[ 128 | -2 | >10 | 0 | 0 | 0 | 0< | 0 | -1 | 0 | 0 | 4 | 128 ]
[ 128 | -2 | >10 | 0 | 0 | 0< | 0 | 0 | -1 | 0 | 0 | 4 | 128 ]
[ 128 | -2 | >11 | 0 | 0 | -1< | 0 | 0 | -1 | 0 | 0 | 4 | 128 ]
[ 128 | -2 | >11 | 0 | 0 | -1< | 0 | 0 | -1 | 0 | 0 | 4 | 128 ]
[ 128 | -2 | >12 | 0 | 0 | -1< | 0 | 0 | -1 | 0 | 0 | 4 | 128 ]
[ 128 | -2 | >12 | 0 | 0< | -1 | 0 | 0 | -1 | 0 | 0 | 4 | 128 ]
[ 128 | -2 | >13 | 0 | 0< | -1 | 0 | 0 | -1 | 0 | 0 | 4 | 128 ]
[ 128 | -2 | >13 | 0 | 0< | -1 | 0 | 0 | -1 | 0 | 0 | 4 | 128 ]
[ 128 | -2 | >14 | 0 | 0< | -1 | 0 | 0 | -1 | 0 | 0 | 4 | 128 ]
[ 128 | -2 | >14 | 0< | 0 | -1 | 0 | 0 | -1 | 0 | 0 | 4 | 128 ]
[ 128 | -2 | >15< | 0 | 0 | -1 | 0 | 0 | -1 | 0 | 0 | 4 | 128 ]
[ 128 | -2 | >14< | 0 | 0 | -1 | 0 | 0 | -1 | 0 | 0 | 4 | 128 ]
[ 128 | -2 | >15< | 0 | 0 | -1 | 0 | 0 | -1 | 0 | 0 | 4 | 128 ]
[ 128 | -2 | >15< | 0 | 0 | -1 | 0 | 0 | -1 | 0 | 0 | 4 | 128 ]
[ 128 | -2< | >16 | 0 | 0 | -1 | 0 | 0 | -1 | 0 | 0 | 4 | 128 ]
[ 128 | -2< | >16 | 0 | 0 | -1 | 0 | 0 | -1 | 0 | 0 | 4 | 128 ]
[ 128 | -2< | >17 | 0 | 0 | -1 | 0 | 0 | -1 | 0 | 0 | 4 | 128 ]
[ 128< | -2 | >17 | 0 | 0 | -1 | 0 | 0 | -1 | 0 | 0 | 4 | 128 ]
[ 127< | -2 | >18 | 0 | 0 | -1 | 0 | 0 | -1 | 0 | 0 | 4 | 128 ]
[ 126< | -2 | >18 | 0 | 0 | -1 | 0 | 0 | -1 | 0 | 0 | 4 | 128 ]
[ 125< | -2 | >19 | 0 | 0 | -1 | 0 | 0 | -1 | 0 | 0 | 4 | 128 ]
[ 124< | -2 | >19 | 0 | 0 | -1 | 0 | 0 | -1 | 0 | 0 | 4 | 128 ]
[ 123< | -2 | >20 | 0 | 0 | -1 | 0 | 0 | -1 | 0 | 0 | 4 | 128 ]
[ 122< | -2 | >20 | 0 | 0 | -1 | 0 | 0 | -1 | 0 | 0 | 4 | 128 ]
[ 121< | -2 | >21 | 0 | 0 | -1 | 0 | 0 | -1 | 0 | 0 | 4 | 128 ]
[ 120< | -2 | >21 | 0 | 0 | -1 | 0 | 0 | -1 | 0 | 0 | 4 | 128 ]
[ 119< | -2 | >22 | 0 | 0 | -1 | 0 | 0 | -1 | 0 | 0 | 4 | 128 ]
[ 118< | -2 | >22 | 0 | 0 | -1 | 0 | 0 | -1 | 0 | 0 | 4 | 128 ]
[ 118< | -2 | >23 | 0 | 0 | -1 | 0 | 0 | -1 | 0 | 0 | 4 | 128 ]
[ 118 | -2 | >23 | 0 | 0 | -1 | 0 | 0 | -1 | 0 | 0 | 4 | 128< ]

===== BestOffense won the battle after 52 cycles =====



===== Starting battle of <BestOffense> vs <PrussianRoulette> with memory tape size: 23 =====

[ >128 | 0 | 0 | 0 | 0 | 0 | 0 | 0 | 0 | 0 | 0 | 0 | 0 | 0 | 0 | 0 | 0 | 0 | 0 | 0 | 0 | 0 | 128< ]
[ 128 | >0 | 0 | 0 | 0 | 0 | 0 | 0 | 0 | 0 | 0 | 0 | 0 | 0 | 0 | 0 | 0 | 0 | 0 | 0 | 0 | 0< | 128 ]
[ 128 | >-1 | 0 | 0 | 0 | 0 | 0 | 0 | 0 | 0 | 0 | 0 | 0 | 0 | 0 | 0 | 0 | 0 | 0 | 0 | 0 | 1< | 128 ]
[ 128 | >-2 | 0 | 0 | 0 | 0 | 0 | 0 | 0 | 0 | 0 | 0 | 0 | 0 | 0 | 0 | 0 | 0 | 0 | 0 | 0 | 2< | 128 ]
[ 128 | -2 | >0 | 0 | 0 | 0 | 0 | 0 | 0 | 0 | 0 | 0 | 0 | 0 | 0 | 0 | 0 | 0 | 0 | 0 | 0 | 3< | 128 ]
[ 128 | -2 | >1 | 0 | 0 | 0 | 0 | 0 | 0 | 0 | 0 | 0 | 0 | 0 | 0 | 0 | 0 | 0 | 0 | 0 | 0 | 4< | 128 ]
[ 128 | -2 | >1 | 0 | 0 | 0 | 0 | 0 | 0 | 0 | 0 | 0 | 0 | 0 | 0 | 0 | 0 | 0 | 0 | 0 | 0 | 5< | 128 ]
[ 128 | -2 | >2 | 0 | 0 | 0 | 0 | 0 | 0 | 0 | 0 | 0 | 0 | 0 | 0 | 0 | 0 | 0 | 0 | 0 | 0 | 4< | 128 ]
[ 128 | -2 | >2 | 0 | 0 | 0 | 0 | 0 | 0 | 0 | 0 | 0 | 0 | 0 | 0 | 0 | 0 | 0 | 0 | 0 | 0 | 4< | 128 ]
[ 128 | -2 | >3 | 0 | 0 | 0 | 0 | 0 | 0 | 0 | 0 | 0 | 0 | 0 | 0 | 0 | 0 | 0 | 0 | 0 | 0 | 4< | 128 ]
[ 128 | -2 | >3 | 0 | 0 | 0 | 0 | 0 | 0 | 0 | 0 | 0 | 0 | 0 | 0 | 0 | 0 | 0 | 0 | 0 | 0< | 4 | 128 ]
[ 128 | -2 | >4 | 0 | 0 | 0 | 0 | 0 | 0 | 0 | 0 | 0 | 0 | 0 | 0 | 0 | 0 | 0 | 0 | 0 | 0< | 4 | 128 ]
[ 128 | -2 | >4 | 0 | 0 | 0 | 0 | 0 | 0 | 0 | 0 | 0 | 0 | 0 | 0 | 0 | 0 | 0 | 0 | 0 | 0< | 4 | 128 ]
[ 128 | -2 | >5 | 0 | 0 | 0 | 0 | 0 | 0 | 0 | 0 | 0 | 0 | 0 | 0 | 0 | 0 | 0 | 0 | 0 | 0< | 4 | 128 ]
[ 128 | -2 | >5 | 0 | 0 | 0 | 0 | 0 | 0 | 0 | 0 | 0 | 0 | 0 | 0 | 0 | 0 | 0 | 0 | 0< | 0 | 4 | 128 ]
[ 128 | -2 | >6 | 0 | 0 | 0 | 0 | 0 | 0 | 0 | 0 | 0 | 0 | 0 | 0 | 0 | 0 | 0 | 0< | 0 | 0 | 4 | 128 ]
[ 128 | -2 | >6 | 0 | 0 | 0 | 0 | 0 | 0 | 0 | 0 | 0 | 0 | 0 | 0 | 0 | 0 | 0 | -1< | 0 | 0 | 4 | 128 ]
[ 128 | -2 | >7 | 0 | 0 | 0 | 0 | 0 | 0 | 0 | 0 | 0 | 0 | 0 | 0 | 0 | 0 | 0 | -1< | 0 | 0 | 4 | 128 ]
[ 128 | -2 | >7 | 0 | 0 | 0 | 0 | 0 | 0 | 0 | 0 | 0 | 0 | 0 | 0 | 0 | 0 | 0 | -1< | 0 | 0 | 4 | 128 ]
[ 128 | -2 | >8 | 0 | 0 | 0 | 0 | 0 | 0 | 0 | 0 | 0 | 0 | 0 | 0 | 0 | 0 | 0< | -1 | 0 | 0 | 4 | 128 ]
[ 128 | -2 | >8 | 0 | 0 | 0 | 0 | 0 | 0 | 0 | 0 | 0 | 0 | 0 | 0 | 0 | 0 | 0< | -1 | 0 | 0 | 4 | 128 ]
[ 128 | -2 | >9 | 0 | 0 | 0 | 0 | 0 | 0 | 0 | 0 | 0 | 0 | 0 | 0 | 0 | 0 | 0< | -1 | 0 | 0 | 4 | 128 ]
[ 128 | -2 | >9 | 0 | 0 | 0 | 0 | 0 | 0 | 0 | 0 | 0 | 0 | 0 | 0 | 0 | 0 | 0< | -1 | 0 | 0 | 4 | 128 ]
[ 128 | -2 | >10 | 0 | 0 | 0 | 0 | 0 | 0 | 0 | 0 | 0 | 0 | 0 | 0 | 0 | 0< | 0 | -1 | 0 | 0 | 4 | 128 ]
[ 128 | -2 | >10 | 0 | 0 | 0 | 0 | 0 | 0 | 0 | 0 | 0 | 0 | 0 | 0 | 0< | 0 | 0 | -1 | 0 | 0 | 4 | 128 ]
[ 128 | -2 | >11 | 0 | 0 | 0 | 0 | 0 | 0 | 0 | 0 | 0 | 0 | 0 | 0 | -1< | 0 | 0 | -1 | 0 | 0 | 4 | 128 ]
[ 128 | -2 | >11 | 0 | 0 | 0 | 0 | 0 | 0 | 0 | 0 | 0 | 0 | 0 | 0 | -1< | 0 | 0 | -1 | 0 | 0 | 4 | 128 ]
[ 128 | -2 | >12 | 0 | 0 | 0 | 0 | 0 | 0 | 0 | 0 | 0 | 0 | 0 | 0 | -1< | 0 | 0 | -1 | 0 | 0 | 4 | 128 ]
[ 128 | -2 | >12 | 0 | 0 | 0 | 0 | 0 | 0 | 0 | 0 | 0 | 0 | 0 | 0< | -1 | 0 | 0 | -1 | 0 | 0 | 4 | 128 ]
[ 128 | -2 | >13 | 0 | 0 | 0 | 0 | 0 | 0 | 0 | 0 | 0 | 0 | 0 | 0< | -1 | 0 | 0 | -1 | 0 | 0 | 4 | 128 ]
[ 128 | -2 | >13 | 0 | 0 | 0 | 0 | 0 | 0 | 0 | 0 | 0 | 0 | 0 | 0< | -1 | 0 | 0 | -1 | 0 | 0 | 4 | 128 ]
[ 128 | -2 | >14 | 0 | 0 | 0 | 0 | 0 | 0 | 0 | 0 | 0 | 0 | 0 | 0< | -1 | 0 | 0 | -1 | 0 | 0 | 4 | 128 ]
[ 128 | -2 | >14 | 0 | 0 | 0 | 0 | 0 | 0 | 0 | 0 | 0 | 0 | 0< | 0 | -1 | 0 | 0 | -1 | 0 | 0 | 4 | 128 ]
[ 128 | -2 | >15 | 0 | 0 | 0 | 0 | 0 | 0 | 0 | 0 | 0 | 0< | 0 | 0 | -1 | 0 | 0 | -1 | 0 | 0 | 4 | 128 ]
[ 128 | -2 | >15 | 0 | 0 | 0 | 0 | 0 | 0 | 0 | 0 | 0 | -1< | 0 | 0 | -1 | 0 | 0 | -1 | 0 | 0 | 4 | 128 ]
[ 128 | -2 | >16 | 0 | 0 | 0 | 0 | 0 | 0 | 0 | 0 | 0 | -1< | 0 | 0 | -1 | 0 | 0 | -1 | 0 | 0 | 4 | 128 ]
[ 128 | -2 | >16 | 0 | 0 | 0 | 0 | 0 | 0 | 0 | 0 | 0 | -1< | 0 | 0 | -1 | 0 | 0 | -1 | 0 | 0 | 4 | 128 ]
[ 128 | -2 | >17 | 0 | 0 | 0 | 0 | 0 | 0 | 0 | 0 | 0< | -1 | 0 | 0 | -1 | 0 | 0 | -1 | 0 | 0 | 4 | 128 ]
[ 128 | -2 | >17 | 0 | 0 | 0 | 0 | 0 | 0 | 0 | 0 | 0< | -1 | 0 | 0 | -1 | 0 | 0 | -1 | 0 | 0 | 4 | 128 ]
[ 128 | -2 | >18 | 0 | 0 | 0 | 0 | 0 | 0 | 0 | 0 | 0< | -1 | 0 | 0 | -1 | 0 | 0 | -1 | 0 | 0 | 4 | 128 ]
[ 128 | -2 | >18 | 0 | 0 | 0 | 0 | 0 | 0 | 0 | 0 | 0< | -1 | 0 | 0 | -1 | 0 | 0 | -1 | 0 | 0 | 4 | 128 ]
[ 128 | -2 | >19 | 0 | 0 | 0 | 0 | 0 | 0 | 0 | 0< | 0 | -1 | 0 | 0 | -1 | 0 | 0 | -1 | 0 | 0 | 4 | 128 ]
[ 128 | -2 | >19 | 0 | 0 | 0 | 0 | 0 | 0 | 0< | 0 | 0 | -1 | 0 | 0 | -1 | 0 | 0 | -1 | 0 | 0 | 4 | 128 ]
[ 128 | -2 | >20 | 0 | 0 | 0 | 0 | 0 | 0 | -1< | 0 | 0 | -1 | 0 | 0 | -1 | 0 | 0 | -1 | 0 | 0 | 4 | 128 ]
[ 128 | -2 | >20 | 0 | 0 | 0 | 0 | 0 | 0 | -1< | 0 | 0 | -1 | 0 | 0 | -1 | 0 | 0 | -1 | 0 | 0 | 4 | 128 ]
[ 128 | -2 | >21 | 0 | 0 | 0 | 0 | 0 | 0 | -1< | 0 | 0 | -1 | 0 | 0 | -1 | 0 | 0 | -1 | 0 | 0 | 4 | 128 ]
[ 128 | -2 | >21 | 0 | 0 | 0 | 0 | 0 | 0< | -1 | 0 | 0 | -1 | 0 | 0 | -1 | 0 | 0 | -1 | 0 | 0 | 4 | 128 ]
[ 128 | -2 | >22 | 0 | 0 | 0 | 0 | 0 | 0< | -1 | 0 | 0 | -1 | 0 | 0 | -1 | 0 | 0 | -1 | 0 | 0 | 4 | 128 ]
[ 128 | -2 | >22 | 0 | 0 | 0 | 0 | 0 | 0< | -1 | 0 | 0 | -1 | 0 | 0 | -1 | 0 | 0 | -1 | 0 | 0 | 4 | 128 ]
[ 128 | -2 | >23 | 0 | 0 | 0 | 0 | 0 | 0< | -1 | 0 | 0 | -1 | 0 | 0 | -1 | 0 | 0 | -1 | 0 | 0 | 4 | 128 ]
[ 128 | -2 | >23 | 0 | 0 | 0 | 0 | 0< | 0 | -1 | 0 | 0 | -1 | 0 | 0 | -1 | 0 | 0 | -1 | 0 | 0 | 4 | 128 ]
[ 128 | -2 | >24 | 0 | 0 | 0 | 0< | 0 | 0 | -1 | 0 | 0 | -1 | 0 | 0 | -1 | 0 | 0 | -1 | 0 | 0 | 4 | 128 ]
[ 128 | -2 | >24 | 0 | 0 | 0 | -1< | 0 | 0 | -1 | 0 | 0 | -1 | 0 | 0 | -1 | 0 | 0 | -1 | 0 | 0 | 4 | 128 ]
[ 128 | -2 | >25 | 0 | 0 | 0 | -1< | 0 | 0 | -1 | 0 | 0 | -1 | 0 | 0 | -1 | 0 | 0 | -1 | 0 | 0 | 4 | 128 ]
[ 128 | -2 | >25 | 0 | 0 | 0 | -1< | 0 | 0 | -1 | 0 | 0 | -1 | 0 | 0 | -1 | 0 | 0 | -1 | 0 | 0 | 4 | 128 ]
[ 128 | -2 | >26 | 0 | 0 | 0< | -1 | 0 | 0 | -1 | 0 | 0 | -1 | 0 | 0 | -1 | 0 | 0 | -1 | 0 | 0 | 4 | 128 ]
[ 128 | -2 | >26 | 0 | 0 | 0< | -1 | 0 | 0 | -1 | 0 | 0 | -1 | 0 | 0 | -1 | 0 | 0 | -1 | 0 | 0 | 4 | 128 ]
[ 128 | -2 | >27 | 0 | 0 | 0< | -1 | 0 | 0 | -1 | 0 | 0 | -1 | 0 | 0 | -1 | 0 | 0 | -1 | 0 | 0 | 4 | 128 ]
[ 128 | -2 | >27 | 0 | 0 | 0< | -1 | 0 | 0 | -1 | 0 | 0 | -1 | 0 | 0 | -1 | 0 | 0 | -1 | 0 | 0 | 4 | 128 ]
[ 128 | -2 | >28 | 0 | 0< | 0 | -1 | 0 | 0 | -1 | 0 | 0 | -1 | 0 | 0 | -1 | 0 | 0 | -1 | 0 | 0 | 4 | 128 ]
[ 128 | -2 | >28 | 0< | 0 | 0 | -1 | 0 | 0 | -1 | 0 | 0 | -1 | 0 | 0 | -1 | 0 | 0 | -1 | 0 | 0 | 4 | 128 ]
[ 128 | -2 | >29 | -1< | 0 | 0 | -1 | 0 | 0 | -1 | 0 | 0 | -1 | 0 | 0 | -1 | 0 | 0 | -1 | 0 | 0 | 4 | 128 ]
[ 128 | -2 | >29 | -1< | 0 | 0 | -1 | 0 | 0 | -1 | 0 | 0 | -1 | 0 | 0 | -1 | 0 | 0 | -1 | 0 | 0 | 4 | 128 ]
[ 128 | -2 | >30 | -1< | 0 | 0 | -1 | 0 | 0 | -1 | 0 | 0 | -1 | 0 | 0 | -1 | 0 | 0 | -1 | 0 | 0 | 4 | 128 ]
[ 128 | -2 | >30< | -1 | 0 | 0 | -1 | 0 | 0 | -1 | 0 | 0 | -1 | 0 | 0 | -1 | 0 | 0 | -1 | 0 | 0 | 4 | 128 ]
[ 128 | -2 | >31< | -1 | 0 | 0 | -1 | 0 | 0 | -1 | 0 | 0 | -1 | 0 | 0 | -1 | 0 | 0 | -1 | 0 | 0 | 4 | 128 ]
[ 128 | -2 | >31< | -1 | 0 | 0 | -1 | 0 | 0 | -1 | 0 | 0 | -1 | 0 | 0 | -1 | 0 | 0 | -1 | 0 | 0 | 4 | 128 ]
[ 128 | -2< | >32 | -1 | 0 | 0 | -1 | 0 | 0 | -1 | 0 | 0 | -1 | 0 | 0 | -1 | 0 | 0 | -1 | 0 | 0 | 4 | 128 ]
[ 128 | -3< | >32 | -1 | 0 | 0 | -1 | 0 | 0 | -1 | 0 | 0 | -1 | 0 | 0 | -1 | 0 | 0 | -1 | 0 | 0 | 4 | 128 ]
[ 128 | -4< | >33 | -1 | 0 | 0 | -1 | 0 | 0 | -1 | 0 | 0 | -1 | 0 | 0 | -1 | 0 | 0 | -1 | 0 | 0 | 4 | 128 ]
[ 128 | -5< | >33 | -1 | 0 | 0 | -1 | 0 | 0 | -1 | 0 | 0 | -1 | 0 | 0 | -1 | 0 | 0 | -1 | 0 | 0 | 4 | 128 ]
[ 128 | -6< | >34 | -1 | 0 | 0 | -1 | 0 | 0 | -1 | 0 | 0 | -1 | 0 | 0 | -1 | 0 | 0 | -1 | 0 | 0 | 4 | 128 ]
[ 128 | -7< | >34 | -1 | 0 | 0 | -1 | 0 | 0 | -1 | 0 | 0 | -1 | 0 | 0 | -1 | 0 | 0 | -1 | 0 | 0 | 4 | 128 ]
[ 128 | -8< | >35 | -1 | 0 | 0 | -1 | 0 | 0 | -1 | 0 | 0 | -1 | 0 | 0 | -1 | 0 | 0 | -1 | 0 | 0 | 4 | 128 ]
[ 128 | -9< | >35 | -1 | 0 | 0 | -1 | 0 | 0 | -1 | 0 | 0 | -1 | 0 | 0 | -1 | 0 | 0 | -1 | 0 | 0 | 4 | 128 ]
[ 128 | -10< | >36 | -1 | 0 | 0 | -1 | 0 | 0 | -1 | 0 | 0 | -1 | 0 | 0 | -1 | 0 | 0 | -1 | 0 | 0 | 4 | 128 ]
[ 128 | -11< | >36 | -1 | 0 | 0 | -1 | 0 | 0 | -1 | 0 | 0 | -1 | 0 | 0 | -1 | 0 | 0 | -1 | 0 | 0 | 4 | 128 ]
[ 128 | -12< | >37 | -1 | 0 | 0 | -1 | 0 | 0 | -1 | 0 | 0 | -1 | 0 | 0 | -1 | 0 | 0 | -1 | 0 | 0 | 4 | 128 ]
[ 128 | -12< | >37 | -1 | 0 | 0 | -1 | 0 | 0 | -1 | 0 | 0 | -1 | 0 | 0 | -1 | 0 | 0 | -1 | 0 | 0 | 4 | 128 ]
[ 128< | -12 | >38 | -1 | 0 | 0 | -1 | 0 | 0 | -1 | 0 | 0 | -1 | 0 | 0 | -1 | 0 | 0 | -1 | 0 | 0 | 4 | 128 ]
[ 127< | -12 | >38 | -1 | 0 | 0 | -1 | 0 | 0 | -1 | 0 | 0 | -1 | 0 | 0 | -1 | 0 | 0 | -1 | 0 | 0 | 4 | 128 ]
[ 126< | -12 | >39 | -1 | 0 | 0 | -1 | 0 | 0 | -1 | 0 | 0 | -1 | 0 | 0 | -1 | 0 | 0 | -1 | 0 | 0 | 4 | 128 ]
[ 125< | -12 | >39 | -1 | 0 | 0 | -1 | 0 | 0 | -1 | 0 | 0 | -1 | 0 | 0 | -1 | 0 | 0 | -1 | 0 | 0 | 4 | 128 ]
[ 124< | -12 | >40 | -1 | 0 | 0 | -1 | 0 | 0 | -1 | 0 | 0 | -1 | 0 | 0 | -1 | 0 | 0 | -1 | 0 | 0 | 4 | 128 ]
[ 123< | -12 | >40 | -1 | 0 | 0 | -1 | 0 | 0 | -1 | 0 | 0 | -1 | 0 | 0 | -1 | 0 | 0 | -1 | 0 | 0 | 4 | 128 ]
[ 122< | -12 | >41 | -1 | 0 | 0 | -1 | 0 | 0 | -1 | 0 | 0 | -1 | 0 | 0 | -1 | 0 | 0 | -1 | 0 | 0 | 4 | 128 ]
[ 121< | -12 | >41 | -1 | 0 | 0 | -1 | 0 | 0 | -1 | 0 | 0 | -1 | 0 | 0 | -1 | 0 | 0 | -1 | 0 | 0 | 4 | 128 ]
[ 120< | -12 | >42 | -1 | 0 | 0 | -1 | 0 | 0 | -1 | 0 | 0 | -1 | 0 | 0 | -1 | 0 | 0 | -1 | 0 | 0 | 4 | 128 ]
[ 119< | -12 | >42 | -1 | 0 | 0 | -1 | 0 | 0 | -1 | 0 | 0 | -1 | 0 | 0 | -1 | 0 | 0 | -1 | 0 | 0 | 4 | 128 ]
[ 118< | -12 | >43 | -1 | 0 | 0 | -1 | 0 | 0 | -1 | 0 | 0 | -1 | 0 | 0 | -1 | 0 | 0 | -1 | 0 | 0 | 4 | 128 ]
[ 118< | -12 | >43 | -1 | 0 | 0 | -1 | 0 | 0 | -1 | 0 | 0 | -1 | 0 | 0 | -1 | 0 | 0 | -1 | 0 | 0 | 4 | 128 ]
[ 118 | -12 | >44 | -1 | 0 | 0 | -1 | 0 | 0 | -1 | 0 | 0 | -1 | 0 | 0 | -1 | 0 | 0 | -1 | 0 | 0 | 4 | 128< ]

===== BestOffense won the battle after 91 cycles =====



===== Starting battle of <BestOffense> vs <PrussianRoulette> with memory tape size: 28 =====

[ >128 | 0 | 0 | 0 | 0 | 0 | 0 | 0 | 0 | 0 | 0 | 0 | 0 | 0 | 0 | 0 | 0 | 0 | 0 | 0 | 0 | 0 | 0 | 0 | 0 | 0 | 0 | 128< ]
[ 128 | >0 | 0 | 0 | 0 | 0 | 0 | 0 | 0 | 0 | 0 | 0 | 0 | 0 | 0 | 0 | 0 | 0 | 0 | 0 | 0 | 0 | 0 | 0 | 0 | 0 | 0< | 128 ]
[ 128 | >-1 | 0 | 0 | 0 | 0 | 0 | 0 | 0 | 0 | 0 | 0 | 0 | 0 | 0 | 0 | 0 | 0 | 0 | 0 | 0 | 0 | 0 | 0 | 0 | 0 | 1< | 128 ]
[ 128 | >-2 | 0 | 0 | 0 | 0 | 0 | 0 | 0 | 0 | 0 | 0 | 0 | 0 | 0 | 0 | 0 | 0 | 0 | 0 | 0 | 0 | 0 | 0 | 0 | 0 | 2< | 128 ]
[ 128 | -2 | >0 | 0 | 0 | 0 | 0 | 0 | 0 | 0 | 0 | 0 | 0 | 0 | 0 | 0 | 0 | 0 | 0 | 0 | 0 | 0 | 0 | 0 | 0 | 0 | 3< | 128 ]
[ 128 | -2 | >1 | 0 | 0 | 0 | 0 | 0 | 0 | 0 | 0 | 0 | 0 | 0 | 0 | 0 | 0 | 0 | 0 | 0 | 0 | 0 | 0 | 0 | 0 | 0 | 4< | 128 ]
[ 128 | -2 | >1 | 0 | 0 | 0 | 0 | 0 | 0 | 0 | 0 | 0 | 0 | 0 | 0 | 0 | 0 | 0 | 0 | 0 | 0 | 0 | 0 | 0 | 0 | 0 | 5< | 128 ]
[ 128 | -2 | >2 | 0 | 0 | 0 | 0 | 0 | 0 | 0 | 0 | 0 | 0 | 0 | 0 | 0 | 0 | 0 | 0 | 0 | 0 | 0 | 0 | 0 | 0 | 0 | 4< | 128 ]
[ 128 | -2 | >2 | 0 | 0 | 0 | 0 | 0 | 0 | 0 | 0 | 0 | 0 | 0 | 0 | 0 | 0 | 0 | 0 | 0 | 0 | 0 | 0 | 0 | 0 | 0 | 4< | 128 ]
[ 128 | -2 | >3 | 0 | 0 | 0 | 0 | 0 | 0 | 0 | 0 | 0 | 0 | 0 | 0 | 0 | 0 | 0 | 0 | 0 | 0 | 0 | 0 | 0 | 0 | 0 | 4< | 128 ]
[ 128 | -2 | >3 | 0 | 0 | 0 | 0 | 0 | 0 | 0 | 0 | 0 | 0 | 0 | 0 | 0 | 0 | 0 | 0 | 0 | 0 | 0 | 0 | 0 | 0 | 0< | 4 | 128 ]
[ 128 | -2 | >4 | 0 | 0 | 0 | 0 | 0 | 0 | 0 | 0 | 0 | 0 | 0 | 0 | 0 | 0 | 0 | 0 | 0 | 0 | 0 | 0 | 0 | 0 | 0< | 4 | 128 ]
[ 128 | -2 | >4 | 0 | 0 | 0 | 0 | 0 | 0 | 0 | 0 | 0 | 0 | 0 | 0 | 0 | 0 | 0 | 0 | 0 | 0 | 0 | 0 | 0 | 0 | 0< | 4 | 128 ]
[ 128 | -2 | >5 | 0 | 0 | 0 | 0 | 0 | 0 | 0 | 0 | 0 | 0 | 0 | 0 | 0 | 0 | 0 | 0 | 0 | 0 | 0 | 0 | 0 | 0 | 0< | 4 | 128 ]
[ 128 | -2 | >5 | 0 | 0 | 0 | 0 | 0 | 0 | 0 | 0 | 0 | 0 | 0 | 0 | 0 | 0 | 0 | 0 | 0 | 0 | 0 | 0 | 0 | 0< | 0 | 4 | 128 ]
[ 128 | -2 | >6 | 0 | 0 | 0 | 0 | 0 | 0 | 0 | 0 | 0 | 0 | 0 | 0 | 0 | 0 | 0 | 0 | 0 | 0 | 0 | 0 | 0< | 0 | 0 | 4 | 128 ]
[ 128 | -2 | >6 | 0 | 0 | 0 | 0 | 0 | 0 | 0 | 0 | 0 | 0 | 0 | 0 | 0 | 0 | 0 | 0 | 0 | 0 | 0 | 0 | -1< | 0 | 0 | 4 | 128 ]
[ 128 | -2 | >7 | 0 | 0 | 0 | 0 | 0 | 0 | 0 | 0 | 0 | 0 | 0 | 0 | 0 | 0 | 0 | 0 | 0 | 0 | 0 | 0 | -1< | 0 | 0 | 4 | 128 ]
[ 128 | -2 | >7 | 0 | 0 | 0 | 0 | 0 | 0 | 0 | 0 | 0 | 0 | 0 | 0 | 0 | 0 | 0 | 0 | 0 | 0 | 0 | 0 | -1< | 0 | 0 | 4 | 128 ]
[ 128 | -2 | >8 | 0 | 0 | 0 | 0 | 0 | 0 | 0 | 0 | 0 | 0 | 0 | 0 | 0 | 0 | 0 | 0 | 0 | 0 | 0 | 0< | -1 | 0 | 0 | 4 | 128 ]
[ 128 | -2 | >8 | 0 | 0 | 0 | 0 | 0 | 0 | 0 | 0 | 0 | 0 | 0 | 0 | 0 | 0 | 0 | 0 | 0 | 0 | 0 | 0< | -1 | 0 | 0 | 4 | 128 ]
[ 128 | -2 | >9 | 0 | 0 | 0 | 0 | 0 | 0 | 0 | 0 | 0 | 0 | 0 | 0 | 0 | 0 | 0 | 0 | 0 | 0 | 0 | 0< | -1 | 0 | 0 | 4 | 128 ]
[ 128 | -2 | >9 | 0 | 0 | 0 | 0 | 0 | 0 | 0 | 0 | 0 | 0 | 0 | 0 | 0 | 0 | 0 | 0 | 0 | 0 | 0 | 0< | -1 | 0 | 0 | 4 | 128 ]
[ 128 | -2 | >10 | 0 | 0 | 0 | 0 | 0 | 0 | 0 | 0 | 0 | 0 | 0 | 0 | 0 | 0 | 0 | 0 | 0 | 0 | 0< | 0 | -1 | 0 | 0 | 4 | 128 ]
[ 128 | -2 | >10 | 0 | 0 | 0 | 0 | 0 | 0 | 0 | 0 | 0 | 0 | 0 | 0 | 0 | 0 | 0 | 0 | 0 | 0< | 0 | 0 | -1 | 0 | 0 | 4 | 128 ]
[ 128 | -2 | >11 | 0 | 0 | 0 | 0 | 0 | 0 | 0 | 0 | 0 | 0 | 0 | 0 | 0 | 0 | 0 | 0 | 0 | -1< | 0 | 0 | -1 | 0 | 0 | 4 | 128 ]
[ 128 | -2 | >11 | 0 | 0 | 0 | 0 | 0 | 0 | 0 | 0 | 0 | 0 | 0 | 0 | 0 | 0 | 0 | 0 | 0 | -1< | 0 | 0 | -1 | 0 | 0 | 4 | 128 ]
[ 128 | -2 | >12 | 0 | 0 | 0 | 0 | 0 | 0 | 0 | 0 | 0 | 0 | 0 | 0 | 0 | 0 | 0 | 0 | 0 | -1< | 0 | 0 | -1 | 0 | 0 | 4 | 128 ]
[ 128 | -2 | >12 | 0 | 0 | 0 | 0 | 0 | 0 | 0 | 0 | 0 | 0 | 0 | 0 | 0 | 0 | 0 | 0 | 0< | -1 | 0 | 0 | -1 | 0 | 0 | 4 | 128 ]
[ 128 | -2 | >13 | 0 | 0 | 0 | 0 | 0 | 0 | 0 | 0 | 0 | 0 | 0 | 0 | 0 | 0 | 0 | 0 | 0< | -1 | 0 | 0 | -1 | 0 | 0 | 4 | 128 ]
[ 128 | -2 | >13 | 0 | 0 | 0 | 0 | 0 | 0 | 0 | 0 | 0 | 0 | 0 | 0 | 0 | 0 | 0 | 0 | 0< | -1 | 0 | 0 | -1 | 0 | 0 | 4 | 128 ]
[ 128 | -2 | >14 | 0 | 0 | 0 | 0 | 0 | 0 | 0 | 0 | 0 | 0 | 0 | 0 | 0 | 0 | 0 | 0 | 0< | -1 | 0 | 0 | -1 | 0 | 0 | 4 | 128 ]
[ 128 | -2 | >14 | 0 | 0 | 0 | 0 | 0 | 0 | 0 | 0 | 0 | 0 | 0 | 0 | 0 | 0 | 0 | 0< | 0 | -1 | 0 | 0 | -1 | 0 | 0 | 4 | 128 ]
[ 128 | -2 | >15 | 0 | 0 | 0 | 0 | 0 | 0 | 0 | 0 | 0 | 0 | 0 | 0 | 0 | 0 | 0< | 0 | 0 | -1 | 0 | 0 | -1 | 0 | 0 | 4 | 128 ]
[ 128 | -2 | >15 | 0 | 0 | 0 | 0 | 0 | 0 | 0 | 0 | 0 | 0 | 0 | 0 | 0 | 0 | -1< | 0 | 0 | -1 | 0 | 0 | -1 | 0 | 0 | 4 | 128 ]
[ 128 | -2 | >16 | 0 | 0 | 0 | 0 | 0 | 0 | 0 | 0 | 0 | 0 | 0 | 0 | 0 | 0 | -1< | 0 | 0 | -1 | 0 | 0 | -1 | 0 | 0 | 4 | 128 ]
[ 128 | -2 | >16 | 0 | 0 | 0 | 0 | 0 | 0 | 0 | 0 | 0 | 0 | 0 | 0 | 0 | 0 | -1< | 0 | 0 | -1 | 0 | 0 | -1 | 0 | 0 | 4 | 128 ]
[ 128 | -2 | >17 | 0 | 0 | 0 | 0 | 0 | 0 | 0 | 0 | 0 | 0 | 0 | 0 | 0 | 0< | -1 | 0 | 0 | -1 | 0 | 0 | -1 | 0 | 0 | 4 | 128 ]
[ 128 | -2 | >17 | 0 | 0 | 0 | 0 | 0 | 0 | 0 | 0 | 0 | 0 | 0 | 0 | 0 | 0< | -1 | 0 | 0 | -1 | 0 | 0 | -1 | 0 | 0 | 4 | 128 ]
[ 128 | -2 | >18 | 0 | 0 | 0 | 0 | 0 | 0 | 0 | 0 | 0 | 0 | 0 | 0 | 0 | 0< | -1 | 0 | 0 | -1 | 0 | 0 | -1 | 0 | 0 | 4 | 128 ]
[ 128 | -2 | >18 | 0 | 0 | 0 | 0 | 0 | 0 | 0 | 0 | 0 | 0 | 0 | 0 | 0 | 0< | -1 | 0 | 0 | -1 | 0 | 0 | -1 | 0 | 0 | 4 | 128 ]
[ 128 | -2 | >19 | 0 | 0 | 0 | 0 | 0 | 0 | 0 | 0 | 0 | 0 | 0 | 0 | 0< | 0 | -1 | 0 | 0 | -1 | 0 | 0 | -1 | 0 | 0 | 4 | 128 ]
[ 128 | -2 | >19 | 0 | 0 | 0 | 0 | 0 | 0 | 0 | 0 | 0 | 0 | 0 | 0< | 0 | 0 | -1 | 0 | 0 | -1 | 0 | 0 | -1 | 0 | 0 | 4 | 128 ]
[ 128 | -2 | >20 | 0 | 0 | 0 | 0 | 0 | 0 | 0 | 0 | 0 | 0 | 0 | -1< | 0 | 0 | -1 | 0 | 0 | -1 | 0 | 0 | -1 | 0 | 0 | 4 | 128 ]
[ 128 | -2 | >20 | 0 | 0 | 0 | 0 | 0 | 0 | 0 | 0 | 0 | 0 | 0 | -1< | 0 | 0 | -1 | 0 | 0 | -1 | 0 | 0 | -1 | 0 | 0 | 4 | 128 ]
[ 128 | -2 | >21 | 0 | 0 | 0 | 0 | 0 | 0 | 0 | 0 | 0 | 0 | 0 | -1< | 0 | 0 | -1 | 0 | 0 | -1 | 0 | 0 | -1 | 0 | 0 | 4 | 128 ]
[ 128 | -2 | >21 | 0 | 0 | 0 | 0 | 0 | 0 | 0 | 0 | 0 | 0 | 0< | -1 | 0 | 0 | -1 | 0 | 0 | -1 | 0 | 0 | -1 | 0 | 0 | 4 | 128 ]
[ 128 | -2 | >22 | 0 | 0 | 0 | 0 | 0 | 0 | 0 | 0 | 0 | 0 | 0< | -1 | 0 | 0 | -1 | 0 | 0 | -1 | 0 | 0 | -1 | 0 | 0 | 4 | 128 ]
[ 128 | -2 | >22 | 0 | 0 | 0 | 0 | 0 | 0 | 0 | 0 | 0 | 0 | 0< | -1 | 0 | 0 | -1 | 0 | 0 | -1 | 0 | 0 | -1 | 0 | 0 | 4 | 128 ]
[ 128 | -2 | >23 | 0 | 0 | 0 | 0 | 0 | 0 | 0 | 0 | 0 | 0 | 0< | -1 | 0 | 0 | -1 | 0 | 0 | -1 | 0 | 0 | -1 | 0 | 0 | 4 | 128 ]
[ 128 | -2 | >23 | 0 | 0 | 0 | 0 | 0 | 0 | 0 | 0 | 0 | 0< | 0 | -1 | 0 | 0 | -1 | 0 | 0 | -1 | 0 | 0 | -1 | 0 | 0 | 4 | 128 ]
[ 128 | -2 | >24 | 0 | 0 | 0 | 0 | 0 | 0 | 0 | 0 | 0< | 0 | 0 | -1 | 0 | 0 | -1 | 0 | 0 | -1 | 0 | 0 | -1 | 0 | 0 | 4 | 128 ]
[ 128 | -2 | >24 | 0 | 0 | 0 | 0 | 0 | 0 | 0 | 0 | -1< | 0 | 0 | -1 | 0 | 0 | -1 | 0 | 0 | -1 | 0 | 0 | -1 | 0 | 0 | 4 | 128 ]
[ 128 | -2 | >25 | 0 | 0 | 0 | 0 | 0 | 0 | 0 | 0 | -1< | 0 | 0 | -1 | 0 | 0 | -1 | 0 | 0 | -1 | 0 | 0 | -1 | 0 | 0 | 4 | 128 ]
[ 128 | -2 | >25 | 0 | 0 | 0 | 0 | 0 | 0 | 0 | 0 | -1< | 0 | 0 | -1 | 0 | 0 | -1 | 0 | 0 | -1 | 0 | 0 | -1 | 0 | 0 | 4 | 128 ]
[ 128 | -2 | >26 | 0 | 0 | 0 | 0 | 0 | 0 | 0 | 0< | -1 | 0 | 0 | -1 | 0 | 0 | -1 | 0 | 0 | -1 | 0 | 0 | -1 | 0 | 0 | 4 | 128 ]
[ 128 | -2 | >26 | 0 | 0 | 0 | 0 | 0 | 0 | 0 | 0< | -1 | 0 | 0 | -1 | 0 | 0 | -1 | 0 | 0 | -1 | 0 | 0 | -1 | 0 | 0 | 4 | 128 ]
[ 128 | -2 | >27 | 0 | 0 | 0 | 0 | 0 | 0 | 0 | 0< | -1 | 0 | 0 | -1 | 0 | 0 | -1 | 0 | 0 | -1 | 0 | 0 | -1 | 0 | 0 | 4 | 128 ]
[ 128 | -2 | >27 | 0 | 0 | 0 | 0 | 0 | 0 | 0 | 0< | -1 | 0 | 0 | -1 | 0 | 0 | -1 | 0 | 0 | -1 | 0 | 0 | -1 | 0 | 0 | 4 | 128 ]
[ 128 | -2 | >28 | 0 | 0 | 0 | 0 | 0 | 0 | 0< | 0 | -1 | 0 | 0 | -1 | 0 | 0 | -1 | 0 | 0 | -1 | 0 | 0 | -1 | 0 | 0 | 4 | 128 ]
[ 128 | -2 | >28 | 0 | 0 | 0 | 0 | 0 | 0< | 0 | 0 | -1 | 0 | 0 | -1 | 0 | 0 | -1 | 0 | 0 | -1 | 0 | 0 | -1 | 0 | 0 | 4 | 128 ]
[ 128 | -2 | >29 | 0 | 0 | 0 | 0 | 0 | -1< | 0 | 0 | -1 | 0 | 0 | -1 | 0 | 0 | -1 | 0 | 0 | -1 | 0 | 0 | -1 | 0 | 0 | 4 | 128 ]
[ 128 | -2 | >29 | 0 | 0 | 0 | 0 | 0 | -1< | 0 | 0 | -1 | 0 | 0 | -1 | 0 | 0 | -1 | 0 | 0 | -1 | 0 | 0 | -1 | 0 | 0 | 4 | 128 ]
[ 128 | -2 | >30 | 0 | 0 | 0 | 0 | 0 | -1< | 0 | 0 | -1 | 0 | 0 | -1 | 0 | 0 | -1 | 0 | 0 | -1 | 0 | 0 | -1 | 0 | 0 | 4 | 128 ]
[ 128 | -2 | >30 | 0 | 0 | 0 | 0 | 0< | -1 | 0 | 0 | -1 | 0 | 0 | -1 | 0 | 0 | -1 | 0 | 0 | -1 | 0 | 0 | -1 | 0 | 0 | 4 | 128 ]
[ 128 | -2 | >31 | 0 | 0 | 0 | 0 | 0< | -1 | 0 | 0 | -1 | 0 | 0 | -1 | 0 | 0 | -1 | 0 | 0 | -1 | 0 | 0 | -1 | 0 | 0 | 4 | 128 ]
[ 128 | -2 | >31 | 0 | 0 | 0 | 0 | 0< | -1 | 0 | 0 | -1 | 0 | 0 | -1 | 0 | 0 | -1 | 0 | 0 | -1 | 0 | 0 | -1 | 0 | 0 | 4 | 128 ]
[ 128 | -2 | >32 | 0 | 0 | 0 | 0 | 0< | -1 | 0 | 0 | -1 | 0 | 0 | -1 | 0 | 0 | -1 | 0 | 0 | -1 | 0 | 0 | -1 | 0 | 0 | 4 | 128 ]
[ 128 | -2 | >32 | 0 | 0 | 0 | 0< | 0 | -1 | 0 | 0 | -1 | 0 | 0 | -1 | 0 | 0 | -1 | 0 | 0 | -1 | 0 | 0 | -1 | 0 | 0 | 4 | 128 ]
[ 128 | -2 | >33 | 0 | 0 | 0< | 0 | 0 | -1 | 0 | 0 | -1 | 0 | 0 | -1 | 0 | 0 | -1 | 0 | 0 | -1 | 0 | 0 | -1 | 0 | 0 | 4 | 128 ]
[ 128 | -2 | >33 | 0 | 0 | -1< | 0 | 0 | -1 | 0 | 0 | -1 | 0 | 0 | -1 | 0 | 0 | -1 | 0 | 0 | -1 | 0 | 0 | -1 | 0 | 0 | 4 | 128 ]
[ 128 | -2 | >34 | 0 | 0 | -1< | 0 | 0 | -1 | 0 | 0 | -1 | 0 | 0 | -1 | 0 | 0 | -1 | 0 | 0 | -1 | 0 | 0 | -1 | 0 | 0 | 4 | 128 ]
[ 128 | -2 | >34 | 0 | 0 | -1< | 0 | 0 | -1 | 0 | 0 | -1 | 0 | 0 | -1 | 0 | 0 | -1 | 0 | 0 | -1 | 0 | 0 | -1 | 0 | 0 | 4 | 128 ]
[ 128 | -2 | >35 | 0 | 0< | -1 | 0 | 0 | -1 | 0 | 0 | -1 | 0 | 0 | -1 | 0 | 0 | -1 | 0 | 0 | -1 | 0 | 0 | -1 | 0 | 0 | 4 | 128 ]
[ 128 | -2 | >35 | 0 | 0< | -1 | 0 | 0 | -1 | 0 | 0 | -1 | 0 | 0 | -1 | 0 | 0 | -1 | 0 | 0 | -1 | 0 | 0 | -1 | 0 | 0 | 4 | 128 ]
[ 128 | -2 | >36 | 0 | 0< | -1 | 0 | 0 | -1 | 0 | 0 | -1 | 0 | 0 | -1 | 0 | 0 | -1 | 0 | 0 | -1 | 0 | 0 | -1 | 0 | 0 | 4 | 128 ]
[ 128 | -2 | >36 | 0 | 0< | -1 | 0 | 0 | -1 | 0 | 0 | -1 | 0 | 0 | -1 | 0 | 0 | -1 | 0 | 0 | -1 | 0 | 0 | -1 | 0 | 0 | 4 | 128 ]
[ 128 | -2 | >37 | 0< | 0 | -1 | 0 | 0 | -1 | 0 | 0 | -1 | 0 | 0 | -1 | 0 | 0 | -1 | 0 | 0 | -1 | 0 | 0 | -1 | 0 | 0 | 4 | 128 ]
[ 128 | -2 | >37< | 0 | 0 | -1 | 0 | 0 | -1 | 0 | 0 | -1 | 0 | 0 | -1 | 0 | 0 | -1 | 0 | 0 | -1 | 0 | 0 | -1 | 0 | 0 | 4 | 128 ]
[ 128 | -2 | >37< | 0 | 0 | -1 | 0 | 0 | -1 | 0 | 0 | -1 | 0 | 0 | -1 | 0 | 0 | -1 | 0 | 0 | -1 | 0 | 0 | -1 | 0 | 0 | 4 | 128 ]
[ 128 | -2 | >37< | 0 | 0 | -1 | 0 | 0 | -1 | 0 | 0 | -1 | 0 | 0 | -1 | 0 | 0 | -1 | 0 | 0 | -1 | 0 | 0 | -1 | 0 | 0 | 4 | 128 ]
[ 128 | -2 | >38< | 0 | 0 | -1 | 0 | 0 | -1 | 0 | 0 | -1 | 0 | 0 | -1 | 0 | 0 | -1 | 0 | 0 | -1 | 0 | 0 | -1 | 0 | 0 | 4 | 128 ]
[ 128 | -2< | >38 | 0 | 0 | -1 | 0 | 0 | -1 | 0 | 0 | -1 | 0 | 0 | -1 | 0 | 0 | -1 | 0 | 0 | -1 | 0 | 0 | -1 | 0 | 0 | 4 | 128 ]
[ 128 | -2< | >39 | 0 | 0 | -1 | 0 | 0 | -1 | 0 | 0 | -1 | 0 | 0 | -1 | 0 | 0 | -1 | 0 | 0 | -1 | 0 | 0 | -1 | 0 | 0 | 4 | 128 ]
[ 128 | -2< | >39 | 0 | 0 | -1 | 0 | 0 | -1 | 0 | 0 | -1 | 0 | 0 | -1 | 0 | 0 | -1 | 0 | 0 | -1 | 0 | 0 | -1 | 0 | 0 | 4 | 128 ]
[ 128< | -2 | >40 | 0 | 0 | -1 | 0 | 0 | -1 | 0 | 0 | -1 | 0 | 0 | -1 | 0 | 0 | -1 | 0 | 0 | -1 | 0 | 0 | -1 | 0 | 0 | 4 | 128 ]
[ 127< | -2 | >40 | 0 | 0 | -1 | 0 | 0 | -1 | 0 | 0 | -1 | 0 | 0 | -1 | 0 | 0 | -1 | 0 | 0 | -1 | 0 | 0 | -1 | 0 | 0 | 4 | 128 ]
[ 126< | -2 | >41 | 0 | 0 | -1 | 0 | 0 | -1 | 0 | 0 | -1 | 0 | 0 | -1 | 0 | 0 | -1 | 0 | 0 | -1 | 0 | 0 | -1 | 0 | 0 | 4 | 128 ]
[ 125< | -2 | >41 | 0 | 0 | -1 | 0 | 0 | -1 | 0 | 0 | -1 | 0 | 0 | -1 | 0 | 0 | -1 | 0 | 0 | -1 | 0 | 0 | -1 | 0 | 0 | 4 | 128 ]
[ 124< | -2 | >42 | 0 | 0 | -1 | 0 | 0 | -1 | 0 | 0 | -1 | 0 | 0 | -1 | 0 | 0 | -1 | 0 | 0 | -1 | 0 | 0 | -1 | 0 | 0 | 4 | 128 ]
[ 123< | -2 | >42 | 0 | 0 | -1 | 0 | 0 | -1 | 0 | 0 | -1 | 0 | 0 | -1 | 0 | 0 | -1 | 0 | 0 | -1 | 0 | 0 | -1 | 0 | 0 | 4 | 128 ]
[ 122< | -2 | >43 | 0 | 0 | -1 | 0 | 0 | -1 | 0 | 0 | -1 | 0 | 0 | -1 | 0 | 0 | -1 | 0 | 0 | -1 | 0 | 0 | -1 | 0 | 0 | 4 | 128 ]
[ 121< | -2 | >43 | 0 | 0 | -1 | 0 | 0 | -1 | 0 | 0 | -1 | 0 | 0 | -1 | 0 | 0 | -1 | 0 | 0 | -1 | 0 | 0 | -1 | 0 | 0 | 4 | 128 ]
[ 120< | -2 | >44 | 0 | 0 | -1 | 0 | 0 | -1 | 0 | 0 | -1 | 0 | 0 | -1 | 0 | 0 | -1 | 0 | 0 | -1 | 0 | 0 | -1 | 0 | 0 | 4 | 128 ]
[ 119< | -2 | >44 | 0 | 0 | -1 | 0 | 0 | -1 | 0 | 0 | -1 | 0 | 0 | -1 | 0 | 0 | -1 | 0 | 0 | -1 | 0 | 0 | -1 | 0 | 0 | 4 | 128 ]
[ 118< | -2 | >45 | 0 | 0 | -1 | 0 | 0 | -1 | 0 | 0 | -1 | 0 | 0 | -1 | 0 | 0 | -1 | 0 | 0 | -1 | 0 | 0 | -1 | 0 | 0 | 4 | 128 ]
[ 118< | -2 | >45 | 0 | 0 | -1 | 0 | 0 | -1 | 0 | 0 | -1 | 0 | 0 | -1 | 0 | 0 | -1 | 0 | 0 | -1 | 0 | 0 | -1 | 0 | 0 | 4 | 128 ]
[ 118 | -2 | >46 | 0 | 0 | -1 | 0 | 0 | -1 | 0 | 0 | -1 | 0 | 0 | -1 | 0 | 0 | -1 | 0 | 0 | -1 | 0 | 0 | -1 | 0 | 0 | 4 | 128< ]

===== BestOffense won the battle after 97 cycles =====



===== Starting battle of <BestOffense> vs <PrussianRoulette> with memory tape size: 30 =====

[ >128 | 0 | 0 | 0 | 0 | 0 | 0 | 0 | 0 | 0 | 0 | 0 | 0 | 0 | 0 | 0 | 0 | 0 | 0 | 0 | 0 | 0 | 0 | 0 | 0 | 0 | 0 | 0 | 0 | 128< ]
[ 128 | >0 | 0 | 0 | 0 | 0 | 0 | 0 | 0 | 0 | 0 | 0 | 0 | 0 | 0 | 0 | 0 | 0 | 0 | 0 | 0 | 0 | 0 | 0 | 0 | 0 | 0 | 0 | 0< | 128 ]
[ 128 | >-1 | 0 | 0 | 0 | 0 | 0 | 0 | 0 | 0 | 0 | 0 | 0 | 0 | 0 | 0 | 0 | 0 | 0 | 0 | 0 | 0 | 0 | 0 | 0 | 0 | 0 | 0 | 1< | 128 ]
[ 128 | >-2 | 0 | 0 | 0 | 0 | 0 | 0 | 0 | 0 | 0 | 0 | 0 | 0 | 0 | 0 | 0 | 0 | 0 | 0 | 0 | 0 | 0 | 0 | 0 | 0 | 0 | 0 | 2< | 128 ]
[ 128 | -2 | >0 | 0 | 0 | 0 | 0 | 0 | 0 | 0 | 0 | 0 | 0 | 0 | 0 | 0 | 0 | 0 | 0 | 0 | 0 | 0 | 0 | 0 | 0 | 0 | 0 | 0 | 3< | 128 ]
[ 128 | -2 | >1 | 0 | 0 | 0 | 0 | 0 | 0 | 0 | 0 | 0 | 0 | 0 | 0 | 0 | 0 | 0 | 0 | 0 | 0 | 0 | 0 | 0 | 0 | 0 | 0 | 0 | 4< | 128 ]
[ 128 | -2 | >1 | 0 | 0 | 0 | 0 | 0 | 0 | 0 | 0 | 0 | 0 | 0 | 0 | 0 | 0 | 0 | 0 | 0 | 0 | 0 | 0 | 0 | 0 | 0 | 0 | 0 | 5< | 128 ]
[ 128 | -2 | >2 | 0 | 0 | 0 | 0 | 0 | 0 | 0 | 0 | 0 | 0 | 0 | 0 | 0 | 0 | 0 | 0 | 0 | 0 | 0 | 0 | 0 | 0 | 0 | 0 | 0 | 4< | 128 ]
[ 128 | -2 | >2 | 0 | 0 | 0 | 0 | 0 | 0 | 0 | 0 | 0 | 0 | 0 | 0 | 0 | 0 | 0 | 0 | 0 | 0 | 0 | 0 | 0 | 0 | 0 | 0 | 0 | 4< | 128 ]
[ 128 | -2 | >3 | 0 | 0 | 0 | 0 | 0 | 0 | 0 | 0 | 0 | 0 | 0 | 0 | 0 | 0 | 0 | 0 | 0 | 0 | 0 | 0 | 0 | 0 | 0 | 0 | 0 | 4< | 128 ]
[ 128 | -2 | >3 | 0 | 0 | 0 | 0 | 0 | 0 | 0 | 0 | 0 | 0 | 0 | 0 | 0 | 0 | 0 | 0 | 0 | 0 | 0 | 0 | 0 | 0 | 0 | 0 | 0< | 4 | 128 ]
[ 128 | -2 | >4 | 0 | 0 | 0 | 0 | 0 | 0 | 0 | 0 | 0 | 0 | 0 | 0 | 0 | 0 | 0 | 0 | 0 | 0 | 0 | 0 | 0 | 0 | 0 | 0 | 0< | 4 | 128 ]
[ 128 | -2 | >4 | 0 | 0 | 0 | 0 | 0 | 0 | 0 | 0 | 0 | 0 | 0 | 0 | 0 | 0 | 0 | 0 | 0 | 0 | 0 | 0 | 0 | 0 | 0 | 0 | 0< | 4 | 128 ]
[ 128 | -2 | >5 | 0 | 0 | 0 | 0 | 0 | 0 | 0 | 0 | 0 | 0 | 0 | 0 | 0 | 0 | 0 | 0 | 0 | 0 | 0 | 0 | 0 | 0 | 0 | 0 | 0< | 4 | 128 ]
[ 128 | -2 | >5 | 0 | 0 | 0 | 0 | 0 | 0 | 0 | 0 | 0 | 0 | 0 | 0 | 0 | 0 | 0 | 0 | 0 | 0 | 0 | 0 | 0 | 0 | 0 | 0< | 0 | 4 | 128 ]
[ 128 | -2 | >6 | 0 | 0 | 0 | 0 | 0 | 0 | 0 | 0 | 0 | 0 | 0 | 0 | 0 | 0 | 0 | 0 | 0 | 0 | 0 | 0 | 0 | 0 | 0< | 0 | 0 | 4 | 128 ]
[ 128 | -2 | >6 | 0 | 0 | 0 | 0 | 0 | 0 | 0 | 0 | 0 | 0 | 0 | 0 | 0 | 0 | 0 | 0 | 0 | 0 | 0 | 0 | 0 | 0 | -1< | 0 | 0 | 4 | 128 ]
[ 128 | -2 | >7 | 0 | 0 | 0 | 0 | 0 | 0 | 0 | 0 | 0 | 0 | 0 | 0 | 0 | 0 | 0 | 0 | 0 | 0 | 0 | 0 | 0 | 0 | -1< | 0 | 0 | 4 | 128 ]
[ 128 | -2 | >7 | 0 | 0 | 0 | 0 | 0 | 0 | 0 | 0 | 0 | 0 | 0 | 0 | 0 | 0 | 0 | 0 | 0 | 0 | 0 | 0 | 0 | 0 | -1< | 0 | 0 | 4 | 128 ]
[ 128 | -2 | >8 | 0 | 0 | 0 | 0 | 0 | 0 | 0 | 0 | 0 | 0 | 0 | 0 | 0 | 0 | 0 | 0 | 0 | 0 | 0 | 0 | 0 | 0< | -1 | 0 | 0 | 4 | 128 ]
[ 128 | -2 | >8 | 0 | 0 | 0 | 0 | 0 | 0 | 0 | 0 | 0 | 0 | 0 | 0 | 0 | 0 | 0 | 0 | 0 | 0 | 0 | 0 | 0 | 0< | -1 | 0 | 0 | 4 | 128 ]
[ 128 | -2 | >9 | 0 | 0 | 0 | 0 | 0 | 0 | 0 | 0 | 0 | 0 | 0 | 0 | 0 | 0 | 0 | 0 | 0 | 0 | 0 | 0 | 0 | 0< | -1 | 0 | 0 | 4 | 128 ]
[ 128 | -2 | >9 | 0 | 0 | 0 | 0 | 0 | 0 | 0 | 0 | 0 | 0 | 0 | 0 | 0 | 0 | 0 | 0 | 0 | 0 | 0 | 0 | 0 | 0< | -1 | 0 | 0 | 4 | 128 ]
[ 128 | -2 | >10 | 0 | 0 | 0 | 0 | 0 | 0 | 0 | 0 | 0 | 0 | 0 | 0 | 0 | 0 | 0 | 0 | 0 | 0 | 0 | 0 | 0< | 0 | -1 | 0 | 0 | 4 | 128 ]
[ 128 | -2 | >10 | 0 | 0 | 0 | 0 | 0 | 0 | 0 | 0 | 0 | 0 | 0 | 0 | 0 | 0 | 0 | 0 | 0 | 0 | 0 | 0< | 0 | 0 | -1 | 0 | 0 | 4 | 128 ]
[ 128 | -2 | >11 | 0 | 0 | 0 | 0 | 0 | 0 | 0 | 0 | 0 | 0 | 0 | 0 | 0 | 0 | 0 | 0 | 0 | 0 | 0 | -1< | 0 | 0 | -1 | 0 | 0 | 4 | 128 ]
[ 128 | -2 | >11 | 0 | 0 | 0 | 0 | 0 | 0 | 0 | 0 | 0 | 0 | 0 | 0 | 0 | 0 | 0 | 0 | 0 | 0 | 0 | -1< | 0 | 0 | -1 | 0 | 0 | 4 | 128 ]
[ 128 | -2 | >12 | 0 | 0 | 0 | 0 | 0 | 0 | 0 | 0 | 0 | 0 | 0 | 0 | 0 | 0 | 0 | 0 | 0 | 0 | 0 | -1< | 0 | 0 | -1 | 0 | 0 | 4 | 128 ]
[ 128 | -2 | >12 | 0 | 0 | 0 | 0 | 0 | 0 | 0 | 0 | 0 | 0 | 0 | 0 | 0 | 0 | 0 | 0 | 0 | 0 | 0< | -1 | 0 | 0 | -1 | 0 | 0 | 4 | 128 ]
[ 128 | -2 | >13 | 0 | 0 | 0 | 0 | 0 | 0 | 0 | 0 | 0 | 0 | 0 | 0 | 0 | 0 | 0 | 0 | 0 | 0 | 0< | -1 | 0 | 0 | -1 | 0 | 0 | 4 | 128 ]
[ 128 | -2 | >13 | 0 | 0 | 0 | 0 | 0 | 0 | 0 | 0 | 0 | 0 | 0 | 0 | 0 | 0 | 0 | 0 | 0 | 0 | 0< | -1 | 0 | 0 | -1 | 0 | 0 | 4 | 128 ]
[ 128 | -2 | >14 | 0 | 0 | 0 | 0 | 0 | 0 | 0 | 0 | 0 | 0 | 0 | 0 | 0 | 0 | 0 | 0 | 0 | 0 | 0< | -1 | 0 | 0 | -1 | 0 | 0 | 4 | 128 ]
[ 128 | -2 | >14 | 0 | 0 | 0 | 0 | 0 | 0 | 0 | 0 | 0 | 0 | 0 | 0 | 0 | 0 | 0 | 0 | 0 | 0< | 0 | -1 | 0 | 0 | -1 | 0 | 0 | 4 | 128 ]
[ 128 | -2 | >15 | 0 | 0 | 0 | 0 | 0 | 0 | 0 | 0 | 0 | 0 | 0 | 0 | 0 | 0 | 0 | 0 | 0< | 0 | 0 | -1 | 0 | 0 | -1 | 0 | 0 | 4 | 128 ]
[ 128 | -2 | >15 | 0 | 0 | 0 | 0 | 0 | 0 | 0 | 0 | 0 | 0 | 0 | 0 | 0 | 0 | 0 | 0 | -1< | 0 | 0 | -1 | 0 | 0 | -1 | 0 | 0 | 4 | 128 ]
[ 128 | -2 | >16 | 0 | 0 | 0 | 0 | 0 | 0 | 0 | 0 | 0 | 0 | 0 | 0 | 0 | 0 | 0 | 0 | -1< | 0 | 0 | -1 | 0 | 0 | -1 | 0 | 0 | 4 | 128 ]
[ 128 | -2 | >16 | 0 | 0 | 0 | 0 | 0 | 0 | 0 | 0 | 0 | 0 | 0 | 0 | 0 | 0 | 0 | 0 | -1< | 0 | 0 | -1 | 0 | 0 | -1 | 0 | 0 | 4 | 128 ]
[ 128 | -2 | >17 | 0 | 0 | 0 | 0 | 0 | 0 | 0 | 0 | 0 | 0 | 0 | 0 | 0 | 0 | 0 | 0< | -1 | 0 | 0 | -1 | 0 | 0 | -1 | 0 | 0 | 4 | 128 ]
[ 128 | -2 | >17 | 0 | 0 | 0 | 0 | 0 | 0 | 0 | 0 | 0 | 0 | 0 | 0 | 0 | 0 | 0 | 0< | -1 | 0 | 0 | -1 | 0 | 0 | -1 | 0 | 0 | 4 | 128 ]
[ 128 | -2 | >18 | 0 | 0 | 0 | 0 | 0 | 0 | 0 | 0 | 0 | 0 | 0 | 0 | 0 | 0 | 0 | 0< | -1 | 0 | 0 | -1 | 0 | 0 | -1 | 0 | 0 | 4 | 128 ]
[ 128 | -2 | >18 | 0 | 0 | 0 | 0 | 0 | 0 | 0 | 0 | 0 | 0 | 0 | 0 | 0 | 0 | 0 | 0< | -1 | 0 | 0 | -1 | 0 | 0 | -1 | 0 | 0 | 4 | 128 ]
[ 128 | -2 | >19 | 0 | 0 | 0 | 0 | 0 | 0 | 0 | 0 | 0 | 0 | 0 | 0 | 0 | 0 | 0< | 0 | -1 | 0 | 0 | -1 | 0 | 0 | -1 | 0 | 0 | 4 | 128 ]
[ 128 | -2 | >19 | 0 | 0 | 0 | 0 | 0 | 0 | 0 | 0 | 0 | 0 | 0 | 0 | 0 | 0< | 0 | 0 | -1 | 0 | 0 | -1 | 0 | 0 | -1 | 0 | 0 | 4 | 128 ]
[ 128 | -2 | >20 | 0 | 0 | 0 | 0 | 0 | 0 | 0 | 0 | 0 | 0 | 0 | 0 | 0 | -1< | 0 | 0 | -1 | 0 | 0 | -1 | 0 | 0 | -1 | 0 | 0 | 4 | 128 ]
[ 128 | -2 | >20 | 0 | 0 | 0 | 0 | 0 | 0 | 0 | 0 | 0 | 0 | 0 | 0 | 0 | -1< | 0 | 0 | -1 | 0 | 0 | -1 | 0 | 0 | -1 | 0 | 0 | 4 | 128 ]
[ 128 | -2 | >21 | 0 | 0 | 0 | 0 | 0 | 0 | 0 | 0 | 0 | 0 | 0 | 0 | 0 | -1< | 0 | 0 | -1 | 0 | 0 | -1 | 0 | 0 | -1 | 0 | 0 | 4 | 128 ]
[ 128 | -2 | >21 | 0 | 0 | 0 | 0 | 0 | 0 | 0 | 0 | 0 | 0 | 0 | 0 | 0< | -1 | 0 | 0 | -1 | 0 | 0 | -1 | 0 | 0 | -1 | 0 | 0 | 4 | 128 ]
[ 128 | -2 | >22 | 0 | 0 | 0 | 0 | 0 | 0 | 0 | 0 | 0 | 0 | 0 | 0 | 0< | -1 | 0 | 0 | -1 | 0 | 0 | -1 | 0 | 0 | -1 | 0 | 0 | 4 | 128 ]
[ 128 | -2 | >22 | 0 | 0 | 0 | 0 | 0 | 0 | 0 | 0 | 0 | 0 | 0 | 0 | 0< | -1 | 0 | 0 | -1 | 0 | 0 | -1 | 0 | 0 | -1 | 0 | 0 | 4 | 128 ]
[ 128 | -2 | >23 | 0 | 0 | 0 | 0 | 0 | 0 | 0 | 0 | 0 | 0 | 0 | 0 | 0< | -1 | 0 | 0 | -1 | 0 | 0 | -1 | 0 | 0 | -1 | 0 | 0 | 4 | 128 ]
[ 128 | -2 | >23 | 0 | 0 | 0 | 0 | 0 | 0 | 0 | 0 | 0 | 0 | 0 | 0< | 0 | -1 | 0 | 0 | -1 | 0 | 0 | -1 | 0 | 0 | -1 | 0 | 0 | 4 | 128 ]
[ 128 | -2 | >24 | 0 | 0 | 0 | 0 | 0 | 0 | 0 | 0 | 0 | 0 | 0< | 0 | 0 | -1 | 0 | 0 | -1 | 0 | 0 | -1 | 0 | 0 | -1 | 0 | 0 | 4 | 128 ]
[ 128 | -2 | >24 | 0 | 0 | 0 | 0 | 0 | 0 | 0 | 0 | 0 | 0 | -1< | 0 | 0 | -1 | 0 | 0 | -1 | 0 | 0 | -1 | 0 | 0 | -1 | 0 | 0 | 4 | 128 ]
[ 128 | -2 | >25 | 0 | 0 | 0 | 0 | 0 | 0 | 0 | 0 | 0 | 0 | -1< | 0 | 0 | -1 | 0 | 0 | -1 | 0 | 0 | -1 | 0 | 0 | -1 | 0 | 0 | 4 | 128 ]
[ 128 | -2 | >25 | 0 | 0 | 0 | 0 | 0 | 0 | 0 | 0 | 0 | 0 | -1< | 0 | 0 | -1 | 0 | 0 | -1 | 0 | 0 | -1 | 0 | 0 | -1 | 0 | 0 | 4 | 128 ]
[ 128 | -2 | >26 | 0 | 0 | 0 | 0 | 0 | 0 | 0 | 0 | 0 | 0< | -1 | 0 | 0 | -1 | 0 | 0 | -1 | 0 | 0 | -1 | 0 | 0 | -1 | 0 | 0 | 4 | 128 ]
[ 128 | -2 | >26 | 0 | 0 | 0 | 0 | 0 | 0 | 0 | 0 | 0 | 0< | -1 | 0 | 0 | -1 | 0 | 0 | -1 | 0 | 0 | -1 | 0 | 0 | -1 | 0 | 0 | 4 | 128 ]
[ 128 | -2 | >27 | 0 | 0 | 0 | 0 | 0 | 0 | 0 | 0 | 0 | 0< | -1 | 0 | 0 | -1 | 0 | 0 | -1 | 0 | 0 | -1 | 0 | 0 | -1 | 0 | 0 | 4 | 128 ]
[ 128 | -2 | >27 | 0 | 0 | 0 | 0 | 0 | 0 | 0 | 0 | 0 | 0< | -1 | 0 | 0 | -1 | 0 | 0 | -1 | 0 | 0 | -1 | 0 | 0 | -1 | 0 | 0 | 4 | 128 ]
[ 128 | -2 | >28 | 0 | 0 | 0 | 0 | 0 | 0 | 0 | 0 | 0< | 0 | -1 | 0 | 0 | -1 | 0 | 0 | -1 | 0 | 0 | -1 | 0 | 0 | -1 | 0 | 0 | 4 | 128 ]
[ 128 | -2 | >28 | 0 | 0 | 0 | 0 | 0 | 0 | 0 | 0< | 0 | 0 | -1 | 0 | 0 | -1 | 0 | 0 | -1 | 0 | 0 | -1 | 0 | 0 | -1 | 0 | 0 | 4 | 128 ]
[ 128 | -2 | >29 | 0 | 0 | 0 | 0 | 0 | 0 | 0 | -1< | 0 | 0 | -1 | 0 | 0 | -1 | 0 | 0 | -1 | 0 | 0 | -1 | 0 | 0 | -1 | 0 | 0 | 4 | 128 ]
[ 128 | -2 | >29 | 0 | 0 | 0 | 0 | 0 | 0 | 0 | -1< | 0 | 0 | -1 | 0 | 0 | -1 | 0 | 0 | -1 | 0 | 0 | -1 | 0 | 0 | -1 | 0 | 0 | 4 | 128 ]
[ 128 | -2 | >30 | 0 | 0 | 0 | 0 | 0 | 0 | 0 | -1< | 0 | 0 | -1 | 0 | 0 | -1 | 0 | 0 | -1 | 0 | 0 | -1 | 0 | 0 | -1 | 0 | 0 | 4 | 128 ]
[ 128 | -2 | >30 | 0 | 0 | 0 | 0 | 0 | 0 | 0< | -1 | 0 | 0 | -1 | 0 | 0 | -1 | 0 | 0 | -1 | 0 | 0 | -1 | 0 | 0 | -1 | 0 | 0 | 4 | 128 ]
[ 128 | -2 | >31 | 0 | 0 | 0 | 0 | 0 | 0 | 0< | -1 | 0 | 0 | -1 | 0 | 0 | -1 | 0 | 0 | -1 | 0 | 0 | -1 | 0 | 0 | -1 | 0 | 0 | 4 | 128 ]
[ 128 | -2 | >31 | 0 | 0 | 0 | 0 | 0 | 0 | 0< | -1 | 0 | 0 | -1 | 0 | 0 | -1 | 0 | 0 | -1 | 0 | 0 | -1 | 0 | 0 | -1 | 0 | 0 | 4 | 128 ]
[ 128 | -2 | >32 | 0 | 0 | 0 | 0 | 0 | 0 | 0< | -1 | 0 | 0 | -1 | 0 | 0 | -1 | 0 | 0 | -1 | 0 | 0 | -1 | 0 | 0 | -1 | 0 | 0 | 4 | 128 ]
[ 128 | -2 | >32 | 0 | 0 | 0 | 0 | 0 | 0< | 0 | -1 | 0 | 0 | -1 | 0 | 0 | -1 | 0 | 0 | -1 | 0 | 0 | -1 | 0 | 0 | -1 | 0 | 0 | 4 | 128 ]
[ 128 | -2 | >33 | 0 | 0 | 0 | 0 | 0< | 0 | 0 | -1 | 0 | 0 | -1 | 0 | 0 | -1 | 0 | 0 | -1 | 0 | 0 | -1 | 0 | 0 | -1 | 0 | 0 | 4 | 128 ]
[ 128 | -2 | >33 | 0 | 0 | 0 | 0 | -1< | 0 | 0 | -1 | 0 | 0 | -1 | 0 | 0 | -1 | 0 | 0 | -1 | 0 | 0 | -1 | 0 | 0 | -1 | 0 | 0 | 4 | 128 ]
[ 128 | -2 | >34 | 0 | 0 | 0 | 0 | -1< | 0 | 0 | -1 | 0 | 0 | -1 | 0 | 0 | -1 | 0 | 0 | -1 | 0 | 0 | -1 | 0 | 0 | -1 | 0 | 0 | 4 | 128 ]
[ 128 | -2 | >34 | 0 | 0 | 0 | 0 | -1< | 0 | 0 | -1 | 0 | 0 | -1 | 0 | 0 | -1 | 0 | 0 | -1 | 0 | 0 | -1 | 0 | 0 | -1 | 0 | 0 | 4 | 128 ]
[ 128 | -2 | >35 | 0 | 0 | 0 | 0< | -1 | 0 | 0 | -1 | 0 | 0 | -1 | 0 | 0 | -1 | 0 | 0 | -1 | 0 | 0 | -1 | 0 | 0 | -1 | 0 | 0 | 4 | 128 ]
[ 128 | -2 | >35 | 0 | 0 | 0 | 0< | -1 | 0 | 0 | -1 | 0 | 0 | -1 | 0 | 0 | -1 | 0 | 0 | -1 | 0 | 0 | -1 | 0 | 0 | -1 | 0 | 0 | 4 | 128 ]
[ 128 | -2 | >36 | 0 | 0 | 0 | 0< | -1 | 0 | 0 | -1 | 0 | 0 | -1 | 0 | 0 | -1 | 0 | 0 | -1 | 0 | 0 | -1 | 0 | 0 | -1 | 0 | 0 | 4 | 128 ]
[ 128 | -2 | >36 | 0 | 0 | 0 | 0< | -1 | 0 | 0 | -1 | 0 | 0 | -1 | 0 | 0 | -1 | 0 | 0 | -1 | 0 | 0 | -1 | 0 | 0 | -1 | 0 | 0 | 4 | 128 ]
[ 128 | -2 | >37 | 0 | 0 | 0< | 0 | -1 | 0 | 0 | -1 | 0 | 0 | -1 | 0 | 0 | -1 | 0 | 0 | -1 | 0 | 0 | -1 | 0 | 0 | -1 | 0 | 0 | 4 | 128 ]
[ 128 | -2 | >37 | 0 | 0< | 0 | 0 | -1 | 0 | 0 | -1 | 0 | 0 | -1 | 0 | 0 | -1 | 0 | 0 | -1 | 0 | 0 | -1 | 0 | 0 | -1 | 0 | 0 | 4 | 128 ]
[ 128 | -2 | >38 | 0 | -1< | 0 | 0 | -1 | 0 | 0 | -1 | 0 | 0 | -1 | 0 | 0 | -1 | 0 | 0 | -1 | 0 | 0 | -1 | 0 | 0 | -1 | 0 | 0 | 4 | 128 ]
[ 128 | -2 | >38 | 0 | -1< | 0 | 0 | -1 | 0 | 0 | -1 | 0 | 0 | -1 | 0 | 0 | -1 | 0 | 0 | -1 | 0 | 0 | -1 | 0 | 0 | -1 | 0 | 0 | 4 | 128 ]
[ 128 | -2 | >39 | 0 | -1< | 0 | 0 | -1 | 0 | 0 | -1 | 0 | 0 | -1 | 0 | 0 | -1 | 0 | 0 | -1 | 0 | 0 | -1 | 0 | 0 | -1 | 0 | 0 | 4 | 128 ]
[ 128 | -2 | >39 | 0< | -1 | 0 | 0 | -1 | 0 | 0 | -1 | 0 | 0 | -1 | 0 | 0 | -1 | 0 | 0 | -1 | 0 | 0 | -1 | 0 | 0 | -1 | 0 | 0 | 4 | 128 ]
[ 128 | -2 | >40 | 0< | -1 | 0 | 0 | -1 | 0 | 0 | -1 | 0 | 0 | -1 | 0 | 0 | -1 | 0 | 0 | -1 | 0 | 0 | -1 | 0 | 0 | -1 | 0 | 0 | 4 | 128 ]
[ 128 | -2 | >40 | 0< | -1 | 0 | 0 | -1 | 0 | 0 | -1 | 0 | 0 | -1 | 0 | 0 | -1 | 0 | 0 | -1 | 0 | 0 | -1 | 0 | 0 | -1 | 0 | 0 | 4 | 128 ]
[ 128 | -2 | >41 | 0< | -1 | 0 | 0 | -1 | 0 | 0 | -1 | 0 | 0 | -1 | 0 | 0 | -1 | 0 | 0 | -1 | 0 | 0 | -1 | 0 | 0 | -1 | 0 | 0 | 4 | 128 ]
[ 128 | -2 | >41< | 0 | -1 | 0 | 0 | -1 | 0 | 0 | -1 | 0 | 0 | -1 | 0 | 0 | -1 | 0 | 0 | -1 | 0 | 0 | -1 | 0 | 0 | -1 | 0 | 0 | 4 | 128 ]
[ 128 | -2< | >42 | 0 | -1 | 0 | 0 | -1 | 0 | 0 | -1 | 0 | 0 | -1 | 0 | 0 | -1 | 0 | 0 | -1 | 0 | 0 | -1 | 0 | 0 | -1 | 0 | 0 | 4 | 128 ]
[ 128 | -3< | >42 | 0 | -1 | 0 | 0 | -1 | 0 | 0 | -1 | 0 | 0 | -1 | 0 | 0 | -1 | 0 | 0 | -1 | 0 | 0 | -1 | 0 | 0 | -1 | 0 | 0 | 4 | 128 ]
[ 128 | -3< | >43 | 0 | -1 | 0 | 0 | -1 | 0 | 0 | -1 | 0 | 0 | -1 | 0 | 0 | -1 | 0 | 0 | -1 | 0 | 0 | -1 | 0 | 0 | -1 | 0 | 0 | 4 | 128 ]
[ 128 | -3< | >43 | 0 | -1 | 0 | 0 | -1 | 0 | 0 | -1 | 0 | 0 | -1 | 0 | 0 | -1 | 0 | 0 | -1 | 0 | 0 | -1 | 0 | 0 | -1 | 0 | 0 | 4 | 128 ]
[ 128< | -3 | >44 | 0 | -1 | 0 | 0 | -1 | 0 | 0 | -1 | 0 | 0 | -1 | 0 | 0 | -1 | 0 | 0 | -1 | 0 | 0 | -1 | 0 | 0 | -1 | 0 | 0 | 4 | 128 ]
[ 128< | -3 | >44 | 0 | -1 | 0 | 0 | -1 | 0 | 0 | -1 | 0 | 0 | -1 | 0 | 0 | -1 | 0 | 0 | -1 | 0 | 0 | -1 | 0 | 0 | -1 | 0 | 0 | 4 | 128 ]
[ 128< | -3 | >45 | 0 | -1 | 0 | 0 | -1 | 0 | 0 | -1 | 0 | 0 | -1 | 0 | 0 | -1 | 0 | 0 | -1 | 0 | 0 | -1 | 0 | 0 | -1 | 0 | 0 | 4 | 128 ]
[ 128 | -3 | >45 | 0 | -1 | 0 | 0 | -1 | 0 | 0 | -1 | 0 | 0 | -1 | 0 | 0 | -1 | 0 | 0 | -1 | 0 | 0 | -1 | 0 | 0 | -1 | 0 | 0 | 4 | 128< ]

===== BestOffense won the battle after 94 cycles =====



===== Starting battle of <BestOffense> vs <PrussianRoulette> with memory tape size: 14 =====

[ >128 | 0 | 0 | 0 | 0 | 0 | 0 | 0 | 0 | 0 | 0 | 0 | 0 | 128< ]
[ 128 | >0 | 0 | 0 | 0 | 0 | 0 | 0 | 0 | 0 | 0 | 0 | 0< | 128 ]
[ 128 | >-1 | 0 | 0 | 0 | 0 | 0 | 0 | 0 | 0 | 0 | 0 | 1< | 128 ]
[ 128 | >-2 | 0 | 0 | 0 | 0 | 0 | 0 | 0 | 0 | 0 | 0 | 2< | 128 ]
[ 128 | -2 | >0 | 0 | 0 | 0 | 0 | 0 | 0 | 0 | 0 | 0 | 3< | 128 ]
[ 128 | -2 | >1 | 0 | 0 | 0 | 0 | 0 | 0 | 0 | 0 | 0 | 4< | 128 ]
[ 128 | -2 | >1 | 0 | 0 | 0 | 0 | 0 | 0 | 0 | 0 | 0 | 5< | 128 ]
[ 128 | -2 | >2 | 0 | 0 | 0 | 0 | 0 | 0 | 0 | 0 | 0 | 4< | 128 ]
[ 128 | -2 | >2 | 0 | 0 | 0 | 0 | 0 | 0 | 0 | 0 | 0 | 4< | 128 ]
[ 128 | -2 | >3 | 0 | 0 | 0 | 0 | 0 | 0 | 0 | 0 | 0 | 4< | 128 ]
[ 128 | -2 | >3 | 0 | 0 | 0 | 0 | 0 | 0 | 0 | 0 | 0< | 4 | 128 ]
[ 128 | -2 | >4 | 0 | 0 | 0 | 0 | 0 | 0 | 0 | 0 | 0< | 4 | 128 ]
[ 128 | -2 | >4 | 0 | 0 | 0 | 0 | 0 | 0 | 0 | 0 | 0< | 4 | 128 ]
[ 128 | -2 | >5 | 0 | 0 | 0 | 0 | 0 | 0 | 0 | 0 | 0< | 4 | 128 ]
[ 128 | -2 | >5 | 0 | 0 | 0 | 0 | 0 | 0 | 0 | 0< | 0 | 4 | 128 ]
[ 128 | -2 | >6 | 0 | 0 | 0 | 0 | 0 | 0 | 0< | 0 | 0 | 4 | 128 ]
[ 128 | -2 | >6 | 0 | 0 | 0 | 0 | 0 | 0 | -1< | 0 | 0 | 4 | 128 ]
[ 128 | -2 | >7 | 0 | 0 | 0 | 0 | 0 | 0 | -1< | 0 | 0 | 4 | 128 ]
[ 128 | -2 | >7 | 0 | 0 | 0 | 0 | 0 | 0 | -1< | 0 | 0 | 4 | 128 ]
[ 128 | -2 | >8 | 0 | 0 | 0 | 0 | 0 | 0< | -1 | 0 | 0 | 4 | 128 ]
[ 128 | -2 | >8 | 0 | 0 | 0 | 0 | 0 | 0< | -1 | 0 | 0 | 4 | 128 ]
[ 128 | -2 | >9 | 0 | 0 | 0 | 0 | 0 | 0< | -1 | 0 | 0 | 4 | 128 ]
[ 128 | -2 | >9 | 0 | 0 | 0 | 0 | 0 | 0< | -1 | 0 | 0 | 4 | 128 ]
[ 128 | -2 | >10 | 0 | 0 | 0 | 0 | 0< | 0 | -1 | 0 | 0 | 4 | 128 ]
[ 128 | -2 | >10 | 0 | 0 | 0 | 0< | 0 | 0 | -1 | 0 | 0 | 4 | 128 ]
[ 128 | -2 | >11 | 0 | 0 | 0 | -1< | 0 | 0 | -1 | 0 | 0 | 4 | 128 ]
[ 128 | -2 | >11 | 0 | 0 | 0 | -1< | 0 | 0 | -1 | 0 | 0 | 4 | 128 ]
[ 128 | -2 | >12 | 0 | 0 | 0 | -1< | 0 | 0 | -1 | 0 | 0 | 4 | 128 ]
[ 128 | -2 | >12 | 0 | 0 | 0< | -1 | 0 | 0 | -1 | 0 | 0 | 4 | 128 ]
[ 128 | -2 | >13 | 0 | 0 | 0< | -1 | 0 | 0 | -1 | 0 | 0 | 4 | 128 ]
[ 128 | -2 | >13 | 0 | 0 | 0< | -1 | 0 | 0 | -1 | 0 | 0 | 4 | 128 ]
[ 128 | -2 | >14 | 0 | 0 | 0< | -1 | 0 | 0 | -1 | 0 | 0 | 4 | 128 ]
[ 128 | -2 | >14 | 0 | 0< | 0 | -1 | 0 | 0 | -1 | 0 | 0 | 4 | 128 ]
[ 128 | -2 | >15 | 0< | 0 | 0 | -1 | 0 | 0 | -1 | 0 | 0 | 4 | 128 ]
[ 128 | -2 | >15 | -1< | 0 | 0 | -1 | 0 | 0 | -1 | 0 | 0 | 4 | 128 ]
[ 128 | -2 | >16 | -1< | 0 | 0 | -1 | 0 | 0 | -1 | 0 | 0 | 4 | 128 ]
[ 128 | -2 | >16 | -1< | 0 | 0 | -1 | 0 | 0 | -1 | 0 | 0 | 4 | 128 ]
[ 128 | -2 | >17< | -1 | 0 | 0 | -1 | 0 | 0 | -1 | 0 | 0 | 4 | 128 ]
[ 128 | -2 | >17< | -1 | 0 | 0 | -1 | 0 | 0 | -1 | 0 | 0 | 4 | 128 ]
[ 128 | -2 | >18< | -1 | 0 | 0 | -1 | 0 | 0 | -1 | 0 | 0 | 4 | 128 ]
[ 128 | -2< | >18 | -1 | 0 | 0 | -1 | 0 | 0 | -1 | 0 | 0 | 4 | 128 ]
[ 128 | -3< | >19 | -1 | 0 | 0 | -1 | 0 | 0 | -1 | 0 | 0 | 4 | 128 ]
[ 128 | -4< | >19 | -1 | 0 | 0 | -1 | 0 | 0 | -1 | 0 | 0 | 4 | 128 ]
[ 128 | -5< | >20 | -1 | 0 | 0 | -1 | 0 | 0 | -1 | 0 | 0 | 4 | 128 ]
[ 128 | -6< | >20 | -1 | 0 | 0 | -1 | 0 | 0 | -1 | 0 | 0 | 4 | 128 ]
[ 128 | -7< | >21 | -1 | 0 | 0 | -1 | 0 | 0 | -1 | 0 | 0 | 4 | 128 ]
[ 128 | -8< | >21 | -1 | 0 | 0 | -1 | 0 | 0 | -1 | 0 | 0 | 4 | 128 ]
[ 128 | -9< | >22 | -1 | 0 | 0 | -1 | 0 | 0 | -1 | 0 | 0 | 4 | 128 ]
[ 128 | -10< | >22 | -1 | 0 | 0 | -1 | 0 | 0 | -1 | 0 | 0 | 4 | 128 ]
[ 128 | -11< | >23 | -1 | 0 | 0 | -1 | 0 | 0 | -1 | 0 | 0 | 4 | 128 ]
[ 128 | -12< | >23 | -1 | 0 | 0 | -1 | 0 | 0 | -1 | 0 | 0 | 4 | 128 ]
[ 128 | -12< | >24 | -1 | 0 | 0 | -1 | 0 | 0 | -1 | 0 | 0 | 4 | 128 ]
[ 128< | -12 | >24 | -1 | 0 | 0 | -1 | 0 | 0 | -1 | 0 | 0 | 4 | 128 ]
[ 127< | -12 | >25 | -1 | 0 | 0 | -1 | 0 | 0 | -1 | 0 | 0 | 4 | 128 ]
[ 126< | -12 | >25 | -1 | 0 | 0 | -1 | 0 | 0 | -1 | 0 | 0 | 4 | 128 ]
[ 125< | -12 | >26 | -1 | 0 | 0 | -1 | 0 | 0 | -1 | 0 | 0 | 4 | 128 ]
[ 124< | -12 | >26 | -1 | 0 | 0 | -1 | 0 | 0 | -1 | 0 | 0 | 4 | 128 ]
[ 123< | -12 | >27 | -1 | 0 | 0 | -1 | 0 | 0 | -1 | 0 | 0 | 4 | 128 ]
[ 122< | -12 | >27 | -1 | 0 | 0 | -1 | 0 | 0 | -1 | 0 | 0 | 4 | 128 ]
[ 121< | -12 | >28 | -1 | 0 | 0 | -1 | 0 | 0 | -1 | 0 | 0 | 4 | 128 ]
[ 120< | -12 | >28 | -1 | 0 | 0 | -1 | 0 | 0 | -1 | 0 | 0 | 4 | 128 ]
[ 119< | -12 | >29 | -1 | 0 | 0 | -1 | 0 | 0 | -1 | 0 | 0 | 4 | 128 ]
[ 118< | -12 | >29 | -1 | 0 | 0 | -1 | 0 | 0 | -1 | 0 | 0 | 4 | 128 ]
[ 118< | -12 | >30 | -1 | 0 | 0 | -1 | 0 | 0 | -1 | 0 | 0 | 4 | 128 ]
[ 118 | -12 | >30 | -1 | 0 | 0 | -1 | 0 | 0 | -1 | 0 | 0 | 4 | 128< ]

===== BestOffense won the battle after 64 cycles =====



===== Starting battle of <BestOffense> vs <PrussianRoulette> with memory tape size: 25 =====

[ >128 | 0 | 0 | 0 | 0 | 0 | 0 | 0 | 0 | 0 | 0 | 0 | 0 | 0 | 0 | 0 | 0 | 0 | 0 | 0 | 0 | 0 | 0 | 0 | 128< ]
[ 128 | >0 | 0 | 0 | 0 | 0 | 0 | 0 | 0 | 0 | 0 | 0 | 0 | 0 | 0 | 0 | 0 | 0 | 0 | 0 | 0 | 0 | 0 | 0< | 128 ]
[ 128 | >-1 | 0 | 0 | 0 | 0 | 0 | 0 | 0 | 0 | 0 | 0 | 0 | 0 | 0 | 0 | 0 | 0 | 0 | 0 | 0 | 0 | 0 | 1< | 128 ]
[ 128 | >-2 | 0 | 0 | 0 | 0 | 0 | 0 | 0 | 0 | 0 | 0 | 0 | 0 | 0 | 0 | 0 | 0 | 0 | 0 | 0 | 0 | 0 | 2< | 128 ]
[ 128 | -2 | >0 | 0 | 0 | 0 | 0 | 0 | 0 | 0 | 0 | 0 | 0 | 0 | 0 | 0 | 0 | 0 | 0 | 0 | 0 | 0 | 0 | 3< | 128 ]
[ 128 | -2 | >1 | 0 | 0 | 0 | 0 | 0 | 0 | 0 | 0 | 0 | 0 | 0 | 0 | 0 | 0 | 0 | 0 | 0 | 0 | 0 | 0 | 4< | 128 ]
[ 128 | -2 | >1 | 0 | 0 | 0 | 0 | 0 | 0 | 0 | 0 | 0 | 0 | 0 | 0 | 0 | 0 | 0 | 0 | 0 | 0 | 0 | 0 | 5< | 128 ]
[ 128 | -2 | >2 | 0 | 0 | 0 | 0 | 0 | 0 | 0 | 0 | 0 | 0 | 0 | 0 | 0 | 0 | 0 | 0 | 0 | 0 | 0 | 0 | 4< | 128 ]
[ 128 | -2 | >2 | 0 | 0 | 0 | 0 | 0 | 0 | 0 | 0 | 0 | 0 | 0 | 0 | 0 | 0 | 0 | 0 | 0 | 0 | 0 | 0 | 4< | 128 ]
[ 128 | -2 | >3 | 0 | 0 | 0 | 0 | 0 | 0 | 0 | 0 | 0 | 0 | 0 | 0 | 0 | 0 | 0 | 0 | 0 | 0 | 0 | 0 | 4< | 128 ]
[ 128 | -2 | >3 | 0 | 0 | 0 | 0 | 0 | 0 | 0 | 0 | 0 | 0 | 0 | 0 | 0 | 0 | 0 | 0 | 0 | 0 | 0 | 0< | 4 | 128 ]
[ 128 | -2 | >4 | 0 | 0 | 0 | 0 | 0 | 0 | 0 | 0 | 0 | 0 | 0 | 0 | 0 | 0 | 0 | 0 | 0 | 0 | 0 | 0< | 4 | 128 ]
[ 128 | -2 | >4 | 0 | 0 | 0 | 0 | 0 | 0 | 0 | 0 | 0 | 0 | 0 | 0 | 0 | 0 | 0 | 0 | 0 | 0 | 0 | 0< | 4 | 128 ]
[ 128 | -2 | >5 | 0 | 0 | 0 | 0 | 0 | 0 | 0 | 0 | 0 | 0 | 0 | 0 | 0 | 0 | 0 | 0 | 0 | 0 | 0 | 0< | 4 | 128 ]
[ 128 | -2 | >5 | 0 | 0 | 0 | 0 | 0 | 0 | 0 | 0 | 0 | 0 | 0 | 0 | 0 | 0 | 0 | 0 | 0 | 0 | 0< | 0 | 4 | 128 ]
[ 128 | -2 | >6 | 0 | 0 | 0 | 0 | 0 | 0 | 0 | 0 | 0 | 0 | 0 | 0 | 0 | 0 | 0 | 0 | 0 | 0< | 0 | 0 | 4 | 128 ]
[ 128 | -2 | >6 | 0 | 0 | 0 | 0 | 0 | 0 | 0 | 0 | 0 | 0 | 0 | 0 | 0 | 0 | 0 | 0 | 0 | -1< | 0 | 0 | 4 | 128 ]
[ 128 | -2 | >7 | 0 | 0 | 0 | 0 | 0 | 0 | 0 | 0 | 0 | 0 | 0 | 0 | 0 | 0 | 0 | 0 | 0 | -1< | 0 | 0 | 4 | 128 ]
[ 128 | -2 | >7 | 0 | 0 | 0 | 0 | 0 | 0 | 0 | 0 | 0 | 0 | 0 | 0 | 0 | 0 | 0 | 0 | 0 | -1< | 0 | 0 | 4 | 128 ]
[ 128 | -2 | >8 | 0 | 0 | 0 | 0 | 0 | 0 | 0 | 0 | 0 | 0 | 0 | 0 | 0 | 0 | 0 | 0 | 0< | -1 | 0 | 0 | 4 | 128 ]
[ 128 | -2 | >8 | 0 | 0 | 0 | 0 | 0 | 0 | 0 | 0 | 0 | 0 | 0 | 0 | 0 | 0 | 0 | 0 | 0< | -1 | 0 | 0 | 4 | 128 ]
[ 128 | -2 | >9 | 0 | 0 | 0 | 0 | 0 | 0 | 0 | 0 | 0 | 0 | 0 | 0 | 0 | 0 | 0 | 0 | 0< | -1 | 0 | 0 | 4 | 128 ]
[ 128 | -2 | >9 | 0 | 0 | 0 | 0 | 0 | 0 | 0 | 0 | 0 | 0 | 0 | 0 | 0 | 0 | 0 | 0 | 0< | -1 | 0 | 0 | 4 | 128 ]
[ 128 | -2 | >10 | 0 | 0 | 0 | 0 | 0 | 0 | 0 | 0 | 0 | 0 | 0 | 0 | 0 | 0 | 0 | 0< | 0 | -1 | 0 | 0 | 4 | 128 ]
[ 128 | -2 | >10 | 0 | 0 | 0 | 0 | 0 | 0 | 0 | 0 | 0 | 0 | 0 | 0 | 0 | 0 | 0< | 0 | 0 | -1 | 0 | 0 | 4 | 128 ]
[ 128 | -2 | >11 | 0 | 0 | 0 | 0 | 0 | 0 | 0 | 0 | 0 | 0 | 0 | 0 | 0 | 0 | -1< | 0 | 0 | -1 | 0 | 0 | 4 | 128 ]
[ 128 | -2 | >11 | 0 | 0 | 0 | 0 | 0 | 0 | 0 | 0 | 0 | 0 | 0 | 0 | 0 | 0 | -1< | 0 | 0 | -1 | 0 | 0 | 4 | 128 ]
[ 128 | -2 | >12 | 0 | 0 | 0 | 0 | 0 | 0 | 0 | 0 | 0 | 0 | 0 | 0 | 0 | 0 | -1< | 0 | 0 | -1 | 0 | 0 | 4 | 128 ]
[ 128 | -2 | >12 | 0 | 0 | 0 | 0 | 0 | 0 | 0 | 0 | 0 | 0 | 0 | 0 | 0 | 0< | -1 | 0 | 0 | -1 | 0 | 0 | 4 | 128 ]
[ 128 | -2 | >13 | 0 | 0 | 0 | 0 | 0 | 0 | 0 | 0 | 0 | 0 | 0 | 0 | 0 | 0< | -1 | 0 | 0 | -1 | 0 | 0 | 4 | 128 ]
[ 128 | -2 | >13 | 0 | 0 | 0 | 0 | 0 | 0 | 0 | 0 | 0 | 0 | 0 | 0 | 0 | 0< | -1 | 0 | 0 | -1 | 0 | 0 | 4 | 128 ]
[ 128 | -2 | >14 | 0 | 0 | 0 | 0 | 0 | 0 | 0 | 0 | 0 | 0 | 0 | 0 | 0 | 0< | -1 | 0 | 0 | -1 | 0 | 0 | 4 | 128 ]
[ 128 | -2 | >14 | 0 | 0 | 0 | 0 | 0 | 0 | 0 | 0 | 0 | 0 | 0 | 0 | 0< | 0 | -1 | 0 | 0 | -1 | 0 | 0 | 4 | 128 ]
[ 128 | -2 | >15 | 0 | 0 | 0 | 0 | 0 | 0 | 0 | 0 | 0 | 0 | 0 | 0< | 0 | 0 | -1 | 0 | 0 | -1 | 0 | 0 | 4 | 128 ]
[ 128 | -2 | >15 | 0 | 0 | 0 | 0 | 0 | 0 | 0 | 0 | 0 | 0 | 0 | -1< | 0 | 0 | -1 | 0 | 0 | -1 | 0 | 0 | 4 | 128 ]
[ 128 | -2 | >16 | 0 | 0 | 0 | 0 | 0 | 0 | 0 | 0 | 0 | 0 | 0 | -1< | 0 | 0 | -1 | 0 | 0 | -1 | 0 | 0 | 4 | 128 ]
[ 128 | -2 | >16 | 0 | 0 | 0 | 0 | 0 | 0 | 0 | 0 | 0 | 0 | 0 | -1< | 0 | 0 | -1 | 0 | 0 | -1 | 0 | 0 | 4 | 128 ]
[ 128 | -2 | >17 | 0 | 0 | 0 | 0 | 0 | 0 | 0 | 0 | 0 | 0 | 0< | -1 | 0 | 0 | -1 | 0 | 0 | -1 | 0 | 0 | 4 | 128 ]
[ 128 | -2 | >17 | 0 | 0 | 0 | 0 | 0 | 0 | 0 | 0 | 0 | 0 | 0< | -1 | 0 | 0 | -1 | 0 | 0 | -1 | 0 | 0 | 4 | 128 ]
[ 128 | -2 | >18 | 0 | 0 | 0 | 0 | 0 | 0 | 0 | 0 | 0 | 0 | 0< | -1 | 0 | 0 | -1 | 0 | 0 | -1 | 0 | 0 | 4 | 128 ]
[ 128 | -2 | >18 | 0 | 0 | 0 | 0 | 0 | 0 | 0 | 0 | 0 | 0 | 0< | -1 | 0 | 0 | -1 | 0 | 0 | -1 | 0 | 0 | 4 | 128 ]
[ 128 | -2 | >19 | 0 | 0 | 0 | 0 | 0 | 0 | 0 | 0 | 0 | 0< | 0 | -1 | 0 | 0 | -1 | 0 | 0 | -1 | 0 | 0 | 4 | 128 ]
[ 128 | -2 | >19 | 0 | 0 | 0 | 0 | 0 | 0 | 0 | 0 | 0< | 0 | 0 | -1 | 0 | 0 | -1 | 0 | 0 | -1 | 0 | 0 | 4 | 128 ]
[ 128 | -2 | >20 | 0 | 0 | 0 | 0 | 0 | 0 | 0 | 0 | -1< | 0 | 0 | -1 | 0 | 0 | -1 | 0 | 0 | -1 | 0 | 0 | 4 | 128 ]
[ 128 | -2 | >20 | 0 | 0 | 0 | 0 | 0 | 0 | 0 | 0 | -1< | 0 | 0 | -1 | 0 | 0 | -1 | 0 | 0 | -1 | 0 | 0 | 4 | 128 ]
[ 128 | -2 | >21 | 0 | 0 | 0 | 0 | 0 | 0 | 0 | 0 | -1< | 0 | 0 | -1 | 0 | 0 | -1 | 0 | 0 | -1 | 0 | 0 | 4 | 128 ]
[ 128 | -2 | >21 | 0 | 0 | 0 | 0 | 0 | 0 | 0 | 0< | -1 | 0 | 0 | -1 | 0 | 0 | -1 | 0 | 0 | -1 | 0 | 0 | 4 | 128 ]
[ 128 | -2 | >22 | 0 | 0 | 0 | 0 | 0 | 0 | 0 | 0< | -1 | 0 | 0 | -1 | 0 | 0 | -1 | 0 | 0 | -1 | 0 | 0 | 4 | 128 ]
[ 128 | -2 | >22 | 0 | 0 | 0 | 0 | 0 | 0 | 0 | 0< | -1 | 0 | 0 | -1 | 0 | 0 | -1 | 0 | 0 | -1 | 0 | 0 | 4 | 128 ]
[ 128 | -2 | >23 | 0 | 0 | 0 | 0 | 0 | 0 | 0 | 0< | -1 | 0 | 0 | -1 | 0 | 0 | -1 | 0 | 0 | -1 | 0 | 0 | 4 | 128 ]
[ 128 | -2 | >23 | 0 | 0 | 0 | 0 | 0 | 0 | 0< | 0 | -1 | 0 | 0 | -1 | 0 | 0 | -1 | 0 | 0 | -1 | 0 | 0 | 4 | 128 ]
[ 128 | -2 | >24 | 0 | 0 | 0 | 0 | 0 | 0< | 0 | 0 | -1 | 0 | 0 | -1 | 0 | 0 | -1 | 0 | 0 | -1 | 0 | 0 | 4 | 128 ]
[ 128 | -2 | >24 | 0 | 0 | 0 | 0 | 0 | -1< | 0 | 0 | -1 | 0 | 0 | -1 | 0 | 0 | -1 | 0 | 0 | -1 | 0 | 0 | 4 | 128 ]
[ 128 | -2 | >25 | 0 | 0 | 0 | 0 | 0 | -1< | 0 | 0 | -1 | 0 | 0 | -1 | 0 | 0 | -1 | 0 | 0 | -1 | 0 | 0 | 4 | 128 ]
[ 128 | -2 | >25 | 0 | 0 | 0 | 0 | 0 | -1< | 0 | 0 | -1 | 0 | 0 | -1 | 0 | 0 | -1 | 0 | 0 | -1 | 0 | 0 | 4 | 128 ]
[ 128 | -2 | >26 | 0 | 0 | 0 | 0 | 0< | -1 | 0 | 0 | -1 | 0 | 0 | -1 | 0 | 0 | -1 | 0 | 0 | -1 | 0 | 0 | 4 | 128 ]
[ 128 | -2 | >26 | 0 | 0 | 0 | 0 | 0< | -1 | 0 | 0 | -1 | 0 | 0 | -1 | 0 | 0 | -1 | 0 | 0 | -1 | 0 | 0 | 4 | 128 ]
[ 128 | -2 | >27 | 0 | 0 | 0 | 0 | 0< | -1 | 0 | 0 | -1 | 0 | 0 | -1 | 0 | 0 | -1 | 0 | 0 | -1 | 0 | 0 | 4 | 128 ]
[ 128 | -2 | >27 | 0 | 0 | 0 | 0 | 0< | -1 | 0 | 0 | -1 | 0 | 0 | -1 | 0 | 0 | -1 | 0 | 0 | -1 | 0 | 0 | 4 | 128 ]
[ 128 | -2 | >28 | 0 | 0 | 0 | 0< | 0 | -1 | 0 | 0 | -1 | 0 | 0 | -1 | 0 | 0 | -1 | 0 | 0 | -1 | 0 | 0 | 4 | 128 ]
[ 128 | -2 | >28 | 0 | 0 | 0< | 0 | 0 | -1 | 0 | 0 | -1 | 0 | 0 | -1 | 0 | 0 | -1 | 0 | 0 | -1 | 0 | 0 | 4 | 128 ]
[ 128 | -2 | >29 | 0 | 0 | -1< | 0 | 0 | -1 | 0 | 0 | -1 | 0 | 0 | -1 | 0 | 0 | -1 | 0 | 0 | -1 | 0 | 0 | 4 | 128 ]
[ 128 | -2 | >29 | 0 | 0 | -1< | 0 | 0 | -1 | 0 | 0 | -1 | 0 | 0 | -1 | 0 | 0 | -1 | 0 | 0 | -1 | 0 | 0 | 4 | 128 ]
[ 128 | -2 | >30 | 0 | 0 | -1< | 0 | 0 | -1 | 0 | 0 | -1 | 0 | 0 | -1 | 0 | 0 | -1 | 0 | 0 | -1 | 0 | 0 | 4 | 128 ]
[ 128 | -2 | >30 | 0 | 0< | -1 | 0 | 0 | -1 | 0 | 0 | -1 | 0 | 0 | -1 | 0 | 0 | -1 | 0 | 0 | -1 | 0 | 0 | 4 | 128 ]
[ 128 | -2 | >31 | 0 | 0< | -1 | 0 | 0 | -1 | 0 | 0 | -1 | 0 | 0 | -1 | 0 | 0 | -1 | 0 | 0 | -1 | 0 | 0 | 4 | 128 ]
[ 128 | -2 | >31 | 0 | 0< | -1 | 0 | 0 | -1 | 0 | 0 | -1 | 0 | 0 | -1 | 0 | 0 | -1 | 0 | 0 | -1 | 0 | 0 | 4 | 128 ]
[ 128 | -2 | >32 | 0 | 0< | -1 | 0 | 0 | -1 | 0 | 0 | -1 | 0 | 0 | -1 | 0 | 0 | -1 | 0 | 0 | -1 | 0 | 0 | 4 | 128 ]
[ 128 | -2 | >32 | 0< | 0 | -1 | 0 | 0 | -1 | 0 | 0 | -1 | 0 | 0 | -1 | 0 | 0 | -1 | 0 | 0 | -1 | 0 | 0 | 4 | 128 ]
[ 128 | -2 | >33< | 0 | 0 | -1 | 0 | 0 | -1 | 0 | 0 | -1 | 0 | 0 | -1 | 0 | 0 | -1 | 0 | 0 | -1 | 0 | 0 | 4 | 128 ]
[ 128 | -2 | >32< | 0 | 0 | -1 | 0 | 0 | -1 | 0 | 0 | -1 | 0 | 0 | -1 | 0 | 0 | -1 | 0 | 0 | -1 | 0 | 0 | 4 | 128 ]
[ 128 | -2 | >33< | 0 | 0 | -1 | 0 | 0 | -1 | 0 | 0 | -1 | 0 | 0 | -1 | 0 | 0 | -1 | 0 | 0 | -1 | 0 | 0 | 4 | 128 ]
[ 128 | -2 | >33< | 0 | 0 | -1 | 0 | 0 | -1 | 0 | 0 | -1 | 0 | 0 | -1 | 0 | 0 | -1 | 0 | 0 | -1 | 0 | 0 | 4 | 128 ]
[ 128 | -2< | >34 | 0 | 0 | -1 | 0 | 0 | -1 | 0 | 0 | -1 | 0 | 0 | -1 | 0 | 0 | -1 | 0 | 0 | -1 | 0 | 0 | 4 | 128 ]
[ 128 | -2< | >34 | 0 | 0 | -1 | 0 | 0 | -1 | 0 | 0 | -1 | 0 | 0 | -1 | 0 | 0 | -1 | 0 | 0 | -1 | 0 | 0 | 4 | 128 ]
[ 128 | -2< | >35 | 0 | 0 | -1 | 0 | 0 | -1 | 0 | 0 | -1 | 0 | 0 | -1 | 0 | 0 | -1 | 0 | 0 | -1 | 0 | 0 | 4 | 128 ]
[ 128< | -2 | >35 | 0 | 0 | -1 | 0 | 0 | -1 | 0 | 0 | -1 | 0 | 0 | -1 | 0 | 0 | -1 | 0 | 0 | -1 | 0 | 0 | 4 | 128 ]
[ 127< | -2 | >36 | 0 | 0 | -1 | 0 | 0 | -1 | 0 | 0 | -1 | 0 | 0 | -1 | 0 | 0 | -1 | 0 | 0 | -1 | 0 | 0 | 4 | 128 ]
[ 126< | -2 | >36 | 0 | 0 | -1 | 0 | 0 | -1 | 0 | 0 | -1 | 0 | 0 | -1 | 0 | 0 | -1 | 0 | 0 | -1 | 0 | 0 | 4 | 128 ]
[ 125< | -2 | >37 | 0 | 0 | -1 | 0 | 0 | -1 | 0 | 0 | -1 | 0 | 0 | -1 | 0 | 0 | -1 | 0 | 0 | -1 | 0 | 0 | 4 | 128 ]
[ 124< | -2 | >37 | 0 | 0 | -1 | 0 | 0 | -1 | 0 | 0 | -1 | 0 | 0 | -1 | 0 | 0 | -1 | 0 | 0 | -1 | 0 | 0 | 4 | 128 ]
[ 123< | -2 | >38 | 0 | 0 | -1 | 0 | 0 | -1 | 0 | 0 | -1 | 0 | 0 | -1 | 0 | 0 | -1 | 0 | 0 | -1 | 0 | 0 | 4 | 128 ]
[ 122< | -2 | >38 | 0 | 0 | -1 | 0 | 0 | -1 | 0 | 0 | -1 | 0 | 0 | -1 | 0 | 0 | -1 | 0 | 0 | -1 | 0 | 0 | 4 | 128 ]
[ 121< | -2 | >39 | 0 | 0 | -1 | 0 | 0 | -1 | 0 | 0 | -1 | 0 | 0 | -1 | 0 | 0 | -1 | 0 | 0 | -1 | 0 | 0 | 4 | 128 ]
[ 120< | -2 | >39 | 0 | 0 | -1 | 0 | 0 | -1 | 0 | 0 | -1 | 0 | 0 | -1 | 0 | 0 | -1 | 0 | 0 | -1 | 0 | 0 | 4 | 128 ]
[ 119< | -2 | >40 | 0 | 0 | -1 | 0 | 0 | -1 | 0 | 0 | -1 | 0 | 0 | -1 | 0 | 0 | -1 | 0 | 0 | -1 | 0 | 0 | 4 | 128 ]
[ 118< | -2 | >40 | 0 | 0 | -1 | 0 | 0 | -1 | 0 | 0 | -1 | 0 | 0 | -1 | 0 | 0 | -1 | 0 | 0 | -1 | 0 | 0 | 4 | 128 ]
[ 118< | -2 | >41 | 0 | 0 | -1 | 0 | 0 | -1 | 0 | 0 | -1 | 0 | 0 | -1 | 0 | 0 | -1 | 0 | 0 | -1 | 0 | 0 | 4 | 128 ]
[ 118 | -2 | >41 | 0 | 0 | -1 | 0 | 0 | -1 | 0 | 0 | -1 | 0 | 0 | -1 | 0 | 0 | -1 | 0 | 0 | -1 | 0 | 0 | 4 | 128< ]

===== BestOffense won the battle after 88 cycles =====



===== Starting battle of <BestOffense> vs <PrussianRoulette> with memory tape size: 12 =====

[ >128 | 0 | 0 | 0 | 0 | 0 | 0 | 0 | 0 | 0 | 0 | 128< ]
[ 128 | >0 | 0 | 0 | 0 | 0 | 0 | 0 | 0 | 0 | 0< | 128 ]
[ 128 | >-1 | 0 | 0 | 0 | 0 | 0 | 0 | 0 | 0 | 1< | 128 ]
[ 128 | >-2 | 0 | 0 | 0 | 0 | 0 | 0 | 0 | 0 | 2< | 128 ]
[ 128 | -2 | >0 | 0 | 0 | 0 | 0 | 0 | 0 | 0 | 3< | 128 ]
[ 128 | -2 | >1 | 0 | 0 | 0 | 0 | 0 | 0 | 0 | 4< | 128 ]
[ 128 | -2 | >1 | 0 | 0 | 0 | 0 | 0 | 0 | 0 | 5< | 128 ]
[ 128 | -2 | >2 | 0 | 0 | 0 | 0 | 0 | 0 | 0 | 4< | 128 ]
[ 128 | -2 | >2 | 0 | 0 | 0 | 0 | 0 | 0 | 0 | 4< | 128 ]
[ 128 | -2 | >3 | 0 | 0 | 0 | 0 | 0 | 0 | 0 | 4< | 128 ]
[ 128 | -2 | >3 | 0 | 0 | 0 | 0 | 0 | 0 | 0< | 4 | 128 ]
[ 128 | -2 | >4 | 0 | 0 | 0 | 0 | 0 | 0 | 0< | 4 | 128 ]
[ 128 | -2 | >4 | 0 | 0 | 0 | 0 | 0 | 0 | 0< | 4 | 128 ]
[ 128 | -2 | >5 | 0 | 0 | 0 | 0 | 0 | 0 | 0< | 4 | 128 ]
[ 128 | -2 | >5 | 0 | 0 | 0 | 0 | 0 | 0< | 0 | 4 | 128 ]
[ 128 | -2 | >6 | 0 | 0 | 0 | 0 | 0< | 0 | 0 | 4 | 128 ]
[ 128 | -2 | >6 | 0 | 0 | 0 | 0 | -1< | 0 | 0 | 4 | 128 ]
[ 128 | -2 | >7 | 0 | 0 | 0 | 0 | -1< | 0 | 0 | 4 | 128 ]
[ 128 | -2 | >7 | 0 | 0 | 0 | 0 | -1< | 0 | 0 | 4 | 128 ]
[ 128 | -2 | >8 | 0 | 0 | 0 | 0< | -1 | 0 | 0 | 4 | 128 ]
[ 128 | -2 | >8 | 0 | 0 | 0 | 0< | -1 | 0 | 0 | 4 | 128 ]
[ 128 | -2 | >9 | 0 | 0 | 0 | 0< | -1 | 0 | 0 | 4 | 128 ]
[ 128 | -2 | >9 | 0 | 0 | 0 | 0< | -1 | 0 | 0 | 4 | 128 ]
[ 128 | -2 | >10 | 0 | 0 | 0< | 0 | -1 | 0 | 0 | 4 | 128 ]
[ 128 | -2 | >10 | 0 | 0< | 0 | 0 | -1 | 0 | 0 | 4 | 128 ]
[ 128 | -2 | >11 | 0 | -1< | 0 | 0 | -1 | 0 | 0 | 4 | 128 ]
[ 128 | -2 | >11 | 0 | -1< | 0 | 0 | -1 | 0 | 0 | 4 | 128 ]
[ 128 | -2 | >12 | 0 | -1< | 0 | 0 | -1 | 0 | 0 | 4 | 128 ]
[ 128 | -2 | >12 | 0< | -1 | 0 | 0 | -1 | 0 | 0 | 4 | 128 ]
[ 128 | -2 | >13 | 0< | -1 | 0 | 0 | -1 | 0 | 0 | 4 | 128 ]
[ 128 | -2 | >13 | 0< | -1 | 0 | 0 | -1 | 0 | 0 | 4 | 128 ]
[ 128 | -2 | >14 | 0< | -1 | 0 | 0 | -1 | 0 | 0 | 4 | 128 ]
[ 128 | -2 | >14< | 0 | -1 | 0 | 0 | -1 | 0 | 0 | 4 | 128 ]
[ 128 | -2< | >15 | 0 | -1 | 0 | 0 | -1 | 0 | 0 | 4 | 128 ]
[ 128 | -3< | >15 | 0 | -1 | 0 | 0 | -1 | 0 | 0 | 4 | 128 ]
[ 128 | -3< | >16 | 0 | -1 | 0 | 0 | -1 | 0 | 0 | 4 | 128 ]
[ 128 | -3< | >16 | 0 | -1 | 0 | 0 | -1 | 0 | 0 | 4 | 128 ]
[ 128< | -3 | >17 | 0 | -1 | 0 | 0 | -1 | 0 | 0 | 4 | 128 ]
[ 128< | -3 | >17 | 0 | -1 | 0 | 0 | -1 | 0 | 0 | 4 | 128 ]
[ 128< | -3 | >18 | 0 | -1 | 0 | 0 | -1 | 0 | 0 | 4 | 128 ]
[ 128 | -3 | >18 | 0 | -1 | 0 | 0 | -1 | 0 | 0 | 4 | 128< ]

===== BestOffense won the battle after 40 cycles =====



===== Starting battle of <BestOffense> vs <PrussianRoulette> with memory tape size: 22 =====

[ >128 | 0 | 0 | 0 | 0 | 0 | 0 | 0 | 0 | 0 | 0 | 0 | 0 | 0 | 0 | 0 | 0 | 0 | 0 | 0 | 0 | 128< ]
[ 128 | >0 | 0 | 0 | 0 | 0 | 0 | 0 | 0 | 0 | 0 | 0 | 0 | 0 | 0 | 0 | 0 | 0 | 0 | 0 | 0< | 128 ]
[ 128 | >-1 | 0 | 0 | 0 | 0 | 0 | 0 | 0 | 0 | 0 | 0 | 0 | 0 | 0 | 0 | 0 | 0 | 0 | 0 | 1< | 128 ]
[ 128 | >-2 | 0 | 0 | 0 | 0 | 0 | 0 | 0 | 0 | 0 | 0 | 0 | 0 | 0 | 0 | 0 | 0 | 0 | 0 | 2< | 128 ]
[ 128 | -2 | >0 | 0 | 0 | 0 | 0 | 0 | 0 | 0 | 0 | 0 | 0 | 0 | 0 | 0 | 0 | 0 | 0 | 0 | 3< | 128 ]
[ 128 | -2 | >1 | 0 | 0 | 0 | 0 | 0 | 0 | 0 | 0 | 0 | 0 | 0 | 0 | 0 | 0 | 0 | 0 | 0 | 4< | 128 ]
[ 128 | -2 | >1 | 0 | 0 | 0 | 0 | 0 | 0 | 0 | 0 | 0 | 0 | 0 | 0 | 0 | 0 | 0 | 0 | 0 | 5< | 128 ]
[ 128 | -2 | >2 | 0 | 0 | 0 | 0 | 0 | 0 | 0 | 0 | 0 | 0 | 0 | 0 | 0 | 0 | 0 | 0 | 0 | 4< | 128 ]
[ 128 | -2 | >2 | 0 | 0 | 0 | 0 | 0 | 0 | 0 | 0 | 0 | 0 | 0 | 0 | 0 | 0 | 0 | 0 | 0 | 4< | 128 ]
[ 128 | -2 | >3 | 0 | 0 | 0 | 0 | 0 | 0 | 0 | 0 | 0 | 0 | 0 | 0 | 0 | 0 | 0 | 0 | 0 | 4< | 128 ]
[ 128 | -2 | >3 | 0 | 0 | 0 | 0 | 0 | 0 | 0 | 0 | 0 | 0 | 0 | 0 | 0 | 0 | 0 | 0 | 0< | 4 | 128 ]
[ 128 | -2 | >4 | 0 | 0 | 0 | 0 | 0 | 0 | 0 | 0 | 0 | 0 | 0 | 0 | 0 | 0 | 0 | 0 | 0< | 4 | 128 ]
[ 128 | -2 | >4 | 0 | 0 | 0 | 0 | 0 | 0 | 0 | 0 | 0 | 0 | 0 | 0 | 0 | 0 | 0 | 0 | 0< | 4 | 128 ]
[ 128 | -2 | >5 | 0 | 0 | 0 | 0 | 0 | 0 | 0 | 0 | 0 | 0 | 0 | 0 | 0 | 0 | 0 | 0 | 0< | 4 | 128 ]
[ 128 | -2 | >5 | 0 | 0 | 0 | 0 | 0 | 0 | 0 | 0 | 0 | 0 | 0 | 0 | 0 | 0 | 0 | 0< | 0 | 4 | 128 ]
[ 128 | -2 | >6 | 0 | 0 | 0 | 0 | 0 | 0 | 0 | 0 | 0 | 0 | 0 | 0 | 0 | 0 | 0< | 0 | 0 | 4 | 128 ]
[ 128 | -2 | >6 | 0 | 0 | 0 | 0 | 0 | 0 | 0 | 0 | 0 | 0 | 0 | 0 | 0 | 0 | -1< | 0 | 0 | 4 | 128 ]
[ 128 | -2 | >7 | 0 | 0 | 0 | 0 | 0 | 0 | 0 | 0 | 0 | 0 | 0 | 0 | 0 | 0 | -1< | 0 | 0 | 4 | 128 ]
[ 128 | -2 | >7 | 0 | 0 | 0 | 0 | 0 | 0 | 0 | 0 | 0 | 0 | 0 | 0 | 0 | 0 | -1< | 0 | 0 | 4 | 128 ]
[ 128 | -2 | >8 | 0 | 0 | 0 | 0 | 0 | 0 | 0 | 0 | 0 | 0 | 0 | 0 | 0 | 0< | -1 | 0 | 0 | 4 | 128 ]
[ 128 | -2 | >8 | 0 | 0 | 0 | 0 | 0 | 0 | 0 | 0 | 0 | 0 | 0 | 0 | 0 | 0< | -1 | 0 | 0 | 4 | 128 ]
[ 128 | -2 | >9 | 0 | 0 | 0 | 0 | 0 | 0 | 0 | 0 | 0 | 0 | 0 | 0 | 0 | 0< | -1 | 0 | 0 | 4 | 128 ]
[ 128 | -2 | >9 | 0 | 0 | 0 | 0 | 0 | 0 | 0 | 0 | 0 | 0 | 0 | 0 | 0 | 0< | -1 | 0 | 0 | 4 | 128 ]
[ 128 | -2 | >10 | 0 | 0 | 0 | 0 | 0 | 0 | 0 | 0 | 0 | 0 | 0 | 0 | 0< | 0 | -1 | 0 | 0 | 4 | 128 ]
[ 128 | -2 | >10 | 0 | 0 | 0 | 0 | 0 | 0 | 0 | 0 | 0 | 0 | 0 | 0< | 0 | 0 | -1 | 0 | 0 | 4 | 128 ]
[ 128 | -2 | >11 | 0 | 0 | 0 | 0 | 0 | 0 | 0 | 0 | 0 | 0 | 0 | -1< | 0 | 0 | -1 | 0 | 0 | 4 | 128 ]
[ 128 | -2 | >11 | 0 | 0 | 0 | 0 | 0 | 0 | 0 | 0 | 0 | 0 | 0 | -1< | 0 | 0 | -1 | 0 | 0 | 4 | 128 ]
[ 128 | -2 | >12 | 0 | 0 | 0 | 0 | 0 | 0 | 0 | 0 | 0 | 0 | 0 | -1< | 0 | 0 | -1 | 0 | 0 | 4 | 128 ]
[ 128 | -2 | >12 | 0 | 0 | 0 | 0 | 0 | 0 | 0 | 0 | 0 | 0 | 0< | -1 | 0 | 0 | -1 | 0 | 0 | 4 | 128 ]
[ 128 | -2 | >13 | 0 | 0 | 0 | 0 | 0 | 0 | 0 | 0 | 0 | 0 | 0< | -1 | 0 | 0 | -1 | 0 | 0 | 4 | 128 ]
[ 128 | -2 | >13 | 0 | 0 | 0 | 0 | 0 | 0 | 0 | 0 | 0 | 0 | 0< | -1 | 0 | 0 | -1 | 0 | 0 | 4 | 128 ]
[ 128 | -2 | >14 | 0 | 0 | 0 | 0 | 0 | 0 | 0 | 0 | 0 | 0 | 0< | -1 | 0 | 0 | -1 | 0 | 0 | 4 | 128 ]
[ 128 | -2 | >14 | 0 | 0 | 0 | 0 | 0 | 0 | 0 | 0 | 0 | 0< | 0 | -1 | 0 | 0 | -1 | 0 | 0 | 4 | 128 ]
[ 128 | -2 | >15 | 0 | 0 | 0 | 0 | 0 | 0 | 0 | 0 | 0< | 0 | 0 | -1 | 0 | 0 | -1 | 0 | 0 | 4 | 128 ]
[ 128 | -2 | >15 | 0 | 0 | 0 | 0 | 0 | 0 | 0 | 0 | -1< | 0 | 0 | -1 | 0 | 0 | -1 | 0 | 0 | 4 | 128 ]
[ 128 | -2 | >16 | 0 | 0 | 0 | 0 | 0 | 0 | 0 | 0 | -1< | 0 | 0 | -1 | 0 | 0 | -1 | 0 | 0 | 4 | 128 ]
[ 128 | -2 | >16 | 0 | 0 | 0 | 0 | 0 | 0 | 0 | 0 | -1< | 0 | 0 | -1 | 0 | 0 | -1 | 0 | 0 | 4 | 128 ]
[ 128 | -2 | >17 | 0 | 0 | 0 | 0 | 0 | 0 | 0 | 0< | -1 | 0 | 0 | -1 | 0 | 0 | -1 | 0 | 0 | 4 | 128 ]
[ 128 | -2 | >17 | 0 | 0 | 0 | 0 | 0 | 0 | 0 | 0< | -1 | 0 | 0 | -1 | 0 | 0 | -1 | 0 | 0 | 4 | 128 ]
[ 128 | -2 | >18 | 0 | 0 | 0 | 0 | 0 | 0 | 0 | 0< | -1 | 0 | 0 | -1 | 0 | 0 | -1 | 0 | 0 | 4 | 128 ]
[ 128 | -2 | >18 | 0 | 0 | 0 | 0 | 0 | 0 | 0 | 0< | -1 | 0 | 0 | -1 | 0 | 0 | -1 | 0 | 0 | 4 | 128 ]
[ 128 | -2 | >19 | 0 | 0 | 0 | 0 | 0 | 0 | 0< | 0 | -1 | 0 | 0 | -1 | 0 | 0 | -1 | 0 | 0 | 4 | 128 ]
[ 128 | -2 | >19 | 0 | 0 | 0 | 0 | 0 | 0< | 0 | 0 | -1 | 0 | 0 | -1 | 0 | 0 | -1 | 0 | 0 | 4 | 128 ]
[ 128 | -2 | >20 | 0 | 0 | 0 | 0 | 0 | -1< | 0 | 0 | -1 | 0 | 0 | -1 | 0 | 0 | -1 | 0 | 0 | 4 | 128 ]
[ 128 | -2 | >20 | 0 | 0 | 0 | 0 | 0 | -1< | 0 | 0 | -1 | 0 | 0 | -1 | 0 | 0 | -1 | 0 | 0 | 4 | 128 ]
[ 128 | -2 | >21 | 0 | 0 | 0 | 0 | 0 | -1< | 0 | 0 | -1 | 0 | 0 | -1 | 0 | 0 | -1 | 0 | 0 | 4 | 128 ]
[ 128 | -2 | >21 | 0 | 0 | 0 | 0 | 0< | -1 | 0 | 0 | -1 | 0 | 0 | -1 | 0 | 0 | -1 | 0 | 0 | 4 | 128 ]
[ 128 | -2 | >22 | 0 | 0 | 0 | 0 | 0< | -1 | 0 | 0 | -1 | 0 | 0 | -1 | 0 | 0 | -1 | 0 | 0 | 4 | 128 ]
[ 128 | -2 | >22 | 0 | 0 | 0 | 0 | 0< | -1 | 0 | 0 | -1 | 0 | 0 | -1 | 0 | 0 | -1 | 0 | 0 | 4 | 128 ]
[ 128 | -2 | >23 | 0 | 0 | 0 | 0 | 0< | -1 | 0 | 0 | -1 | 0 | 0 | -1 | 0 | 0 | -1 | 0 | 0 | 4 | 128 ]
[ 128 | -2 | >23 | 0 | 0 | 0 | 0< | 0 | -1 | 0 | 0 | -1 | 0 | 0 | -1 | 0 | 0 | -1 | 0 | 0 | 4 | 128 ]
[ 128 | -2 | >24 | 0 | 0 | 0< | 0 | 0 | -1 | 0 | 0 | -1 | 0 | 0 | -1 | 0 | 0 | -1 | 0 | 0 | 4 | 128 ]
[ 128 | -2 | >24 | 0 | 0 | -1< | 0 | 0 | -1 | 0 | 0 | -1 | 0 | 0 | -1 | 0 | 0 | -1 | 0 | 0 | 4 | 128 ]
[ 128 | -2 | >25 | 0 | 0 | -1< | 0 | 0 | -1 | 0 | 0 | -1 | 0 | 0 | -1 | 0 | 0 | -1 | 0 | 0 | 4 | 128 ]
[ 128 | -2 | >25 | 0 | 0 | -1< | 0 | 0 | -1 | 0 | 0 | -1 | 0 | 0 | -1 | 0 | 0 | -1 | 0 | 0 | 4 | 128 ]
[ 128 | -2 | >26 | 0 | 0< | -1 | 0 | 0 | -1 | 0 | 0 | -1 | 0 | 0 | -1 | 0 | 0 | -1 | 0 | 0 | 4 | 128 ]
[ 128 | -2 | >26 | 0 | 0< | -1 | 0 | 0 | -1 | 0 | 0 | -1 | 0 | 0 | -1 | 0 | 0 | -1 | 0 | 0 | 4 | 128 ]
[ 128 | -2 | >27 | 0 | 0< | -1 | 0 | 0 | -1 | 0 | 0 | -1 | 0 | 0 | -1 | 0 | 0 | -1 | 0 | 0 | 4 | 128 ]
[ 128 | -2 | >27 | 0 | 0< | -1 | 0 | 0 | -1 | 0 | 0 | -1 | 0 | 0 | -1 | 0 | 0 | -1 | 0 | 0 | 4 | 128 ]
[ 128 | -2 | >28 | 0< | 0 | -1 | 0 | 0 | -1 | 0 | 0 | -1 | 0 | 0 | -1 | 0 | 0 | -1 | 0 | 0 | 4 | 128 ]
[ 128 | -2 | >28< | 0 | 0 | -1 | 0 | 0 | -1 | 0 | 0 | -1 | 0 | 0 | -1 | 0 | 0 | -1 | 0 | 0 | 4 | 128 ]
[ 128 | -2 | >28< | 0 | 0 | -1 | 0 | 0 | -1 | 0 | 0 | -1 | 0 | 0 | -1 | 0 | 0 | -1 | 0 | 0 | 4 | 128 ]
[ 128 | -2 | >28< | 0 | 0 | -1 | 0 | 0 | -1 | 0 | 0 | -1 | 0 | 0 | -1 | 0 | 0 | -1 | 0 | 0 | 4 | 128 ]
[ 128 | -2 | >29< | 0 | 0 | -1 | 0 | 0 | -1 | 0 | 0 | -1 | 0 | 0 | -1 | 0 | 0 | -1 | 0 | 0 | 4 | 128 ]
[ 128 | -2< | >29 | 0 | 0 | -1 | 0 | 0 | -1 | 0 | 0 | -1 | 0 | 0 | -1 | 0 | 0 | -1 | 0 | 0 | 4 | 128 ]
[ 128 | -2< | >30 | 0 | 0 | -1 | 0 | 0 | -1 | 0 | 0 | -1 | 0 | 0 | -1 | 0 | 0 | -1 | 0 | 0 | 4 | 128 ]
[ 128 | -2< | >30 | 0 | 0 | -1 | 0 | 0 | -1 | 0 | 0 | -1 | 0 | 0 | -1 | 0 | 0 | -1 | 0 | 0 | 4 | 128 ]
[ 128< | -2 | >31 | 0 | 0 | -1 | 0 | 0 | -1 | 0 | 0 | -1 | 0 | 0 | -1 | 0 | 0 | -1 | 0 | 0 | 4 | 128 ]
[ 127< | -2 | >31 | 0 | 0 | -1 | 0 | 0 | -1 | 0 | 0 | -1 | 0 | 0 | -1 | 0 | 0 | -1 | 0 | 0 | 4 | 128 ]
[ 126< | -2 | >32 | 0 | 0 | -1 | 0 | 0 | -1 | 0 | 0 | -1 | 0 | 0 | -1 | 0 | 0 | -1 | 0 | 0 | 4 | 128 ]
[ 125< | -2 | >32 | 0 | 0 | -1 | 0 | 0 | -1 | 0 | 0 | -1 | 0 | 0 | -1 | 0 | 0 | -1 | 0 | 0 | 4 | 128 ]
[ 124< | -2 | >33 | 0 | 0 | -1 | 0 | 0 | -1 | 0 | 0 | -1 | 0 | 0 | -1 | 0 | 0 | -1 | 0 | 0 | 4 | 128 ]
[ 123< | -2 | >33 | 0 | 0 | -1 | 0 | 0 | -1 | 0 | 0 | -1 | 0 | 0 | -1 | 0 | 0 | -1 | 0 | 0 | 4 | 128 ]
[ 122< | -2 | >34 | 0 | 0 | -1 | 0 | 0 | -1 | 0 | 0 | -1 | 0 | 0 | -1 | 0 | 0 | -1 | 0 | 0 | 4 | 128 ]
[ 121< | -2 | >34 | 0 | 0 | -1 | 0 | 0 | -1 | 0 | 0 | -1 | 0 | 0 | -1 | 0 | 0 | -1 | 0 | 0 | 4 | 128 ]
[ 120< | -2 | >35 | 0 | 0 | -1 | 0 | 0 | -1 | 0 | 0 | -1 | 0 | 0 | -1 | 0 | 0 | -1 | 0 | 0 | 4 | 128 ]
[ 119< | -2 | >35 | 0 | 0 | -1 | 0 | 0 | -1 | 0 | 0 | -1 | 0 | 0 | -1 | 0 | 0 | -1 | 0 | 0 | 4 | 128 ]
[ 118< | -2 | >36 | 0 | 0 | -1 | 0 | 0 | -1 | 0 | 0 | -1 | 0 | 0 | -1 | 0 | 0 | -1 | 0 | 0 | 4 | 128 ]
[ 118< | -2 | >36 | 0 | 0 | -1 | 0 | 0 | -1 | 0 | 0 | -1 | 0 | 0 | -1 | 0 | 0 | -1 | 0 | 0 | 4 | 128 ]
[ 118 | -2 | >37 | 0 | 0 | -1 | 0 | 0 | -1 | 0 | 0 | -1 | 0 | 0 | -1 | 0 | 0 | -1 | 0 | 0 | 4 | 128< ]

===== BestOffense won the battle after 79 cycles =====



===== Starting battle of <BestOffense> vs <PrussianRoulette> with memory tape size: 23 =====

[ >128 | 0 | 0 | 0 | 0 | 0 | 0 | 0 | 0 | 0 | 0 | 0 | 0 | 0 | 0 | 0 | 0 | 0 | 0 | 0 | 0 | 0 | 128< ]
[ 128 | >0 | 0 | 0 | 0 | 0 | 0 | 0 | 0 | 0 | 0 | 0 | 0 | 0 | 0 | 0 | 0 | 0 | 0 | 0 | 0 | 0< | 128 ]
[ 128 | >-1 | 0 | 0 | 0 | 0 | 0 | 0 | 0 | 0 | 0 | 0 | 0 | 0 | 0 | 0 | 0 | 0 | 0 | 0 | 0 | 1< | 128 ]
[ 128 | >-2 | 0 | 0 | 0 | 0 | 0 | 0 | 0 | 0 | 0 | 0 | 0 | 0 | 0 | 0 | 0 | 0 | 0 | 0 | 0 | 2< | 128 ]
[ 128 | -2 | >0 | 0 | 0 | 0 | 0 | 0 | 0 | 0 | 0 | 0 | 0 | 0 | 0 | 0 | 0 | 0 | 0 | 0 | 0 | 3< | 128 ]
[ 128 | -2 | >1 | 0 | 0 | 0 | 0 | 0 | 0 | 0 | 0 | 0 | 0 | 0 | 0 | 0 | 0 | 0 | 0 | 0 | 0 | 4< | 128 ]
[ 128 | -2 | >1 | 0 | 0 | 0 | 0 | 0 | 0 | 0 | 0 | 0 | 0 | 0 | 0 | 0 | 0 | 0 | 0 | 0 | 0 | 5< | 128 ]
[ 128 | -2 | >2 | 0 | 0 | 0 | 0 | 0 | 0 | 0 | 0 | 0 | 0 | 0 | 0 | 0 | 0 | 0 | 0 | 0 | 0 | 4< | 128 ]
[ 128 | -2 | >2 | 0 | 0 | 0 | 0 | 0 | 0 | 0 | 0 | 0 | 0 | 0 | 0 | 0 | 0 | 0 | 0 | 0 | 0 | 4< | 128 ]
[ 128 | -2 | >3 | 0 | 0 | 0 | 0 | 0 | 0 | 0 | 0 | 0 | 0 | 0 | 0 | 0 | 0 | 0 | 0 | 0 | 0 | 4< | 128 ]
[ 128 | -2 | >3 | 0 | 0 | 0 | 0 | 0 | 0 | 0 | 0 | 0 | 0 | 0 | 0 | 0 | 0 | 0 | 0 | 0 | 0< | 4 | 128 ]
[ 128 | -2 | >4 | 0 | 0 | 0 | 0 | 0 | 0 | 0 | 0 | 0 | 0 | 0 | 0 | 0 | 0 | 0 | 0 | 0 | 0< | 4 | 128 ]
[ 128 | -2 | >4 | 0 | 0 | 0 | 0 | 0 | 0 | 0 | 0 | 0 | 0 | 0 | 0 | 0 | 0 | 0 | 0 | 0 | 0< | 4 | 128 ]
[ 128 | -2 | >5 | 0 | 0 | 0 | 0 | 0 | 0 | 0 | 0 | 0 | 0 | 0 | 0 | 0 | 0 | 0 | 0 | 0 | 0< | 4 | 128 ]
[ 128 | -2 | >5 | 0 | 0 | 0 | 0 | 0 | 0 | 0 | 0 | 0 | 0 | 0 | 0 | 0 | 0 | 0 | 0 | 0< | 0 | 4 | 128 ]
[ 128 | -2 | >6 | 0 | 0 | 0 | 0 | 0 | 0 | 0 | 0 | 0 | 0 | 0 | 0 | 0 | 0 | 0 | 0< | 0 | 0 | 4 | 128 ]
[ 128 | -2 | >6 | 0 | 0 | 0 | 0 | 0 | 0 | 0 | 0 | 0 | 0 | 0 | 0 | 0 | 0 | 0 | -1< | 0 | 0 | 4 | 128 ]
[ 128 | -2 | >7 | 0 | 0 | 0 | 0 | 0 | 0 | 0 | 0 | 0 | 0 | 0 | 0 | 0 | 0 | 0 | -1< | 0 | 0 | 4 | 128 ]
[ 128 | -2 | >7 | 0 | 0 | 0 | 0 | 0 | 0 | 0 | 0 | 0 | 0 | 0 | 0 | 0 | 0 | 0 | -1< | 0 | 0 | 4 | 128 ]
[ 128 | -2 | >8 | 0 | 0 | 0 | 0 | 0 | 0 | 0 | 0 | 0 | 0 | 0 | 0 | 0 | 0 | 0< | -1 | 0 | 0 | 4 | 128 ]
[ 128 | -2 | >8 | 0 | 0 | 0 | 0 | 0 | 0 | 0 | 0 | 0 | 0 | 0 | 0 | 0 | 0 | 0< | -1 | 0 | 0 | 4 | 128 ]
[ 128 | -2 | >9 | 0 | 0 | 0 | 0 | 0 | 0 | 0 | 0 | 0 | 0 | 0 | 0 | 0 | 0 | 0< | -1 | 0 | 0 | 4 | 128 ]
[ 128 | -2 | >9 | 0 | 0 | 0 | 0 | 0 | 0 | 0 | 0 | 0 | 0 | 0 | 0 | 0 | 0 | 0< | -1 | 0 | 0 | 4 | 128 ]
[ 128 | -2 | >10 | 0 | 0 | 0 | 0 | 0 | 0 | 0 | 0 | 0 | 0 | 0 | 0 | 0 | 0< | 0 | -1 | 0 | 0 | 4 | 128 ]
[ 128 | -2 | >10 | 0 | 0 | 0 | 0 | 0 | 0 | 0 | 0 | 0 | 0 | 0 | 0 | 0< | 0 | 0 | -1 | 0 | 0 | 4 | 128 ]
[ 128 | -2 | >11 | 0 | 0 | 0 | 0 | 0 | 0 | 0 | 0 | 0 | 0 | 0 | 0 | -1< | 0 | 0 | -1 | 0 | 0 | 4 | 128 ]
[ 128 | -2 | >11 | 0 | 0 | 0 | 0 | 0 | 0 | 0 | 0 | 0 | 0 | 0 | 0 | -1< | 0 | 0 | -1 | 0 | 0 | 4 | 128 ]
[ 128 | -2 | >12 | 0 | 0 | 0 | 0 | 0 | 0 | 0 | 0 | 0 | 0 | 0 | 0 | -1< | 0 | 0 | -1 | 0 | 0 | 4 | 128 ]
[ 128 | -2 | >12 | 0 | 0 | 0 | 0 | 0 | 0 | 0 | 0 | 0 | 0 | 0 | 0< | -1 | 0 | 0 | -1 | 0 | 0 | 4 | 128 ]
[ 128 | -2 | >13 | 0 | 0 | 0 | 0 | 0 | 0 | 0 | 0 | 0 | 0 | 0 | 0< | -1 | 0 | 0 | -1 | 0 | 0 | 4 | 128 ]
[ 128 | -2 | >13 | 0 | 0 | 0 | 0 | 0 | 0 | 0 | 0 | 0 | 0 | 0 | 0< | -1 | 0 | 0 | -1 | 0 | 0 | 4 | 128 ]
[ 128 | -2 | >14 | 0 | 0 | 0 | 0 | 0 | 0 | 0 | 0 | 0 | 0 | 0 | 0< | -1 | 0 | 0 | -1 | 0 | 0 | 4 | 128 ]
[ 128 | -2 | >14 | 0 | 0 | 0 | 0 | 0 | 0 | 0 | 0 | 0 | 0 | 0< | 0 | -1 | 0 | 0 | -1 | 0 | 0 | 4 | 128 ]
[ 128 | -2 | >15 | 0 | 0 | 0 | 0 | 0 | 0 | 0 | 0 | 0 | 0< | 0 | 0 | -1 | 0 | 0 | -1 | 0 | 0 | 4 | 128 ]
[ 128 | -2 | >15 | 0 | 0 | 0 | 0 | 0 | 0 | 0 | 0 | 0 | -1< | 0 | 0 | -1 | 0 | 0 | -1 | 0 | 0 | 4 | 128 ]
[ 128 | -2 | >16 | 0 | 0 | 0 | 0 | 0 | 0 | 0 | 0 | 0 | -1< | 0 | 0 | -1 | 0 | 0 | -1 | 0 | 0 | 4 | 128 ]
[ 128 | -2 | >16 | 0 | 0 | 0 | 0 | 0 | 0 | 0 | 0 | 0 | -1< | 0 | 0 | -1 | 0 | 0 | -1 | 0 | 0 | 4 | 128 ]
[ 128 | -2 | >17 | 0 | 0 | 0 | 0 | 0 | 0 | 0 | 0 | 0< | -1 | 0 | 0 | -1 | 0 | 0 | -1 | 0 | 0 | 4 | 128 ]
[ 128 | -2 | >17 | 0 | 0 | 0 | 0 | 0 | 0 | 0 | 0 | 0< | -1 | 0 | 0 | -1 | 0 | 0 | -1 | 0 | 0 | 4 | 128 ]
[ 128 | -2 | >18 | 0 | 0 | 0 | 0 | 0 | 0 | 0 | 0 | 0< | -1 | 0 | 0 | -1 | 0 | 0 | -1 | 0 | 0 | 4 | 128 ]
[ 128 | -2 | >18 | 0 | 0 | 0 | 0 | 0 | 0 | 0 | 0 | 0< | -1 | 0 | 0 | -1 | 0 | 0 | -1 | 0 | 0 | 4 | 128 ]
[ 128 | -2 | >19 | 0 | 0 | 0 | 0 | 0 | 0 | 0 | 0< | 0 | -1 | 0 | 0 | -1 | 0 | 0 | -1 | 0 | 0 | 4 | 128 ]
[ 128 | -2 | >19 | 0 | 0 | 0 | 0 | 0 | 0 | 0< | 0 | 0 | -1 | 0 | 0 | -1 | 0 | 0 | -1 | 0 | 0 | 4 | 128 ]
[ 128 | -2 | >20 | 0 | 0 | 0 | 0 | 0 | 0 | -1< | 0 | 0 | -1 | 0 | 0 | -1 | 0 | 0 | -1 | 0 | 0 | 4 | 128 ]
[ 128 | -2 | >20 | 0 | 0 | 0 | 0 | 0 | 0 | -1< | 0 | 0 | -1 | 0 | 0 | -1 | 0 | 0 | -1 | 0 | 0 | 4 | 128 ]
[ 128 | -2 | >21 | 0 | 0 | 0 | 0 | 0 | 0 | -1< | 0 | 0 | -1 | 0 | 0 | -1 | 0 | 0 | -1 | 0 | 0 | 4 | 128 ]
[ 128 | -2 | >21 | 0 | 0 | 0 | 0 | 0 | 0< | -1 | 0 | 0 | -1 | 0 | 0 | -1 | 0 | 0 | -1 | 0 | 0 | 4 | 128 ]
[ 128 | -2 | >22 | 0 | 0 | 0 | 0 | 0 | 0< | -1 | 0 | 0 | -1 | 0 | 0 | -1 | 0 | 0 | -1 | 0 | 0 | 4 | 128 ]
[ 128 | -2 | >22 | 0 | 0 | 0 | 0 | 0 | 0< | -1 | 0 | 0 | -1 | 0 | 0 | -1 | 0 | 0 | -1 | 0 | 0 | 4 | 128 ]
[ 128 | -2 | >23 | 0 | 0 | 0 | 0 | 0 | 0< | -1 | 0 | 0 | -1 | 0 | 0 | -1 | 0 | 0 | -1 | 0 | 0 | 4 | 128 ]
[ 128 | -2 | >23 | 0 | 0 | 0 | 0 | 0< | 0 | -1 | 0 | 0 | -1 | 0 | 0 | -1 | 0 | 0 | -1 | 0 | 0 | 4 | 128 ]
[ 128 | -2 | >24 | 0 | 0 | 0 | 0< | 0 | 0 | -1 | 0 | 0 | -1 | 0 | 0 | -1 | 0 | 0 | -1 | 0 | 0 | 4 | 128 ]
[ 128 | -2 | >24 | 0 | 0 | 0 | -1< | 0 | 0 | -1 | 0 | 0 | -1 | 0 | 0 | -1 | 0 | 0 | -1 | 0 | 0 | 4 | 128 ]
[ 128 | -2 | >25 | 0 | 0 | 0 | -1< | 0 | 0 | -1 | 0 | 0 | -1 | 0 | 0 | -1 | 0 | 0 | -1 | 0 | 0 | 4 | 128 ]
[ 128 | -2 | >25 | 0 | 0 | 0 | -1< | 0 | 0 | -1 | 0 | 0 | -1 | 0 | 0 | -1 | 0 | 0 | -1 | 0 | 0 | 4 | 128 ]
[ 128 | -2 | >26 | 0 | 0 | 0< | -1 | 0 | 0 | -1 | 0 | 0 | -1 | 0 | 0 | -1 | 0 | 0 | -1 | 0 | 0 | 4 | 128 ]
[ 128 | -2 | >26 | 0 | 0 | 0< | -1 | 0 | 0 | -1 | 0 | 0 | -1 | 0 | 0 | -1 | 0 | 0 | -1 | 0 | 0 | 4 | 128 ]
[ 128 | -2 | >27 | 0 | 0 | 0< | -1 | 0 | 0 | -1 | 0 | 0 | -1 | 0 | 0 | -1 | 0 | 0 | -1 | 0 | 0 | 4 | 128 ]
[ 128 | -2 | >27 | 0 | 0 | 0< | -1 | 0 | 0 | -1 | 0 | 0 | -1 | 0 | 0 | -1 | 0 | 0 | -1 | 0 | 0 | 4 | 128 ]
[ 128 | -2 | >28 | 0 | 0< | 0 | -1 | 0 | 0 | -1 | 0 | 0 | -1 | 0 | 0 | -1 | 0 | 0 | -1 | 0 | 0 | 4 | 128 ]
[ 128 | -2 | >28 | 0< | 0 | 0 | -1 | 0 | 0 | -1 | 0 | 0 | -1 | 0 | 0 | -1 | 0 | 0 | -1 | 0 | 0 | 4 | 128 ]
[ 128 | -2 | >29 | -1< | 0 | 0 | -1 | 0 | 0 | -1 | 0 | 0 | -1 | 0 | 0 | -1 | 0 | 0 | -1 | 0 | 0 | 4 | 128 ]
[ 128 | -2 | >29 | -1< | 0 | 0 | -1 | 0 | 0 | -1 | 0 | 0 | -1 | 0 | 0 | -1 | 0 | 0 | -1 | 0 | 0 | 4 | 128 ]
[ 128 | -2 | >30 | -1< | 0 | 0 | -1 | 0 | 0 | -1 | 0 | 0 | -1 | 0 | 0 | -1 | 0 | 0 | -1 | 0 | 0 | 4 | 128 ]
[ 128 | -2 | >30< | -1 | 0 | 0 | -1 | 0 | 0 | -1 | 0 | 0 | -1 | 0 | 0 | -1 | 0 | 0 | -1 | 0 | 0 | 4 | 128 ]
[ 128 | -2 | >31< | -1 | 0 | 0 | -1 | 0 | 0 | -1 | 0 | 0 | -1 | 0 | 0 | -1 | 0 | 0 | -1 | 0 | 0 | 4 | 128 ]
[ 128 | -2 | >31< | -1 | 0 | 0 | -1 | 0 | 0 | -1 | 0 | 0 | -1 | 0 | 0 | -1 | 0 | 0 | -1 | 0 | 0 | 4 | 128 ]
[ 128 | -2< | >32 | -1 | 0 | 0 | -1 | 0 | 0 | -1 | 0 | 0 | -1 | 0 | 0 | -1 | 0 | 0 | -1 | 0 | 0 | 4 | 128 ]
[ 128 | -3< | >32 | -1 | 0 | 0 | -1 | 0 | 0 | -1 | 0 | 0 | -1 | 0 | 0 | -1 | 0 | 0 | -1 | 0 | 0 | 4 | 128 ]
[ 128 | -4< | >33 | -1 | 0 | 0 | -1 | 0 | 0 | -1 | 0 | 0 | -1 | 0 | 0 | -1 | 0 | 0 | -1 | 0 | 0 | 4 | 128 ]
[ 128 | -5< | >33 | -1 | 0 | 0 | -1 | 0 | 0 | -1 | 0 | 0 | -1 | 0 | 0 | -1 | 0 | 0 | -1 | 0 | 0 | 4 | 128 ]
[ 128 | -6< | >34 | -1 | 0 | 0 | -1 | 0 | 0 | -1 | 0 | 0 | -1 | 0 | 0 | -1 | 0 | 0 | -1 | 0 | 0 | 4 | 128 ]
[ 128 | -7< | >34 | -1 | 0 | 0 | -1 | 0 | 0 | -1 | 0 | 0 | -1 | 0 | 0 | -1 | 0 | 0 | -1 | 0 | 0 | 4 | 128 ]
[ 128 | -8< | >35 | -1 | 0 | 0 | -1 | 0 | 0 | -1 | 0 | 0 | -1 | 0 | 0 | -1 | 0 | 0 | -1 | 0 | 0 | 4 | 128 ]
[ 128 | -9< | >35 | -1 | 0 | 0 | -1 | 0 | 0 | -1 | 0 | 0 | -1 | 0 | 0 | -1 | 0 | 0 | -1 | 0 | 0 | 4 | 128 ]
[ 128 | -10< | >36 | -1 | 0 | 0 | -1 | 0 | 0 | -1 | 0 | 0 | -1 | 0 | 0 | -1 | 0 | 0 | -1 | 0 | 0 | 4 | 128 ]
[ 128 | -11< | >36 | -1 | 0 | 0 | -1 | 0 | 0 | -1 | 0 | 0 | -1 | 0 | 0 | -1 | 0 | 0 | -1 | 0 | 0 | 4 | 128 ]
[ 128 | -12< | >37 | -1 | 0 | 0 | -1 | 0 | 0 | -1 | 0 | 0 | -1 | 0 | 0 | -1 | 0 | 0 | -1 | 0 | 0 | 4 | 128 ]
[ 128 | -12< | >37 | -1 | 0 | 0 | -1 | 0 | 0 | -1 | 0 | 0 | -1 | 0 | 0 | -1 | 0 | 0 | -1 | 0 | 0 | 4 | 128 ]
[ 128< | -12 | >38 | -1 | 0 | 0 | -1 | 0 | 0 | -1 | 0 | 0 | -1 | 0 | 0 | -1 | 0 | 0 | -1 | 0 | 0 | 4 | 128 ]
[ 127< | -12 | >38 | -1 | 0 | 0 | -1 | 0 | 0 | -1 | 0 | 0 | -1 | 0 | 0 | -1 | 0 | 0 | -1 | 0 | 0 | 4 | 128 ]
[ 126< | -12 | >39 | -1 | 0 | 0 | -1 | 0 | 0 | -1 | 0 | 0 | -1 | 0 | 0 | -1 | 0 | 0 | -1 | 0 | 0 | 4 | 128 ]
[ 125< | -12 | >39 | -1 | 0 | 0 | -1 | 0 | 0 | -1 | 0 | 0 | -1 | 0 | 0 | -1 | 0 | 0 | -1 | 0 | 0 | 4 | 128 ]
[ 124< | -12 | >40 | -1 | 0 | 0 | -1 | 0 | 0 | -1 | 0 | 0 | -1 | 0 | 0 | -1 | 0 | 0 | -1 | 0 | 0 | 4 | 128 ]
[ 123< | -12 | >40 | -1 | 0 | 0 | -1 | 0 | 0 | -1 | 0 | 0 | -1 | 0 | 0 | -1 | 0 | 0 | -1 | 0 | 0 | 4 | 128 ]
[ 122< | -12 | >41 | -1 | 0 | 0 | -1 | 0 | 0 | -1 | 0 | 0 | -1 | 0 | 0 | -1 | 0 | 0 | -1 | 0 | 0 | 4 | 128 ]
[ 121< | -12 | >41 | -1 | 0 | 0 | -1 | 0 | 0 | -1 | 0 | 0 | -1 | 0 | 0 | -1 | 0 | 0 | -1 | 0 | 0 | 4 | 128 ]
[ 120< | -12 | >42 | -1 | 0 | 0 | -1 | 0 | 0 | -1 | 0 | 0 | -1 | 0 | 0 | -1 | 0 | 0 | -1 | 0 | 0 | 4 | 128 ]
[ 119< | -12 | >42 | -1 | 0 | 0 | -1 | 0 | 0 | -1 | 0 | 0 | -1 | 0 | 0 | -1 | 0 | 0 | -1 | 0 | 0 | 4 | 128 ]
[ 118< | -12 | >43 | -1 | 0 | 0 | -1 | 0 | 0 | -1 | 0 | 0 | -1 | 0 | 0 | -1 | 0 | 0 | -1 | 0 | 0 | 4 | 128 ]
[ 118< | -12 | >43 | -1 | 0 | 0 | -1 | 0 | 0 | -1 | 0 | 0 | -1 | 0 | 0 | -1 | 0 | 0 | -1 | 0 | 0 | 4 | 128 ]
[ 118 | -12 | >44 | -1 | 0 | 0 | -1 | 0 | 0 | -1 | 0 | 0 | -1 | 0 | 0 | -1 | 0 | 0 | -1 | 0 | 0 | 4 | 128< ]

===== BestOffense won the battle after 91 cycles =====



===== Starting battle of <BestOffense> vs <PrussianRoulette> with memory tape size: 15 =====

[ >128 | 0 | 0 | 0 | 0 | 0 | 0 | 0 | 0 | 0 | 0 | 0 | 0 | 0 | 128< ]
[ 128 | >0 | 0 | 0 | 0 | 0 | 0 | 0 | 0 | 0 | 0 | 0 | 0 | 0< | 128 ]
[ 128 | >-1 | 0 | 0 | 0 | 0 | 0 | 0 | 0 | 0 | 0 | 0 | 0 | 1< | 128 ]
[ 128 | >-2 | 0 | 0 | 0 | 0 | 0 | 0 | 0 | 0 | 0 | 0 | 0 | 2< | 128 ]
[ 128 | -2 | >0 | 0 | 0 | 0 | 0 | 0 | 0 | 0 | 0 | 0 | 0 | 3< | 128 ]
[ 128 | -2 | >1 | 0 | 0 | 0 | 0 | 0 | 0 | 0 | 0 | 0 | 0 | 4< | 128 ]
[ 128 | -2 | >1 | 0 | 0 | 0 | 0 | 0 | 0 | 0 | 0 | 0 | 0 | 5< | 128 ]
[ 128 | -2 | >2 | 0 | 0 | 0 | 0 | 0 | 0 | 0 | 0 | 0 | 0 | 4< | 128 ]
[ 128 | -2 | >2 | 0 | 0 | 0 | 0 | 0 | 0 | 0 | 0 | 0 | 0 | 4< | 128 ]
[ 128 | -2 | >3 | 0 | 0 | 0 | 0 | 0 | 0 | 0 | 0 | 0 | 0 | 4< | 128 ]
[ 128 | -2 | >3 | 0 | 0 | 0 | 0 | 0 | 0 | 0 | 0 | 0 | 0< | 4 | 128 ]
[ 128 | -2 | >4 | 0 | 0 | 0 | 0 | 0 | 0 | 0 | 0 | 0 | 0< | 4 | 128 ]
[ 128 | -2 | >4 | 0 | 0 | 0 | 0 | 0 | 0 | 0 | 0 | 0 | 0< | 4 | 128 ]
[ 128 | -2 | >5 | 0 | 0 | 0 | 0 | 0 | 0 | 0 | 0 | 0 | 0< | 4 | 128 ]
[ 128 | -2 | >5 | 0 | 0 | 0 | 0 | 0 | 0 | 0 | 0 | 0< | 0 | 4 | 128 ]
[ 128 | -2 | >6 | 0 | 0 | 0 | 0 | 0 | 0 | 0 | 0< | 0 | 0 | 4 | 128 ]
[ 128 | -2 | >6 | 0 | 0 | 0 | 0 | 0 | 0 | 0 | -1< | 0 | 0 | 4 | 128 ]
[ 128 | -2 | >7 | 0 | 0 | 0 | 0 | 0 | 0 | 0 | -1< | 0 | 0 | 4 | 128 ]
[ 128 | -2 | >7 | 0 | 0 | 0 | 0 | 0 | 0 | 0 | -1< | 0 | 0 | 4 | 128 ]
[ 128 | -2 | >8 | 0 | 0 | 0 | 0 | 0 | 0 | 0< | -1 | 0 | 0 | 4 | 128 ]
[ 128 | -2 | >8 | 0 | 0 | 0 | 0 | 0 | 0 | 0< | -1 | 0 | 0 | 4 | 128 ]
[ 128 | -2 | >9 | 0 | 0 | 0 | 0 | 0 | 0 | 0< | -1 | 0 | 0 | 4 | 128 ]
[ 128 | -2 | >9 | 0 | 0 | 0 | 0 | 0 | 0 | 0< | -1 | 0 | 0 | 4 | 128 ]
[ 128 | -2 | >10 | 0 | 0 | 0 | 0 | 0 | 0< | 0 | -1 | 0 | 0 | 4 | 128 ]
[ 128 | -2 | >10 | 0 | 0 | 0 | 0 | 0< | 0 | 0 | -1 | 0 | 0 | 4 | 128 ]
[ 128 | -2 | >11 | 0 | 0 | 0 | 0 | -1< | 0 | 0 | -1 | 0 | 0 | 4 | 128 ]
[ 128 | -2 | >11 | 0 | 0 | 0 | 0 | -1< | 0 | 0 | -1 | 0 | 0 | 4 | 128 ]
[ 128 | -2 | >12 | 0 | 0 | 0 | 0 | -1< | 0 | 0 | -1 | 0 | 0 | 4 | 128 ]
[ 128 | -2 | >12 | 0 | 0 | 0 | 0< | -1 | 0 | 0 | -1 | 0 | 0 | 4 | 128 ]
[ 128 | -2 | >13 | 0 | 0 | 0 | 0< | -1 | 0 | 0 | -1 | 0 | 0 | 4 | 128 ]
[ 128 | -2 | >13 | 0 | 0 | 0 | 0< | -1 | 0 | 0 | -1 | 0 | 0 | 4 | 128 ]
[ 128 | -2 | >14 | 0 | 0 | 0 | 0< | -1 | 0 | 0 | -1 | 0 | 0 | 4 | 128 ]
[ 128 | -2 | >14 | 0 | 0 | 0< | 0 | -1 | 0 | 0 | -1 | 0 | 0 | 4 | 128 ]
[ 128 | -2 | >15 | 0 | 0< | 0 | 0 | -1 | 0 | 0 | -1 | 0 | 0 | 4 | 128 ]
[ 128 | -2 | >15 | 0 | -1< | 0 | 0 | -1 | 0 | 0 | -1 | 0 | 0 | 4 | 128 ]
[ 128 | -2 | >16 | 0 | -1< | 0 | 0 | -1 | 0 | 0 | -1 | 0 | 0 | 4 | 128 ]
[ 128 | -2 | >16 | 0 | -1< | 0 | 0 | -1 | 0 | 0 | -1 | 0 | 0 | 4 | 128 ]
[ 128 | -2 | >17 | 0< | -1 | 0 | 0 | -1 | 0 | 0 | -1 | 0 | 0 | 4 | 128 ]
[ 128 | -2 | >17 | 0< | -1 | 0 | 0 | -1 | 0 | 0 | -1 | 0 | 0 | 4 | 128 ]
[ 128 | -2 | >18 | 0< | -1 | 0 | 0 | -1 | 0 | 0 | -1 | 0 | 0 | 4 | 128 ]
[ 128 | -2 | >18 | 0< | -1 | 0 | 0 | -1 | 0 | 0 | -1 | 0 | 0 | 4 | 128 ]
[ 128 | -2 | >19< | 0 | -1 | 0 | 0 | -1 | 0 | 0 | -1 | 0 | 0 | 4 | 128 ]
[ 128 | -2< | >19 | 0 | -1 | 0 | 0 | -1 | 0 | 0 | -1 | 0 | 0 | 4 | 128 ]
[ 128 | -3< | >20 | 0 | -1 | 0 | 0 | -1 | 0 | 0 | -1 | 0 | 0 | 4 | 128 ]
[ 128 | -3< | >20 | 0 | -1 | 0 | 0 | -1 | 0 | 0 | -1 | 0 | 0 | 4 | 128 ]
[ 128 | -3< | >21 | 0 | -1 | 0 | 0 | -1 | 0 | 0 | -1 | 0 | 0 | 4 | 128 ]
[ 128< | -3 | >21 | 0 | -1 | 0 | 0 | -1 | 0 | 0 | -1 | 0 | 0 | 4 | 128 ]
[ 128< | -3 | >22 | 0 | -1 | 0 | 0 | -1 | 0 | 0 | -1 | 0 | 0 | 4 | 128 ]
[ 128< | -3 | >22 | 0 | -1 | 0 | 0 | -1 | 0 | 0 | -1 | 0 | 0 | 4 | 128 ]
[ 128 | -3 | >23 | 0 | -1 | 0 | 0 | -1 | 0 | 0 | -1 | 0 | 0 | 4 | 128< ]

===== BestOffense won the battle after 49 cycles =====



===== BestOffense.bf vs. PrussianRoulette.bf finished with 10:0 =====