===== Starting battle of <BurlyBalder> vs <PrussianRoulette> with memory tape size: 12 =====

[ >128 | 0 | 0 | 0 | 0 | 0 | 0 | 0 | 0 | 0 | 0 | 128< ]
[ 128 | >0 | 0 | 0 | 0 | 0 | 0 | 0 | 0 | 0 | 0< | 128 ]
[ 128 | >1 | 0 | 0 | 0 | 0 | 0 | 0 | 0 | 0 | 1< | 128 ]
[ 128 | >2 | 0 | 0 | 0 | 0 | 0 | 0 | 0 | 0 | 2< | 128 ]
[ 128 | >3 | 0 | 0 | 0 | 0 | 0 | 0 | 0 | 0 | 3< | 128 ]
[ 128 | >4 | 0 | 0 | 0 | 0 | 0 | 0 | 0 | 0 | 4< | 128 ]
[ 128 | >5 | 0 | 0 | 0 | 0 | 0 | 0 | 0 | 0 | 5< | 128 ]
[ 128 | >6 | 0 | 0 | 0 | 0 | 0 | 0 | 0 | 0 | 4< | 128 ]
[ 128 | >7 | 0 | 0 | 0 | 0 | 0 | 0 | 0 | 0 | 4< | 128 ]
[ 128 | 7 | >0 | 0 | 0 | 0 | 0 | 0 | 0 | 0 | 4< | 128 ]
[ 128 | 7 | >-1 | 0 | 0 | 0 | 0 | 0 | 0 | 0< | 4 | 128 ]
[ 128 | 7 | >-2 | 0 | 0 | 0 | 0 | 0 | 0 | 0< | 4 | 128 ]
[ 128 | 7 | >-3 | 0 | 0 | 0 | 0 | 0 | 0 | 0< | 4 | 128 ]
[ 128 | 7 | >-4 | 0 | 0 | 0 | 0 | 0 | 0 | 0< | 4 | 128 ]
[ 128 | 7 | >-5 | 0 | 0 | 0 | 0 | 0 | 0< | 0 | 4 | 128 ]
[ 128 | 7 | >-6 | 0 | 0 | 0 | 0 | 0< | 0 | 0 | 4 | 128 ]
[ 128 | 7 | >-7 | 0 | 0 | 0 | 0 | -1< | 0 | 0 | 4 | 128 ]
[ 128 | 7 | -7 | >0 | 0 | 0 | 0 | -1< | 0 | 0 | 4 | 128 ]
[ 128 | 7 | -7 | >1 | 0 | 0 | 0 | -1< | 0 | 0 | 4 | 128 ]
[ 128 | 7 | -7 | >2 | 0 | 0 | 0< | -1 | 0 | 0 | 4 | 128 ]
[ 128 | 7 | -7 | >3 | 0 | 0 | 0< | -1 | 0 | 0 | 4 | 128 ]
[ 128 | 7 | -7 | >4 | 0 | 0 | 0< | -1 | 0 | 0 | 4 | 128 ]
[ 128 | 7 | -7 | >5 | 0 | 0 | 0< | -1 | 0 | 0 | 4 | 128 ]
[ 128 | 7 | -7 | >6 | 0 | 0< | 0 | -1 | 0 | 0 | 4 | 128 ]
[ 128 | 7 | -7 | >7 | 0< | 0 | 0 | -1 | 0 | 0 | 4 | 128 ]
[ 128 | 7 | -7 | 7 | >-1< | 0 | 0 | -1 | 0 | 0 | 4 | 128 ]
[ 128 | 7 | -7 | 7 | >-2< | 0 | 0 | -1 | 0 | 0 | 4 | 128 ]
[ 128 | 7 | -7 | 7 | >-3< | 0 | 0 | -1 | 0 | 0 | 4 | 128 ]
[ 128 | 7 | -7 | 7< | >-4 | 0 | 0 | -1 | 0 | 0 | 4 | 128 ]
[ 128 | 7 | -7 | 7< | >-5 | 0 | 0 | -1 | 0 | 0 | 4 | 128 ]
[ 128 | 7 | -7 | 7< | >-6 | 0 | 0 | -1 | 0 | 0 | 4 | 128 ]
[ 128 | 7 | -7< | 7 | >-7 | 0 | 0 | -1 | 0 | 0 | 4 | 128 ]
[ 128 | 7 | -8< | 7 | >-8 | 0 | 0 | -1 | 0 | 0 | 4 | 128 ]
[ 128 | 7 | -9< | 7 | -8 | >0 | 0 | -1 | 0 | 0 | 4 | 128 ]
[ 128 | 7 | -10< | 7 | -8 | >1 | 0 | -1 | 0 | 0 | 4 | 128 ]
[ 128 | 7 | -11< | 7 | -8 | >2 | 0 | -1 | 0 | 0 | 4 | 128 ]
[ 128 | 7 | -12< | 7 | -8 | >3 | 0 | -1 | 0 | 0 | 4 | 128 ]
[ 128 | 7 | -13< | 7 | -8 | >4 | 0 | -1 | 0 | 0 | 4 | 128 ]
[ 128 | 7 | -14< | 7 | -8 | >5 | 0 | -1 | 0 | 0 | 4 | 128 ]
[ 128 | 7 | -15< | 7 | -8 | >6 | 0 | -1 | 0 | 0 | 4 | 128 ]
[ 128 | 7 | -16< | 7 | -8 | >7 | 0 | -1 | 0 | 0 | 4 | 128 ]
[ 128 | 7 | -17< | 7 | -8 | 7 | >0 | -1 | 0 | 0 | 4 | 128 ]
[ 128 | 7 | -17< | 7 | -8 | 7 | >-1 | -1 | 0 | 0 | 4 | 128 ]
[ 128 | 7< | -17 | 7 | -8 | 7 | >-2 | -1 | 0 | 0 | 4 | 128 ]
[ 128 | 6< | -17 | 7 | -8 | 7 | >-3 | -1 | 0 | 0 | 4 | 128 ]
[ 128 | 5< | -17 | 7 | -8 | 7 | >-4 | -1 | 0 | 0 | 4 | 128 ]
[ 128 | 4< | -17 | 7 | -8 | 7 | >-5 | -1 | 0 | 0 | 4 | 128 ]
[ 128 | 3< | -17 | 7 | -8 | 7 | >-6 | -1 | 0 | 0 | 4 | 128 ]
[ 128 | 2< | -17 | 7 | -8 | 7 | >-7 | -1 | 0 | 0 | 4 | 128 ]
[ 128 | 1< | -17 | 7 | -8 | 7 | -7 | >-1 | 0 | 0 | 4 | 128 ]
[ 128 | 0< | -17 | 7 | -8 | 7 | -7 | >0 | 0 | 0 | 4 | 128 ]
[ 128 | -1< | -17 | 7 | -8 | 7 | -7 | >1 | 0 | 0 | 4 | 128 ]
[ 128 | -2< | -17 | 7 | -8 | 7 | -7 | >2 | 0 | 0 | 4 | 128 ]
[ 128 | -3< | -17 | 7 | -8 | 7 | -7 | >3 | 0 | 0 | 4 | 128 ]
[ 128 | -3< | -17 | 7 | -8 | 7 | -7 | >4 | 0 | 0 | 4 | 128 ]
[ 128< | -3 | -17 | 7 | -8 | 7 | -7 | >5 | 0 | 0 | 4 | 128 ]
[ 127< | -3 | -17 | 7 | -8 | 7 | -7 | >6 | 0 | 0 | 4 | 128 ]
[ 126< | -3 | -17 | 7 | -8 | 7 | -7 | 6 | >0 | 0 | 4 | 128 ]
[ 125< | -3 | -17 | 7 | -8 | 7 | -7 | 6 | >-1 | 0 | 4 | 128 ]
[ 124< | -3 | -17 | 7 | -8 | 7 | -7 | 6 | >-2 | 0 | 4 | 128 ]
[ 123< | -3 | -17 | 7 | -8 | 7 | -7 | 6 | >-3 | 0 | 4 | 128 ]
[ 122< | -3 | -17 | 7 | -8 | 7 | -7 | 6 | >-4 | 0 | 4 | 128 ]
[ 121< | -3 | -17 | 7 | -8 | 7 | -7 | 6 | >-5 | 0 | 4 | 128 ]
[ 120< | -3 | -17 | 7 | -8 | 7 | -7 | 6 | >-6 | 0 | 4 | 128 ]
[ 119< | -3 | -17 | 7 | -8 | 7 | -7 | 6 | >-7 | 0 | 4 | 128 ]
[ 118< | -3 | -17 | 7 | -8 | 7 | -7 | 6 | >-7 | 0 | 4 | 128 ]
[ 118< | -3 | -17 | 7 | -8 | 7 | -7 | 6 | -7 | >0 | 4 | 128 ]
[ 118 | -3 | -17 | 7 | -8 | 7 | -7 | 6 | -7 | >0 | 4 | 128< ]

===== BurlyBalder won the battle after 67 cycles =====



===== Starting battle of <BurlyBalder> vs <PrussianRoulette> with memory tape size: 17 =====

[ >128 | 0 | 0 | 0 | 0 | 0 | 0 | 0 | 0 | 0 | 0 | 0 | 0 | 0 | 0 | 0 | 128< ]
[ 128 | >0 | 0 | 0 | 0 | 0 | 0 | 0 | 0 | 0 | 0 | 0 | 0 | 0 | 0 | 0< | 128 ]
[ 128 | >1 | 0 | 0 | 0 | 0 | 0 | 0 | 0 | 0 | 0 | 0 | 0 | 0 | 0 | 1< | 128 ]
[ 128 | >2 | 0 | 0 | 0 | 0 | 0 | 0 | 0 | 0 | 0 | 0 | 0 | 0 | 0 | 2< | 128 ]
[ 128 | >3 | 0 | 0 | 0 | 0 | 0 | 0 | 0 | 0 | 0 | 0 | 0 | 0 | 0 | 3< | 128 ]
[ 128 | >4 | 0 | 0 | 0 | 0 | 0 | 0 | 0 | 0 | 0 | 0 | 0 | 0 | 0 | 4< | 128 ]
[ 128 | >5 | 0 | 0 | 0 | 0 | 0 | 0 | 0 | 0 | 0 | 0 | 0 | 0 | 0 | 5< | 128 ]
[ 128 | >6 | 0 | 0 | 0 | 0 | 0 | 0 | 0 | 0 | 0 | 0 | 0 | 0 | 0 | 4< | 128 ]
[ 128 | >7 | 0 | 0 | 0 | 0 | 0 | 0 | 0 | 0 | 0 | 0 | 0 | 0 | 0 | 4< | 128 ]
[ 128 | 7 | >0 | 0 | 0 | 0 | 0 | 0 | 0 | 0 | 0 | 0 | 0 | 0 | 0 | 4< | 128 ]
[ 128 | 7 | >-1 | 0 | 0 | 0 | 0 | 0 | 0 | 0 | 0 | 0 | 0 | 0 | 0< | 4 | 128 ]
[ 128 | 7 | >-2 | 0 | 0 | 0 | 0 | 0 | 0 | 0 | 0 | 0 | 0 | 0 | 0< | 4 | 128 ]
[ 128 | 7 | >-3 | 0 | 0 | 0 | 0 | 0 | 0 | 0 | 0 | 0 | 0 | 0 | 0< | 4 | 128 ]
[ 128 | 7 | >-4 | 0 | 0 | 0 | 0 | 0 | 0 | 0 | 0 | 0 | 0 | 0 | 0< | 4 | 128 ]
[ 128 | 7 | >-5 | 0 | 0 | 0 | 0 | 0 | 0 | 0 | 0 | 0 | 0 | 0< | 0 | 4 | 128 ]
[ 128 | 7 | >-6 | 0 | 0 | 0 | 0 | 0 | 0 | 0 | 0 | 0 | 0< | 0 | 0 | 4 | 128 ]
[ 128 | 7 | >-7 | 0 | 0 | 0 | 0 | 0 | 0 | 0 | 0 | 0 | -1< | 0 | 0 | 4 | 128 ]
[ 128 | 7 | -7 | >0 | 0 | 0 | 0 | 0 | 0 | 0 | 0 | 0 | -1< | 0 | 0 | 4 | 128 ]
[ 128 | 7 | -7 | >1 | 0 | 0 | 0 | 0 | 0 | 0 | 0 | 0 | -1< | 0 | 0 | 4 | 128 ]
[ 128 | 7 | -7 | >2 | 0 | 0 | 0 | 0 | 0 | 0 | 0 | 0< | -1 | 0 | 0 | 4 | 128 ]
[ 128 | 7 | -7 | >3 | 0 | 0 | 0 | 0 | 0 | 0 | 0 | 0< | -1 | 0 | 0 | 4 | 128 ]
[ 128 | 7 | -7 | >4 | 0 | 0 | 0 | 0 | 0 | 0 | 0 | 0< | -1 | 0 | 0 | 4 | 128 ]
[ 128 | 7 | -7 | >5 | 0 | 0 | 0 | 0 | 0 | 0 | 0 | 0< | -1 | 0 | 0 | 4 | 128 ]
[ 128 | 7 | -7 | >6 | 0 | 0 | 0 | 0 | 0 | 0 | 0< | 0 | -1 | 0 | 0 | 4 | 128 ]
[ 128 | 7 | -7 | >7 | 0 | 0 | 0 | 0 | 0 | 0< | 0 | 0 | -1 | 0 | 0 | 4 | 128 ]
[ 128 | 7 | -7 | 7 | >0 | 0 | 0 | 0 | 0 | -1< | 0 | 0 | -1 | 0 | 0 | 4 | 128 ]
[ 128 | 7 | -7 | 7 | >-1 | 0 | 0 | 0 | 0 | -1< | 0 | 0 | -1 | 0 | 0 | 4 | 128 ]
[ 128 | 7 | -7 | 7 | >-2 | 0 | 0 | 0 | 0 | -1< | 0 | 0 | -1 | 0 | 0 | 4 | 128 ]
[ 128 | 7 | -7 | 7 | >-3 | 0 | 0 | 0 | 0< | -1 | 0 | 0 | -1 | 0 | 0 | 4 | 128 ]
[ 128 | 7 | -7 | 7 | >-4 | 0 | 0 | 0 | 0< | -1 | 0 | 0 | -1 | 0 | 0 | 4 | 128 ]
[ 128 | 7 | -7 | 7 | >-5 | 0 | 0 | 0 | 0< | -1 | 0 | 0 | -1 | 0 | 0 | 4 | 128 ]
[ 128 | 7 | -7 | 7 | >-6 | 0 | 0 | 0 | 0< | -1 | 0 | 0 | -1 | 0 | 0 | 4 | 128 ]
[ 128 | 7 | -7 | 7 | >-7 | 0 | 0 | 0< | 0 | -1 | 0 | 0 | -1 | 0 | 0 | 4 | 128 ]
[ 128 | 7 | -7 | 7 | -7 | >0 | 0< | 0 | 0 | -1 | 0 | 0 | -1 | 0 | 0 | 4 | 128 ]
[ 128 | 7 | -7 | 7 | -7 | >1 | -1< | 0 | 0 | -1 | 0 | 0 | -1 | 0 | 0 | 4 | 128 ]
[ 128 | 7 | -7 | 7 | -7 | >2 | -1< | 0 | 0 | -1 | 0 | 0 | -1 | 0 | 0 | 4 | 128 ]
[ 128 | 7 | -7 | 7 | -7 | >3 | -1< | 0 | 0 | -1 | 0 | 0 | -1 | 0 | 0 | 4 | 128 ]
[ 128 | 7 | -7 | 7 | -7 | >4< | -1 | 0 | 0 | -1 | 0 | 0 | -1 | 0 | 0 | 4 | 128 ]
[ 128 | 7 | -7 | 7 | -7 | >5< | -1 | 0 | 0 | -1 | 0 | 0 | -1 | 0 | 0 | 4 | 128 ]
[ 128 | 7 | -7 | 7 | -7 | >6< | -1 | 0 | 0 | -1 | 0 | 0 | -1 | 0 | 0 | 4 | 128 ]
[ 128 | 7 | -7 | 7 | -7< | >7 | -1 | 0 | 0 | -1 | 0 | 0 | -1 | 0 | 0 | 4 | 128 ]
[ 128 | 7 | -7 | 7 | -8< | 7 | >-1 | 0 | 0 | -1 | 0 | 0 | -1 | 0 | 0 | 4 | 128 ]
[ 128 | 7 | -7 | 7 | -9< | 7 | >-2 | 0 | 0 | -1 | 0 | 0 | -1 | 0 | 0 | 4 | 128 ]
[ 128 | 7 | -7 | 7 | -10< | 7 | >-3 | 0 | 0 | -1 | 0 | 0 | -1 | 0 | 0 | 4 | 128 ]
[ 128 | 7 | -7 | 7 | -11< | 7 | >-4 | 0 | 0 | -1 | 0 | 0 | -1 | 0 | 0 | 4 | 128 ]
[ 128 | 7 | -7 | 7 | -12< | 7 | >-5 | 0 | 0 | -1 | 0 | 0 | -1 | 0 | 0 | 4 | 128 ]
[ 128 | 7 | -7 | 7 | -13< | 7 | >-6 | 0 | 0 | -1 | 0 | 0 | -1 | 0 | 0 | 4 | 128 ]
[ 128 | 7 | -7 | 7 | -14< | 7 | >-7 | 0 | 0 | -1 | 0 | 0 | -1 | 0 | 0 | 4 | 128 ]
[ 128 | 7 | -7 | 7 | -15< | 7 | >-8 | 0 | 0 | -1 | 0 | 0 | -1 | 0 | 0 | 4 | 128 ]
[ 128 | 7 | -7 | 7 | -16< | 7 | -8 | >0 | 0 | -1 | 0 | 0 | -1 | 0 | 0 | 4 | 128 ]
[ 128 | 7 | -7 | 7 | -17< | 7 | -8 | >1 | 0 | -1 | 0 | 0 | -1 | 0 | 0 | 4 | 128 ]
[ 128 | 7 | -7 | 7 | -17< | 7 | -8 | >2 | 0 | -1 | 0 | 0 | -1 | 0 | 0 | 4 | 128 ]
[ 128 | 7 | -7 | 7< | -17 | 7 | -8 | >3 | 0 | -1 | 0 | 0 | -1 | 0 | 0 | 4 | 128 ]
[ 128 | 7 | -7 | 6< | -17 | 7 | -8 | >4 | 0 | -1 | 0 | 0 | -1 | 0 | 0 | 4 | 128 ]
[ 128 | 7 | -7 | 5< | -17 | 7 | -8 | >5 | 0 | -1 | 0 | 0 | -1 | 0 | 0 | 4 | 128 ]
[ 128 | 7 | -7 | 4< | -17 | 7 | -8 | >6 | 0 | -1 | 0 | 0 | -1 | 0 | 0 | 4 | 128 ]
[ 128 | 7 | -7 | 3< | -17 | 7 | -8 | >7 | 0 | -1 | 0 | 0 | -1 | 0 | 0 | 4 | 128 ]
[ 128 | 7 | -7 | 2< | -17 | 7 | -8 | 7 | >0 | -1 | 0 | 0 | -1 | 0 | 0 | 4 | 128 ]
[ 128 | 7 | -7 | 1< | -17 | 7 | -8 | 7 | >-1 | -1 | 0 | 0 | -1 | 0 | 0 | 4 | 128 ]
[ 128 | 7 | -7 | 0< | -17 | 7 | -8 | 7 | >-2 | -1 | 0 | 0 | -1 | 0 | 0 | 4 | 128 ]
[ 128 | 7 | -7 | -1< | -17 | 7 | -8 | 7 | >-3 | -1 | 0 | 0 | -1 | 0 | 0 | 4 | 128 ]
[ 128 | 7 | -7 | -2< | -17 | 7 | -8 | 7 | >-4 | -1 | 0 | 0 | -1 | 0 | 0 | 4 | 128 ]
[ 128 | 7 | -7 | -3< | -17 | 7 | -8 | 7 | >-5 | -1 | 0 | 0 | -1 | 0 | 0 | 4 | 128 ]
[ 128 | 7 | -7 | -3< | -17 | 7 | -8 | 7 | >-6 | -1 | 0 | 0 | -1 | 0 | 0 | 4 | 128 ]
[ 128 | 7 | -7< | -3 | -17 | 7 | -8 | 7 | >-7 | -1 | 0 | 0 | -1 | 0 | 0 | 4 | 128 ]
[ 128 | 7 | -8< | -3 | -17 | 7 | -8 | 7 | >-7 | -1 | 0 | 0 | -1 | 0 | 0 | 4 | 128 ]
[ 128 | 7 | -9< | -3 | -17 | 7 | -8 | 7 | -7 | >-1 | 0 | 0 | -1 | 0 | 0 | 4 | 128 ]
[ 128 | 7 | -10< | -3 | -17 | 7 | -8 | 7 | -7 | >-1 | 0 | 0 | -1 | 0 | 0 | 4 | 128 ]
[ 128 | 7 | -11< | -3 | -17 | 7 | -8 | 7 | -7 | >0 | 0 | 0 | -1 | 0 | 0 | 4 | 128 ]
[ 128 | 7 | -12< | -3 | -17 | 7 | -8 | 7 | -7 | >0 | 0 | 0 | -1 | 0 | 0 | 4 | 128 ]
[ 128 | 7 | -13< | -3 | -17 | 7 | -8 | 7 | -7 | >0 | 0 | 0 | -1 | 0 | 0 | 4 | 128 ]
[ 128 | 7 | -14< | -3 | -17 | 7 | -8 | 7 | -7 | >-1 | 0 | 0 | -1 | 0 | 0 | 4 | 128 ]
[ 128 | 7 | -15< | -3 | -17 | 7 | -8 | 7 | -7 | >-1 | 0 | 0 | -1 | 0 | 0 | 4 | 128 ]
[ 128 | 7 | -16< | -3 | -17 | 7 | -8 | 7 | -7 | -1 | >0 | 0 | -1 | 0 | 0 | 4 | 128 ]
[ 128 | 7 | -17< | -3 | -17 | 7 | -8 | 7 | -7 | -1 | >0 | 0 | -1 | 0 | 0 | 4 | 128 ]
[ 128 | 7 | -17< | -3 | -17 | 7 | -8 | 7 | -7 | -1 | >-1 | 0 | -1 | 0 | 0 | 4 | 128 ]
[ 128 | 7< | -17 | -3 | -17 | 7 | -8 | 7 | -7 | -1 | >-1 | 0 | -1 | 0 | 0 | 4 | 128 ]
[ 128 | 6< | -17 | -3 | -17 | 7 | -8 | 7 | -7 | -1 | -1 | >0 | -1 | 0 | 0 | 4 | 128 ]
[ 128 | 5< | -17 | -3 | -17 | 7 | -8 | 7 | -7 | -1 | -1 | >0 | -1 | 0 | 0 | 4 | 128 ]
[ 128 | 4< | -17 | -3 | -17 | 7 | -8 | 7 | -7 | -1 | -1 | >-1 | -1 | 0 | 0 | 4 | 128 ]
[ 128 | 3< | -17 | -3 | -17 | 7 | -8 | 7 | -7 | -1 | -1 | >-1 | -1 | 0 | 0 | 4 | 128 ]
[ 128 | 2< | -17 | -3 | -17 | 7 | -8 | 7 | -7 | -1 | -1 | -1 | >-1 | 0 | 0 | 4 | 128 ]
[ 128 | 1< | -17 | -3 | -17 | 7 | -8 | 7 | -7 | -1 | -1 | -1 | >-1 | 0 | 0 | 4 | 128 ]
[ 128 | 0< | -17 | -3 | -17 | 7 | -8 | 7 | -7 | -1 | -1 | -1 | >0 | 0 | 0 | 4 | 128 ]
[ 128 | -1< | -17 | -3 | -17 | 7 | -8 | 7 | -7 | -1 | -1 | -1 | >0 | 0 | 0 | 4 | 128 ]
[ 128 | -2< | -17 | -3 | -17 | 7 | -8 | 7 | -7 | -1 | -1 | -1 | >0 | 0 | 0 | 4 | 128 ]
[ 128 | -3< | -17 | -3 | -17 | 7 | -8 | 7 | -7 | -1 | -1 | -1 | >-1 | 0 | 0 | 4 | 128 ]
[ 128 | -3< | -17 | -3 | -17 | 7 | -8 | 7 | -7 | -1 | -1 | -1 | >-1 | 0 | 0 | 4 | 128 ]
[ 128< | -3 | -17 | -3 | -17 | 7 | -8 | 7 | -7 | -1 | -1 | -1 | -1 | >0 | 0 | 4 | 128 ]
[ 127< | -3 | -17 | -3 | -17 | 7 | -8 | 7 | -7 | -1 | -1 | -1 | -1 | >0 | 0 | 4 | 128 ]
[ 126< | -3 | -17 | -3 | -17 | 7 | -8 | 7 | -7 | -1 | -1 | -1 | -1 | >-1 | 0 | 4 | 128 ]
[ 125< | -3 | -17 | -3 | -17 | 7 | -8 | 7 | -7 | -1 | -1 | -1 | -1 | >-1 | 0 | 4 | 128 ]
[ 124< | -3 | -17 | -3 | -17 | 7 | -8 | 7 | -7 | -1 | -1 | -1 | -1 | -1 | >0 | 4 | 128 ]
[ 123< | -3 | -17 | -3 | -17 | 7 | -8 | 7 | -7 | -1 | -1 | -1 | -1 | -1 | >0 | 4 | 128 ]
[ 122< | -3 | -17 | -3 | -17 | 7 | -8 | 7 | -7 | -1 | -1 | -1 | -1 | -1 | >-1 | 4 | 128 ]
[ 121< | -3 | -17 | -3 | -17 | 7 | -8 | 7 | -7 | -1 | -1 | -1 | -1 | -1 | >-1 | 4 | 128 ]
[ 120< | -3 | -17 | -3 | -17 | 7 | -8 | 7 | -7 | -1 | -1 | -1 | -1 | -1 | -1 | >4 | 128 ]
[ 119< | -3 | -17 | -3 | -17 | 7 | -8 | 7 | -7 | -1 | -1 | -1 | -1 | -1 | -1 | >4 | 128 ]
[ 118< | -3 | -17 | -3 | -17 | 7 | -8 | 7 | -7 | -1 | -1 | -1 | -1 | -1 | -1 | >5 | 128 ]
[ 118< | -3 | -17 | -3 | -17 | 7 | -8 | 7 | -7 | -1 | -1 | -1 | -1 | -1 | -1 | >5 | 128 ]
[ 118 | -3 | -17 | -3 | -17 | 7 | -8 | 7 | -7 | -1 | -1 | -1 | -1 | -1 | -1 | >6 | 128< ]

===== BurlyBalder won the battle after 100 cycles =====



===== Starting battle of <BurlyBalder> vs <PrussianRoulette> with memory tape size: 18 =====

[ >128 | 0 | 0 | 0 | 0 | 0 | 0 | 0 | 0 | 0 | 0 | 0 | 0 | 0 | 0 | 0 | 0 | 128< ]
[ 128 | >0 | 0 | 0 | 0 | 0 | 0 | 0 | 0 | 0 | 0 | 0 | 0 | 0 | 0 | 0 | 0< | 128 ]
[ 128 | >1 | 0 | 0 | 0 | 0 | 0 | 0 | 0 | 0 | 0 | 0 | 0 | 0 | 0 | 0 | 1< | 128 ]
[ 128 | >2 | 0 | 0 | 0 | 0 | 0 | 0 | 0 | 0 | 0 | 0 | 0 | 0 | 0 | 0 | 2< | 128 ]
[ 128 | >3 | 0 | 0 | 0 | 0 | 0 | 0 | 0 | 0 | 0 | 0 | 0 | 0 | 0 | 0 | 3< | 128 ]
[ 128 | >4 | 0 | 0 | 0 | 0 | 0 | 0 | 0 | 0 | 0 | 0 | 0 | 0 | 0 | 0 | 4< | 128 ]
[ 128 | >5 | 0 | 0 | 0 | 0 | 0 | 0 | 0 | 0 | 0 | 0 | 0 | 0 | 0 | 0 | 5< | 128 ]
[ 128 | >6 | 0 | 0 | 0 | 0 | 0 | 0 | 0 | 0 | 0 | 0 | 0 | 0 | 0 | 0 | 4< | 128 ]
[ 128 | >7 | 0 | 0 | 0 | 0 | 0 | 0 | 0 | 0 | 0 | 0 | 0 | 0 | 0 | 0 | 4< | 128 ]
[ 128 | 7 | >0 | 0 | 0 | 0 | 0 | 0 | 0 | 0 | 0 | 0 | 0 | 0 | 0 | 0 | 4< | 128 ]
[ 128 | 7 | >-1 | 0 | 0 | 0 | 0 | 0 | 0 | 0 | 0 | 0 | 0 | 0 | 0 | 0< | 4 | 128 ]
[ 128 | 7 | >-2 | 0 | 0 | 0 | 0 | 0 | 0 | 0 | 0 | 0 | 0 | 0 | 0 | 0< | 4 | 128 ]
[ 128 | 7 | >-3 | 0 | 0 | 0 | 0 | 0 | 0 | 0 | 0 | 0 | 0 | 0 | 0 | 0< | 4 | 128 ]
[ 128 | 7 | >-4 | 0 | 0 | 0 | 0 | 0 | 0 | 0 | 0 | 0 | 0 | 0 | 0 | 0< | 4 | 128 ]
[ 128 | 7 | >-5 | 0 | 0 | 0 | 0 | 0 | 0 | 0 | 0 | 0 | 0 | 0 | 0< | 0 | 4 | 128 ]
[ 128 | 7 | >-6 | 0 | 0 | 0 | 0 | 0 | 0 | 0 | 0 | 0 | 0 | 0< | 0 | 0 | 4 | 128 ]
[ 128 | 7 | >-7 | 0 | 0 | 0 | 0 | 0 | 0 | 0 | 0 | 0 | 0 | -1< | 0 | 0 | 4 | 128 ]
[ 128 | 7 | -7 | >0 | 0 | 0 | 0 | 0 | 0 | 0 | 0 | 0 | 0 | -1< | 0 | 0 | 4 | 128 ]
[ 128 | 7 | -7 | >1 | 0 | 0 | 0 | 0 | 0 | 0 | 0 | 0 | 0 | -1< | 0 | 0 | 4 | 128 ]
[ 128 | 7 | -7 | >2 | 0 | 0 | 0 | 0 | 0 | 0 | 0 | 0 | 0< | -1 | 0 | 0 | 4 | 128 ]
[ 128 | 7 | -7 | >3 | 0 | 0 | 0 | 0 | 0 | 0 | 0 | 0 | 0< | -1 | 0 | 0 | 4 | 128 ]
[ 128 | 7 | -7 | >4 | 0 | 0 | 0 | 0 | 0 | 0 | 0 | 0 | 0< | -1 | 0 | 0 | 4 | 128 ]
[ 128 | 7 | -7 | >5 | 0 | 0 | 0 | 0 | 0 | 0 | 0 | 0 | 0< | -1 | 0 | 0 | 4 | 128 ]
[ 128 | 7 | -7 | >6 | 0 | 0 | 0 | 0 | 0 | 0 | 0 | 0< | 0 | -1 | 0 | 0 | 4 | 128 ]
[ 128 | 7 | -7 | >7 | 0 | 0 | 0 | 0 | 0 | 0 | 0< | 0 | 0 | -1 | 0 | 0 | 4 | 128 ]
[ 128 | 7 | -7 | 7 | >0 | 0 | 0 | 0 | 0 | 0 | -1< | 0 | 0 | -1 | 0 | 0 | 4 | 128 ]
[ 128 | 7 | -7 | 7 | >-1 | 0 | 0 | 0 | 0 | 0 | -1< | 0 | 0 | -1 | 0 | 0 | 4 | 128 ]
[ 128 | 7 | -7 | 7 | >-2 | 0 | 0 | 0 | 0 | 0 | -1< | 0 | 0 | -1 | 0 | 0 | 4 | 128 ]
[ 128 | 7 | -7 | 7 | >-3 | 0 | 0 | 0 | 0 | 0< | -1 | 0 | 0 | -1 | 0 | 0 | 4 | 128 ]
[ 128 | 7 | -7 | 7 | >-4 | 0 | 0 | 0 | 0 | 0< | -1 | 0 | 0 | -1 | 0 | 0 | 4 | 128 ]
[ 128 | 7 | -7 | 7 | >-5 | 0 | 0 | 0 | 0 | 0< | -1 | 0 | 0 | -1 | 0 | 0 | 4 | 128 ]
[ 128 | 7 | -7 | 7 | >-6 | 0 | 0 | 0 | 0 | 0< | -1 | 0 | 0 | -1 | 0 | 0 | 4 | 128 ]
[ 128 | 7 | -7 | 7 | >-7 | 0 | 0 | 0 | 0< | 0 | -1 | 0 | 0 | -1 | 0 | 0 | 4 | 128 ]
[ 128 | 7 | -7 | 7 | -7 | >0 | 0 | 0< | 0 | 0 | -1 | 0 | 0 | -1 | 0 | 0 | 4 | 128 ]
[ 128 | 7 | -7 | 7 | -7 | >1 | 0 | -1< | 0 | 0 | -1 | 0 | 0 | -1 | 0 | 0 | 4 | 128 ]
[ 128 | 7 | -7 | 7 | -7 | >2 | 0 | -1< | 0 | 0 | -1 | 0 | 0 | -1 | 0 | 0 | 4 | 128 ]
[ 128 | 7 | -7 | 7 | -7 | >3 | 0 | -1< | 0 | 0 | -1 | 0 | 0 | -1 | 0 | 0 | 4 | 128 ]
[ 128 | 7 | -7 | 7 | -7 | >4 | 0< | -1 | 0 | 0 | -1 | 0 | 0 | -1 | 0 | 0 | 4 | 128 ]
[ 128 | 7 | -7 | 7 | -7 | >5 | 0< | -1 | 0 | 0 | -1 | 0 | 0 | -1 | 0 | 0 | 4 | 128 ]
[ 128 | 7 | -7 | 7 | -7 | >6 | 0< | -1 | 0 | 0 | -1 | 0 | 0 | -1 | 0 | 0 | 4 | 128 ]
[ 128 | 7 | -7 | 7 | -7 | >7 | 0< | -1 | 0 | 0 | -1 | 0 | 0 | -1 | 0 | 0 | 4 | 128 ]
[ 128 | 7 | -7 | 7 | -7 | 7< | >0 | -1 | 0 | 0 | -1 | 0 | 0 | -1 | 0 | 0 | 4 | 128 ]
[ 128 | 7 | -7 | 7 | -7< | 7 | >-1 | -1 | 0 | 0 | -1 | 0 | 0 | -1 | 0 | 0 | 4 | 128 ]
[ 128 | 7 | -7 | 7 | -8< | 7 | >-2 | -1 | 0 | 0 | -1 | 0 | 0 | -1 | 0 | 0 | 4 | 128 ]
[ 128 | 7 | -7 | 7 | -8< | 7 | >-3 | -1 | 0 | 0 | -1 | 0 | 0 | -1 | 0 | 0 | 4 | 128 ]
[ 128 | 7 | -7 | 7 | -8< | 7 | >-4 | -1 | 0 | 0 | -1 | 0 | 0 | -1 | 0 | 0 | 4 | 128 ]
[ 128 | 7 | -7 | 7< | -8 | 7 | >-5 | -1 | 0 | 0 | -1 | 0 | 0 | -1 | 0 | 0 | 4 | 128 ]
[ 128 | 7 | -7 | 7< | -8 | 7 | >-6 | -1 | 0 | 0 | -1 | 0 | 0 | -1 | 0 | 0 | 4 | 128 ]
[ 128 | 7 | -7 | 7< | -8 | 7 | >-7 | -1 | 0 | 0 | -1 | 0 | 0 | -1 | 0 | 0 | 4 | 128 ]
[ 128 | 7 | -7< | 7 | -8 | 7 | -7 | >-1 | 0 | 0 | -1 | 0 | 0 | -1 | 0 | 0 | 4 | 128 ]
[ 128 | 7 | -8< | 7 | -8 | 7 | -7 | >0 | 0 | 0 | -1 | 0 | 0 | -1 | 0 | 0 | 4 | 128 ]
[ 128 | 7 | -9< | 7 | -8 | 7 | -7 | >1 | 0 | 0 | -1 | 0 | 0 | -1 | 0 | 0 | 4 | 128 ]
[ 128 | 7 | -10< | 7 | -8 | 7 | -7 | >2 | 0 | 0 | -1 | 0 | 0 | -1 | 0 | 0 | 4 | 128 ]
[ 128 | 7 | -11< | 7 | -8 | 7 | -7 | >3 | 0 | 0 | -1 | 0 | 0 | -1 | 0 | 0 | 4 | 128 ]
[ 128 | 7 | -12< | 7 | -8 | 7 | -7 | >4 | 0 | 0 | -1 | 0 | 0 | -1 | 0 | 0 | 4 | 128 ]
[ 128 | 7 | -13< | 7 | -8 | 7 | -7 | >5 | 0 | 0 | -1 | 0 | 0 | -1 | 0 | 0 | 4 | 128 ]
[ 128 | 7 | -14< | 7 | -8 | 7 | -7 | >6 | 0 | 0 | -1 | 0 | 0 | -1 | 0 | 0 | 4 | 128 ]
[ 128 | 7 | -15< | 7 | -8 | 7 | -7 | 6 | >0 | 0 | -1 | 0 | 0 | -1 | 0 | 0 | 4 | 128 ]
[ 128 | 7 | -16< | 7 | -8 | 7 | -7 | 6 | >-1 | 0 | -1 | 0 | 0 | -1 | 0 | 0 | 4 | 128 ]
[ 128 | 7 | -17< | 7 | -8 | 7 | -7 | 6 | >-2 | 0 | -1 | 0 | 0 | -1 | 0 | 0 | 4 | 128 ]
[ 128 | 7 | -17< | 7 | -8 | 7 | -7 | 6 | >-3 | 0 | -1 | 0 | 0 | -1 | 0 | 0 | 4 | 128 ]
[ 128 | 7< | -17 | 7 | -8 | 7 | -7 | 6 | >-4 | 0 | -1 | 0 | 0 | -1 | 0 | 0 | 4 | 128 ]
[ 128 | 6< | -17 | 7 | -8 | 7 | -7 | 6 | >-5 | 0 | -1 | 0 | 0 | -1 | 0 | 0 | 4 | 128 ]
[ 128 | 5< | -17 | 7 | -8 | 7 | -7 | 6 | >-6 | 0 | -1 | 0 | 0 | -1 | 0 | 0 | 4 | 128 ]
[ 128 | 4< | -17 | 7 | -8 | 7 | -7 | 6 | >-7 | 0 | -1 | 0 | 0 | -1 | 0 | 0 | 4 | 128 ]
[ 128 | 3< | -17 | 7 | -8 | 7 | -7 | 6 | >-7 | 0 | -1 | 0 | 0 | -1 | 0 | 0 | 4 | 128 ]
[ 128 | 2< | -17 | 7 | -8 | 7 | -7 | 6 | -7 | >0 | -1 | 0 | 0 | -1 | 0 | 0 | 4 | 128 ]
[ 128 | 1< | -17 | 7 | -8 | 7 | -7 | 6 | -7 | >0 | -1 | 0 | 0 | -1 | 0 | 0 | 4 | 128 ]
[ 128 | 0< | -17 | 7 | -8 | 7 | -7 | 6 | -7 | >-1 | -1 | 0 | 0 | -1 | 0 | 0 | 4 | 128 ]
[ 128 | -1< | -17 | 7 | -8 | 7 | -7 | 6 | -7 | >-1 | -1 | 0 | 0 | -1 | 0 | 0 | 4 | 128 ]
[ 128 | -2< | -17 | 7 | -8 | 7 | -7 | 6 | -7 | -1 | >-1 | 0 | 0 | -1 | 0 | 0 | 4 | 128 ]
[ 128 | -3< | -17 | 7 | -8 | 7 | -7 | 6 | -7 | -1 | >-1 | 0 | 0 | -1 | 0 | 0 | 4 | 128 ]
[ 128 | -3< | -17 | 7 | -8 | 7 | -7 | 6 | -7 | -1 | >0 | 0 | 0 | -1 | 0 | 0 | 4 | 128 ]
[ 128< | -3 | -17 | 7 | -8 | 7 | -7 | 6 | -7 | -1 | >0 | 0 | 0 | -1 | 0 | 0 | 4 | 128 ]
[ 127< | -3 | -17 | 7 | -8 | 7 | -7 | 6 | -7 | -1 | >0 | 0 | 0 | -1 | 0 | 0 | 4 | 128 ]
[ 126< | -3 | -17 | 7 | -8 | 7 | -7 | 6 | -7 | -1 | >-1 | 0 | 0 | -1 | 0 | 0 | 4 | 128 ]
[ 125< | -3 | -17 | 7 | -8 | 7 | -7 | 6 | -7 | -1 | >-1 | 0 | 0 | -1 | 0 | 0 | 4 | 128 ]
[ 124< | -3 | -17 | 7 | -8 | 7 | -7 | 6 | -7 | -1 | -1 | >0 | 0 | -1 | 0 | 0 | 4 | 128 ]
[ 123< | -3 | -17 | 7 | -8 | 7 | -7 | 6 | -7 | -1 | -1 | >0 | 0 | -1 | 0 | 0 | 4 | 128 ]
[ 122< | -3 | -17 | 7 | -8 | 7 | -7 | 6 | -7 | -1 | -1 | >-1 | 0 | -1 | 0 | 0 | 4 | 128 ]
[ 121< | -3 | -17 | 7 | -8 | 7 | -7 | 6 | -7 | -1 | -1 | >-1 | 0 | -1 | 0 | 0 | 4 | 128 ]
[ 120< | -3 | -17 | 7 | -8 | 7 | -7 | 6 | -7 | -1 | -1 | -1 | >0 | -1 | 0 | 0 | 4 | 128 ]
[ 119< | -3 | -17 | 7 | -8 | 7 | -7 | 6 | -7 | -1 | -1 | -1 | >0 | -1 | 0 | 0 | 4 | 128 ]
[ 118< | -3 | -17 | 7 | -8 | 7 | -7 | 6 | -7 | -1 | -1 | -1 | >-1 | -1 | 0 | 0 | 4 | 128 ]
[ 118< | -3 | -17 | 7 | -8 | 7 | -7 | 6 | -7 | -1 | -1 | -1 | >-1 | -1 | 0 | 0 | 4 | 128 ]
[ 118 | -3 | -17 | 7 | -8 | 7 | -7 | 6 | -7 | -1 | -1 | -1 | -1 | >-1 | 0 | 0 | 4 | 128< ]

===== BurlyBalder won the battle after 85 cycles =====



===== Starting battle of <BurlyBalder> vs <PrussianRoulette> with memory tape size: 17 =====

[ >128 | 0 | 0 | 0 | 0 | 0 | 0 | 0 | 0 | 0 | 0 | 0 | 0 | 0 | 0 | 0 | 128< ]
[ 128 | >0 | 0 | 0 | 0 | 0 | 0 | 0 | 0 | 0 | 0 | 0 | 0 | 0 | 0 | 0< | 128 ]
[ 128 | >1 | 0 | 0 | 0 | 0 | 0 | 0 | 0 | 0 | 0 | 0 | 0 | 0 | 0 | 1< | 128 ]
[ 128 | >2 | 0 | 0 | 0 | 0 | 0 | 0 | 0 | 0 | 0 | 0 | 0 | 0 | 0 | 2< | 128 ]
[ 128 | >3 | 0 | 0 | 0 | 0 | 0 | 0 | 0 | 0 | 0 | 0 | 0 | 0 | 0 | 3< | 128 ]
[ 128 | >4 | 0 | 0 | 0 | 0 | 0 | 0 | 0 | 0 | 0 | 0 | 0 | 0 | 0 | 4< | 128 ]
[ 128 | >5 | 0 | 0 | 0 | 0 | 0 | 0 | 0 | 0 | 0 | 0 | 0 | 0 | 0 | 5< | 128 ]
[ 128 | >6 | 0 | 0 | 0 | 0 | 0 | 0 | 0 | 0 | 0 | 0 | 0 | 0 | 0 | 4< | 128 ]
[ 128 | >7 | 0 | 0 | 0 | 0 | 0 | 0 | 0 | 0 | 0 | 0 | 0 | 0 | 0 | 4< | 128 ]
[ 128 | 7 | >0 | 0 | 0 | 0 | 0 | 0 | 0 | 0 | 0 | 0 | 0 | 0 | 0 | 4< | 128 ]
[ 128 | 7 | >-1 | 0 | 0 | 0 | 0 | 0 | 0 | 0 | 0 | 0 | 0 | 0 | 0< | 4 | 128 ]
[ 128 | 7 | >-2 | 0 | 0 | 0 | 0 | 0 | 0 | 0 | 0 | 0 | 0 | 0 | 0< | 4 | 128 ]
[ 128 | 7 | >-3 | 0 | 0 | 0 | 0 | 0 | 0 | 0 | 0 | 0 | 0 | 0 | 0< | 4 | 128 ]
[ 128 | 7 | >-4 | 0 | 0 | 0 | 0 | 0 | 0 | 0 | 0 | 0 | 0 | 0 | 0< | 4 | 128 ]
[ 128 | 7 | >-5 | 0 | 0 | 0 | 0 | 0 | 0 | 0 | 0 | 0 | 0 | 0< | 0 | 4 | 128 ]
[ 128 | 7 | >-6 | 0 | 0 | 0 | 0 | 0 | 0 | 0 | 0 | 0 | 0< | 0 | 0 | 4 | 128 ]
[ 128 | 7 | >-7 | 0 | 0 | 0 | 0 | 0 | 0 | 0 | 0 | 0 | -1< | 0 | 0 | 4 | 128 ]
[ 128 | 7 | -7 | >0 | 0 | 0 | 0 | 0 | 0 | 0 | 0 | 0 | -1< | 0 | 0 | 4 | 128 ]
[ 128 | 7 | -7 | >1 | 0 | 0 | 0 | 0 | 0 | 0 | 0 | 0 | -1< | 0 | 0 | 4 | 128 ]
[ 128 | 7 | -7 | >2 | 0 | 0 | 0 | 0 | 0 | 0 | 0 | 0< | -1 | 0 | 0 | 4 | 128 ]
[ 128 | 7 | -7 | >3 | 0 | 0 | 0 | 0 | 0 | 0 | 0 | 0< | -1 | 0 | 0 | 4 | 128 ]
[ 128 | 7 | -7 | >4 | 0 | 0 | 0 | 0 | 0 | 0 | 0 | 0< | -1 | 0 | 0 | 4 | 128 ]
[ 128 | 7 | -7 | >5 | 0 | 0 | 0 | 0 | 0 | 0 | 0 | 0< | -1 | 0 | 0 | 4 | 128 ]
[ 128 | 7 | -7 | >6 | 0 | 0 | 0 | 0 | 0 | 0 | 0< | 0 | -1 | 0 | 0 | 4 | 128 ]
[ 128 | 7 | -7 | >7 | 0 | 0 | 0 | 0 | 0 | 0< | 0 | 0 | -1 | 0 | 0 | 4 | 128 ]
[ 128 | 7 | -7 | 7 | >0 | 0 | 0 | 0 | 0 | -1< | 0 | 0 | -1 | 0 | 0 | 4 | 128 ]
[ 128 | 7 | -7 | 7 | >-1 | 0 | 0 | 0 | 0 | -1< | 0 | 0 | -1 | 0 | 0 | 4 | 128 ]
[ 128 | 7 | -7 | 7 | >-2 | 0 | 0 | 0 | 0 | -1< | 0 | 0 | -1 | 0 | 0 | 4 | 128 ]
[ 128 | 7 | -7 | 7 | >-3 | 0 | 0 | 0 | 0< | -1 | 0 | 0 | -1 | 0 | 0 | 4 | 128 ]
[ 128 | 7 | -7 | 7 | >-4 | 0 | 0 | 0 | 0< | -1 | 0 | 0 | -1 | 0 | 0 | 4 | 128 ]
[ 128 | 7 | -7 | 7 | >-5 | 0 | 0 | 0 | 0< | -1 | 0 | 0 | -1 | 0 | 0 | 4 | 128 ]
[ 128 | 7 | -7 | 7 | >-6 | 0 | 0 | 0 | 0< | -1 | 0 | 0 | -1 | 0 | 0 | 4 | 128 ]
[ 128 | 7 | -7 | 7 | >-7 | 0 | 0 | 0< | 0 | -1 | 0 | 0 | -1 | 0 | 0 | 4 | 128 ]
[ 128 | 7 | -7 | 7 | -7 | >0 | 0< | 0 | 0 | -1 | 0 | 0 | -1 | 0 | 0 | 4 | 128 ]
[ 128 | 7 | -7 | 7 | -7 | >1 | -1< | 0 | 0 | -1 | 0 | 0 | -1 | 0 | 0 | 4 | 128 ]
[ 128 | 7 | -7 | 7 | -7 | >2 | -1< | 0 | 0 | -1 | 0 | 0 | -1 | 0 | 0 | 4 | 128 ]
[ 128 | 7 | -7 | 7 | -7 | >3 | -1< | 0 | 0 | -1 | 0 | 0 | -1 | 0 | 0 | 4 | 128 ]
[ 128 | 7 | -7 | 7 | -7 | >4< | -1 | 0 | 0 | -1 | 0 | 0 | -1 | 0 | 0 | 4 | 128 ]
[ 128 | 7 | -7 | 7 | -7 | >5< | -1 | 0 | 0 | -1 | 0 | 0 | -1 | 0 | 0 | 4 | 128 ]
[ 128 | 7 | -7 | 7 | -7 | >6< | -1 | 0 | 0 | -1 | 0 | 0 | -1 | 0 | 0 | 4 | 128 ]
[ 128 | 7 | -7 | 7 | -7< | >7 | -1 | 0 | 0 | -1 | 0 | 0 | -1 | 0 | 0 | 4 | 128 ]
[ 128 | 7 | -7 | 7 | -8< | 7 | >-1 | 0 | 0 | -1 | 0 | 0 | -1 | 0 | 0 | 4 | 128 ]
[ 128 | 7 | -7 | 7 | -9< | 7 | >-2 | 0 | 0 | -1 | 0 | 0 | -1 | 0 | 0 | 4 | 128 ]
[ 128 | 7 | -7 | 7 | -10< | 7 | >-3 | 0 | 0 | -1 | 0 | 0 | -1 | 0 | 0 | 4 | 128 ]
[ 128 | 7 | -7 | 7 | -11< | 7 | >-4 | 0 | 0 | -1 | 0 | 0 | -1 | 0 | 0 | 4 | 128 ]
[ 128 | 7 | -7 | 7 | -12< | 7 | >-5 | 0 | 0 | -1 | 0 | 0 | -1 | 0 | 0 | 4 | 128 ]
[ 128 | 7 | -7 | 7 | -13< | 7 | >-6 | 0 | 0 | -1 | 0 | 0 | -1 | 0 | 0 | 4 | 128 ]
[ 128 | 7 | -7 | 7 | -14< | 7 | >-7 | 0 | 0 | -1 | 0 | 0 | -1 | 0 | 0 | 4 | 128 ]
[ 128 | 7 | -7 | 7 | -15< | 7 | >-8 | 0 | 0 | -1 | 0 | 0 | -1 | 0 | 0 | 4 | 128 ]
[ 128 | 7 | -7 | 7 | -16< | 7 | -8 | >0 | 0 | -1 | 0 | 0 | -1 | 0 | 0 | 4 | 128 ]
[ 128 | 7 | -7 | 7 | -17< | 7 | -8 | >1 | 0 | -1 | 0 | 0 | -1 | 0 | 0 | 4 | 128 ]
[ 128 | 7 | -7 | 7 | -17< | 7 | -8 | >2 | 0 | -1 | 0 | 0 | -1 | 0 | 0 | 4 | 128 ]
[ 128 | 7 | -7 | 7< | -17 | 7 | -8 | >3 | 0 | -1 | 0 | 0 | -1 | 0 | 0 | 4 | 128 ]
[ 128 | 7 | -7 | 6< | -17 | 7 | -8 | >4 | 0 | -1 | 0 | 0 | -1 | 0 | 0 | 4 | 128 ]
[ 128 | 7 | -7 | 5< | -17 | 7 | -8 | >5 | 0 | -1 | 0 | 0 | -1 | 0 | 0 | 4 | 128 ]
[ 128 | 7 | -7 | 4< | -17 | 7 | -8 | >6 | 0 | -1 | 0 | 0 | -1 | 0 | 0 | 4 | 128 ]
[ 128 | 7 | -7 | 3< | -17 | 7 | -8 | >7 | 0 | -1 | 0 | 0 | -1 | 0 | 0 | 4 | 128 ]
[ 128 | 7 | -7 | 2< | -17 | 7 | -8 | 7 | >0 | -1 | 0 | 0 | -1 | 0 | 0 | 4 | 128 ]
[ 128 | 7 | -7 | 1< | -17 | 7 | -8 | 7 | >-1 | -1 | 0 | 0 | -1 | 0 | 0 | 4 | 128 ]
[ 128 | 7 | -7 | 0< | -17 | 7 | -8 | 7 | >-2 | -1 | 0 | 0 | -1 | 0 | 0 | 4 | 128 ]
[ 128 | 7 | -7 | -1< | -17 | 7 | -8 | 7 | >-3 | -1 | 0 | 0 | -1 | 0 | 0 | 4 | 128 ]
[ 128 | 7 | -7 | -2< | -17 | 7 | -8 | 7 | >-4 | -1 | 0 | 0 | -1 | 0 | 0 | 4 | 128 ]
[ 128 | 7 | -7 | -3< | -17 | 7 | -8 | 7 | >-5 | -1 | 0 | 0 | -1 | 0 | 0 | 4 | 128 ]
[ 128 | 7 | -7 | -3< | -17 | 7 | -8 | 7 | >-6 | -1 | 0 | 0 | -1 | 0 | 0 | 4 | 128 ]
[ 128 | 7 | -7< | -3 | -17 | 7 | -8 | 7 | >-7 | -1 | 0 | 0 | -1 | 0 | 0 | 4 | 128 ]
[ 128 | 7 | -8< | -3 | -17 | 7 | -8 | 7 | >-7 | -1 | 0 | 0 | -1 | 0 | 0 | 4 | 128 ]
[ 128 | 7 | -9< | -3 | -17 | 7 | -8 | 7 | -7 | >-1 | 0 | 0 | -1 | 0 | 0 | 4 | 128 ]
[ 128 | 7 | -10< | -3 | -17 | 7 | -8 | 7 | -7 | >-1 | 0 | 0 | -1 | 0 | 0 | 4 | 128 ]
[ 128 | 7 | -11< | -3 | -17 | 7 | -8 | 7 | -7 | >0 | 0 | 0 | -1 | 0 | 0 | 4 | 128 ]
[ 128 | 7 | -12< | -3 | -17 | 7 | -8 | 7 | -7 | >0 | 0 | 0 | -1 | 0 | 0 | 4 | 128 ]
[ 128 | 7 | -13< | -3 | -17 | 7 | -8 | 7 | -7 | >0 | 0 | 0 | -1 | 0 | 0 | 4 | 128 ]
[ 128 | 7 | -14< | -3 | -17 | 7 | -8 | 7 | -7 | >-1 | 0 | 0 | -1 | 0 | 0 | 4 | 128 ]
[ 128 | 7 | -15< | -3 | -17 | 7 | -8 | 7 | -7 | >-1 | 0 | 0 | -1 | 0 | 0 | 4 | 128 ]
[ 128 | 7 | -16< | -3 | -17 | 7 | -8 | 7 | -7 | -1 | >0 | 0 | -1 | 0 | 0 | 4 | 128 ]
[ 128 | 7 | -17< | -3 | -17 | 7 | -8 | 7 | -7 | -1 | >0 | 0 | -1 | 0 | 0 | 4 | 128 ]
[ 128 | 7 | -17< | -3 | -17 | 7 | -8 | 7 | -7 | -1 | >-1 | 0 | -1 | 0 | 0 | 4 | 128 ]
[ 128 | 7< | -17 | -3 | -17 | 7 | -8 | 7 | -7 | -1 | >-1 | 0 | -1 | 0 | 0 | 4 | 128 ]
[ 128 | 6< | -17 | -3 | -17 | 7 | -8 | 7 | -7 | -1 | -1 | >0 | -1 | 0 | 0 | 4 | 128 ]
[ 128 | 5< | -17 | -3 | -17 | 7 | -8 | 7 | -7 | -1 | -1 | >0 | -1 | 0 | 0 | 4 | 128 ]
[ 128 | 4< | -17 | -3 | -17 | 7 | -8 | 7 | -7 | -1 | -1 | >-1 | -1 | 0 | 0 | 4 | 128 ]
[ 128 | 3< | -17 | -3 | -17 | 7 | -8 | 7 | -7 | -1 | -1 | >-1 | -1 | 0 | 0 | 4 | 128 ]
[ 128 | 2< | -17 | -3 | -17 | 7 | -8 | 7 | -7 | -1 | -1 | -1 | >-1 | 0 | 0 | 4 | 128 ]
[ 128 | 1< | -17 | -3 | -17 | 7 | -8 | 7 | -7 | -1 | -1 | -1 | >-1 | 0 | 0 | 4 | 128 ]
[ 128 | 0< | -17 | -3 | -17 | 7 | -8 | 7 | -7 | -1 | -1 | -1 | >0 | 0 | 0 | 4 | 128 ]
[ 128 | -1< | -17 | -3 | -17 | 7 | -8 | 7 | -7 | -1 | -1 | -1 | >0 | 0 | 0 | 4 | 128 ]
[ 128 | -2< | -17 | -3 | -17 | 7 | -8 | 7 | -7 | -1 | -1 | -1 | >0 | 0 | 0 | 4 | 128 ]
[ 128 | -3< | -17 | -3 | -17 | 7 | -8 | 7 | -7 | -1 | -1 | -1 | >-1 | 0 | 0 | 4 | 128 ]
[ 128 | -3< | -17 | -3 | -17 | 7 | -8 | 7 | -7 | -1 | -1 | -1 | >-1 | 0 | 0 | 4 | 128 ]
[ 128< | -3 | -17 | -3 | -17 | 7 | -8 | 7 | -7 | -1 | -1 | -1 | -1 | >0 | 0 | 4 | 128 ]
[ 127< | -3 | -17 | -3 | -17 | 7 | -8 | 7 | -7 | -1 | -1 | -1 | -1 | >0 | 0 | 4 | 128 ]
[ 126< | -3 | -17 | -3 | -17 | 7 | -8 | 7 | -7 | -1 | -1 | -1 | -1 | >-1 | 0 | 4 | 128 ]
[ 125< | -3 | -17 | -3 | -17 | 7 | -8 | 7 | -7 | -1 | -1 | -1 | -1 | >-1 | 0 | 4 | 128 ]
[ 124< | -3 | -17 | -3 | -17 | 7 | -8 | 7 | -7 | -1 | -1 | -1 | -1 | -1 | >0 | 4 | 128 ]
[ 123< | -3 | -17 | -3 | -17 | 7 | -8 | 7 | -7 | -1 | -1 | -1 | -1 | -1 | >0 | 4 | 128 ]
[ 122< | -3 | -17 | -3 | -17 | 7 | -8 | 7 | -7 | -1 | -1 | -1 | -1 | -1 | >-1 | 4 | 128 ]
[ 121< | -3 | -17 | -3 | -17 | 7 | -8 | 7 | -7 | -1 | -1 | -1 | -1 | -1 | >-1 | 4 | 128 ]
[ 120< | -3 | -17 | -3 | -17 | 7 | -8 | 7 | -7 | -1 | -1 | -1 | -1 | -1 | -1 | >4 | 128 ]
[ 119< | -3 | -17 | -3 | -17 | 7 | -8 | 7 | -7 | -1 | -1 | -1 | -1 | -1 | -1 | >4 | 128 ]
[ 118< | -3 | -17 | -3 | -17 | 7 | -8 | 7 | -7 | -1 | -1 | -1 | -1 | -1 | -1 | >5 | 128 ]
[ 118< | -3 | -17 | -3 | -17 | 7 | -8 | 7 | -7 | -1 | -1 | -1 | -1 | -1 | -1 | >5 | 128 ]
[ 118 | -3 | -17 | -3 | -17 | 7 | -8 | 7 | -7 | -1 | -1 | -1 | -1 | -1 | -1 | >6 | 128< ]

===== BurlyBalder won the battle after 100 cycles =====



===== Starting battle of <BurlyBalder> vs <PrussianRoulette> with memory tape size: 26 =====

[ >128 | 0 | 0 | 0 | 0 | 0 | 0 | 0 | 0 | 0 | 0 | 0 | 0 | 0 | 0 | 0 | 0 | 0 | 0 | 0 | 0 | 0 | 0 | 0 | 0 | 128< ]
[ 128 | >0 | 0 | 0 | 0 | 0 | 0 | 0 | 0 | 0 | 0 | 0 | 0 | 0 | 0 | 0 | 0 | 0 | 0 | 0 | 0 | 0 | 0 | 0 | 0< | 128 ]
[ 128 | >1 | 0 | 0 | 0 | 0 | 0 | 0 | 0 | 0 | 0 | 0 | 0 | 0 | 0 | 0 | 0 | 0 | 0 | 0 | 0 | 0 | 0 | 0 | 1< | 128 ]
[ 128 | >2 | 0 | 0 | 0 | 0 | 0 | 0 | 0 | 0 | 0 | 0 | 0 | 0 | 0 | 0 | 0 | 0 | 0 | 0 | 0 | 0 | 0 | 0 | 2< | 128 ]
[ 128 | >3 | 0 | 0 | 0 | 0 | 0 | 0 | 0 | 0 | 0 | 0 | 0 | 0 | 0 | 0 | 0 | 0 | 0 | 0 | 0 | 0 | 0 | 0 | 3< | 128 ]
[ 128 | >4 | 0 | 0 | 0 | 0 | 0 | 0 | 0 | 0 | 0 | 0 | 0 | 0 | 0 | 0 | 0 | 0 | 0 | 0 | 0 | 0 | 0 | 0 | 4< | 128 ]
[ 128 | >5 | 0 | 0 | 0 | 0 | 0 | 0 | 0 | 0 | 0 | 0 | 0 | 0 | 0 | 0 | 0 | 0 | 0 | 0 | 0 | 0 | 0 | 0 | 5< | 128 ]
[ 128 | >6 | 0 | 0 | 0 | 0 | 0 | 0 | 0 | 0 | 0 | 0 | 0 | 0 | 0 | 0 | 0 | 0 | 0 | 0 | 0 | 0 | 0 | 0 | 4< | 128 ]
[ 128 | >7 | 0 | 0 | 0 | 0 | 0 | 0 | 0 | 0 | 0 | 0 | 0 | 0 | 0 | 0 | 0 | 0 | 0 | 0 | 0 | 0 | 0 | 0 | 4< | 128 ]
[ 128 | 7 | >0 | 0 | 0 | 0 | 0 | 0 | 0 | 0 | 0 | 0 | 0 | 0 | 0 | 0 | 0 | 0 | 0 | 0 | 0 | 0 | 0 | 0 | 4< | 128 ]
[ 128 | 7 | >-1 | 0 | 0 | 0 | 0 | 0 | 0 | 0 | 0 | 0 | 0 | 0 | 0 | 0 | 0 | 0 | 0 | 0 | 0 | 0 | 0 | 0< | 4 | 128 ]
[ 128 | 7 | >-2 | 0 | 0 | 0 | 0 | 0 | 0 | 0 | 0 | 0 | 0 | 0 | 0 | 0 | 0 | 0 | 0 | 0 | 0 | 0 | 0 | 0< | 4 | 128 ]
[ 128 | 7 | >-3 | 0 | 0 | 0 | 0 | 0 | 0 | 0 | 0 | 0 | 0 | 0 | 0 | 0 | 0 | 0 | 0 | 0 | 0 | 0 | 0 | 0< | 4 | 128 ]
[ 128 | 7 | >-4 | 0 | 0 | 0 | 0 | 0 | 0 | 0 | 0 | 0 | 0 | 0 | 0 | 0 | 0 | 0 | 0 | 0 | 0 | 0 | 0 | 0< | 4 | 128 ]
[ 128 | 7 | >-5 | 0 | 0 | 0 | 0 | 0 | 0 | 0 | 0 | 0 | 0 | 0 | 0 | 0 | 0 | 0 | 0 | 0 | 0 | 0 | 0< | 0 | 4 | 128 ]
[ 128 | 7 | >-6 | 0 | 0 | 0 | 0 | 0 | 0 | 0 | 0 | 0 | 0 | 0 | 0 | 0 | 0 | 0 | 0 | 0 | 0 | 0< | 0 | 0 | 4 | 128 ]
[ 128 | 7 | >-7 | 0 | 0 | 0 | 0 | 0 | 0 | 0 | 0 | 0 | 0 | 0 | 0 | 0 | 0 | 0 | 0 | 0 | 0 | -1< | 0 | 0 | 4 | 128 ]
[ 128 | 7 | -7 | >0 | 0 | 0 | 0 | 0 | 0 | 0 | 0 | 0 | 0 | 0 | 0 | 0 | 0 | 0 | 0 | 0 | 0 | -1< | 0 | 0 | 4 | 128 ]
[ 128 | 7 | -7 | >1 | 0 | 0 | 0 | 0 | 0 | 0 | 0 | 0 | 0 | 0 | 0 | 0 | 0 | 0 | 0 | 0 | 0 | -1< | 0 | 0 | 4 | 128 ]
[ 128 | 7 | -7 | >2 | 0 | 0 | 0 | 0 | 0 | 0 | 0 | 0 | 0 | 0 | 0 | 0 | 0 | 0 | 0 | 0 | 0< | -1 | 0 | 0 | 4 | 128 ]
[ 128 | 7 | -7 | >3 | 0 | 0 | 0 | 0 | 0 | 0 | 0 | 0 | 0 | 0 | 0 | 0 | 0 | 0 | 0 | 0 | 0< | -1 | 0 | 0 | 4 | 128 ]
[ 128 | 7 | -7 | >4 | 0 | 0 | 0 | 0 | 0 | 0 | 0 | 0 | 0 | 0 | 0 | 0 | 0 | 0 | 0 | 0 | 0< | -1 | 0 | 0 | 4 | 128 ]
[ 128 | 7 | -7 | >5 | 0 | 0 | 0 | 0 | 0 | 0 | 0 | 0 | 0 | 0 | 0 | 0 | 0 | 0 | 0 | 0 | 0< | -1 | 0 | 0 | 4 | 128 ]
[ 128 | 7 | -7 | >6 | 0 | 0 | 0 | 0 | 0 | 0 | 0 | 0 | 0 | 0 | 0 | 0 | 0 | 0 | 0 | 0< | 0 | -1 | 0 | 0 | 4 | 128 ]
[ 128 | 7 | -7 | >7 | 0 | 0 | 0 | 0 | 0 | 0 | 0 | 0 | 0 | 0 | 0 | 0 | 0 | 0 | 0< | 0 | 0 | -1 | 0 | 0 | 4 | 128 ]
[ 128 | 7 | -7 | 7 | >0 | 0 | 0 | 0 | 0 | 0 | 0 | 0 | 0 | 0 | 0 | 0 | 0 | 0 | -1< | 0 | 0 | -1 | 0 | 0 | 4 | 128 ]
[ 128 | 7 | -7 | 7 | >-1 | 0 | 0 | 0 | 0 | 0 | 0 | 0 | 0 | 0 | 0 | 0 | 0 | 0 | -1< | 0 | 0 | -1 | 0 | 0 | 4 | 128 ]
[ 128 | 7 | -7 | 7 | >-2 | 0 | 0 | 0 | 0 | 0 | 0 | 0 | 0 | 0 | 0 | 0 | 0 | 0 | -1< | 0 | 0 | -1 | 0 | 0 | 4 | 128 ]
[ 128 | 7 | -7 | 7 | >-3 | 0 | 0 | 0 | 0 | 0 | 0 | 0 | 0 | 0 | 0 | 0 | 0 | 0< | -1 | 0 | 0 | -1 | 0 | 0 | 4 | 128 ]
[ 128 | 7 | -7 | 7 | >-4 | 0 | 0 | 0 | 0 | 0 | 0 | 0 | 0 | 0 | 0 | 0 | 0 | 0< | -1 | 0 | 0 | -1 | 0 | 0 | 4 | 128 ]
[ 128 | 7 | -7 | 7 | >-5 | 0 | 0 | 0 | 0 | 0 | 0 | 0 | 0 | 0 | 0 | 0 | 0 | 0< | -1 | 0 | 0 | -1 | 0 | 0 | 4 | 128 ]
[ 128 | 7 | -7 | 7 | >-6 | 0 | 0 | 0 | 0 | 0 | 0 | 0 | 0 | 0 | 0 | 0 | 0 | 0< | -1 | 0 | 0 | -1 | 0 | 0 | 4 | 128 ]
[ 128 | 7 | -7 | 7 | >-7 | 0 | 0 | 0 | 0 | 0 | 0 | 0 | 0 | 0 | 0 | 0 | 0< | 0 | -1 | 0 | 0 | -1 | 0 | 0 | 4 | 128 ]
[ 128 | 7 | -7 | 7 | -7 | >0 | 0 | 0 | 0 | 0 | 0 | 0 | 0 | 0 | 0 | 0< | 0 | 0 | -1 | 0 | 0 | -1 | 0 | 0 | 4 | 128 ]
[ 128 | 7 | -7 | 7 | -7 | >1 | 0 | 0 | 0 | 0 | 0 | 0 | 0 | 0 | 0 | -1< | 0 | 0 | -1 | 0 | 0 | -1 | 0 | 0 | 4 | 128 ]
[ 128 | 7 | -7 | 7 | -7 | >2 | 0 | 0 | 0 | 0 | 0 | 0 | 0 | 0 | 0 | -1< | 0 | 0 | -1 | 0 | 0 | -1 | 0 | 0 | 4 | 128 ]
[ 128 | 7 | -7 | 7 | -7 | >3 | 0 | 0 | 0 | 0 | 0 | 0 | 0 | 0 | 0 | -1< | 0 | 0 | -1 | 0 | 0 | -1 | 0 | 0 | 4 | 128 ]
[ 128 | 7 | -7 | 7 | -7 | >4 | 0 | 0 | 0 | 0 | 0 | 0 | 0 | 0 | 0< | -1 | 0 | 0 | -1 | 0 | 0 | -1 | 0 | 0 | 4 | 128 ]
[ 128 | 7 | -7 | 7 | -7 | >5 | 0 | 0 | 0 | 0 | 0 | 0 | 0 | 0 | 0< | -1 | 0 | 0 | -1 | 0 | 0 | -1 | 0 | 0 | 4 | 128 ]
[ 128 | 7 | -7 | 7 | -7 | >6 | 0 | 0 | 0 | 0 | 0 | 0 | 0 | 0 | 0< | -1 | 0 | 0 | -1 | 0 | 0 | -1 | 0 | 0 | 4 | 128 ]
[ 128 | 7 | -7 | 7 | -7 | >7 | 0 | 0 | 0 | 0 | 0 | 0 | 0 | 0 | 0< | -1 | 0 | 0 | -1 | 0 | 0 | -1 | 0 | 0 | 4 | 128 ]
[ 128 | 7 | -7 | 7 | -7 | 7 | >0 | 0 | 0 | 0 | 0 | 0 | 0 | 0< | 0 | -1 | 0 | 0 | -1 | 0 | 0 | -1 | 0 | 0 | 4 | 128 ]
[ 128 | 7 | -7 | 7 | -7 | 7 | >-1 | 0 | 0 | 0 | 0 | 0 | 0< | 0 | 0 | -1 | 0 | 0 | -1 | 0 | 0 | -1 | 0 | 0 | 4 | 128 ]
[ 128 | 7 | -7 | 7 | -7 | 7 | >-2 | 0 | 0 | 0 | 0 | 0 | -1< | 0 | 0 | -1 | 0 | 0 | -1 | 0 | 0 | -1 | 0 | 0 | 4 | 128 ]
[ 128 | 7 | -7 | 7 | -7 | 7 | >-3 | 0 | 0 | 0 | 0 | 0 | -1< | 0 | 0 | -1 | 0 | 0 | -1 | 0 | 0 | -1 | 0 | 0 | 4 | 128 ]
[ 128 | 7 | -7 | 7 | -7 | 7 | >-4 | 0 | 0 | 0 | 0 | 0 | -1< | 0 | 0 | -1 | 0 | 0 | -1 | 0 | 0 | -1 | 0 | 0 | 4 | 128 ]
[ 128 | 7 | -7 | 7 | -7 | 7 | >-5 | 0 | 0 | 0 | 0 | 0< | -1 | 0 | 0 | -1 | 0 | 0 | -1 | 0 | 0 | -1 | 0 | 0 | 4 | 128 ]
[ 128 | 7 | -7 | 7 | -7 | 7 | >-6 | 0 | 0 | 0 | 0 | 0< | -1 | 0 | 0 | -1 | 0 | 0 | -1 | 0 | 0 | -1 | 0 | 0 | 4 | 128 ]
[ 128 | 7 | -7 | 7 | -7 | 7 | >-7 | 0 | 0 | 0 | 0 | 0< | -1 | 0 | 0 | -1 | 0 | 0 | -1 | 0 | 0 | -1 | 0 | 0 | 4 | 128 ]
[ 128 | 7 | -7 | 7 | -7 | 7 | -7 | >0 | 0 | 0 | 0 | 0< | -1 | 0 | 0 | -1 | 0 | 0 | -1 | 0 | 0 | -1 | 0 | 0 | 4 | 128 ]
[ 128 | 7 | -7 | 7 | -7 | 7 | -7 | >1 | 0 | 0 | 0< | 0 | -1 | 0 | 0 | -1 | 0 | 0 | -1 | 0 | 0 | -1 | 0 | 0 | 4 | 128 ]
[ 128 | 7 | -7 | 7 | -7 | 7 | -7 | >2 | 0 | 0< | 0 | 0 | -1 | 0 | 0 | -1 | 0 | 0 | -1 | 0 | 0 | -1 | 0 | 0 | 4 | 128 ]
[ 128 | 7 | -7 | 7 | -7 | 7 | -7 | >3 | 0 | -1< | 0 | 0 | -1 | 0 | 0 | -1 | 0 | 0 | -1 | 0 | 0 | -1 | 0 | 0 | 4 | 128 ]
[ 128 | 7 | -7 | 7 | -7 | 7 | -7 | >4 | 0 | -1< | 0 | 0 | -1 | 0 | 0 | -1 | 0 | 0 | -1 | 0 | 0 | -1 | 0 | 0 | 4 | 128 ]
[ 128 | 7 | -7 | 7 | -7 | 7 | -7 | >5 | 0 | -1< | 0 | 0 | -1 | 0 | 0 | -1 | 0 | 0 | -1 | 0 | 0 | -1 | 0 | 0 | 4 | 128 ]
[ 128 | 7 | -7 | 7 | -7 | 7 | -7 | >6 | 0< | -1 | 0 | 0 | -1 | 0 | 0 | -1 | 0 | 0 | -1 | 0 | 0 | -1 | 0 | 0 | 4 | 128 ]
[ 128 | 7 | -7 | 7 | -7 | 7 | -7 | >7 | 0< | -1 | 0 | 0 | -1 | 0 | 0 | -1 | 0 | 0 | -1 | 0 | 0 | -1 | 0 | 0 | 4 | 128 ]
[ 128 | 7 | -7 | 7 | -7 | 7 | -7 | 7 | >0< | -1 | 0 | 0 | -1 | 0 | 0 | -1 | 0 | 0 | -1 | 0 | 0 | -1 | 0 | 0 | 4 | 128 ]
[ 128 | 7 | -7 | 7 | -7 | 7 | -7 | 7 | >-1< | -1 | 0 | 0 | -1 | 0 | 0 | -1 | 0 | 0 | -1 | 0 | 0 | -1 | 0 | 0 | 4 | 128 ]
[ 128 | 7 | -7 | 7 | -7 | 7 | -7 | 7< | >-2 | -1 | 0 | 0 | -1 | 0 | 0 | -1 | 0 | 0 | -1 | 0 | 0 | -1 | 0 | 0 | 4 | 128 ]
[ 128 | 7 | -7 | 7 | -7 | 7 | -7< | 7 | >-3 | -1 | 0 | 0 | -1 | 0 | 0 | -1 | 0 | 0 | -1 | 0 | 0 | -1 | 0 | 0 | 4 | 128 ]
[ 128 | 7 | -7 | 7 | -7 | 7 | -8< | 7 | >-4 | -1 | 0 | 0 | -1 | 0 | 0 | -1 | 0 | 0 | -1 | 0 | 0 | -1 | 0 | 0 | 4 | 128 ]
[ 128 | 7 | -7 | 7 | -7 | 7 | -8< | 7 | >-5 | -1 | 0 | 0 | -1 | 0 | 0 | -1 | 0 | 0 | -1 | 0 | 0 | -1 | 0 | 0 | 4 | 128 ]
[ 128 | 7 | -7 | 7 | -7 | 7 | -8< | 7 | >-6 | -1 | 0 | 0 | -1 | 0 | 0 | -1 | 0 | 0 | -1 | 0 | 0 | -1 | 0 | 0 | 4 | 128 ]
[ 128 | 7 | -7 | 7 | -7 | 7< | -8 | 7 | >-7 | -1 | 0 | 0 | -1 | 0 | 0 | -1 | 0 | 0 | -1 | 0 | 0 | -1 | 0 | 0 | 4 | 128 ]
[ 128 | 7 | -7 | 7 | -7 | 7< | -8 | 7 | >-7 | -1 | 0 | 0 | -1 | 0 | 0 | -1 | 0 | 0 | -1 | 0 | 0 | -1 | 0 | 0 | 4 | 128 ]
[ 128 | 7 | -7 | 7 | -7 | 7< | -8 | 7 | -7 | >-1 | 0 | 0 | -1 | 0 | 0 | -1 | 0 | 0 | -1 | 0 | 0 | -1 | 0 | 0 | 4 | 128 ]
[ 128 | 7 | -7 | 7 | -7< | 7 | -8 | 7 | -7 | >-1 | 0 | 0 | -1 | 0 | 0 | -1 | 0 | 0 | -1 | 0 | 0 | -1 | 0 | 0 | 4 | 128 ]
[ 128 | 7 | -7 | 7 | -8< | 7 | -8 | 7 | -7 | >0 | 0 | 0 | -1 | 0 | 0 | -1 | 0 | 0 | -1 | 0 | 0 | -1 | 0 | 0 | 4 | 128 ]
[ 128 | 7 | -7 | 7 | -9< | 7 | -8 | 7 | -7 | >0 | 0 | 0 | -1 | 0 | 0 | -1 | 0 | 0 | -1 | 0 | 0 | -1 | 0 | 0 | 4 | 128 ]
[ 128 | 7 | -7 | 7 | -10< | 7 | -8 | 7 | -7 | >0 | 0 | 0 | -1 | 0 | 0 | -1 | 0 | 0 | -1 | 0 | 0 | -1 | 0 | 0 | 4 | 128 ]
[ 128 | 7 | -7 | 7 | -11< | 7 | -8 | 7 | -7 | >-1 | 0 | 0 | -1 | 0 | 0 | -1 | 0 | 0 | -1 | 0 | 0 | -1 | 0 | 0 | 4 | 128 ]
[ 128 | 7 | -7 | 7 | -12< | 7 | -8 | 7 | -7 | >-1 | 0 | 0 | -1 | 0 | 0 | -1 | 0 | 0 | -1 | 0 | 0 | -1 | 0 | 0 | 4 | 128 ]
[ 128 | 7 | -7 | 7 | -13< | 7 | -8 | 7 | -7 | -1 | >0 | 0 | -1 | 0 | 0 | -1 | 0 | 0 | -1 | 0 | 0 | -1 | 0 | 0 | 4 | 128 ]
[ 128 | 7 | -7 | 7 | -14< | 7 | -8 | 7 | -7 | -1 | >0 | 0 | -1 | 0 | 0 | -1 | 0 | 0 | -1 | 0 | 0 | -1 | 0 | 0 | 4 | 128 ]
[ 128 | 7 | -7 | 7 | -15< | 7 | -8 | 7 | -7 | -1 | >-1 | 0 | -1 | 0 | 0 | -1 | 0 | 0 | -1 | 0 | 0 | -1 | 0 | 0 | 4 | 128 ]
[ 128 | 7 | -7 | 7 | -16< | 7 | -8 | 7 | -7 | -1 | >-1 | 0 | -1 | 0 | 0 | -1 | 0 | 0 | -1 | 0 | 0 | -1 | 0 | 0 | 4 | 128 ]
[ 128 | 7 | -7 | 7 | -17< | 7 | -8 | 7 | -7 | -1 | -1 | >0 | -1 | 0 | 0 | -1 | 0 | 0 | -1 | 0 | 0 | -1 | 0 | 0 | 4 | 128 ]
[ 128 | 7 | -7 | 7 | -17< | 7 | -8 | 7 | -7 | -1 | -1 | >0 | -1 | 0 | 0 | -1 | 0 | 0 | -1 | 0 | 0 | -1 | 0 | 0 | 4 | 128 ]
[ 128 | 7 | -7 | 7< | -17 | 7 | -8 | 7 | -7 | -1 | -1 | >-1 | -1 | 0 | 0 | -1 | 0 | 0 | -1 | 0 | 0 | -1 | 0 | 0 | 4 | 128 ]
[ 128 | 7 | -7 | 6< | -17 | 7 | -8 | 7 | -7 | -1 | -1 | >-1 | -1 | 0 | 0 | -1 | 0 | 0 | -1 | 0 | 0 | -1 | 0 | 0 | 4 | 128 ]
[ 128 | 7 | -7 | 5< | -17 | 7 | -8 | 7 | -7 | -1 | -1 | -1 | >-1 | 0 | 0 | -1 | 0 | 0 | -1 | 0 | 0 | -1 | 0 | 0 | 4 | 128 ]
[ 128 | 7 | -7 | 4< | -17 | 7 | -8 | 7 | -7 | -1 | -1 | -1 | >-1 | 0 | 0 | -1 | 0 | 0 | -1 | 0 | 0 | -1 | 0 | 0 | 4 | 128 ]
[ 128 | 7 | -7 | 3< | -17 | 7 | -8 | 7 | -7 | -1 | -1 | -1 | >0 | 0 | 0 | -1 | 0 | 0 | -1 | 0 | 0 | -1 | 0 | 0 | 4 | 128 ]
[ 128 | 7 | -7 | 2< | -17 | 7 | -8 | 7 | -7 | -1 | -1 | -1 | >0 | 0 | 0 | -1 | 0 | 0 | -1 | 0 | 0 | -1 | 0 | 0 | 4 | 128 ]
[ 128 | 7 | -7 | 1< | -17 | 7 | -8 | 7 | -7 | -1 | -1 | -1 | >0 | 0 | 0 | -1 | 0 | 0 | -1 | 0 | 0 | -1 | 0 | 0 | 4 | 128 ]
[ 128 | 7 | -7 | 0< | -17 | 7 | -8 | 7 | -7 | -1 | -1 | -1 | >-1 | 0 | 0 | -1 | 0 | 0 | -1 | 0 | 0 | -1 | 0 | 0 | 4 | 128 ]
[ 128 | 7 | -7 | -1< | -17 | 7 | -8 | 7 | -7 | -1 | -1 | -1 | >-1 | 0 | 0 | -1 | 0 | 0 | -1 | 0 | 0 | -1 | 0 | 0 | 4 | 128 ]
[ 128 | 7 | -7 | -2< | -17 | 7 | -8 | 7 | -7 | -1 | -1 | -1 | -1 | >0 | 0 | -1 | 0 | 0 | -1 | 0 | 0 | -1 | 0 | 0 | 4 | 128 ]
[ 128 | 7 | -7 | -3< | -17 | 7 | -8 | 7 | -7 | -1 | -1 | -1 | -1 | >0 | 0 | -1 | 0 | 0 | -1 | 0 | 0 | -1 | 0 | 0 | 4 | 128 ]
[ 128 | 7 | -7 | -3< | -17 | 7 | -8 | 7 | -7 | -1 | -1 | -1 | -1 | >-1 | 0 | -1 | 0 | 0 | -1 | 0 | 0 | -1 | 0 | 0 | 4 | 128 ]
[ 128 | 7 | -7< | -3 | -17 | 7 | -8 | 7 | -7 | -1 | -1 | -1 | -1 | >-1 | 0 | -1 | 0 | 0 | -1 | 0 | 0 | -1 | 0 | 0 | 4 | 128 ]
[ 128 | 7 | -8< | -3 | -17 | 7 | -8 | 7 | -7 | -1 | -1 | -1 | -1 | -1 | >0 | -1 | 0 | 0 | -1 | 0 | 0 | -1 | 0 | 0 | 4 | 128 ]
[ 128 | 7 | -9< | -3 | -17 | 7 | -8 | 7 | -7 | -1 | -1 | -1 | -1 | -1 | >0 | -1 | 0 | 0 | -1 | 0 | 0 | -1 | 0 | 0 | 4 | 128 ]
[ 128 | 7 | -10< | -3 | -17 | 7 | -8 | 7 | -7 | -1 | -1 | -1 | -1 | -1 | >-1 | -1 | 0 | 0 | -1 | 0 | 0 | -1 | 0 | 0 | 4 | 128 ]
[ 128 | 7 | -11< | -3 | -17 | 7 | -8 | 7 | -7 | -1 | -1 | -1 | -1 | -1 | >-1 | -1 | 0 | 0 | -1 | 0 | 0 | -1 | 0 | 0 | 4 | 128 ]
[ 128 | 7 | -12< | -3 | -17 | 7 | -8 | 7 | -7 | -1 | -1 | -1 | -1 | -1 | -1 | >-1 | 0 | 0 | -1 | 0 | 0 | -1 | 0 | 0 | 4 | 128 ]
[ 128 | 7 | -13< | -3 | -17 | 7 | -8 | 7 | -7 | -1 | -1 | -1 | -1 | -1 | -1 | >-1 | 0 | 0 | -1 | 0 | 0 | -1 | 0 | 0 | 4 | 128 ]
[ 128 | 7 | -14< | -3 | -17 | 7 | -8 | 7 | -7 | -1 | -1 | -1 | -1 | -1 | -1 | >0 | 0 | 0 | -1 | 0 | 0 | -1 | 0 | 0 | 4 | 128 ]
[ 128 | 7 | -15< | -3 | -17 | 7 | -8 | 7 | -7 | -1 | -1 | -1 | -1 | -1 | -1 | >0 | 0 | 0 | -1 | 0 | 0 | -1 | 0 | 0 | 4 | 128 ]
[ 128 | 7 | -16< | -3 | -17 | 7 | -8 | 7 | -7 | -1 | -1 | -1 | -1 | -1 | -1 | >0 | 0 | 0 | -1 | 0 | 0 | -1 | 0 | 0 | 4 | 128 ]
[ 128 | 7 | -17< | -3 | -17 | 7 | -8 | 7 | -7 | -1 | -1 | -1 | -1 | -1 | -1 | >-1 | 0 | 0 | -1 | 0 | 0 | -1 | 0 | 0 | 4 | 128 ]
[ 128 | 7 | -17< | -3 | -17 | 7 | -8 | 7 | -7 | -1 | -1 | -1 | -1 | -1 | -1 | >-1 | 0 | 0 | -1 | 0 | 0 | -1 | 0 | 0 | 4 | 128 ]
[ 128 | 7< | -17 | -3 | -17 | 7 | -8 | 7 | -7 | -1 | -1 | -1 | -1 | -1 | -1 | -1 | >0 | 0 | -1 | 0 | 0 | -1 | 0 | 0 | 4 | 128 ]
[ 128 | 6< | -17 | -3 | -17 | 7 | -8 | 7 | -7 | -1 | -1 | -1 | -1 | -1 | -1 | -1 | >0 | 0 | -1 | 0 | 0 | -1 | 0 | 0 | 4 | 128 ]
[ 128 | 5< | -17 | -3 | -17 | 7 | -8 | 7 | -7 | -1 | -1 | -1 | -1 | -1 | -1 | -1 | >-1 | 0 | -1 | 0 | 0 | -1 | 0 | 0 | 4 | 128 ]
[ 128 | 4< | -17 | -3 | -17 | 7 | -8 | 7 | -7 | -1 | -1 | -1 | -1 | -1 | -1 | -1 | >-1 | 0 | -1 | 0 | 0 | -1 | 0 | 0 | 4 | 128 ]
[ 128 | 3< | -17 | -3 | -17 | 7 | -8 | 7 | -7 | -1 | -1 | -1 | -1 | -1 | -1 | -1 | -1 | >0 | -1 | 0 | 0 | -1 | 0 | 0 | 4 | 128 ]
[ 128 | 2< | -17 | -3 | -17 | 7 | -8 | 7 | -7 | -1 | -1 | -1 | -1 | -1 | -1 | -1 | -1 | >0 | -1 | 0 | 0 | -1 | 0 | 0 | 4 | 128 ]
[ 128 | 1< | -17 | -3 | -17 | 7 | -8 | 7 | -7 | -1 | -1 | -1 | -1 | -1 | -1 | -1 | -1 | >-1 | -1 | 0 | 0 | -1 | 0 | 0 | 4 | 128 ]
[ 128 | 0< | -17 | -3 | -17 | 7 | -8 | 7 | -7 | -1 | -1 | -1 | -1 | -1 | -1 | -1 | -1 | >-1 | -1 | 0 | 0 | -1 | 0 | 0 | 4 | 128 ]
[ 128 | -1< | -17 | -3 | -17 | 7 | -8 | 7 | -7 | -1 | -1 | -1 | -1 | -1 | -1 | -1 | -1 | -1 | >-1 | 0 | 0 | -1 | 0 | 0 | 4 | 128 ]
[ 128 | -2< | -17 | -3 | -17 | 7 | -8 | 7 | -7 | -1 | -1 | -1 | -1 | -1 | -1 | -1 | -1 | -1 | >-1 | 0 | 0 | -1 | 0 | 0 | 4 | 128 ]
[ 128 | -3< | -17 | -3 | -17 | 7 | -8 | 7 | -7 | -1 | -1 | -1 | -1 | -1 | -1 | -1 | -1 | -1 | >0 | 0 | 0 | -1 | 0 | 0 | 4 | 128 ]
[ 128 | -3< | -17 | -3 | -17 | 7 | -8 | 7 | -7 | -1 | -1 | -1 | -1 | -1 | -1 | -1 | -1 | -1 | >0 | 0 | 0 | -1 | 0 | 0 | 4 | 128 ]
[ 128< | -3 | -17 | -3 | -17 | 7 | -8 | 7 | -7 | -1 | -1 | -1 | -1 | -1 | -1 | -1 | -1 | -1 | >0 | 0 | 0 | -1 | 0 | 0 | 4 | 128 ]
[ 127< | -3 | -17 | -3 | -17 | 7 | -8 | 7 | -7 | -1 | -1 | -1 | -1 | -1 | -1 | -1 | -1 | -1 | >-1 | 0 | 0 | -1 | 0 | 0 | 4 | 128 ]
[ 126< | -3 | -17 | -3 | -17 | 7 | -8 | 7 | -7 | -1 | -1 | -1 | -1 | -1 | -1 | -1 | -1 | -1 | >-1 | 0 | 0 | -1 | 0 | 0 | 4 | 128 ]
[ 125< | -3 | -17 | -3 | -17 | 7 | -8 | 7 | -7 | -1 | -1 | -1 | -1 | -1 | -1 | -1 | -1 | -1 | -1 | >0 | 0 | -1 | 0 | 0 | 4 | 128 ]
[ 124< | -3 | -17 | -3 | -17 | 7 | -8 | 7 | -7 | -1 | -1 | -1 | -1 | -1 | -1 | -1 | -1 | -1 | -1 | >0 | 0 | -1 | 0 | 0 | 4 | 128 ]
[ 123< | -3 | -17 | -3 | -17 | 7 | -8 | 7 | -7 | -1 | -1 | -1 | -1 | -1 | -1 | -1 | -1 | -1 | -1 | >-1 | 0 | -1 | 0 | 0 | 4 | 128 ]
[ 122< | -3 | -17 | -3 | -17 | 7 | -8 | 7 | -7 | -1 | -1 | -1 | -1 | -1 | -1 | -1 | -1 | -1 | -1 | >-1 | 0 | -1 | 0 | 0 | 4 | 128 ]
[ 121< | -3 | -17 | -3 | -17 | 7 | -8 | 7 | -7 | -1 | -1 | -1 | -1 | -1 | -1 | -1 | -1 | -1 | -1 | -1 | >0 | -1 | 0 | 0 | 4 | 128 ]
[ 120< | -3 | -17 | -3 | -17 | 7 | -8 | 7 | -7 | -1 | -1 | -1 | -1 | -1 | -1 | -1 | -1 | -1 | -1 | -1 | >0 | -1 | 0 | 0 | 4 | 128 ]
[ 119< | -3 | -17 | -3 | -17 | 7 | -8 | 7 | -7 | -1 | -1 | -1 | -1 | -1 | -1 | -1 | -1 | -1 | -1 | -1 | >-1 | -1 | 0 | 0 | 4 | 128 ]
[ 118< | -3 | -17 | -3 | -17 | 7 | -8 | 7 | -7 | -1 | -1 | -1 | -1 | -1 | -1 | -1 | -1 | -1 | -1 | -1 | >-1 | -1 | 0 | 0 | 4 | 128 ]
[ 118< | -3 | -17 | -3 | -17 | 7 | -8 | 7 | -7 | -1 | -1 | -1 | -1 | -1 | -1 | -1 | -1 | -1 | -1 | -1 | -1 | >-1 | 0 | 0 | 4 | 128 ]
[ 118 | -3 | -17 | -3 | -17 | 7 | -8 | 7 | -7 | -1 | -1 | -1 | -1 | -1 | -1 | -1 | -1 | -1 | -1 | -1 | -1 | >-1 | 0 | 0 | 4 | 128< ]

===== BurlyBalder won the battle after 127 cycles =====



===== Starting battle of <BurlyBalder> vs <PrussianRoulette> with memory tape size: 28 =====

[ >128 | 0 | 0 | 0 | 0 | 0 | 0 | 0 | 0 | 0 | 0 | 0 | 0 | 0 | 0 | 0 | 0 | 0 | 0 | 0 | 0 | 0 | 0 | 0 | 0 | 0 | 0 | 128< ]
[ 128 | >0 | 0 | 0 | 0 | 0 | 0 | 0 | 0 | 0 | 0 | 0 | 0 | 0 | 0 | 0 | 0 | 0 | 0 | 0 | 0 | 0 | 0 | 0 | 0 | 0 | 0< | 128 ]
[ 128 | >1 | 0 | 0 | 0 | 0 | 0 | 0 | 0 | 0 | 0 | 0 | 0 | 0 | 0 | 0 | 0 | 0 | 0 | 0 | 0 | 0 | 0 | 0 | 0 | 0 | 1< | 128 ]
[ 128 | >2 | 0 | 0 | 0 | 0 | 0 | 0 | 0 | 0 | 0 | 0 | 0 | 0 | 0 | 0 | 0 | 0 | 0 | 0 | 0 | 0 | 0 | 0 | 0 | 0 | 2< | 128 ]
[ 128 | >3 | 0 | 0 | 0 | 0 | 0 | 0 | 0 | 0 | 0 | 0 | 0 | 0 | 0 | 0 | 0 | 0 | 0 | 0 | 0 | 0 | 0 | 0 | 0 | 0 | 3< | 128 ]
[ 128 | >4 | 0 | 0 | 0 | 0 | 0 | 0 | 0 | 0 | 0 | 0 | 0 | 0 | 0 | 0 | 0 | 0 | 0 | 0 | 0 | 0 | 0 | 0 | 0 | 0 | 4< | 128 ]
[ 128 | >5 | 0 | 0 | 0 | 0 | 0 | 0 | 0 | 0 | 0 | 0 | 0 | 0 | 0 | 0 | 0 | 0 | 0 | 0 | 0 | 0 | 0 | 0 | 0 | 0 | 5< | 128 ]
[ 128 | >6 | 0 | 0 | 0 | 0 | 0 | 0 | 0 | 0 | 0 | 0 | 0 | 0 | 0 | 0 | 0 | 0 | 0 | 0 | 0 | 0 | 0 | 0 | 0 | 0 | 4< | 128 ]
[ 128 | >7 | 0 | 0 | 0 | 0 | 0 | 0 | 0 | 0 | 0 | 0 | 0 | 0 | 0 | 0 | 0 | 0 | 0 | 0 | 0 | 0 | 0 | 0 | 0 | 0 | 4< | 128 ]
[ 128 | 7 | >0 | 0 | 0 | 0 | 0 | 0 | 0 | 0 | 0 | 0 | 0 | 0 | 0 | 0 | 0 | 0 | 0 | 0 | 0 | 0 | 0 | 0 | 0 | 0 | 4< | 128 ]
[ 128 | 7 | >-1 | 0 | 0 | 0 | 0 | 0 | 0 | 0 | 0 | 0 | 0 | 0 | 0 | 0 | 0 | 0 | 0 | 0 | 0 | 0 | 0 | 0 | 0 | 0< | 4 | 128 ]
[ 128 | 7 | >-2 | 0 | 0 | 0 | 0 | 0 | 0 | 0 | 0 | 0 | 0 | 0 | 0 | 0 | 0 | 0 | 0 | 0 | 0 | 0 | 0 | 0 | 0 | 0< | 4 | 128 ]
[ 128 | 7 | >-3 | 0 | 0 | 0 | 0 | 0 | 0 | 0 | 0 | 0 | 0 | 0 | 0 | 0 | 0 | 0 | 0 | 0 | 0 | 0 | 0 | 0 | 0 | 0< | 4 | 128 ]
[ 128 | 7 | >-4 | 0 | 0 | 0 | 0 | 0 | 0 | 0 | 0 | 0 | 0 | 0 | 0 | 0 | 0 | 0 | 0 | 0 | 0 | 0 | 0 | 0 | 0 | 0< | 4 | 128 ]
[ 128 | 7 | >-5 | 0 | 0 | 0 | 0 | 0 | 0 | 0 | 0 | 0 | 0 | 0 | 0 | 0 | 0 | 0 | 0 | 0 | 0 | 0 | 0 | 0 | 0< | 0 | 4 | 128 ]
[ 128 | 7 | >-6 | 0 | 0 | 0 | 0 | 0 | 0 | 0 | 0 | 0 | 0 | 0 | 0 | 0 | 0 | 0 | 0 | 0 | 0 | 0 | 0 | 0< | 0 | 0 | 4 | 128 ]
[ 128 | 7 | >-7 | 0 | 0 | 0 | 0 | 0 | 0 | 0 | 0 | 0 | 0 | 0 | 0 | 0 | 0 | 0 | 0 | 0 | 0 | 0 | 0 | -1< | 0 | 0 | 4 | 128 ]
[ 128 | 7 | -7 | >0 | 0 | 0 | 0 | 0 | 0 | 0 | 0 | 0 | 0 | 0 | 0 | 0 | 0 | 0 | 0 | 0 | 0 | 0 | 0 | -1< | 0 | 0 | 4 | 128 ]
[ 128 | 7 | -7 | >1 | 0 | 0 | 0 | 0 | 0 | 0 | 0 | 0 | 0 | 0 | 0 | 0 | 0 | 0 | 0 | 0 | 0 | 0 | 0 | -1< | 0 | 0 | 4 | 128 ]
[ 128 | 7 | -7 | >2 | 0 | 0 | 0 | 0 | 0 | 0 | 0 | 0 | 0 | 0 | 0 | 0 | 0 | 0 | 0 | 0 | 0 | 0 | 0< | -1 | 0 | 0 | 4 | 128 ]
[ 128 | 7 | -7 | >3 | 0 | 0 | 0 | 0 | 0 | 0 | 0 | 0 | 0 | 0 | 0 | 0 | 0 | 0 | 0 | 0 | 0 | 0 | 0< | -1 | 0 | 0 | 4 | 128 ]
[ 128 | 7 | -7 | >4 | 0 | 0 | 0 | 0 | 0 | 0 | 0 | 0 | 0 | 0 | 0 | 0 | 0 | 0 | 0 | 0 | 0 | 0 | 0< | -1 | 0 | 0 | 4 | 128 ]
[ 128 | 7 | -7 | >5 | 0 | 0 | 0 | 0 | 0 | 0 | 0 | 0 | 0 | 0 | 0 | 0 | 0 | 0 | 0 | 0 | 0 | 0 | 0< | -1 | 0 | 0 | 4 | 128 ]
[ 128 | 7 | -7 | >6 | 0 | 0 | 0 | 0 | 0 | 0 | 0 | 0 | 0 | 0 | 0 | 0 | 0 | 0 | 0 | 0 | 0 | 0< | 0 | -1 | 0 | 0 | 4 | 128 ]
[ 128 | 7 | -7 | >7 | 0 | 0 | 0 | 0 | 0 | 0 | 0 | 0 | 0 | 0 | 0 | 0 | 0 | 0 | 0 | 0 | 0< | 0 | 0 | -1 | 0 | 0 | 4 | 128 ]
[ 128 | 7 | -7 | 7 | >0 | 0 | 0 | 0 | 0 | 0 | 0 | 0 | 0 | 0 | 0 | 0 | 0 | 0 | 0 | 0 | -1< | 0 | 0 | -1 | 0 | 0 | 4 | 128 ]
[ 128 | 7 | -7 | 7 | >-1 | 0 | 0 | 0 | 0 | 0 | 0 | 0 | 0 | 0 | 0 | 0 | 0 | 0 | 0 | 0 | -1< | 0 | 0 | -1 | 0 | 0 | 4 | 128 ]
[ 128 | 7 | -7 | 7 | >-2 | 0 | 0 | 0 | 0 | 0 | 0 | 0 | 0 | 0 | 0 | 0 | 0 | 0 | 0 | 0 | -1< | 0 | 0 | -1 | 0 | 0 | 4 | 128 ]
[ 128 | 7 | -7 | 7 | >-3 | 0 | 0 | 0 | 0 | 0 | 0 | 0 | 0 | 0 | 0 | 0 | 0 | 0 | 0 | 0< | -1 | 0 | 0 | -1 | 0 | 0 | 4 | 128 ]
[ 128 | 7 | -7 | 7 | >-4 | 0 | 0 | 0 | 0 | 0 | 0 | 0 | 0 | 0 | 0 | 0 | 0 | 0 | 0 | 0< | -1 | 0 | 0 | -1 | 0 | 0 | 4 | 128 ]
[ 128 | 7 | -7 | 7 | >-5 | 0 | 0 | 0 | 0 | 0 | 0 | 0 | 0 | 0 | 0 | 0 | 0 | 0 | 0 | 0< | -1 | 0 | 0 | -1 | 0 | 0 | 4 | 128 ]
[ 128 | 7 | -7 | 7 | >-6 | 0 | 0 | 0 | 0 | 0 | 0 | 0 | 0 | 0 | 0 | 0 | 0 | 0 | 0 | 0< | -1 | 0 | 0 | -1 | 0 | 0 | 4 | 128 ]
[ 128 | 7 | -7 | 7 | >-7 | 0 | 0 | 0 | 0 | 0 | 0 | 0 | 0 | 0 | 0 | 0 | 0 | 0 | 0< | 0 | -1 | 0 | 0 | -1 | 0 | 0 | 4 | 128 ]
[ 128 | 7 | -7 | 7 | -7 | >0 | 0 | 0 | 0 | 0 | 0 | 0 | 0 | 0 | 0 | 0 | 0 | 0< | 0 | 0 | -1 | 0 | 0 | -1 | 0 | 0 | 4 | 128 ]
[ 128 | 7 | -7 | 7 | -7 | >1 | 0 | 0 | 0 | 0 | 0 | 0 | 0 | 0 | 0 | 0 | 0 | -1< | 0 | 0 | -1 | 0 | 0 | -1 | 0 | 0 | 4 | 128 ]
[ 128 | 7 | -7 | 7 | -7 | >2 | 0 | 0 | 0 | 0 | 0 | 0 | 0 | 0 | 0 | 0 | 0 | -1< | 0 | 0 | -1 | 0 | 0 | -1 | 0 | 0 | 4 | 128 ]
[ 128 | 7 | -7 | 7 | -7 | >3 | 0 | 0 | 0 | 0 | 0 | 0 | 0 | 0 | 0 | 0 | 0 | -1< | 0 | 0 | -1 | 0 | 0 | -1 | 0 | 0 | 4 | 128 ]
[ 128 | 7 | -7 | 7 | -7 | >4 | 0 | 0 | 0 | 0 | 0 | 0 | 0 | 0 | 0 | 0 | 0< | -1 | 0 | 0 | -1 | 0 | 0 | -1 | 0 | 0 | 4 | 128 ]
[ 128 | 7 | -7 | 7 | -7 | >5 | 0 | 0 | 0 | 0 | 0 | 0 | 0 | 0 | 0 | 0 | 0< | -1 | 0 | 0 | -1 | 0 | 0 | -1 | 0 | 0 | 4 | 128 ]
[ 128 | 7 | -7 | 7 | -7 | >6 | 0 | 0 | 0 | 0 | 0 | 0 | 0 | 0 | 0 | 0 | 0< | -1 | 0 | 0 | -1 | 0 | 0 | -1 | 0 | 0 | 4 | 128 ]
[ 128 | 7 | -7 | 7 | -7 | >7 | 0 | 0 | 0 | 0 | 0 | 0 | 0 | 0 | 0 | 0 | 0< | -1 | 0 | 0 | -1 | 0 | 0 | -1 | 0 | 0 | 4 | 128 ]
[ 128 | 7 | -7 | 7 | -7 | 7 | >0 | 0 | 0 | 0 | 0 | 0 | 0 | 0 | 0 | 0< | 0 | -1 | 0 | 0 | -1 | 0 | 0 | -1 | 0 | 0 | 4 | 128 ]
[ 128 | 7 | -7 | 7 | -7 | 7 | >-1 | 0 | 0 | 0 | 0 | 0 | 0 | 0 | 0< | 0 | 0 | -1 | 0 | 0 | -1 | 0 | 0 | -1 | 0 | 0 | 4 | 128 ]
[ 128 | 7 | -7 | 7 | -7 | 7 | >-2 | 0 | 0 | 0 | 0 | 0 | 0 | 0 | -1< | 0 | 0 | -1 | 0 | 0 | -1 | 0 | 0 | -1 | 0 | 0 | 4 | 128 ]
[ 128 | 7 | -7 | 7 | -7 | 7 | >-3 | 0 | 0 | 0 | 0 | 0 | 0 | 0 | -1< | 0 | 0 | -1 | 0 | 0 | -1 | 0 | 0 | -1 | 0 | 0 | 4 | 128 ]
[ 128 | 7 | -7 | 7 | -7 | 7 | >-4 | 0 | 0 | 0 | 0 | 0 | 0 | 0 | -1< | 0 | 0 | -1 | 0 | 0 | -1 | 0 | 0 | -1 | 0 | 0 | 4 | 128 ]
[ 128 | 7 | -7 | 7 | -7 | 7 | >-5 | 0 | 0 | 0 | 0 | 0 | 0 | 0< | -1 | 0 | 0 | -1 | 0 | 0 | -1 | 0 | 0 | -1 | 0 | 0 | 4 | 128 ]
[ 128 | 7 | -7 | 7 | -7 | 7 | >-6 | 0 | 0 | 0 | 0 | 0 | 0 | 0< | -1 | 0 | 0 | -1 | 0 | 0 | -1 | 0 | 0 | -1 | 0 | 0 | 4 | 128 ]
[ 128 | 7 | -7 | 7 | -7 | 7 | >-7 | 0 | 0 | 0 | 0 | 0 | 0 | 0< | -1 | 0 | 0 | -1 | 0 | 0 | -1 | 0 | 0 | -1 | 0 | 0 | 4 | 128 ]
[ 128 | 7 | -7 | 7 | -7 | 7 | -7 | >0 | 0 | 0 | 0 | 0 | 0 | 0< | -1 | 0 | 0 | -1 | 0 | 0 | -1 | 0 | 0 | -1 | 0 | 0 | 4 | 128 ]
[ 128 | 7 | -7 | 7 | -7 | 7 | -7 | >1 | 0 | 0 | 0 | 0 | 0< | 0 | -1 | 0 | 0 | -1 | 0 | 0 | -1 | 0 | 0 | -1 | 0 | 0 | 4 | 128 ]
[ 128 | 7 | -7 | 7 | -7 | 7 | -7 | >2 | 0 | 0 | 0 | 0< | 0 | 0 | -1 | 0 | 0 | -1 | 0 | 0 | -1 | 0 | 0 | -1 | 0 | 0 | 4 | 128 ]
[ 128 | 7 | -7 | 7 | -7 | 7 | -7 | >3 | 0 | 0 | 0 | -1< | 0 | 0 | -1 | 0 | 0 | -1 | 0 | 0 | -1 | 0 | 0 | -1 | 0 | 0 | 4 | 128 ]
[ 128 | 7 | -7 | 7 | -7 | 7 | -7 | >4 | 0 | 0 | 0 | -1< | 0 | 0 | -1 | 0 | 0 | -1 | 0 | 0 | -1 | 0 | 0 | -1 | 0 | 0 | 4 | 128 ]
[ 128 | 7 | -7 | 7 | -7 | 7 | -7 | >5 | 0 | 0 | 0 | -1< | 0 | 0 | -1 | 0 | 0 | -1 | 0 | 0 | -1 | 0 | 0 | -1 | 0 | 0 | 4 | 128 ]
[ 128 | 7 | -7 | 7 | -7 | 7 | -7 | >6 | 0 | 0 | 0< | -1 | 0 | 0 | -1 | 0 | 0 | -1 | 0 | 0 | -1 | 0 | 0 | -1 | 0 | 0 | 4 | 128 ]
[ 128 | 7 | -7 | 7 | -7 | 7 | -7 | >7 | 0 | 0 | 0< | -1 | 0 | 0 | -1 | 0 | 0 | -1 | 0 | 0 | -1 | 0 | 0 | -1 | 0 | 0 | 4 | 128 ]
[ 128 | 7 | -7 | 7 | -7 | 7 | -7 | 7 | >0 | 0 | 0< | -1 | 0 | 0 | -1 | 0 | 0 | -1 | 0 | 0 | -1 | 0 | 0 | -1 | 0 | 0 | 4 | 128 ]
[ 128 | 7 | -7 | 7 | -7 | 7 | -7 | 7 | >-1 | 0 | 0< | -1 | 0 | 0 | -1 | 0 | 0 | -1 | 0 | 0 | -1 | 0 | 0 | -1 | 0 | 0 | 4 | 128 ]
[ 128 | 7 | -7 | 7 | -7 | 7 | -7 | 7 | >-2 | 0< | 0 | -1 | 0 | 0 | -1 | 0 | 0 | -1 | 0 | 0 | -1 | 0 | 0 | -1 | 0 | 0 | 4 | 128 ]
[ 128 | 7 | -7 | 7 | -7 | 7 | -7 | 7 | >-3< | 0 | 0 | -1 | 0 | 0 | -1 | 0 | 0 | -1 | 0 | 0 | -1 | 0 | 0 | -1 | 0 | 0 | 4 | 128 ]
[ 128 | 7 | -7 | 7 | -7 | 7 | -7 | 7 | >-5< | 0 | 0 | -1 | 0 | 0 | -1 | 0 | 0 | -1 | 0 | 0 | -1 | 0 | 0 | -1 | 0 | 0 | 4 | 128 ]
[ 128 | 7 | -7 | 7 | -7 | 7 | -7 | 7 | >-6< | 0 | 0 | -1 | 0 | 0 | -1 | 0 | 0 | -1 | 0 | 0 | -1 | 0 | 0 | -1 | 0 | 0 | 4 | 128 ]
[ 128 | 7 | -7 | 7 | -7 | 7 | -7 | 7 | >-7< | 0 | 0 | -1 | 0 | 0 | -1 | 0 | 0 | -1 | 0 | 0 | -1 | 0 | 0 | -1 | 0 | 0 | 4 | 128 ]
[ 128 | 7 | -7 | 7 | -7 | 7 | -7 | 7< | >-8 | 0 | 0 | -1 | 0 | 0 | -1 | 0 | 0 | -1 | 0 | 0 | -1 | 0 | 0 | -1 | 0 | 0 | 4 | 128 ]
[ 128 | 7 | -7 | 7 | -7 | 7 | -7 | 7< | >-8 | 0 | 0 | -1 | 0 | 0 | -1 | 0 | 0 | -1 | 0 | 0 | -1 | 0 | 0 | -1 | 0 | 0 | 4 | 128 ]
[ 128 | 7 | -7 | 7 | -7 | 7 | -7 | 7< | -8 | >0 | 0 | -1 | 0 | 0 | -1 | 0 | 0 | -1 | 0 | 0 | -1 | 0 | 0 | -1 | 0 | 0 | 4 | 128 ]
[ 128 | 7 | -7 | 7 | -7 | 7 | -7< | 7 | -8 | >0 | 0 | -1 | 0 | 0 | -1 | 0 | 0 | -1 | 0 | 0 | -1 | 0 | 0 | -1 | 0 | 0 | 4 | 128 ]
[ 128 | 7 | -7 | 7 | -7 | 7 | -8< | 7 | -8 | >-1 | 0 | -1 | 0 | 0 | -1 | 0 | 0 | -1 | 0 | 0 | -1 | 0 | 0 | -1 | 0 | 0 | 4 | 128 ]
[ 128 | 7 | -7 | 7 | -7 | 7 | -9< | 7 | -8 | >-1 | 0 | -1 | 0 | 0 | -1 | 0 | 0 | -1 | 0 | 0 | -1 | 0 | 0 | -1 | 0 | 0 | 4 | 128 ]
[ 128 | 7 | -7 | 7 | -7 | 7 | -10< | 7 | -8 | -1 | >0 | -1 | 0 | 0 | -1 | 0 | 0 | -1 | 0 | 0 | -1 | 0 | 0 | -1 | 0 | 0 | 4 | 128 ]
[ 128 | 7 | -7 | 7 | -7 | 7 | -11< | 7 | -8 | -1 | >0 | -1 | 0 | 0 | -1 | 0 | 0 | -1 | 0 | 0 | -1 | 0 | 0 | -1 | 0 | 0 | 4 | 128 ]
[ 128 | 7 | -7 | 7 | -7 | 7 | -12< | 7 | -8 | -1 | >-1 | -1 | 0 | 0 | -1 | 0 | 0 | -1 | 0 | 0 | -1 | 0 | 0 | -1 | 0 | 0 | 4 | 128 ]
[ 128 | 7 | -7 | 7 | -7 | 7 | -13< | 7 | -8 | -1 | >-1 | -1 | 0 | 0 | -1 | 0 | 0 | -1 | 0 | 0 | -1 | 0 | 0 | -1 | 0 | 0 | 4 | 128 ]
[ 128 | 7 | -7 | 7 | -7 | 7 | -14< | 7 | -8 | -1 | -1 | >-1 | 0 | 0 | -1 | 0 | 0 | -1 | 0 | 0 | -1 | 0 | 0 | -1 | 0 | 0 | 4 | 128 ]
[ 128 | 7 | -7 | 7 | -7 | 7 | -15< | 7 | -8 | -1 | -1 | >-1 | 0 | 0 | -1 | 0 | 0 | -1 | 0 | 0 | -1 | 0 | 0 | -1 | 0 | 0 | 4 | 128 ]
[ 128 | 7 | -7 | 7 | -7 | 7 | -16< | 7 | -8 | -1 | -1 | >0 | 0 | 0 | -1 | 0 | 0 | -1 | 0 | 0 | -1 | 0 | 0 | -1 | 0 | 0 | 4 | 128 ]
[ 128 | 7 | -7 | 7 | -7 | 7 | -17< | 7 | -8 | -1 | -1 | >0 | 0 | 0 | -1 | 0 | 0 | -1 | 0 | 0 | -1 | 0 | 0 | -1 | 0 | 0 | 4 | 128 ]
[ 128 | 7 | -7 | 7 | -7 | 7 | -17< | 7 | -8 | -1 | -1 | >0 | 0 | 0 | -1 | 0 | 0 | -1 | 0 | 0 | -1 | 0 | 0 | -1 | 0 | 0 | 4 | 128 ]
[ 128 | 7 | -7 | 7 | -7 | 7< | -17 | 7 | -8 | -1 | -1 | >-1 | 0 | 0 | -1 | 0 | 0 | -1 | 0 | 0 | -1 | 0 | 0 | -1 | 0 | 0 | 4 | 128 ]
[ 128 | 7 | -7 | 7 | -7 | 6< | -17 | 7 | -8 | -1 | -1 | >-1 | 0 | 0 | -1 | 0 | 0 | -1 | 0 | 0 | -1 | 0 | 0 | -1 | 0 | 0 | 4 | 128 ]
[ 128 | 7 | -7 | 7 | -7 | 5< | -17 | 7 | -8 | -1 | -1 | -1 | >0 | 0 | -1 | 0 | 0 | -1 | 0 | 0 | -1 | 0 | 0 | -1 | 0 | 0 | 4 | 128 ]
[ 128 | 7 | -7 | 7 | -7 | 4< | -17 | 7 | -8 | -1 | -1 | -1 | >0 | 0 | -1 | 0 | 0 | -1 | 0 | 0 | -1 | 0 | 0 | -1 | 0 | 0 | 4 | 128 ]
[ 128 | 7 | -7 | 7 | -7 | 3< | -17 | 7 | -8 | -1 | -1 | -1 | >-1 | 0 | -1 | 0 | 0 | -1 | 0 | 0 | -1 | 0 | 0 | -1 | 0 | 0 | 4 | 128 ]
[ 128 | 7 | -7 | 7 | -7 | 2< | -17 | 7 | -8 | -1 | -1 | -1 | >-1 | 0 | -1 | 0 | 0 | -1 | 0 | 0 | -1 | 0 | 0 | -1 | 0 | 0 | 4 | 128 ]
[ 128 | 7 | -7 | 7 | -7 | 1< | -17 | 7 | -8 | -1 | -1 | -1 | -1 | >0 | -1 | 0 | 0 | -1 | 0 | 0 | -1 | 0 | 0 | -1 | 0 | 0 | 4 | 128 ]
[ 128 | 7 | -7 | 7 | -7 | 0< | -17 | 7 | -8 | -1 | -1 | -1 | -1 | >0 | -1 | 0 | 0 | -1 | 0 | 0 | -1 | 0 | 0 | -1 | 0 | 0 | 4 | 128 ]
[ 128 | 7 | -7 | 7 | -7 | -1< | -17 | 7 | -8 | -1 | -1 | -1 | -1 | >-1 | -1 | 0 | 0 | -1 | 0 | 0 | -1 | 0 | 0 | -1 | 0 | 0 | 4 | 128 ]
[ 128 | 7 | -7 | 7 | -7 | -2< | -17 | 7 | -8 | -1 | -1 | -1 | -1 | >-1 | -1 | 0 | 0 | -1 | 0 | 0 | -1 | 0 | 0 | -1 | 0 | 0 | 4 | 128 ]
[ 128 | 7 | -7 | 7 | -7 | -3< | -17 | 7 | -8 | -1 | -1 | -1 | -1 | -1 | >-1 | 0 | 0 | -1 | 0 | 0 | -1 | 0 | 0 | -1 | 0 | 0 | 4 | 128 ]
[ 128 | 7 | -7 | 7 | -7 | -3< | -17 | 7 | -8 | -1 | -1 | -1 | -1 | -1 | >-1 | 0 | 0 | -1 | 0 | 0 | -1 | 0 | 0 | -1 | 0 | 0 | 4 | 128 ]
[ 128 | 7 | -7 | 7 | -7< | -3 | -17 | 7 | -8 | -1 | -1 | -1 | -1 | -1 | >0 | 0 | 0 | -1 | 0 | 0 | -1 | 0 | 0 | -1 | 0 | 0 | 4 | 128 ]
[ 128 | 7 | -7 | 7 | -8< | -3 | -17 | 7 | -8 | -1 | -1 | -1 | -1 | -1 | >0 | 0 | 0 | -1 | 0 | 0 | -1 | 0 | 0 | -1 | 0 | 0 | 4 | 128 ]
[ 128 | 7 | -7 | 7 | -9< | -3 | -17 | 7 | -8 | -1 | -1 | -1 | -1 | -1 | >0 | 0 | 0 | -1 | 0 | 0 | -1 | 0 | 0 | -1 | 0 | 0 | 4 | 128 ]
[ 128 | 7 | -7 | 7 | -10< | -3 | -17 | 7 | -8 | -1 | -1 | -1 | -1 | -1 | >-1 | 0 | 0 | -1 | 0 | 0 | -1 | 0 | 0 | -1 | 0 | 0 | 4 | 128 ]
[ 128 | 7 | -7 | 7 | -11< | -3 | -17 | 7 | -8 | -1 | -1 | -1 | -1 | -1 | >-1 | 0 | 0 | -1 | 0 | 0 | -1 | 0 | 0 | -1 | 0 | 0 | 4 | 128 ]
[ 128 | 7 | -7 | 7 | -12< | -3 | -17 | 7 | -8 | -1 | -1 | -1 | -1 | -1 | -1 | >0 | 0 | -1 | 0 | 0 | -1 | 0 | 0 | -1 | 0 | 0 | 4 | 128 ]
[ 128 | 7 | -7 | 7 | -13< | -3 | -17 | 7 | -8 | -1 | -1 | -1 | -1 | -1 | -1 | >0 | 0 | -1 | 0 | 0 | -1 | 0 | 0 | -1 | 0 | 0 | 4 | 128 ]
[ 128 | 7 | -7 | 7 | -14< | -3 | -17 | 7 | -8 | -1 | -1 | -1 | -1 | -1 | -1 | >-1 | 0 | -1 | 0 | 0 | -1 | 0 | 0 | -1 | 0 | 0 | 4 | 128 ]
[ 128 | 7 | -7 | 7 | -15< | -3 | -17 | 7 | -8 | -1 | -1 | -1 | -1 | -1 | -1 | >-1 | 0 | -1 | 0 | 0 | -1 | 0 | 0 | -1 | 0 | 0 | 4 | 128 ]
[ 128 | 7 | -7 | 7 | -16< | -3 | -17 | 7 | -8 | -1 | -1 | -1 | -1 | -1 | -1 | -1 | >0 | -1 | 0 | 0 | -1 | 0 | 0 | -1 | 0 | 0 | 4 | 128 ]
[ 128 | 7 | -7 | 7 | -17< | -3 | -17 | 7 | -8 | -1 | -1 | -1 | -1 | -1 | -1 | -1 | >0 | -1 | 0 | 0 | -1 | 0 | 0 | -1 | 0 | 0 | 4 | 128 ]
[ 128 | 7 | -7 | 7 | -17< | -3 | -17 | 7 | -8 | -1 | -1 | -1 | -1 | -1 | -1 | -1 | >-1 | -1 | 0 | 0 | -1 | 0 | 0 | -1 | 0 | 0 | 4 | 128 ]
[ 128 | 7 | -7 | 7< | -17 | -3 | -17 | 7 | -8 | -1 | -1 | -1 | -1 | -1 | -1 | -1 | >-1 | -1 | 0 | 0 | -1 | 0 | 0 | -1 | 0 | 0 | 4 | 128 ]
[ 128 | 7 | -7 | 6< | -17 | -3 | -17 | 7 | -8 | -1 | -1 | -1 | -1 | -1 | -1 | -1 | -1 | >-1 | 0 | 0 | -1 | 0 | 0 | -1 | 0 | 0 | 4 | 128 ]
[ 128 | 7 | -7 | 5< | -17 | -3 | -17 | 7 | -8 | -1 | -1 | -1 | -1 | -1 | -1 | -1 | -1 | >-1 | 0 | 0 | -1 | 0 | 0 | -1 | 0 | 0 | 4 | 128 ]
[ 128 | 7 | -7 | 4< | -17 | -3 | -17 | 7 | -8 | -1 | -1 | -1 | -1 | -1 | -1 | -1 | -1 | >0 | 0 | 0 | -1 | 0 | 0 | -1 | 0 | 0 | 4 | 128 ]
[ 128 | 7 | -7 | 3< | -17 | -3 | -17 | 7 | -8 | -1 | -1 | -1 | -1 | -1 | -1 | -1 | -1 | >0 | 0 | 0 | -1 | 0 | 0 | -1 | 0 | 0 | 4 | 128 ]
[ 128 | 7 | -7 | 2< | -17 | -3 | -17 | 7 | -8 | -1 | -1 | -1 | -1 | -1 | -1 | -1 | -1 | >0 | 0 | 0 | -1 | 0 | 0 | -1 | 0 | 0 | 4 | 128 ]
[ 128 | 7 | -7 | 1< | -17 | -3 | -17 | 7 | -8 | -1 | -1 | -1 | -1 | -1 | -1 | -1 | -1 | >-1 | 0 | 0 | -1 | 0 | 0 | -1 | 0 | 0 | 4 | 128 ]
[ 128 | 7 | -7 | 0< | -17 | -3 | -17 | 7 | -8 | -1 | -1 | -1 | -1 | -1 | -1 | -1 | -1 | >-1 | 0 | 0 | -1 | 0 | 0 | -1 | 0 | 0 | 4 | 128 ]
[ 128 | 7 | -7 | -1< | -17 | -3 | -17 | 7 | -8 | -1 | -1 | -1 | -1 | -1 | -1 | -1 | -1 | -1 | >0 | 0 | -1 | 0 | 0 | -1 | 0 | 0 | 4 | 128 ]
[ 128 | 7 | -7 | -2< | -17 | -3 | -17 | 7 | -8 | -1 | -1 | -1 | -1 | -1 | -1 | -1 | -1 | -1 | >0 | 0 | -1 | 0 | 0 | -1 | 0 | 0 | 4 | 128 ]
[ 128 | 7 | -7 | -3< | -17 | -3 | -17 | 7 | -8 | -1 | -1 | -1 | -1 | -1 | -1 | -1 | -1 | -1 | >-1 | 0 | -1 | 0 | 0 | -1 | 0 | 0 | 4 | 128 ]
[ 128 | 7 | -7 | -3< | -17 | -3 | -17 | 7 | -8 | -1 | -1 | -1 | -1 | -1 | -1 | -1 | -1 | -1 | >-1 | 0 | -1 | 0 | 0 | -1 | 0 | 0 | 4 | 128 ]
[ 128 | 7 | -7< | -3 | -17 | -3 | -17 | 7 | -8 | -1 | -1 | -1 | -1 | -1 | -1 | -1 | -1 | -1 | -1 | >0 | -1 | 0 | 0 | -1 | 0 | 0 | 4 | 128 ]
[ 128 | 7 | -8< | -3 | -17 | -3 | -17 | 7 | -8 | -1 | -1 | -1 | -1 | -1 | -1 | -1 | -1 | -1 | -1 | >0 | -1 | 0 | 0 | -1 | 0 | 0 | 4 | 128 ]
[ 128 | 7 | -9< | -3 | -17 | -3 | -17 | 7 | -8 | -1 | -1 | -1 | -1 | -1 | -1 | -1 | -1 | -1 | -1 | >-1 | -1 | 0 | 0 | -1 | 0 | 0 | 4 | 128 ]
[ 128 | 7 | -10< | -3 | -17 | -3 | -17 | 7 | -8 | -1 | -1 | -1 | -1 | -1 | -1 | -1 | -1 | -1 | -1 | >-1 | -1 | 0 | 0 | -1 | 0 | 0 | 4 | 128 ]
[ 128 | 7 | -11< | -3 | -17 | -3 | -17 | 7 | -8 | -1 | -1 | -1 | -1 | -1 | -1 | -1 | -1 | -1 | -1 | -1 | >-1 | 0 | 0 | -1 | 0 | 0 | 4 | 128 ]
[ 128 | 7 | -12< | -3 | -17 | -3 | -17 | 7 | -8 | -1 | -1 | -1 | -1 | -1 | -1 | -1 | -1 | -1 | -1 | -1 | >-1 | 0 | 0 | -1 | 0 | 0 | 4 | 128 ]
[ 128 | 7 | -13< | -3 | -17 | -3 | -17 | 7 | -8 | -1 | -1 | -1 | -1 | -1 | -1 | -1 | -1 | -1 | -1 | -1 | >0 | 0 | 0 | -1 | 0 | 0 | 4 | 128 ]
[ 128 | 7 | -14< | -3 | -17 | -3 | -17 | 7 | -8 | -1 | -1 | -1 | -1 | -1 | -1 | -1 | -1 | -1 | -1 | -1 | >0 | 0 | 0 | -1 | 0 | 0 | 4 | 128 ]
[ 128 | 7 | -15< | -3 | -17 | -3 | -17 | 7 | -8 | -1 | -1 | -1 | -1 | -1 | -1 | -1 | -1 | -1 | -1 | -1 | >0 | 0 | 0 | -1 | 0 | 0 | 4 | 128 ]
[ 128 | 7 | -16< | -3 | -17 | -3 | -17 | 7 | -8 | -1 | -1 | -1 | -1 | -1 | -1 | -1 | -1 | -1 | -1 | -1 | >-1 | 0 | 0 | -1 | 0 | 0 | 4 | 128 ]
[ 128 | 7 | -17< | -3 | -17 | -3 | -17 | 7 | -8 | -1 | -1 | -1 | -1 | -1 | -1 | -1 | -1 | -1 | -1 | -1 | >-1 | 0 | 0 | -1 | 0 | 0 | 4 | 128 ]
[ 128 | 7 | -17< | -3 | -17 | -3 | -17 | 7 | -8 | -1 | -1 | -1 | -1 | -1 | -1 | -1 | -1 | -1 | -1 | -1 | -1 | >0 | 0 | -1 | 0 | 0 | 4 | 128 ]
[ 128 | 7< | -17 | -3 | -17 | -3 | -17 | 7 | -8 | -1 | -1 | -1 | -1 | -1 | -1 | -1 | -1 | -1 | -1 | -1 | -1 | >0 | 0 | -1 | 0 | 0 | 4 | 128 ]
[ 128 | 6< | -17 | -3 | -17 | -3 | -17 | 7 | -8 | -1 | -1 | -1 | -1 | -1 | -1 | -1 | -1 | -1 | -1 | -1 | -1 | >-1 | 0 | -1 | 0 | 0 | 4 | 128 ]
[ 128 | 5< | -17 | -3 | -17 | -3 | -17 | 7 | -8 | -1 | -1 | -1 | -1 | -1 | -1 | -1 | -1 | -1 | -1 | -1 | -1 | >-1 | 0 | -1 | 0 | 0 | 4 | 128 ]
[ 128 | 4< | -17 | -3 | -17 | -3 | -17 | 7 | -8 | -1 | -1 | -1 | -1 | -1 | -1 | -1 | -1 | -1 | -1 | -1 | -1 | -1 | >0 | -1 | 0 | 0 | 4 | 128 ]
[ 128 | 3< | -17 | -3 | -17 | -3 | -17 | 7 | -8 | -1 | -1 | -1 | -1 | -1 | -1 | -1 | -1 | -1 | -1 | -1 | -1 | -1 | >0 | -1 | 0 | 0 | 4 | 128 ]
[ 128 | 2< | -17 | -3 | -17 | -3 | -17 | 7 | -8 | -1 | -1 | -1 | -1 | -1 | -1 | -1 | -1 | -1 | -1 | -1 | -1 | -1 | >-1 | -1 | 0 | 0 | 4 | 128 ]
[ 128 | 1< | -17 | -3 | -17 | -3 | -17 | 7 | -8 | -1 | -1 | -1 | -1 | -1 | -1 | -1 | -1 | -1 | -1 | -1 | -1 | -1 | >-1 | -1 | 0 | 0 | 4 | 128 ]
[ 128 | 0< | -17 | -3 | -17 | -3 | -17 | 7 | -8 | -1 | -1 | -1 | -1 | -1 | -1 | -1 | -1 | -1 | -1 | -1 | -1 | -1 | -1 | >-1 | 0 | 0 | 4 | 128 ]
[ 128 | -1< | -17 | -3 | -17 | -3 | -17 | 7 | -8 | -1 | -1 | -1 | -1 | -1 | -1 | -1 | -1 | -1 | -1 | -1 | -1 | -1 | -1 | >-1 | 0 | 0 | 4 | 128 ]
[ 128 | -2< | -17 | -3 | -17 | -3 | -17 | 7 | -8 | -1 | -1 | -1 | -1 | -1 | -1 | -1 | -1 | -1 | -1 | -1 | -1 | -1 | -1 | >0 | 0 | 0 | 4 | 128 ]
[ 128 | -3< | -17 | -3 | -17 | -3 | -17 | 7 | -8 | -1 | -1 | -1 | -1 | -1 | -1 | -1 | -1 | -1 | -1 | -1 | -1 | -1 | -1 | >0 | 0 | 0 | 4 | 128 ]
[ 128 | -3< | -17 | -3 | -17 | -3 | -17 | 7 | -8 | -1 | -1 | -1 | -1 | -1 | -1 | -1 | -1 | -1 | -1 | -1 | -1 | -1 | -1 | >0 | 0 | 0 | 4 | 128 ]
[ 128< | -3 | -17 | -3 | -17 | -3 | -17 | 7 | -8 | -1 | -1 | -1 | -1 | -1 | -1 | -1 | -1 | -1 | -1 | -1 | -1 | -1 | -1 | >-1 | 0 | 0 | 4 | 128 ]
[ 127< | -3 | -17 | -3 | -17 | -3 | -17 | 7 | -8 | -1 | -1 | -1 | -1 | -1 | -1 | -1 | -1 | -1 | -1 | -1 | -1 | -1 | -1 | >-1 | 0 | 0 | 4 | 128 ]
[ 126< | -3 | -17 | -3 | -17 | -3 | -17 | 7 | -8 | -1 | -1 | -1 | -1 | -1 | -1 | -1 | -1 | -1 | -1 | -1 | -1 | -1 | -1 | -1 | >0 | 0 | 4 | 128 ]
[ 125< | -3 | -17 | -3 | -17 | -3 | -17 | 7 | -8 | -1 | -1 | -1 | -1 | -1 | -1 | -1 | -1 | -1 | -1 | -1 | -1 | -1 | -1 | -1 | >0 | 0 | 4 | 128 ]
[ 124< | -3 | -17 | -3 | -17 | -3 | -17 | 7 | -8 | -1 | -1 | -1 | -1 | -1 | -1 | -1 | -1 | -1 | -1 | -1 | -1 | -1 | -1 | -1 | >-1 | 0 | 4 | 128 ]
[ 123< | -3 | -17 | -3 | -17 | -3 | -17 | 7 | -8 | -1 | -1 | -1 | -1 | -1 | -1 | -1 | -1 | -1 | -1 | -1 | -1 | -1 | -1 | -1 | >-1 | 0 | 4 | 128 ]
[ 122< | -3 | -17 | -3 | -17 | -3 | -17 | 7 | -8 | -1 | -1 | -1 | -1 | -1 | -1 | -1 | -1 | -1 | -1 | -1 | -1 | -1 | -1 | -1 | -1 | >0 | 4 | 128 ]
[ 121< | -3 | -17 | -3 | -17 | -3 | -17 | 7 | -8 | -1 | -1 | -1 | -1 | -1 | -1 | -1 | -1 | -1 | -1 | -1 | -1 | -1 | -1 | -1 | -1 | >0 | 4 | 128 ]
[ 120< | -3 | -17 | -3 | -17 | -3 | -17 | 7 | -8 | -1 | -1 | -1 | -1 | -1 | -1 | -1 | -1 | -1 | -1 | -1 | -1 | -1 | -1 | -1 | -1 | >-1 | 4 | 128 ]
[ 119< | -3 | -17 | -3 | -17 | -3 | -17 | 7 | -8 | -1 | -1 | -1 | -1 | -1 | -1 | -1 | -1 | -1 | -1 | -1 | -1 | -1 | -1 | -1 | -1 | >-1 | 4 | 128 ]
[ 118< | -3 | -17 | -3 | -17 | -3 | -17 | 7 | -8 | -1 | -1 | -1 | -1 | -1 | -1 | -1 | -1 | -1 | -1 | -1 | -1 | -1 | -1 | -1 | -1 | -1 | >4 | 128 ]
[ 118< | -3 | -17 | -3 | -17 | -3 | -17 | 7 | -8 | -1 | -1 | -1 | -1 | -1 | -1 | -1 | -1 | -1 | -1 | -1 | -1 | -1 | -1 | -1 | -1 | -1 | >4 | 128 ]
[ 118 | -3 | -17 | -3 | -17 | -3 | -17 | 7 | -8 | -1 | -1 | -1 | -1 | -1 | -1 | -1 | -1 | -1 | -1 | -1 | -1 | -1 | -1 | -1 | -1 | -1 | >5 | 128< ]

===== BurlyBalder won the battle after 151 cycles =====



===== Starting battle of <BurlyBalder> vs <PrussianRoulette> with memory tape size: 16 =====

[ >128 | 0 | 0 | 0 | 0 | 0 | 0 | 0 | 0 | 0 | 0 | 0 | 0 | 0 | 0 | 128< ]
[ 128 | >0 | 0 | 0 | 0 | 0 | 0 | 0 | 0 | 0 | 0 | 0 | 0 | 0 | 0< | 128 ]
[ 128 | >1 | 0 | 0 | 0 | 0 | 0 | 0 | 0 | 0 | 0 | 0 | 0 | 0 | 1< | 128 ]
[ 128 | >2 | 0 | 0 | 0 | 0 | 0 | 0 | 0 | 0 | 0 | 0 | 0 | 0 | 2< | 128 ]
[ 128 | >3 | 0 | 0 | 0 | 0 | 0 | 0 | 0 | 0 | 0 | 0 | 0 | 0 | 3< | 128 ]
[ 128 | >4 | 0 | 0 | 0 | 0 | 0 | 0 | 0 | 0 | 0 | 0 | 0 | 0 | 4< | 128 ]
[ 128 | >5 | 0 | 0 | 0 | 0 | 0 | 0 | 0 | 0 | 0 | 0 | 0 | 0 | 5< | 128 ]
[ 128 | >6 | 0 | 0 | 0 | 0 | 0 | 0 | 0 | 0 | 0 | 0 | 0 | 0 | 4< | 128 ]
[ 128 | >7 | 0 | 0 | 0 | 0 | 0 | 0 | 0 | 0 | 0 | 0 | 0 | 0 | 4< | 128 ]
[ 128 | 7 | >0 | 0 | 0 | 0 | 0 | 0 | 0 | 0 | 0 | 0 | 0 | 0 | 4< | 128 ]
[ 128 | 7 | >-1 | 0 | 0 | 0 | 0 | 0 | 0 | 0 | 0 | 0 | 0 | 0< | 4 | 128 ]
[ 128 | 7 | >-2 | 0 | 0 | 0 | 0 | 0 | 0 | 0 | 0 | 0 | 0 | 0< | 4 | 128 ]
[ 128 | 7 | >-3 | 0 | 0 | 0 | 0 | 0 | 0 | 0 | 0 | 0 | 0 | 0< | 4 | 128 ]
[ 128 | 7 | >-4 | 0 | 0 | 0 | 0 | 0 | 0 | 0 | 0 | 0 | 0 | 0< | 4 | 128 ]
[ 128 | 7 | >-5 | 0 | 0 | 0 | 0 | 0 | 0 | 0 | 0 | 0 | 0< | 0 | 4 | 128 ]
[ 128 | 7 | >-6 | 0 | 0 | 0 | 0 | 0 | 0 | 0 | 0 | 0< | 0 | 0 | 4 | 128 ]
[ 128 | 7 | >-7 | 0 | 0 | 0 | 0 | 0 | 0 | 0 | 0 | -1< | 0 | 0 | 4 | 128 ]
[ 128 | 7 | -7 | >0 | 0 | 0 | 0 | 0 | 0 | 0 | 0 | -1< | 0 | 0 | 4 | 128 ]
[ 128 | 7 | -7 | >1 | 0 | 0 | 0 | 0 | 0 | 0 | 0 | -1< | 0 | 0 | 4 | 128 ]
[ 128 | 7 | -7 | >2 | 0 | 0 | 0 | 0 | 0 | 0 | 0< | -1 | 0 | 0 | 4 | 128 ]
[ 128 | 7 | -7 | >3 | 0 | 0 | 0 | 0 | 0 | 0 | 0< | -1 | 0 | 0 | 4 | 128 ]
[ 128 | 7 | -7 | >4 | 0 | 0 | 0 | 0 | 0 | 0 | 0< | -1 | 0 | 0 | 4 | 128 ]
[ 128 | 7 | -7 | >5 | 0 | 0 | 0 | 0 | 0 | 0 | 0< | -1 | 0 | 0 | 4 | 128 ]
[ 128 | 7 | -7 | >6 | 0 | 0 | 0 | 0 | 0 | 0< | 0 | -1 | 0 | 0 | 4 | 128 ]
[ 128 | 7 | -7 | >7 | 0 | 0 | 0 | 0 | 0< | 0 | 0 | -1 | 0 | 0 | 4 | 128 ]
[ 128 | 7 | -7 | 7 | >0 | 0 | 0 | 0 | -1< | 0 | 0 | -1 | 0 | 0 | 4 | 128 ]
[ 128 | 7 | -7 | 7 | >-1 | 0 | 0 | 0 | -1< | 0 | 0 | -1 | 0 | 0 | 4 | 128 ]
[ 128 | 7 | -7 | 7 | >-2 | 0 | 0 | 0 | -1< | 0 | 0 | -1 | 0 | 0 | 4 | 128 ]
[ 128 | 7 | -7 | 7 | >-3 | 0 | 0 | 0< | -1 | 0 | 0 | -1 | 0 | 0 | 4 | 128 ]
[ 128 | 7 | -7 | 7 | >-4 | 0 | 0 | 0< | -1 | 0 | 0 | -1 | 0 | 0 | 4 | 128 ]
[ 128 | 7 | -7 | 7 | >-5 | 0 | 0 | 0< | -1 | 0 | 0 | -1 | 0 | 0 | 4 | 128 ]
[ 128 | 7 | -7 | 7 | >-6 | 0 | 0 | 0< | -1 | 0 | 0 | -1 | 0 | 0 | 4 | 128 ]
[ 128 | 7 | -7 | 7 | >-7 | 0 | 0< | 0 | -1 | 0 | 0 | -1 | 0 | 0 | 4 | 128 ]
[ 128 | 7 | -7 | 7 | -7 | >0< | 0 | 0 | -1 | 0 | 0 | -1 | 0 | 0 | 4 | 128 ]
[ 128 | 7 | -7 | 7 | -7 | >0< | 0 | 0 | -1 | 0 | 0 | -1 | 0 | 0 | 4 | 128 ]
[ 128 | 7 | -7 | 7 | -7 | >1< | 0 | 0 | -1 | 0 | 0 | -1 | 0 | 0 | 4 | 128 ]
[ 128 | 7 | -7 | 7 | -7 | >2< | 0 | 0 | -1 | 0 | 0 | -1 | 0 | 0 | 4 | 128 ]
[ 128 | 7 | -7 | 7 | -7< | >3 | 0 | 0 | -1 | 0 | 0 | -1 | 0 | 0 | 4 | 128 ]
[ 128 | 7 | -7 | 7 | -7< | >4 | 0 | 0 | -1 | 0 | 0 | -1 | 0 | 0 | 4 | 128 ]
[ 128 | 7 | -7 | 7 | -7< | >5 | 0 | 0 | -1 | 0 | 0 | -1 | 0 | 0 | 4 | 128 ]
[ 128 | 7 | -7 | 7< | -7 | >6 | 0 | 0 | -1 | 0 | 0 | -1 | 0 | 0 | 4 | 128 ]
[ 128 | 7 | -7 | 6< | -7 | 6 | >0 | 0 | -1 | 0 | 0 | -1 | 0 | 0 | 4 | 128 ]
[ 128 | 7 | -7 | 5< | -7 | 6 | >-1 | 0 | -1 | 0 | 0 | -1 | 0 | 0 | 4 | 128 ]
[ 128 | 7 | -7 | 4< | -7 | 6 | >-2 | 0 | -1 | 0 | 0 | -1 | 0 | 0 | 4 | 128 ]
[ 128 | 7 | -7 | 3< | -7 | 6 | >-3 | 0 | -1 | 0 | 0 | -1 | 0 | 0 | 4 | 128 ]
[ 128 | 7 | -7 | 2< | -7 | 6 | >-4 | 0 | -1 | 0 | 0 | -1 | 0 | 0 | 4 | 128 ]
[ 128 | 7 | -7 | 1< | -7 | 6 | >-5 | 0 | -1 | 0 | 0 | -1 | 0 | 0 | 4 | 128 ]
[ 128 | 7 | -7 | 0< | -7 | 6 | >-6 | 0 | -1 | 0 | 0 | -1 | 0 | 0 | 4 | 128 ]
[ 128 | 7 | -7 | -1< | -7 | 6 | >-7 | 0 | -1 | 0 | 0 | -1 | 0 | 0 | 4 | 128 ]
[ 128 | 7 | -7 | -2< | -7 | 6 | -7 | >0 | -1 | 0 | 0 | -1 | 0 | 0 | 4 | 128 ]
[ 128 | 7 | -7 | -3< | -7 | 6 | -7 | >1 | -1 | 0 | 0 | -1 | 0 | 0 | 4 | 128 ]
[ 128 | 7 | -7 | -3< | -7 | 6 | -7 | >2 | -1 | 0 | 0 | -1 | 0 | 0 | 4 | 128 ]
[ 128 | 7 | -7< | -3 | -7 | 6 | -7 | >3 | -1 | 0 | 0 | -1 | 0 | 0 | 4 | 128 ]
[ 128 | 7 | -8< | -3 | -7 | 6 | -7 | >4 | -1 | 0 | 0 | -1 | 0 | 0 | 4 | 128 ]
[ 128 | 7 | -9< | -3 | -7 | 6 | -7 | >5 | -1 | 0 | 0 | -1 | 0 | 0 | 4 | 128 ]
[ 128 | 7 | -10< | -3 | -7 | 6 | -7 | >6 | -1 | 0 | 0 | -1 | 0 | 0 | 4 | 128 ]
[ 128 | 7 | -11< | -3 | -7 | 6 | -7 | >7 | -1 | 0 | 0 | -1 | 0 | 0 | 4 | 128 ]
[ 128 | 7 | -12< | -3 | -7 | 6 | -7 | 7 | >-1 | 0 | 0 | -1 | 0 | 0 | 4 | 128 ]
[ 128 | 7 | -13< | -3 | -7 | 6 | -7 | 7 | >-2 | 0 | 0 | -1 | 0 | 0 | 4 | 128 ]
[ 128 | 7 | -14< | -3 | -7 | 6 | -7 | 7 | >-3 | 0 | 0 | -1 | 0 | 0 | 4 | 128 ]
[ 128 | 7 | -15< | -3 | -7 | 6 | -7 | 7 | >-4 | 0 | 0 | -1 | 0 | 0 | 4 | 128 ]
[ 128 | 7 | -16< | -3 | -7 | 6 | -7 | 7 | >-5 | 0 | 0 | -1 | 0 | 0 | 4 | 128 ]
[ 128 | 7 | -17< | -3 | -7 | 6 | -7 | 7 | >-6 | 0 | 0 | -1 | 0 | 0 | 4 | 128 ]
[ 128 | 7 | -17< | -3 | -7 | 6 | -7 | 7 | >-7 | 0 | 0 | -1 | 0 | 0 | 4 | 128 ]
[ 128 | 7< | -17 | -3 | -7 | 6 | -7 | 7 | >-8 | 0 | 0 | -1 | 0 | 0 | 4 | 128 ]
[ 128 | 6< | -17 | -3 | -7 | 6 | -7 | 7 | >-8 | 0 | 0 | -1 | 0 | 0 | 4 | 128 ]
[ 128 | 5< | -17 | -3 | -7 | 6 | -7 | 7 | -8 | >0 | 0 | -1 | 0 | 0 | 4 | 128 ]
[ 128 | 4< | -17 | -3 | -7 | 6 | -7 | 7 | -8 | >0 | 0 | -1 | 0 | 0 | 4 | 128 ]
[ 128 | 3< | -17 | -3 | -7 | 6 | -7 | 7 | -8 | >-1 | 0 | -1 | 0 | 0 | 4 | 128 ]
[ 128 | 2< | -17 | -3 | -7 | 6 | -7 | 7 | -8 | >-1 | 0 | -1 | 0 | 0 | 4 | 128 ]
[ 128 | 1< | -17 | -3 | -7 | 6 | -7 | 7 | -8 | -1 | >0 | -1 | 0 | 0 | 4 | 128 ]
[ 128 | 0< | -17 | -3 | -7 | 6 | -7 | 7 | -8 | -1 | >0 | -1 | 0 | 0 | 4 | 128 ]
[ 128 | -1< | -17 | -3 | -7 | 6 | -7 | 7 | -8 | -1 | >-1 | -1 | 0 | 0 | 4 | 128 ]
[ 128 | -2< | -17 | -3 | -7 | 6 | -7 | 7 | -8 | -1 | >-1 | -1 | 0 | 0 | 4 | 128 ]
[ 128 | -3< | -17 | -3 | -7 | 6 | -7 | 7 | -8 | -1 | -1 | >-1 | 0 | 0 | 4 | 128 ]
[ 128 | -3< | -17 | -3 | -7 | 6 | -7 | 7 | -8 | -1 | -1 | >-1 | 0 | 0 | 4 | 128 ]
[ 128< | -3 | -17 | -3 | -7 | 6 | -7 | 7 | -8 | -1 | -1 | >0 | 0 | 0 | 4 | 128 ]
[ 127< | -3 | -17 | -3 | -7 | 6 | -7 | 7 | -8 | -1 | -1 | >0 | 0 | 0 | 4 | 128 ]
[ 126< | -3 | -17 | -3 | -7 | 6 | -7 | 7 | -8 | -1 | -1 | >0 | 0 | 0 | 4 | 128 ]
[ 125< | -3 | -17 | -3 | -7 | 6 | -7 | 7 | -8 | -1 | -1 | >-1 | 0 | 0 | 4 | 128 ]
[ 124< | -3 | -17 | -3 | -7 | 6 | -7 | 7 | -8 | -1 | -1 | >-1 | 0 | 0 | 4 | 128 ]
[ 123< | -3 | -17 | -3 | -7 | 6 | -7 | 7 | -8 | -1 | -1 | -1 | >0 | 0 | 4 | 128 ]
[ 122< | -3 | -17 | -3 | -7 | 6 | -7 | 7 | -8 | -1 | -1 | -1 | >0 | 0 | 4 | 128 ]
[ 121< | -3 | -17 | -3 | -7 | 6 | -7 | 7 | -8 | -1 | -1 | -1 | >-1 | 0 | 4 | 128 ]
[ 120< | -3 | -17 | -3 | -7 | 6 | -7 | 7 | -8 | -1 | -1 | -1 | >-1 | 0 | 4 | 128 ]
[ 119< | -3 | -17 | -3 | -7 | 6 | -7 | 7 | -8 | -1 | -1 | -1 | -1 | >0 | 4 | 128 ]
[ 118< | -3 | -17 | -3 | -7 | 6 | -7 | 7 | -8 | -1 | -1 | -1 | -1 | >0 | 4 | 128 ]
[ 118< | -3 | -17 | -3 | -7 | 6 | -7 | 7 | -8 | -1 | -1 | -1 | -1 | >-1 | 4 | 128 ]
[ 118 | -3 | -17 | -3 | -7 | 6 | -7 | 7 | -8 | -1 | -1 | -1 | -1 | >-1 | 4 | 128< ]

===== BurlyBalder won the battle after 88 cycles =====



===== Starting battle of <BurlyBalder> vs <PrussianRoulette> with memory tape size: 15 =====

[ >128 | 0 | 0 | 0 | 0 | 0 | 0 | 0 | 0 | 0 | 0 | 0 | 0 | 0 | 128< ]
[ 128 | >0 | 0 | 0 | 0 | 0 | 0 | 0 | 0 | 0 | 0 | 0 | 0 | 0< | 128 ]
[ 128 | >1 | 0 | 0 | 0 | 0 | 0 | 0 | 0 | 0 | 0 | 0 | 0 | 1< | 128 ]
[ 128 | >2 | 0 | 0 | 0 | 0 | 0 | 0 | 0 | 0 | 0 | 0 | 0 | 2< | 128 ]
[ 128 | >3 | 0 | 0 | 0 | 0 | 0 | 0 | 0 | 0 | 0 | 0 | 0 | 3< | 128 ]
[ 128 | >4 | 0 | 0 | 0 | 0 | 0 | 0 | 0 | 0 | 0 | 0 | 0 | 4< | 128 ]
[ 128 | >5 | 0 | 0 | 0 | 0 | 0 | 0 | 0 | 0 | 0 | 0 | 0 | 5< | 128 ]
[ 128 | >6 | 0 | 0 | 0 | 0 | 0 | 0 | 0 | 0 | 0 | 0 | 0 | 4< | 128 ]
[ 128 | >7 | 0 | 0 | 0 | 0 | 0 | 0 | 0 | 0 | 0 | 0 | 0 | 4< | 128 ]
[ 128 | 7 | >0 | 0 | 0 | 0 | 0 | 0 | 0 | 0 | 0 | 0 | 0 | 4< | 128 ]
[ 128 | 7 | >-1 | 0 | 0 | 0 | 0 | 0 | 0 | 0 | 0 | 0 | 0< | 4 | 128 ]
[ 128 | 7 | >-2 | 0 | 0 | 0 | 0 | 0 | 0 | 0 | 0 | 0 | 0< | 4 | 128 ]
[ 128 | 7 | >-3 | 0 | 0 | 0 | 0 | 0 | 0 | 0 | 0 | 0 | 0< | 4 | 128 ]
[ 128 | 7 | >-4 | 0 | 0 | 0 | 0 | 0 | 0 | 0 | 0 | 0 | 0< | 4 | 128 ]
[ 128 | 7 | >-5 | 0 | 0 | 0 | 0 | 0 | 0 | 0 | 0 | 0< | 0 | 4 | 128 ]
[ 128 | 7 | >-6 | 0 | 0 | 0 | 0 | 0 | 0 | 0 | 0< | 0 | 0 | 4 | 128 ]
[ 128 | 7 | >-7 | 0 | 0 | 0 | 0 | 0 | 0 | 0 | -1< | 0 | 0 | 4 | 128 ]
[ 128 | 7 | -7 | >0 | 0 | 0 | 0 | 0 | 0 | 0 | -1< | 0 | 0 | 4 | 128 ]
[ 128 | 7 | -7 | >1 | 0 | 0 | 0 | 0 | 0 | 0 | -1< | 0 | 0 | 4 | 128 ]
[ 128 | 7 | -7 | >2 | 0 | 0 | 0 | 0 | 0 | 0< | -1 | 0 | 0 | 4 | 128 ]
[ 128 | 7 | -7 | >3 | 0 | 0 | 0 | 0 | 0 | 0< | -1 | 0 | 0 | 4 | 128 ]
[ 128 | 7 | -7 | >4 | 0 | 0 | 0 | 0 | 0 | 0< | -1 | 0 | 0 | 4 | 128 ]
[ 128 | 7 | -7 | >5 | 0 | 0 | 0 | 0 | 0 | 0< | -1 | 0 | 0 | 4 | 128 ]
[ 128 | 7 | -7 | >6 | 0 | 0 | 0 | 0 | 0< | 0 | -1 | 0 | 0 | 4 | 128 ]
[ 128 | 7 | -7 | >7 | 0 | 0 | 0 | 0< | 0 | 0 | -1 | 0 | 0 | 4 | 128 ]
[ 128 | 7 | -7 | 7 | >0 | 0 | 0 | -1< | 0 | 0 | -1 | 0 | 0 | 4 | 128 ]
[ 128 | 7 | -7 | 7 | >-1 | 0 | 0 | -1< | 0 | 0 | -1 | 0 | 0 | 4 | 128 ]
[ 128 | 7 | -7 | 7 | >-2 | 0 | 0 | -1< | 0 | 0 | -1 | 0 | 0 | 4 | 128 ]
[ 128 | 7 | -7 | 7 | >-3 | 0 | 0< | -1 | 0 | 0 | -1 | 0 | 0 | 4 | 128 ]
[ 128 | 7 | -7 | 7 | >-4 | 0 | 0< | -1 | 0 | 0 | -1 | 0 | 0 | 4 | 128 ]
[ 128 | 7 | -7 | 7 | >-5 | 0 | 0< | -1 | 0 | 0 | -1 | 0 | 0 | 4 | 128 ]
[ 128 | 7 | -7 | 7 | >-6 | 0 | 0< | -1 | 0 | 0 | -1 | 0 | 0 | 4 | 128 ]
[ 128 | 7 | -7 | 7 | >-7 | 0< | 0 | -1 | 0 | 0 | -1 | 0 | 0 | 4 | 128 ]
[ 128 | 7 | -7 | 7 | -7< | >0 | 0 | -1 | 0 | 0 | -1 | 0 | 0 | 4 | 128 ]
[ 128 | 7 | -7 | 7 | -8< | >1 | 0 | -1 | 0 | 0 | -1 | 0 | 0 | 4 | 128 ]
[ 128 | 7 | -7 | 7 | -8< | >2 | 0 | -1 | 0 | 0 | -1 | 0 | 0 | 4 | 128 ]
[ 128 | 7 | -7 | 7 | -8< | >3 | 0 | -1 | 0 | 0 | -1 | 0 | 0 | 4 | 128 ]
[ 128 | 7 | -7 | 7< | -8 | >4 | 0 | -1 | 0 | 0 | -1 | 0 | 0 | 4 | 128 ]
[ 128 | 7 | -7 | 7< | -8 | >5 | 0 | -1 | 0 | 0 | -1 | 0 | 0 | 4 | 128 ]
[ 128 | 7 | -7 | 7< | -8 | >6 | 0 | -1 | 0 | 0 | -1 | 0 | 0 | 4 | 128 ]
[ 128 | 7 | -7< | 7 | -8 | >7 | 0 | -1 | 0 | 0 | -1 | 0 | 0 | 4 | 128 ]
[ 128 | 7 | -8< | 7 | -8 | 7 | >0 | -1 | 0 | 0 | -1 | 0 | 0 | 4 | 128 ]
[ 128 | 7 | -9< | 7 | -8 | 7 | >-1 | -1 | 0 | 0 | -1 | 0 | 0 | 4 | 128 ]
[ 128 | 7 | -10< | 7 | -8 | 7 | >-2 | -1 | 0 | 0 | -1 | 0 | 0 | 4 | 128 ]
[ 128 | 7 | -11< | 7 | -8 | 7 | >-3 | -1 | 0 | 0 | -1 | 0 | 0 | 4 | 128 ]
[ 128 | 7 | -12< | 7 | -8 | 7 | >-4 | -1 | 0 | 0 | -1 | 0 | 0 | 4 | 128 ]
[ 128 | 7 | -13< | 7 | -8 | 7 | >-5 | -1 | 0 | 0 | -1 | 0 | 0 | 4 | 128 ]
[ 128 | 7 | -14< | 7 | -8 | 7 | >-6 | -1 | 0 | 0 | -1 | 0 | 0 | 4 | 128 ]
[ 128 | 7 | -15< | 7 | -8 | 7 | >-7 | -1 | 0 | 0 | -1 | 0 | 0 | 4 | 128 ]
[ 128 | 7 | -16< | 7 | -8 | 7 | -7 | >-1 | 0 | 0 | -1 | 0 | 0 | 4 | 128 ]
[ 128 | 7 | -17< | 7 | -8 | 7 | -7 | >0 | 0 | 0 | -1 | 0 | 0 | 4 | 128 ]
[ 128 | 7 | -17< | 7 | -8 | 7 | -7 | >1 | 0 | 0 | -1 | 0 | 0 | 4 | 128 ]
[ 128 | 7< | -17 | 7 | -8 | 7 | -7 | >2 | 0 | 0 | -1 | 0 | 0 | 4 | 128 ]
[ 128 | 6< | -17 | 7 | -8 | 7 | -7 | >3 | 0 | 0 | -1 | 0 | 0 | 4 | 128 ]
[ 128 | 5< | -17 | 7 | -8 | 7 | -7 | >4 | 0 | 0 | -1 | 0 | 0 | 4 | 128 ]
[ 128 | 4< | -17 | 7 | -8 | 7 | -7 | >5 | 0 | 0 | -1 | 0 | 0 | 4 | 128 ]
[ 128 | 3< | -17 | 7 | -8 | 7 | -7 | >6 | 0 | 0 | -1 | 0 | 0 | 4 | 128 ]
[ 128 | 2< | -17 | 7 | -8 | 7 | -7 | 6 | >0 | 0 | -1 | 0 | 0 | 4 | 128 ]
[ 128 | 1< | -17 | 7 | -8 | 7 | -7 | 6 | >-1 | 0 | -1 | 0 | 0 | 4 | 128 ]
[ 128 | 0< | -17 | 7 | -8 | 7 | -7 | 6 | >-2 | 0 | -1 | 0 | 0 | 4 | 128 ]
[ 128 | -1< | -17 | 7 | -8 | 7 | -7 | 6 | >-3 | 0 | -1 | 0 | 0 | 4 | 128 ]
[ 128 | -2< | -17 | 7 | -8 | 7 | -7 | 6 | >-4 | 0 | -1 | 0 | 0 | 4 | 128 ]
[ 128 | -3< | -17 | 7 | -8 | 7 | -7 | 6 | >-5 | 0 | -1 | 0 | 0 | 4 | 128 ]
[ 128 | -3< | -17 | 7 | -8 | 7 | -7 | 6 | >-6 | 0 | -1 | 0 | 0 | 4 | 128 ]
[ 128< | -3 | -17 | 7 | -8 | 7 | -7 | 6 | >-7 | 0 | -1 | 0 | 0 | 4 | 128 ]
[ 127< | -3 | -17 | 7 | -8 | 7 | -7 | 6 | >-7 | 0 | -1 | 0 | 0 | 4 | 128 ]
[ 126< | -3 | -17 | 7 | -8 | 7 | -7 | 6 | -7 | >0 | -1 | 0 | 0 | 4 | 128 ]
[ 125< | -3 | -17 | 7 | -8 | 7 | -7 | 6 | -7 | >0 | -1 | 0 | 0 | 4 | 128 ]
[ 124< | -3 | -17 | 7 | -8 | 7 | -7 | 6 | -7 | >-1 | -1 | 0 | 0 | 4 | 128 ]
[ 123< | -3 | -17 | 7 | -8 | 7 | -7 | 6 | -7 | >-1 | -1 | 0 | 0 | 4 | 128 ]
[ 122< | -3 | -17 | 7 | -8 | 7 | -7 | 6 | -7 | -1 | >-1 | 0 | 0 | 4 | 128 ]
[ 121< | -3 | -17 | 7 | -8 | 7 | -7 | 6 | -7 | -1 | >-1 | 0 | 0 | 4 | 128 ]
[ 120< | -3 | -17 | 7 | -8 | 7 | -7 | 6 | -7 | -1 | >0 | 0 | 0 | 4 | 128 ]
[ 119< | -3 | -17 | 7 | -8 | 7 | -7 | 6 | -7 | -1 | >0 | 0 | 0 | 4 | 128 ]
[ 118< | -3 | -17 | 7 | -8 | 7 | -7 | 6 | -7 | -1 | >0 | 0 | 0 | 4 | 128 ]
[ 118< | -3 | -17 | 7 | -8 | 7 | -7 | 6 | -7 | -1 | >-1 | 0 | 0 | 4 | 128 ]
[ 118 | -3 | -17 | 7 | -8 | 7 | -7 | 6 | -7 | -1 | >-1 | 0 | 0 | 4 | 128< ]

===== BurlyBalder won the battle after 76 cycles =====



===== Starting battle of <BurlyBalder> vs <PrussianRoulette> with memory tape size: 21 =====

[ >128 | 0 | 0 | 0 | 0 | 0 | 0 | 0 | 0 | 0 | 0 | 0 | 0 | 0 | 0 | 0 | 0 | 0 | 0 | 0 | 128< ]
[ 128 | >0 | 0 | 0 | 0 | 0 | 0 | 0 | 0 | 0 | 0 | 0 | 0 | 0 | 0 | 0 | 0 | 0 | 0 | 0< | 128 ]
[ 128 | >1 | 0 | 0 | 0 | 0 | 0 | 0 | 0 | 0 | 0 | 0 | 0 | 0 | 0 | 0 | 0 | 0 | 0 | 1< | 128 ]
[ 128 | >2 | 0 | 0 | 0 | 0 | 0 | 0 | 0 | 0 | 0 | 0 | 0 | 0 | 0 | 0 | 0 | 0 | 0 | 2< | 128 ]
[ 128 | >3 | 0 | 0 | 0 | 0 | 0 | 0 | 0 | 0 | 0 | 0 | 0 | 0 | 0 | 0 | 0 | 0 | 0 | 3< | 128 ]
[ 128 | >4 | 0 | 0 | 0 | 0 | 0 | 0 | 0 | 0 | 0 | 0 | 0 | 0 | 0 | 0 | 0 | 0 | 0 | 4< | 128 ]
[ 128 | >5 | 0 | 0 | 0 | 0 | 0 | 0 | 0 | 0 | 0 | 0 | 0 | 0 | 0 | 0 | 0 | 0 | 0 | 5< | 128 ]
[ 128 | >6 | 0 | 0 | 0 | 0 | 0 | 0 | 0 | 0 | 0 | 0 | 0 | 0 | 0 | 0 | 0 | 0 | 0 | 4< | 128 ]
[ 128 | >7 | 0 | 0 | 0 | 0 | 0 | 0 | 0 | 0 | 0 | 0 | 0 | 0 | 0 | 0 | 0 | 0 | 0 | 4< | 128 ]
[ 128 | 7 | >0 | 0 | 0 | 0 | 0 | 0 | 0 | 0 | 0 | 0 | 0 | 0 | 0 | 0 | 0 | 0 | 0 | 4< | 128 ]
[ 128 | 7 | >-1 | 0 | 0 | 0 | 0 | 0 | 0 | 0 | 0 | 0 | 0 | 0 | 0 | 0 | 0 | 0 | 0< | 4 | 128 ]
[ 128 | 7 | >-2 | 0 | 0 | 0 | 0 | 0 | 0 | 0 | 0 | 0 | 0 | 0 | 0 | 0 | 0 | 0 | 0< | 4 | 128 ]
[ 128 | 7 | >-3 | 0 | 0 | 0 | 0 | 0 | 0 | 0 | 0 | 0 | 0 | 0 | 0 | 0 | 0 | 0 | 0< | 4 | 128 ]
[ 128 | 7 | >-4 | 0 | 0 | 0 | 0 | 0 | 0 | 0 | 0 | 0 | 0 | 0 | 0 | 0 | 0 | 0 | 0< | 4 | 128 ]
[ 128 | 7 | >-5 | 0 | 0 | 0 | 0 | 0 | 0 | 0 | 0 | 0 | 0 | 0 | 0 | 0 | 0 | 0< | 0 | 4 | 128 ]
[ 128 | 7 | >-6 | 0 | 0 | 0 | 0 | 0 | 0 | 0 | 0 | 0 | 0 | 0 | 0 | 0 | 0< | 0 | 0 | 4 | 128 ]
[ 128 | 7 | >-7 | 0 | 0 | 0 | 0 | 0 | 0 | 0 | 0 | 0 | 0 | 0 | 0 | 0 | -1< | 0 | 0 | 4 | 128 ]
[ 128 | 7 | -7 | >0 | 0 | 0 | 0 | 0 | 0 | 0 | 0 | 0 | 0 | 0 | 0 | 0 | -1< | 0 | 0 | 4 | 128 ]
[ 128 | 7 | -7 | >1 | 0 | 0 | 0 | 0 | 0 | 0 | 0 | 0 | 0 | 0 | 0 | 0 | -1< | 0 | 0 | 4 | 128 ]
[ 128 | 7 | -7 | >2 | 0 | 0 | 0 | 0 | 0 | 0 | 0 | 0 | 0 | 0 | 0 | 0< | -1 | 0 | 0 | 4 | 128 ]
[ 128 | 7 | -7 | >3 | 0 | 0 | 0 | 0 | 0 | 0 | 0 | 0 | 0 | 0 | 0 | 0< | -1 | 0 | 0 | 4 | 128 ]
[ 128 | 7 | -7 | >4 | 0 | 0 | 0 | 0 | 0 | 0 | 0 | 0 | 0 | 0 | 0 | 0< | -1 | 0 | 0 | 4 | 128 ]
[ 128 | 7 | -7 | >5 | 0 | 0 | 0 | 0 | 0 | 0 | 0 | 0 | 0 | 0 | 0 | 0< | -1 | 0 | 0 | 4 | 128 ]
[ 128 | 7 | -7 | >6 | 0 | 0 | 0 | 0 | 0 | 0 | 0 | 0 | 0 | 0 | 0< | 0 | -1 | 0 | 0 | 4 | 128 ]
[ 128 | 7 | -7 | >7 | 0 | 0 | 0 | 0 | 0 | 0 | 0 | 0 | 0 | 0< | 0 | 0 | -1 | 0 | 0 | 4 | 128 ]
[ 128 | 7 | -7 | 7 | >0 | 0 | 0 | 0 | 0 | 0 | 0 | 0 | 0 | -1< | 0 | 0 | -1 | 0 | 0 | 4 | 128 ]
[ 128 | 7 | -7 | 7 | >-1 | 0 | 0 | 0 | 0 | 0 | 0 | 0 | 0 | -1< | 0 | 0 | -1 | 0 | 0 | 4 | 128 ]
[ 128 | 7 | -7 | 7 | >-2 | 0 | 0 | 0 | 0 | 0 | 0 | 0 | 0 | -1< | 0 | 0 | -1 | 0 | 0 | 4 | 128 ]
[ 128 | 7 | -7 | 7 | >-3 | 0 | 0 | 0 | 0 | 0 | 0 | 0 | 0< | -1 | 0 | 0 | -1 | 0 | 0 | 4 | 128 ]
[ 128 | 7 | -7 | 7 | >-4 | 0 | 0 | 0 | 0 | 0 | 0 | 0 | 0< | -1 | 0 | 0 | -1 | 0 | 0 | 4 | 128 ]
[ 128 | 7 | -7 | 7 | >-5 | 0 | 0 | 0 | 0 | 0 | 0 | 0 | 0< | -1 | 0 | 0 | -1 | 0 | 0 | 4 | 128 ]
[ 128 | 7 | -7 | 7 | >-6 | 0 | 0 | 0 | 0 | 0 | 0 | 0 | 0< | -1 | 0 | 0 | -1 | 0 | 0 | 4 | 128 ]
[ 128 | 7 | -7 | 7 | >-7 | 0 | 0 | 0 | 0 | 0 | 0 | 0< | 0 | -1 | 0 | 0 | -1 | 0 | 0 | 4 | 128 ]
[ 128 | 7 | -7 | 7 | -7 | >0 | 0 | 0 | 0 | 0 | 0< | 0 | 0 | -1 | 0 | 0 | -1 | 0 | 0 | 4 | 128 ]
[ 128 | 7 | -7 | 7 | -7 | >1 | 0 | 0 | 0 | 0 | -1< | 0 | 0 | -1 | 0 | 0 | -1 | 0 | 0 | 4 | 128 ]
[ 128 | 7 | -7 | 7 | -7 | >2 | 0 | 0 | 0 | 0 | -1< | 0 | 0 | -1 | 0 | 0 | -1 | 0 | 0 | 4 | 128 ]
[ 128 | 7 | -7 | 7 | -7 | >3 | 0 | 0 | 0 | 0 | -1< | 0 | 0 | -1 | 0 | 0 | -1 | 0 | 0 | 4 | 128 ]
[ 128 | 7 | -7 | 7 | -7 | >4 | 0 | 0 | 0 | 0< | -1 | 0 | 0 | -1 | 0 | 0 | -1 | 0 | 0 | 4 | 128 ]
[ 128 | 7 | -7 | 7 | -7 | >5 | 0 | 0 | 0 | 0< | -1 | 0 | 0 | -1 | 0 | 0 | -1 | 0 | 0 | 4 | 128 ]
[ 128 | 7 | -7 | 7 | -7 | >6 | 0 | 0 | 0 | 0< | -1 | 0 | 0 | -1 | 0 | 0 | -1 | 0 | 0 | 4 | 128 ]
[ 128 | 7 | -7 | 7 | -7 | >7 | 0 | 0 | 0 | 0< | -1 | 0 | 0 | -1 | 0 | 0 | -1 | 0 | 0 | 4 | 128 ]
[ 128 | 7 | -7 | 7 | -7 | 7 | >0 | 0 | 0< | 0 | -1 | 0 | 0 | -1 | 0 | 0 | -1 | 0 | 0 | 4 | 128 ]
[ 128 | 7 | -7 | 7 | -7 | 7 | >-1 | 0< | 0 | 0 | -1 | 0 | 0 | -1 | 0 | 0 | -1 | 0 | 0 | 4 | 128 ]
[ 128 | 7 | -7 | 7 | -7 | 7 | >-2 | -1< | 0 | 0 | -1 | 0 | 0 | -1 | 0 | 0 | -1 | 0 | 0 | 4 | 128 ]
[ 128 | 7 | -7 | 7 | -7 | 7 | >-3 | -1< | 0 | 0 | -1 | 0 | 0 | -1 | 0 | 0 | -1 | 0 | 0 | 4 | 128 ]
[ 128 | 7 | -7 | 7 | -7 | 7 | >-4 | -1< | 0 | 0 | -1 | 0 | 0 | -1 | 0 | 0 | -1 | 0 | 0 | 4 | 128 ]
[ 128 | 7 | -7 | 7 | -7 | 7 | >-5< | -1 | 0 | 0 | -1 | 0 | 0 | -1 | 0 | 0 | -1 | 0 | 0 | 4 | 128 ]
[ 128 | 7 | -7 | 7 | -7 | 7 | >-6< | -1 | 0 | 0 | -1 | 0 | 0 | -1 | 0 | 0 | -1 | 0 | 0 | 4 | 128 ]
[ 128 | 7 | -7 | 7 | -7 | 7 | >-7< | -1 | 0 | 0 | -1 | 0 | 0 | -1 | 0 | 0 | -1 | 0 | 0 | 4 | 128 ]
[ 128 | 7 | -7 | 7 | -7 | 7< | -7 | >-1 | 0 | 0 | -1 | 0 | 0 | -1 | 0 | 0 | -1 | 0 | 0 | 4 | 128 ]
[ 128 | 7 | -7 | 7 | -7 | 6< | -7 | >0 | 0 | 0 | -1 | 0 | 0 | -1 | 0 | 0 | -1 | 0 | 0 | 4 | 128 ]
[ 128 | 7 | -7 | 7 | -7 | 5< | -7 | >1 | 0 | 0 | -1 | 0 | 0 | -1 | 0 | 0 | -1 | 0 | 0 | 4 | 128 ]
[ 128 | 7 | -7 | 7 | -7 | 4< | -7 | >2 | 0 | 0 | -1 | 0 | 0 | -1 | 0 | 0 | -1 | 0 | 0 | 4 | 128 ]
[ 128 | 7 | -7 | 7 | -7 | 3< | -7 | >3 | 0 | 0 | -1 | 0 | 0 | -1 | 0 | 0 | -1 | 0 | 0 | 4 | 128 ]
[ 128 | 7 | -7 | 7 | -7 | 2< | -7 | >4 | 0 | 0 | -1 | 0 | 0 | -1 | 0 | 0 | -1 | 0 | 0 | 4 | 128 ]
[ 128 | 7 | -7 | 7 | -7 | 1< | -7 | >5 | 0 | 0 | -1 | 0 | 0 | -1 | 0 | 0 | -1 | 0 | 0 | 4 | 128 ]
[ 128 | 7 | -7 | 7 | -7 | 0< | -7 | >6 | 0 | 0 | -1 | 0 | 0 | -1 | 0 | 0 | -1 | 0 | 0 | 4 | 128 ]
[ 128 | 7 | -7 | 7 | -7 | -1< | -7 | 6 | >0 | 0 | -1 | 0 | 0 | -1 | 0 | 0 | -1 | 0 | 0 | 4 | 128 ]
[ 128 | 7 | -7 | 7 | -7 | -2< | -7 | 6 | >-1 | 0 | -1 | 0 | 0 | -1 | 0 | 0 | -1 | 0 | 0 | 4 | 128 ]
[ 128 | 7 | -7 | 7 | -7 | -3< | -7 | 6 | >-2 | 0 | -1 | 0 | 0 | -1 | 0 | 0 | -1 | 0 | 0 | 4 | 128 ]
[ 128 | 7 | -7 | 7 | -7 | -3< | -7 | 6 | >-3 | 0 | -1 | 0 | 0 | -1 | 0 | 0 | -1 | 0 | 0 | 4 | 128 ]
[ 128 | 7 | -7 | 7 | -7< | -3 | -7 | 6 | >-4 | 0 | -1 | 0 | 0 | -1 | 0 | 0 | -1 | 0 | 0 | 4 | 128 ]
[ 128 | 7 | -7 | 7 | -8< | -3 | -7 | 6 | >-5 | 0 | -1 | 0 | 0 | -1 | 0 | 0 | -1 | 0 | 0 | 4 | 128 ]
[ 128 | 7 | -7 | 7 | -9< | -3 | -7 | 6 | >-6 | 0 | -1 | 0 | 0 | -1 | 0 | 0 | -1 | 0 | 0 | 4 | 128 ]
[ 128 | 7 | -7 | 7 | -10< | -3 | -7 | 6 | >-7 | 0 | -1 | 0 | 0 | -1 | 0 | 0 | -1 | 0 | 0 | 4 | 128 ]
[ 128 | 7 | -7 | 7 | -11< | -3 | -7 | 6 | >-7 | 0 | -1 | 0 | 0 | -1 | 0 | 0 | -1 | 0 | 0 | 4 | 128 ]
[ 128 | 7 | -7 | 7 | -12< | -3 | -7 | 6 | -7 | >0 | -1 | 0 | 0 | -1 | 0 | 0 | -1 | 0 | 0 | 4 | 128 ]
[ 128 | 7 | -7 | 7 | -13< | -3 | -7 | 6 | -7 | >0 | -1 | 0 | 0 | -1 | 0 | 0 | -1 | 0 | 0 | 4 | 128 ]
[ 128 | 7 | -7 | 7 | -14< | -3 | -7 | 6 | -7 | >-1 | -1 | 0 | 0 | -1 | 0 | 0 | -1 | 0 | 0 | 4 | 128 ]
[ 128 | 7 | -7 | 7 | -15< | -3 | -7 | 6 | -7 | >-1 | -1 | 0 | 0 | -1 | 0 | 0 | -1 | 0 | 0 | 4 | 128 ]
[ 128 | 7 | -7 | 7 | -16< | -3 | -7 | 6 | -7 | -1 | >-1 | 0 | 0 | -1 | 0 | 0 | -1 | 0 | 0 | 4 | 128 ]
[ 128 | 7 | -7 | 7 | -17< | -3 | -7 | 6 | -7 | -1 | >-1 | 0 | 0 | -1 | 0 | 0 | -1 | 0 | 0 | 4 | 128 ]
[ 128 | 7 | -7 | 7 | -17< | -3 | -7 | 6 | -7 | -1 | >0 | 0 | 0 | -1 | 0 | 0 | -1 | 0 | 0 | 4 | 128 ]
[ 128 | 7 | -7 | 7< | -17 | -3 | -7 | 6 | -7 | -1 | >0 | 0 | 0 | -1 | 0 | 0 | -1 | 0 | 0 | 4 | 128 ]
[ 128 | 7 | -7 | 6< | -17 | -3 | -7 | 6 | -7 | -1 | >0 | 0 | 0 | -1 | 0 | 0 | -1 | 0 | 0 | 4 | 128 ]
[ 128 | 7 | -7 | 5< | -17 | -3 | -7 | 6 | -7 | -1 | >-1 | 0 | 0 | -1 | 0 | 0 | -1 | 0 | 0 | 4 | 128 ]
[ 128 | 7 | -7 | 4< | -17 | -3 | -7 | 6 | -7 | -1 | >-1 | 0 | 0 | -1 | 0 | 0 | -1 | 0 | 0 | 4 | 128 ]
[ 128 | 7 | -7 | 3< | -17 | -3 | -7 | 6 | -7 | -1 | -1 | >0 | 0 | -1 | 0 | 0 | -1 | 0 | 0 | 4 | 128 ]
[ 128 | 7 | -7 | 2< | -17 | -3 | -7 | 6 | -7 | -1 | -1 | >0 | 0 | -1 | 0 | 0 | -1 | 0 | 0 | 4 | 128 ]
[ 128 | 7 | -7 | 1< | -17 | -3 | -7 | 6 | -7 | -1 | -1 | >-1 | 0 | -1 | 0 | 0 | -1 | 0 | 0 | 4 | 128 ]
[ 128 | 7 | -7 | 0< | -17 | -3 | -7 | 6 | -7 | -1 | -1 | >-1 | 0 | -1 | 0 | 0 | -1 | 0 | 0 | 4 | 128 ]
[ 128 | 7 | -7 | -1< | -17 | -3 | -7 | 6 | -7 | -1 | -1 | -1 | >0 | -1 | 0 | 0 | -1 | 0 | 0 | 4 | 128 ]
[ 128 | 7 | -7 | -2< | -17 | -3 | -7 | 6 | -7 | -1 | -1 | -1 | >0 | -1 | 0 | 0 | -1 | 0 | 0 | 4 | 128 ]
[ 128 | 7 | -7 | -3< | -17 | -3 | -7 | 6 | -7 | -1 | -1 | -1 | >-1 | -1 | 0 | 0 | -1 | 0 | 0 | 4 | 128 ]
[ 128 | 7 | -7 | -3< | -17 | -3 | -7 | 6 | -7 | -1 | -1 | -1 | >-1 | -1 | 0 | 0 | -1 | 0 | 0 | 4 | 128 ]
[ 128 | 7 | -7< | -3 | -17 | -3 | -7 | 6 | -7 | -1 | -1 | -1 | -1 | >-1 | 0 | 0 | -1 | 0 | 0 | 4 | 128 ]
[ 128 | 7 | -8< | -3 | -17 | -3 | -7 | 6 | -7 | -1 | -1 | -1 | -1 | >-1 | 0 | 0 | -1 | 0 | 0 | 4 | 128 ]
[ 128 | 7 | -9< | -3 | -17 | -3 | -7 | 6 | -7 | -1 | -1 | -1 | -1 | >0 | 0 | 0 | -1 | 0 | 0 | 4 | 128 ]
[ 128 | 7 | -10< | -3 | -17 | -3 | -7 | 6 | -7 | -1 | -1 | -1 | -1 | >0 | 0 | 0 | -1 | 0 | 0 | 4 | 128 ]
[ 128 | 7 | -11< | -3 | -17 | -3 | -7 | 6 | -7 | -1 | -1 | -1 | -1 | >0 | 0 | 0 | -1 | 0 | 0 | 4 | 128 ]
[ 128 | 7 | -12< | -3 | -17 | -3 | -7 | 6 | -7 | -1 | -1 | -1 | -1 | >-1 | 0 | 0 | -1 | 0 | 0 | 4 | 128 ]
[ 128 | 7 | -13< | -3 | -17 | -3 | -7 | 6 | -7 | -1 | -1 | -1 | -1 | >-1 | 0 | 0 | -1 | 0 | 0 | 4 | 128 ]
[ 128 | 7 | -14< | -3 | -17 | -3 | -7 | 6 | -7 | -1 | -1 | -1 | -1 | -1 | >0 | 0 | -1 | 0 | 0 | 4 | 128 ]
[ 128 | 7 | -15< | -3 | -17 | -3 | -7 | 6 | -7 | -1 | -1 | -1 | -1 | -1 | >0 | 0 | -1 | 0 | 0 | 4 | 128 ]
[ 128 | 7 | -16< | -3 | -17 | -3 | -7 | 6 | -7 | -1 | -1 | -1 | -1 | -1 | >-1 | 0 | -1 | 0 | 0 | 4 | 128 ]
[ 128 | 7 | -17< | -3 | -17 | -3 | -7 | 6 | -7 | -1 | -1 | -1 | -1 | -1 | >-1 | 0 | -1 | 0 | 0 | 4 | 128 ]
[ 128 | 7 | -17< | -3 | -17 | -3 | -7 | 6 | -7 | -1 | -1 | -1 | -1 | -1 | -1 | >0 | -1 | 0 | 0 | 4 | 128 ]
[ 128 | 7< | -17 | -3 | -17 | -3 | -7 | 6 | -7 | -1 | -1 | -1 | -1 | -1 | -1 | >0 | -1 | 0 | 0 | 4 | 128 ]
[ 128 | 6< | -17 | -3 | -17 | -3 | -7 | 6 | -7 | -1 | -1 | -1 | -1 | -1 | -1 | >-1 | -1 | 0 | 0 | 4 | 128 ]
[ 128 | 5< | -17 | -3 | -17 | -3 | -7 | 6 | -7 | -1 | -1 | -1 | -1 | -1 | -1 | >-1 | -1 | 0 | 0 | 4 | 128 ]
[ 128 | 4< | -17 | -3 | -17 | -3 | -7 | 6 | -7 | -1 | -1 | -1 | -1 | -1 | -1 | -1 | >-1 | 0 | 0 | 4 | 128 ]
[ 128 | 3< | -17 | -3 | -17 | -3 | -7 | 6 | -7 | -1 | -1 | -1 | -1 | -1 | -1 | -1 | >-1 | 0 | 0 | 4 | 128 ]
[ 128 | 2< | -17 | -3 | -17 | -3 | -7 | 6 | -7 | -1 | -1 | -1 | -1 | -1 | -1 | -1 | >0 | 0 | 0 | 4 | 128 ]
[ 128 | 1< | -17 | -3 | -17 | -3 | -7 | 6 | -7 | -1 | -1 | -1 | -1 | -1 | -1 | -1 | >0 | 0 | 0 | 4 | 128 ]
[ 128 | 0< | -17 | -3 | -17 | -3 | -7 | 6 | -7 | -1 | -1 | -1 | -1 | -1 | -1 | -1 | >0 | 0 | 0 | 4 | 128 ]
[ 128 | -1< | -17 | -3 | -17 | -3 | -7 | 6 | -7 | -1 | -1 | -1 | -1 | -1 | -1 | -1 | >-1 | 0 | 0 | 4 | 128 ]
[ 128 | -2< | -17 | -3 | -17 | -3 | -7 | 6 | -7 | -1 | -1 | -1 | -1 | -1 | -1 | -1 | >-1 | 0 | 0 | 4 | 128 ]
[ 128 | -3< | -17 | -3 | -17 | -3 | -7 | 6 | -7 | -1 | -1 | -1 | -1 | -1 | -1 | -1 | -1 | >0 | 0 | 4 | 128 ]
[ 128 | -3< | -17 | -3 | -17 | -3 | -7 | 6 | -7 | -1 | -1 | -1 | -1 | -1 | -1 | -1 | -1 | >0 | 0 | 4 | 128 ]
[ 128< | -3 | -17 | -3 | -17 | -3 | -7 | 6 | -7 | -1 | -1 | -1 | -1 | -1 | -1 | -1 | -1 | >-1 | 0 | 4 | 128 ]
[ 127< | -3 | -17 | -3 | -17 | -3 | -7 | 6 | -7 | -1 | -1 | -1 | -1 | -1 | -1 | -1 | -1 | >-1 | 0 | 4 | 128 ]
[ 126< | -3 | -17 | -3 | -17 | -3 | -7 | 6 | -7 | -1 | -1 | -1 | -1 | -1 | -1 | -1 | -1 | -1 | >0 | 4 | 128 ]
[ 125< | -3 | -17 | -3 | -17 | -3 | -7 | 6 | -7 | -1 | -1 | -1 | -1 | -1 | -1 | -1 | -1 | -1 | >0 | 4 | 128 ]
[ 124< | -3 | -17 | -3 | -17 | -3 | -7 | 6 | -7 | -1 | -1 | -1 | -1 | -1 | -1 | -1 | -1 | -1 | >-1 | 4 | 128 ]
[ 123< | -3 | -17 | -3 | -17 | -3 | -7 | 6 | -7 | -1 | -1 | -1 | -1 | -1 | -1 | -1 | -1 | -1 | >-1 | 4 | 128 ]
[ 122< | -3 | -17 | -3 | -17 | -3 | -7 | 6 | -7 | -1 | -1 | -1 | -1 | -1 | -1 | -1 | -1 | -1 | -1 | >4 | 128 ]
[ 121< | -3 | -17 | -3 | -17 | -3 | -7 | 6 | -7 | -1 | -1 | -1 | -1 | -1 | -1 | -1 | -1 | -1 | -1 | >4 | 128 ]
[ 120< | -3 | -17 | -3 | -17 | -3 | -7 | 6 | -7 | -1 | -1 | -1 | -1 | -1 | -1 | -1 | -1 | -1 | -1 | >5 | 128 ]
[ 119< | -3 | -17 | -3 | -17 | -3 | -7 | 6 | -7 | -1 | -1 | -1 | -1 | -1 | -1 | -1 | -1 | -1 | -1 | >5 | 128 ]
[ 118< | -3 | -17 | -3 | -17 | -3 | -7 | 6 | -7 | -1 | -1 | -1 | -1 | -1 | -1 | -1 | -1 | -1 | -1 | >6 | 128 ]
[ 118< | -3 | -17 | -3 | -17 | -3 | -7 | 6 | -7 | -1 | -1 | -1 | -1 | -1 | -1 | -1 | -1 | -1 | -1 | >6 | 128 ]
[ 118 | -3 | -17 | -3 | -17 | -3 | -7 | 6 | -7 | -1 | -1 | -1 | -1 | -1 | -1 | -1 | -1 | -1 | -1 | >7 | 128< ]

===== BurlyBalder won the battle after 121 cycles =====



===== Starting battle of <BurlyBalder> vs <PrussianRoulette> with memory tape size: 13 =====

[ >128 | 0 | 0 | 0 | 0 | 0 | 0 | 0 | 0 | 0 | 0 | 0 | 128< ]
[ 128 | >0 | 0 | 0 | 0 | 0 | 0 | 0 | 0 | 0 | 0 | 0< | 128 ]
[ 128 | >1 | 0 | 0 | 0 | 0 | 0 | 0 | 0 | 0 | 0 | 1< | 128 ]
[ 128 | >2 | 0 | 0 | 0 | 0 | 0 | 0 | 0 | 0 | 0 | 2< | 128 ]
[ 128 | >3 | 0 | 0 | 0 | 0 | 0 | 0 | 0 | 0 | 0 | 3< | 128 ]
[ 128 | >4 | 0 | 0 | 0 | 0 | 0 | 0 | 0 | 0 | 0 | 4< | 128 ]
[ 128 | >5 | 0 | 0 | 0 | 0 | 0 | 0 | 0 | 0 | 0 | 5< | 128 ]
[ 128 | >6 | 0 | 0 | 0 | 0 | 0 | 0 | 0 | 0 | 0 | 4< | 128 ]
[ 128 | >7 | 0 | 0 | 0 | 0 | 0 | 0 | 0 | 0 | 0 | 4< | 128 ]
[ 128 | 7 | >0 | 0 | 0 | 0 | 0 | 0 | 0 | 0 | 0 | 4< | 128 ]
[ 128 | 7 | >-1 | 0 | 0 | 0 | 0 | 0 | 0 | 0 | 0< | 4 | 128 ]
[ 128 | 7 | >-2 | 0 | 0 | 0 | 0 | 0 | 0 | 0 | 0< | 4 | 128 ]
[ 128 | 7 | >-3 | 0 | 0 | 0 | 0 | 0 | 0 | 0 | 0< | 4 | 128 ]
[ 128 | 7 | >-4 | 0 | 0 | 0 | 0 | 0 | 0 | 0 | 0< | 4 | 128 ]
[ 128 | 7 | >-5 | 0 | 0 | 0 | 0 | 0 | 0 | 0< | 0 | 4 | 128 ]
[ 128 | 7 | >-6 | 0 | 0 | 0 | 0 | 0 | 0< | 0 | 0 | 4 | 128 ]
[ 128 | 7 | >-7 | 0 | 0 | 0 | 0 | 0 | -1< | 0 | 0 | 4 | 128 ]
[ 128 | 7 | -7 | >0 | 0 | 0 | 0 | 0 | -1< | 0 | 0 | 4 | 128 ]
[ 128 | 7 | -7 | >1 | 0 | 0 | 0 | 0 | -1< | 0 | 0 | 4 | 128 ]
[ 128 | 7 | -7 | >2 | 0 | 0 | 0 | 0< | -1 | 0 | 0 | 4 | 128 ]
[ 128 | 7 | -7 | >3 | 0 | 0 | 0 | 0< | -1 | 0 | 0 | 4 | 128 ]
[ 128 | 7 | -7 | >4 | 0 | 0 | 0 | 0< | -1 | 0 | 0 | 4 | 128 ]
[ 128 | 7 | -7 | >5 | 0 | 0 | 0 | 0< | -1 | 0 | 0 | 4 | 128 ]
[ 128 | 7 | -7 | >6 | 0 | 0 | 0< | 0 | -1 | 0 | 0 | 4 | 128 ]
[ 128 | 7 | -7 | >7 | 0 | 0< | 0 | 0 | -1 | 0 | 0 | 4 | 128 ]
[ 128 | 7 | -7 | 7 | >0 | -1< | 0 | 0 | -1 | 0 | 0 | 4 | 128 ]
[ 128 | 7 | -7 | 7 | >-1 | -1< | 0 | 0 | -1 | 0 | 0 | 4 | 128 ]
[ 128 | 7 | -7 | 7 | >-2 | -1< | 0 | 0 | -1 | 0 | 0 | 4 | 128 ]
[ 128 | 7 | -7 | 7 | >-3< | -1 | 0 | 0 | -1 | 0 | 0 | 4 | 128 ]
[ 128 | 7 | -7 | 7 | >-4< | -1 | 0 | 0 | -1 | 0 | 0 | 4 | 128 ]
[ 128 | 7 | -7 | 7 | >-5< | -1 | 0 | 0 | -1 | 0 | 0 | 4 | 128 ]
[ 128 | 7 | -7 | 7< | >-6 | -1 | 0 | 0 | -1 | 0 | 0 | 4 | 128 ]
[ 128 | 7 | -7 | 6< | >-7 | -1 | 0 | 0 | -1 | 0 | 0 | 4 | 128 ]
[ 128 | 7 | -7 | 5< | -7 | >-1 | 0 | 0 | -1 | 0 | 0 | 4 | 128 ]
[ 128 | 7 | -7 | 4< | -7 | >0 | 0 | 0 | -1 | 0 | 0 | 4 | 128 ]
[ 128 | 7 | -7 | 3< | -7 | >1 | 0 | 0 | -1 | 0 | 0 | 4 | 128 ]
[ 128 | 7 | -7 | 2< | -7 | >2 | 0 | 0 | -1 | 0 | 0 | 4 | 128 ]
[ 128 | 7 | -7 | 1< | -7 | >3 | 0 | 0 | -1 | 0 | 0 | 4 | 128 ]
[ 128 | 7 | -7 | 0< | -7 | >4 | 0 | 0 | -1 | 0 | 0 | 4 | 128 ]
[ 128 | 7 | -7 | -1< | -7 | >5 | 0 | 0 | -1 | 0 | 0 | 4 | 128 ]
[ 128 | 7 | -7 | -2< | -7 | >6 | 0 | 0 | -1 | 0 | 0 | 4 | 128 ]
[ 128 | 7 | -7 | -3< | -7 | 6 | >0 | 0 | -1 | 0 | 0 | 4 | 128 ]
[ 128 | 7 | -7 | -3< | -7 | 6 | >-1 | 0 | -1 | 0 | 0 | 4 | 128 ]
[ 128 | 7 | -7< | -3 | -7 | 6 | >-2 | 0 | -1 | 0 | 0 | 4 | 128 ]
[ 128 | 7 | -8< | -3 | -7 | 6 | >-3 | 0 | -1 | 0 | 0 | 4 | 128 ]
[ 128 | 7 | -9< | -3 | -7 | 6 | >-4 | 0 | -1 | 0 | 0 | 4 | 128 ]
[ 128 | 7 | -10< | -3 | -7 | 6 | >-5 | 0 | -1 | 0 | 0 | 4 | 128 ]
[ 128 | 7 | -11< | -3 | -7 | 6 | >-6 | 0 | -1 | 0 | 0 | 4 | 128 ]
[ 128 | 7 | -12< | -3 | -7 | 6 | >-7 | 0 | -1 | 0 | 0 | 4 | 128 ]
[ 128 | 7 | -13< | -3 | -7 | 6 | -7 | >0 | -1 | 0 | 0 | 4 | 128 ]
[ 128 | 7 | -14< | -3 | -7 | 6 | -7 | >1 | -1 | 0 | 0 | 4 | 128 ]
[ 128 | 7 | -15< | -3 | -7 | 6 | -7 | >2 | -1 | 0 | 0 | 4 | 128 ]
[ 128 | 7 | -16< | -3 | -7 | 6 | -7 | >3 | -1 | 0 | 0 | 4 | 128 ]
[ 128 | 7 | -17< | -3 | -7 | 6 | -7 | >4 | -1 | 0 | 0 | 4 | 128 ]
[ 128 | 7 | -17< | -3 | -7 | 6 | -7 | >5 | -1 | 0 | 0 | 4 | 128 ]
[ 128 | 7< | -17 | -3 | -7 | 6 | -7 | >6 | -1 | 0 | 0 | 4 | 128 ]
[ 128 | 6< | -17 | -3 | -7 | 6 | -7 | >7 | -1 | 0 | 0 | 4 | 128 ]
[ 128 | 5< | -17 | -3 | -7 | 6 | -7 | 7 | >-1 | 0 | 0 | 4 | 128 ]
[ 128 | 4< | -17 | -3 | -7 | 6 | -7 | 7 | >-2 | 0 | 0 | 4 | 128 ]
[ 128 | 3< | -17 | -3 | -7 | 6 | -7 | 7 | >-3 | 0 | 0 | 4 | 128 ]
[ 128 | 2< | -17 | -3 | -7 | 6 | -7 | 7 | >-4 | 0 | 0 | 4 | 128 ]
[ 128 | 1< | -17 | -3 | -7 | 6 | -7 | 7 | >-5 | 0 | 0 | 4 | 128 ]
[ 128 | 0< | -17 | -3 | -7 | 6 | -7 | 7 | >-6 | 0 | 0 | 4 | 128 ]
[ 128 | -1< | -17 | -3 | -7 | 6 | -7 | 7 | >-7 | 0 | 0 | 4 | 128 ]
[ 128 | -2< | -17 | -3 | -7 | 6 | -7 | 7 | >-8 | 0 | 0 | 4 | 128 ]
[ 128 | -3< | -17 | -3 | -7 | 6 | -7 | 7 | >-8 | 0 | 0 | 4 | 128 ]
[ 128 | -3< | -17 | -3 | -7 | 6 | -7 | 7 | -8 | >0 | 0 | 4 | 128 ]
[ 128< | -3 | -17 | -3 | -7 | 6 | -7 | 7 | -8 | >0 | 0 | 4 | 128 ]
[ 127< | -3 | -17 | -3 | -7 | 6 | -7 | 7 | -8 | >-1 | 0 | 4 | 128 ]
[ 126< | -3 | -17 | -3 | -7 | 6 | -7 | 7 | -8 | >-1 | 0 | 4 | 128 ]
[ 125< | -3 | -17 | -3 | -7 | 6 | -7 | 7 | -8 | -1 | >0 | 4 | 128 ]
[ 124< | -3 | -17 | -3 | -7 | 6 | -7 | 7 | -8 | -1 | >0 | 4 | 128 ]
[ 123< | -3 | -17 | -3 | -7 | 6 | -7 | 7 | -8 | -1 | >-1 | 4 | 128 ]
[ 122< | -3 | -17 | -3 | -7 | 6 | -7 | 7 | -8 | -1 | >-1 | 4 | 128 ]
[ 121< | -3 | -17 | -3 | -7 | 6 | -7 | 7 | -8 | -1 | -1 | >4 | 128 ]
[ 120< | -3 | -17 | -3 | -7 | 6 | -7 | 7 | -8 | -1 | -1 | >4 | 128 ]
[ 119< | -3 | -17 | -3 | -7 | 6 | -7 | 7 | -8 | -1 | -1 | >5 | 128 ]
[ 118< | -3 | -17 | -3 | -7 | 6 | -7 | 7 | -8 | -1 | -1 | >5 | 128 ]
[ 118< | -3 | -17 | -3 | -7 | 6 | -7 | 7 | -8 | -1 | -1 | >6 | 128 ]
[ 118 | -3 | -17 | -3 | -7 | 6 | -7 | 7 | -8 | -1 | -1 | >6 | 128< ]

===== BurlyBalder won the battle after 79 cycles =====



===== BurlyBalder.bf vs. PrussianRoulette.bf finished with 10:0 =====