===== Starting battle of <Dumberbot> vs <PrussianRoulette> with memory tape size: 25 =====

[ >128 | 0 | 0 | 0 | 0 | 0 | 0 | 0 | 0 | 0 | 0 | 0 | 0 | 0 | 0 | 0 | 0 | 0 | 0 | 0 | 0 | 0 | 0 | 0 | 128< ]
[ >128 | 0 | 0 | 0 | 0 | 0 | 0 | 0 | 0 | 0 | 0 | 0 | 0 | 0 | 0 | 0 | 0 | 0 | 0 | 0 | 0 | 0 | 0 | 0< | 128 ]
[ >127 | 0 | 0 | 0 | 0 | 0 | 0 | 0 | 0 | 0 | 0 | 0 | 0 | 0 | 0 | 0 | 0 | 0 | 0 | 0 | 0 | 0 | 0 | 1< | 128 ]
[ >127 | 0 | 0 | 0 | 0 | 0 | 0 | 0 | 0 | 0 | 0 | 0 | 0 | 0 | 0 | 0 | 0 | 0 | 0 | 0 | 0 | 0 | 0 | 2< | 128 ]
[ >126 | 0 | 0 | 0 | 0 | 0 | 0 | 0 | 0 | 0 | 0 | 0 | 0 | 0 | 0 | 0 | 0 | 0 | 0 | 0 | 0 | 0 | 0 | 3< | 128 ]
[ >126 | 0 | 0 | 0 | 0 | 0 | 0 | 0 | 0 | 0 | 0 | 0 | 0 | 0 | 0 | 0 | 0 | 0 | 0 | 0 | 0 | 0 | 0 | 4< | 128 ]
[ >125 | 0 | 0 | 0 | 0 | 0 | 0 | 0 | 0 | 0 | 0 | 0 | 0 | 0 | 0 | 0 | 0 | 0 | 0 | 0 | 0 | 0 | 0 | 5< | 128 ]
[ >125 | 0 | 0 | 0 | 0 | 0 | 0 | 0 | 0 | 0 | 0 | 0 | 0 | 0 | 0 | 0 | 0 | 0 | 0 | 0 | 0 | 0 | 0 | 4< | 128 ]
[ >124 | 0 | 0 | 0 | 0 | 0 | 0 | 0 | 0 | 0 | 0 | 0 | 0 | 0 | 0 | 0 | 0 | 0 | 0 | 0 | 0 | 0 | 0 | 4< | 128 ]
[ >124 | 0 | 0 | 0 | 0 | 0 | 0 | 0 | 0 | 0 | 0 | 0 | 0 | 0 | 0 | 0 | 0 | 0 | 0 | 0 | 0 | 0 | 0 | 4< | 128 ]
[ >123 | 0 | 0 | 0 | 0 | 0 | 0 | 0 | 0 | 0 | 0 | 0 | 0 | 0 | 0 | 0 | 0 | 0 | 0 | 0 | 0 | 0 | 0< | 4 | 128 ]
[ >123 | 0 | 0 | 0 | 0 | 0 | 0 | 0 | 0 | 0 | 0 | 0 | 0 | 0 | 0 | 0 | 0 | 0 | 0 | 0 | 0 | 0 | 0< | 4 | 128 ]
[ >122 | 0 | 0 | 0 | 0 | 0 | 0 | 0 | 0 | 0 | 0 | 0 | 0 | 0 | 0 | 0 | 0 | 0 | 0 | 0 | 0 | 0 | 0< | 4 | 128 ]
[ >122 | 0 | 0 | 0 | 0 | 0 | 0 | 0 | 0 | 0 | 0 | 0 | 0 | 0 | 0 | 0 | 0 | 0 | 0 | 0 | 0 | 0 | 0< | 4 | 128 ]
[ >121 | 0 | 0 | 0 | 0 | 0 | 0 | 0 | 0 | 0 | 0 | 0 | 0 | 0 | 0 | 0 | 0 | 0 | 0 | 0 | 0 | 0< | 0 | 4 | 128 ]
[ >121 | 0 | 0 | 0 | 0 | 0 | 0 | 0 | 0 | 0 | 0 | 0 | 0 | 0 | 0 | 0 | 0 | 0 | 0 | 0 | 0< | 0 | 0 | 4 | 128 ]
[ >120 | 0 | 0 | 0 | 0 | 0 | 0 | 0 | 0 | 0 | 0 | 0 | 0 | 0 | 0 | 0 | 0 | 0 | 0 | 0 | -1< | 0 | 0 | 4 | 128 ]
[ >120 | 0 | 0 | 0 | 0 | 0 | 0 | 0 | 0 | 0 | 0 | 0 | 0 | 0 | 0 | 0 | 0 | 0 | 0 | 0 | -1< | 0 | 0 | 4 | 128 ]
[ >119 | 0 | 0 | 0 | 0 | 0 | 0 | 0 | 0 | 0 | 0 | 0 | 0 | 0 | 0 | 0 | 0 | 0 | 0 | 0 | -1< | 0 | 0 | 4 | 128 ]
[ >119 | 0 | 0 | 0 | 0 | 0 | 0 | 0 | 0 | 0 | 0 | 0 | 0 | 0 | 0 | 0 | 0 | 0 | 0 | 0< | -1 | 0 | 0 | 4 | 128 ]
[ >118 | 0 | 0 | 0 | 0 | 0 | 0 | 0 | 0 | 0 | 0 | 0 | 0 | 0 | 0 | 0 | 0 | 0 | 0 | 0< | -1 | 0 | 0 | 4 | 128 ]
[ >118 | 0 | 0 | 0 | 0 | 0 | 0 | 0 | 0 | 0 | 0 | 0 | 0 | 0 | 0 | 0 | 0 | 0 | 0 | 0< | -1 | 0 | 0 | 4 | 128 ]
[ >117 | 0 | 0 | 0 | 0 | 0 | 0 | 0 | 0 | 0 | 0 | 0 | 0 | 0 | 0 | 0 | 0 | 0 | 0 | 0< | -1 | 0 | 0 | 4 | 128 ]
[ >117 | 0 | 0 | 0 | 0 | 0 | 0 | 0 | 0 | 0 | 0 | 0 | 0 | 0 | 0 | 0 | 0 | 0 | 0< | 0 | -1 | 0 | 0 | 4 | 128 ]
[ >116 | 0 | 0 | 0 | 0 | 0 | 0 | 0 | 0 | 0 | 0 | 0 | 0 | 0 | 0 | 0 | 0 | 0< | 0 | 0 | -1 | 0 | 0 | 4 | 128 ]
[ >116 | 0 | 0 | 0 | 0 | 0 | 0 | 0 | 0 | 0 | 0 | 0 | 0 | 0 | 0 | 0 | 0 | -1< | 0 | 0 | -1 | 0 | 0 | 4 | 128 ]
[ >115 | 0 | 0 | 0 | 0 | 0 | 0 | 0 | 0 | 0 | 0 | 0 | 0 | 0 | 0 | 0 | 0 | -1< | 0 | 0 | -1 | 0 | 0 | 4 | 128 ]
[ >115 | 0 | 0 | 0 | 0 | 0 | 0 | 0 | 0 | 0 | 0 | 0 | 0 | 0 | 0 | 0 | 0 | -1< | 0 | 0 | -1 | 0 | 0 | 4 | 128 ]
[ >114 | 0 | 0 | 0 | 0 | 0 | 0 | 0 | 0 | 0 | 0 | 0 | 0 | 0 | 0 | 0 | 0< | -1 | 0 | 0 | -1 | 0 | 0 | 4 | 128 ]
[ >114 | 0 | 0 | 0 | 0 | 0 | 0 | 0 | 0 | 0 | 0 | 0 | 0 | 0 | 0 | 0 | 0< | -1 | 0 | 0 | -1 | 0 | 0 | 4 | 128 ]
[ >113 | 0 | 0 | 0 | 0 | 0 | 0 | 0 | 0 | 0 | 0 | 0 | 0 | 0 | 0 | 0 | 0< | -1 | 0 | 0 | -1 | 0 | 0 | 4 | 128 ]
[ >113 | 0 | 0 | 0 | 0 | 0 | 0 | 0 | 0 | 0 | 0 | 0 | 0 | 0 | 0 | 0 | 0< | -1 | 0 | 0 | -1 | 0 | 0 | 4 | 128 ]
[ >112 | 0 | 0 | 0 | 0 | 0 | 0 | 0 | 0 | 0 | 0 | 0 | 0 | 0 | 0 | 0< | 0 | -1 | 0 | 0 | -1 | 0 | 0 | 4 | 128 ]
[ >112 | 0 | 0 | 0 | 0 | 0 | 0 | 0 | 0 | 0 | 0 | 0 | 0 | 0 | 0< | 0 | 0 | -1 | 0 | 0 | -1 | 0 | 0 | 4 | 128 ]
[ >111 | 0 | 0 | 0 | 0 | 0 | 0 | 0 | 0 | 0 | 0 | 0 | 0 | 0 | -1< | 0 | 0 | -1 | 0 | 0 | -1 | 0 | 0 | 4 | 128 ]
[ >111 | 0 | 0 | 0 | 0 | 0 | 0 | 0 | 0 | 0 | 0 | 0 | 0 | 0 | -1< | 0 | 0 | -1 | 0 | 0 | -1 | 0 | 0 | 4 | 128 ]
[ >110 | 0 | 0 | 0 | 0 | 0 | 0 | 0 | 0 | 0 | 0 | 0 | 0 | 0 | -1< | 0 | 0 | -1 | 0 | 0 | -1 | 0 | 0 | 4 | 128 ]
[ >110 | 0 | 0 | 0 | 0 | 0 | 0 | 0 | 0 | 0 | 0 | 0 | 0 | 0< | -1 | 0 | 0 | -1 | 0 | 0 | -1 | 0 | 0 | 4 | 128 ]
[ >109 | 0 | 0 | 0 | 0 | 0 | 0 | 0 | 0 | 0 | 0 | 0 | 0 | 0< | -1 | 0 | 0 | -1 | 0 | 0 | -1 | 0 | 0 | 4 | 128 ]
[ >109 | 0 | 0 | 0 | 0 | 0 | 0 | 0 | 0 | 0 | 0 | 0 | 0 | 0< | -1 | 0 | 0 | -1 | 0 | 0 | -1 | 0 | 0 | 4 | 128 ]
[ >108 | 0 | 0 | 0 | 0 | 0 | 0 | 0 | 0 | 0 | 0 | 0 | 0 | 0< | -1 | 0 | 0 | -1 | 0 | 0 | -1 | 0 | 0 | 4 | 128 ]
[ >108 | 0 | 0 | 0 | 0 | 0 | 0 | 0 | 0 | 0 | 0 | 0 | 0< | 0 | -1 | 0 | 0 | -1 | 0 | 0 | -1 | 0 | 0 | 4 | 128 ]
[ >107 | 0 | 0 | 0 | 0 | 0 | 0 | 0 | 0 | 0 | 0 | 0< | 0 | 0 | -1 | 0 | 0 | -1 | 0 | 0 | -1 | 0 | 0 | 4 | 128 ]
[ >107 | 0 | 0 | 0 | 0 | 0 | 0 | 0 | 0 | 0 | 0 | -1< | 0 | 0 | -1 | 0 | 0 | -1 | 0 | 0 | -1 | 0 | 0 | 4 | 128 ]
[ >106 | 0 | 0 | 0 | 0 | 0 | 0 | 0 | 0 | 0 | 0 | -1< | 0 | 0 | -1 | 0 | 0 | -1 | 0 | 0 | -1 | 0 | 0 | 4 | 128 ]
[ >106 | 0 | 0 | 0 | 0 | 0 | 0 | 0 | 0 | 0 | 0 | -1< | 0 | 0 | -1 | 0 | 0 | -1 | 0 | 0 | -1 | 0 | 0 | 4 | 128 ]
[ >105 | 0 | 0 | 0 | 0 | 0 | 0 | 0 | 0 | 0 | 0< | -1 | 0 | 0 | -1 | 0 | 0 | -1 | 0 | 0 | -1 | 0 | 0 | 4 | 128 ]
[ >105 | 0 | 0 | 0 | 0 | 0 | 0 | 0 | 0 | 0 | 0< | -1 | 0 | 0 | -1 | 0 | 0 | -1 | 0 | 0 | -1 | 0 | 0 | 4 | 128 ]
[ >104 | 0 | 0 | 0 | 0 | 0 | 0 | 0 | 0 | 0 | 0< | -1 | 0 | 0 | -1 | 0 | 0 | -1 | 0 | 0 | -1 | 0 | 0 | 4 | 128 ]
[ >104 | 0 | 0 | 0 | 0 | 0 | 0 | 0 | 0 | 0 | 0< | -1 | 0 | 0 | -1 | 0 | 0 | -1 | 0 | 0 | -1 | 0 | 0 | 4 | 128 ]
[ >103 | 0 | 0 | 0 | 0 | 0 | 0 | 0 | 0 | 0< | 0 | -1 | 0 | 0 | -1 | 0 | 0 | -1 | 0 | 0 | -1 | 0 | 0 | 4 | 128 ]
[ >103 | 0 | 0 | 0 | 0 | 0 | 0 | 0 | 0< | 0 | 0 | -1 | 0 | 0 | -1 | 0 | 0 | -1 | 0 | 0 | -1 | 0 | 0 | 4 | 128 ]
[ >102 | 0 | 0 | 0 | 0 | 0 | 0 | 0 | -1< | 0 | 0 | -1 | 0 | 0 | -1 | 0 | 0 | -1 | 0 | 0 | -1 | 0 | 0 | 4 | 128 ]
[ >102 | 0 | 0 | 0 | 0 | 0 | 0 | 0 | -1< | 0 | 0 | -1 | 0 | 0 | -1 | 0 | 0 | -1 | 0 | 0 | -1 | 0 | 0 | 4 | 128 ]
[ >101 | 0 | 0 | 0 | 0 | 0 | 0 | 0 | -1< | 0 | 0 | -1 | 0 | 0 | -1 | 0 | 0 | -1 | 0 | 0 | -1 | 0 | 0 | 4 | 128 ]
[ >101 | 0 | 0 | 0 | 0 | 0 | 0 | 0< | -1 | 0 | 0 | -1 | 0 | 0 | -1 | 0 | 0 | -1 | 0 | 0 | -1 | 0 | 0 | 4 | 128 ]
[ >100 | 0 | 0 | 0 | 0 | 0 | 0 | 0< | -1 | 0 | 0 | -1 | 0 | 0 | -1 | 0 | 0 | -1 | 0 | 0 | -1 | 0 | 0 | 4 | 128 ]
[ >100 | 0 | 0 | 0 | 0 | 0 | 0 | 0< | -1 | 0 | 0 | -1 | 0 | 0 | -1 | 0 | 0 | -1 | 0 | 0 | -1 | 0 | 0 | 4 | 128 ]
[ >99 | 0 | 0 | 0 | 0 | 0 | 0 | 0< | -1 | 0 | 0 | -1 | 0 | 0 | -1 | 0 | 0 | -1 | 0 | 0 | -1 | 0 | 0 | 4 | 128 ]
[ >99 | 0 | 0 | 0 | 0 | 0 | 0< | 0 | -1 | 0 | 0 | -1 | 0 | 0 | -1 | 0 | 0 | -1 | 0 | 0 | -1 | 0 | 0 | 4 | 128 ]
[ >98 | 0 | 0 | 0 | 0 | 0< | 0 | 0 | -1 | 0 | 0 | -1 | 0 | 0 | -1 | 0 | 0 | -1 | 0 | 0 | -1 | 0 | 0 | 4 | 128 ]
[ >98 | 0 | 0 | 0 | 0 | -1< | 0 | 0 | -1 | 0 | 0 | -1 | 0 | 0 | -1 | 0 | 0 | -1 | 0 | 0 | -1 | 0 | 0 | 4 | 128 ]
[ >97 | 0 | 0 | 0 | 0 | -1< | 0 | 0 | -1 | 0 | 0 | -1 | 0 | 0 | -1 | 0 | 0 | -1 | 0 | 0 | -1 | 0 | 0 | 4 | 128 ]
[ >97 | 0 | 0 | 0 | 0 | -1< | 0 | 0 | -1 | 0 | 0 | -1 | 0 | 0 | -1 | 0 | 0 | -1 | 0 | 0 | -1 | 0 | 0 | 4 | 128 ]
[ >96 | 0 | 0 | 0 | 0< | -1 | 0 | 0 | -1 | 0 | 0 | -1 | 0 | 0 | -1 | 0 | 0 | -1 | 0 | 0 | -1 | 0 | 0 | 4 | 128 ]
[ >96 | 0 | 0 | 0 | 0< | -1 | 0 | 0 | -1 | 0 | 0 | -1 | 0 | 0 | -1 | 0 | 0 | -1 | 0 | 0 | -1 | 0 | 0 | 4 | 128 ]
[ >95 | 0 | 0 | 0 | 0< | -1 | 0 | 0 | -1 | 0 | 0 | -1 | 0 | 0 | -1 | 0 | 0 | -1 | 0 | 0 | -1 | 0 | 0 | 4 | 128 ]
[ >95 | 0 | 0 | 0 | 0< | -1 | 0 | 0 | -1 | 0 | 0 | -1 | 0 | 0 | -1 | 0 | 0 | -1 | 0 | 0 | -1 | 0 | 0 | 4 | 128 ]
[ >94 | 0 | 0 | 0< | 0 | -1 | 0 | 0 | -1 | 0 | 0 | -1 | 0 | 0 | -1 | 0 | 0 | -1 | 0 | 0 | -1 | 0 | 0 | 4 | 128 ]
[ >94 | 0 | 0< | 0 | 0 | -1 | 0 | 0 | -1 | 0 | 0 | -1 | 0 | 0 | -1 | 0 | 0 | -1 | 0 | 0 | -1 | 0 | 0 | 4 | 128 ]
[ >93 | 0 | -1< | 0 | 0 | -1 | 0 | 0 | -1 | 0 | 0 | -1 | 0 | 0 | -1 | 0 | 0 | -1 | 0 | 0 | -1 | 0 | 0 | 4 | 128 ]
[ >93 | 0 | -1< | 0 | 0 | -1 | 0 | 0 | -1 | 0 | 0 | -1 | 0 | 0 | -1 | 0 | 0 | -1 | 0 | 0 | -1 | 0 | 0 | 4 | 128 ]
[ >92 | 0 | -1< | 0 | 0 | -1 | 0 | 0 | -1 | 0 | 0 | -1 | 0 | 0 | -1 | 0 | 0 | -1 | 0 | 0 | -1 | 0 | 0 | 4 | 128 ]
[ >92 | 0< | -1 | 0 | 0 | -1 | 0 | 0 | -1 | 0 | 0 | -1 | 0 | 0 | -1 | 0 | 0 | -1 | 0 | 0 | -1 | 0 | 0 | 4 | 128 ]
[ >91 | 0< | -1 | 0 | 0 | -1 | 0 | 0 | -1 | 0 | 0 | -1 | 0 | 0 | -1 | 0 | 0 | -1 | 0 | 0 | -1 | 0 | 0 | 4 | 128 ]
[ >91 | 0< | -1 | 0 | 0 | -1 | 0 | 0 | -1 | 0 | 0 | -1 | 0 | 0 | -1 | 0 | 0 | -1 | 0 | 0 | -1 | 0 | 0 | 4 | 128 ]
[ >90 | 0< | -1 | 0 | 0 | -1 | 0 | 0 | -1 | 0 | 0 | -1 | 0 | 0 | -1 | 0 | 0 | -1 | 0 | 0 | -1 | 0 | 0 | 4 | 128 ]
[ >90< | 0 | -1 | 0 | 0 | -1 | 0 | 0 | -1 | 0 | 0 | -1 | 0 | 0 | -1 | 0 | 0 | -1 | 0 | 0 | -1 | 0 | 0 | 4 | 128 ]
[ >89 | 0 | -1 | 0 | 0 | -1 | 0 | 0 | -1 | 0 | 0 | -1 | 0 | 0 | -1 | 0 | 0 | -1 | 0 | 0 | -1 | 0 | 0 | 4 | 128< ]

===== Dumberbot won the battle after 78 cycles =====



===== Starting battle of <Dumberbot> vs <PrussianRoulette> with memory tape size: 21 =====

[ >128 | 0 | 0 | 0 | 0 | 0 | 0 | 0 | 0 | 0 | 0 | 0 | 0 | 0 | 0 | 0 | 0 | 0 | 0 | 0 | 128< ]
[ >128 | 0 | 0 | 0 | 0 | 0 | 0 | 0 | 0 | 0 | 0 | 0 | 0 | 0 | 0 | 0 | 0 | 0 | 0 | 0< | 128 ]
[ >127 | 0 | 0 | 0 | 0 | 0 | 0 | 0 | 0 | 0 | 0 | 0 | 0 | 0 | 0 | 0 | 0 | 0 | 0 | 1< | 128 ]
[ >127 | 0 | 0 | 0 | 0 | 0 | 0 | 0 | 0 | 0 | 0 | 0 | 0 | 0 | 0 | 0 | 0 | 0 | 0 | 2< | 128 ]
[ >126 | 0 | 0 | 0 | 0 | 0 | 0 | 0 | 0 | 0 | 0 | 0 | 0 | 0 | 0 | 0 | 0 | 0 | 0 | 3< | 128 ]
[ >126 | 0 | 0 | 0 | 0 | 0 | 0 | 0 | 0 | 0 | 0 | 0 | 0 | 0 | 0 | 0 | 0 | 0 | 0 | 4< | 128 ]
[ >125 | 0 | 0 | 0 | 0 | 0 | 0 | 0 | 0 | 0 | 0 | 0 | 0 | 0 | 0 | 0 | 0 | 0 | 0 | 5< | 128 ]
[ >125 | 0 | 0 | 0 | 0 | 0 | 0 | 0 | 0 | 0 | 0 | 0 | 0 | 0 | 0 | 0 | 0 | 0 | 0 | 4< | 128 ]
[ >124 | 0 | 0 | 0 | 0 | 0 | 0 | 0 | 0 | 0 | 0 | 0 | 0 | 0 | 0 | 0 | 0 | 0 | 0 | 4< | 128 ]
[ >124 | 0 | 0 | 0 | 0 | 0 | 0 | 0 | 0 | 0 | 0 | 0 | 0 | 0 | 0 | 0 | 0 | 0 | 0 | 4< | 128 ]
[ >123 | 0 | 0 | 0 | 0 | 0 | 0 | 0 | 0 | 0 | 0 | 0 | 0 | 0 | 0 | 0 | 0 | 0 | 0< | 4 | 128 ]
[ >123 | 0 | 0 | 0 | 0 | 0 | 0 | 0 | 0 | 0 | 0 | 0 | 0 | 0 | 0 | 0 | 0 | 0 | 0< | 4 | 128 ]
[ >122 | 0 | 0 | 0 | 0 | 0 | 0 | 0 | 0 | 0 | 0 | 0 | 0 | 0 | 0 | 0 | 0 | 0 | 0< | 4 | 128 ]
[ >122 | 0 | 0 | 0 | 0 | 0 | 0 | 0 | 0 | 0 | 0 | 0 | 0 | 0 | 0 | 0 | 0 | 0 | 0< | 4 | 128 ]
[ >121 | 0 | 0 | 0 | 0 | 0 | 0 | 0 | 0 | 0 | 0 | 0 | 0 | 0 | 0 | 0 | 0 | 0< | 0 | 4 | 128 ]
[ >121 | 0 | 0 | 0 | 0 | 0 | 0 | 0 | 0 | 0 | 0 | 0 | 0 | 0 | 0 | 0 | 0< | 0 | 0 | 4 | 128 ]
[ >120 | 0 | 0 | 0 | 0 | 0 | 0 | 0 | 0 | 0 | 0 | 0 | 0 | 0 | 0 | 0 | -1< | 0 | 0 | 4 | 128 ]
[ >120 | 0 | 0 | 0 | 0 | 0 | 0 | 0 | 0 | 0 | 0 | 0 | 0 | 0 | 0 | 0 | -1< | 0 | 0 | 4 | 128 ]
[ >119 | 0 | 0 | 0 | 0 | 0 | 0 | 0 | 0 | 0 | 0 | 0 | 0 | 0 | 0 | 0 | -1< | 0 | 0 | 4 | 128 ]
[ >119 | 0 | 0 | 0 | 0 | 0 | 0 | 0 | 0 | 0 | 0 | 0 | 0 | 0 | 0 | 0< | -1 | 0 | 0 | 4 | 128 ]
[ >118 | 0 | 0 | 0 | 0 | 0 | 0 | 0 | 0 | 0 | 0 | 0 | 0 | 0 | 0 | 0< | -1 | 0 | 0 | 4 | 128 ]
[ >118 | 0 | 0 | 0 | 0 | 0 | 0 | 0 | 0 | 0 | 0 | 0 | 0 | 0 | 0 | 0< | -1 | 0 | 0 | 4 | 128 ]
[ >117 | 0 | 0 | 0 | 0 | 0 | 0 | 0 | 0 | 0 | 0 | 0 | 0 | 0 | 0 | 0< | -1 | 0 | 0 | 4 | 128 ]
[ >117 | 0 | 0 | 0 | 0 | 0 | 0 | 0 | 0 | 0 | 0 | 0 | 0 | 0 | 0< | 0 | -1 | 0 | 0 | 4 | 128 ]
[ >116 | 0 | 0 | 0 | 0 | 0 | 0 | 0 | 0 | 0 | 0 | 0 | 0 | 0< | 0 | 0 | -1 | 0 | 0 | 4 | 128 ]
[ >116 | 0 | 0 | 0 | 0 | 0 | 0 | 0 | 0 | 0 | 0 | 0 | 0 | -1< | 0 | 0 | -1 | 0 | 0 | 4 | 128 ]
[ >115 | 0 | 0 | 0 | 0 | 0 | 0 | 0 | 0 | 0 | 0 | 0 | 0 | -1< | 0 | 0 | -1 | 0 | 0 | 4 | 128 ]
[ >115 | 0 | 0 | 0 | 0 | 0 | 0 | 0 | 0 | 0 | 0 | 0 | 0 | -1< | 0 | 0 | -1 | 0 | 0 | 4 | 128 ]
[ >114 | 0 | 0 | 0 | 0 | 0 | 0 | 0 | 0 | 0 | 0 | 0 | 0< | -1 | 0 | 0 | -1 | 0 | 0 | 4 | 128 ]
[ >114 | 0 | 0 | 0 | 0 | 0 | 0 | 0 | 0 | 0 | 0 | 0 | 0< | -1 | 0 | 0 | -1 | 0 | 0 | 4 | 128 ]
[ >113 | 0 | 0 | 0 | 0 | 0 | 0 | 0 | 0 | 0 | 0 | 0 | 0< | -1 | 0 | 0 | -1 | 0 | 0 | 4 | 128 ]
[ >113 | 0 | 0 | 0 | 0 | 0 | 0 | 0 | 0 | 0 | 0 | 0 | 0< | -1 | 0 | 0 | -1 | 0 | 0 | 4 | 128 ]
[ >112 | 0 | 0 | 0 | 0 | 0 | 0 | 0 | 0 | 0 | 0 | 0< | 0 | -1 | 0 | 0 | -1 | 0 | 0 | 4 | 128 ]
[ >112 | 0 | 0 | 0 | 0 | 0 | 0 | 0 | 0 | 0 | 0< | 0 | 0 | -1 | 0 | 0 | -1 | 0 | 0 | 4 | 128 ]
[ >111 | 0 | 0 | 0 | 0 | 0 | 0 | 0 | 0 | 0 | -1< | 0 | 0 | -1 | 0 | 0 | -1 | 0 | 0 | 4 | 128 ]
[ >111 | 0 | 0 | 0 | 0 | 0 | 0 | 0 | 0 | 0 | -1< | 0 | 0 | -1 | 0 | 0 | -1 | 0 | 0 | 4 | 128 ]
[ >110 | 0 | 0 | 0 | 0 | 0 | 0 | 0 | 0 | 0 | -1< | 0 | 0 | -1 | 0 | 0 | -1 | 0 | 0 | 4 | 128 ]
[ >110 | 0 | 0 | 0 | 0 | 0 | 0 | 0 | 0 | 0< | -1 | 0 | 0 | -1 | 0 | 0 | -1 | 0 | 0 | 4 | 128 ]
[ >109 | 0 | 0 | 0 | 0 | 0 | 0 | 0 | 0 | 0< | -1 | 0 | 0 | -1 | 0 | 0 | -1 | 0 | 0 | 4 | 128 ]
[ >109 | 0 | 0 | 0 | 0 | 0 | 0 | 0 | 0 | 0< | -1 | 0 | 0 | -1 | 0 | 0 | -1 | 0 | 0 | 4 | 128 ]
[ >108 | 0 | 0 | 0 | 0 | 0 | 0 | 0 | 0 | 0< | -1 | 0 | 0 | -1 | 0 | 0 | -1 | 0 | 0 | 4 | 128 ]
[ >108 | 0 | 0 | 0 | 0 | 0 | 0 | 0 | 0< | 0 | -1 | 0 | 0 | -1 | 0 | 0 | -1 | 0 | 0 | 4 | 128 ]
[ >107 | 0 | 0 | 0 | 0 | 0 | 0 | 0< | 0 | 0 | -1 | 0 | 0 | -1 | 0 | 0 | -1 | 0 | 0 | 4 | 128 ]
[ >107 | 0 | 0 | 0 | 0 | 0 | 0 | -1< | 0 | 0 | -1 | 0 | 0 | -1 | 0 | 0 | -1 | 0 | 0 | 4 | 128 ]
[ >106 | 0 | 0 | 0 | 0 | 0 | 0 | -1< | 0 | 0 | -1 | 0 | 0 | -1 | 0 | 0 | -1 | 0 | 0 | 4 | 128 ]
[ >106 | 0 | 0 | 0 | 0 | 0 | 0 | -1< | 0 | 0 | -1 | 0 | 0 | -1 | 0 | 0 | -1 | 0 | 0 | 4 | 128 ]
[ >105 | 0 | 0 | 0 | 0 | 0 | 0< | -1 | 0 | 0 | -1 | 0 | 0 | -1 | 0 | 0 | -1 | 0 | 0 | 4 | 128 ]
[ >105 | 0 | 0 | 0 | 0 | 0 | 0< | -1 | 0 | 0 | -1 | 0 | 0 | -1 | 0 | 0 | -1 | 0 | 0 | 4 | 128 ]
[ >104 | 0 | 0 | 0 | 0 | 0 | 0< | -1 | 0 | 0 | -1 | 0 | 0 | -1 | 0 | 0 | -1 | 0 | 0 | 4 | 128 ]
[ >104 | 0 | 0 | 0 | 0 | 0 | 0< | -1 | 0 | 0 | -1 | 0 | 0 | -1 | 0 | 0 | -1 | 0 | 0 | 4 | 128 ]
[ >103 | 0 | 0 | 0 | 0 | 0< | 0 | -1 | 0 | 0 | -1 | 0 | 0 | -1 | 0 | 0 | -1 | 0 | 0 | 4 | 128 ]
[ >103 | 0 | 0 | 0 | 0< | 0 | 0 | -1 | 0 | 0 | -1 | 0 | 0 | -1 | 0 | 0 | -1 | 0 | 0 | 4 | 128 ]
[ >102 | 0 | 0 | 0 | -1< | 0 | 0 | -1 | 0 | 0 | -1 | 0 | 0 | -1 | 0 | 0 | -1 | 0 | 0 | 4 | 128 ]
[ >102 | 0 | 0 | 0 | -1< | 0 | 0 | -1 | 0 | 0 | -1 | 0 | 0 | -1 | 0 | 0 | -1 | 0 | 0 | 4 | 128 ]
[ >101 | 0 | 0 | 0 | -1< | 0 | 0 | -1 | 0 | 0 | -1 | 0 | 0 | -1 | 0 | 0 | -1 | 0 | 0 | 4 | 128 ]
[ >101 | 0 | 0 | 0< | -1 | 0 | 0 | -1 | 0 | 0 | -1 | 0 | 0 | -1 | 0 | 0 | -1 | 0 | 0 | 4 | 128 ]
[ >100 | 0 | 0 | 0< | -1 | 0 | 0 | -1 | 0 | 0 | -1 | 0 | 0 | -1 | 0 | 0 | -1 | 0 | 0 | 4 | 128 ]
[ >100 | 0 | 0 | 0< | -1 | 0 | 0 | -1 | 0 | 0 | -1 | 0 | 0 | -1 | 0 | 0 | -1 | 0 | 0 | 4 | 128 ]
[ >99 | 0 | 0 | 0< | -1 | 0 | 0 | -1 | 0 | 0 | -1 | 0 | 0 | -1 | 0 | 0 | -1 | 0 | 0 | 4 | 128 ]
[ >99 | 0 | 0< | 0 | -1 | 0 | 0 | -1 | 0 | 0 | -1 | 0 | 0 | -1 | 0 | 0 | -1 | 0 | 0 | 4 | 128 ]
[ >98 | 0< | 0 | 0 | -1 | 0 | 0 | -1 | 0 | 0 | -1 | 0 | 0 | -1 | 0 | 0 | -1 | 0 | 0 | 4 | 128 ]
[ >98 | -1< | 0 | 0 | -1 | 0 | 0 | -1 | 0 | 0 | -1 | 0 | 0 | -1 | 0 | 0 | -1 | 0 | 0 | 4 | 128 ]
[ >97 | -1< | 0 | 0 | -1 | 0 | 0 | -1 | 0 | 0 | -1 | 0 | 0 | -1 | 0 | 0 | -1 | 0 | 0 | 4 | 128 ]
[ >97 | -1< | 0 | 0 | -1 | 0 | 0 | -1 | 0 | 0 | -1 | 0 | 0 | -1 | 0 | 0 | -1 | 0 | 0 | 4 | 128 ]
[ >96< | -1 | 0 | 0 | -1 | 0 | 0 | -1 | 0 | 0 | -1 | 0 | 0 | -1 | 0 | 0 | -1 | 0 | 0 | 4 | 128 ]
[ >96< | -1 | 0 | 0 | -1 | 0 | 0 | -1 | 0 | 0 | -1 | 0 | 0 | -1 | 0 | 0 | -1 | 0 | 0 | 4 | 128 ]
[ >95< | -1 | 0 | 0 | -1 | 0 | 0 | -1 | 0 | 0 | -1 | 0 | 0 | -1 | 0 | 0 | -1 | 0 | 0 | 4 | 128 ]
[ >95 | -1 | 0 | 0 | -1 | 0 | 0 | -1 | 0 | 0 | -1 | 0 | 0 | -1 | 0 | 0 | -1 | 0 | 0 | 4 | 128< ]

===== Dumberbot won the battle after 67 cycles =====



===== Starting battle of <Dumberbot> vs <PrussianRoulette> with memory tape size: 23 =====

[ >128 | 0 | 0 | 0 | 0 | 0 | 0 | 0 | 0 | 0 | 0 | 0 | 0 | 0 | 0 | 0 | 0 | 0 | 0 | 0 | 0 | 0 | 128< ]
[ >128 | 0 | 0 | 0 | 0 | 0 | 0 | 0 | 0 | 0 | 0 | 0 | 0 | 0 | 0 | 0 | 0 | 0 | 0 | 0 | 0 | 0< | 128 ]
[ >127 | 0 | 0 | 0 | 0 | 0 | 0 | 0 | 0 | 0 | 0 | 0 | 0 | 0 | 0 | 0 | 0 | 0 | 0 | 0 | 0 | 1< | 128 ]
[ >127 | 0 | 0 | 0 | 0 | 0 | 0 | 0 | 0 | 0 | 0 | 0 | 0 | 0 | 0 | 0 | 0 | 0 | 0 | 0 | 0 | 2< | 128 ]
[ >126 | 0 | 0 | 0 | 0 | 0 | 0 | 0 | 0 | 0 | 0 | 0 | 0 | 0 | 0 | 0 | 0 | 0 | 0 | 0 | 0 | 3< | 128 ]
[ >126 | 0 | 0 | 0 | 0 | 0 | 0 | 0 | 0 | 0 | 0 | 0 | 0 | 0 | 0 | 0 | 0 | 0 | 0 | 0 | 0 | 4< | 128 ]
[ >125 | 0 | 0 | 0 | 0 | 0 | 0 | 0 | 0 | 0 | 0 | 0 | 0 | 0 | 0 | 0 | 0 | 0 | 0 | 0 | 0 | 5< | 128 ]
[ >125 | 0 | 0 | 0 | 0 | 0 | 0 | 0 | 0 | 0 | 0 | 0 | 0 | 0 | 0 | 0 | 0 | 0 | 0 | 0 | 0 | 4< | 128 ]
[ >124 | 0 | 0 | 0 | 0 | 0 | 0 | 0 | 0 | 0 | 0 | 0 | 0 | 0 | 0 | 0 | 0 | 0 | 0 | 0 | 0 | 4< | 128 ]
[ >124 | 0 | 0 | 0 | 0 | 0 | 0 | 0 | 0 | 0 | 0 | 0 | 0 | 0 | 0 | 0 | 0 | 0 | 0 | 0 | 0 | 4< | 128 ]
[ >123 | 0 | 0 | 0 | 0 | 0 | 0 | 0 | 0 | 0 | 0 | 0 | 0 | 0 | 0 | 0 | 0 | 0 | 0 | 0 | 0< | 4 | 128 ]
[ >123 | 0 | 0 | 0 | 0 | 0 | 0 | 0 | 0 | 0 | 0 | 0 | 0 | 0 | 0 | 0 | 0 | 0 | 0 | 0 | 0< | 4 | 128 ]
[ >122 | 0 | 0 | 0 | 0 | 0 | 0 | 0 | 0 | 0 | 0 | 0 | 0 | 0 | 0 | 0 | 0 | 0 | 0 | 0 | 0< | 4 | 128 ]
[ >122 | 0 | 0 | 0 | 0 | 0 | 0 | 0 | 0 | 0 | 0 | 0 | 0 | 0 | 0 | 0 | 0 | 0 | 0 | 0 | 0< | 4 | 128 ]
[ >121 | 0 | 0 | 0 | 0 | 0 | 0 | 0 | 0 | 0 | 0 | 0 | 0 | 0 | 0 | 0 | 0 | 0 | 0 | 0< | 0 | 4 | 128 ]
[ >121 | 0 | 0 | 0 | 0 | 0 | 0 | 0 | 0 | 0 | 0 | 0 | 0 | 0 | 0 | 0 | 0 | 0 | 0< | 0 | 0 | 4 | 128 ]
[ >120 | 0 | 0 | 0 | 0 | 0 | 0 | 0 | 0 | 0 | 0 | 0 | 0 | 0 | 0 | 0 | 0 | 0 | -1< | 0 | 0 | 4 | 128 ]
[ >120 | 0 | 0 | 0 | 0 | 0 | 0 | 0 | 0 | 0 | 0 | 0 | 0 | 0 | 0 | 0 | 0 | 0 | -1< | 0 | 0 | 4 | 128 ]
[ >119 | 0 | 0 | 0 | 0 | 0 | 0 | 0 | 0 | 0 | 0 | 0 | 0 | 0 | 0 | 0 | 0 | 0 | -1< | 0 | 0 | 4 | 128 ]
[ >119 | 0 | 0 | 0 | 0 | 0 | 0 | 0 | 0 | 0 | 0 | 0 | 0 | 0 | 0 | 0 | 0 | 0< | -1 | 0 | 0 | 4 | 128 ]
[ >118 | 0 | 0 | 0 | 0 | 0 | 0 | 0 | 0 | 0 | 0 | 0 | 0 | 0 | 0 | 0 | 0 | 0< | -1 | 0 | 0 | 4 | 128 ]
[ >118 | 0 | 0 | 0 | 0 | 0 | 0 | 0 | 0 | 0 | 0 | 0 | 0 | 0 | 0 | 0 | 0 | 0< | -1 | 0 | 0 | 4 | 128 ]
[ >117 | 0 | 0 | 0 | 0 | 0 | 0 | 0 | 0 | 0 | 0 | 0 | 0 | 0 | 0 | 0 | 0 | 0< | -1 | 0 | 0 | 4 | 128 ]
[ >117 | 0 | 0 | 0 | 0 | 0 | 0 | 0 | 0 | 0 | 0 | 0 | 0 | 0 | 0 | 0 | 0< | 0 | -1 | 0 | 0 | 4 | 128 ]
[ >116 | 0 | 0 | 0 | 0 | 0 | 0 | 0 | 0 | 0 | 0 | 0 | 0 | 0 | 0 | 0< | 0 | 0 | -1 | 0 | 0 | 4 | 128 ]
[ >116 | 0 | 0 | 0 | 0 | 0 | 0 | 0 | 0 | 0 | 0 | 0 | 0 | 0 | 0 | -1< | 0 | 0 | -1 | 0 | 0 | 4 | 128 ]
[ >115 | 0 | 0 | 0 | 0 | 0 | 0 | 0 | 0 | 0 | 0 | 0 | 0 | 0 | 0 | -1< | 0 | 0 | -1 | 0 | 0 | 4 | 128 ]
[ >115 | 0 | 0 | 0 | 0 | 0 | 0 | 0 | 0 | 0 | 0 | 0 | 0 | 0 | 0 | -1< | 0 | 0 | -1 | 0 | 0 | 4 | 128 ]
[ >114 | 0 | 0 | 0 | 0 | 0 | 0 | 0 | 0 | 0 | 0 | 0 | 0 | 0 | 0< | -1 | 0 | 0 | -1 | 0 | 0 | 4 | 128 ]
[ >114 | 0 | 0 | 0 | 0 | 0 | 0 | 0 | 0 | 0 | 0 | 0 | 0 | 0 | 0< | -1 | 0 | 0 | -1 | 0 | 0 | 4 | 128 ]
[ >113 | 0 | 0 | 0 | 0 | 0 | 0 | 0 | 0 | 0 | 0 | 0 | 0 | 0 | 0< | -1 | 0 | 0 | -1 | 0 | 0 | 4 | 128 ]
[ >113 | 0 | 0 | 0 | 0 | 0 | 0 | 0 | 0 | 0 | 0 | 0 | 0 | 0 | 0< | -1 | 0 | 0 | -1 | 0 | 0 | 4 | 128 ]
[ >112 | 0 | 0 | 0 | 0 | 0 | 0 | 0 | 0 | 0 | 0 | 0 | 0 | 0< | 0 | -1 | 0 | 0 | -1 | 0 | 0 | 4 | 128 ]
[ >112 | 0 | 0 | 0 | 0 | 0 | 0 | 0 | 0 | 0 | 0 | 0 | 0< | 0 | 0 | -1 | 0 | 0 | -1 | 0 | 0 | 4 | 128 ]
[ >111 | 0 | 0 | 0 | 0 | 0 | 0 | 0 | 0 | 0 | 0 | 0 | -1< | 0 | 0 | -1 | 0 | 0 | -1 | 0 | 0 | 4 | 128 ]
[ >111 | 0 | 0 | 0 | 0 | 0 | 0 | 0 | 0 | 0 | 0 | 0 | -1< | 0 | 0 | -1 | 0 | 0 | -1 | 0 | 0 | 4 | 128 ]
[ >110 | 0 | 0 | 0 | 0 | 0 | 0 | 0 | 0 | 0 | 0 | 0 | -1< | 0 | 0 | -1 | 0 | 0 | -1 | 0 | 0 | 4 | 128 ]
[ >110 | 0 | 0 | 0 | 0 | 0 | 0 | 0 | 0 | 0 | 0 | 0< | -1 | 0 | 0 | -1 | 0 | 0 | -1 | 0 | 0 | 4 | 128 ]
[ >109 | 0 | 0 | 0 | 0 | 0 | 0 | 0 | 0 | 0 | 0 | 0< | -1 | 0 | 0 | -1 | 0 | 0 | -1 | 0 | 0 | 4 | 128 ]
[ >109 | 0 | 0 | 0 | 0 | 0 | 0 | 0 | 0 | 0 | 0 | 0< | -1 | 0 | 0 | -1 | 0 | 0 | -1 | 0 | 0 | 4 | 128 ]
[ >108 | 0 | 0 | 0 | 0 | 0 | 0 | 0 | 0 | 0 | 0 | 0< | -1 | 0 | 0 | -1 | 0 | 0 | -1 | 0 | 0 | 4 | 128 ]
[ >108 | 0 | 0 | 0 | 0 | 0 | 0 | 0 | 0 | 0 | 0< | 0 | -1 | 0 | 0 | -1 | 0 | 0 | -1 | 0 | 0 | 4 | 128 ]
[ >107 | 0 | 0 | 0 | 0 | 0 | 0 | 0 | 0 | 0< | 0 | 0 | -1 | 0 | 0 | -1 | 0 | 0 | -1 | 0 | 0 | 4 | 128 ]
[ >107 | 0 | 0 | 0 | 0 | 0 | 0 | 0 | 0 | -1< | 0 | 0 | -1 | 0 | 0 | -1 | 0 | 0 | -1 | 0 | 0 | 4 | 128 ]
[ >106 | 0 | 0 | 0 | 0 | 0 | 0 | 0 | 0 | -1< | 0 | 0 | -1 | 0 | 0 | -1 | 0 | 0 | -1 | 0 | 0 | 4 | 128 ]
[ >106 | 0 | 0 | 0 | 0 | 0 | 0 | 0 | 0 | -1< | 0 | 0 | -1 | 0 | 0 | -1 | 0 | 0 | -1 | 0 | 0 | 4 | 128 ]
[ >105 | 0 | 0 | 0 | 0 | 0 | 0 | 0 | 0< | -1 | 0 | 0 | -1 | 0 | 0 | -1 | 0 | 0 | -1 | 0 | 0 | 4 | 128 ]
[ >105 | 0 | 0 | 0 | 0 | 0 | 0 | 0 | 0< | -1 | 0 | 0 | -1 | 0 | 0 | -1 | 0 | 0 | -1 | 0 | 0 | 4 | 128 ]
[ >104 | 0 | 0 | 0 | 0 | 0 | 0 | 0 | 0< | -1 | 0 | 0 | -1 | 0 | 0 | -1 | 0 | 0 | -1 | 0 | 0 | 4 | 128 ]
[ >104 | 0 | 0 | 0 | 0 | 0 | 0 | 0 | 0< | -1 | 0 | 0 | -1 | 0 | 0 | -1 | 0 | 0 | -1 | 0 | 0 | 4 | 128 ]
[ >103 | 0 | 0 | 0 | 0 | 0 | 0 | 0< | 0 | -1 | 0 | 0 | -1 | 0 | 0 | -1 | 0 | 0 | -1 | 0 | 0 | 4 | 128 ]
[ >103 | 0 | 0 | 0 | 0 | 0 | 0< | 0 | 0 | -1 | 0 | 0 | -1 | 0 | 0 | -1 | 0 | 0 | -1 | 0 | 0 | 4 | 128 ]
[ >102 | 0 | 0 | 0 | 0 | 0 | -1< | 0 | 0 | -1 | 0 | 0 | -1 | 0 | 0 | -1 | 0 | 0 | -1 | 0 | 0 | 4 | 128 ]
[ >102 | 0 | 0 | 0 | 0 | 0 | -1< | 0 | 0 | -1 | 0 | 0 | -1 | 0 | 0 | -1 | 0 | 0 | -1 | 0 | 0 | 4 | 128 ]
[ >101 | 0 | 0 | 0 | 0 | 0 | -1< | 0 | 0 | -1 | 0 | 0 | -1 | 0 | 0 | -1 | 0 | 0 | -1 | 0 | 0 | 4 | 128 ]
[ >101 | 0 | 0 | 0 | 0 | 0< | -1 | 0 | 0 | -1 | 0 | 0 | -1 | 0 | 0 | -1 | 0 | 0 | -1 | 0 | 0 | 4 | 128 ]
[ >100 | 0 | 0 | 0 | 0 | 0< | -1 | 0 | 0 | -1 | 0 | 0 | -1 | 0 | 0 | -1 | 0 | 0 | -1 | 0 | 0 | 4 | 128 ]
[ >100 | 0 | 0 | 0 | 0 | 0< | -1 | 0 | 0 | -1 | 0 | 0 | -1 | 0 | 0 | -1 | 0 | 0 | -1 | 0 | 0 | 4 | 128 ]
[ >99 | 0 | 0 | 0 | 0 | 0< | -1 | 0 | 0 | -1 | 0 | 0 | -1 | 0 | 0 | -1 | 0 | 0 | -1 | 0 | 0 | 4 | 128 ]
[ >99 | 0 | 0 | 0 | 0< | 0 | -1 | 0 | 0 | -1 | 0 | 0 | -1 | 0 | 0 | -1 | 0 | 0 | -1 | 0 | 0 | 4 | 128 ]
[ >98 | 0 | 0 | 0< | 0 | 0 | -1 | 0 | 0 | -1 | 0 | 0 | -1 | 0 | 0 | -1 | 0 | 0 | -1 | 0 | 0 | 4 | 128 ]
[ >98 | 0 | 0 | -1< | 0 | 0 | -1 | 0 | 0 | -1 | 0 | 0 | -1 | 0 | 0 | -1 | 0 | 0 | -1 | 0 | 0 | 4 | 128 ]
[ >97 | 0 | 0 | -1< | 0 | 0 | -1 | 0 | 0 | -1 | 0 | 0 | -1 | 0 | 0 | -1 | 0 | 0 | -1 | 0 | 0 | 4 | 128 ]
[ >97 | 0 | 0 | -1< | 0 | 0 | -1 | 0 | 0 | -1 | 0 | 0 | -1 | 0 | 0 | -1 | 0 | 0 | -1 | 0 | 0 | 4 | 128 ]
[ >96 | 0 | 0< | -1 | 0 | 0 | -1 | 0 | 0 | -1 | 0 | 0 | -1 | 0 | 0 | -1 | 0 | 0 | -1 | 0 | 0 | 4 | 128 ]
[ >96 | 0 | 0< | -1 | 0 | 0 | -1 | 0 | 0 | -1 | 0 | 0 | -1 | 0 | 0 | -1 | 0 | 0 | -1 | 0 | 0 | 4 | 128 ]
[ >95 | 0 | 0< | -1 | 0 | 0 | -1 | 0 | 0 | -1 | 0 | 0 | -1 | 0 | 0 | -1 | 0 | 0 | -1 | 0 | 0 | 4 | 128 ]
[ >95 | 0 | 0< | -1 | 0 | 0 | -1 | 0 | 0 | -1 | 0 | 0 | -1 | 0 | 0 | -1 | 0 | 0 | -1 | 0 | 0 | 4 | 128 ]
[ >94 | 0< | 0 | -1 | 0 | 0 | -1 | 0 | 0 | -1 | 0 | 0 | -1 | 0 | 0 | -1 | 0 | 0 | -1 | 0 | 0 | 4 | 128 ]
[ >94< | 0 | 0 | -1 | 0 | 0 | -1 | 0 | 0 | -1 | 0 | 0 | -1 | 0 | 0 | -1 | 0 | 0 | -1 | 0 | 0 | 4 | 128 ]
[ >92< | 0 | 0 | -1 | 0 | 0 | -1 | 0 | 0 | -1 | 0 | 0 | -1 | 0 | 0 | -1 | 0 | 0 | -1 | 0 | 0 | 4 | 128 ]
[ >92< | 0 | 0 | -1 | 0 | 0 | -1 | 0 | 0 | -1 | 0 | 0 | -1 | 0 | 0 | -1 | 0 | 0 | -1 | 0 | 0 | 4 | 128 ]
[ >91< | 0 | 0 | -1 | 0 | 0 | -1 | 0 | 0 | -1 | 0 | 0 | -1 | 0 | 0 | -1 | 0 | 0 | -1 | 0 | 0 | 4 | 128 ]
[ >91 | 0 | 0 | -1 | 0 | 0 | -1 | 0 | 0 | -1 | 0 | 0 | -1 | 0 | 0 | -1 | 0 | 0 | -1 | 0 | 0 | 4 | 128< ]

===== Dumberbot won the battle after 73 cycles =====



===== Starting battle of <Dumberbot> vs <PrussianRoulette> with memory tape size: 15 =====

[ >128 | 0 | 0 | 0 | 0 | 0 | 0 | 0 | 0 | 0 | 0 | 0 | 0 | 0 | 128< ]
[ >128 | 0 | 0 | 0 | 0 | 0 | 0 | 0 | 0 | 0 | 0 | 0 | 0 | 0< | 128 ]
[ >127 | 0 | 0 | 0 | 0 | 0 | 0 | 0 | 0 | 0 | 0 | 0 | 0 | 1< | 128 ]
[ >127 | 0 | 0 | 0 | 0 | 0 | 0 | 0 | 0 | 0 | 0 | 0 | 0 | 2< | 128 ]
[ >126 | 0 | 0 | 0 | 0 | 0 | 0 | 0 | 0 | 0 | 0 | 0 | 0 | 3< | 128 ]
[ >126 | 0 | 0 | 0 | 0 | 0 | 0 | 0 | 0 | 0 | 0 | 0 | 0 | 4< | 128 ]
[ >125 | 0 | 0 | 0 | 0 | 0 | 0 | 0 | 0 | 0 | 0 | 0 | 0 | 5< | 128 ]
[ >125 | 0 | 0 | 0 | 0 | 0 | 0 | 0 | 0 | 0 | 0 | 0 | 0 | 4< | 128 ]
[ >124 | 0 | 0 | 0 | 0 | 0 | 0 | 0 | 0 | 0 | 0 | 0 | 0 | 4< | 128 ]
[ >124 | 0 | 0 | 0 | 0 | 0 | 0 | 0 | 0 | 0 | 0 | 0 | 0 | 4< | 128 ]
[ >123 | 0 | 0 | 0 | 0 | 0 | 0 | 0 | 0 | 0 | 0 | 0 | 0< | 4 | 128 ]
[ >123 | 0 | 0 | 0 | 0 | 0 | 0 | 0 | 0 | 0 | 0 | 0 | 0< | 4 | 128 ]
[ >122 | 0 | 0 | 0 | 0 | 0 | 0 | 0 | 0 | 0 | 0 | 0 | 0< | 4 | 128 ]
[ >122 | 0 | 0 | 0 | 0 | 0 | 0 | 0 | 0 | 0 | 0 | 0 | 0< | 4 | 128 ]
[ >121 | 0 | 0 | 0 | 0 | 0 | 0 | 0 | 0 | 0 | 0 | 0< | 0 | 4 | 128 ]
[ >121 | 0 | 0 | 0 | 0 | 0 | 0 | 0 | 0 | 0 | 0< | 0 | 0 | 4 | 128 ]
[ >120 | 0 | 0 | 0 | 0 | 0 | 0 | 0 | 0 | 0 | -1< | 0 | 0 | 4 | 128 ]
[ >120 | 0 | 0 | 0 | 0 | 0 | 0 | 0 | 0 | 0 | -1< | 0 | 0 | 4 | 128 ]
[ >119 | 0 | 0 | 0 | 0 | 0 | 0 | 0 | 0 | 0 | -1< | 0 | 0 | 4 | 128 ]
[ >119 | 0 | 0 | 0 | 0 | 0 | 0 | 0 | 0 | 0< | -1 | 0 | 0 | 4 | 128 ]
[ >118 | 0 | 0 | 0 | 0 | 0 | 0 | 0 | 0 | 0< | -1 | 0 | 0 | 4 | 128 ]
[ >118 | 0 | 0 | 0 | 0 | 0 | 0 | 0 | 0 | 0< | -1 | 0 | 0 | 4 | 128 ]
[ >117 | 0 | 0 | 0 | 0 | 0 | 0 | 0 | 0 | 0< | -1 | 0 | 0 | 4 | 128 ]
[ >117 | 0 | 0 | 0 | 0 | 0 | 0 | 0 | 0< | 0 | -1 | 0 | 0 | 4 | 128 ]
[ >116 | 0 | 0 | 0 | 0 | 0 | 0 | 0< | 0 | 0 | -1 | 0 | 0 | 4 | 128 ]
[ >116 | 0 | 0 | 0 | 0 | 0 | 0 | -1< | 0 | 0 | -1 | 0 | 0 | 4 | 128 ]
[ >115 | 0 | 0 | 0 | 0 | 0 | 0 | -1< | 0 | 0 | -1 | 0 | 0 | 4 | 128 ]
[ >115 | 0 | 0 | 0 | 0 | 0 | 0 | -1< | 0 | 0 | -1 | 0 | 0 | 4 | 128 ]
[ >114 | 0 | 0 | 0 | 0 | 0 | 0< | -1 | 0 | 0 | -1 | 0 | 0 | 4 | 128 ]
[ >114 | 0 | 0 | 0 | 0 | 0 | 0< | -1 | 0 | 0 | -1 | 0 | 0 | 4 | 128 ]
[ >113 | 0 | 0 | 0 | 0 | 0 | 0< | -1 | 0 | 0 | -1 | 0 | 0 | 4 | 128 ]
[ >113 | 0 | 0 | 0 | 0 | 0 | 0< | -1 | 0 | 0 | -1 | 0 | 0 | 4 | 128 ]
[ >112 | 0 | 0 | 0 | 0 | 0< | 0 | -1 | 0 | 0 | -1 | 0 | 0 | 4 | 128 ]
[ >112 | 0 | 0 | 0 | 0< | 0 | 0 | -1 | 0 | 0 | -1 | 0 | 0 | 4 | 128 ]
[ >111 | 0 | 0 | 0 | -1< | 0 | 0 | -1 | 0 | 0 | -1 | 0 | 0 | 4 | 128 ]
[ >111 | 0 | 0 | 0 | -1< | 0 | 0 | -1 | 0 | 0 | -1 | 0 | 0 | 4 | 128 ]
[ >110 | 0 | 0 | 0 | -1< | 0 | 0 | -1 | 0 | 0 | -1 | 0 | 0 | 4 | 128 ]
[ >110 | 0 | 0 | 0< | -1 | 0 | 0 | -1 | 0 | 0 | -1 | 0 | 0 | 4 | 128 ]
[ >109 | 0 | 0 | 0< | -1 | 0 | 0 | -1 | 0 | 0 | -1 | 0 | 0 | 4 | 128 ]
[ >109 | 0 | 0 | 0< | -1 | 0 | 0 | -1 | 0 | 0 | -1 | 0 | 0 | 4 | 128 ]
[ >108 | 0 | 0 | 0< | -1 | 0 | 0 | -1 | 0 | 0 | -1 | 0 | 0 | 4 | 128 ]
[ >108 | 0 | 0< | 0 | -1 | 0 | 0 | -1 | 0 | 0 | -1 | 0 | 0 | 4 | 128 ]
[ >107 | 0< | 0 | 0 | -1 | 0 | 0 | -1 | 0 | 0 | -1 | 0 | 0 | 4 | 128 ]
[ >107 | -1< | 0 | 0 | -1 | 0 | 0 | -1 | 0 | 0 | -1 | 0 | 0 | 4 | 128 ]
[ >106 | -1< | 0 | 0 | -1 | 0 | 0 | -1 | 0 | 0 | -1 | 0 | 0 | 4 | 128 ]
[ >106 | -1< | 0 | 0 | -1 | 0 | 0 | -1 | 0 | 0 | -1 | 0 | 0 | 4 | 128 ]
[ >105< | -1 | 0 | 0 | -1 | 0 | 0 | -1 | 0 | 0 | -1 | 0 | 0 | 4 | 128 ]
[ >105< | -1 | 0 | 0 | -1 | 0 | 0 | -1 | 0 | 0 | -1 | 0 | 0 | 4 | 128 ]
[ >104< | -1 | 0 | 0 | -1 | 0 | 0 | -1 | 0 | 0 | -1 | 0 | 0 | 4 | 128 ]
[ >104 | -1 | 0 | 0 | -1 | 0 | 0 | -1 | 0 | 0 | -1 | 0 | 0 | 4 | 128< ]

===== Dumberbot won the battle after 49 cycles =====



===== Starting battle of <Dumberbot> vs <PrussianRoulette> with memory tape size: 23 =====

[ >128 | 0 | 0 | 0 | 0 | 0 | 0 | 0 | 0 | 0 | 0 | 0 | 0 | 0 | 0 | 0 | 0 | 0 | 0 | 0 | 0 | 0 | 128< ]
[ >128 | 0 | 0 | 0 | 0 | 0 | 0 | 0 | 0 | 0 | 0 | 0 | 0 | 0 | 0 | 0 | 0 | 0 | 0 | 0 | 0 | 0< | 128 ]
[ >127 | 0 | 0 | 0 | 0 | 0 | 0 | 0 | 0 | 0 | 0 | 0 | 0 | 0 | 0 | 0 | 0 | 0 | 0 | 0 | 0 | 1< | 128 ]
[ >127 | 0 | 0 | 0 | 0 | 0 | 0 | 0 | 0 | 0 | 0 | 0 | 0 | 0 | 0 | 0 | 0 | 0 | 0 | 0 | 0 | 2< | 128 ]
[ >126 | 0 | 0 | 0 | 0 | 0 | 0 | 0 | 0 | 0 | 0 | 0 | 0 | 0 | 0 | 0 | 0 | 0 | 0 | 0 | 0 | 3< | 128 ]
[ >126 | 0 | 0 | 0 | 0 | 0 | 0 | 0 | 0 | 0 | 0 | 0 | 0 | 0 | 0 | 0 | 0 | 0 | 0 | 0 | 0 | 4< | 128 ]
[ >125 | 0 | 0 | 0 | 0 | 0 | 0 | 0 | 0 | 0 | 0 | 0 | 0 | 0 | 0 | 0 | 0 | 0 | 0 | 0 | 0 | 5< | 128 ]
[ >125 | 0 | 0 | 0 | 0 | 0 | 0 | 0 | 0 | 0 | 0 | 0 | 0 | 0 | 0 | 0 | 0 | 0 | 0 | 0 | 0 | 4< | 128 ]
[ >124 | 0 | 0 | 0 | 0 | 0 | 0 | 0 | 0 | 0 | 0 | 0 | 0 | 0 | 0 | 0 | 0 | 0 | 0 | 0 | 0 | 4< | 128 ]
[ >124 | 0 | 0 | 0 | 0 | 0 | 0 | 0 | 0 | 0 | 0 | 0 | 0 | 0 | 0 | 0 | 0 | 0 | 0 | 0 | 0 | 4< | 128 ]
[ >123 | 0 | 0 | 0 | 0 | 0 | 0 | 0 | 0 | 0 | 0 | 0 | 0 | 0 | 0 | 0 | 0 | 0 | 0 | 0 | 0< | 4 | 128 ]
[ >123 | 0 | 0 | 0 | 0 | 0 | 0 | 0 | 0 | 0 | 0 | 0 | 0 | 0 | 0 | 0 | 0 | 0 | 0 | 0 | 0< | 4 | 128 ]
[ >122 | 0 | 0 | 0 | 0 | 0 | 0 | 0 | 0 | 0 | 0 | 0 | 0 | 0 | 0 | 0 | 0 | 0 | 0 | 0 | 0< | 4 | 128 ]
[ >122 | 0 | 0 | 0 | 0 | 0 | 0 | 0 | 0 | 0 | 0 | 0 | 0 | 0 | 0 | 0 | 0 | 0 | 0 | 0 | 0< | 4 | 128 ]
[ >121 | 0 | 0 | 0 | 0 | 0 | 0 | 0 | 0 | 0 | 0 | 0 | 0 | 0 | 0 | 0 | 0 | 0 | 0 | 0< | 0 | 4 | 128 ]
[ >121 | 0 | 0 | 0 | 0 | 0 | 0 | 0 | 0 | 0 | 0 | 0 | 0 | 0 | 0 | 0 | 0 | 0 | 0< | 0 | 0 | 4 | 128 ]
[ >120 | 0 | 0 | 0 | 0 | 0 | 0 | 0 | 0 | 0 | 0 | 0 | 0 | 0 | 0 | 0 | 0 | 0 | -1< | 0 | 0 | 4 | 128 ]
[ >120 | 0 | 0 | 0 | 0 | 0 | 0 | 0 | 0 | 0 | 0 | 0 | 0 | 0 | 0 | 0 | 0 | 0 | -1< | 0 | 0 | 4 | 128 ]
[ >119 | 0 | 0 | 0 | 0 | 0 | 0 | 0 | 0 | 0 | 0 | 0 | 0 | 0 | 0 | 0 | 0 | 0 | -1< | 0 | 0 | 4 | 128 ]
[ >119 | 0 | 0 | 0 | 0 | 0 | 0 | 0 | 0 | 0 | 0 | 0 | 0 | 0 | 0 | 0 | 0 | 0< | -1 | 0 | 0 | 4 | 128 ]
[ >118 | 0 | 0 | 0 | 0 | 0 | 0 | 0 | 0 | 0 | 0 | 0 | 0 | 0 | 0 | 0 | 0 | 0< | -1 | 0 | 0 | 4 | 128 ]
[ >118 | 0 | 0 | 0 | 0 | 0 | 0 | 0 | 0 | 0 | 0 | 0 | 0 | 0 | 0 | 0 | 0 | 0< | -1 | 0 | 0 | 4 | 128 ]
[ >117 | 0 | 0 | 0 | 0 | 0 | 0 | 0 | 0 | 0 | 0 | 0 | 0 | 0 | 0 | 0 | 0 | 0< | -1 | 0 | 0 | 4 | 128 ]
[ >117 | 0 | 0 | 0 | 0 | 0 | 0 | 0 | 0 | 0 | 0 | 0 | 0 | 0 | 0 | 0 | 0< | 0 | -1 | 0 | 0 | 4 | 128 ]
[ >116 | 0 | 0 | 0 | 0 | 0 | 0 | 0 | 0 | 0 | 0 | 0 | 0 | 0 | 0 | 0< | 0 | 0 | -1 | 0 | 0 | 4 | 128 ]
[ >116 | 0 | 0 | 0 | 0 | 0 | 0 | 0 | 0 | 0 | 0 | 0 | 0 | 0 | 0 | -1< | 0 | 0 | -1 | 0 | 0 | 4 | 128 ]
[ >115 | 0 | 0 | 0 | 0 | 0 | 0 | 0 | 0 | 0 | 0 | 0 | 0 | 0 | 0 | -1< | 0 | 0 | -1 | 0 | 0 | 4 | 128 ]
[ >115 | 0 | 0 | 0 | 0 | 0 | 0 | 0 | 0 | 0 | 0 | 0 | 0 | 0 | 0 | -1< | 0 | 0 | -1 | 0 | 0 | 4 | 128 ]
[ >114 | 0 | 0 | 0 | 0 | 0 | 0 | 0 | 0 | 0 | 0 | 0 | 0 | 0 | 0< | -1 | 0 | 0 | -1 | 0 | 0 | 4 | 128 ]
[ >114 | 0 | 0 | 0 | 0 | 0 | 0 | 0 | 0 | 0 | 0 | 0 | 0 | 0 | 0< | -1 | 0 | 0 | -1 | 0 | 0 | 4 | 128 ]
[ >113 | 0 | 0 | 0 | 0 | 0 | 0 | 0 | 0 | 0 | 0 | 0 | 0 | 0 | 0< | -1 | 0 | 0 | -1 | 0 | 0 | 4 | 128 ]
[ >113 | 0 | 0 | 0 | 0 | 0 | 0 | 0 | 0 | 0 | 0 | 0 | 0 | 0 | 0< | -1 | 0 | 0 | -1 | 0 | 0 | 4 | 128 ]
[ >112 | 0 | 0 | 0 | 0 | 0 | 0 | 0 | 0 | 0 | 0 | 0 | 0 | 0< | 0 | -1 | 0 | 0 | -1 | 0 | 0 | 4 | 128 ]
[ >112 | 0 | 0 | 0 | 0 | 0 | 0 | 0 | 0 | 0 | 0 | 0 | 0< | 0 | 0 | -1 | 0 | 0 | -1 | 0 | 0 | 4 | 128 ]
[ >111 | 0 | 0 | 0 | 0 | 0 | 0 | 0 | 0 | 0 | 0 | 0 | -1< | 0 | 0 | -1 | 0 | 0 | -1 | 0 | 0 | 4 | 128 ]
[ >111 | 0 | 0 | 0 | 0 | 0 | 0 | 0 | 0 | 0 | 0 | 0 | -1< | 0 | 0 | -1 | 0 | 0 | -1 | 0 | 0 | 4 | 128 ]
[ >110 | 0 | 0 | 0 | 0 | 0 | 0 | 0 | 0 | 0 | 0 | 0 | -1< | 0 | 0 | -1 | 0 | 0 | -1 | 0 | 0 | 4 | 128 ]
[ >110 | 0 | 0 | 0 | 0 | 0 | 0 | 0 | 0 | 0 | 0 | 0< | -1 | 0 | 0 | -1 | 0 | 0 | -1 | 0 | 0 | 4 | 128 ]
[ >109 | 0 | 0 | 0 | 0 | 0 | 0 | 0 | 0 | 0 | 0 | 0< | -1 | 0 | 0 | -1 | 0 | 0 | -1 | 0 | 0 | 4 | 128 ]
[ >109 | 0 | 0 | 0 | 0 | 0 | 0 | 0 | 0 | 0 | 0 | 0< | -1 | 0 | 0 | -1 | 0 | 0 | -1 | 0 | 0 | 4 | 128 ]
[ >108 | 0 | 0 | 0 | 0 | 0 | 0 | 0 | 0 | 0 | 0 | 0< | -1 | 0 | 0 | -1 | 0 | 0 | -1 | 0 | 0 | 4 | 128 ]
[ >108 | 0 | 0 | 0 | 0 | 0 | 0 | 0 | 0 | 0 | 0< | 0 | -1 | 0 | 0 | -1 | 0 | 0 | -1 | 0 | 0 | 4 | 128 ]
[ >107 | 0 | 0 | 0 | 0 | 0 | 0 | 0 | 0 | 0< | 0 | 0 | -1 | 0 | 0 | -1 | 0 | 0 | -1 | 0 | 0 | 4 | 128 ]
[ >107 | 0 | 0 | 0 | 0 | 0 | 0 | 0 | 0 | -1< | 0 | 0 | -1 | 0 | 0 | -1 | 0 | 0 | -1 | 0 | 0 | 4 | 128 ]
[ >106 | 0 | 0 | 0 | 0 | 0 | 0 | 0 | 0 | -1< | 0 | 0 | -1 | 0 | 0 | -1 | 0 | 0 | -1 | 0 | 0 | 4 | 128 ]
[ >106 | 0 | 0 | 0 | 0 | 0 | 0 | 0 | 0 | -1< | 0 | 0 | -1 | 0 | 0 | -1 | 0 | 0 | -1 | 0 | 0 | 4 | 128 ]
[ >105 | 0 | 0 | 0 | 0 | 0 | 0 | 0 | 0< | -1 | 0 | 0 | -1 | 0 | 0 | -1 | 0 | 0 | -1 | 0 | 0 | 4 | 128 ]
[ >105 | 0 | 0 | 0 | 0 | 0 | 0 | 0 | 0< | -1 | 0 | 0 | -1 | 0 | 0 | -1 | 0 | 0 | -1 | 0 | 0 | 4 | 128 ]
[ >104 | 0 | 0 | 0 | 0 | 0 | 0 | 0 | 0< | -1 | 0 | 0 | -1 | 0 | 0 | -1 | 0 | 0 | -1 | 0 | 0 | 4 | 128 ]
[ >104 | 0 | 0 | 0 | 0 | 0 | 0 | 0 | 0< | -1 | 0 | 0 | -1 | 0 | 0 | -1 | 0 | 0 | -1 | 0 | 0 | 4 | 128 ]
[ >103 | 0 | 0 | 0 | 0 | 0 | 0 | 0< | 0 | -1 | 0 | 0 | -1 | 0 | 0 | -1 | 0 | 0 | -1 | 0 | 0 | 4 | 128 ]
[ >103 | 0 | 0 | 0 | 0 | 0 | 0< | 0 | 0 | -1 | 0 | 0 | -1 | 0 | 0 | -1 | 0 | 0 | -1 | 0 | 0 | 4 | 128 ]
[ >102 | 0 | 0 | 0 | 0 | 0 | -1< | 0 | 0 | -1 | 0 | 0 | -1 | 0 | 0 | -1 | 0 | 0 | -1 | 0 | 0 | 4 | 128 ]
[ >102 | 0 | 0 | 0 | 0 | 0 | -1< | 0 | 0 | -1 | 0 | 0 | -1 | 0 | 0 | -1 | 0 | 0 | -1 | 0 | 0 | 4 | 128 ]
[ >101 | 0 | 0 | 0 | 0 | 0 | -1< | 0 | 0 | -1 | 0 | 0 | -1 | 0 | 0 | -1 | 0 | 0 | -1 | 0 | 0 | 4 | 128 ]
[ >101 | 0 | 0 | 0 | 0 | 0< | -1 | 0 | 0 | -1 | 0 | 0 | -1 | 0 | 0 | -1 | 0 | 0 | -1 | 0 | 0 | 4 | 128 ]
[ >100 | 0 | 0 | 0 | 0 | 0< | -1 | 0 | 0 | -1 | 0 | 0 | -1 | 0 | 0 | -1 | 0 | 0 | -1 | 0 | 0 | 4 | 128 ]
[ >100 | 0 | 0 | 0 | 0 | 0< | -1 | 0 | 0 | -1 | 0 | 0 | -1 | 0 | 0 | -1 | 0 | 0 | -1 | 0 | 0 | 4 | 128 ]
[ >99 | 0 | 0 | 0 | 0 | 0< | -1 | 0 | 0 | -1 | 0 | 0 | -1 | 0 | 0 | -1 | 0 | 0 | -1 | 0 | 0 | 4 | 128 ]
[ >99 | 0 | 0 | 0 | 0< | 0 | -1 | 0 | 0 | -1 | 0 | 0 | -1 | 0 | 0 | -1 | 0 | 0 | -1 | 0 | 0 | 4 | 128 ]
[ >98 | 0 | 0 | 0< | 0 | 0 | -1 | 0 | 0 | -1 | 0 | 0 | -1 | 0 | 0 | -1 | 0 | 0 | -1 | 0 | 0 | 4 | 128 ]
[ >98 | 0 | 0 | -1< | 0 | 0 | -1 | 0 | 0 | -1 | 0 | 0 | -1 | 0 | 0 | -1 | 0 | 0 | -1 | 0 | 0 | 4 | 128 ]
[ >97 | 0 | 0 | -1< | 0 | 0 | -1 | 0 | 0 | -1 | 0 | 0 | -1 | 0 | 0 | -1 | 0 | 0 | -1 | 0 | 0 | 4 | 128 ]
[ >97 | 0 | 0 | -1< | 0 | 0 | -1 | 0 | 0 | -1 | 0 | 0 | -1 | 0 | 0 | -1 | 0 | 0 | -1 | 0 | 0 | 4 | 128 ]
[ >96 | 0 | 0< | -1 | 0 | 0 | -1 | 0 | 0 | -1 | 0 | 0 | -1 | 0 | 0 | -1 | 0 | 0 | -1 | 0 | 0 | 4 | 128 ]
[ >96 | 0 | 0< | -1 | 0 | 0 | -1 | 0 | 0 | -1 | 0 | 0 | -1 | 0 | 0 | -1 | 0 | 0 | -1 | 0 | 0 | 4 | 128 ]
[ >95 | 0 | 0< | -1 | 0 | 0 | -1 | 0 | 0 | -1 | 0 | 0 | -1 | 0 | 0 | -1 | 0 | 0 | -1 | 0 | 0 | 4 | 128 ]
[ >95 | 0 | 0< | -1 | 0 | 0 | -1 | 0 | 0 | -1 | 0 | 0 | -1 | 0 | 0 | -1 | 0 | 0 | -1 | 0 | 0 | 4 | 128 ]
[ >94 | 0< | 0 | -1 | 0 | 0 | -1 | 0 | 0 | -1 | 0 | 0 | -1 | 0 | 0 | -1 | 0 | 0 | -1 | 0 | 0 | 4 | 128 ]
[ >94< | 0 | 0 | -1 | 0 | 0 | -1 | 0 | 0 | -1 | 0 | 0 | -1 | 0 | 0 | -1 | 0 | 0 | -1 | 0 | 0 | 4 | 128 ]
[ >92< | 0 | 0 | -1 | 0 | 0 | -1 | 0 | 0 | -1 | 0 | 0 | -1 | 0 | 0 | -1 | 0 | 0 | -1 | 0 | 0 | 4 | 128 ]
[ >92< | 0 | 0 | -1 | 0 | 0 | -1 | 0 | 0 | -1 | 0 | 0 | -1 | 0 | 0 | -1 | 0 | 0 | -1 | 0 | 0 | 4 | 128 ]
[ >91< | 0 | 0 | -1 | 0 | 0 | -1 | 0 | 0 | -1 | 0 | 0 | -1 | 0 | 0 | -1 | 0 | 0 | -1 | 0 | 0 | 4 | 128 ]
[ >91 | 0 | 0 | -1 | 0 | 0 | -1 | 0 | 0 | -1 | 0 | 0 | -1 | 0 | 0 | -1 | 0 | 0 | -1 | 0 | 0 | 4 | 128< ]

===== Dumberbot won the battle after 73 cycles =====



===== Starting battle of <Dumberbot> vs <PrussianRoulette> with memory tape size: 22 =====

[ >128 | 0 | 0 | 0 | 0 | 0 | 0 | 0 | 0 | 0 | 0 | 0 | 0 | 0 | 0 | 0 | 0 | 0 | 0 | 0 | 0 | 128< ]
[ >128 | 0 | 0 | 0 | 0 | 0 | 0 | 0 | 0 | 0 | 0 | 0 | 0 | 0 | 0 | 0 | 0 | 0 | 0 | 0 | 0< | 128 ]
[ >127 | 0 | 0 | 0 | 0 | 0 | 0 | 0 | 0 | 0 | 0 | 0 | 0 | 0 | 0 | 0 | 0 | 0 | 0 | 0 | 1< | 128 ]
[ >127 | 0 | 0 | 0 | 0 | 0 | 0 | 0 | 0 | 0 | 0 | 0 | 0 | 0 | 0 | 0 | 0 | 0 | 0 | 0 | 2< | 128 ]
[ >126 | 0 | 0 | 0 | 0 | 0 | 0 | 0 | 0 | 0 | 0 | 0 | 0 | 0 | 0 | 0 | 0 | 0 | 0 | 0 | 3< | 128 ]
[ >126 | 0 | 0 | 0 | 0 | 0 | 0 | 0 | 0 | 0 | 0 | 0 | 0 | 0 | 0 | 0 | 0 | 0 | 0 | 0 | 4< | 128 ]
[ >125 | 0 | 0 | 0 | 0 | 0 | 0 | 0 | 0 | 0 | 0 | 0 | 0 | 0 | 0 | 0 | 0 | 0 | 0 | 0 | 5< | 128 ]
[ >125 | 0 | 0 | 0 | 0 | 0 | 0 | 0 | 0 | 0 | 0 | 0 | 0 | 0 | 0 | 0 | 0 | 0 | 0 | 0 | 4< | 128 ]
[ >124 | 0 | 0 | 0 | 0 | 0 | 0 | 0 | 0 | 0 | 0 | 0 | 0 | 0 | 0 | 0 | 0 | 0 | 0 | 0 | 4< | 128 ]
[ >124 | 0 | 0 | 0 | 0 | 0 | 0 | 0 | 0 | 0 | 0 | 0 | 0 | 0 | 0 | 0 | 0 | 0 | 0 | 0 | 4< | 128 ]
[ >123 | 0 | 0 | 0 | 0 | 0 | 0 | 0 | 0 | 0 | 0 | 0 | 0 | 0 | 0 | 0 | 0 | 0 | 0 | 0< | 4 | 128 ]
[ >123 | 0 | 0 | 0 | 0 | 0 | 0 | 0 | 0 | 0 | 0 | 0 | 0 | 0 | 0 | 0 | 0 | 0 | 0 | 0< | 4 | 128 ]
[ >122 | 0 | 0 | 0 | 0 | 0 | 0 | 0 | 0 | 0 | 0 | 0 | 0 | 0 | 0 | 0 | 0 | 0 | 0 | 0< | 4 | 128 ]
[ >122 | 0 | 0 | 0 | 0 | 0 | 0 | 0 | 0 | 0 | 0 | 0 | 0 | 0 | 0 | 0 | 0 | 0 | 0 | 0< | 4 | 128 ]
[ >121 | 0 | 0 | 0 | 0 | 0 | 0 | 0 | 0 | 0 | 0 | 0 | 0 | 0 | 0 | 0 | 0 | 0 | 0< | 0 | 4 | 128 ]
[ >121 | 0 | 0 | 0 | 0 | 0 | 0 | 0 | 0 | 0 | 0 | 0 | 0 | 0 | 0 | 0 | 0 | 0< | 0 | 0 | 4 | 128 ]
[ >120 | 0 | 0 | 0 | 0 | 0 | 0 | 0 | 0 | 0 | 0 | 0 | 0 | 0 | 0 | 0 | 0 | -1< | 0 | 0 | 4 | 128 ]
[ >120 | 0 | 0 | 0 | 0 | 0 | 0 | 0 | 0 | 0 | 0 | 0 | 0 | 0 | 0 | 0 | 0 | -1< | 0 | 0 | 4 | 128 ]
[ >119 | 0 | 0 | 0 | 0 | 0 | 0 | 0 | 0 | 0 | 0 | 0 | 0 | 0 | 0 | 0 | 0 | -1< | 0 | 0 | 4 | 128 ]
[ >119 | 0 | 0 | 0 | 0 | 0 | 0 | 0 | 0 | 0 | 0 | 0 | 0 | 0 | 0 | 0 | 0< | -1 | 0 | 0 | 4 | 128 ]
[ >118 | 0 | 0 | 0 | 0 | 0 | 0 | 0 | 0 | 0 | 0 | 0 | 0 | 0 | 0 | 0 | 0< | -1 | 0 | 0 | 4 | 128 ]
[ >118 | 0 | 0 | 0 | 0 | 0 | 0 | 0 | 0 | 0 | 0 | 0 | 0 | 0 | 0 | 0 | 0< | -1 | 0 | 0 | 4 | 128 ]
[ >117 | 0 | 0 | 0 | 0 | 0 | 0 | 0 | 0 | 0 | 0 | 0 | 0 | 0 | 0 | 0 | 0< | -1 | 0 | 0 | 4 | 128 ]
[ >117 | 0 | 0 | 0 | 0 | 0 | 0 | 0 | 0 | 0 | 0 | 0 | 0 | 0 | 0 | 0< | 0 | -1 | 0 | 0 | 4 | 128 ]
[ >116 | 0 | 0 | 0 | 0 | 0 | 0 | 0 | 0 | 0 | 0 | 0 | 0 | 0 | 0< | 0 | 0 | -1 | 0 | 0 | 4 | 128 ]
[ >116 | 0 | 0 | 0 | 0 | 0 | 0 | 0 | 0 | 0 | 0 | 0 | 0 | 0 | -1< | 0 | 0 | -1 | 0 | 0 | 4 | 128 ]
[ >115 | 0 | 0 | 0 | 0 | 0 | 0 | 0 | 0 | 0 | 0 | 0 | 0 | 0 | -1< | 0 | 0 | -1 | 0 | 0 | 4 | 128 ]
[ >115 | 0 | 0 | 0 | 0 | 0 | 0 | 0 | 0 | 0 | 0 | 0 | 0 | 0 | -1< | 0 | 0 | -1 | 0 | 0 | 4 | 128 ]
[ >114 | 0 | 0 | 0 | 0 | 0 | 0 | 0 | 0 | 0 | 0 | 0 | 0 | 0< | -1 | 0 | 0 | -1 | 0 | 0 | 4 | 128 ]
[ >114 | 0 | 0 | 0 | 0 | 0 | 0 | 0 | 0 | 0 | 0 | 0 | 0 | 0< | -1 | 0 | 0 | -1 | 0 | 0 | 4 | 128 ]
[ >113 | 0 | 0 | 0 | 0 | 0 | 0 | 0 | 0 | 0 | 0 | 0 | 0 | 0< | -1 | 0 | 0 | -1 | 0 | 0 | 4 | 128 ]
[ >113 | 0 | 0 | 0 | 0 | 0 | 0 | 0 | 0 | 0 | 0 | 0 | 0 | 0< | -1 | 0 | 0 | -1 | 0 | 0 | 4 | 128 ]
[ >112 | 0 | 0 | 0 | 0 | 0 | 0 | 0 | 0 | 0 | 0 | 0 | 0< | 0 | -1 | 0 | 0 | -1 | 0 | 0 | 4 | 128 ]
[ >112 | 0 | 0 | 0 | 0 | 0 | 0 | 0 | 0 | 0 | 0 | 0< | 0 | 0 | -1 | 0 | 0 | -1 | 0 | 0 | 4 | 128 ]
[ >111 | 0 | 0 | 0 | 0 | 0 | 0 | 0 | 0 | 0 | 0 | -1< | 0 | 0 | -1 | 0 | 0 | -1 | 0 | 0 | 4 | 128 ]
[ >111 | 0 | 0 | 0 | 0 | 0 | 0 | 0 | 0 | 0 | 0 | -1< | 0 | 0 | -1 | 0 | 0 | -1 | 0 | 0 | 4 | 128 ]
[ >110 | 0 | 0 | 0 | 0 | 0 | 0 | 0 | 0 | 0 | 0 | -1< | 0 | 0 | -1 | 0 | 0 | -1 | 0 | 0 | 4 | 128 ]
[ >110 | 0 | 0 | 0 | 0 | 0 | 0 | 0 | 0 | 0 | 0< | -1 | 0 | 0 | -1 | 0 | 0 | -1 | 0 | 0 | 4 | 128 ]
[ >109 | 0 | 0 | 0 | 0 | 0 | 0 | 0 | 0 | 0 | 0< | -1 | 0 | 0 | -1 | 0 | 0 | -1 | 0 | 0 | 4 | 128 ]
[ >109 | 0 | 0 | 0 | 0 | 0 | 0 | 0 | 0 | 0 | 0< | -1 | 0 | 0 | -1 | 0 | 0 | -1 | 0 | 0 | 4 | 128 ]
[ >108 | 0 | 0 | 0 | 0 | 0 | 0 | 0 | 0 | 0 | 0< | -1 | 0 | 0 | -1 | 0 | 0 | -1 | 0 | 0 | 4 | 128 ]
[ >108 | 0 | 0 | 0 | 0 | 0 | 0 | 0 | 0 | 0< | 0 | -1 | 0 | 0 | -1 | 0 | 0 | -1 | 0 | 0 | 4 | 128 ]
[ >107 | 0 | 0 | 0 | 0 | 0 | 0 | 0 | 0< | 0 | 0 | -1 | 0 | 0 | -1 | 0 | 0 | -1 | 0 | 0 | 4 | 128 ]
[ >107 | 0 | 0 | 0 | 0 | 0 | 0 | 0 | -1< | 0 | 0 | -1 | 0 | 0 | -1 | 0 | 0 | -1 | 0 | 0 | 4 | 128 ]
[ >106 | 0 | 0 | 0 | 0 | 0 | 0 | 0 | -1< | 0 | 0 | -1 | 0 | 0 | -1 | 0 | 0 | -1 | 0 | 0 | 4 | 128 ]
[ >106 | 0 | 0 | 0 | 0 | 0 | 0 | 0 | -1< | 0 | 0 | -1 | 0 | 0 | -1 | 0 | 0 | -1 | 0 | 0 | 4 | 128 ]
[ >105 | 0 | 0 | 0 | 0 | 0 | 0 | 0< | -1 | 0 | 0 | -1 | 0 | 0 | -1 | 0 | 0 | -1 | 0 | 0 | 4 | 128 ]
[ >105 | 0 | 0 | 0 | 0 | 0 | 0 | 0< | -1 | 0 | 0 | -1 | 0 | 0 | -1 | 0 | 0 | -1 | 0 | 0 | 4 | 128 ]
[ >104 | 0 | 0 | 0 | 0 | 0 | 0 | 0< | -1 | 0 | 0 | -1 | 0 | 0 | -1 | 0 | 0 | -1 | 0 | 0 | 4 | 128 ]
[ >104 | 0 | 0 | 0 | 0 | 0 | 0 | 0< | -1 | 0 | 0 | -1 | 0 | 0 | -1 | 0 | 0 | -1 | 0 | 0 | 4 | 128 ]
[ >103 | 0 | 0 | 0 | 0 | 0 | 0< | 0 | -1 | 0 | 0 | -1 | 0 | 0 | -1 | 0 | 0 | -1 | 0 | 0 | 4 | 128 ]
[ >103 | 0 | 0 | 0 | 0 | 0< | 0 | 0 | -1 | 0 | 0 | -1 | 0 | 0 | -1 | 0 | 0 | -1 | 0 | 0 | 4 | 128 ]
[ >102 | 0 | 0 | 0 | 0 | -1< | 0 | 0 | -1 | 0 | 0 | -1 | 0 | 0 | -1 | 0 | 0 | -1 | 0 | 0 | 4 | 128 ]
[ >102 | 0 | 0 | 0 | 0 | -1< | 0 | 0 | -1 | 0 | 0 | -1 | 0 | 0 | -1 | 0 | 0 | -1 | 0 | 0 | 4 | 128 ]
[ >101 | 0 | 0 | 0 | 0 | -1< | 0 | 0 | -1 | 0 | 0 | -1 | 0 | 0 | -1 | 0 | 0 | -1 | 0 | 0 | 4 | 128 ]
[ >101 | 0 | 0 | 0 | 0< | -1 | 0 | 0 | -1 | 0 | 0 | -1 | 0 | 0 | -1 | 0 | 0 | -1 | 0 | 0 | 4 | 128 ]
[ >100 | 0 | 0 | 0 | 0< | -1 | 0 | 0 | -1 | 0 | 0 | -1 | 0 | 0 | -1 | 0 | 0 | -1 | 0 | 0 | 4 | 128 ]
[ >100 | 0 | 0 | 0 | 0< | -1 | 0 | 0 | -1 | 0 | 0 | -1 | 0 | 0 | -1 | 0 | 0 | -1 | 0 | 0 | 4 | 128 ]
[ >99 | 0 | 0 | 0 | 0< | -1 | 0 | 0 | -1 | 0 | 0 | -1 | 0 | 0 | -1 | 0 | 0 | -1 | 0 | 0 | 4 | 128 ]
[ >99 | 0 | 0 | 0< | 0 | -1 | 0 | 0 | -1 | 0 | 0 | -1 | 0 | 0 | -1 | 0 | 0 | -1 | 0 | 0 | 4 | 128 ]
[ >98 | 0 | 0< | 0 | 0 | -1 | 0 | 0 | -1 | 0 | 0 | -1 | 0 | 0 | -1 | 0 | 0 | -1 | 0 | 0 | 4 | 128 ]
[ >98 | 0 | -1< | 0 | 0 | -1 | 0 | 0 | -1 | 0 | 0 | -1 | 0 | 0 | -1 | 0 | 0 | -1 | 0 | 0 | 4 | 128 ]
[ >97 | 0 | -1< | 0 | 0 | -1 | 0 | 0 | -1 | 0 | 0 | -1 | 0 | 0 | -1 | 0 | 0 | -1 | 0 | 0 | 4 | 128 ]
[ >97 | 0 | -1< | 0 | 0 | -1 | 0 | 0 | -1 | 0 | 0 | -1 | 0 | 0 | -1 | 0 | 0 | -1 | 0 | 0 | 4 | 128 ]
[ >96 | 0< | -1 | 0 | 0 | -1 | 0 | 0 | -1 | 0 | 0 | -1 | 0 | 0 | -1 | 0 | 0 | -1 | 0 | 0 | 4 | 128 ]
[ >96 | 0< | -1 | 0 | 0 | -1 | 0 | 0 | -1 | 0 | 0 | -1 | 0 | 0 | -1 | 0 | 0 | -1 | 0 | 0 | 4 | 128 ]
[ >95 | 0< | -1 | 0 | 0 | -1 | 0 | 0 | -1 | 0 | 0 | -1 | 0 | 0 | -1 | 0 | 0 | -1 | 0 | 0 | 4 | 128 ]
[ >95 | 0< | -1 | 0 | 0 | -1 | 0 | 0 | -1 | 0 | 0 | -1 | 0 | 0 | -1 | 0 | 0 | -1 | 0 | 0 | 4 | 128 ]
[ >94< | 0 | -1 | 0 | 0 | -1 | 0 | 0 | -1 | 0 | 0 | -1 | 0 | 0 | -1 | 0 | 0 | -1 | 0 | 0 | 4 | 128 ]
[ >94 | 0 | -1 | 0 | 0 | -1 | 0 | 0 | -1 | 0 | 0 | -1 | 0 | 0 | -1 | 0 | 0 | -1 | 0 | 0 | 4 | 128< ]

===== Dumberbot won the battle after 69 cycles =====



===== Starting battle of <Dumberbot> vs <PrussianRoulette> with memory tape size: 13 =====

[ >128 | 0 | 0 | 0 | 0 | 0 | 0 | 0 | 0 | 0 | 0 | 0 | 128< ]
[ >128 | 0 | 0 | 0 | 0 | 0 | 0 | 0 | 0 | 0 | 0 | 0< | 128 ]
[ >127 | 0 | 0 | 0 | 0 | 0 | 0 | 0 | 0 | 0 | 0 | 1< | 128 ]
[ >127 | 0 | 0 | 0 | 0 | 0 | 0 | 0 | 0 | 0 | 0 | 2< | 128 ]
[ >126 | 0 | 0 | 0 | 0 | 0 | 0 | 0 | 0 | 0 | 0 | 3< | 128 ]
[ >126 | 0 | 0 | 0 | 0 | 0 | 0 | 0 | 0 | 0 | 0 | 4< | 128 ]
[ >125 | 0 | 0 | 0 | 0 | 0 | 0 | 0 | 0 | 0 | 0 | 5< | 128 ]
[ >125 | 0 | 0 | 0 | 0 | 0 | 0 | 0 | 0 | 0 | 0 | 4< | 128 ]
[ >124 | 0 | 0 | 0 | 0 | 0 | 0 | 0 | 0 | 0 | 0 | 4< | 128 ]
[ >124 | 0 | 0 | 0 | 0 | 0 | 0 | 0 | 0 | 0 | 0 | 4< | 128 ]
[ >123 | 0 | 0 | 0 | 0 | 0 | 0 | 0 | 0 | 0 | 0< | 4 | 128 ]
[ >123 | 0 | 0 | 0 | 0 | 0 | 0 | 0 | 0 | 0 | 0< | 4 | 128 ]
[ >122 | 0 | 0 | 0 | 0 | 0 | 0 | 0 | 0 | 0 | 0< | 4 | 128 ]
[ >122 | 0 | 0 | 0 | 0 | 0 | 0 | 0 | 0 | 0 | 0< | 4 | 128 ]
[ >121 | 0 | 0 | 0 | 0 | 0 | 0 | 0 | 0 | 0< | 0 | 4 | 128 ]
[ >121 | 0 | 0 | 0 | 0 | 0 | 0 | 0 | 0< | 0 | 0 | 4 | 128 ]
[ >120 | 0 | 0 | 0 | 0 | 0 | 0 | 0 | -1< | 0 | 0 | 4 | 128 ]
[ >120 | 0 | 0 | 0 | 0 | 0 | 0 | 0 | -1< | 0 | 0 | 4 | 128 ]
[ >119 | 0 | 0 | 0 | 0 | 0 | 0 | 0 | -1< | 0 | 0 | 4 | 128 ]
[ >119 | 0 | 0 | 0 | 0 | 0 | 0 | 0< | -1 | 0 | 0 | 4 | 128 ]
[ >118 | 0 | 0 | 0 | 0 | 0 | 0 | 0< | -1 | 0 | 0 | 4 | 128 ]
[ >118 | 0 | 0 | 0 | 0 | 0 | 0 | 0< | -1 | 0 | 0 | 4 | 128 ]
[ >117 | 0 | 0 | 0 | 0 | 0 | 0 | 0< | -1 | 0 | 0 | 4 | 128 ]
[ >117 | 0 | 0 | 0 | 0 | 0 | 0< | 0 | -1 | 0 | 0 | 4 | 128 ]
[ >116 | 0 | 0 | 0 | 0 | 0< | 0 | 0 | -1 | 0 | 0 | 4 | 128 ]
[ >116 | 0 | 0 | 0 | 0 | -1< | 0 | 0 | -1 | 0 | 0 | 4 | 128 ]
[ >115 | 0 | 0 | 0 | 0 | -1< | 0 | 0 | -1 | 0 | 0 | 4 | 128 ]
[ >115 | 0 | 0 | 0 | 0 | -1< | 0 | 0 | -1 | 0 | 0 | 4 | 128 ]
[ >114 | 0 | 0 | 0 | 0< | -1 | 0 | 0 | -1 | 0 | 0 | 4 | 128 ]
[ >114 | 0 | 0 | 0 | 0< | -1 | 0 | 0 | -1 | 0 | 0 | 4 | 128 ]
[ >113 | 0 | 0 | 0 | 0< | -1 | 0 | 0 | -1 | 0 | 0 | 4 | 128 ]
[ >113 | 0 | 0 | 0 | 0< | -1 | 0 | 0 | -1 | 0 | 0 | 4 | 128 ]
[ >112 | 0 | 0 | 0< | 0 | -1 | 0 | 0 | -1 | 0 | 0 | 4 | 128 ]
[ >112 | 0 | 0< | 0 | 0 | -1 | 0 | 0 | -1 | 0 | 0 | 4 | 128 ]
[ >111 | 0 | -1< | 0 | 0 | -1 | 0 | 0 | -1 | 0 | 0 | 4 | 128 ]
[ >111 | 0 | -1< | 0 | 0 | -1 | 0 | 0 | -1 | 0 | 0 | 4 | 128 ]
[ >110 | 0 | -1< | 0 | 0 | -1 | 0 | 0 | -1 | 0 | 0 | 4 | 128 ]
[ >110 | 0< | -1 | 0 | 0 | -1 | 0 | 0 | -1 | 0 | 0 | 4 | 128 ]
[ >109 | 0< | -1 | 0 | 0 | -1 | 0 | 0 | -1 | 0 | 0 | 4 | 128 ]
[ >109 | 0< | -1 | 0 | 0 | -1 | 0 | 0 | -1 | 0 | 0 | 4 | 128 ]
[ >108 | 0< | -1 | 0 | 0 | -1 | 0 | 0 | -1 | 0 | 0 | 4 | 128 ]
[ >108< | 0 | -1 | 0 | 0 | -1 | 0 | 0 | -1 | 0 | 0 | 4 | 128 ]
[ >107 | 0 | -1 | 0 | 0 | -1 | 0 | 0 | -1 | 0 | 0 | 4 | 128< ]

===== Dumberbot won the battle after 42 cycles =====



===== Starting battle of <Dumberbot> vs <PrussianRoulette> with memory tape size: 30 =====

[ >128 | 0 | 0 | 0 | 0 | 0 | 0 | 0 | 0 | 0 | 0 | 0 | 0 | 0 | 0 | 0 | 0 | 0 | 0 | 0 | 0 | 0 | 0 | 0 | 0 | 0 | 0 | 0 | 0 | 128< ]
[ >128 | 0 | 0 | 0 | 0 | 0 | 0 | 0 | 0 | 0 | 0 | 0 | 0 | 0 | 0 | 0 | 0 | 0 | 0 | 0 | 0 | 0 | 0 | 0 | 0 | 0 | 0 | 0 | 0< | 128 ]
[ >127 | 0 | 0 | 0 | 0 | 0 | 0 | 0 | 0 | 0 | 0 | 0 | 0 | 0 | 0 | 0 | 0 | 0 | 0 | 0 | 0 | 0 | 0 | 0 | 0 | 0 | 0 | 0 | 1< | 128 ]
[ >127 | 0 | 0 | 0 | 0 | 0 | 0 | 0 | 0 | 0 | 0 | 0 | 0 | 0 | 0 | 0 | 0 | 0 | 0 | 0 | 0 | 0 | 0 | 0 | 0 | 0 | 0 | 0 | 2< | 128 ]
[ >126 | 0 | 0 | 0 | 0 | 0 | 0 | 0 | 0 | 0 | 0 | 0 | 0 | 0 | 0 | 0 | 0 | 0 | 0 | 0 | 0 | 0 | 0 | 0 | 0 | 0 | 0 | 0 | 3< | 128 ]
[ >126 | 0 | 0 | 0 | 0 | 0 | 0 | 0 | 0 | 0 | 0 | 0 | 0 | 0 | 0 | 0 | 0 | 0 | 0 | 0 | 0 | 0 | 0 | 0 | 0 | 0 | 0 | 0 | 4< | 128 ]
[ >125 | 0 | 0 | 0 | 0 | 0 | 0 | 0 | 0 | 0 | 0 | 0 | 0 | 0 | 0 | 0 | 0 | 0 | 0 | 0 | 0 | 0 | 0 | 0 | 0 | 0 | 0 | 0 | 5< | 128 ]
[ >125 | 0 | 0 | 0 | 0 | 0 | 0 | 0 | 0 | 0 | 0 | 0 | 0 | 0 | 0 | 0 | 0 | 0 | 0 | 0 | 0 | 0 | 0 | 0 | 0 | 0 | 0 | 0 | 4< | 128 ]
[ >124 | 0 | 0 | 0 | 0 | 0 | 0 | 0 | 0 | 0 | 0 | 0 | 0 | 0 | 0 | 0 | 0 | 0 | 0 | 0 | 0 | 0 | 0 | 0 | 0 | 0 | 0 | 0 | 4< | 128 ]
[ >124 | 0 | 0 | 0 | 0 | 0 | 0 | 0 | 0 | 0 | 0 | 0 | 0 | 0 | 0 | 0 | 0 | 0 | 0 | 0 | 0 | 0 | 0 | 0 | 0 | 0 | 0 | 0 | 4< | 128 ]
[ >123 | 0 | 0 | 0 | 0 | 0 | 0 | 0 | 0 | 0 | 0 | 0 | 0 | 0 | 0 | 0 | 0 | 0 | 0 | 0 | 0 | 0 | 0 | 0 | 0 | 0 | 0 | 0< | 4 | 128 ]
[ >123 | 0 | 0 | 0 | 0 | 0 | 0 | 0 | 0 | 0 | 0 | 0 | 0 | 0 | 0 | 0 | 0 | 0 | 0 | 0 | 0 | 0 | 0 | 0 | 0 | 0 | 0 | 0< | 4 | 128 ]
[ >122 | 0 | 0 | 0 | 0 | 0 | 0 | 0 | 0 | 0 | 0 | 0 | 0 | 0 | 0 | 0 | 0 | 0 | 0 | 0 | 0 | 0 | 0 | 0 | 0 | 0 | 0 | 0< | 4 | 128 ]
[ >122 | 0 | 0 | 0 | 0 | 0 | 0 | 0 | 0 | 0 | 0 | 0 | 0 | 0 | 0 | 0 | 0 | 0 | 0 | 0 | 0 | 0 | 0 | 0 | 0 | 0 | 0 | 0< | 4 | 128 ]
[ >121 | 0 | 0 | 0 | 0 | 0 | 0 | 0 | 0 | 0 | 0 | 0 | 0 | 0 | 0 | 0 | 0 | 0 | 0 | 0 | 0 | 0 | 0 | 0 | 0 | 0 | 0< | 0 | 4 | 128 ]
[ >121 | 0 | 0 | 0 | 0 | 0 | 0 | 0 | 0 | 0 | 0 | 0 | 0 | 0 | 0 | 0 | 0 | 0 | 0 | 0 | 0 | 0 | 0 | 0 | 0 | 0< | 0 | 0 | 4 | 128 ]
[ >120 | 0 | 0 | 0 | 0 | 0 | 0 | 0 | 0 | 0 | 0 | 0 | 0 | 0 | 0 | 0 | 0 | 0 | 0 | 0 | 0 | 0 | 0 | 0 | 0 | -1< | 0 | 0 | 4 | 128 ]
[ >120 | 0 | 0 | 0 | 0 | 0 | 0 | 0 | 0 | 0 | 0 | 0 | 0 | 0 | 0 | 0 | 0 | 0 | 0 | 0 | 0 | 0 | 0 | 0 | 0 | -1< | 0 | 0 | 4 | 128 ]
[ >119 | 0 | 0 | 0 | 0 | 0 | 0 | 0 | 0 | 0 | 0 | 0 | 0 | 0 | 0 | 0 | 0 | 0 | 0 | 0 | 0 | 0 | 0 | 0 | 0 | -1< | 0 | 0 | 4 | 128 ]
[ >119 | 0 | 0 | 0 | 0 | 0 | 0 | 0 | 0 | 0 | 0 | 0 | 0 | 0 | 0 | 0 | 0 | 0 | 0 | 0 | 0 | 0 | 0 | 0 | 0< | -1 | 0 | 0 | 4 | 128 ]
[ >118 | 0 | 0 | 0 | 0 | 0 | 0 | 0 | 0 | 0 | 0 | 0 | 0 | 0 | 0 | 0 | 0 | 0 | 0 | 0 | 0 | 0 | 0 | 0 | 0< | -1 | 0 | 0 | 4 | 128 ]
[ >118 | 0 | 0 | 0 | 0 | 0 | 0 | 0 | 0 | 0 | 0 | 0 | 0 | 0 | 0 | 0 | 0 | 0 | 0 | 0 | 0 | 0 | 0 | 0 | 0< | -1 | 0 | 0 | 4 | 128 ]
[ >117 | 0 | 0 | 0 | 0 | 0 | 0 | 0 | 0 | 0 | 0 | 0 | 0 | 0 | 0 | 0 | 0 | 0 | 0 | 0 | 0 | 0 | 0 | 0 | 0< | -1 | 0 | 0 | 4 | 128 ]
[ >117 | 0 | 0 | 0 | 0 | 0 | 0 | 0 | 0 | 0 | 0 | 0 | 0 | 0 | 0 | 0 | 0 | 0 | 0 | 0 | 0 | 0 | 0 | 0< | 0 | -1 | 0 | 0 | 4 | 128 ]
[ >116 | 0 | 0 | 0 | 0 | 0 | 0 | 0 | 0 | 0 | 0 | 0 | 0 | 0 | 0 | 0 | 0 | 0 | 0 | 0 | 0 | 0 | 0< | 0 | 0 | -1 | 0 | 0 | 4 | 128 ]
[ >116 | 0 | 0 | 0 | 0 | 0 | 0 | 0 | 0 | 0 | 0 | 0 | 0 | 0 | 0 | 0 | 0 | 0 | 0 | 0 | 0 | 0 | -1< | 0 | 0 | -1 | 0 | 0 | 4 | 128 ]
[ >115 | 0 | 0 | 0 | 0 | 0 | 0 | 0 | 0 | 0 | 0 | 0 | 0 | 0 | 0 | 0 | 0 | 0 | 0 | 0 | 0 | 0 | -1< | 0 | 0 | -1 | 0 | 0 | 4 | 128 ]
[ >115 | 0 | 0 | 0 | 0 | 0 | 0 | 0 | 0 | 0 | 0 | 0 | 0 | 0 | 0 | 0 | 0 | 0 | 0 | 0 | 0 | 0 | -1< | 0 | 0 | -1 | 0 | 0 | 4 | 128 ]
[ >114 | 0 | 0 | 0 | 0 | 0 | 0 | 0 | 0 | 0 | 0 | 0 | 0 | 0 | 0 | 0 | 0 | 0 | 0 | 0 | 0 | 0< | -1 | 0 | 0 | -1 | 0 | 0 | 4 | 128 ]
[ >114 | 0 | 0 | 0 | 0 | 0 | 0 | 0 | 0 | 0 | 0 | 0 | 0 | 0 | 0 | 0 | 0 | 0 | 0 | 0 | 0 | 0< | -1 | 0 | 0 | -1 | 0 | 0 | 4 | 128 ]
[ >113 | 0 | 0 | 0 | 0 | 0 | 0 | 0 | 0 | 0 | 0 | 0 | 0 | 0 | 0 | 0 | 0 | 0 | 0 | 0 | 0 | 0< | -1 | 0 | 0 | -1 | 0 | 0 | 4 | 128 ]
[ >113 | 0 | 0 | 0 | 0 | 0 | 0 | 0 | 0 | 0 | 0 | 0 | 0 | 0 | 0 | 0 | 0 | 0 | 0 | 0 | 0 | 0< | -1 | 0 | 0 | -1 | 0 | 0 | 4 | 128 ]
[ >112 | 0 | 0 | 0 | 0 | 0 | 0 | 0 | 0 | 0 | 0 | 0 | 0 | 0 | 0 | 0 | 0 | 0 | 0 | 0 | 0< | 0 | -1 | 0 | 0 | -1 | 0 | 0 | 4 | 128 ]
[ >112 | 0 | 0 | 0 | 0 | 0 | 0 | 0 | 0 | 0 | 0 | 0 | 0 | 0 | 0 | 0 | 0 | 0 | 0 | 0< | 0 | 0 | -1 | 0 | 0 | -1 | 0 | 0 | 4 | 128 ]
[ >111 | 0 | 0 | 0 | 0 | 0 | 0 | 0 | 0 | 0 | 0 | 0 | 0 | 0 | 0 | 0 | 0 | 0 | 0 | -1< | 0 | 0 | -1 | 0 | 0 | -1 | 0 | 0 | 4 | 128 ]
[ >111 | 0 | 0 | 0 | 0 | 0 | 0 | 0 | 0 | 0 | 0 | 0 | 0 | 0 | 0 | 0 | 0 | 0 | 0 | -1< | 0 | 0 | -1 | 0 | 0 | -1 | 0 | 0 | 4 | 128 ]
[ >110 | 0 | 0 | 0 | 0 | 0 | 0 | 0 | 0 | 0 | 0 | 0 | 0 | 0 | 0 | 0 | 0 | 0 | 0 | -1< | 0 | 0 | -1 | 0 | 0 | -1 | 0 | 0 | 4 | 128 ]
[ >110 | 0 | 0 | 0 | 0 | 0 | 0 | 0 | 0 | 0 | 0 | 0 | 0 | 0 | 0 | 0 | 0 | 0 | 0< | -1 | 0 | 0 | -1 | 0 | 0 | -1 | 0 | 0 | 4 | 128 ]
[ >109 | 0 | 0 | 0 | 0 | 0 | 0 | 0 | 0 | 0 | 0 | 0 | 0 | 0 | 0 | 0 | 0 | 0 | 0< | -1 | 0 | 0 | -1 | 0 | 0 | -1 | 0 | 0 | 4 | 128 ]
[ >109 | 0 | 0 | 0 | 0 | 0 | 0 | 0 | 0 | 0 | 0 | 0 | 0 | 0 | 0 | 0 | 0 | 0 | 0< | -1 | 0 | 0 | -1 | 0 | 0 | -1 | 0 | 0 | 4 | 128 ]
[ >108 | 0 | 0 | 0 | 0 | 0 | 0 | 0 | 0 | 0 | 0 | 0 | 0 | 0 | 0 | 0 | 0 | 0 | 0< | -1 | 0 | 0 | -1 | 0 | 0 | -1 | 0 | 0 | 4 | 128 ]
[ >108 | 0 | 0 | 0 | 0 | 0 | 0 | 0 | 0 | 0 | 0 | 0 | 0 | 0 | 0 | 0 | 0 | 0< | 0 | -1 | 0 | 0 | -1 | 0 | 0 | -1 | 0 | 0 | 4 | 128 ]
[ >107 | 0 | 0 | 0 | 0 | 0 | 0 | 0 | 0 | 0 | 0 | 0 | 0 | 0 | 0 | 0 | 0< | 0 | 0 | -1 | 0 | 0 | -1 | 0 | 0 | -1 | 0 | 0 | 4 | 128 ]
[ >107 | 0 | 0 | 0 | 0 | 0 | 0 | 0 | 0 | 0 | 0 | 0 | 0 | 0 | 0 | 0 | -1< | 0 | 0 | -1 | 0 | 0 | -1 | 0 | 0 | -1 | 0 | 0 | 4 | 128 ]
[ >106 | 0 | 0 | 0 | 0 | 0 | 0 | 0 | 0 | 0 | 0 | 0 | 0 | 0 | 0 | 0 | -1< | 0 | 0 | -1 | 0 | 0 | -1 | 0 | 0 | -1 | 0 | 0 | 4 | 128 ]
[ >106 | 0 | 0 | 0 | 0 | 0 | 0 | 0 | 0 | 0 | 0 | 0 | 0 | 0 | 0 | 0 | -1< | 0 | 0 | -1 | 0 | 0 | -1 | 0 | 0 | -1 | 0 | 0 | 4 | 128 ]
[ >105 | 0 | 0 | 0 | 0 | 0 | 0 | 0 | 0 | 0 | 0 | 0 | 0 | 0 | 0 | 0< | -1 | 0 | 0 | -1 | 0 | 0 | -1 | 0 | 0 | -1 | 0 | 0 | 4 | 128 ]
[ >105 | 0 | 0 | 0 | 0 | 0 | 0 | 0 | 0 | 0 | 0 | 0 | 0 | 0 | 0 | 0< | -1 | 0 | 0 | -1 | 0 | 0 | -1 | 0 | 0 | -1 | 0 | 0 | 4 | 128 ]
[ >104 | 0 | 0 | 0 | 0 | 0 | 0 | 0 | 0 | 0 | 0 | 0 | 0 | 0 | 0 | 0< | -1 | 0 | 0 | -1 | 0 | 0 | -1 | 0 | 0 | -1 | 0 | 0 | 4 | 128 ]
[ >104 | 0 | 0 | 0 | 0 | 0 | 0 | 0 | 0 | 0 | 0 | 0 | 0 | 0 | 0 | 0< | -1 | 0 | 0 | -1 | 0 | 0 | -1 | 0 | 0 | -1 | 0 | 0 | 4 | 128 ]
[ >103 | 0 | 0 | 0 | 0 | 0 | 0 | 0 | 0 | 0 | 0 | 0 | 0 | 0 | 0< | 0 | -1 | 0 | 0 | -1 | 0 | 0 | -1 | 0 | 0 | -1 | 0 | 0 | 4 | 128 ]
[ >103 | 0 | 0 | 0 | 0 | 0 | 0 | 0 | 0 | 0 | 0 | 0 | 0 | 0< | 0 | 0 | -1 | 0 | 0 | -1 | 0 | 0 | -1 | 0 | 0 | -1 | 0 | 0 | 4 | 128 ]
[ >102 | 0 | 0 | 0 | 0 | 0 | 0 | 0 | 0 | 0 | 0 | 0 | 0 | -1< | 0 | 0 | -1 | 0 | 0 | -1 | 0 | 0 | -1 | 0 | 0 | -1 | 0 | 0 | 4 | 128 ]
[ >102 | 0 | 0 | 0 | 0 | 0 | 0 | 0 | 0 | 0 | 0 | 0 | 0 | -1< | 0 | 0 | -1 | 0 | 0 | -1 | 0 | 0 | -1 | 0 | 0 | -1 | 0 | 0 | 4 | 128 ]
[ >101 | 0 | 0 | 0 | 0 | 0 | 0 | 0 | 0 | 0 | 0 | 0 | 0 | -1< | 0 | 0 | -1 | 0 | 0 | -1 | 0 | 0 | -1 | 0 | 0 | -1 | 0 | 0 | 4 | 128 ]
[ >101 | 0 | 0 | 0 | 0 | 0 | 0 | 0 | 0 | 0 | 0 | 0 | 0< | -1 | 0 | 0 | -1 | 0 | 0 | -1 | 0 | 0 | -1 | 0 | 0 | -1 | 0 | 0 | 4 | 128 ]
[ >100 | 0 | 0 | 0 | 0 | 0 | 0 | 0 | 0 | 0 | 0 | 0 | 0< | -1 | 0 | 0 | -1 | 0 | 0 | -1 | 0 | 0 | -1 | 0 | 0 | -1 | 0 | 0 | 4 | 128 ]
[ >100 | 0 | 0 | 0 | 0 | 0 | 0 | 0 | 0 | 0 | 0 | 0 | 0< | -1 | 0 | 0 | -1 | 0 | 0 | -1 | 0 | 0 | -1 | 0 | 0 | -1 | 0 | 0 | 4 | 128 ]
[ >99 | 0 | 0 | 0 | 0 | 0 | 0 | 0 | 0 | 0 | 0 | 0 | 0< | -1 | 0 | 0 | -1 | 0 | 0 | -1 | 0 | 0 | -1 | 0 | 0 | -1 | 0 | 0 | 4 | 128 ]
[ >99 | 0 | 0 | 0 | 0 | 0 | 0 | 0 | 0 | 0 | 0 | 0< | 0 | -1 | 0 | 0 | -1 | 0 | 0 | -1 | 0 | 0 | -1 | 0 | 0 | -1 | 0 | 0 | 4 | 128 ]
[ >98 | 0 | 0 | 0 | 0 | 0 | 0 | 0 | 0 | 0 | 0< | 0 | 0 | -1 | 0 | 0 | -1 | 0 | 0 | -1 | 0 | 0 | -1 | 0 | 0 | -1 | 0 | 0 | 4 | 128 ]
[ >98 | 0 | 0 | 0 | 0 | 0 | 0 | 0 | 0 | 0 | -1< | 0 | 0 | -1 | 0 | 0 | -1 | 0 | 0 | -1 | 0 | 0 | -1 | 0 | 0 | -1 | 0 | 0 | 4 | 128 ]
[ >97 | 0 | 0 | 0 | 0 | 0 | 0 | 0 | 0 | 0 | -1< | 0 | 0 | -1 | 0 | 0 | -1 | 0 | 0 | -1 | 0 | 0 | -1 | 0 | 0 | -1 | 0 | 0 | 4 | 128 ]
[ >97 | 0 | 0 | 0 | 0 | 0 | 0 | 0 | 0 | 0 | -1< | 0 | 0 | -1 | 0 | 0 | -1 | 0 | 0 | -1 | 0 | 0 | -1 | 0 | 0 | -1 | 0 | 0 | 4 | 128 ]
[ >96 | 0 | 0 | 0 | 0 | 0 | 0 | 0 | 0 | 0< | -1 | 0 | 0 | -1 | 0 | 0 | -1 | 0 | 0 | -1 | 0 | 0 | -1 | 0 | 0 | -1 | 0 | 0 | 4 | 128 ]
[ >96 | 0 | 0 | 0 | 0 | 0 | 0 | 0 | 0 | 0< | -1 | 0 | 0 | -1 | 0 | 0 | -1 | 0 | 0 | -1 | 0 | 0 | -1 | 0 | 0 | -1 | 0 | 0 | 4 | 128 ]
[ >95 | 0 | 0 | 0 | 0 | 0 | 0 | 0 | 0 | 0< | -1 | 0 | 0 | -1 | 0 | 0 | -1 | 0 | 0 | -1 | 0 | 0 | -1 | 0 | 0 | -1 | 0 | 0 | 4 | 128 ]
[ >95 | 0 | 0 | 0 | 0 | 0 | 0 | 0 | 0 | 0< | -1 | 0 | 0 | -1 | 0 | 0 | -1 | 0 | 0 | -1 | 0 | 0 | -1 | 0 | 0 | -1 | 0 | 0 | 4 | 128 ]
[ >94 | 0 | 0 | 0 | 0 | 0 | 0 | 0 | 0< | 0 | -1 | 0 | 0 | -1 | 0 | 0 | -1 | 0 | 0 | -1 | 0 | 0 | -1 | 0 | 0 | -1 | 0 | 0 | 4 | 128 ]
[ >94 | 0 | 0 | 0 | 0 | 0 | 0 | 0< | 0 | 0 | -1 | 0 | 0 | -1 | 0 | 0 | -1 | 0 | 0 | -1 | 0 | 0 | -1 | 0 | 0 | -1 | 0 | 0 | 4 | 128 ]
[ >93 | 0 | 0 | 0 | 0 | 0 | 0 | -1< | 0 | 0 | -1 | 0 | 0 | -1 | 0 | 0 | -1 | 0 | 0 | -1 | 0 | 0 | -1 | 0 | 0 | -1 | 0 | 0 | 4 | 128 ]
[ >93 | 0 | 0 | 0 | 0 | 0 | 0 | -1< | 0 | 0 | -1 | 0 | 0 | -1 | 0 | 0 | -1 | 0 | 0 | -1 | 0 | 0 | -1 | 0 | 0 | -1 | 0 | 0 | 4 | 128 ]
[ >92 | 0 | 0 | 0 | 0 | 0 | 0 | -1< | 0 | 0 | -1 | 0 | 0 | -1 | 0 | 0 | -1 | 0 | 0 | -1 | 0 | 0 | -1 | 0 | 0 | -1 | 0 | 0 | 4 | 128 ]
[ >92 | 0 | 0 | 0 | 0 | 0 | 0< | -1 | 0 | 0 | -1 | 0 | 0 | -1 | 0 | 0 | -1 | 0 | 0 | -1 | 0 | 0 | -1 | 0 | 0 | -1 | 0 | 0 | 4 | 128 ]
[ >91 | 0 | 0 | 0 | 0 | 0 | 0< | -1 | 0 | 0 | -1 | 0 | 0 | -1 | 0 | 0 | -1 | 0 | 0 | -1 | 0 | 0 | -1 | 0 | 0 | -1 | 0 | 0 | 4 | 128 ]
[ >91 | 0 | 0 | 0 | 0 | 0 | 0< | -1 | 0 | 0 | -1 | 0 | 0 | -1 | 0 | 0 | -1 | 0 | 0 | -1 | 0 | 0 | -1 | 0 | 0 | -1 | 0 | 0 | 4 | 128 ]
[ >90 | 0 | 0 | 0 | 0 | 0 | 0< | -1 | 0 | 0 | -1 | 0 | 0 | -1 | 0 | 0 | -1 | 0 | 0 | -1 | 0 | 0 | -1 | 0 | 0 | -1 | 0 | 0 | 4 | 128 ]
[ >90 | 0 | 0 | 0 | 0 | 0< | 0 | -1 | 0 | 0 | -1 | 0 | 0 | -1 | 0 | 0 | -1 | 0 | 0 | -1 | 0 | 0 | -1 | 0 | 0 | -1 | 0 | 0 | 4 | 128 ]
[ >89 | 0 | 0 | 0 | 0< | 0 | 0 | -1 | 0 | 0 | -1 | 0 | 0 | -1 | 0 | 0 | -1 | 0 | 0 | -1 | 0 | 0 | -1 | 0 | 0 | -1 | 0 | 0 | 4 | 128 ]
[ >89 | 0 | 0 | 0 | -1< | 0 | 0 | -1 | 0 | 0 | -1 | 0 | 0 | -1 | 0 | 0 | -1 | 0 | 0 | -1 | 0 | 0 | -1 | 0 | 0 | -1 | 0 | 0 | 4 | 128 ]
[ >88 | 0 | 0 | 0 | -1< | 0 | 0 | -1 | 0 | 0 | -1 | 0 | 0 | -1 | 0 | 0 | -1 | 0 | 0 | -1 | 0 | 0 | -1 | 0 | 0 | -1 | 0 | 0 | 4 | 128 ]
[ >88 | 0 | 0 | 0 | -1< | 0 | 0 | -1 | 0 | 0 | -1 | 0 | 0 | -1 | 0 | 0 | -1 | 0 | 0 | -1 | 0 | 0 | -1 | 0 | 0 | -1 | 0 | 0 | 4 | 128 ]
[ >87 | 0 | 0 | 0< | -1 | 0 | 0 | -1 | 0 | 0 | -1 | 0 | 0 | -1 | 0 | 0 | -1 | 0 | 0 | -1 | 0 | 0 | -1 | 0 | 0 | -1 | 0 | 0 | 4 | 128 ]
[ >87 | 0 | 0 | 0< | -1 | 0 | 0 | -1 | 0 | 0 | -1 | 0 | 0 | -1 | 0 | 0 | -1 | 0 | 0 | -1 | 0 | 0 | -1 | 0 | 0 | -1 | 0 | 0 | 4 | 128 ]
[ >86 | 0 | 0 | 0< | -1 | 0 | 0 | -1 | 0 | 0 | -1 | 0 | 0 | -1 | 0 | 0 | -1 | 0 | 0 | -1 | 0 | 0 | -1 | 0 | 0 | -1 | 0 | 0 | 4 | 128 ]
[ >86 | 0 | 0 | 0< | -1 | 0 | 0 | -1 | 0 | 0 | -1 | 0 | 0 | -1 | 0 | 0 | -1 | 0 | 0 | -1 | 0 | 0 | -1 | 0 | 0 | -1 | 0 | 0 | 4 | 128 ]
[ >85 | 0 | 0< | 0 | -1 | 0 | 0 | -1 | 0 | 0 | -1 | 0 | 0 | -1 | 0 | 0 | -1 | 0 | 0 | -1 | 0 | 0 | -1 | 0 | 0 | -1 | 0 | 0 | 4 | 128 ]
[ >85 | 0< | 0 | 0 | -1 | 0 | 0 | -1 | 0 | 0 | -1 | 0 | 0 | -1 | 0 | 0 | -1 | 0 | 0 | -1 | 0 | 0 | -1 | 0 | 0 | -1 | 0 | 0 | 4 | 128 ]
[ >84 | -1< | 0 | 0 | -1 | 0 | 0 | -1 | 0 | 0 | -1 | 0 | 0 | -1 | 0 | 0 | -1 | 0 | 0 | -1 | 0 | 0 | -1 | 0 | 0 | -1 | 0 | 0 | 4 | 128 ]
[ >84 | -1< | 0 | 0 | -1 | 0 | 0 | -1 | 0 | 0 | -1 | 0 | 0 | -1 | 0 | 0 | -1 | 0 | 0 | -1 | 0 | 0 | -1 | 0 | 0 | -1 | 0 | 0 | 4 | 128 ]
[ >83 | -1< | 0 | 0 | -1 | 0 | 0 | -1 | 0 | 0 | -1 | 0 | 0 | -1 | 0 | 0 | -1 | 0 | 0 | -1 | 0 | 0 | -1 | 0 | 0 | -1 | 0 | 0 | 4 | 128 ]
[ >83< | -1 | 0 | 0 | -1 | 0 | 0 | -1 | 0 | 0 | -1 | 0 | 0 | -1 | 0 | 0 | -1 | 0 | 0 | -1 | 0 | 0 | -1 | 0 | 0 | -1 | 0 | 0 | 4 | 128 ]
[ >82< | -1 | 0 | 0 | -1 | 0 | 0 | -1 | 0 | 0 | -1 | 0 | 0 | -1 | 0 | 0 | -1 | 0 | 0 | -1 | 0 | 0 | -1 | 0 | 0 | -1 | 0 | 0 | 4 | 128 ]
[ >82< | -1 | 0 | 0 | -1 | 0 | 0 | -1 | 0 | 0 | -1 | 0 | 0 | -1 | 0 | 0 | -1 | 0 | 0 | -1 | 0 | 0 | -1 | 0 | 0 | -1 | 0 | 0 | 4 | 128 ]
[ >81 | -1 | 0 | 0 | -1 | 0 | 0 | -1 | 0 | 0 | -1 | 0 | 0 | -1 | 0 | 0 | -1 | 0 | 0 | -1 | 0 | 0 | -1 | 0 | 0 | -1 | 0 | 0 | 4 | 128< ]

===== Dumberbot won the battle after 94 cycles =====



===== Starting battle of <Dumberbot> vs <PrussianRoulette> with memory tape size: 29 =====

[ >128 | 0 | 0 | 0 | 0 | 0 | 0 | 0 | 0 | 0 | 0 | 0 | 0 | 0 | 0 | 0 | 0 | 0 | 0 | 0 | 0 | 0 | 0 | 0 | 0 | 0 | 0 | 0 | 128< ]
[ >128 | 0 | 0 | 0 | 0 | 0 | 0 | 0 | 0 | 0 | 0 | 0 | 0 | 0 | 0 | 0 | 0 | 0 | 0 | 0 | 0 | 0 | 0 | 0 | 0 | 0 | 0 | 0< | 128 ]
[ >127 | 0 | 0 | 0 | 0 | 0 | 0 | 0 | 0 | 0 | 0 | 0 | 0 | 0 | 0 | 0 | 0 | 0 | 0 | 0 | 0 | 0 | 0 | 0 | 0 | 0 | 0 | 1< | 128 ]
[ >127 | 0 | 0 | 0 | 0 | 0 | 0 | 0 | 0 | 0 | 0 | 0 | 0 | 0 | 0 | 0 | 0 | 0 | 0 | 0 | 0 | 0 | 0 | 0 | 0 | 0 | 0 | 2< | 128 ]
[ >126 | 0 | 0 | 0 | 0 | 0 | 0 | 0 | 0 | 0 | 0 | 0 | 0 | 0 | 0 | 0 | 0 | 0 | 0 | 0 | 0 | 0 | 0 | 0 | 0 | 0 | 0 | 3< | 128 ]
[ >126 | 0 | 0 | 0 | 0 | 0 | 0 | 0 | 0 | 0 | 0 | 0 | 0 | 0 | 0 | 0 | 0 | 0 | 0 | 0 | 0 | 0 | 0 | 0 | 0 | 0 | 0 | 4< | 128 ]
[ >125 | 0 | 0 | 0 | 0 | 0 | 0 | 0 | 0 | 0 | 0 | 0 | 0 | 0 | 0 | 0 | 0 | 0 | 0 | 0 | 0 | 0 | 0 | 0 | 0 | 0 | 0 | 5< | 128 ]
[ >125 | 0 | 0 | 0 | 0 | 0 | 0 | 0 | 0 | 0 | 0 | 0 | 0 | 0 | 0 | 0 | 0 | 0 | 0 | 0 | 0 | 0 | 0 | 0 | 0 | 0 | 0 | 4< | 128 ]
[ >124 | 0 | 0 | 0 | 0 | 0 | 0 | 0 | 0 | 0 | 0 | 0 | 0 | 0 | 0 | 0 | 0 | 0 | 0 | 0 | 0 | 0 | 0 | 0 | 0 | 0 | 0 | 4< | 128 ]
[ >124 | 0 | 0 | 0 | 0 | 0 | 0 | 0 | 0 | 0 | 0 | 0 | 0 | 0 | 0 | 0 | 0 | 0 | 0 | 0 | 0 | 0 | 0 | 0 | 0 | 0 | 0 | 4< | 128 ]
[ >123 | 0 | 0 | 0 | 0 | 0 | 0 | 0 | 0 | 0 | 0 | 0 | 0 | 0 | 0 | 0 | 0 | 0 | 0 | 0 | 0 | 0 | 0 | 0 | 0 | 0 | 0< | 4 | 128 ]
[ >123 | 0 | 0 | 0 | 0 | 0 | 0 | 0 | 0 | 0 | 0 | 0 | 0 | 0 | 0 | 0 | 0 | 0 | 0 | 0 | 0 | 0 | 0 | 0 | 0 | 0 | 0< | 4 | 128 ]
[ >122 | 0 | 0 | 0 | 0 | 0 | 0 | 0 | 0 | 0 | 0 | 0 | 0 | 0 | 0 | 0 | 0 | 0 | 0 | 0 | 0 | 0 | 0 | 0 | 0 | 0 | 0< | 4 | 128 ]
[ >122 | 0 | 0 | 0 | 0 | 0 | 0 | 0 | 0 | 0 | 0 | 0 | 0 | 0 | 0 | 0 | 0 | 0 | 0 | 0 | 0 | 0 | 0 | 0 | 0 | 0 | 0< | 4 | 128 ]
[ >121 | 0 | 0 | 0 | 0 | 0 | 0 | 0 | 0 | 0 | 0 | 0 | 0 | 0 | 0 | 0 | 0 | 0 | 0 | 0 | 0 | 0 | 0 | 0 | 0 | 0< | 0 | 4 | 128 ]
[ >121 | 0 | 0 | 0 | 0 | 0 | 0 | 0 | 0 | 0 | 0 | 0 | 0 | 0 | 0 | 0 | 0 | 0 | 0 | 0 | 0 | 0 | 0 | 0 | 0< | 0 | 0 | 4 | 128 ]
[ >120 | 0 | 0 | 0 | 0 | 0 | 0 | 0 | 0 | 0 | 0 | 0 | 0 | 0 | 0 | 0 | 0 | 0 | 0 | 0 | 0 | 0 | 0 | 0 | -1< | 0 | 0 | 4 | 128 ]
[ >120 | 0 | 0 | 0 | 0 | 0 | 0 | 0 | 0 | 0 | 0 | 0 | 0 | 0 | 0 | 0 | 0 | 0 | 0 | 0 | 0 | 0 | 0 | 0 | -1< | 0 | 0 | 4 | 128 ]
[ >119 | 0 | 0 | 0 | 0 | 0 | 0 | 0 | 0 | 0 | 0 | 0 | 0 | 0 | 0 | 0 | 0 | 0 | 0 | 0 | 0 | 0 | 0 | 0 | -1< | 0 | 0 | 4 | 128 ]
[ >119 | 0 | 0 | 0 | 0 | 0 | 0 | 0 | 0 | 0 | 0 | 0 | 0 | 0 | 0 | 0 | 0 | 0 | 0 | 0 | 0 | 0 | 0 | 0< | -1 | 0 | 0 | 4 | 128 ]
[ >118 | 0 | 0 | 0 | 0 | 0 | 0 | 0 | 0 | 0 | 0 | 0 | 0 | 0 | 0 | 0 | 0 | 0 | 0 | 0 | 0 | 0 | 0 | 0< | -1 | 0 | 0 | 4 | 128 ]
[ >118 | 0 | 0 | 0 | 0 | 0 | 0 | 0 | 0 | 0 | 0 | 0 | 0 | 0 | 0 | 0 | 0 | 0 | 0 | 0 | 0 | 0 | 0 | 0< | -1 | 0 | 0 | 4 | 128 ]
[ >117 | 0 | 0 | 0 | 0 | 0 | 0 | 0 | 0 | 0 | 0 | 0 | 0 | 0 | 0 | 0 | 0 | 0 | 0 | 0 | 0 | 0 | 0 | 0< | -1 | 0 | 0 | 4 | 128 ]
[ >117 | 0 | 0 | 0 | 0 | 0 | 0 | 0 | 0 | 0 | 0 | 0 | 0 | 0 | 0 | 0 | 0 | 0 | 0 | 0 | 0 | 0 | 0< | 0 | -1 | 0 | 0 | 4 | 128 ]
[ >116 | 0 | 0 | 0 | 0 | 0 | 0 | 0 | 0 | 0 | 0 | 0 | 0 | 0 | 0 | 0 | 0 | 0 | 0 | 0 | 0 | 0< | 0 | 0 | -1 | 0 | 0 | 4 | 128 ]
[ >116 | 0 | 0 | 0 | 0 | 0 | 0 | 0 | 0 | 0 | 0 | 0 | 0 | 0 | 0 | 0 | 0 | 0 | 0 | 0 | 0 | -1< | 0 | 0 | -1 | 0 | 0 | 4 | 128 ]
[ >115 | 0 | 0 | 0 | 0 | 0 | 0 | 0 | 0 | 0 | 0 | 0 | 0 | 0 | 0 | 0 | 0 | 0 | 0 | 0 | 0 | -1< | 0 | 0 | -1 | 0 | 0 | 4 | 128 ]
[ >115 | 0 | 0 | 0 | 0 | 0 | 0 | 0 | 0 | 0 | 0 | 0 | 0 | 0 | 0 | 0 | 0 | 0 | 0 | 0 | 0 | -1< | 0 | 0 | -1 | 0 | 0 | 4 | 128 ]
[ >114 | 0 | 0 | 0 | 0 | 0 | 0 | 0 | 0 | 0 | 0 | 0 | 0 | 0 | 0 | 0 | 0 | 0 | 0 | 0 | 0< | -1 | 0 | 0 | -1 | 0 | 0 | 4 | 128 ]
[ >114 | 0 | 0 | 0 | 0 | 0 | 0 | 0 | 0 | 0 | 0 | 0 | 0 | 0 | 0 | 0 | 0 | 0 | 0 | 0 | 0< | -1 | 0 | 0 | -1 | 0 | 0 | 4 | 128 ]
[ >113 | 0 | 0 | 0 | 0 | 0 | 0 | 0 | 0 | 0 | 0 | 0 | 0 | 0 | 0 | 0 | 0 | 0 | 0 | 0 | 0< | -1 | 0 | 0 | -1 | 0 | 0 | 4 | 128 ]
[ >113 | 0 | 0 | 0 | 0 | 0 | 0 | 0 | 0 | 0 | 0 | 0 | 0 | 0 | 0 | 0 | 0 | 0 | 0 | 0 | 0< | -1 | 0 | 0 | -1 | 0 | 0 | 4 | 128 ]
[ >112 | 0 | 0 | 0 | 0 | 0 | 0 | 0 | 0 | 0 | 0 | 0 | 0 | 0 | 0 | 0 | 0 | 0 | 0 | 0< | 0 | -1 | 0 | 0 | -1 | 0 | 0 | 4 | 128 ]
[ >112 | 0 | 0 | 0 | 0 | 0 | 0 | 0 | 0 | 0 | 0 | 0 | 0 | 0 | 0 | 0 | 0 | 0 | 0< | 0 | 0 | -1 | 0 | 0 | -1 | 0 | 0 | 4 | 128 ]
[ >111 | 0 | 0 | 0 | 0 | 0 | 0 | 0 | 0 | 0 | 0 | 0 | 0 | 0 | 0 | 0 | 0 | 0 | -1< | 0 | 0 | -1 | 0 | 0 | -1 | 0 | 0 | 4 | 128 ]
[ >111 | 0 | 0 | 0 | 0 | 0 | 0 | 0 | 0 | 0 | 0 | 0 | 0 | 0 | 0 | 0 | 0 | 0 | -1< | 0 | 0 | -1 | 0 | 0 | -1 | 0 | 0 | 4 | 128 ]
[ >110 | 0 | 0 | 0 | 0 | 0 | 0 | 0 | 0 | 0 | 0 | 0 | 0 | 0 | 0 | 0 | 0 | 0 | -1< | 0 | 0 | -1 | 0 | 0 | -1 | 0 | 0 | 4 | 128 ]
[ >110 | 0 | 0 | 0 | 0 | 0 | 0 | 0 | 0 | 0 | 0 | 0 | 0 | 0 | 0 | 0 | 0 | 0< | -1 | 0 | 0 | -1 | 0 | 0 | -1 | 0 | 0 | 4 | 128 ]
[ >109 | 0 | 0 | 0 | 0 | 0 | 0 | 0 | 0 | 0 | 0 | 0 | 0 | 0 | 0 | 0 | 0 | 0< | -1 | 0 | 0 | -1 | 0 | 0 | -1 | 0 | 0 | 4 | 128 ]
[ >109 | 0 | 0 | 0 | 0 | 0 | 0 | 0 | 0 | 0 | 0 | 0 | 0 | 0 | 0 | 0 | 0 | 0< | -1 | 0 | 0 | -1 | 0 | 0 | -1 | 0 | 0 | 4 | 128 ]
[ >108 | 0 | 0 | 0 | 0 | 0 | 0 | 0 | 0 | 0 | 0 | 0 | 0 | 0 | 0 | 0 | 0 | 0< | -1 | 0 | 0 | -1 | 0 | 0 | -1 | 0 | 0 | 4 | 128 ]
[ >108 | 0 | 0 | 0 | 0 | 0 | 0 | 0 | 0 | 0 | 0 | 0 | 0 | 0 | 0 | 0 | 0< | 0 | -1 | 0 | 0 | -1 | 0 | 0 | -1 | 0 | 0 | 4 | 128 ]
[ >107 | 0 | 0 | 0 | 0 | 0 | 0 | 0 | 0 | 0 | 0 | 0 | 0 | 0 | 0 | 0< | 0 | 0 | -1 | 0 | 0 | -1 | 0 | 0 | -1 | 0 | 0 | 4 | 128 ]
[ >107 | 0 | 0 | 0 | 0 | 0 | 0 | 0 | 0 | 0 | 0 | 0 | 0 | 0 | 0 | -1< | 0 | 0 | -1 | 0 | 0 | -1 | 0 | 0 | -1 | 0 | 0 | 4 | 128 ]
[ >106 | 0 | 0 | 0 | 0 | 0 | 0 | 0 | 0 | 0 | 0 | 0 | 0 | 0 | 0 | -1< | 0 | 0 | -1 | 0 | 0 | -1 | 0 | 0 | -1 | 0 | 0 | 4 | 128 ]
[ >106 | 0 | 0 | 0 | 0 | 0 | 0 | 0 | 0 | 0 | 0 | 0 | 0 | 0 | 0 | -1< | 0 | 0 | -1 | 0 | 0 | -1 | 0 | 0 | -1 | 0 | 0 | 4 | 128 ]
[ >105 | 0 | 0 | 0 | 0 | 0 | 0 | 0 | 0 | 0 | 0 | 0 | 0 | 0 | 0< | -1 | 0 | 0 | -1 | 0 | 0 | -1 | 0 | 0 | -1 | 0 | 0 | 4 | 128 ]
[ >105 | 0 | 0 | 0 | 0 | 0 | 0 | 0 | 0 | 0 | 0 | 0 | 0 | 0 | 0< | -1 | 0 | 0 | -1 | 0 | 0 | -1 | 0 | 0 | -1 | 0 | 0 | 4 | 128 ]
[ >104 | 0 | 0 | 0 | 0 | 0 | 0 | 0 | 0 | 0 | 0 | 0 | 0 | 0 | 0< | -1 | 0 | 0 | -1 | 0 | 0 | -1 | 0 | 0 | -1 | 0 | 0 | 4 | 128 ]
[ >104 | 0 | 0 | 0 | 0 | 0 | 0 | 0 | 0 | 0 | 0 | 0 | 0 | 0 | 0< | -1 | 0 | 0 | -1 | 0 | 0 | -1 | 0 | 0 | -1 | 0 | 0 | 4 | 128 ]
[ >103 | 0 | 0 | 0 | 0 | 0 | 0 | 0 | 0 | 0 | 0 | 0 | 0 | 0< | 0 | -1 | 0 | 0 | -1 | 0 | 0 | -1 | 0 | 0 | -1 | 0 | 0 | 4 | 128 ]
[ >103 | 0 | 0 | 0 | 0 | 0 | 0 | 0 | 0 | 0 | 0 | 0 | 0< | 0 | 0 | -1 | 0 | 0 | -1 | 0 | 0 | -1 | 0 | 0 | -1 | 0 | 0 | 4 | 128 ]
[ >102 | 0 | 0 | 0 | 0 | 0 | 0 | 0 | 0 | 0 | 0 | 0 | -1< | 0 | 0 | -1 | 0 | 0 | -1 | 0 | 0 | -1 | 0 | 0 | -1 | 0 | 0 | 4 | 128 ]
[ >102 | 0 | 0 | 0 | 0 | 0 | 0 | 0 | 0 | 0 | 0 | 0 | -1< | 0 | 0 | -1 | 0 | 0 | -1 | 0 | 0 | -1 | 0 | 0 | -1 | 0 | 0 | 4 | 128 ]
[ >101 | 0 | 0 | 0 | 0 | 0 | 0 | 0 | 0 | 0 | 0 | 0 | -1< | 0 | 0 | -1 | 0 | 0 | -1 | 0 | 0 | -1 | 0 | 0 | -1 | 0 | 0 | 4 | 128 ]
[ >101 | 0 | 0 | 0 | 0 | 0 | 0 | 0 | 0 | 0 | 0 | 0< | -1 | 0 | 0 | -1 | 0 | 0 | -1 | 0 | 0 | -1 | 0 | 0 | -1 | 0 | 0 | 4 | 128 ]
[ >100 | 0 | 0 | 0 | 0 | 0 | 0 | 0 | 0 | 0 | 0 | 0< | -1 | 0 | 0 | -1 | 0 | 0 | -1 | 0 | 0 | -1 | 0 | 0 | -1 | 0 | 0 | 4 | 128 ]
[ >100 | 0 | 0 | 0 | 0 | 0 | 0 | 0 | 0 | 0 | 0 | 0< | -1 | 0 | 0 | -1 | 0 | 0 | -1 | 0 | 0 | -1 | 0 | 0 | -1 | 0 | 0 | 4 | 128 ]
[ >99 | 0 | 0 | 0 | 0 | 0 | 0 | 0 | 0 | 0 | 0 | 0< | -1 | 0 | 0 | -1 | 0 | 0 | -1 | 0 | 0 | -1 | 0 | 0 | -1 | 0 | 0 | 4 | 128 ]
[ >99 | 0 | 0 | 0 | 0 | 0 | 0 | 0 | 0 | 0 | 0< | 0 | -1 | 0 | 0 | -1 | 0 | 0 | -1 | 0 | 0 | -1 | 0 | 0 | -1 | 0 | 0 | 4 | 128 ]
[ >98 | 0 | 0 | 0 | 0 | 0 | 0 | 0 | 0 | 0< | 0 | 0 | -1 | 0 | 0 | -1 | 0 | 0 | -1 | 0 | 0 | -1 | 0 | 0 | -1 | 0 | 0 | 4 | 128 ]
[ >98 | 0 | 0 | 0 | 0 | 0 | 0 | 0 | 0 | -1< | 0 | 0 | -1 | 0 | 0 | -1 | 0 | 0 | -1 | 0 | 0 | -1 | 0 | 0 | -1 | 0 | 0 | 4 | 128 ]
[ >97 | 0 | 0 | 0 | 0 | 0 | 0 | 0 | 0 | -1< | 0 | 0 | -1 | 0 | 0 | -1 | 0 | 0 | -1 | 0 | 0 | -1 | 0 | 0 | -1 | 0 | 0 | 4 | 128 ]
[ >97 | 0 | 0 | 0 | 0 | 0 | 0 | 0 | 0 | -1< | 0 | 0 | -1 | 0 | 0 | -1 | 0 | 0 | -1 | 0 | 0 | -1 | 0 | 0 | -1 | 0 | 0 | 4 | 128 ]
[ >96 | 0 | 0 | 0 | 0 | 0 | 0 | 0 | 0< | -1 | 0 | 0 | -1 | 0 | 0 | -1 | 0 | 0 | -1 | 0 | 0 | -1 | 0 | 0 | -1 | 0 | 0 | 4 | 128 ]
[ >96 | 0 | 0 | 0 | 0 | 0 | 0 | 0 | 0< | -1 | 0 | 0 | -1 | 0 | 0 | -1 | 0 | 0 | -1 | 0 | 0 | -1 | 0 | 0 | -1 | 0 | 0 | 4 | 128 ]
[ >95 | 0 | 0 | 0 | 0 | 0 | 0 | 0 | 0< | -1 | 0 | 0 | -1 | 0 | 0 | -1 | 0 | 0 | -1 | 0 | 0 | -1 | 0 | 0 | -1 | 0 | 0 | 4 | 128 ]
[ >95 | 0 | 0 | 0 | 0 | 0 | 0 | 0 | 0< | -1 | 0 | 0 | -1 | 0 | 0 | -1 | 0 | 0 | -1 | 0 | 0 | -1 | 0 | 0 | -1 | 0 | 0 | 4 | 128 ]
[ >94 | 0 | 0 | 0 | 0 | 0 | 0 | 0< | 0 | -1 | 0 | 0 | -1 | 0 | 0 | -1 | 0 | 0 | -1 | 0 | 0 | -1 | 0 | 0 | -1 | 0 | 0 | 4 | 128 ]
[ >94 | 0 | 0 | 0 | 0 | 0 | 0< | 0 | 0 | -1 | 0 | 0 | -1 | 0 | 0 | -1 | 0 | 0 | -1 | 0 | 0 | -1 | 0 | 0 | -1 | 0 | 0 | 4 | 128 ]
[ >93 | 0 | 0 | 0 | 0 | 0 | -1< | 0 | 0 | -1 | 0 | 0 | -1 | 0 | 0 | -1 | 0 | 0 | -1 | 0 | 0 | -1 | 0 | 0 | -1 | 0 | 0 | 4 | 128 ]
[ >93 | 0 | 0 | 0 | 0 | 0 | -1< | 0 | 0 | -1 | 0 | 0 | -1 | 0 | 0 | -1 | 0 | 0 | -1 | 0 | 0 | -1 | 0 | 0 | -1 | 0 | 0 | 4 | 128 ]
[ >92 | 0 | 0 | 0 | 0 | 0 | -1< | 0 | 0 | -1 | 0 | 0 | -1 | 0 | 0 | -1 | 0 | 0 | -1 | 0 | 0 | -1 | 0 | 0 | -1 | 0 | 0 | 4 | 128 ]
[ >92 | 0 | 0 | 0 | 0 | 0< | -1 | 0 | 0 | -1 | 0 | 0 | -1 | 0 | 0 | -1 | 0 | 0 | -1 | 0 | 0 | -1 | 0 | 0 | -1 | 0 | 0 | 4 | 128 ]
[ >91 | 0 | 0 | 0 | 0 | 0< | -1 | 0 | 0 | -1 | 0 | 0 | -1 | 0 | 0 | -1 | 0 | 0 | -1 | 0 | 0 | -1 | 0 | 0 | -1 | 0 | 0 | 4 | 128 ]
[ >91 | 0 | 0 | 0 | 0 | 0< | -1 | 0 | 0 | -1 | 0 | 0 | -1 | 0 | 0 | -1 | 0 | 0 | -1 | 0 | 0 | -1 | 0 | 0 | -1 | 0 | 0 | 4 | 128 ]
[ >90 | 0 | 0 | 0 | 0 | 0< | -1 | 0 | 0 | -1 | 0 | 0 | -1 | 0 | 0 | -1 | 0 | 0 | -1 | 0 | 0 | -1 | 0 | 0 | -1 | 0 | 0 | 4 | 128 ]
[ >90 | 0 | 0 | 0 | 0< | 0 | -1 | 0 | 0 | -1 | 0 | 0 | -1 | 0 | 0 | -1 | 0 | 0 | -1 | 0 | 0 | -1 | 0 | 0 | -1 | 0 | 0 | 4 | 128 ]
[ >89 | 0 | 0 | 0< | 0 | 0 | -1 | 0 | 0 | -1 | 0 | 0 | -1 | 0 | 0 | -1 | 0 | 0 | -1 | 0 | 0 | -1 | 0 | 0 | -1 | 0 | 0 | 4 | 128 ]
[ >89 | 0 | 0 | -1< | 0 | 0 | -1 | 0 | 0 | -1 | 0 | 0 | -1 | 0 | 0 | -1 | 0 | 0 | -1 | 0 | 0 | -1 | 0 | 0 | -1 | 0 | 0 | 4 | 128 ]
[ >88 | 0 | 0 | -1< | 0 | 0 | -1 | 0 | 0 | -1 | 0 | 0 | -1 | 0 | 0 | -1 | 0 | 0 | -1 | 0 | 0 | -1 | 0 | 0 | -1 | 0 | 0 | 4 | 128 ]
[ >88 | 0 | 0 | -1< | 0 | 0 | -1 | 0 | 0 | -1 | 0 | 0 | -1 | 0 | 0 | -1 | 0 | 0 | -1 | 0 | 0 | -1 | 0 | 0 | -1 | 0 | 0 | 4 | 128 ]
[ >87 | 0 | 0< | -1 | 0 | 0 | -1 | 0 | 0 | -1 | 0 | 0 | -1 | 0 | 0 | -1 | 0 | 0 | -1 | 0 | 0 | -1 | 0 | 0 | -1 | 0 | 0 | 4 | 128 ]
[ >87 | 0 | 0< | -1 | 0 | 0 | -1 | 0 | 0 | -1 | 0 | 0 | -1 | 0 | 0 | -1 | 0 | 0 | -1 | 0 | 0 | -1 | 0 | 0 | -1 | 0 | 0 | 4 | 128 ]
[ >86 | 0 | 0< | -1 | 0 | 0 | -1 | 0 | 0 | -1 | 0 | 0 | -1 | 0 | 0 | -1 | 0 | 0 | -1 | 0 | 0 | -1 | 0 | 0 | -1 | 0 | 0 | 4 | 128 ]
[ >86 | 0 | 0< | -1 | 0 | 0 | -1 | 0 | 0 | -1 | 0 | 0 | -1 | 0 | 0 | -1 | 0 | 0 | -1 | 0 | 0 | -1 | 0 | 0 | -1 | 0 | 0 | 4 | 128 ]
[ >85 | 0< | 0 | -1 | 0 | 0 | -1 | 0 | 0 | -1 | 0 | 0 | -1 | 0 | 0 | -1 | 0 | 0 | -1 | 0 | 0 | -1 | 0 | 0 | -1 | 0 | 0 | 4 | 128 ]
[ >85< | 0 | 0 | -1 | 0 | 0 | -1 | 0 | 0 | -1 | 0 | 0 | -1 | 0 | 0 | -1 | 0 | 0 | -1 | 0 | 0 | -1 | 0 | 0 | -1 | 0 | 0 | 4 | 128 ]
[ >83< | 0 | 0 | -1 | 0 | 0 | -1 | 0 | 0 | -1 | 0 | 0 | -1 | 0 | 0 | -1 | 0 | 0 | -1 | 0 | 0 | -1 | 0 | 0 | -1 | 0 | 0 | 4 | 128 ]
[ >83< | 0 | 0 | -1 | 0 | 0 | -1 | 0 | 0 | -1 | 0 | 0 | -1 | 0 | 0 | -1 | 0 | 0 | -1 | 0 | 0 | -1 | 0 | 0 | -1 | 0 | 0 | 4 | 128 ]
[ >82< | 0 | 0 | -1 | 0 | 0 | -1 | 0 | 0 | -1 | 0 | 0 | -1 | 0 | 0 | -1 | 0 | 0 | -1 | 0 | 0 | -1 | 0 | 0 | -1 | 0 | 0 | 4 | 128 ]
[ >82 | 0 | 0 | -1 | 0 | 0 | -1 | 0 | 0 | -1 | 0 | 0 | -1 | 0 | 0 | -1 | 0 | 0 | -1 | 0 | 0 | -1 | 0 | 0 | -1 | 0 | 0 | 4 | 128< ]

===== Dumberbot won the battle after 91 cycles =====



===== Starting battle of <Dumberbot> vs <PrussianRoulette> with memory tape size: 20 =====

[ >128 | 0 | 0 | 0 | 0 | 0 | 0 | 0 | 0 | 0 | 0 | 0 | 0 | 0 | 0 | 0 | 0 | 0 | 0 | 128< ]
[ >128 | 0 | 0 | 0 | 0 | 0 | 0 | 0 | 0 | 0 | 0 | 0 | 0 | 0 | 0 | 0 | 0 | 0 | 0< | 128 ]
[ >127 | 0 | 0 | 0 | 0 | 0 | 0 | 0 | 0 | 0 | 0 | 0 | 0 | 0 | 0 | 0 | 0 | 0 | 1< | 128 ]
[ >127 | 0 | 0 | 0 | 0 | 0 | 0 | 0 | 0 | 0 | 0 | 0 | 0 | 0 | 0 | 0 | 0 | 0 | 2< | 128 ]
[ >126 | 0 | 0 | 0 | 0 | 0 | 0 | 0 | 0 | 0 | 0 | 0 | 0 | 0 | 0 | 0 | 0 | 0 | 3< | 128 ]
[ >126 | 0 | 0 | 0 | 0 | 0 | 0 | 0 | 0 | 0 | 0 | 0 | 0 | 0 | 0 | 0 | 0 | 0 | 4< | 128 ]
[ >125 | 0 | 0 | 0 | 0 | 0 | 0 | 0 | 0 | 0 | 0 | 0 | 0 | 0 | 0 | 0 | 0 | 0 | 5< | 128 ]
[ >125 | 0 | 0 | 0 | 0 | 0 | 0 | 0 | 0 | 0 | 0 | 0 | 0 | 0 | 0 | 0 | 0 | 0 | 4< | 128 ]
[ >124 | 0 | 0 | 0 | 0 | 0 | 0 | 0 | 0 | 0 | 0 | 0 | 0 | 0 | 0 | 0 | 0 | 0 | 4< | 128 ]
[ >124 | 0 | 0 | 0 | 0 | 0 | 0 | 0 | 0 | 0 | 0 | 0 | 0 | 0 | 0 | 0 | 0 | 0 | 4< | 128 ]
[ >123 | 0 | 0 | 0 | 0 | 0 | 0 | 0 | 0 | 0 | 0 | 0 | 0 | 0 | 0 | 0 | 0 | 0< | 4 | 128 ]
[ >123 | 0 | 0 | 0 | 0 | 0 | 0 | 0 | 0 | 0 | 0 | 0 | 0 | 0 | 0 | 0 | 0 | 0< | 4 | 128 ]
[ >122 | 0 | 0 | 0 | 0 | 0 | 0 | 0 | 0 | 0 | 0 | 0 | 0 | 0 | 0 | 0 | 0 | 0< | 4 | 128 ]
[ >122 | 0 | 0 | 0 | 0 | 0 | 0 | 0 | 0 | 0 | 0 | 0 | 0 | 0 | 0 | 0 | 0 | 0< | 4 | 128 ]
[ >121 | 0 | 0 | 0 | 0 | 0 | 0 | 0 | 0 | 0 | 0 | 0 | 0 | 0 | 0 | 0 | 0< | 0 | 4 | 128 ]
[ >121 | 0 | 0 | 0 | 0 | 0 | 0 | 0 | 0 | 0 | 0 | 0 | 0 | 0 | 0 | 0< | 0 | 0 | 4 | 128 ]
[ >120 | 0 | 0 | 0 | 0 | 0 | 0 | 0 | 0 | 0 | 0 | 0 | 0 | 0 | 0 | -1< | 0 | 0 | 4 | 128 ]
[ >120 | 0 | 0 | 0 | 0 | 0 | 0 | 0 | 0 | 0 | 0 | 0 | 0 | 0 | 0 | -1< | 0 | 0 | 4 | 128 ]
[ >119 | 0 | 0 | 0 | 0 | 0 | 0 | 0 | 0 | 0 | 0 | 0 | 0 | 0 | 0 | -1< | 0 | 0 | 4 | 128 ]
[ >119 | 0 | 0 | 0 | 0 | 0 | 0 | 0 | 0 | 0 | 0 | 0 | 0 | 0 | 0< | -1 | 0 | 0 | 4 | 128 ]
[ >118 | 0 | 0 | 0 | 0 | 0 | 0 | 0 | 0 | 0 | 0 | 0 | 0 | 0 | 0< | -1 | 0 | 0 | 4 | 128 ]
[ >118 | 0 | 0 | 0 | 0 | 0 | 0 | 0 | 0 | 0 | 0 | 0 | 0 | 0 | 0< | -1 | 0 | 0 | 4 | 128 ]
[ >117 | 0 | 0 | 0 | 0 | 0 | 0 | 0 | 0 | 0 | 0 | 0 | 0 | 0 | 0< | -1 | 0 | 0 | 4 | 128 ]
[ >117 | 0 | 0 | 0 | 0 | 0 | 0 | 0 | 0 | 0 | 0 | 0 | 0 | 0< | 0 | -1 | 0 | 0 | 4 | 128 ]
[ >116 | 0 | 0 | 0 | 0 | 0 | 0 | 0 | 0 | 0 | 0 | 0 | 0< | 0 | 0 | -1 | 0 | 0 | 4 | 128 ]
[ >116 | 0 | 0 | 0 | 0 | 0 | 0 | 0 | 0 | 0 | 0 | 0 | -1< | 0 | 0 | -1 | 0 | 0 | 4 | 128 ]
[ >115 | 0 | 0 | 0 | 0 | 0 | 0 | 0 | 0 | 0 | 0 | 0 | -1< | 0 | 0 | -1 | 0 | 0 | 4 | 128 ]
[ >115 | 0 | 0 | 0 | 0 | 0 | 0 | 0 | 0 | 0 | 0 | 0 | -1< | 0 | 0 | -1 | 0 | 0 | 4 | 128 ]
[ >114 | 0 | 0 | 0 | 0 | 0 | 0 | 0 | 0 | 0 | 0 | 0< | -1 | 0 | 0 | -1 | 0 | 0 | 4 | 128 ]
[ >114 | 0 | 0 | 0 | 0 | 0 | 0 | 0 | 0 | 0 | 0 | 0< | -1 | 0 | 0 | -1 | 0 | 0 | 4 | 128 ]
[ >113 | 0 | 0 | 0 | 0 | 0 | 0 | 0 | 0 | 0 | 0 | 0< | -1 | 0 | 0 | -1 | 0 | 0 | 4 | 128 ]
[ >113 | 0 | 0 | 0 | 0 | 0 | 0 | 0 | 0 | 0 | 0 | 0< | -1 | 0 | 0 | -1 | 0 | 0 | 4 | 128 ]
[ >112 | 0 | 0 | 0 | 0 | 0 | 0 | 0 | 0 | 0 | 0< | 0 | -1 | 0 | 0 | -1 | 0 | 0 | 4 | 128 ]
[ >112 | 0 | 0 | 0 | 0 | 0 | 0 | 0 | 0 | 0< | 0 | 0 | -1 | 0 | 0 | -1 | 0 | 0 | 4 | 128 ]
[ >111 | 0 | 0 | 0 | 0 | 0 | 0 | 0 | 0 | -1< | 0 | 0 | -1 | 0 | 0 | -1 | 0 | 0 | 4 | 128 ]
[ >111 | 0 | 0 | 0 | 0 | 0 | 0 | 0 | 0 | -1< | 0 | 0 | -1 | 0 | 0 | -1 | 0 | 0 | 4 | 128 ]
[ >110 | 0 | 0 | 0 | 0 | 0 | 0 | 0 | 0 | -1< | 0 | 0 | -1 | 0 | 0 | -1 | 0 | 0 | 4 | 128 ]
[ >110 | 0 | 0 | 0 | 0 | 0 | 0 | 0 | 0< | -1 | 0 | 0 | -1 | 0 | 0 | -1 | 0 | 0 | 4 | 128 ]
[ >109 | 0 | 0 | 0 | 0 | 0 | 0 | 0 | 0< | -1 | 0 | 0 | -1 | 0 | 0 | -1 | 0 | 0 | 4 | 128 ]
[ >109 | 0 | 0 | 0 | 0 | 0 | 0 | 0 | 0< | -1 | 0 | 0 | -1 | 0 | 0 | -1 | 0 | 0 | 4 | 128 ]
[ >108 | 0 | 0 | 0 | 0 | 0 | 0 | 0 | 0< | -1 | 0 | 0 | -1 | 0 | 0 | -1 | 0 | 0 | 4 | 128 ]
[ >108 | 0 | 0 | 0 | 0 | 0 | 0 | 0< | 0 | -1 | 0 | 0 | -1 | 0 | 0 | -1 | 0 | 0 | 4 | 128 ]
[ >107 | 0 | 0 | 0 | 0 | 0 | 0< | 0 | 0 | -1 | 0 | 0 | -1 | 0 | 0 | -1 | 0 | 0 | 4 | 128 ]
[ >107 | 0 | 0 | 0 | 0 | 0 | -1< | 0 | 0 | -1 | 0 | 0 | -1 | 0 | 0 | -1 | 0 | 0 | 4 | 128 ]
[ >106 | 0 | 0 | 0 | 0 | 0 | -1< | 0 | 0 | -1 | 0 | 0 | -1 | 0 | 0 | -1 | 0 | 0 | 4 | 128 ]
[ >106 | 0 | 0 | 0 | 0 | 0 | -1< | 0 | 0 | -1 | 0 | 0 | -1 | 0 | 0 | -1 | 0 | 0 | 4 | 128 ]
[ >105 | 0 | 0 | 0 | 0 | 0< | -1 | 0 | 0 | -1 | 0 | 0 | -1 | 0 | 0 | -1 | 0 | 0 | 4 | 128 ]
[ >105 | 0 | 0 | 0 | 0 | 0< | -1 | 0 | 0 | -1 | 0 | 0 | -1 | 0 | 0 | -1 | 0 | 0 | 4 | 128 ]
[ >104 | 0 | 0 | 0 | 0 | 0< | -1 | 0 | 0 | -1 | 0 | 0 | -1 | 0 | 0 | -1 | 0 | 0 | 4 | 128 ]
[ >104 | 0 | 0 | 0 | 0 | 0< | -1 | 0 | 0 | -1 | 0 | 0 | -1 | 0 | 0 | -1 | 0 | 0 | 4 | 128 ]
[ >103 | 0 | 0 | 0 | 0< | 0 | -1 | 0 | 0 | -1 | 0 | 0 | -1 | 0 | 0 | -1 | 0 | 0 | 4 | 128 ]
[ >103 | 0 | 0 | 0< | 0 | 0 | -1 | 0 | 0 | -1 | 0 | 0 | -1 | 0 | 0 | -1 | 0 | 0 | 4 | 128 ]
[ >102 | 0 | 0 | -1< | 0 | 0 | -1 | 0 | 0 | -1 | 0 | 0 | -1 | 0 | 0 | -1 | 0 | 0 | 4 | 128 ]
[ >102 | 0 | 0 | -1< | 0 | 0 | -1 | 0 | 0 | -1 | 0 | 0 | -1 | 0 | 0 | -1 | 0 | 0 | 4 | 128 ]
[ >101 | 0 | 0 | -1< | 0 | 0 | -1 | 0 | 0 | -1 | 0 | 0 | -1 | 0 | 0 | -1 | 0 | 0 | 4 | 128 ]
[ >101 | 0 | 0< | -1 | 0 | 0 | -1 | 0 | 0 | -1 | 0 | 0 | -1 | 0 | 0 | -1 | 0 | 0 | 4 | 128 ]
[ >100 | 0 | 0< | -1 | 0 | 0 | -1 | 0 | 0 | -1 | 0 | 0 | -1 | 0 | 0 | -1 | 0 | 0 | 4 | 128 ]
[ >100 | 0 | 0< | -1 | 0 | 0 | -1 | 0 | 0 | -1 | 0 | 0 | -1 | 0 | 0 | -1 | 0 | 0 | 4 | 128 ]
[ >99 | 0 | 0< | -1 | 0 | 0 | -1 | 0 | 0 | -1 | 0 | 0 | -1 | 0 | 0 | -1 | 0 | 0 | 4 | 128 ]
[ >99 | 0< | 0 | -1 | 0 | 0 | -1 | 0 | 0 | -1 | 0 | 0 | -1 | 0 | 0 | -1 | 0 | 0 | 4 | 128 ]
[ >98< | 0 | 0 | -1 | 0 | 0 | -1 | 0 | 0 | -1 | 0 | 0 | -1 | 0 | 0 | -1 | 0 | 0 | 4 | 128 ]
[ >97< | 0 | 0 | -1 | 0 | 0 | -1 | 0 | 0 | -1 | 0 | 0 | -1 | 0 | 0 | -1 | 0 | 0 | 4 | 128 ]
[ >96< | 0 | 0 | -1 | 0 | 0 | -1 | 0 | 0 | -1 | 0 | 0 | -1 | 0 | 0 | -1 | 0 | 0 | 4 | 128 ]
[ >96< | 0 | 0 | -1 | 0 | 0 | -1 | 0 | 0 | -1 | 0 | 0 | -1 | 0 | 0 | -1 | 0 | 0 | 4 | 128 ]
[ >95 | 0 | 0 | -1 | 0 | 0 | -1 | 0 | 0 | -1 | 0 | 0 | -1 | 0 | 0 | -1 | 0 | 0 | 4 | 128< ]

===== Dumberbot won the battle after 64 cycles =====



===== Dumberbot.bf vs. PrussianRoulette.bf finished with 10:0 =====