===== Starting battle of <GetOffMate> vs <SeeSawRush> with memory tape size: 18 =====

[ >128 | 0 | 0 | 0 | 0 | 0 | 0 | 0 | 0 | 0 | 0 | 0 | 0 | 0 | 0 | 0 | 0 | 128< ]
[ 128 | >0 | 0 | 0 | 0 | 0 | 0 | 0 | 0 | 0 | 0 | 0 | 0 | 0 | 0 | 0 | 0< | 128 ]
[ 128 | 0 | >0 | 0 | 0 | 0 | 0 | 0 | 0 | 0 | 0 | 0 | 0 | 0 | 0 | 0< | 0 | 128 ]
[ 128 | 0 | 0 | >0 | 0 | 0 | 0 | 0 | 0 | 0 | 0 | 0 | 0 | 0 | 0< | 0 | 0 | 128 ]
[ 128 | 0 | 0 | 0 | >0 | 0 | 0 | 0 | 0 | 0 | 0 | 0 | 0 | 0< | 0 | 0 | 0 | 128 ]
[ 128 | 0 | 0 | 0 | 0 | >0 | 0 | 0 | 0 | 0 | 0 | 0 | 0 | -1< | 0 | 0 | 0 | 128 ]
[ 128 | 0 | 0 | 0 | 0 | 0 | >0 | 0 | 0 | 0 | 0 | 0 | 0 | -2< | 0 | 0 | 0 | 128 ]
[ 128 | 0 | 0 | 0 | 0 | 0 | 0 | >0 | 0 | 0 | 0 | 0 | 0 | -3< | 0 | 0 | 0 | 128 ]
[ 128 | 0 | 0 | 0 | 0 | 0 | 0 | 0 | >0 | 0 | 0 | 0 | 0 | -4< | 0 | 0 | 0 | 128 ]
[ 128 | 0 | 0 | 0 | 0 | 0 | 0 | 0 | 0 | >0 | 0 | 0 | 0 | -5< | 0 | 0 | 0 | 128 ]
[ 128 | 0 | 0 | 0 | 0 | 0 | 0 | 0 | 0 | 0 | >0 | 0 | 0 | -6< | 0 | 0 | 0 | 128 ]
[ 128 | 0 | 0 | 0 | 0 | 0 | 0 | 0 | 0 | 0 | 0 | >0 | 0 | -6 | 0< | 0 | 0 | 128 ]
[ 128 | 0 | 0 | 0 | 0 | 0 | 0 | 0 | 0 | 0 | 0 | 0 | >0 | -6 | 1< | 0 | 0 | 128 ]
[ 128 | 0 | 0 | 0 | 0 | 0 | 0 | 0 | 0 | 0 | 0 | 0 | 0 | >-6 | 2< | 0 | 0 | 128 ]
[ 128 | 0 | 0 | 0 | 0 | 0 | 0 | 0 | 0 | 0 | 0 | 0 | 0 | -6 | >3< | 0 | 0 | 128 ]
[ 128 | 0 | 0 | 0 | 0 | 0 | 0 | 0 | 0 | 0 | 0 | 0 | 0 | -6 | 4< | >0 | 0 | 128 ]
[ 128 | 0 | 0 | 0 | 0 | 0 | 0 | 0 | 0 | 0 | 0 | 0 | 0 | -6 | 5< | 0 | >0 | 128 ]
[ 128 | 0 | 0 | 0 | 0 | 0 | 0 | 0 | 0 | 0 | 0 | 0 | 0 | -6 | 5 | 0< | 0 | >128 ]
[ >128 | 0 | 0 | 0 | 0 | 0 | 0 | 0 | 0 | 0 | 0 | 0 | 0 | -6 | 5 | -1< | 0 | 128 ]

===== SeeSawRush won the battle after 18 cycles =====



===== Starting battle of <GetOffMate> vs <SeeSawRush> with memory tape size: 10 =====

[ >128 | 0 | 0 | 0 | 0 | 0 | 0 | 0 | 0 | 128< ]
[ 128 | >0 | 0 | 0 | 0 | 0 | 0 | 0 | 0< | 128 ]
[ 128 | 0 | >0 | 0 | 0 | 0 | 0 | 0< | 0 | 128 ]
[ 128 | 0 | 0 | >0 | 0 | 0 | 0< | 0 | 0 | 128 ]
[ 128 | 0 | 0 | 0 | >0 | 0< | 0 | 0 | 0 | 128 ]
[ 128 | 0 | 0 | 0 | 0 | >-1< | 0 | 0 | 0 | 128 ]
[ 128 | 0 | 0 | 0 | 0 | -2< | >0 | 0 | 0 | 128 ]
[ 128 | 0 | 0 | 0 | 0 | -3< | 0 | >0 | 0 | 128 ]
[ 128 | 0 | 0 | 0 | 0 | -4< | 0 | 0 | >0 | 128 ]
[ 128 | 0 | 0 | 0 | 0 | -5< | 0 | 0 | 0 | >128 ]
[ >128 | 0 | 0 | 0 | 0 | -6< | 0 | 0 | 0 | 128 ]

===== SeeSawRush won the battle after 10 cycles =====



===== Starting battle of <GetOffMate> vs <SeeSawRush> with memory tape size: 21 =====

[ >128 | 0 | 0 | 0 | 0 | 0 | 0 | 0 | 0 | 0 | 0 | 0 | 0 | 0 | 0 | 0 | 0 | 0 | 0 | 0 | 128< ]
[ 128 | >0 | 0 | 0 | 0 | 0 | 0 | 0 | 0 | 0 | 0 | 0 | 0 | 0 | 0 | 0 | 0 | 0 | 0 | 0< | 128 ]
[ 128 | 0 | >0 | 0 | 0 | 0 | 0 | 0 | 0 | 0 | 0 | 0 | 0 | 0 | 0 | 0 | 0 | 0 | 0< | 0 | 128 ]
[ 128 | 0 | 0 | >0 | 0 | 0 | 0 | 0 | 0 | 0 | 0 | 0 | 0 | 0 | 0 | 0 | 0 | 0< | 0 | 0 | 128 ]
[ 128 | 0 | 0 | 0 | >0 | 0 | 0 | 0 | 0 | 0 | 0 | 0 | 0 | 0 | 0 | 0 | 0< | 0 | 0 | 0 | 128 ]
[ 128 | 0 | 0 | 0 | 0 | >0 | 0 | 0 | 0 | 0 | 0 | 0 | 0 | 0 | 0 | 0 | -1< | 0 | 0 | 0 | 128 ]
[ 128 | 0 | 0 | 0 | 0 | 0 | >0 | 0 | 0 | 0 | 0 | 0 | 0 | 0 | 0 | 0 | -2< | 0 | 0 | 0 | 128 ]
[ 128 | 0 | 0 | 0 | 0 | 0 | 0 | >0 | 0 | 0 | 0 | 0 | 0 | 0 | 0 | 0 | -3< | 0 | 0 | 0 | 128 ]
[ 128 | 0 | 0 | 0 | 0 | 0 | 0 | 0 | >0 | 0 | 0 | 0 | 0 | 0 | 0 | 0 | -4< | 0 | 0 | 0 | 128 ]
[ 128 | 0 | 0 | 0 | 0 | 0 | 0 | 0 | 0 | >0 | 0 | 0 | 0 | 0 | 0 | 0 | -5< | 0 | 0 | 0 | 128 ]
[ 128 | 0 | 0 | 0 | 0 | 0 | 0 | 0 | 0 | 0 | >0 | 0 | 0 | 0 | 0 | 0 | -6< | 0 | 0 | 0 | 128 ]
[ 128 | 0 | 0 | 0 | 0 | 0 | 0 | 0 | 0 | 0 | 0 | >0 | 0 | 0 | 0 | 0 | -6 | 0< | 0 | 0 | 128 ]
[ 128 | 0 | 0 | 0 | 0 | 0 | 0 | 0 | 0 | 0 | 0 | 0 | >0 | 0 | 0 | 0 | -6 | 1< | 0 | 0 | 128 ]
[ 128 | 0 | 0 | 0 | 0 | 0 | 0 | 0 | 0 | 0 | 0 | 0 | 0 | >0 | 0 | 0 | -6 | 2< | 0 | 0 | 128 ]
[ 128 | 0 | 0 | 0 | 0 | 0 | 0 | 0 | 0 | 0 | 0 | 0 | 0 | 0 | >0 | 0 | -6 | 3< | 0 | 0 | 128 ]
[ 128 | 0 | 0 | 0 | 0 | 0 | 0 | 0 | 0 | 0 | 0 | 0 | 0 | 0 | 0 | >0 | -6 | 4< | 0 | 0 | 128 ]
[ 128 | 0 | 0 | 0 | 0 | 0 | 0 | 0 | 0 | 0 | 0 | 0 | 0 | 0 | 0 | 0 | >-6 | 5< | 0 | 0 | 128 ]
[ 128 | 0 | 0 | 0 | 0 | 0 | 0 | 0 | 0 | 0 | 0 | 0 | 0 | 0 | 0 | 0 | -6 | >5 | 0< | 0 | 128 ]
[ 128 | 0 | 0 | 0 | 0 | 0 | 0 | 0 | 0 | 0 | 0 | 0 | 0 | 0 | 0 | 0 | -6 | 5 | >-1< | 0 | 128 ]
[ 128 | 0 | 0 | 0 | 0 | 0 | 0 | 0 | 0 | 0 | 0 | 0 | 0 | 0 | 0 | 0 | -6 | 5 | -2< | >0 | 128 ]
[ 128 | 0 | 0 | 0 | 0 | 0 | 0 | 0 | 0 | 0 | 0 | 0 | 0 | 0 | 0 | 0 | -6 | 5 | -3< | >0 | 128 ]
[ 128 | 0 | 0 | 0 | 0 | 0 | 0 | 0 | 0 | 0 | 0 | 0 | 0 | 0 | 0 | 0 | -6 | 5 | -4< | 0 | >128 ]
[ 128 | 0 | 0 | 0 | 0 | 0 | 0 | 0 | 0 | 0 | 0 | 0 | 0 | 0 | 0 | 0 | -6 | 5 | -4 | 0< | >128 ]
[ 128 | 0 | 0 | 0 | 0 | 0 | 0 | 0 | 0 | 0 | 0 | 0 | 0 | 0 | 0 | 0 | -6 | 5 | -4 | 1< | >-127 ]
[ 128 | 0 | 0 | 0 | 0 | 0 | 0 | 0 | 0 | 0 | 0 | 0 | 0 | 0 | 0 | 0 | -6 | 5 | -4 | 2< | >-126 ]
[ 128 | 0 | 0 | 0 | 0 | 0 | 0 | 0 | 0 | 0 | 0 | 0 | 0 | 0 | 0 | 0 | -6 | 5 | -4 | 3< | >-125 ]
[ 128 | 0 | 0 | 0 | 0 | 0 | 0 | 0 | 0 | 0 | 0 | 0 | 0 | 0 | 0 | 0 | -6 | 5 | -4< | 3 | >-124 ]
[ 128 | 0 | 0 | 0 | 0 | 0 | 0 | 0 | 0 | 0 | 0 | 0 | 0 | 0 | 0 | 0 | -6 | 5< | -4 | 3 | >-123 ]
[ 128 | 0 | 0 | 0 | 0 | 0 | 0 | 0 | 0 | 0 | 0 | 0 | 0 | 0 | 0 | 0 | -6< | 5 | -4 | 3 | >-122 ]
[ 128 | 0 | 0 | 0 | 0 | 0 | 0 | 0 | 0 | 0 | 0 | 0 | 0 | 0 | 0 | 0< | -6 | 5 | -4 | 3 | >-122 ]
[ 128 | 0 | 0 | 0 | 0 | 0 | 0 | 0 | 0 | 0 | 0 | 0 | 0 | 0 | 0 | -1< | -6 | 5 | -4 | 3 | >-123 ]
[ 128 | 0 | 0 | 0 | 0 | 0 | 0 | 0 | 0 | 0 | 0 | 0 | 0 | 0 | 0 | -2< | -6 | 5 | -4 | 3 | >-123 ]
[ 128 | 0 | 0 | 0 | 0 | 0 | 0 | 0 | 0 | 0 | 0 | 0 | 0 | 0 | 0 | -3< | -6 | 5 | -4 | 3 | >-124 ]
[ 128 | 0 | 0 | 0 | 0 | 0 | 0 | 0 | 0 | 0 | 0 | 0 | 0 | 0 | 0 | -4< | -6 | 5 | -4 | 3 | >-124 ]
[ 128 | 0 | 0 | 0 | 0 | 0 | 0 | 0 | 0 | 0 | 0 | 0 | 0 | 0 | 0 | -5< | -6 | 5 | -4 | 3 | >-125 ]
[ 128 | 0 | 0 | 0 | 0 | 0 | 0 | 0 | 0 | 0 | 0 | 0 | 0 | 0 | 0< | -5 | -6 | 5 | -4 | 3 | >-125 ]
[ 128 | 0 | 0 | 0 | 0 | 0 | 0 | 0 | 0 | 0 | 0 | 0 | 0 | 0 | 1< | -5 | -6 | 5 | -4 | 3 | >-126 ]
[ 128 | 0 | 0 | 0 | 0 | 0 | 0 | 0 | 0 | 0 | 0 | 0 | 0 | 0 | 2< | -5 | -6 | 5 | -4 | 3 | >-126 ]
[ 128 | 0 | 0 | 0 | 0 | 0 | 0 | 0 | 0 | 0 | 0 | 0 | 0 | 0 | 3< | -5 | -6 | 5 | -4 | 3 | >-127 ]
[ 128 | 0 | 0 | 0 | 0 | 0 | 0 | 0 | 0 | 0 | 0 | 0 | 0 | 0 | 4< | -5 | -6 | 5 | -4 | 3 | >-127 ]
[ 128 | 0 | 0 | 0 | 0 | 0 | 0 | 0 | 0 | 0 | 0 | 0 | 0 | 0 | 5< | -5 | -6 | 5 | -4 | 3 | >128 ]
[ 128 | 0 | 0 | 0 | 0 | 0 | 0 | 0 | 0 | 0 | 0 | 0 | 0 | 0< | 5 | -5 | -6 | 5 | -4 | 3 | >128 ]
[ 128 | 0 | 0 | 0 | 0 | 0 | 0 | 0 | 0 | 0 | 0 | 0 | 0 | -1< | 5 | -5 | -6 | 5 | -4 | 3 | >127 ]
[ 128 | 0 | 0 | 0 | 0 | 0 | 0 | 0 | 0 | 0 | 0 | 0 | 0 | -2< | 5 | -5 | -6 | 5 | -4 | 3 | >127 ]
[ 128 | 0 | 0 | 0 | 0 | 0 | 0 | 0 | 0 | 0 | 0 | 0 | 0 | -3< | 5 | -5 | -6 | 5 | -4 | 3 | >126 ]
[ 128 | 0 | 0 | 0 | 0 | 0 | 0 | 0 | 0 | 0 | 0 | 0 | 0 | -4< | 5 | -5 | -6 | 5 | -4 | 3 | >126 ]
[ 128 | 0 | 0 | 0 | 0 | 0 | 0 | 0 | 0 | 0 | 0 | 0 | 0 | -5< | 5 | -5 | -6 | 5 | -4 | 3 | >125 ]
[ 128 | 0 | 0 | 0 | 0 | 0 | 0 | 0 | 0 | 0 | 0 | 0 | 0< | -5 | 5 | -5 | -6 | 5 | -4 | 3 | >125 ]
[ 128 | 0 | 0 | 0 | 0 | 0 | 0 | 0 | 0 | 0 | 0 | 0 | 1< | -5 | 5 | -5 | -6 | 5 | -4 | 3 | >124 ]
[ 128 | 0 | 0 | 0 | 0 | 0 | 0 | 0 | 0 | 0 | 0 | 0 | 2< | -5 | 5 | -5 | -6 | 5 | -4 | 3 | >124 ]
[ 128 | 0 | 0 | 0 | 0 | 0 | 0 | 0 | 0 | 0 | 0 | 0 | 3< | -5 | 5 | -5 | -6 | 5 | -4 | 3 | >123 ]
[ 128 | 0 | 0 | 0 | 0 | 0 | 0 | 0 | 0 | 0 | 0 | 0 | 4< | -5 | 5 | -5 | -6 | 5 | -4 | 3 | >123 ]
[ 128 | 0 | 0 | 0 | 0 | 0 | 0 | 0 | 0 | 0 | 0 | 0 | 5< | -5 | 5 | -5 | -6 | 5 | -4 | 3 | >122 ]
[ 128 | 0 | 0 | 0 | 0 | 0 | 0 | 0 | 0 | 0 | 0 | 0< | 5 | -5 | 5 | -5 | -6 | 5 | -4 | 3 | >122 ]
[ 128 | 0 | 0 | 0 | 0 | 0 | 0 | 0 | 0 | 0 | 0 | 0< | 5 | -5 | 5 | -5 | -6 | 5 | -4 | 3 | >121 ]
[ 128 | 0 | 0 | 0 | 0 | 0 | 0 | 0 | 0 | 0 | 0< | 0 | 5 | -5 | 5 | -5 | -6 | 5 | -4 | 3 | >121 ]
[ 128 | 0 | 0 | 0 | 0 | 0 | 0 | 0 | 0 | 0 | 0< | 0 | 5 | -5 | 5 | -5 | -6 | 5 | -4 | 3 | >120 ]
[ 128 | 0 | 0 | 0 | 0 | 0 | 0 | 0 | 0 | 0< | 0 | 0 | 5 | -5 | 5 | -5 | -6 | 5 | -4 | 3 | >120 ]
[ 128 | 0 | 0 | 0 | 0 | 0 | 0 | 0 | 0 | 0< | 0 | 0 | 5 | -5 | 5 | -5 | -6 | 5 | -4 | 3 | >119 ]
[ 128 | 0 | 0 | 0 | 0 | 0 | 0 | 0 | 0< | 0 | 0 | 0 | 5 | -5 | 5 | -5 | -6 | 5 | -4 | 3 | >119 ]
[ 128 | 0 | 0 | 0 | 0 | 0 | 0 | 0 | 0< | 0 | 0 | 0 | 5 | -5 | 5 | -5 | -6 | 5 | -4 | 3 | >118 ]
[ 128 | 0 | 0 | 0 | 0 | 0 | 0 | 0< | 0 | 0 | 0 | 0 | 5 | -5 | 5 | -5 | -6 | 5 | -4 | 3 | >118 ]
[ 128 | 0 | 0 | 0 | 0 | 0 | 0 | 0< | 0 | 0 | 0 | 0 | 5 | -5 | 5 | -5 | -6 | 5 | -4 | 3 | >117 ]
[ 128 | 0 | 0 | 0 | 0 | 0 | 0< | 0 | 0 | 0 | 0 | 0 | 5 | -5 | 5 | -5 | -6 | 5 | -4 | 3 | >117 ]
[ 128 | 0 | 0 | 0 | 0 | 0 | 0< | 0 | 0 | 0 | 0 | 0 | 5 | -5 | 5 | -5 | -6 | 5 | -4 | 3 | >116 ]
[ 128 | 0 | 0 | 0 | 0 | 0< | 0 | 0 | 0 | 0 | 0 | 0 | 5 | -5 | 5 | -5 | -6 | 5 | -4 | 3 | >116 ]
[ 128 | 0 | 0 | 0 | 0 | 0< | 0 | 0 | 0 | 0 | 0 | 0 | 5 | -5 | 5 | -5 | -6 | 5 | -4 | 3 | >115 ]
[ 128 | 0 | 0 | 0 | 0< | 0 | 0 | 0 | 0 | 0 | 0 | 0 | 5 | -5 | 5 | -5 | -6 | 5 | -4 | 3 | >115 ]
[ 128 | 0 | 0 | 0 | 0< | 0 | 0 | 0 | 0 | 0 | 0 | 0 | 5 | -5 | 5 | -5 | -6 | 5 | -4 | 3 | >114 ]
[ 128 | 0 | 0 | 0< | 0 | 0 | 0 | 0 | 0 | 0 | 0 | 0 | 5 | -5 | 5 | -5 | -6 | 5 | -4 | 3 | >114 ]
[ 128 | 0 | 0 | 0< | 0 | 0 | 0 | 0 | 0 | 0 | 0 | 0 | 5 | -5 | 5 | -5 | -6 | 5 | -4 | 3 | >113 ]
[ 128 | 0 | 0< | 0 | 0 | 0 | 0 | 0 | 0 | 0 | 0 | 0 | 5 | -5 | 5 | -5 | -6 | 5 | -4 | 3 | >113 ]
[ 128 | 0 | 0< | 0 | 0 | 0 | 0 | 0 | 0 | 0 | 0 | 0 | 5 | -5 | 5 | -5 | -6 | 5 | -4 | 3 | >112 ]
[ 128 | 0< | 0 | 0 | 0 | 0 | 0 | 0 | 0 | 0 | 0 | 0 | 5 | -5 | 5 | -5 | -6 | 5 | -4 | 3 | >112 ]
[ 128 | 0< | 0 | 0 | 0 | 0 | 0 | 0 | 0 | 0 | 0 | 0 | 5 | -5 | 5 | -5 | -6 | 5 | -4 | 3 | >111 ]
[ 128< | 0 | 0 | 0 | 0 | 0 | 0 | 0 | 0 | 0 | 0 | 0 | 5 | -5 | 5 | -5 | -6 | 5 | -4 | 3 | >111 ]
[ 128< | 0 | 0 | 0 | 0 | 0 | 0 | 0 | 0 | 0 | 0 | 0 | 5 | -5 | 5 | -5 | -6 | 5 | -4 | 3 | >110 ]
[ -127< | 0 | 0 | 0 | 0 | 0 | 0 | 0 | 0 | 0 | 0 | 0 | 5 | -5 | 5 | -5 | -6 | 5 | -4 | 3 | >110 ]
[ -126< | 0 | 0 | 0 | 0 | 0 | 0 | 0 | 0 | 0 | 0 | 0 | 5 | -5 | 5 | -5 | -6 | 5 | -4 | 3 | >109 ]
[ -125< | 0 | 0 | 0 | 0 | 0 | 0 | 0 | 0 | 0 | 0 | 0 | 5 | -5 | 5 | -5 | -6 | 5 | -4 | 3 | >109 ]
[ -124< | 0 | 0 | 0 | 0 | 0 | 0 | 0 | 0 | 0 | 0 | 0 | 5 | -5 | 5 | -5 | -6 | 5 | -4 | 3 | >108 ]
[ -124< | 0 | 0 | 0 | 0 | 0 | 0 | 0 | 0 | 0 | 0 | 0 | 5 | -5 | 5 | -5 | -6 | 5 | -4 | 3 | >108 ]
[ -125< | 0 | 0 | 0 | 0 | 0 | 0 | 0 | 0 | 0 | 0 | 0 | 5 | -5 | 5 | -5 | -6 | 5 | -4 | 3 | >107 ]
[ -125< | 0 | 0 | 0 | 0 | 0 | 0 | 0 | 0 | 0 | 0 | 0 | 5 | -5 | 5 | -5 | -6 | 5 | -4 | 3 | >107 ]
[ -126< | 0 | 0 | 0 | 0 | 0 | 0 | 0 | 0 | 0 | 0 | 0 | 5 | -5 | 5 | -5 | -6 | 5 | -4 | 3 | >106 ]
[ -126< | 0 | 0 | 0 | 0 | 0 | 0 | 0 | 0 | 0 | 0 | 0 | 5 | -5 | 5 | -5 | -6 | 5 | -4 | 3 | >106 ]
[ -127< | 0 | 0 | 0 | 0 | 0 | 0 | 0 | 0 | 0 | 0 | 0 | 5 | -5 | 5 | -5 | -6 | 5 | -4 | 3 | >105 ]
[ -127< | 0 | 0 | 0 | 0 | 0 | 0 | 0 | 0 | 0 | 0 | 0 | 5 | -5 | 5 | -5 | -6 | 5 | -4 | 3 | >105 ]
[ 128< | 0 | 0 | 0 | 0 | 0 | 0 | 0 | 0 | 0 | 0 | 0 | 5 | -5 | 5 | -5 | -6 | 5 | -4 | 3 | >104 ]
[ 128< | 0 | 0 | 0 | 0 | 0 | 0 | 0 | 0 | 0 | 0 | 0 | 5 | -5 | 5 | -5 | -6 | 5 | -4 | 3 | >104 ]
[ 127< | 0 | 0 | 0 | 0 | 0 | 0 | 0 | 0 | 0 | 0 | 0 | 5 | -5 | 5 | -5 | -6 | 5 | -4 | 3 | >103 ]
[ 127< | 0 | 0 | 0 | 0 | 0 | 0 | 0 | 0 | 0 | 0 | 0 | 5 | -5 | 5 | -5 | -6 | 5 | -4 | 3 | >103 ]
[ 126< | 0 | 0 | 0 | 0 | 0 | 0 | 0 | 0 | 0 | 0 | 0 | 5 | -5 | 5 | -5 | -6 | 5 | -4 | 3 | >102 ]
[ 126< | 0 | 0 | 0 | 0 | 0 | 0 | 0 | 0 | 0 | 0 | 0 | 5 | -5 | 5 | -5 | -6 | 5 | -4 | 3 | >102 ]
[ 125< | 0 | 0 | 0 | 0 | 0 | 0 | 0 | 0 | 0 | 0 | 0 | 5 | -5 | 5 | -5 | -6 | 5 | -4 | 3 | >101 ]
[ 125< | 0 | 0 | 0 | 0 | 0 | 0 | 0 | 0 | 0 | 0 | 0 | 5 | -5 | 5 | -5 | -6 | 5 | -4 | 3 | >101 ]
[ 124< | 0 | 0 | 0 | 0 | 0 | 0 | 0 | 0 | 0 | 0 | 0 | 5 | -5 | 5 | -5 | -6 | 5 | -4 | 3 | >100 ]
[ 124< | 0 | 0 | 0 | 0 | 0 | 0 | 0 | 0 | 0 | 0 | 0 | 5 | -5 | 5 | -5 | -6 | 5 | -4 | 3 | >100 ]
[ 123< | 0 | 0 | 0 | 0 | 0 | 0 | 0 | 0 | 0 | 0 | 0 | 5 | -5 | 5 | -5 | -6 | 5 | -4 | 3 | >99 ]
[ 123< | 0 | 0 | 0 | 0 | 0 | 0 | 0 | 0 | 0 | 0 | 0 | 5 | -5 | 5 | -5 | -6 | 5 | -4 | 3 | >99 ]
[ 122< | 0 | 0 | 0 | 0 | 0 | 0 | 0 | 0 | 0 | 0 | 0 | 5 | -5 | 5 | -5 | -6 | 5 | -4 | 3 | >98 ]
[ 122< | 0 | 0 | 0 | 0 | 0 | 0 | 0 | 0 | 0 | 0 | 0 | 5 | -5 | 5 | -5 | -6 | 5 | -4 | 3 | >98 ]
[ 121< | 0 | 0 | 0 | 0 | 0 | 0 | 0 | 0 | 0 | 0 | 0 | 5 | -5 | 5 | -5 | -6 | 5 | -4 | 3 | >97 ]
[ 121< | 0 | 0 | 0 | 0 | 0 | 0 | 0 | 0 | 0 | 0 | 0 | 5 | -5 | 5 | -5 | -6 | 5 | -4 | 3 | >97 ]
[ 120< | 0 | 0 | 0 | 0 | 0 | 0 | 0 | 0 | 0 | 0 | 0 | 5 | -5 | 5 | -5 | -6 | 5 | -4 | 3 | >96 ]
[ 120< | 0 | 0 | 0 | 0 | 0 | 0 | 0 | 0 | 0 | 0 | 0 | 5 | -5 | 5 | -5 | -6 | 5 | -4 | 3 | >96 ]
[ 119< | 0 | 0 | 0 | 0 | 0 | 0 | 0 | 0 | 0 | 0 | 0 | 5 | -5 | 5 | -5 | -6 | 5 | -4 | 3 | >95 ]
[ 119< | 0 | 0 | 0 | 0 | 0 | 0 | 0 | 0 | 0 | 0 | 0 | 5 | -5 | 5 | -5 | -6 | 5 | -4 | 3 | >95 ]
[ 118< | 0 | 0 | 0 | 0 | 0 | 0 | 0 | 0 | 0 | 0 | 0 | 5 | -5 | 5 | -5 | -6 | 5 | -4 | 3 | >94 ]
[ 118< | 0 | 0 | 0 | 0 | 0 | 0 | 0 | 0 | 0 | 0 | 0 | 5 | -5 | 5 | -5 | -6 | 5 | -4 | 3 | >94 ]
[ 117< | 0 | 0 | 0 | 0 | 0 | 0 | 0 | 0 | 0 | 0 | 0 | 5 | -5 | 5 | -5 | -6 | 5 | -4 | 3 | >93 ]
[ 117< | 0 | 0 | 0 | 0 | 0 | 0 | 0 | 0 | 0 | 0 | 0 | 5 | -5 | 5 | -5 | -6 | 5 | -4 | 3 | >93 ]
[ 116< | 0 | 0 | 0 | 0 | 0 | 0 | 0 | 0 | 0 | 0 | 0 | 5 | -5 | 5 | -5 | -6 | 5 | -4 | 3 | >92 ]
[ 116< | 0 | 0 | 0 | 0 | 0 | 0 | 0 | 0 | 0 | 0 | 0 | 5 | -5 | 5 | -5 | -6 | 5 | -4 | 3 | >92 ]
[ 115< | 0 | 0 | 0 | 0 | 0 | 0 | 0 | 0 | 0 | 0 | 0 | 5 | -5 | 5 | -5 | -6 | 5 | -4 | 3 | >91 ]
[ 115< | 0 | 0 | 0 | 0 | 0 | 0 | 0 | 0 | 0 | 0 | 0 | 5 | -5 | 5 | -5 | -6 | 5 | -4 | 3 | >91 ]
[ 114< | 0 | 0 | 0 | 0 | 0 | 0 | 0 | 0 | 0 | 0 | 0 | 5 | -5 | 5 | -5 | -6 | 5 | -4 | 3 | >90 ]
[ 114< | 0 | 0 | 0 | 0 | 0 | 0 | 0 | 0 | 0 | 0 | 0 | 5 | -5 | 5 | -5 | -6 | 5 | -4 | 3 | >90 ]
[ 113< | 0 | 0 | 0 | 0 | 0 | 0 | 0 | 0 | 0 | 0 | 0 | 5 | -5 | 5 | -5 | -6 | 5 | -4 | 3 | >89 ]
[ 113< | 0 | 0 | 0 | 0 | 0 | 0 | 0 | 0 | 0 | 0 | 0 | 5 | -5 | 5 | -5 | -6 | 5 | -4 | 3 | >89 ]
[ 112< | 0 | 0 | 0 | 0 | 0 | 0 | 0 | 0 | 0 | 0 | 0 | 5 | -5 | 5 | -5 | -6 | 5 | -4 | 3 | >88 ]
[ 112< | 0 | 0 | 0 | 0 | 0 | 0 | 0 | 0 | 0 | 0 | 0 | 5 | -5 | 5 | -5 | -6 | 5 | -4 | 3 | >88 ]
[ 111< | 0 | 0 | 0 | 0 | 0 | 0 | 0 | 0 | 0 | 0 | 0 | 5 | -5 | 5 | -5 | -6 | 5 | -4 | 3 | >87 ]
[ 111< | 0 | 0 | 0 | 0 | 0 | 0 | 0 | 0 | 0 | 0 | 0 | 5 | -5 | 5 | -5 | -6 | 5 | -4 | 3 | >87 ]
[ 110< | 0 | 0 | 0 | 0 | 0 | 0 | 0 | 0 | 0 | 0 | 0 | 5 | -5 | 5 | -5 | -6 | 5 | -4 | 3 | >86 ]
[ 110< | 0 | 0 | 0 | 0 | 0 | 0 | 0 | 0 | 0 | 0 | 0 | 5 | -5 | 5 | -5 | -6 | 5 | -4 | 3 | >86 ]
[ 109< | 0 | 0 | 0 | 0 | 0 | 0 | 0 | 0 | 0 | 0 | 0 | 5 | -5 | 5 | -5 | -6 | 5 | -4 | 3 | >85 ]
[ 109< | 0 | 0 | 0 | 0 | 0 | 0 | 0 | 0 | 0 | 0 | 0 | 5 | -5 | 5 | -5 | -6 | 5 | -4 | 3 | >85 ]
[ 108< | 0 | 0 | 0 | 0 | 0 | 0 | 0 | 0 | 0 | 0 | 0 | 5 | -5 | 5 | -5 | -6 | 5 | -4 | 3 | >84 ]
[ 108< | 0 | 0 | 0 | 0 | 0 | 0 | 0 | 0 | 0 | 0 | 0 | 5 | -5 | 5 | -5 | -6 | 5 | -4 | 3 | >84 ]
[ 107< | 0 | 0 | 0 | 0 | 0 | 0 | 0 | 0 | 0 | 0 | 0 | 5 | -5 | 5 | -5 | -6 | 5 | -4 | 3 | >83 ]
[ 107< | 0 | 0 | 0 | 0 | 0 | 0 | 0 | 0 | 0 | 0 | 0 | 5 | -5 | 5 | -5 | -6 | 5 | -4 | 3 | >83 ]
[ 106< | 0 | 0 | 0 | 0 | 0 | 0 | 0 | 0 | 0 | 0 | 0 | 5 | -5 | 5 | -5 | -6 | 5 | -4 | 3 | >82 ]
[ 106< | 0 | 0 | 0 | 0 | 0 | 0 | 0 | 0 | 0 | 0 | 0 | 5 | -5 | 5 | -5 | -6 | 5 | -4 | 3 | >82 ]
[ 105< | 0 | 0 | 0 | 0 | 0 | 0 | 0 | 0 | 0 | 0 | 0 | 5 | -5 | 5 | -5 | -6 | 5 | -4 | 3 | >81 ]
[ 105< | 0 | 0 | 0 | 0 | 0 | 0 | 0 | 0 | 0 | 0 | 0 | 5 | -5 | 5 | -5 | -6 | 5 | -4 | 3 | >81 ]
[ 104< | 0 | 0 | 0 | 0 | 0 | 0 | 0 | 0 | 0 | 0 | 0 | 5 | -5 | 5 | -5 | -6 | 5 | -4 | 3 | >80 ]
[ 104< | 0 | 0 | 0 | 0 | 0 | 0 | 0 | 0 | 0 | 0 | 0 | 5 | -5 | 5 | -5 | -6 | 5 | -4 | 3 | >80 ]
[ 103< | 0 | 0 | 0 | 0 | 0 | 0 | 0 | 0 | 0 | 0 | 0 | 5 | -5 | 5 | -5 | -6 | 5 | -4 | 3 | >79 ]
[ 103< | 0 | 0 | 0 | 0 | 0 | 0 | 0 | 0 | 0 | 0 | 0 | 5 | -5 | 5 | -5 | -6 | 5 | -4 | 3 | >79 ]
[ 102< | 0 | 0 | 0 | 0 | 0 | 0 | 0 | 0 | 0 | 0 | 0 | 5 | -5 | 5 | -5 | -6 | 5 | -4 | 3 | >78 ]
[ 102< | 0 | 0 | 0 | 0 | 0 | 0 | 0 | 0 | 0 | 0 | 0 | 5 | -5 | 5 | -5 | -6 | 5 | -4 | 3 | >78 ]
[ 101< | 0 | 0 | 0 | 0 | 0 | 0 | 0 | 0 | 0 | 0 | 0 | 5 | -5 | 5 | -5 | -6 | 5 | -4 | 3 | >77 ]
[ 101< | 0 | 0 | 0 | 0 | 0 | 0 | 0 | 0 | 0 | 0 | 0 | 5 | -5 | 5 | -5 | -6 | 5 | -4 | 3 | >77 ]
[ 100< | 0 | 0 | 0 | 0 | 0 | 0 | 0 | 0 | 0 | 0 | 0 | 5 | -5 | 5 | -5 | -6 | 5 | -4 | 3 | >76 ]
[ 100< | 0 | 0 | 0 | 0 | 0 | 0 | 0 | 0 | 0 | 0 | 0 | 5 | -5 | 5 | -5 | -6 | 5 | -4 | 3 | >76 ]
[ 99< | 0 | 0 | 0 | 0 | 0 | 0 | 0 | 0 | 0 | 0 | 0 | 5 | -5 | 5 | -5 | -6 | 5 | -4 | 3 | >75 ]
[ 99< | 0 | 0 | 0 | 0 | 0 | 0 | 0 | 0 | 0 | 0 | 0 | 5 | -5 | 5 | -5 | -6 | 5 | -4 | 3 | >75 ]
[ 98< | 0 | 0 | 0 | 0 | 0 | 0 | 0 | 0 | 0 | 0 | 0 | 5 | -5 | 5 | -5 | -6 | 5 | -4 | 3 | >74 ]
[ 98< | 0 | 0 | 0 | 0 | 0 | 0 | 0 | 0 | 0 | 0 | 0 | 5 | -5 | 5 | -5 | -6 | 5 | -4 | 3 | >74 ]
[ 97< | 0 | 0 | 0 | 0 | 0 | 0 | 0 | 0 | 0 | 0 | 0 | 5 | -5 | 5 | -5 | -6 | 5 | -4 | 3 | >73 ]
[ 97< | 0 | 0 | 0 | 0 | 0 | 0 | 0 | 0 | 0 | 0 | 0 | 5 | -5 | 5 | -5 | -6 | 5 | -4 | 3 | >73 ]
[ 96< | 0 | 0 | 0 | 0 | 0 | 0 | 0 | 0 | 0 | 0 | 0 | 5 | -5 | 5 | -5 | -6 | 5 | -4 | 3 | >72 ]
[ 96< | 0 | 0 | 0 | 0 | 0 | 0 | 0 | 0 | 0 | 0 | 0 | 5 | -5 | 5 | -5 | -6 | 5 | -4 | 3 | >72 ]
[ 95< | 0 | 0 | 0 | 0 | 0 | 0 | 0 | 0 | 0 | 0 | 0 | 5 | -5 | 5 | -5 | -6 | 5 | -4 | 3 | >71 ]
[ 95< | 0 | 0 | 0 | 0 | 0 | 0 | 0 | 0 | 0 | 0 | 0 | 5 | -5 | 5 | -5 | -6 | 5 | -4 | 3 | >71 ]
[ 94< | 0 | 0 | 0 | 0 | 0 | 0 | 0 | 0 | 0 | 0 | 0 | 5 | -5 | 5 | -5 | -6 | 5 | -4 | 3 | >70 ]
[ 94< | 0 | 0 | 0 | 0 | 0 | 0 | 0 | 0 | 0 | 0 | 0 | 5 | -5 | 5 | -5 | -6 | 5 | -4 | 3 | >70 ]
[ 93< | 0 | 0 | 0 | 0 | 0 | 0 | 0 | 0 | 0 | 0 | 0 | 5 | -5 | 5 | -5 | -6 | 5 | -4 | 3 | >69 ]
[ 93< | 0 | 0 | 0 | 0 | 0 | 0 | 0 | 0 | 0 | 0 | 0 | 5 | -5 | 5 | -5 | -6 | 5 | -4 | 3 | >69 ]
[ 92< | 0 | 0 | 0 | 0 | 0 | 0 | 0 | 0 | 0 | 0 | 0 | 5 | -5 | 5 | -5 | -6 | 5 | -4 | 3 | >68 ]
[ 92< | 0 | 0 | 0 | 0 | 0 | 0 | 0 | 0 | 0 | 0 | 0 | 5 | -5 | 5 | -5 | -6 | 5 | -4 | 3 | >68 ]
[ 91< | 0 | 0 | 0 | 0 | 0 | 0 | 0 | 0 | 0 | 0 | 0 | 5 | -5 | 5 | -5 | -6 | 5 | -4 | 3 | >67 ]
[ 91< | 0 | 0 | 0 | 0 | 0 | 0 | 0 | 0 | 0 | 0 | 0 | 5 | -5 | 5 | -5 | -6 | 5 | -4 | 3 | >67 ]
[ 90< | 0 | 0 | 0 | 0 | 0 | 0 | 0 | 0 | 0 | 0 | 0 | 5 | -5 | 5 | -5 | -6 | 5 | -4 | 3 | >66 ]
[ 90< | 0 | 0 | 0 | 0 | 0 | 0 | 0 | 0 | 0 | 0 | 0 | 5 | -5 | 5 | -5 | -6 | 5 | -4 | 3 | >66 ]
[ 89< | 0 | 0 | 0 | 0 | 0 | 0 | 0 | 0 | 0 | 0 | 0 | 5 | -5 | 5 | -5 | -6 | 5 | -4 | 3 | >65 ]
[ 89< | 0 | 0 | 0 | 0 | 0 | 0 | 0 | 0 | 0 | 0 | 0 | 5 | -5 | 5 | -5 | -6 | 5 | -4 | 3 | >65 ]
[ 88< | 0 | 0 | 0 | 0 | 0 | 0 | 0 | 0 | 0 | 0 | 0 | 5 | -5 | 5 | -5 | -6 | 5 | -4 | 3 | >64 ]
[ 88< | 0 | 0 | 0 | 0 | 0 | 0 | 0 | 0 | 0 | 0 | 0 | 5 | -5 | 5 | -5 | -6 | 5 | -4 | 3 | >64 ]
[ 87< | 0 | 0 | 0 | 0 | 0 | 0 | 0 | 0 | 0 | 0 | 0 | 5 | -5 | 5 | -5 | -6 | 5 | -4 | 3 | >63 ]
[ 87< | 0 | 0 | 0 | 0 | 0 | 0 | 0 | 0 | 0 | 0 | 0 | 5 | -5 | 5 | -5 | -6 | 5 | -4 | 3 | >63 ]
[ 86< | 0 | 0 | 0 | 0 | 0 | 0 | 0 | 0 | 0 | 0 | 0 | 5 | -5 | 5 | -5 | -6 | 5 | -4 | 3 | >62 ]
[ 86< | 0 | 0 | 0 | 0 | 0 | 0 | 0 | 0 | 0 | 0 | 0 | 5 | -5 | 5 | -5 | -6 | 5 | -4 | 3 | >62 ]
[ 85< | 0 | 0 | 0 | 0 | 0 | 0 | 0 | 0 | 0 | 0 | 0 | 5 | -5 | 5 | -5 | -6 | 5 | -4 | 3 | >61 ]
[ 85< | 0 | 0 | 0 | 0 | 0 | 0 | 0 | 0 | 0 | 0 | 0 | 5 | -5 | 5 | -5 | -6 | 5 | -4 | 3 | >61 ]
[ 84< | 0 | 0 | 0 | 0 | 0 | 0 | 0 | 0 | 0 | 0 | 0 | 5 | -5 | 5 | -5 | -6 | 5 | -4 | 3 | >60 ]
[ 84< | 0 | 0 | 0 | 0 | 0 | 0 | 0 | 0 | 0 | 0 | 0 | 5 | -5 | 5 | -5 | -6 | 5 | -4 | 3 | >60 ]
[ 83< | 0 | 0 | 0 | 0 | 0 | 0 | 0 | 0 | 0 | 0 | 0 | 5 | -5 | 5 | -5 | -6 | 5 | -4 | 3 | >59 ]
[ 83< | 0 | 0 | 0 | 0 | 0 | 0 | 0 | 0 | 0 | 0 | 0 | 5 | -5 | 5 | -5 | -6 | 5 | -4 | 3 | >59 ]
[ 82< | 0 | 0 | 0 | 0 | 0 | 0 | 0 | 0 | 0 | 0 | 0 | 5 | -5 | 5 | -5 | -6 | 5 | -4 | 3 | >58 ]
[ 82< | 0 | 0 | 0 | 0 | 0 | 0 | 0 | 0 | 0 | 0 | 0 | 5 | -5 | 5 | -5 | -6 | 5 | -4 | 3 | >58 ]
[ 81< | 0 | 0 | 0 | 0 | 0 | 0 | 0 | 0 | 0 | 0 | 0 | 5 | -5 | 5 | -5 | -6 | 5 | -4 | 3 | >57 ]
[ 81< | 0 | 0 | 0 | 0 | 0 | 0 | 0 | 0 | 0 | 0 | 0 | 5 | -5 | 5 | -5 | -6 | 5 | -4 | 3 | >57 ]
[ 80< | 0 | 0 | 0 | 0 | 0 | 0 | 0 | 0 | 0 | 0 | 0 | 5 | -5 | 5 | -5 | -6 | 5 | -4 | 3 | >56 ]
[ 80< | 0 | 0 | 0 | 0 | 0 | 0 | 0 | 0 | 0 | 0 | 0 | 5 | -5 | 5 | -5 | -6 | 5 | -4 | 3 | >56 ]
[ 79< | 0 | 0 | 0 | 0 | 0 | 0 | 0 | 0 | 0 | 0 | 0 | 5 | -5 | 5 | -5 | -6 | 5 | -4 | 3 | >55 ]
[ 79< | 0 | 0 | 0 | 0 | 0 | 0 | 0 | 0 | 0 | 0 | 0 | 5 | -5 | 5 | -5 | -6 | 5 | -4 | 3 | >55 ]
[ 78< | 0 | 0 | 0 | 0 | 0 | 0 | 0 | 0 | 0 | 0 | 0 | 5 | -5 | 5 | -5 | -6 | 5 | -4 | 3 | >54 ]
[ 78< | 0 | 0 | 0 | 0 | 0 | 0 | 0 | 0 | 0 | 0 | 0 | 5 | -5 | 5 | -5 | -6 | 5 | -4 | 3 | >54 ]
[ 77< | 0 | 0 | 0 | 0 | 0 | 0 | 0 | 0 | 0 | 0 | 0 | 5 | -5 | 5 | -5 | -6 | 5 | -4 | 3 | >53 ]
[ 77< | 0 | 0 | 0 | 0 | 0 | 0 | 0 | 0 | 0 | 0 | 0 | 5 | -5 | 5 | -5 | -6 | 5 | -4 | 3 | >53 ]
[ 76< | 0 | 0 | 0 | 0 | 0 | 0 | 0 | 0 | 0 | 0 | 0 | 5 | -5 | 5 | -5 | -6 | 5 | -4 | 3 | >52 ]
[ 76< | 0 | 0 | 0 | 0 | 0 | 0 | 0 | 0 | 0 | 0 | 0 | 5 | -5 | 5 | -5 | -6 | 5 | -4 | 3 | >52 ]
[ 75< | 0 | 0 | 0 | 0 | 0 | 0 | 0 | 0 | 0 | 0 | 0 | 5 | -5 | 5 | -5 | -6 | 5 | -4 | 3 | >51 ]
[ 75< | 0 | 0 | 0 | 0 | 0 | 0 | 0 | 0 | 0 | 0 | 0 | 5 | -5 | 5 | -5 | -6 | 5 | -4 | 3 | >51 ]
[ 74< | 0 | 0 | 0 | 0 | 0 | 0 | 0 | 0 | 0 | 0 | 0 | 5 | -5 | 5 | -5 | -6 | 5 | -4 | 3 | >50 ]
[ 74< | 0 | 0 | 0 | 0 | 0 | 0 | 0 | 0 | 0 | 0 | 0 | 5 | -5 | 5 | -5 | -6 | 5 | -4 | 3 | >50 ]
[ 73< | 0 | 0 | 0 | 0 | 0 | 0 | 0 | 0 | 0 | 0 | 0 | 5 | -5 | 5 | -5 | -6 | 5 | -4 | 3 | >49 ]
[ 73< | 0 | 0 | 0 | 0 | 0 | 0 | 0 | 0 | 0 | 0 | 0 | 5 | -5 | 5 | -5 | -6 | 5 | -4 | 3 | >49 ]
[ 72< | 0 | 0 | 0 | 0 | 0 | 0 | 0 | 0 | 0 | 0 | 0 | 5 | -5 | 5 | -5 | -6 | 5 | -4 | 3 | >48 ]
[ 72< | 0 | 0 | 0 | 0 | 0 | 0 | 0 | 0 | 0 | 0 | 0 | 5 | -5 | 5 | -5 | -6 | 5 | -4 | 3 | >48 ]
[ 71< | 0 | 0 | 0 | 0 | 0 | 0 | 0 | 0 | 0 | 0 | 0 | 5 | -5 | 5 | -5 | -6 | 5 | -4 | 3 | >47 ]
[ 71< | 0 | 0 | 0 | 0 | 0 | 0 | 0 | 0 | 0 | 0 | 0 | 5 | -5 | 5 | -5 | -6 | 5 | -4 | 3 | >47 ]
[ 70< | 0 | 0 | 0 | 0 | 0 | 0 | 0 | 0 | 0 | 0 | 0 | 5 | -5 | 5 | -5 | -6 | 5 | -4 | 3 | >46 ]
[ 70< | 0 | 0 | 0 | 0 | 0 | 0 | 0 | 0 | 0 | 0 | 0 | 5 | -5 | 5 | -5 | -6 | 5 | -4 | 3 | >46 ]
[ 69< | 0 | 0 | 0 | 0 | 0 | 0 | 0 | 0 | 0 | 0 | 0 | 5 | -5 | 5 | -5 | -6 | 5 | -4 | 3 | >45 ]
[ 69< | 0 | 0 | 0 | 0 | 0 | 0 | 0 | 0 | 0 | 0 | 0 | 5 | -5 | 5 | -5 | -6 | 5 | -4 | 3 | >45 ]
[ 68< | 0 | 0 | 0 | 0 | 0 | 0 | 0 | 0 | 0 | 0 | 0 | 5 | -5 | 5 | -5 | -6 | 5 | -4 | 3 | >44 ]
[ 68< | 0 | 0 | 0 | 0 | 0 | 0 | 0 | 0 | 0 | 0 | 0 | 5 | -5 | 5 | -5 | -6 | 5 | -4 | 3 | >44 ]
[ 67< | 0 | 0 | 0 | 0 | 0 | 0 | 0 | 0 | 0 | 0 | 0 | 5 | -5 | 5 | -5 | -6 | 5 | -4 | 3 | >43 ]
[ 67< | 0 | 0 | 0 | 0 | 0 | 0 | 0 | 0 | 0 | 0 | 0 | 5 | -5 | 5 | -5 | -6 | 5 | -4 | 3 | >43 ]
[ 66< | 0 | 0 | 0 | 0 | 0 | 0 | 0 | 0 | 0 | 0 | 0 | 5 | -5 | 5 | -5 | -6 | 5 | -4 | 3 | >42 ]
[ 66< | 0 | 0 | 0 | 0 | 0 | 0 | 0 | 0 | 0 | 0 | 0 | 5 | -5 | 5 | -5 | -6 | 5 | -4 | 3 | >42 ]
[ 65< | 0 | 0 | 0 | 0 | 0 | 0 | 0 | 0 | 0 | 0 | 0 | 5 | -5 | 5 | -5 | -6 | 5 | -4 | 3 | >41 ]
[ 65< | 0 | 0 | 0 | 0 | 0 | 0 | 0 | 0 | 0 | 0 | 0 | 5 | -5 | 5 | -5 | -6 | 5 | -4 | 3 | >41 ]
[ 64< | 0 | 0 | 0 | 0 | 0 | 0 | 0 | 0 | 0 | 0 | 0 | 5 | -5 | 5 | -5 | -6 | 5 | -4 | 3 | >40 ]
[ 64< | 0 | 0 | 0 | 0 | 0 | 0 | 0 | 0 | 0 | 0 | 0 | 5 | -5 | 5 | -5 | -6 | 5 | -4 | 3 | >40 ]
[ 63< | 0 | 0 | 0 | 0 | 0 | 0 | 0 | 0 | 0 | 0 | 0 | 5 | -5 | 5 | -5 | -6 | 5 | -4 | 3 | >39 ]
[ 63< | 0 | 0 | 0 | 0 | 0 | 0 | 0 | 0 | 0 | 0 | 0 | 5 | -5 | 5 | -5 | -6 | 5 | -4 | 3 | >39 ]
[ 62< | 0 | 0 | 0 | 0 | 0 | 0 | 0 | 0 | 0 | 0 | 0 | 5 | -5 | 5 | -5 | -6 | 5 | -4 | 3 | >38 ]
[ 62< | 0 | 0 | 0 | 0 | 0 | 0 | 0 | 0 | 0 | 0 | 0 | 5 | -5 | 5 | -5 | -6 | 5 | -4 | 3 | >38 ]
[ 61< | 0 | 0 | 0 | 0 | 0 | 0 | 0 | 0 | 0 | 0 | 0 | 5 | -5 | 5 | -5 | -6 | 5 | -4 | 3 | >37 ]
[ 61< | 0 | 0 | 0 | 0 | 0 | 0 | 0 | 0 | 0 | 0 | 0 | 5 | -5 | 5 | -5 | -6 | 5 | -4 | 3 | >37 ]
[ 60< | 0 | 0 | 0 | 0 | 0 | 0 | 0 | 0 | 0 | 0 | 0 | 5 | -5 | 5 | -5 | -6 | 5 | -4 | 3 | >36 ]
[ 60< | 0 | 0 | 0 | 0 | 0 | 0 | 0 | 0 | 0 | 0 | 0 | 5 | -5 | 5 | -5 | -6 | 5 | -4 | 3 | >36 ]
[ 59< | 0 | 0 | 0 | 0 | 0 | 0 | 0 | 0 | 0 | 0 | 0 | 5 | -5 | 5 | -5 | -6 | 5 | -4 | 3 | >35 ]
[ 59< | 0 | 0 | 0 | 0 | 0 | 0 | 0 | 0 | 0 | 0 | 0 | 5 | -5 | 5 | -5 | -6 | 5 | -4 | 3 | >35 ]
[ 58< | 0 | 0 | 0 | 0 | 0 | 0 | 0 | 0 | 0 | 0 | 0 | 5 | -5 | 5 | -5 | -6 | 5 | -4 | 3 | >34 ]
[ 58< | 0 | 0 | 0 | 0 | 0 | 0 | 0 | 0 | 0 | 0 | 0 | 5 | -5 | 5 | -5 | -6 | 5 | -4 | 3 | >34 ]
[ 57< | 0 | 0 | 0 | 0 | 0 | 0 | 0 | 0 | 0 | 0 | 0 | 5 | -5 | 5 | -5 | -6 | 5 | -4 | 3 | >33 ]
[ 57< | 0 | 0 | 0 | 0 | 0 | 0 | 0 | 0 | 0 | 0 | 0 | 5 | -5 | 5 | -5 | -6 | 5 | -4 | 3 | >33 ]
[ 56< | 0 | 0 | 0 | 0 | 0 | 0 | 0 | 0 | 0 | 0 | 0 | 5 | -5 | 5 | -5 | -6 | 5 | -4 | 3 | >32 ]
[ 56< | 0 | 0 | 0 | 0 | 0 | 0 | 0 | 0 | 0 | 0 | 0 | 5 | -5 | 5 | -5 | -6 | 5 | -4 | 3 | >32 ]
[ 55< | 0 | 0 | 0 | 0 | 0 | 0 | 0 | 0 | 0 | 0 | 0 | 5 | -5 | 5 | -5 | -6 | 5 | -4 | 3 | >31 ]
[ 55< | 0 | 0 | 0 | 0 | 0 | 0 | 0 | 0 | 0 | 0 | 0 | 5 | -5 | 5 | -5 | -6 | 5 | -4 | 3 | >31 ]
[ 54< | 0 | 0 | 0 | 0 | 0 | 0 | 0 | 0 | 0 | 0 | 0 | 5 | -5 | 5 | -5 | -6 | 5 | -4 | 3 | >30 ]
[ 54< | 0 | 0 | 0 | 0 | 0 | 0 | 0 | 0 | 0 | 0 | 0 | 5 | -5 | 5 | -5 | -6 | 5 | -4 | 3 | >30 ]
[ 53< | 0 | 0 | 0 | 0 | 0 | 0 | 0 | 0 | 0 | 0 | 0 | 5 | -5 | 5 | -5 | -6 | 5 | -4 | 3 | >29 ]
[ 53< | 0 | 0 | 0 | 0 | 0 | 0 | 0 | 0 | 0 | 0 | 0 | 5 | -5 | 5 | -5 | -6 | 5 | -4 | 3 | >29 ]
[ 52< | 0 | 0 | 0 | 0 | 0 | 0 | 0 | 0 | 0 | 0 | 0 | 5 | -5 | 5 | -5 | -6 | 5 | -4 | 3 | >28 ]
[ 52< | 0 | 0 | 0 | 0 | 0 | 0 | 0 | 0 | 0 | 0 | 0 | 5 | -5 | 5 | -5 | -6 | 5 | -4 | 3 | >28 ]
[ 51< | 0 | 0 | 0 | 0 | 0 | 0 | 0 | 0 | 0 | 0 | 0 | 5 | -5 | 5 | -5 | -6 | 5 | -4 | 3 | >27 ]
[ 51< | 0 | 0 | 0 | 0 | 0 | 0 | 0 | 0 | 0 | 0 | 0 | 5 | -5 | 5 | -5 | -6 | 5 | -4 | 3 | >27 ]
[ 50< | 0 | 0 | 0 | 0 | 0 | 0 | 0 | 0 | 0 | 0 | 0 | 5 | -5 | 5 | -5 | -6 | 5 | -4 | 3 | >26 ]
[ 50< | 0 | 0 | 0 | 0 | 0 | 0 | 0 | 0 | 0 | 0 | 0 | 5 | -5 | 5 | -5 | -6 | 5 | -4 | 3 | >26 ]
[ 49< | 0 | 0 | 0 | 0 | 0 | 0 | 0 | 0 | 0 | 0 | 0 | 5 | -5 | 5 | -5 | -6 | 5 | -4 | 3 | >25 ]
[ 49< | 0 | 0 | 0 | 0 | 0 | 0 | 0 | 0 | 0 | 0 | 0 | 5 | -5 | 5 | -5 | -6 | 5 | -4 | 3 | >25 ]
[ 48< | 0 | 0 | 0 | 0 | 0 | 0 | 0 | 0 | 0 | 0 | 0 | 5 | -5 | 5 | -5 | -6 | 5 | -4 | 3 | >24 ]
[ 48< | 0 | 0 | 0 | 0 | 0 | 0 | 0 | 0 | 0 | 0 | 0 | 5 | -5 | 5 | -5 | -6 | 5 | -4 | 3 | >24 ]
[ 47< | 0 | 0 | 0 | 0 | 0 | 0 | 0 | 0 | 0 | 0 | 0 | 5 | -5 | 5 | -5 | -6 | 5 | -4 | 3 | >23 ]
[ 47< | 0 | 0 | 0 | 0 | 0 | 0 | 0 | 0 | 0 | 0 | 0 | 5 | -5 | 5 | -5 | -6 | 5 | -4 | 3 | >23 ]
[ 46< | 0 | 0 | 0 | 0 | 0 | 0 | 0 | 0 | 0 | 0 | 0 | 5 | -5 | 5 | -5 | -6 | 5 | -4 | 3 | >22 ]
[ 46< | 0 | 0 | 0 | 0 | 0 | 0 | 0 | 0 | 0 | 0 | 0 | 5 | -5 | 5 | -5 | -6 | 5 | -4 | 3 | >22 ]
[ 45< | 0 | 0 | 0 | 0 | 0 | 0 | 0 | 0 | 0 | 0 | 0 | 5 | -5 | 5 | -5 | -6 | 5 | -4 | 3 | >21 ]
[ 45< | 0 | 0 | 0 | 0 | 0 | 0 | 0 | 0 | 0 | 0 | 0 | 5 | -5 | 5 | -5 | -6 | 5 | -4 | 3 | >21 ]
[ 44< | 0 | 0 | 0 | 0 | 0 | 0 | 0 | 0 | 0 | 0 | 0 | 5 | -5 | 5 | -5 | -6 | 5 | -4 | 3 | >20 ]
[ 44< | 0 | 0 | 0 | 0 | 0 | 0 | 0 | 0 | 0 | 0 | 0 | 5 | -5 | 5 | -5 | -6 | 5 | -4 | 3 | >20 ]
[ 43< | 0 | 0 | 0 | 0 | 0 | 0 | 0 | 0 | 0 | 0 | 0 | 5 | -5 | 5 | -5 | -6 | 5 | -4 | 3 | >19 ]
[ 43< | 0 | 0 | 0 | 0 | 0 | 0 | 0 | 0 | 0 | 0 | 0 | 5 | -5 | 5 | -5 | -6 | 5 | -4 | 3 | >19 ]
[ 42< | 0 | 0 | 0 | 0 | 0 | 0 | 0 | 0 | 0 | 0 | 0 | 5 | -5 | 5 | -5 | -6 | 5 | -4 | 3 | >18 ]
[ 42< | 0 | 0 | 0 | 0 | 0 | 0 | 0 | 0 | 0 | 0 | 0 | 5 | -5 | 5 | -5 | -6 | 5 | -4 | 3 | >18 ]
[ 41< | 0 | 0 | 0 | 0 | 0 | 0 | 0 | 0 | 0 | 0 | 0 | 5 | -5 | 5 | -5 | -6 | 5 | -4 | 3 | >17 ]
[ 41< | 0 | 0 | 0 | 0 | 0 | 0 | 0 | 0 | 0 | 0 | 0 | 5 | -5 | 5 | -5 | -6 | 5 | -4 | 3 | >17 ]
[ 40< | 0 | 0 | 0 | 0 | 0 | 0 | 0 | 0 | 0 | 0 | 0 | 5 | -5 | 5 | -5 | -6 | 5 | -4 | 3 | >16 ]
[ 40< | 0 | 0 | 0 | 0 | 0 | 0 | 0 | 0 | 0 | 0 | 0 | 5 | -5 | 5 | -5 | -6 | 5 | -4 | 3 | >16 ]
[ 39< | 0 | 0 | 0 | 0 | 0 | 0 | 0 | 0 | 0 | 0 | 0 | 5 | -5 | 5 | -5 | -6 | 5 | -4 | 3 | >15 ]
[ 39< | 0 | 0 | 0 | 0 | 0 | 0 | 0 | 0 | 0 | 0 | 0 | 5 | -5 | 5 | -5 | -6 | 5 | -4 | 3 | >15 ]
[ 38< | 0 | 0 | 0 | 0 | 0 | 0 | 0 | 0 | 0 | 0 | 0 | 5 | -5 | 5 | -5 | -6 | 5 | -4 | 3 | >14 ]
[ 38< | 0 | 0 | 0 | 0 | 0 | 0 | 0 | 0 | 0 | 0 | 0 | 5 | -5 | 5 | -5 | -6 | 5 | -4 | 3 | >14 ]
[ 37< | 0 | 0 | 0 | 0 | 0 | 0 | 0 | 0 | 0 | 0 | 0 | 5 | -5 | 5 | -5 | -6 | 5 | -4 | 3 | >13 ]
[ 37< | 0 | 0 | 0 | 0 | 0 | 0 | 0 | 0 | 0 | 0 | 0 | 5 | -5 | 5 | -5 | -6 | 5 | -4 | 3 | >13 ]
[ 36< | 0 | 0 | 0 | 0 | 0 | 0 | 0 | 0 | 0 | 0 | 0 | 5 | -5 | 5 | -5 | -6 | 5 | -4 | 3 | >12 ]
[ 36< | 0 | 0 | 0 | 0 | 0 | 0 | 0 | 0 | 0 | 0 | 0 | 5 | -5 | 5 | -5 | -6 | 5 | -4 | 3 | >12 ]
[ 35< | 0 | 0 | 0 | 0 | 0 | 0 | 0 | 0 | 0 | 0 | 0 | 5 | -5 | 5 | -5 | -6 | 5 | -4 | 3 | >11 ]
[ 35< | 0 | 0 | 0 | 0 | 0 | 0 | 0 | 0 | 0 | 0 | 0 | 5 | -5 | 5 | -5 | -6 | 5 | -4 | 3 | >11 ]
[ 34< | 0 | 0 | 0 | 0 | 0 | 0 | 0 | 0 | 0 | 0 | 0 | 5 | -5 | 5 | -5 | -6 | 5 | -4 | 3 | >10 ]
[ 34< | 0 | 0 | 0 | 0 | 0 | 0 | 0 | 0 | 0 | 0 | 0 | 5 | -5 | 5 | -5 | -6 | 5 | -4 | 3 | >10 ]
[ 33< | 0 | 0 | 0 | 0 | 0 | 0 | 0 | 0 | 0 | 0 | 0 | 5 | -5 | 5 | -5 | -6 | 5 | -4 | 3 | >9 ]
[ 33< | 0 | 0 | 0 | 0 | 0 | 0 | 0 | 0 | 0 | 0 | 0 | 5 | -5 | 5 | -5 | -6 | 5 | -4 | 3 | >9 ]
[ 32< | 0 | 0 | 0 | 0 | 0 | 0 | 0 | 0 | 0 | 0 | 0 | 5 | -5 | 5 | -5 | -6 | 5 | -4 | 3 | >8 ]
[ 32< | 0 | 0 | 0 | 0 | 0 | 0 | 0 | 0 | 0 | 0 | 0 | 5 | -5 | 5 | -5 | -6 | 5 | -4 | 3 | >8 ]
[ 31< | 0 | 0 | 0 | 0 | 0 | 0 | 0 | 0 | 0 | 0 | 0 | 5 | -5 | 5 | -5 | -6 | 5 | -4 | 3 | >7 ]
[ 31< | 0 | 0 | 0 | 0 | 0 | 0 | 0 | 0 | 0 | 0 | 0 | 5 | -5 | 5 | -5 | -6 | 5 | -4 | 3 | >7 ]
[ 30< | 0 | 0 | 0 | 0 | 0 | 0 | 0 | 0 | 0 | 0 | 0 | 5 | -5 | 5 | -5 | -6 | 5 | -4 | 3 | >6 ]
[ 30< | 0 | 0 | 0 | 0 | 0 | 0 | 0 | 0 | 0 | 0 | 0 | 5 | -5 | 5 | -5 | -6 | 5 | -4 | 3 | >6 ]
[ 29< | 0 | 0 | 0 | 0 | 0 | 0 | 0 | 0 | 0 | 0 | 0 | 5 | -5 | 5 | -5 | -6 | 5 | -4 | 3 | >5 ]
[ 29< | 0 | 0 | 0 | 0 | 0 | 0 | 0 | 0 | 0 | 0 | 0 | 5 | -5 | 5 | -5 | -6 | 5 | -4 | 3 | >5 ]
[ 28< | 0 | 0 | 0 | 0 | 0 | 0 | 0 | 0 | 0 | 0 | 0 | 5 | -5 | 5 | -5 | -6 | 5 | -4 | 3 | >4 ]
[ 28< | 0 | 0 | 0 | 0 | 0 | 0 | 0 | 0 | 0 | 0 | 0 | 5 | -5 | 5 | -5 | -6 | 5 | -4 | 3 | >4 ]
[ 27< | 0 | 0 | 0 | 0 | 0 | 0 | 0 | 0 | 0 | 0 | 0 | 5 | -5 | 5 | -5 | -6 | 5 | -4 | 3 | >3 ]
[ 27< | 0 | 0 | 0 | 0 | 0 | 0 | 0 | 0 | 0 | 0 | 0 | 5 | -5 | 5 | -5 | -6 | 5 | -4 | 3 | >3 ]
[ 26< | 0 | 0 | 0 | 0 | 0 | 0 | 0 | 0 | 0 | 0 | 0 | 5 | -5 | 5 | -5 | -6 | 5 | -4 | 3 | >2 ]
[ 26< | 0 | 0 | 0 | 0 | 0 | 0 | 0 | 0 | 0 | 0 | 0 | 5 | -5 | 5 | -5 | -6 | 5 | -4 | 3 | >2 ]
[ 25< | 0 | 0 | 0 | 0 | 0 | 0 | 0 | 0 | 0 | 0 | 0 | 5 | -5 | 5 | -5 | -6 | 5 | -4 | 3 | >1 ]
[ 25< | 0 | 0 | 0 | 0 | 0 | 0 | 0 | 0 | 0 | 0 | 0 | 5 | -5 | 5 | -5 | -6 | 5 | -4 | 3 | >1 ]
[ 24< | 0 | 0 | 0 | 0 | 0 | 0 | 0 | 0 | 0 | 0 | 0 | 5 | -5 | 5 | -5 | -6 | 5 | -4 | 3 | >0 ]
[ 24< | 0 | 0 | 0 | 0 | 0 | 0 | 0 | 0 | 0 | 0 | 0 | 5 | -5 | 5 | -5 | -6 | 5 | -4 | 3 | >0 ]

===== GetOffMate won the battle after 297 cycles =====



===== Starting battle of <GetOffMate> vs <SeeSawRush> with memory tape size: 17 =====

[ >128 | 0 | 0 | 0 | 0 | 0 | 0 | 0 | 0 | 0 | 0 | 0 | 0 | 0 | 0 | 0 | 128< ]
[ 128 | >0 | 0 | 0 | 0 | 0 | 0 | 0 | 0 | 0 | 0 | 0 | 0 | 0 | 0 | 0< | 128 ]
[ 128 | 0 | >0 | 0 | 0 | 0 | 0 | 0 | 0 | 0 | 0 | 0 | 0 | 0 | 0< | 0 | 128 ]
[ 128 | 0 | 0 | >0 | 0 | 0 | 0 | 0 | 0 | 0 | 0 | 0 | 0 | 0< | 0 | 0 | 128 ]
[ 128 | 0 | 0 | 0 | >0 | 0 | 0 | 0 | 0 | 0 | 0 | 0 | 0< | 0 | 0 | 0 | 128 ]
[ 128 | 0 | 0 | 0 | 0 | >0 | 0 | 0 | 0 | 0 | 0 | 0 | -1< | 0 | 0 | 0 | 128 ]
[ 128 | 0 | 0 | 0 | 0 | 0 | >0 | 0 | 0 | 0 | 0 | 0 | -2< | 0 | 0 | 0 | 128 ]
[ 128 | 0 | 0 | 0 | 0 | 0 | 0 | >0 | 0 | 0 | 0 | 0 | -3< | 0 | 0 | 0 | 128 ]
[ 128 | 0 | 0 | 0 | 0 | 0 | 0 | 0 | >0 | 0 | 0 | 0 | -4< | 0 | 0 | 0 | 128 ]
[ 128 | 0 | 0 | 0 | 0 | 0 | 0 | 0 | 0 | >0 | 0 | 0 | -5< | 0 | 0 | 0 | 128 ]
[ 128 | 0 | 0 | 0 | 0 | 0 | 0 | 0 | 0 | 0 | >0 | 0 | -6< | 0 | 0 | 0 | 128 ]
[ 128 | 0 | 0 | 0 | 0 | 0 | 0 | 0 | 0 | 0 | 0 | >0 | -6 | 0< | 0 | 0 | 128 ]
[ 128 | 0 | 0 | 0 | 0 | 0 | 0 | 0 | 0 | 0 | 0 | 0 | >-6 | 1< | 0 | 0 | 128 ]
[ 128 | 0 | 0 | 0 | 0 | 0 | 0 | 0 | 0 | 0 | 0 | 0 | -6 | >2< | 0 | 0 | 128 ]
[ 128 | 0 | 0 | 0 | 0 | 0 | 0 | 0 | 0 | 0 | 0 | 0 | -6 | 3< | >0 | 0 | 128 ]
[ 128 | 0 | 0 | 0 | 0 | 0 | 0 | 0 | 0 | 0 | 0 | 0 | -6 | 4< | 0 | >0 | 128 ]
[ 128 | 0 | 0 | 0 | 0 | 0 | 0 | 0 | 0 | 0 | 0 | 0 | -6 | 5< | 0 | 0 | >128 ]
[ >128 | 0 | 0 | 0 | 0 | 0 | 0 | 0 | 0 | 0 | 0 | 0 | -6 | 5 | 0< | 0 | 128 ]

===== SeeSawRush won the battle after 17 cycles =====



===== Starting battle of <GetOffMate> vs <SeeSawRush> with memory tape size: 13 =====

[ >128 | 0 | 0 | 0 | 0 | 0 | 0 | 0 | 0 | 0 | 0 | 0 | 128< ]
[ 128 | >0 | 0 | 0 | 0 | 0 | 0 | 0 | 0 | 0 | 0 | 0< | 128 ]
[ 128 | 0 | >0 | 0 | 0 | 0 | 0 | 0 | 0 | 0 | 0< | 0 | 128 ]
[ 128 | 0 | 0 | >0 | 0 | 0 | 0 | 0 | 0 | 0< | 0 | 0 | 128 ]
[ 128 | 0 | 0 | 0 | >0 | 0 | 0 | 0 | 0< | 0 | 0 | 0 | 128 ]
[ 128 | 0 | 0 | 0 | 0 | >0 | 0 | 0 | -1< | 0 | 0 | 0 | 128 ]
[ 128 | 0 | 0 | 0 | 0 | 0 | >0 | 0 | -2< | 0 | 0 | 0 | 128 ]
[ 128 | 0 | 0 | 0 | 0 | 0 | 0 | >0 | -3< | 0 | 0 | 0 | 128 ]
[ 128 | 0 | 0 | 0 | 0 | 0 | 0 | 0 | >-4< | 0 | 0 | 0 | 128 ]
[ 128 | 0 | 0 | 0 | 0 | 0 | 0 | 0 | -5< | >0 | 0 | 0 | 128 ]
[ 128 | 0 | 0 | 0 | 0 | 0 | 0 | 0 | -6< | 0 | >0 | 0 | 128 ]
[ 128 | 0 | 0 | 0 | 0 | 0 | 0 | 0 | -6 | 0< | 0 | >0 | 128 ]
[ 128 | 0 | 0 | 0 | 0 | 0 | 0 | 0 | -6 | 1< | 0 | 0 | >128 ]
[ >128 | 0 | 0 | 0 | 0 | 0 | 0 | 0 | -6 | 2< | 0 | 0 | 128 ]

===== SeeSawRush won the battle after 13 cycles =====



===== Starting battle of <GetOffMate> vs <SeeSawRush> with memory tape size: 15 =====

[ >128 | 0 | 0 | 0 | 0 | 0 | 0 | 0 | 0 | 0 | 0 | 0 | 0 | 0 | 128< ]
[ 128 | >0 | 0 | 0 | 0 | 0 | 0 | 0 | 0 | 0 | 0 | 0 | 0 | 0< | 128 ]
[ 128 | 0 | >0 | 0 | 0 | 0 | 0 | 0 | 0 | 0 | 0 | 0 | 0< | 0 | 128 ]
[ 128 | 0 | 0 | >0 | 0 | 0 | 0 | 0 | 0 | 0 | 0 | 0< | 0 | 0 | 128 ]
[ 128 | 0 | 0 | 0 | >0 | 0 | 0 | 0 | 0 | 0 | 0< | 0 | 0 | 0 | 128 ]
[ 128 | 0 | 0 | 0 | 0 | >0 | 0 | 0 | 0 | 0 | -1< | 0 | 0 | 0 | 128 ]
[ 128 | 0 | 0 | 0 | 0 | 0 | >0 | 0 | 0 | 0 | -2< | 0 | 0 | 0 | 128 ]
[ 128 | 0 | 0 | 0 | 0 | 0 | 0 | >0 | 0 | 0 | -3< | 0 | 0 | 0 | 128 ]
[ 128 | 0 | 0 | 0 | 0 | 0 | 0 | 0 | >0 | 0 | -4< | 0 | 0 | 0 | 128 ]
[ 128 | 0 | 0 | 0 | 0 | 0 | 0 | 0 | 0 | >0 | -5< | 0 | 0 | 0 | 128 ]
[ 128 | 0 | 0 | 0 | 0 | 0 | 0 | 0 | 0 | 0 | >-6< | 0 | 0 | 0 | 128 ]
[ 128 | 0 | 0 | 0 | 0 | 0 | 0 | 0 | 0 | 0 | -6 | >0< | 0 | 0 | 128 ]
[ 128 | 0 | 0 | 0 | 0 | 0 | 0 | 0 | 0 | 0 | -6 | 1< | >0 | 0 | 128 ]
[ 128 | 0 | 0 | 0 | 0 | 0 | 0 | 0 | 0 | 0 | -6 | 2< | 0 | >0 | 128 ]
[ 128 | 0 | 0 | 0 | 0 | 0 | 0 | 0 | 0 | 0 | -6 | 3< | 0 | 0 | >128 ]
[ >128 | 0 | 0 | 0 | 0 | 0 | 0 | 0 | 0 | 0 | -6 | 4< | 0 | 0 | 128 ]

===== SeeSawRush won the battle after 15 cycles =====



===== Starting battle of <GetOffMate> vs <SeeSawRush> with memory tape size: 20 =====

[ >128 | 0 | 0 | 0 | 0 | 0 | 0 | 0 | 0 | 0 | 0 | 0 | 0 | 0 | 0 | 0 | 0 | 0 | 0 | 128< ]
[ 128 | >0 | 0 | 0 | 0 | 0 | 0 | 0 | 0 | 0 | 0 | 0 | 0 | 0 | 0 | 0 | 0 | 0 | 0< | 128 ]
[ 128 | 0 | >0 | 0 | 0 | 0 | 0 | 0 | 0 | 0 | 0 | 0 | 0 | 0 | 0 | 0 | 0 | 0< | 0 | 128 ]
[ 128 | 0 | 0 | >0 | 0 | 0 | 0 | 0 | 0 | 0 | 0 | 0 | 0 | 0 | 0 | 0 | 0< | 0 | 0 | 128 ]
[ 128 | 0 | 0 | 0 | >0 | 0 | 0 | 0 | 0 | 0 | 0 | 0 | 0 | 0 | 0 | 0< | 0 | 0 | 0 | 128 ]
[ 128 | 0 | 0 | 0 | 0 | >0 | 0 | 0 | 0 | 0 | 0 | 0 | 0 | 0 | 0 | -1< | 0 | 0 | 0 | 128 ]
[ 128 | 0 | 0 | 0 | 0 | 0 | >0 | 0 | 0 | 0 | 0 | 0 | 0 | 0 | 0 | -2< | 0 | 0 | 0 | 128 ]
[ 128 | 0 | 0 | 0 | 0 | 0 | 0 | >0 | 0 | 0 | 0 | 0 | 0 | 0 | 0 | -3< | 0 | 0 | 0 | 128 ]
[ 128 | 0 | 0 | 0 | 0 | 0 | 0 | 0 | >0 | 0 | 0 | 0 | 0 | 0 | 0 | -4< | 0 | 0 | 0 | 128 ]
[ 128 | 0 | 0 | 0 | 0 | 0 | 0 | 0 | 0 | >0 | 0 | 0 | 0 | 0 | 0 | -5< | 0 | 0 | 0 | 128 ]
[ 128 | 0 | 0 | 0 | 0 | 0 | 0 | 0 | 0 | 0 | >0 | 0 | 0 | 0 | 0 | -6< | 0 | 0 | 0 | 128 ]
[ 128 | 0 | 0 | 0 | 0 | 0 | 0 | 0 | 0 | 0 | 0 | >0 | 0 | 0 | 0 | -6 | 0< | 0 | 0 | 128 ]
[ 128 | 0 | 0 | 0 | 0 | 0 | 0 | 0 | 0 | 0 | 0 | 0 | >0 | 0 | 0 | -6 | 1< | 0 | 0 | 128 ]
[ 128 | 0 | 0 | 0 | 0 | 0 | 0 | 0 | 0 | 0 | 0 | 0 | 0 | >0 | 0 | -6 | 2< | 0 | 0 | 128 ]
[ 128 | 0 | 0 | 0 | 0 | 0 | 0 | 0 | 0 | 0 | 0 | 0 | 0 | 0 | >0 | -6 | 3< | 0 | 0 | 128 ]
[ 128 | 0 | 0 | 0 | 0 | 0 | 0 | 0 | 0 | 0 | 0 | 0 | 0 | 0 | 0 | >-6 | 4< | 0 | 0 | 128 ]
[ 128 | 0 | 0 | 0 | 0 | 0 | 0 | 0 | 0 | 0 | 0 | 0 | 0 | 0 | 0 | -6 | >5< | 0 | 0 | 128 ]
[ 128 | 0 | 0 | 0 | 0 | 0 | 0 | 0 | 0 | 0 | 0 | 0 | 0 | 0 | 0 | -6 | 5 | >0< | 0 | 128 ]
[ 128 | 0 | 0 | 0 | 0 | 0 | 0 | 0 | 0 | 0 | 0 | 0 | 0 | 0 | 0 | -6 | 5 | -1< | >0 | 128 ]
[ 128 | 0 | 0 | 0 | 0 | 0 | 0 | 0 | 0 | 0 | 0 | 0 | 0 | 0 | 0 | -6 | 5 | -2< | 0 | >128 ]
[ 128 | 0 | 0 | 0 | 0 | 0 | 0 | 0 | 0 | 0 | 0 | 0 | 0 | 0 | 0 | -6 | 5 | -3< | 0 | >128 ]
[ 128 | 0 | 0 | 0 | 0 | 0 | 0 | 0 | 0 | 0 | 0 | 0 | 0 | 0 | 0 | -6 | 5 | -4< | 0 | >-127 ]
[ 128 | 0 | 0 | 0 | 0 | 0 | 0 | 0 | 0 | 0 | 0 | 0 | 0 | 0 | 0 | -6 | 5 | -4 | 0< | >-126 ]
[ 128 | 0 | 0 | 0 | 0 | 0 | 0 | 0 | 0 | 0 | 0 | 0 | 0 | 0 | 0 | -6 | 5 | -4 | 1< | >-125 ]
[ 128 | 0 | 0 | 0 | 0 | 0 | 0 | 0 | 0 | 0 | 0 | 0 | 0 | 0 | 0 | -6 | 5 | -4 | 2< | >-124 ]
[ 128 | 0 | 0 | 0 | 0 | 0 | 0 | 0 | 0 | 0 | 0 | 0 | 0 | 0 | 0 | -6 | 5 | -4 | 3< | >-123 ]
[ 128 | 0 | 0 | 0 | 0 | 0 | 0 | 0 | 0 | 0 | 0 | 0 | 0 | 0 | 0 | -6 | 5 | -4< | 3 | >-122 ]
[ 128 | 0 | 0 | 0 | 0 | 0 | 0 | 0 | 0 | 0 | 0 | 0 | 0 | 0 | 0 | -6 | 5< | -4 | 3 | >-122 ]
[ 128 | 0 | 0 | 0 | 0 | 0 | 0 | 0 | 0 | 0 | 0 | 0 | 0 | 0 | 0 | -6< | 5 | -4 | 3 | >-123 ]
[ 128 | 0 | 0 | 0 | 0 | 0 | 0 | 0 | 0 | 0 | 0 | 0 | 0 | 0 | 0< | -6 | 5 | -4 | 3 | >-123 ]
[ 128 | 0 | 0 | 0 | 0 | 0 | 0 | 0 | 0 | 0 | 0 | 0 | 0 | 0 | -1< | -6 | 5 | -4 | 3 | >-124 ]
[ 128 | 0 | 0 | 0 | 0 | 0 | 0 | 0 | 0 | 0 | 0 | 0 | 0 | 0 | -2< | -6 | 5 | -4 | 3 | >-124 ]
[ 128 | 0 | 0 | 0 | 0 | 0 | 0 | 0 | 0 | 0 | 0 | 0 | 0 | 0 | -3< | -6 | 5 | -4 | 3 | >-125 ]
[ 128 | 0 | 0 | 0 | 0 | 0 | 0 | 0 | 0 | 0 | 0 | 0 | 0 | 0 | -4< | -6 | 5 | -4 | 3 | >-125 ]
[ 128 | 0 | 0 | 0 | 0 | 0 | 0 | 0 | 0 | 0 | 0 | 0 | 0 | 0 | -5< | -6 | 5 | -4 | 3 | >-126 ]
[ 128 | 0 | 0 | 0 | 0 | 0 | 0 | 0 | 0 | 0 | 0 | 0 | 0 | 0< | -5 | -6 | 5 | -4 | 3 | >-126 ]
[ 128 | 0 | 0 | 0 | 0 | 0 | 0 | 0 | 0 | 0 | 0 | 0 | 0 | 1< | -5 | -6 | 5 | -4 | 3 | >-127 ]
[ 128 | 0 | 0 | 0 | 0 | 0 | 0 | 0 | 0 | 0 | 0 | 0 | 0 | 2< | -5 | -6 | 5 | -4 | 3 | >-127 ]
[ 128 | 0 | 0 | 0 | 0 | 0 | 0 | 0 | 0 | 0 | 0 | 0 | 0 | 3< | -5 | -6 | 5 | -4 | 3 | >128 ]
[ 128 | 0 | 0 | 0 | 0 | 0 | 0 | 0 | 0 | 0 | 0 | 0 | 0 | 4< | -5 | -6 | 5 | -4 | 3 | >128 ]
[ 128 | 0 | 0 | 0 | 0 | 0 | 0 | 0 | 0 | 0 | 0 | 0 | 0 | 5< | -5 | -6 | 5 | -4 | 3 | >127 ]
[ 128 | 0 | 0 | 0 | 0 | 0 | 0 | 0 | 0 | 0 | 0 | 0 | 0< | 5 | -5 | -6 | 5 | -4 | 3 | >127 ]
[ 128 | 0 | 0 | 0 | 0 | 0 | 0 | 0 | 0 | 0 | 0 | 0 | -1< | 5 | -5 | -6 | 5 | -4 | 3 | >126 ]
[ 128 | 0 | 0 | 0 | 0 | 0 | 0 | 0 | 0 | 0 | 0 | 0 | -2< | 5 | -5 | -6 | 5 | -4 | 3 | >126 ]
[ 128 | 0 | 0 | 0 | 0 | 0 | 0 | 0 | 0 | 0 | 0 | 0 | -3< | 5 | -5 | -6 | 5 | -4 | 3 | >125 ]
[ 128 | 0 | 0 | 0 | 0 | 0 | 0 | 0 | 0 | 0 | 0 | 0 | -4< | 5 | -5 | -6 | 5 | -4 | 3 | >125 ]
[ 128 | 0 | 0 | 0 | 0 | 0 | 0 | 0 | 0 | 0 | 0 | 0 | -5< | 5 | -5 | -6 | 5 | -4 | 3 | >124 ]
[ 128 | 0 | 0 | 0 | 0 | 0 | 0 | 0 | 0 | 0 | 0 | 0< | -5 | 5 | -5 | -6 | 5 | -4 | 3 | >124 ]
[ 128 | 0 | 0 | 0 | 0 | 0 | 0 | 0 | 0 | 0 | 0 | 1< | -5 | 5 | -5 | -6 | 5 | -4 | 3 | >123 ]
[ 128 | 0 | 0 | 0 | 0 | 0 | 0 | 0 | 0 | 0 | 0 | 2< | -5 | 5 | -5 | -6 | 5 | -4 | 3 | >123 ]
[ 128 | 0 | 0 | 0 | 0 | 0 | 0 | 0 | 0 | 0 | 0 | 3< | -5 | 5 | -5 | -6 | 5 | -4 | 3 | >122 ]
[ 128 | 0 | 0 | 0 | 0 | 0 | 0 | 0 | 0 | 0 | 0 | 4< | -5 | 5 | -5 | -6 | 5 | -4 | 3 | >122 ]
[ 128 | 0 | 0 | 0 | 0 | 0 | 0 | 0 | 0 | 0 | 0 | 5< | -5 | 5 | -5 | -6 | 5 | -4 | 3 | >121 ]
[ 128 | 0 | 0 | 0 | 0 | 0 | 0 | 0 | 0 | 0 | 0< | 5 | -5 | 5 | -5 | -6 | 5 | -4 | 3 | >121 ]
[ 128 | 0 | 0 | 0 | 0 | 0 | 0 | 0 | 0 | 0 | 0< | 5 | -5 | 5 | -5 | -6 | 5 | -4 | 3 | >120 ]
[ 128 | 0 | 0 | 0 | 0 | 0 | 0 | 0 | 0 | 0< | 0 | 5 | -5 | 5 | -5 | -6 | 5 | -4 | 3 | >120 ]
[ 128 | 0 | 0 | 0 | 0 | 0 | 0 | 0 | 0 | 0< | 0 | 5 | -5 | 5 | -5 | -6 | 5 | -4 | 3 | >119 ]
[ 128 | 0 | 0 | 0 | 0 | 0 | 0 | 0 | 0< | 0 | 0 | 5 | -5 | 5 | -5 | -6 | 5 | -4 | 3 | >119 ]
[ 128 | 0 | 0 | 0 | 0 | 0 | 0 | 0 | 0< | 0 | 0 | 5 | -5 | 5 | -5 | -6 | 5 | -4 | 3 | >118 ]
[ 128 | 0 | 0 | 0 | 0 | 0 | 0 | 0< | 0 | 0 | 0 | 5 | -5 | 5 | -5 | -6 | 5 | -4 | 3 | >118 ]
[ 128 | 0 | 0 | 0 | 0 | 0 | 0 | 0< | 0 | 0 | 0 | 5 | -5 | 5 | -5 | -6 | 5 | -4 | 3 | >117 ]
[ 128 | 0 | 0 | 0 | 0 | 0 | 0< | 0 | 0 | 0 | 0 | 5 | -5 | 5 | -5 | -6 | 5 | -4 | 3 | >117 ]
[ 128 | 0 | 0 | 0 | 0 | 0 | 0< | 0 | 0 | 0 | 0 | 5 | -5 | 5 | -5 | -6 | 5 | -4 | 3 | >116 ]
[ 128 | 0 | 0 | 0 | 0 | 0< | 0 | 0 | 0 | 0 | 0 | 5 | -5 | 5 | -5 | -6 | 5 | -4 | 3 | >116 ]
[ 128 | 0 | 0 | 0 | 0 | 0< | 0 | 0 | 0 | 0 | 0 | 5 | -5 | 5 | -5 | -6 | 5 | -4 | 3 | >115 ]
[ 128 | 0 | 0 | 0 | 0< | 0 | 0 | 0 | 0 | 0 | 0 | 5 | -5 | 5 | -5 | -6 | 5 | -4 | 3 | >115 ]
[ 128 | 0 | 0 | 0 | 0< | 0 | 0 | 0 | 0 | 0 | 0 | 5 | -5 | 5 | -5 | -6 | 5 | -4 | 3 | >114 ]
[ 128 | 0 | 0 | 0< | 0 | 0 | 0 | 0 | 0 | 0 | 0 | 5 | -5 | 5 | -5 | -6 | 5 | -4 | 3 | >114 ]
[ 128 | 0 | 0 | 0< | 0 | 0 | 0 | 0 | 0 | 0 | 0 | 5 | -5 | 5 | -5 | -6 | 5 | -4 | 3 | >113 ]
[ 128 | 0 | 0< | 0 | 0 | 0 | 0 | 0 | 0 | 0 | 0 | 5 | -5 | 5 | -5 | -6 | 5 | -4 | 3 | >113 ]
[ 128 | 0 | 0< | 0 | 0 | 0 | 0 | 0 | 0 | 0 | 0 | 5 | -5 | 5 | -5 | -6 | 5 | -4 | 3 | >112 ]
[ 128 | 0< | 0 | 0 | 0 | 0 | 0 | 0 | 0 | 0 | 0 | 5 | -5 | 5 | -5 | -6 | 5 | -4 | 3 | >112 ]
[ 128 | 0< | 0 | 0 | 0 | 0 | 0 | 0 | 0 | 0 | 0 | 5 | -5 | 5 | -5 | -6 | 5 | -4 | 3 | >111 ]
[ 128< | 0 | 0 | 0 | 0 | 0 | 0 | 0 | 0 | 0 | 0 | 5 | -5 | 5 | -5 | -6 | 5 | -4 | 3 | >111 ]
[ 128< | 0 | 0 | 0 | 0 | 0 | 0 | 0 | 0 | 0 | 0 | 5 | -5 | 5 | -5 | -6 | 5 | -4 | 3 | >110 ]
[ -127< | 0 | 0 | 0 | 0 | 0 | 0 | 0 | 0 | 0 | 0 | 5 | -5 | 5 | -5 | -6 | 5 | -4 | 3 | >110 ]
[ -126< | 0 | 0 | 0 | 0 | 0 | 0 | 0 | 0 | 0 | 0 | 5 | -5 | 5 | -5 | -6 | 5 | -4 | 3 | >109 ]
[ -125< | 0 | 0 | 0 | 0 | 0 | 0 | 0 | 0 | 0 | 0 | 5 | -5 | 5 | -5 | -6 | 5 | -4 | 3 | >109 ]
[ -124< | 0 | 0 | 0 | 0 | 0 | 0 | 0 | 0 | 0 | 0 | 5 | -5 | 5 | -5 | -6 | 5 | -4 | 3 | >108 ]
[ -124< | 0 | 0 | 0 | 0 | 0 | 0 | 0 | 0 | 0 | 0 | 5 | -5 | 5 | -5 | -6 | 5 | -4 | 3 | >108 ]
[ -125< | 0 | 0 | 0 | 0 | 0 | 0 | 0 | 0 | 0 | 0 | 5 | -5 | 5 | -5 | -6 | 5 | -4 | 3 | >107 ]
[ -125< | 0 | 0 | 0 | 0 | 0 | 0 | 0 | 0 | 0 | 0 | 5 | -5 | 5 | -5 | -6 | 5 | -4 | 3 | >107 ]
[ -126< | 0 | 0 | 0 | 0 | 0 | 0 | 0 | 0 | 0 | 0 | 5 | -5 | 5 | -5 | -6 | 5 | -4 | 3 | >106 ]
[ -126< | 0 | 0 | 0 | 0 | 0 | 0 | 0 | 0 | 0 | 0 | 5 | -5 | 5 | -5 | -6 | 5 | -4 | 3 | >106 ]
[ -127< | 0 | 0 | 0 | 0 | 0 | 0 | 0 | 0 | 0 | 0 | 5 | -5 | 5 | -5 | -6 | 5 | -4 | 3 | >105 ]
[ -127< | 0 | 0 | 0 | 0 | 0 | 0 | 0 | 0 | 0 | 0 | 5 | -5 | 5 | -5 | -6 | 5 | -4 | 3 | >105 ]
[ 128< | 0 | 0 | 0 | 0 | 0 | 0 | 0 | 0 | 0 | 0 | 5 | -5 | 5 | -5 | -6 | 5 | -4 | 3 | >104 ]
[ 128< | 0 | 0 | 0 | 0 | 0 | 0 | 0 | 0 | 0 | 0 | 5 | -5 | 5 | -5 | -6 | 5 | -4 | 3 | >104 ]
[ 127< | 0 | 0 | 0 | 0 | 0 | 0 | 0 | 0 | 0 | 0 | 5 | -5 | 5 | -5 | -6 | 5 | -4 | 3 | >103 ]
[ 127< | 0 | 0 | 0 | 0 | 0 | 0 | 0 | 0 | 0 | 0 | 5 | -5 | 5 | -5 | -6 | 5 | -4 | 3 | >103 ]
[ 126< | 0 | 0 | 0 | 0 | 0 | 0 | 0 | 0 | 0 | 0 | 5 | -5 | 5 | -5 | -6 | 5 | -4 | 3 | >102 ]
[ 126< | 0 | 0 | 0 | 0 | 0 | 0 | 0 | 0 | 0 | 0 | 5 | -5 | 5 | -5 | -6 | 5 | -4 | 3 | >102 ]
[ 125< | 0 | 0 | 0 | 0 | 0 | 0 | 0 | 0 | 0 | 0 | 5 | -5 | 5 | -5 | -6 | 5 | -4 | 3 | >101 ]
[ 125< | 0 | 0 | 0 | 0 | 0 | 0 | 0 | 0 | 0 | 0 | 5 | -5 | 5 | -5 | -6 | 5 | -4 | 3 | >101 ]
[ 124< | 0 | 0 | 0 | 0 | 0 | 0 | 0 | 0 | 0 | 0 | 5 | -5 | 5 | -5 | -6 | 5 | -4 | 3 | >100 ]
[ 124< | 0 | 0 | 0 | 0 | 0 | 0 | 0 | 0 | 0 | 0 | 5 | -5 | 5 | -5 | -6 | 5 | -4 | 3 | >100 ]
[ 123< | 0 | 0 | 0 | 0 | 0 | 0 | 0 | 0 | 0 | 0 | 5 | -5 | 5 | -5 | -6 | 5 | -4 | 3 | >99 ]
[ 123< | 0 | 0 | 0 | 0 | 0 | 0 | 0 | 0 | 0 | 0 | 5 | -5 | 5 | -5 | -6 | 5 | -4 | 3 | >99 ]
[ 122< | 0 | 0 | 0 | 0 | 0 | 0 | 0 | 0 | 0 | 0 | 5 | -5 | 5 | -5 | -6 | 5 | -4 | 3 | >98 ]
[ 122< | 0 | 0 | 0 | 0 | 0 | 0 | 0 | 0 | 0 | 0 | 5 | -5 | 5 | -5 | -6 | 5 | -4 | 3 | >98 ]
[ 121< | 0 | 0 | 0 | 0 | 0 | 0 | 0 | 0 | 0 | 0 | 5 | -5 | 5 | -5 | -6 | 5 | -4 | 3 | >97 ]
[ 121< | 0 | 0 | 0 | 0 | 0 | 0 | 0 | 0 | 0 | 0 | 5 | -5 | 5 | -5 | -6 | 5 | -4 | 3 | >97 ]
[ 120< | 0 | 0 | 0 | 0 | 0 | 0 | 0 | 0 | 0 | 0 | 5 | -5 | 5 | -5 | -6 | 5 | -4 | 3 | >96 ]
[ 120< | 0 | 0 | 0 | 0 | 0 | 0 | 0 | 0 | 0 | 0 | 5 | -5 | 5 | -5 | -6 | 5 | -4 | 3 | >96 ]
[ 119< | 0 | 0 | 0 | 0 | 0 | 0 | 0 | 0 | 0 | 0 | 5 | -5 | 5 | -5 | -6 | 5 | -4 | 3 | >95 ]
[ 119< | 0 | 0 | 0 | 0 | 0 | 0 | 0 | 0 | 0 | 0 | 5 | -5 | 5 | -5 | -6 | 5 | -4 | 3 | >95 ]
[ 118< | 0 | 0 | 0 | 0 | 0 | 0 | 0 | 0 | 0 | 0 | 5 | -5 | 5 | -5 | -6 | 5 | -4 | 3 | >94 ]
[ 118< | 0 | 0 | 0 | 0 | 0 | 0 | 0 | 0 | 0 | 0 | 5 | -5 | 5 | -5 | -6 | 5 | -4 | 3 | >94 ]
[ 117< | 0 | 0 | 0 | 0 | 0 | 0 | 0 | 0 | 0 | 0 | 5 | -5 | 5 | -5 | -6 | 5 | -4 | 3 | >93 ]
[ 117< | 0 | 0 | 0 | 0 | 0 | 0 | 0 | 0 | 0 | 0 | 5 | -5 | 5 | -5 | -6 | 5 | -4 | 3 | >93 ]
[ 116< | 0 | 0 | 0 | 0 | 0 | 0 | 0 | 0 | 0 | 0 | 5 | -5 | 5 | -5 | -6 | 5 | -4 | 3 | >92 ]
[ 116< | 0 | 0 | 0 | 0 | 0 | 0 | 0 | 0 | 0 | 0 | 5 | -5 | 5 | -5 | -6 | 5 | -4 | 3 | >92 ]
[ 115< | 0 | 0 | 0 | 0 | 0 | 0 | 0 | 0 | 0 | 0 | 5 | -5 | 5 | -5 | -6 | 5 | -4 | 3 | >91 ]
[ 115< | 0 | 0 | 0 | 0 | 0 | 0 | 0 | 0 | 0 | 0 | 5 | -5 | 5 | -5 | -6 | 5 | -4 | 3 | >91 ]
[ 114< | 0 | 0 | 0 | 0 | 0 | 0 | 0 | 0 | 0 | 0 | 5 | -5 | 5 | -5 | -6 | 5 | -4 | 3 | >90 ]
[ 114< | 0 | 0 | 0 | 0 | 0 | 0 | 0 | 0 | 0 | 0 | 5 | -5 | 5 | -5 | -6 | 5 | -4 | 3 | >90 ]
[ 113< | 0 | 0 | 0 | 0 | 0 | 0 | 0 | 0 | 0 | 0 | 5 | -5 | 5 | -5 | -6 | 5 | -4 | 3 | >89 ]
[ 113< | 0 | 0 | 0 | 0 | 0 | 0 | 0 | 0 | 0 | 0 | 5 | -5 | 5 | -5 | -6 | 5 | -4 | 3 | >89 ]
[ 112< | 0 | 0 | 0 | 0 | 0 | 0 | 0 | 0 | 0 | 0 | 5 | -5 | 5 | -5 | -6 | 5 | -4 | 3 | >88 ]
[ 112< | 0 | 0 | 0 | 0 | 0 | 0 | 0 | 0 | 0 | 0 | 5 | -5 | 5 | -5 | -6 | 5 | -4 | 3 | >88 ]
[ 111< | 0 | 0 | 0 | 0 | 0 | 0 | 0 | 0 | 0 | 0 | 5 | -5 | 5 | -5 | -6 | 5 | -4 | 3 | >87 ]
[ 111< | 0 | 0 | 0 | 0 | 0 | 0 | 0 | 0 | 0 | 0 | 5 | -5 | 5 | -5 | -6 | 5 | -4 | 3 | >87 ]
[ 110< | 0 | 0 | 0 | 0 | 0 | 0 | 0 | 0 | 0 | 0 | 5 | -5 | 5 | -5 | -6 | 5 | -4 | 3 | >86 ]
[ 110< | 0 | 0 | 0 | 0 | 0 | 0 | 0 | 0 | 0 | 0 | 5 | -5 | 5 | -5 | -6 | 5 | -4 | 3 | >86 ]
[ 109< | 0 | 0 | 0 | 0 | 0 | 0 | 0 | 0 | 0 | 0 | 5 | -5 | 5 | -5 | -6 | 5 | -4 | 3 | >85 ]
[ 109< | 0 | 0 | 0 | 0 | 0 | 0 | 0 | 0 | 0 | 0 | 5 | -5 | 5 | -5 | -6 | 5 | -4 | 3 | >85 ]
[ 108< | 0 | 0 | 0 | 0 | 0 | 0 | 0 | 0 | 0 | 0 | 5 | -5 | 5 | -5 | -6 | 5 | -4 | 3 | >84 ]
[ 108< | 0 | 0 | 0 | 0 | 0 | 0 | 0 | 0 | 0 | 0 | 5 | -5 | 5 | -5 | -6 | 5 | -4 | 3 | >84 ]
[ 107< | 0 | 0 | 0 | 0 | 0 | 0 | 0 | 0 | 0 | 0 | 5 | -5 | 5 | -5 | -6 | 5 | -4 | 3 | >83 ]
[ 107< | 0 | 0 | 0 | 0 | 0 | 0 | 0 | 0 | 0 | 0 | 5 | -5 | 5 | -5 | -6 | 5 | -4 | 3 | >83 ]
[ 106< | 0 | 0 | 0 | 0 | 0 | 0 | 0 | 0 | 0 | 0 | 5 | -5 | 5 | -5 | -6 | 5 | -4 | 3 | >82 ]
[ 106< | 0 | 0 | 0 | 0 | 0 | 0 | 0 | 0 | 0 | 0 | 5 | -5 | 5 | -5 | -6 | 5 | -4 | 3 | >82 ]
[ 105< | 0 | 0 | 0 | 0 | 0 | 0 | 0 | 0 | 0 | 0 | 5 | -5 | 5 | -5 | -6 | 5 | -4 | 3 | >81 ]
[ 105< | 0 | 0 | 0 | 0 | 0 | 0 | 0 | 0 | 0 | 0 | 5 | -5 | 5 | -5 | -6 | 5 | -4 | 3 | >81 ]
[ 104< | 0 | 0 | 0 | 0 | 0 | 0 | 0 | 0 | 0 | 0 | 5 | -5 | 5 | -5 | -6 | 5 | -4 | 3 | >80 ]
[ 104< | 0 | 0 | 0 | 0 | 0 | 0 | 0 | 0 | 0 | 0 | 5 | -5 | 5 | -5 | -6 | 5 | -4 | 3 | >80 ]
[ 103< | 0 | 0 | 0 | 0 | 0 | 0 | 0 | 0 | 0 | 0 | 5 | -5 | 5 | -5 | -6 | 5 | -4 | 3 | >79 ]
[ 103< | 0 | 0 | 0 | 0 | 0 | 0 | 0 | 0 | 0 | 0 | 5 | -5 | 5 | -5 | -6 | 5 | -4 | 3 | >79 ]
[ 102< | 0 | 0 | 0 | 0 | 0 | 0 | 0 | 0 | 0 | 0 | 5 | -5 | 5 | -5 | -6 | 5 | -4 | 3 | >78 ]
[ 102< | 0 | 0 | 0 | 0 | 0 | 0 | 0 | 0 | 0 | 0 | 5 | -5 | 5 | -5 | -6 | 5 | -4 | 3 | >78 ]
[ 101< | 0 | 0 | 0 | 0 | 0 | 0 | 0 | 0 | 0 | 0 | 5 | -5 | 5 | -5 | -6 | 5 | -4 | 3 | >77 ]
[ 101< | 0 | 0 | 0 | 0 | 0 | 0 | 0 | 0 | 0 | 0 | 5 | -5 | 5 | -5 | -6 | 5 | -4 | 3 | >77 ]
[ 100< | 0 | 0 | 0 | 0 | 0 | 0 | 0 | 0 | 0 | 0 | 5 | -5 | 5 | -5 | -6 | 5 | -4 | 3 | >76 ]
[ 100< | 0 | 0 | 0 | 0 | 0 | 0 | 0 | 0 | 0 | 0 | 5 | -5 | 5 | -5 | -6 | 5 | -4 | 3 | >76 ]
[ 99< | 0 | 0 | 0 | 0 | 0 | 0 | 0 | 0 | 0 | 0 | 5 | -5 | 5 | -5 | -6 | 5 | -4 | 3 | >75 ]
[ 99< | 0 | 0 | 0 | 0 | 0 | 0 | 0 | 0 | 0 | 0 | 5 | -5 | 5 | -5 | -6 | 5 | -4 | 3 | >75 ]
[ 98< | 0 | 0 | 0 | 0 | 0 | 0 | 0 | 0 | 0 | 0 | 5 | -5 | 5 | -5 | -6 | 5 | -4 | 3 | >74 ]
[ 98< | 0 | 0 | 0 | 0 | 0 | 0 | 0 | 0 | 0 | 0 | 5 | -5 | 5 | -5 | -6 | 5 | -4 | 3 | >74 ]
[ 97< | 0 | 0 | 0 | 0 | 0 | 0 | 0 | 0 | 0 | 0 | 5 | -5 | 5 | -5 | -6 | 5 | -4 | 3 | >73 ]
[ 97< | 0 | 0 | 0 | 0 | 0 | 0 | 0 | 0 | 0 | 0 | 5 | -5 | 5 | -5 | -6 | 5 | -4 | 3 | >73 ]
[ 96< | 0 | 0 | 0 | 0 | 0 | 0 | 0 | 0 | 0 | 0 | 5 | -5 | 5 | -5 | -6 | 5 | -4 | 3 | >72 ]
[ 96< | 0 | 0 | 0 | 0 | 0 | 0 | 0 | 0 | 0 | 0 | 5 | -5 | 5 | -5 | -6 | 5 | -4 | 3 | >72 ]
[ 95< | 0 | 0 | 0 | 0 | 0 | 0 | 0 | 0 | 0 | 0 | 5 | -5 | 5 | -5 | -6 | 5 | -4 | 3 | >71 ]
[ 95< | 0 | 0 | 0 | 0 | 0 | 0 | 0 | 0 | 0 | 0 | 5 | -5 | 5 | -5 | -6 | 5 | -4 | 3 | >71 ]
[ 94< | 0 | 0 | 0 | 0 | 0 | 0 | 0 | 0 | 0 | 0 | 5 | -5 | 5 | -5 | -6 | 5 | -4 | 3 | >70 ]
[ 94< | 0 | 0 | 0 | 0 | 0 | 0 | 0 | 0 | 0 | 0 | 5 | -5 | 5 | -5 | -6 | 5 | -4 | 3 | >70 ]
[ 93< | 0 | 0 | 0 | 0 | 0 | 0 | 0 | 0 | 0 | 0 | 5 | -5 | 5 | -5 | -6 | 5 | -4 | 3 | >69 ]
[ 93< | 0 | 0 | 0 | 0 | 0 | 0 | 0 | 0 | 0 | 0 | 5 | -5 | 5 | -5 | -6 | 5 | -4 | 3 | >69 ]
[ 92< | 0 | 0 | 0 | 0 | 0 | 0 | 0 | 0 | 0 | 0 | 5 | -5 | 5 | -5 | -6 | 5 | -4 | 3 | >68 ]
[ 92< | 0 | 0 | 0 | 0 | 0 | 0 | 0 | 0 | 0 | 0 | 5 | -5 | 5 | -5 | -6 | 5 | -4 | 3 | >68 ]
[ 91< | 0 | 0 | 0 | 0 | 0 | 0 | 0 | 0 | 0 | 0 | 5 | -5 | 5 | -5 | -6 | 5 | -4 | 3 | >67 ]
[ 91< | 0 | 0 | 0 | 0 | 0 | 0 | 0 | 0 | 0 | 0 | 5 | -5 | 5 | -5 | -6 | 5 | -4 | 3 | >67 ]
[ 90< | 0 | 0 | 0 | 0 | 0 | 0 | 0 | 0 | 0 | 0 | 5 | -5 | 5 | -5 | -6 | 5 | -4 | 3 | >66 ]
[ 90< | 0 | 0 | 0 | 0 | 0 | 0 | 0 | 0 | 0 | 0 | 5 | -5 | 5 | -5 | -6 | 5 | -4 | 3 | >66 ]
[ 89< | 0 | 0 | 0 | 0 | 0 | 0 | 0 | 0 | 0 | 0 | 5 | -5 | 5 | -5 | -6 | 5 | -4 | 3 | >65 ]
[ 89< | 0 | 0 | 0 | 0 | 0 | 0 | 0 | 0 | 0 | 0 | 5 | -5 | 5 | -5 | -6 | 5 | -4 | 3 | >65 ]
[ 88< | 0 | 0 | 0 | 0 | 0 | 0 | 0 | 0 | 0 | 0 | 5 | -5 | 5 | -5 | -6 | 5 | -4 | 3 | >64 ]
[ 88< | 0 | 0 | 0 | 0 | 0 | 0 | 0 | 0 | 0 | 0 | 5 | -5 | 5 | -5 | -6 | 5 | -4 | 3 | >64 ]
[ 87< | 0 | 0 | 0 | 0 | 0 | 0 | 0 | 0 | 0 | 0 | 5 | -5 | 5 | -5 | -6 | 5 | -4 | 3 | >63 ]
[ 87< | 0 | 0 | 0 | 0 | 0 | 0 | 0 | 0 | 0 | 0 | 5 | -5 | 5 | -5 | -6 | 5 | -4 | 3 | >63 ]
[ 86< | 0 | 0 | 0 | 0 | 0 | 0 | 0 | 0 | 0 | 0 | 5 | -5 | 5 | -5 | -6 | 5 | -4 | 3 | >62 ]
[ 86< | 0 | 0 | 0 | 0 | 0 | 0 | 0 | 0 | 0 | 0 | 5 | -5 | 5 | -5 | -6 | 5 | -4 | 3 | >62 ]
[ 85< | 0 | 0 | 0 | 0 | 0 | 0 | 0 | 0 | 0 | 0 | 5 | -5 | 5 | -5 | -6 | 5 | -4 | 3 | >61 ]
[ 85< | 0 | 0 | 0 | 0 | 0 | 0 | 0 | 0 | 0 | 0 | 5 | -5 | 5 | -5 | -6 | 5 | -4 | 3 | >61 ]
[ 84< | 0 | 0 | 0 | 0 | 0 | 0 | 0 | 0 | 0 | 0 | 5 | -5 | 5 | -5 | -6 | 5 | -4 | 3 | >60 ]
[ 84< | 0 | 0 | 0 | 0 | 0 | 0 | 0 | 0 | 0 | 0 | 5 | -5 | 5 | -5 | -6 | 5 | -4 | 3 | >60 ]
[ 83< | 0 | 0 | 0 | 0 | 0 | 0 | 0 | 0 | 0 | 0 | 5 | -5 | 5 | -5 | -6 | 5 | -4 | 3 | >59 ]
[ 83< | 0 | 0 | 0 | 0 | 0 | 0 | 0 | 0 | 0 | 0 | 5 | -5 | 5 | -5 | -6 | 5 | -4 | 3 | >59 ]
[ 82< | 0 | 0 | 0 | 0 | 0 | 0 | 0 | 0 | 0 | 0 | 5 | -5 | 5 | -5 | -6 | 5 | -4 | 3 | >58 ]
[ 82< | 0 | 0 | 0 | 0 | 0 | 0 | 0 | 0 | 0 | 0 | 5 | -5 | 5 | -5 | -6 | 5 | -4 | 3 | >58 ]
[ 81< | 0 | 0 | 0 | 0 | 0 | 0 | 0 | 0 | 0 | 0 | 5 | -5 | 5 | -5 | -6 | 5 | -4 | 3 | >57 ]
[ 81< | 0 | 0 | 0 | 0 | 0 | 0 | 0 | 0 | 0 | 0 | 5 | -5 | 5 | -5 | -6 | 5 | -4 | 3 | >57 ]
[ 80< | 0 | 0 | 0 | 0 | 0 | 0 | 0 | 0 | 0 | 0 | 5 | -5 | 5 | -5 | -6 | 5 | -4 | 3 | >56 ]
[ 80< | 0 | 0 | 0 | 0 | 0 | 0 | 0 | 0 | 0 | 0 | 5 | -5 | 5 | -5 | -6 | 5 | -4 | 3 | >56 ]
[ 79< | 0 | 0 | 0 | 0 | 0 | 0 | 0 | 0 | 0 | 0 | 5 | -5 | 5 | -5 | -6 | 5 | -4 | 3 | >55 ]
[ 79< | 0 | 0 | 0 | 0 | 0 | 0 | 0 | 0 | 0 | 0 | 5 | -5 | 5 | -5 | -6 | 5 | -4 | 3 | >55 ]
[ 78< | 0 | 0 | 0 | 0 | 0 | 0 | 0 | 0 | 0 | 0 | 5 | -5 | 5 | -5 | -6 | 5 | -4 | 3 | >54 ]
[ 78< | 0 | 0 | 0 | 0 | 0 | 0 | 0 | 0 | 0 | 0 | 5 | -5 | 5 | -5 | -6 | 5 | -4 | 3 | >54 ]
[ 77< | 0 | 0 | 0 | 0 | 0 | 0 | 0 | 0 | 0 | 0 | 5 | -5 | 5 | -5 | -6 | 5 | -4 | 3 | >53 ]
[ 77< | 0 | 0 | 0 | 0 | 0 | 0 | 0 | 0 | 0 | 0 | 5 | -5 | 5 | -5 | -6 | 5 | -4 | 3 | >53 ]
[ 76< | 0 | 0 | 0 | 0 | 0 | 0 | 0 | 0 | 0 | 0 | 5 | -5 | 5 | -5 | -6 | 5 | -4 | 3 | >52 ]
[ 76< | 0 | 0 | 0 | 0 | 0 | 0 | 0 | 0 | 0 | 0 | 5 | -5 | 5 | -5 | -6 | 5 | -4 | 3 | >52 ]
[ 75< | 0 | 0 | 0 | 0 | 0 | 0 | 0 | 0 | 0 | 0 | 5 | -5 | 5 | -5 | -6 | 5 | -4 | 3 | >51 ]
[ 75< | 0 | 0 | 0 | 0 | 0 | 0 | 0 | 0 | 0 | 0 | 5 | -5 | 5 | -5 | -6 | 5 | -4 | 3 | >51 ]
[ 74< | 0 | 0 | 0 | 0 | 0 | 0 | 0 | 0 | 0 | 0 | 5 | -5 | 5 | -5 | -6 | 5 | -4 | 3 | >50 ]
[ 74< | 0 | 0 | 0 | 0 | 0 | 0 | 0 | 0 | 0 | 0 | 5 | -5 | 5 | -5 | -6 | 5 | -4 | 3 | >50 ]
[ 73< | 0 | 0 | 0 | 0 | 0 | 0 | 0 | 0 | 0 | 0 | 5 | -5 | 5 | -5 | -6 | 5 | -4 | 3 | >49 ]
[ 73< | 0 | 0 | 0 | 0 | 0 | 0 | 0 | 0 | 0 | 0 | 5 | -5 | 5 | -5 | -6 | 5 | -4 | 3 | >49 ]
[ 72< | 0 | 0 | 0 | 0 | 0 | 0 | 0 | 0 | 0 | 0 | 5 | -5 | 5 | -5 | -6 | 5 | -4 | 3 | >48 ]
[ 72< | 0 | 0 | 0 | 0 | 0 | 0 | 0 | 0 | 0 | 0 | 5 | -5 | 5 | -5 | -6 | 5 | -4 | 3 | >48 ]
[ 71< | 0 | 0 | 0 | 0 | 0 | 0 | 0 | 0 | 0 | 0 | 5 | -5 | 5 | -5 | -6 | 5 | -4 | 3 | >47 ]
[ 71< | 0 | 0 | 0 | 0 | 0 | 0 | 0 | 0 | 0 | 0 | 5 | -5 | 5 | -5 | -6 | 5 | -4 | 3 | >47 ]
[ 70< | 0 | 0 | 0 | 0 | 0 | 0 | 0 | 0 | 0 | 0 | 5 | -5 | 5 | -5 | -6 | 5 | -4 | 3 | >46 ]
[ 70< | 0 | 0 | 0 | 0 | 0 | 0 | 0 | 0 | 0 | 0 | 5 | -5 | 5 | -5 | -6 | 5 | -4 | 3 | >46 ]
[ 69< | 0 | 0 | 0 | 0 | 0 | 0 | 0 | 0 | 0 | 0 | 5 | -5 | 5 | -5 | -6 | 5 | -4 | 3 | >45 ]
[ 69< | 0 | 0 | 0 | 0 | 0 | 0 | 0 | 0 | 0 | 0 | 5 | -5 | 5 | -5 | -6 | 5 | -4 | 3 | >45 ]
[ 68< | 0 | 0 | 0 | 0 | 0 | 0 | 0 | 0 | 0 | 0 | 5 | -5 | 5 | -5 | -6 | 5 | -4 | 3 | >44 ]
[ 68< | 0 | 0 | 0 | 0 | 0 | 0 | 0 | 0 | 0 | 0 | 5 | -5 | 5 | -5 | -6 | 5 | -4 | 3 | >44 ]
[ 67< | 0 | 0 | 0 | 0 | 0 | 0 | 0 | 0 | 0 | 0 | 5 | -5 | 5 | -5 | -6 | 5 | -4 | 3 | >43 ]
[ 67< | 0 | 0 | 0 | 0 | 0 | 0 | 0 | 0 | 0 | 0 | 5 | -5 | 5 | -5 | -6 | 5 | -4 | 3 | >43 ]
[ 66< | 0 | 0 | 0 | 0 | 0 | 0 | 0 | 0 | 0 | 0 | 5 | -5 | 5 | -5 | -6 | 5 | -4 | 3 | >42 ]
[ 66< | 0 | 0 | 0 | 0 | 0 | 0 | 0 | 0 | 0 | 0 | 5 | -5 | 5 | -5 | -6 | 5 | -4 | 3 | >42 ]
[ 65< | 0 | 0 | 0 | 0 | 0 | 0 | 0 | 0 | 0 | 0 | 5 | -5 | 5 | -5 | -6 | 5 | -4 | 3 | >41 ]
[ 65< | 0 | 0 | 0 | 0 | 0 | 0 | 0 | 0 | 0 | 0 | 5 | -5 | 5 | -5 | -6 | 5 | -4 | 3 | >41 ]
[ 64< | 0 | 0 | 0 | 0 | 0 | 0 | 0 | 0 | 0 | 0 | 5 | -5 | 5 | -5 | -6 | 5 | -4 | 3 | >40 ]
[ 64< | 0 | 0 | 0 | 0 | 0 | 0 | 0 | 0 | 0 | 0 | 5 | -5 | 5 | -5 | -6 | 5 | -4 | 3 | >40 ]
[ 63< | 0 | 0 | 0 | 0 | 0 | 0 | 0 | 0 | 0 | 0 | 5 | -5 | 5 | -5 | -6 | 5 | -4 | 3 | >39 ]
[ 63< | 0 | 0 | 0 | 0 | 0 | 0 | 0 | 0 | 0 | 0 | 5 | -5 | 5 | -5 | -6 | 5 | -4 | 3 | >39 ]
[ 62< | 0 | 0 | 0 | 0 | 0 | 0 | 0 | 0 | 0 | 0 | 5 | -5 | 5 | -5 | -6 | 5 | -4 | 3 | >38 ]
[ 62< | 0 | 0 | 0 | 0 | 0 | 0 | 0 | 0 | 0 | 0 | 5 | -5 | 5 | -5 | -6 | 5 | -4 | 3 | >38 ]
[ 61< | 0 | 0 | 0 | 0 | 0 | 0 | 0 | 0 | 0 | 0 | 5 | -5 | 5 | -5 | -6 | 5 | -4 | 3 | >37 ]
[ 61< | 0 | 0 | 0 | 0 | 0 | 0 | 0 | 0 | 0 | 0 | 5 | -5 | 5 | -5 | -6 | 5 | -4 | 3 | >37 ]
[ 60< | 0 | 0 | 0 | 0 | 0 | 0 | 0 | 0 | 0 | 0 | 5 | -5 | 5 | -5 | -6 | 5 | -4 | 3 | >36 ]
[ 60< | 0 | 0 | 0 | 0 | 0 | 0 | 0 | 0 | 0 | 0 | 5 | -5 | 5 | -5 | -6 | 5 | -4 | 3 | >36 ]
[ 59< | 0 | 0 | 0 | 0 | 0 | 0 | 0 | 0 | 0 | 0 | 5 | -5 | 5 | -5 | -6 | 5 | -4 | 3 | >35 ]
[ 59< | 0 | 0 | 0 | 0 | 0 | 0 | 0 | 0 | 0 | 0 | 5 | -5 | 5 | -5 | -6 | 5 | -4 | 3 | >35 ]
[ 58< | 0 | 0 | 0 | 0 | 0 | 0 | 0 | 0 | 0 | 0 | 5 | -5 | 5 | -5 | -6 | 5 | -4 | 3 | >34 ]
[ 58< | 0 | 0 | 0 | 0 | 0 | 0 | 0 | 0 | 0 | 0 | 5 | -5 | 5 | -5 | -6 | 5 | -4 | 3 | >34 ]
[ 57< | 0 | 0 | 0 | 0 | 0 | 0 | 0 | 0 | 0 | 0 | 5 | -5 | 5 | -5 | -6 | 5 | -4 | 3 | >33 ]
[ 57< | 0 | 0 | 0 | 0 | 0 | 0 | 0 | 0 | 0 | 0 | 5 | -5 | 5 | -5 | -6 | 5 | -4 | 3 | >33 ]
[ 56< | 0 | 0 | 0 | 0 | 0 | 0 | 0 | 0 | 0 | 0 | 5 | -5 | 5 | -5 | -6 | 5 | -4 | 3 | >32 ]
[ 56< | 0 | 0 | 0 | 0 | 0 | 0 | 0 | 0 | 0 | 0 | 5 | -5 | 5 | -5 | -6 | 5 | -4 | 3 | >32 ]
[ 55< | 0 | 0 | 0 | 0 | 0 | 0 | 0 | 0 | 0 | 0 | 5 | -5 | 5 | -5 | -6 | 5 | -4 | 3 | >31 ]
[ 55< | 0 | 0 | 0 | 0 | 0 | 0 | 0 | 0 | 0 | 0 | 5 | -5 | 5 | -5 | -6 | 5 | -4 | 3 | >31 ]
[ 54< | 0 | 0 | 0 | 0 | 0 | 0 | 0 | 0 | 0 | 0 | 5 | -5 | 5 | -5 | -6 | 5 | -4 | 3 | >30 ]
[ 54< | 0 | 0 | 0 | 0 | 0 | 0 | 0 | 0 | 0 | 0 | 5 | -5 | 5 | -5 | -6 | 5 | -4 | 3 | >30 ]
[ 53< | 0 | 0 | 0 | 0 | 0 | 0 | 0 | 0 | 0 | 0 | 5 | -5 | 5 | -5 | -6 | 5 | -4 | 3 | >29 ]
[ 53< | 0 | 0 | 0 | 0 | 0 | 0 | 0 | 0 | 0 | 0 | 5 | -5 | 5 | -5 | -6 | 5 | -4 | 3 | >29 ]
[ 52< | 0 | 0 | 0 | 0 | 0 | 0 | 0 | 0 | 0 | 0 | 5 | -5 | 5 | -5 | -6 | 5 | -4 | 3 | >28 ]
[ 52< | 0 | 0 | 0 | 0 | 0 | 0 | 0 | 0 | 0 | 0 | 5 | -5 | 5 | -5 | -6 | 5 | -4 | 3 | >28 ]
[ 51< | 0 | 0 | 0 | 0 | 0 | 0 | 0 | 0 | 0 | 0 | 5 | -5 | 5 | -5 | -6 | 5 | -4 | 3 | >27 ]
[ 51< | 0 | 0 | 0 | 0 | 0 | 0 | 0 | 0 | 0 | 0 | 5 | -5 | 5 | -5 | -6 | 5 | -4 | 3 | >27 ]
[ 50< | 0 | 0 | 0 | 0 | 0 | 0 | 0 | 0 | 0 | 0 | 5 | -5 | 5 | -5 | -6 | 5 | -4 | 3 | >26 ]
[ 50< | 0 | 0 | 0 | 0 | 0 | 0 | 0 | 0 | 0 | 0 | 5 | -5 | 5 | -5 | -6 | 5 | -4 | 3 | >26 ]
[ 49< | 0 | 0 | 0 | 0 | 0 | 0 | 0 | 0 | 0 | 0 | 5 | -5 | 5 | -5 | -6 | 5 | -4 | 3 | >25 ]
[ 49< | 0 | 0 | 0 | 0 | 0 | 0 | 0 | 0 | 0 | 0 | 5 | -5 | 5 | -5 | -6 | 5 | -4 | 3 | >25 ]
[ 48< | 0 | 0 | 0 | 0 | 0 | 0 | 0 | 0 | 0 | 0 | 5 | -5 | 5 | -5 | -6 | 5 | -4 | 3 | >24 ]
[ 48< | 0 | 0 | 0 | 0 | 0 | 0 | 0 | 0 | 0 | 0 | 5 | -5 | 5 | -5 | -6 | 5 | -4 | 3 | >24 ]
[ 47< | 0 | 0 | 0 | 0 | 0 | 0 | 0 | 0 | 0 | 0 | 5 | -5 | 5 | -5 | -6 | 5 | -4 | 3 | >23 ]
[ 47< | 0 | 0 | 0 | 0 | 0 | 0 | 0 | 0 | 0 | 0 | 5 | -5 | 5 | -5 | -6 | 5 | -4 | 3 | >23 ]
[ 46< | 0 | 0 | 0 | 0 | 0 | 0 | 0 | 0 | 0 | 0 | 5 | -5 | 5 | -5 | -6 | 5 | -4 | 3 | >22 ]
[ 46< | 0 | 0 | 0 | 0 | 0 | 0 | 0 | 0 | 0 | 0 | 5 | -5 | 5 | -5 | -6 | 5 | -4 | 3 | >22 ]
[ 45< | 0 | 0 | 0 | 0 | 0 | 0 | 0 | 0 | 0 | 0 | 5 | -5 | 5 | -5 | -6 | 5 | -4 | 3 | >21 ]
[ 45< | 0 | 0 | 0 | 0 | 0 | 0 | 0 | 0 | 0 | 0 | 5 | -5 | 5 | -5 | -6 | 5 | -4 | 3 | >21 ]
[ 44< | 0 | 0 | 0 | 0 | 0 | 0 | 0 | 0 | 0 | 0 | 5 | -5 | 5 | -5 | -6 | 5 | -4 | 3 | >20 ]
[ 44< | 0 | 0 | 0 | 0 | 0 | 0 | 0 | 0 | 0 | 0 | 5 | -5 | 5 | -5 | -6 | 5 | -4 | 3 | >20 ]
[ 43< | 0 | 0 | 0 | 0 | 0 | 0 | 0 | 0 | 0 | 0 | 5 | -5 | 5 | -5 | -6 | 5 | -4 | 3 | >19 ]
[ 43< | 0 | 0 | 0 | 0 | 0 | 0 | 0 | 0 | 0 | 0 | 5 | -5 | 5 | -5 | -6 | 5 | -4 | 3 | >19 ]
[ 42< | 0 | 0 | 0 | 0 | 0 | 0 | 0 | 0 | 0 | 0 | 5 | -5 | 5 | -5 | -6 | 5 | -4 | 3 | >18 ]
[ 42< | 0 | 0 | 0 | 0 | 0 | 0 | 0 | 0 | 0 | 0 | 5 | -5 | 5 | -5 | -6 | 5 | -4 | 3 | >18 ]
[ 41< | 0 | 0 | 0 | 0 | 0 | 0 | 0 | 0 | 0 | 0 | 5 | -5 | 5 | -5 | -6 | 5 | -4 | 3 | >17 ]
[ 41< | 0 | 0 | 0 | 0 | 0 | 0 | 0 | 0 | 0 | 0 | 5 | -5 | 5 | -5 | -6 | 5 | -4 | 3 | >17 ]
[ 40< | 0 | 0 | 0 | 0 | 0 | 0 | 0 | 0 | 0 | 0 | 5 | -5 | 5 | -5 | -6 | 5 | -4 | 3 | >16 ]
[ 40< | 0 | 0 | 0 | 0 | 0 | 0 | 0 | 0 | 0 | 0 | 5 | -5 | 5 | -5 | -6 | 5 | -4 | 3 | >16 ]
[ 39< | 0 | 0 | 0 | 0 | 0 | 0 | 0 | 0 | 0 | 0 | 5 | -5 | 5 | -5 | -6 | 5 | -4 | 3 | >15 ]
[ 39< | 0 | 0 | 0 | 0 | 0 | 0 | 0 | 0 | 0 | 0 | 5 | -5 | 5 | -5 | -6 | 5 | -4 | 3 | >15 ]
[ 38< | 0 | 0 | 0 | 0 | 0 | 0 | 0 | 0 | 0 | 0 | 5 | -5 | 5 | -5 | -6 | 5 | -4 | 3 | >14 ]
[ 38< | 0 | 0 | 0 | 0 | 0 | 0 | 0 | 0 | 0 | 0 | 5 | -5 | 5 | -5 | -6 | 5 | -4 | 3 | >14 ]
[ 37< | 0 | 0 | 0 | 0 | 0 | 0 | 0 | 0 | 0 | 0 | 5 | -5 | 5 | -5 | -6 | 5 | -4 | 3 | >13 ]
[ 37< | 0 | 0 | 0 | 0 | 0 | 0 | 0 | 0 | 0 | 0 | 5 | -5 | 5 | -5 | -6 | 5 | -4 | 3 | >13 ]
[ 36< | 0 | 0 | 0 | 0 | 0 | 0 | 0 | 0 | 0 | 0 | 5 | -5 | 5 | -5 | -6 | 5 | -4 | 3 | >12 ]
[ 36< | 0 | 0 | 0 | 0 | 0 | 0 | 0 | 0 | 0 | 0 | 5 | -5 | 5 | -5 | -6 | 5 | -4 | 3 | >12 ]
[ 35< | 0 | 0 | 0 | 0 | 0 | 0 | 0 | 0 | 0 | 0 | 5 | -5 | 5 | -5 | -6 | 5 | -4 | 3 | >11 ]
[ 35< | 0 | 0 | 0 | 0 | 0 | 0 | 0 | 0 | 0 | 0 | 5 | -5 | 5 | -5 | -6 | 5 | -4 | 3 | >11 ]
[ 34< | 0 | 0 | 0 | 0 | 0 | 0 | 0 | 0 | 0 | 0 | 5 | -5 | 5 | -5 | -6 | 5 | -4 | 3 | >10 ]
[ 34< | 0 | 0 | 0 | 0 | 0 | 0 | 0 | 0 | 0 | 0 | 5 | -5 | 5 | -5 | -6 | 5 | -4 | 3 | >10 ]
[ 33< | 0 | 0 | 0 | 0 | 0 | 0 | 0 | 0 | 0 | 0 | 5 | -5 | 5 | -5 | -6 | 5 | -4 | 3 | >9 ]
[ 33< | 0 | 0 | 0 | 0 | 0 | 0 | 0 | 0 | 0 | 0 | 5 | -5 | 5 | -5 | -6 | 5 | -4 | 3 | >9 ]
[ 32< | 0 | 0 | 0 | 0 | 0 | 0 | 0 | 0 | 0 | 0 | 5 | -5 | 5 | -5 | -6 | 5 | -4 | 3 | >8 ]
[ 32< | 0 | 0 | 0 | 0 | 0 | 0 | 0 | 0 | 0 | 0 | 5 | -5 | 5 | -5 | -6 | 5 | -4 | 3 | >8 ]
[ 31< | 0 | 0 | 0 | 0 | 0 | 0 | 0 | 0 | 0 | 0 | 5 | -5 | 5 | -5 | -6 | 5 | -4 | 3 | >7 ]
[ 31< | 0 | 0 | 0 | 0 | 0 | 0 | 0 | 0 | 0 | 0 | 5 | -5 | 5 | -5 | -6 | 5 | -4 | 3 | >7 ]
[ 30< | 0 | 0 | 0 | 0 | 0 | 0 | 0 | 0 | 0 | 0 | 5 | -5 | 5 | -5 | -6 | 5 | -4 | 3 | >6 ]
[ 30< | 0 | 0 | 0 | 0 | 0 | 0 | 0 | 0 | 0 | 0 | 5 | -5 | 5 | -5 | -6 | 5 | -4 | 3 | >6 ]
[ 29< | 0 | 0 | 0 | 0 | 0 | 0 | 0 | 0 | 0 | 0 | 5 | -5 | 5 | -5 | -6 | 5 | -4 | 3 | >5 ]
[ 29< | 0 | 0 | 0 | 0 | 0 | 0 | 0 | 0 | 0 | 0 | 5 | -5 | 5 | -5 | -6 | 5 | -4 | 3 | >5 ]
[ 28< | 0 | 0 | 0 | 0 | 0 | 0 | 0 | 0 | 0 | 0 | 5 | -5 | 5 | -5 | -6 | 5 | -4 | 3 | >4 ]
[ 28< | 0 | 0 | 0 | 0 | 0 | 0 | 0 | 0 | 0 | 0 | 5 | -5 | 5 | -5 | -6 | 5 | -4 | 3 | >4 ]
[ 27< | 0 | 0 | 0 | 0 | 0 | 0 | 0 | 0 | 0 | 0 | 5 | -5 | 5 | -5 | -6 | 5 | -4 | 3 | >3 ]
[ 27< | 0 | 0 | 0 | 0 | 0 | 0 | 0 | 0 | 0 | 0 | 5 | -5 | 5 | -5 | -6 | 5 | -4 | 3 | >3 ]
[ 26< | 0 | 0 | 0 | 0 | 0 | 0 | 0 | 0 | 0 | 0 | 5 | -5 | 5 | -5 | -6 | 5 | -4 | 3 | >2 ]
[ 26< | 0 | 0 | 0 | 0 | 0 | 0 | 0 | 0 | 0 | 0 | 5 | -5 | 5 | -5 | -6 | 5 | -4 | 3 | >2 ]
[ 25< | 0 | 0 | 0 | 0 | 0 | 0 | 0 | 0 | 0 | 0 | 5 | -5 | 5 | -5 | -6 | 5 | -4 | 3 | >1 ]
[ 25< | 0 | 0 | 0 | 0 | 0 | 0 | 0 | 0 | 0 | 0 | 5 | -5 | 5 | -5 | -6 | 5 | -4 | 3 | >1 ]
[ 24< | 0 | 0 | 0 | 0 | 0 | 0 | 0 | 0 | 0 | 0 | 5 | -5 | 5 | -5 | -6 | 5 | -4 | 3 | >0 ]
[ 24< | 0 | 0 | 0 | 0 | 0 | 0 | 0 | 0 | 0 | 0 | 5 | -5 | 5 | -5 | -6 | 5 | -4 | 3 | >0 ]

===== GetOffMate won the battle after 295 cycles =====



===== Starting battle of <GetOffMate> vs <SeeSawRush> with memory tape size: 12 =====

[ >128 | 0 | 0 | 0 | 0 | 0 | 0 | 0 | 0 | 0 | 0 | 128< ]
[ 128 | >0 | 0 | 0 | 0 | 0 | 0 | 0 | 0 | 0 | 0< | 128 ]
[ 128 | 0 | >0 | 0 | 0 | 0 | 0 | 0 | 0 | 0< | 0 | 128 ]
[ 128 | 0 | 0 | >0 | 0 | 0 | 0 | 0 | 0< | 0 | 0 | 128 ]
[ 128 | 0 | 0 | 0 | >0 | 0 | 0 | 0< | 0 | 0 | 0 | 128 ]
[ 128 | 0 | 0 | 0 | 0 | >0 | 0 | -1< | 0 | 0 | 0 | 128 ]
[ 128 | 0 | 0 | 0 | 0 | 0 | >0 | -2< | 0 | 0 | 0 | 128 ]
[ 128 | 0 | 0 | 0 | 0 | 0 | 0 | >-3< | 0 | 0 | 0 | 128 ]
[ 128 | 0 | 0 | 0 | 0 | 0 | 0 | -4< | >0 | 0 | 0 | 128 ]
[ 128 | 0 | 0 | 0 | 0 | 0 | 0 | -5< | 0 | >0 | 0 | 128 ]
[ 128 | 0 | 0 | 0 | 0 | 0 | 0 | -6< | 0 | 0 | >0 | 128 ]
[ 128 | 0 | 0 | 0 | 0 | 0 | 0 | -6 | 0< | 0 | 0 | >128 ]
[ >128 | 0 | 0 | 0 | 0 | 0 | 0 | -6 | 1< | 0 | 0 | 128 ]

===== SeeSawRush won the battle after 12 cycles =====



===== Starting battle of <GetOffMate> vs <SeeSawRush> with memory tape size: 17 =====

[ >128 | 0 | 0 | 0 | 0 | 0 | 0 | 0 | 0 | 0 | 0 | 0 | 0 | 0 | 0 | 0 | 128< ]
[ 128 | >0 | 0 | 0 | 0 | 0 | 0 | 0 | 0 | 0 | 0 | 0 | 0 | 0 | 0 | 0< | 128 ]
[ 128 | 0 | >0 | 0 | 0 | 0 | 0 | 0 | 0 | 0 | 0 | 0 | 0 | 0 | 0< | 0 | 128 ]
[ 128 | 0 | 0 | >0 | 0 | 0 | 0 | 0 | 0 | 0 | 0 | 0 | 0 | 0< | 0 | 0 | 128 ]
[ 128 | 0 | 0 | 0 | >0 | 0 | 0 | 0 | 0 | 0 | 0 | 0 | 0< | 0 | 0 | 0 | 128 ]
[ 128 | 0 | 0 | 0 | 0 | >0 | 0 | 0 | 0 | 0 | 0 | 0 | -1< | 0 | 0 | 0 | 128 ]
[ 128 | 0 | 0 | 0 | 0 | 0 | >0 | 0 | 0 | 0 | 0 | 0 | -2< | 0 | 0 | 0 | 128 ]
[ 128 | 0 | 0 | 0 | 0 | 0 | 0 | >0 | 0 | 0 | 0 | 0 | -3< | 0 | 0 | 0 | 128 ]
[ 128 | 0 | 0 | 0 | 0 | 0 | 0 | 0 | >0 | 0 | 0 | 0 | -4< | 0 | 0 | 0 | 128 ]
[ 128 | 0 | 0 | 0 | 0 | 0 | 0 | 0 | 0 | >0 | 0 | 0 | -5< | 0 | 0 | 0 | 128 ]
[ 128 | 0 | 0 | 0 | 0 | 0 | 0 | 0 | 0 | 0 | >0 | 0 | -6< | 0 | 0 | 0 | 128 ]
[ 128 | 0 | 0 | 0 | 0 | 0 | 0 | 0 | 0 | 0 | 0 | >0 | -6 | 0< | 0 | 0 | 128 ]
[ 128 | 0 | 0 | 0 | 0 | 0 | 0 | 0 | 0 | 0 | 0 | 0 | >-6 | 1< | 0 | 0 | 128 ]
[ 128 | 0 | 0 | 0 | 0 | 0 | 0 | 0 | 0 | 0 | 0 | 0 | -6 | >2< | 0 | 0 | 128 ]
[ 128 | 0 | 0 | 0 | 0 | 0 | 0 | 0 | 0 | 0 | 0 | 0 | -6 | 3< | >0 | 0 | 128 ]
[ 128 | 0 | 0 | 0 | 0 | 0 | 0 | 0 | 0 | 0 | 0 | 0 | -6 | 4< | 0 | >0 | 128 ]
[ 128 | 0 | 0 | 0 | 0 | 0 | 0 | 0 | 0 | 0 | 0 | 0 | -6 | 5< | 0 | 0 | >128 ]
[ >128 | 0 | 0 | 0 | 0 | 0 | 0 | 0 | 0 | 0 | 0 | 0 | -6 | 5 | 0< | 0 | 128 ]

===== SeeSawRush won the battle after 17 cycles =====



===== Starting battle of <GetOffMate> vs <SeeSawRush> with memory tape size: 23 =====

[ >128 | 0 | 0 | 0 | 0 | 0 | 0 | 0 | 0 | 0 | 0 | 0 | 0 | 0 | 0 | 0 | 0 | 0 | 0 | 0 | 0 | 0 | 128< ]
[ 128 | >0 | 0 | 0 | 0 | 0 | 0 | 0 | 0 | 0 | 0 | 0 | 0 | 0 | 0 | 0 | 0 | 0 | 0 | 0 | 0 | 0< | 128 ]
[ 128 | 0 | >0 | 0 | 0 | 0 | 0 | 0 | 0 | 0 | 0 | 0 | 0 | 0 | 0 | 0 | 0 | 0 | 0 | 0 | 0< | 0 | 128 ]
[ 128 | 0 | 0 | >0 | 0 | 0 | 0 | 0 | 0 | 0 | 0 | 0 | 0 | 0 | 0 | 0 | 0 | 0 | 0 | 0< | 0 | 0 | 128 ]
[ 128 | 0 | 0 | 0 | >0 | 0 | 0 | 0 | 0 | 0 | 0 | 0 | 0 | 0 | 0 | 0 | 0 | 0 | 0< | 0 | 0 | 0 | 128 ]
[ 128 | 0 | 0 | 0 | 0 | >0 | 0 | 0 | 0 | 0 | 0 | 0 | 0 | 0 | 0 | 0 | 0 | 0 | -1< | 0 | 0 | 0 | 128 ]
[ 128 | 0 | 0 | 0 | 0 | 0 | >0 | 0 | 0 | 0 | 0 | 0 | 0 | 0 | 0 | 0 | 0 | 0 | -2< | 0 | 0 | 0 | 128 ]
[ 128 | 0 | 0 | 0 | 0 | 0 | 0 | >0 | 0 | 0 | 0 | 0 | 0 | 0 | 0 | 0 | 0 | 0 | -3< | 0 | 0 | 0 | 128 ]
[ 128 | 0 | 0 | 0 | 0 | 0 | 0 | 0 | >0 | 0 | 0 | 0 | 0 | 0 | 0 | 0 | 0 | 0 | -4< | 0 | 0 | 0 | 128 ]
[ 128 | 0 | 0 | 0 | 0 | 0 | 0 | 0 | 0 | >0 | 0 | 0 | 0 | 0 | 0 | 0 | 0 | 0 | -5< | 0 | 0 | 0 | 128 ]
[ 128 | 0 | 0 | 0 | 0 | 0 | 0 | 0 | 0 | 0 | >0 | 0 | 0 | 0 | 0 | 0 | 0 | 0 | -6< | 0 | 0 | 0 | 128 ]
[ 128 | 0 | 0 | 0 | 0 | 0 | 0 | 0 | 0 | 0 | 0 | >0 | 0 | 0 | 0 | 0 | 0 | 0 | -6 | 0< | 0 | 0 | 128 ]
[ 128 | 0 | 0 | 0 | 0 | 0 | 0 | 0 | 0 | 0 | 0 | 0 | >0 | 0 | 0 | 0 | 0 | 0 | -6 | 1< | 0 | 0 | 128 ]
[ 128 | 0 | 0 | 0 | 0 | 0 | 0 | 0 | 0 | 0 | 0 | 0 | 0 | >0 | 0 | 0 | 0 | 0 | -6 | 2< | 0 | 0 | 128 ]
[ 128 | 0 | 0 | 0 | 0 | 0 | 0 | 0 | 0 | 0 | 0 | 0 | 0 | 0 | >0 | 0 | 0 | 0 | -6 | 3< | 0 | 0 | 128 ]
[ 128 | 0 | 0 | 0 | 0 | 0 | 0 | 0 | 0 | 0 | 0 | 0 | 0 | 0 | 0 | >0 | 0 | 0 | -6 | 4< | 0 | 0 | 128 ]
[ 128 | 0 | 0 | 0 | 0 | 0 | 0 | 0 | 0 | 0 | 0 | 0 | 0 | 0 | 0 | 0 | >0 | 0 | -6 | 5< | 0 | 0 | 128 ]
[ 128 | 0 | 0 | 0 | 0 | 0 | 0 | 0 | 0 | 0 | 0 | 0 | 0 | 0 | 0 | 0 | 0 | >0 | -6 | 5 | 0< | 0 | 128 ]
[ 128 | 0 | 0 | 0 | 0 | 0 | 0 | 0 | 0 | 0 | 0 | 0 | 0 | 0 | 0 | 0 | 0 | 0 | >-6 | 5 | -1< | 0 | 128 ]
[ 128 | 0 | 0 | 0 | 0 | 0 | 0 | 0 | 0 | 0 | 0 | 0 | 0 | 0 | 0 | 0 | 0 | 0 | -6 | >5 | -2< | 0 | 128 ]
[ 128 | 0 | 0 | 0 | 0 | 0 | 0 | 0 | 0 | 0 | 0 | 0 | 0 | 0 | 0 | 0 | 0 | 0 | -6 | >5 | -3< | 0 | 128 ]
[ 128 | 0 | 0 | 0 | 0 | 0 | 0 | 0 | 0 | 0 | 0 | 0 | 0 | 0 | 0 | 0 | 0 | 0 | -6 | >6 | -4< | 0 | 128 ]
[ 128 | 0 | 0 | 0 | 0 | 0 | 0 | 0 | 0 | 0 | 0 | 0 | 0 | 0 | 0 | 0 | 0 | 0 | -6 | >7 | -4 | 0< | 128 ]
[ 128 | 0 | 0 | 0 | 0 | 0 | 0 | 0 | 0 | 0 | 0 | 0 | 0 | 0 | 0 | 0 | 0 | 0 | -6 | >8 | -4 | 1< | 128 ]
[ 128 | 0 | 0 | 0 | 0 | 0 | 0 | 0 | 0 | 0 | 0 | 0 | 0 | 0 | 0 | 0 | 0 | 0 | -6 | >9 | -4 | 2< | 128 ]
[ 128 | 0 | 0 | 0 | 0 | 0 | 0 | 0 | 0 | 0 | 0 | 0 | 0 | 0 | 0 | 0 | 0 | 0 | -6 | >10 | -4 | 3< | 128 ]
[ 128 | 0 | 0 | 0 | 0 | 0 | 0 | 0 | 0 | 0 | 0 | 0 | 0 | 0 | 0 | 0 | 0 | 0 | -6 | >11 | -4< | 3 | 128 ]
[ 128 | 0 | 0 | 0 | 0 | 0 | 0 | 0 | 0 | 0 | 0 | 0 | 0 | 0 | 0 | 0 | 0 | 0 | -6 | >11< | -4 | 3 | 128 ]
[ 128 | 0 | 0 | 0 | 0 | 0 | 0 | 0 | 0 | 0 | 0 | 0 | 0 | 0 | 0 | 0 | 0 | 0 | -6< | >10 | -4 | 3 | 128 ]
[ 128 | 0 | 0 | 0 | 0 | 0 | 0 | 0 | 0 | 0 | 0 | 0 | 0 | 0 | 0 | 0 | 0 | 0< | -6 | >10 | -4 | 3 | 128 ]
[ 128 | 0 | 0 | 0 | 0 | 0 | 0 | 0 | 0 | 0 | 0 | 0 | 0 | 0 | 0 | 0 | 0 | -1< | -6 | >9 | -4 | 3 | 128 ]
[ 128 | 0 | 0 | 0 | 0 | 0 | 0 | 0 | 0 | 0 | 0 | 0 | 0 | 0 | 0 | 0 | 0 | -2< | -6 | >9 | -4 | 3 | 128 ]
[ 128 | 0 | 0 | 0 | 0 | 0 | 0 | 0 | 0 | 0 | 0 | 0 | 0 | 0 | 0 | 0 | 0 | -3< | -6 | >8 | -4 | 3 | 128 ]
[ 128 | 0 | 0 | 0 | 0 | 0 | 0 | 0 | 0 | 0 | 0 | 0 | 0 | 0 | 0 | 0 | 0 | -4< | -6 | >8 | -4 | 3 | 128 ]
[ 128 | 0 | 0 | 0 | 0 | 0 | 0 | 0 | 0 | 0 | 0 | 0 | 0 | 0 | 0 | 0 | 0 | -5< | -6 | >7 | -4 | 3 | 128 ]
[ 128 | 0 | 0 | 0 | 0 | 0 | 0 | 0 | 0 | 0 | 0 | 0 | 0 | 0 | 0 | 0 | 0< | -5 | -6 | >7 | -4 | 3 | 128 ]
[ 128 | 0 | 0 | 0 | 0 | 0 | 0 | 0 | 0 | 0 | 0 | 0 | 0 | 0 | 0 | 0 | 1< | -5 | -6 | >6 | -4 | 3 | 128 ]
[ 128 | 0 | 0 | 0 | 0 | 0 | 0 | 0 | 0 | 0 | 0 | 0 | 0 | 0 | 0 | 0 | 2< | -5 | -6 | >6 | -4 | 3 | 128 ]
[ 128 | 0 | 0 | 0 | 0 | 0 | 0 | 0 | 0 | 0 | 0 | 0 | 0 | 0 | 0 | 0 | 3< | -5 | -6 | >5 | -4 | 3 | 128 ]
[ 128 | 0 | 0 | 0 | 0 | 0 | 0 | 0 | 0 | 0 | 0 | 0 | 0 | 0 | 0 | 0 | 4< | -5 | -6 | >5 | -4 | 3 | 128 ]
[ 128 | 0 | 0 | 0 | 0 | 0 | 0 | 0 | 0 | 0 | 0 | 0 | 0 | 0 | 0 | 0 | 5< | -5 | -6 | >4 | -4 | 3 | 128 ]
[ 128 | 0 | 0 | 0 | 0 | 0 | 0 | 0 | 0 | 0 | 0 | 0 | 0 | 0 | 0 | 0< | 5 | -5 | -6 | >4 | -4 | 3 | 128 ]
[ 128 | 0 | 0 | 0 | 0 | 0 | 0 | 0 | 0 | 0 | 0 | 0 | 0 | 0 | 0 | -1< | 5 | -5 | -6 | >3 | -4 | 3 | 128 ]
[ 128 | 0 | 0 | 0 | 0 | 0 | 0 | 0 | 0 | 0 | 0 | 0 | 0 | 0 | 0 | -2< | 5 | -5 | -6 | >3 | -4 | 3 | 128 ]
[ 128 | 0 | 0 | 0 | 0 | 0 | 0 | 0 | 0 | 0 | 0 | 0 | 0 | 0 | 0 | -3< | 5 | -5 | -6 | >2 | -4 | 3 | 128 ]
[ 128 | 0 | 0 | 0 | 0 | 0 | 0 | 0 | 0 | 0 | 0 | 0 | 0 | 0 | 0 | -4< | 5 | -5 | -6 | >2 | -4 | 3 | 128 ]
[ 128 | 0 | 0 | 0 | 0 | 0 | 0 | 0 | 0 | 0 | 0 | 0 | 0 | 0 | 0 | -5< | 5 | -5 | -6 | >1 | -4 | 3 | 128 ]
[ 128 | 0 | 0 | 0 | 0 | 0 | 0 | 0 | 0 | 0 | 0 | 0 | 0 | 0 | 0< | -5 | 5 | -5 | -6 | >1 | -4 | 3 | 128 ]
[ 128 | 0 | 0 | 0 | 0 | 0 | 0 | 0 | 0 | 0 | 0 | 0 | 0 | 0 | 1< | -5 | 5 | -5 | -6 | >0 | -4 | 3 | 128 ]
[ 128 | 0 | 0 | 0 | 0 | 0 | 0 | 0 | 0 | 0 | 0 | 0 | 0 | 0 | 2< | -5 | 5 | -5 | -6 | >0 | -4 | 3 | 128 ]
[ 128 | 0 | 0 | 0 | 0 | 0 | 0 | 0 | 0 | 0 | 0 | 0 | 0 | 0 | 3< | -5 | 5 | -5 | -6 | >0 | -4 | 3 | 128 ]
[ 128 | 0 | 0 | 0 | 0 | 0 | 0 | 0 | 0 | 0 | 0 | 0 | 0 | 0 | 4< | -5 | 5 | -5 | -6 | 0 | >-4 | 3 | 128 ]
[ 128 | 0 | 0 | 0 | 0 | 0 | 0 | 0 | 0 | 0 | 0 | 0 | 0 | 0 | 5< | -5 | 5 | -5 | -6 | 0 | >-4 | 3 | 128 ]
[ 128 | 0 | 0 | 0 | 0 | 0 | 0 | 0 | 0 | 0 | 0 | 0 | 0 | 0< | 5 | -5 | 5 | -5 | -6 | 0 | >-3 | 3 | 128 ]
[ 128 | 0 | 0 | 0 | 0 | 0 | 0 | 0 | 0 | 0 | 0 | 0 | 0 | 0< | 5 | -5 | 5 | -5 | -6 | 0 | >-2 | 3 | 128 ]
[ 128 | 0 | 0 | 0 | 0 | 0 | 0 | 0 | 0 | 0 | 0 | 0 | 0< | 0 | 5 | -5 | 5 | -5 | -6 | 0 | >-1 | 3 | 128 ]
[ 128 | 0 | 0 | 0 | 0 | 0 | 0 | 0 | 0 | 0 | 0 | 0 | 0< | 0 | 5 | -5 | 5 | -5 | -6 | 0 | >0 | 3 | 128 ]
[ 128 | 0 | 0 | 0 | 0 | 0 | 0 | 0 | 0 | 0 | 0 | 0< | 0 | 0 | 5 | -5 | 5 | -5 | -6 | 0 | >1 | 3 | 128 ]
[ 128 | 0 | 0 | 0 | 0 | 0 | 0 | 0 | 0 | 0 | 0 | 0< | 0 | 0 | 5 | -5 | 5 | -5 | -6 | 0 | >2 | 3 | 128 ]
[ 128 | 0 | 0 | 0 | 0 | 0 | 0 | 0 | 0 | 0 | 0< | 0 | 0 | 0 | 5 | -5 | 5 | -5 | -6 | 0 | >2 | 3 | 128 ]
[ 128 | 0 | 0 | 0 | 0 | 0 | 0 | 0 | 0 | 0 | 0< | 0 | 0 | 0 | 5 | -5 | 5 | -5 | -6 | 0 | >1 | 3 | 128 ]
[ 128 | 0 | 0 | 0 | 0 | 0 | 0 | 0 | 0 | 0< | 0 | 0 | 0 | 0 | 5 | -5 | 5 | -5 | -6 | 0 | >1 | 3 | 128 ]
[ 128 | 0 | 0 | 0 | 0 | 0 | 0 | 0 | 0 | 0< | 0 | 0 | 0 | 0 | 5 | -5 | 5 | -5 | -6 | 0 | >0 | 3 | 128 ]
[ 128 | 0 | 0 | 0 | 0 | 0 | 0 | 0 | 0< | 0 | 0 | 0 | 0 | 0 | 5 | -5 | 5 | -5 | -6 | 0 | >0 | 3 | 128 ]
[ 128 | 0 | 0 | 0 | 0 | 0 | 0 | 0 | 0< | 0 | 0 | 0 | 0 | 0 | 5 | -5 | 5 | -5 | -6 | 0 | >0 | 3 | 128 ]
[ 128 | 0 | 0 | 0 | 0 | 0 | 0 | 0< | 0 | 0 | 0 | 0 | 0 | 0 | 5 | -5 | 5 | -5 | -6 | 0 | 0 | >3 | 128 ]
[ 128 | 0 | 0 | 0 | 0 | 0 | 0 | 0< | 0 | 0 | 0 | 0 | 0 | 0 | 5 | -5 | 5 | -5 | -6 | 0 | 0 | >3 | 128 ]
[ 128 | 0 | 0 | 0 | 0 | 0 | 0< | 0 | 0 | 0 | 0 | 0 | 0 | 0 | 5 | -5 | 5 | -5 | -6 | 0 | 0 | >4 | 128 ]
[ 128 | 0 | 0 | 0 | 0 | 0 | 0< | 0 | 0 | 0 | 0 | 0 | 0 | 0 | 5 | -5 | 5 | -5 | -6 | 0 | 0 | >5 | 128 ]
[ 128 | 0 | 0 | 0 | 0 | 0< | 0 | 0 | 0 | 0 | 0 | 0 | 0 | 0 | 5 | -5 | 5 | -5 | -6 | 0 | 0 | >6 | 128 ]
[ 128 | 0 | 0 | 0 | 0 | 0< | 0 | 0 | 0 | 0 | 0 | 0 | 0 | 0 | 5 | -5 | 5 | -5 | -6 | 0 | 0 | >7 | 128 ]
[ 128 | 0 | 0 | 0 | 0< | 0 | 0 | 0 | 0 | 0 | 0 | 0 | 0 | 0 | 5 | -5 | 5 | -5 | -6 | 0 | 0 | >8 | 128 ]
[ 128 | 0 | 0 | 0 | 0< | 0 | 0 | 0 | 0 | 0 | 0 | 0 | 0 | 0 | 5 | -5 | 5 | -5 | -6 | 0 | 0 | >9 | 128 ]
[ 128 | 0 | 0 | 0< | 0 | 0 | 0 | 0 | 0 | 0 | 0 | 0 | 0 | 0 | 5 | -5 | 5 | -5 | -6 | 0 | 0 | >9 | 128 ]
[ 128 | 0 | 0 | 0< | 0 | 0 | 0 | 0 | 0 | 0 | 0 | 0 | 0 | 0 | 5 | -5 | 5 | -5 | -6 | 0 | 0 | >8 | 128 ]
[ 128 | 0 | 0< | 0 | 0 | 0 | 0 | 0 | 0 | 0 | 0 | 0 | 0 | 0 | 5 | -5 | 5 | -5 | -6 | 0 | 0 | >8 | 128 ]
[ 128 | 0 | 0< | 0 | 0 | 0 | 0 | 0 | 0 | 0 | 0 | 0 | 0 | 0 | 5 | -5 | 5 | -5 | -6 | 0 | 0 | >7 | 128 ]
[ 128 | 0< | 0 | 0 | 0 | 0 | 0 | 0 | 0 | 0 | 0 | 0 | 0 | 0 | 5 | -5 | 5 | -5 | -6 | 0 | 0 | >7 | 128 ]
[ 128 | 0< | 0 | 0 | 0 | 0 | 0 | 0 | 0 | 0 | 0 | 0 | 0 | 0 | 5 | -5 | 5 | -5 | -6 | 0 | 0 | >6 | 128 ]
[ 128< | 0 | 0 | 0 | 0 | 0 | 0 | 0 | 0 | 0 | 0 | 0 | 0 | 0 | 5 | -5 | 5 | -5 | -6 | 0 | 0 | >6 | 128 ]
[ 128< | 0 | 0 | 0 | 0 | 0 | 0 | 0 | 0 | 0 | 0 | 0 | 0 | 0 | 5 | -5 | 5 | -5 | -6 | 0 | 0 | >5 | 128 ]
[ -127< | 0 | 0 | 0 | 0 | 0 | 0 | 0 | 0 | 0 | 0 | 0 | 0 | 0 | 5 | -5 | 5 | -5 | -6 | 0 | 0 | >5 | 128 ]
[ -126< | 0 | 0 | 0 | 0 | 0 | 0 | 0 | 0 | 0 | 0 | 0 | 0 | 0 | 5 | -5 | 5 | -5 | -6 | 0 | 0 | >4 | 128 ]
[ -125< | 0 | 0 | 0 | 0 | 0 | 0 | 0 | 0 | 0 | 0 | 0 | 0 | 0 | 5 | -5 | 5 | -5 | -6 | 0 | 0 | >4 | 128 ]
[ -124< | 0 | 0 | 0 | 0 | 0 | 0 | 0 | 0 | 0 | 0 | 0 | 0 | 0 | 5 | -5 | 5 | -5 | -6 | 0 | 0 | >3 | 128 ]
[ -124< | 0 | 0 | 0 | 0 | 0 | 0 | 0 | 0 | 0 | 0 | 0 | 0 | 0 | 5 | -5 | 5 | -5 | -6 | 0 | 0 | >3 | 128 ]
[ -125< | 0 | 0 | 0 | 0 | 0 | 0 | 0 | 0 | 0 | 0 | 0 | 0 | 0 | 5 | -5 | 5 | -5 | -6 | 0 | 0 | >2 | 128 ]
[ -125< | 0 | 0 | 0 | 0 | 0 | 0 | 0 | 0 | 0 | 0 | 0 | 0 | 0 | 5 | -5 | 5 | -5 | -6 | 0 | 0 | >2 | 128 ]
[ -126< | 0 | 0 | 0 | 0 | 0 | 0 | 0 | 0 | 0 | 0 | 0 | 0 | 0 | 5 | -5 | 5 | -5 | -6 | 0 | 0 | >1 | 128 ]
[ -126< | 0 | 0 | 0 | 0 | 0 | 0 | 0 | 0 | 0 | 0 | 0 | 0 | 0 | 5 | -5 | 5 | -5 | -6 | 0 | 0 | >1 | 128 ]
[ -127< | 0 | 0 | 0 | 0 | 0 | 0 | 0 | 0 | 0 | 0 | 0 | 0 | 0 | 5 | -5 | 5 | -5 | -6 | 0 | 0 | >0 | 128 ]
[ -127< | 0 | 0 | 0 | 0 | 0 | 0 | 0 | 0 | 0 | 0 | 0 | 0 | 0 | 5 | -5 | 5 | -5 | -6 | 0 | 0 | >0 | 128 ]
[ 128< | 0 | 0 | 0 | 0 | 0 | 0 | 0 | 0 | 0 | 0 | 0 | 0 | 0 | 5 | -5 | 5 | -5 | -6 | 0 | 0 | >0 | 128 ]
[ 128< | 0 | 0 | 0 | 0 | 0 | 0 | 0 | 0 | 0 | 0 | 0 | 0 | 0 | 5 | -5 | 5 | -5 | -6 | 0 | 0 | 0 | >128 ]
[ 127< | 0 | 0 | 0 | 0 | 0 | 0 | 0 | 0 | 0 | 0 | 0 | 0 | 0 | 5 | -5 | 5 | -5 | -6 | 0 | 0 | 0 | >128 ]
[ 127< | 0 | 0 | 0 | 0 | 0 | 0 | 0 | 0 | 0 | 0 | 0 | 0 | 0 | 5 | -5 | 5 | -5 | -6 | 0 | 0 | 0 | >-127 ]
[ 126< | 0 | 0 | 0 | 0 | 0 | 0 | 0 | 0 | 0 | 0 | 0 | 0 | 0 | 5 | -5 | 5 | -5 | -6 | 0 | 0 | 0 | >-126 ]
[ 126< | 0 | 0 | 0 | 0 | 0 | 0 | 0 | 0 | 0 | 0 | 0 | 0 | 0 | 5 | -5 | 5 | -5 | -6 | 0 | 0 | 0 | >-125 ]
[ 125< | 0 | 0 | 0 | 0 | 0 | 0 | 0 | 0 | 0 | 0 | 0 | 0 | 0 | 5 | -5 | 5 | -5 | -6 | 0 | 0 | 0 | >-124 ]
[ 125< | 0 | 0 | 0 | 0 | 0 | 0 | 0 | 0 | 0 | 0 | 0 | 0 | 0 | 5 | -5 | 5 | -5 | -6 | 0 | 0 | 0 | >-123 ]
[ 124< | 0 | 0 | 0 | 0 | 0 | 0 | 0 | 0 | 0 | 0 | 0 | 0 | 0 | 5 | -5 | 5 | -5 | -6 | 0 | 0 | 0 | >-122 ]
[ 124< | 0 | 0 | 0 | 0 | 0 | 0 | 0 | 0 | 0 | 0 | 0 | 0 | 0 | 5 | -5 | 5 | -5 | -6 | 0 | 0 | 0 | >-122 ]
[ 123< | 0 | 0 | 0 | 0 | 0 | 0 | 0 | 0 | 0 | 0 | 0 | 0 | 0 | 5 | -5 | 5 | -5 | -6 | 0 | 0 | 0 | >-123 ]
[ 123< | 0 | 0 | 0 | 0 | 0 | 0 | 0 | 0 | 0 | 0 | 0 | 0 | 0 | 5 | -5 | 5 | -5 | -6 | 0 | 0 | 0 | >-123 ]
[ 122< | 0 | 0 | 0 | 0 | 0 | 0 | 0 | 0 | 0 | 0 | 0 | 0 | 0 | 5 | -5 | 5 | -5 | -6 | 0 | 0 | 0 | >-124 ]
[ 122< | 0 | 0 | 0 | 0 | 0 | 0 | 0 | 0 | 0 | 0 | 0 | 0 | 0 | 5 | -5 | 5 | -5 | -6 | 0 | 0 | 0 | >-124 ]
[ 121< | 0 | 0 | 0 | 0 | 0 | 0 | 0 | 0 | 0 | 0 | 0 | 0 | 0 | 5 | -5 | 5 | -5 | -6 | 0 | 0 | 0 | >-125 ]
[ 121< | 0 | 0 | 0 | 0 | 0 | 0 | 0 | 0 | 0 | 0 | 0 | 0 | 0 | 5 | -5 | 5 | -5 | -6 | 0 | 0 | 0 | >-125 ]
[ 120< | 0 | 0 | 0 | 0 | 0 | 0 | 0 | 0 | 0 | 0 | 0 | 0 | 0 | 5 | -5 | 5 | -5 | -6 | 0 | 0 | 0 | >-126 ]
[ 120< | 0 | 0 | 0 | 0 | 0 | 0 | 0 | 0 | 0 | 0 | 0 | 0 | 0 | 5 | -5 | 5 | -5 | -6 | 0 | 0 | 0 | >-126 ]
[ 119< | 0 | 0 | 0 | 0 | 0 | 0 | 0 | 0 | 0 | 0 | 0 | 0 | 0 | 5 | -5 | 5 | -5 | -6 | 0 | 0 | 0 | >-127 ]
[ 119< | 0 | 0 | 0 | 0 | 0 | 0 | 0 | 0 | 0 | 0 | 0 | 0 | 0 | 5 | -5 | 5 | -5 | -6 | 0 | 0 | 0 | >-127 ]
[ 118< | 0 | 0 | 0 | 0 | 0 | 0 | 0 | 0 | 0 | 0 | 0 | 0 | 0 | 5 | -5 | 5 | -5 | -6 | 0 | 0 | 0 | >128 ]
[ 118< | 0 | 0 | 0 | 0 | 0 | 0 | 0 | 0 | 0 | 0 | 0 | 0 | 0 | 5 | -5 | 5 | -5 | -6 | 0 | 0 | 0 | >128 ]
[ 117< | 0 | 0 | 0 | 0 | 0 | 0 | 0 | 0 | 0 | 0 | 0 | 0 | 0 | 5 | -5 | 5 | -5 | -6 | 0 | 0 | 0 | >127 ]
[ 117< | 0 | 0 | 0 | 0 | 0 | 0 | 0 | 0 | 0 | 0 | 0 | 0 | 0 | 5 | -5 | 5 | -5 | -6 | 0 | 0 | 0 | >127 ]
[ 116< | 0 | 0 | 0 | 0 | 0 | 0 | 0 | 0 | 0 | 0 | 0 | 0 | 0 | 5 | -5 | 5 | -5 | -6 | 0 | 0 | 0 | >126 ]
[ 116< | 0 | 0 | 0 | 0 | 0 | 0 | 0 | 0 | 0 | 0 | 0 | 0 | 0 | 5 | -5 | 5 | -5 | -6 | 0 | 0 | 0 | >126 ]
[ 115< | 0 | 0 | 0 | 0 | 0 | 0 | 0 | 0 | 0 | 0 | 0 | 0 | 0 | 5 | -5 | 5 | -5 | -6 | 0 | 0 | 0 | >125 ]
[ 115< | 0 | 0 | 0 | 0 | 0 | 0 | 0 | 0 | 0 | 0 | 0 | 0 | 0 | 5 | -5 | 5 | -5 | -6 | 0 | 0 | 0 | >125 ]
[ 114< | 0 | 0 | 0 | 0 | 0 | 0 | 0 | 0 | 0 | 0 | 0 | 0 | 0 | 5 | -5 | 5 | -5 | -6 | 0 | 0 | 0 | >124 ]
[ 114< | 0 | 0 | 0 | 0 | 0 | 0 | 0 | 0 | 0 | 0 | 0 | 0 | 0 | 5 | -5 | 5 | -5 | -6 | 0 | 0 | 0 | >124 ]
[ 113< | 0 | 0 | 0 | 0 | 0 | 0 | 0 | 0 | 0 | 0 | 0 | 0 | 0 | 5 | -5 | 5 | -5 | -6 | 0 | 0 | 0 | >123 ]
[ 113< | 0 | 0 | 0 | 0 | 0 | 0 | 0 | 0 | 0 | 0 | 0 | 0 | 0 | 5 | -5 | 5 | -5 | -6 | 0 | 0 | 0 | >123 ]
[ 112< | 0 | 0 | 0 | 0 | 0 | 0 | 0 | 0 | 0 | 0 | 0 | 0 | 0 | 5 | -5 | 5 | -5 | -6 | 0 | 0 | 0 | >122 ]
[ 112< | 0 | 0 | 0 | 0 | 0 | 0 | 0 | 0 | 0 | 0 | 0 | 0 | 0 | 5 | -5 | 5 | -5 | -6 | 0 | 0 | 0 | >122 ]
[ 111< | 0 | 0 | 0 | 0 | 0 | 0 | 0 | 0 | 0 | 0 | 0 | 0 | 0 | 5 | -5 | 5 | -5 | -6 | 0 | 0 | 0 | >121 ]
[ 111< | 0 | 0 | 0 | 0 | 0 | 0 | 0 | 0 | 0 | 0 | 0 | 0 | 0 | 5 | -5 | 5 | -5 | -6 | 0 | 0 | 0 | >121 ]
[ 110< | 0 | 0 | 0 | 0 | 0 | 0 | 0 | 0 | 0 | 0 | 0 | 0 | 0 | 5 | -5 | 5 | -5 | -6 | 0 | 0 | 0 | >120 ]
[ 110< | 0 | 0 | 0 | 0 | 0 | 0 | 0 | 0 | 0 | 0 | 0 | 0 | 0 | 5 | -5 | 5 | -5 | -6 | 0 | 0 | 0 | >120 ]
[ 109< | 0 | 0 | 0 | 0 | 0 | 0 | 0 | 0 | 0 | 0 | 0 | 0 | 0 | 5 | -5 | 5 | -5 | -6 | 0 | 0 | 0 | >119 ]
[ 109< | 0 | 0 | 0 | 0 | 0 | 0 | 0 | 0 | 0 | 0 | 0 | 0 | 0 | 5 | -5 | 5 | -5 | -6 | 0 | 0 | 0 | >119 ]
[ 108< | 0 | 0 | 0 | 0 | 0 | 0 | 0 | 0 | 0 | 0 | 0 | 0 | 0 | 5 | -5 | 5 | -5 | -6 | 0 | 0 | 0 | >118 ]
[ 108< | 0 | 0 | 0 | 0 | 0 | 0 | 0 | 0 | 0 | 0 | 0 | 0 | 0 | 5 | -5 | 5 | -5 | -6 | 0 | 0 | 0 | >118 ]
[ 107< | 0 | 0 | 0 | 0 | 0 | 0 | 0 | 0 | 0 | 0 | 0 | 0 | 0 | 5 | -5 | 5 | -5 | -6 | 0 | 0 | 0 | >117 ]
[ 107< | 0 | 0 | 0 | 0 | 0 | 0 | 0 | 0 | 0 | 0 | 0 | 0 | 0 | 5 | -5 | 5 | -5 | -6 | 0 | 0 | 0 | >117 ]
[ 106< | 0 | 0 | 0 | 0 | 0 | 0 | 0 | 0 | 0 | 0 | 0 | 0 | 0 | 5 | -5 | 5 | -5 | -6 | 0 | 0 | 0 | >116 ]
[ 106< | 0 | 0 | 0 | 0 | 0 | 0 | 0 | 0 | 0 | 0 | 0 | 0 | 0 | 5 | -5 | 5 | -5 | -6 | 0 | 0 | 0 | >116 ]
[ 105< | 0 | 0 | 0 | 0 | 0 | 0 | 0 | 0 | 0 | 0 | 0 | 0 | 0 | 5 | -5 | 5 | -5 | -6 | 0 | 0 | 0 | >115 ]
[ 105< | 0 | 0 | 0 | 0 | 0 | 0 | 0 | 0 | 0 | 0 | 0 | 0 | 0 | 5 | -5 | 5 | -5 | -6 | 0 | 0 | 0 | >115 ]
[ 104< | 0 | 0 | 0 | 0 | 0 | 0 | 0 | 0 | 0 | 0 | 0 | 0 | 0 | 5 | -5 | 5 | -5 | -6 | 0 | 0 | 0 | >114 ]
[ 104< | 0 | 0 | 0 | 0 | 0 | 0 | 0 | 0 | 0 | 0 | 0 | 0 | 0 | 5 | -5 | 5 | -5 | -6 | 0 | 0 | 0 | >114 ]
[ 103< | 0 | 0 | 0 | 0 | 0 | 0 | 0 | 0 | 0 | 0 | 0 | 0 | 0 | 5 | -5 | 5 | -5 | -6 | 0 | 0 | 0 | >113 ]
[ 103< | 0 | 0 | 0 | 0 | 0 | 0 | 0 | 0 | 0 | 0 | 0 | 0 | 0 | 5 | -5 | 5 | -5 | -6 | 0 | 0 | 0 | >113 ]
[ 102< | 0 | 0 | 0 | 0 | 0 | 0 | 0 | 0 | 0 | 0 | 0 | 0 | 0 | 5 | -5 | 5 | -5 | -6 | 0 | 0 | 0 | >112 ]
[ 102< | 0 | 0 | 0 | 0 | 0 | 0 | 0 | 0 | 0 | 0 | 0 | 0 | 0 | 5 | -5 | 5 | -5 | -6 | 0 | 0 | 0 | >112 ]
[ 101< | 0 | 0 | 0 | 0 | 0 | 0 | 0 | 0 | 0 | 0 | 0 | 0 | 0 | 5 | -5 | 5 | -5 | -6 | 0 | 0 | 0 | >111 ]
[ 101< | 0 | 0 | 0 | 0 | 0 | 0 | 0 | 0 | 0 | 0 | 0 | 0 | 0 | 5 | -5 | 5 | -5 | -6 | 0 | 0 | 0 | >111 ]
[ 100< | 0 | 0 | 0 | 0 | 0 | 0 | 0 | 0 | 0 | 0 | 0 | 0 | 0 | 5 | -5 | 5 | -5 | -6 | 0 | 0 | 0 | >110 ]
[ 100< | 0 | 0 | 0 | 0 | 0 | 0 | 0 | 0 | 0 | 0 | 0 | 0 | 0 | 5 | -5 | 5 | -5 | -6 | 0 | 0 | 0 | >110 ]
[ 99< | 0 | 0 | 0 | 0 | 0 | 0 | 0 | 0 | 0 | 0 | 0 | 0 | 0 | 5 | -5 | 5 | -5 | -6 | 0 | 0 | 0 | >109 ]
[ 99< | 0 | 0 | 0 | 0 | 0 | 0 | 0 | 0 | 0 | 0 | 0 | 0 | 0 | 5 | -5 | 5 | -5 | -6 | 0 | 0 | 0 | >109 ]
[ 98< | 0 | 0 | 0 | 0 | 0 | 0 | 0 | 0 | 0 | 0 | 0 | 0 | 0 | 5 | -5 | 5 | -5 | -6 | 0 | 0 | 0 | >108 ]
[ 98< | 0 | 0 | 0 | 0 | 0 | 0 | 0 | 0 | 0 | 0 | 0 | 0 | 0 | 5 | -5 | 5 | -5 | -6 | 0 | 0 | 0 | >108 ]
[ 97< | 0 | 0 | 0 | 0 | 0 | 0 | 0 | 0 | 0 | 0 | 0 | 0 | 0 | 5 | -5 | 5 | -5 | -6 | 0 | 0 | 0 | >107 ]
[ 97< | 0 | 0 | 0 | 0 | 0 | 0 | 0 | 0 | 0 | 0 | 0 | 0 | 0 | 5 | -5 | 5 | -5 | -6 | 0 | 0 | 0 | >107 ]
[ 96< | 0 | 0 | 0 | 0 | 0 | 0 | 0 | 0 | 0 | 0 | 0 | 0 | 0 | 5 | -5 | 5 | -5 | -6 | 0 | 0 | 0 | >106 ]
[ 96< | 0 | 0 | 0 | 0 | 0 | 0 | 0 | 0 | 0 | 0 | 0 | 0 | 0 | 5 | -5 | 5 | -5 | -6 | 0 | 0 | 0 | >106 ]
[ 95< | 0 | 0 | 0 | 0 | 0 | 0 | 0 | 0 | 0 | 0 | 0 | 0 | 0 | 5 | -5 | 5 | -5 | -6 | 0 | 0 | 0 | >105 ]
[ 95< | 0 | 0 | 0 | 0 | 0 | 0 | 0 | 0 | 0 | 0 | 0 | 0 | 0 | 5 | -5 | 5 | -5 | -6 | 0 | 0 | 0 | >105 ]
[ 94< | 0 | 0 | 0 | 0 | 0 | 0 | 0 | 0 | 0 | 0 | 0 | 0 | 0 | 5 | -5 | 5 | -5 | -6 | 0 | 0 | 0 | >104 ]
[ 94< | 0 | 0 | 0 | 0 | 0 | 0 | 0 | 0 | 0 | 0 | 0 | 0 | 0 | 5 | -5 | 5 | -5 | -6 | 0 | 0 | 0 | >104 ]
[ 93< | 0 | 0 | 0 | 0 | 0 | 0 | 0 | 0 | 0 | 0 | 0 | 0 | 0 | 5 | -5 | 5 | -5 | -6 | 0 | 0 | 0 | >103 ]
[ 93< | 0 | 0 | 0 | 0 | 0 | 0 | 0 | 0 | 0 | 0 | 0 | 0 | 0 | 5 | -5 | 5 | -5 | -6 | 0 | 0 | 0 | >103 ]
[ 92< | 0 | 0 | 0 | 0 | 0 | 0 | 0 | 0 | 0 | 0 | 0 | 0 | 0 | 5 | -5 | 5 | -5 | -6 | 0 | 0 | 0 | >102 ]
[ 92< | 0 | 0 | 0 | 0 | 0 | 0 | 0 | 0 | 0 | 0 | 0 | 0 | 0 | 5 | -5 | 5 | -5 | -6 | 0 | 0 | 0 | >102 ]
[ 91< | 0 | 0 | 0 | 0 | 0 | 0 | 0 | 0 | 0 | 0 | 0 | 0 | 0 | 5 | -5 | 5 | -5 | -6 | 0 | 0 | 0 | >101 ]
[ 91< | 0 | 0 | 0 | 0 | 0 | 0 | 0 | 0 | 0 | 0 | 0 | 0 | 0 | 5 | -5 | 5 | -5 | -6 | 0 | 0 | 0 | >101 ]
[ 90< | 0 | 0 | 0 | 0 | 0 | 0 | 0 | 0 | 0 | 0 | 0 | 0 | 0 | 5 | -5 | 5 | -5 | -6 | 0 | 0 | 0 | >100 ]
[ 90< | 0 | 0 | 0 | 0 | 0 | 0 | 0 | 0 | 0 | 0 | 0 | 0 | 0 | 5 | -5 | 5 | -5 | -6 | 0 | 0 | 0 | >100 ]
[ 89< | 0 | 0 | 0 | 0 | 0 | 0 | 0 | 0 | 0 | 0 | 0 | 0 | 0 | 5 | -5 | 5 | -5 | -6 | 0 | 0 | 0 | >99 ]
[ 89< | 0 | 0 | 0 | 0 | 0 | 0 | 0 | 0 | 0 | 0 | 0 | 0 | 0 | 5 | -5 | 5 | -5 | -6 | 0 | 0 | 0 | >99 ]
[ 88< | 0 | 0 | 0 | 0 | 0 | 0 | 0 | 0 | 0 | 0 | 0 | 0 | 0 | 5 | -5 | 5 | -5 | -6 | 0 | 0 | 0 | >98 ]
[ 88< | 0 | 0 | 0 | 0 | 0 | 0 | 0 | 0 | 0 | 0 | 0 | 0 | 0 | 5 | -5 | 5 | -5 | -6 | 0 | 0 | 0 | >98 ]
[ 87< | 0 | 0 | 0 | 0 | 0 | 0 | 0 | 0 | 0 | 0 | 0 | 0 | 0 | 5 | -5 | 5 | -5 | -6 | 0 | 0 | 0 | >97 ]
[ 87< | 0 | 0 | 0 | 0 | 0 | 0 | 0 | 0 | 0 | 0 | 0 | 0 | 0 | 5 | -5 | 5 | -5 | -6 | 0 | 0 | 0 | >97 ]
[ 86< | 0 | 0 | 0 | 0 | 0 | 0 | 0 | 0 | 0 | 0 | 0 | 0 | 0 | 5 | -5 | 5 | -5 | -6 | 0 | 0 | 0 | >96 ]
[ 86< | 0 | 0 | 0 | 0 | 0 | 0 | 0 | 0 | 0 | 0 | 0 | 0 | 0 | 5 | -5 | 5 | -5 | -6 | 0 | 0 | 0 | >96 ]
[ 85< | 0 | 0 | 0 | 0 | 0 | 0 | 0 | 0 | 0 | 0 | 0 | 0 | 0 | 5 | -5 | 5 | -5 | -6 | 0 | 0 | 0 | >95 ]
[ 85< | 0 | 0 | 0 | 0 | 0 | 0 | 0 | 0 | 0 | 0 | 0 | 0 | 0 | 5 | -5 | 5 | -5 | -6 | 0 | 0 | 0 | >95 ]
[ 84< | 0 | 0 | 0 | 0 | 0 | 0 | 0 | 0 | 0 | 0 | 0 | 0 | 0 | 5 | -5 | 5 | -5 | -6 | 0 | 0 | 0 | >94 ]
[ 84< | 0 | 0 | 0 | 0 | 0 | 0 | 0 | 0 | 0 | 0 | 0 | 0 | 0 | 5 | -5 | 5 | -5 | -6 | 0 | 0 | 0 | >94 ]
[ 83< | 0 | 0 | 0 | 0 | 0 | 0 | 0 | 0 | 0 | 0 | 0 | 0 | 0 | 5 | -5 | 5 | -5 | -6 | 0 | 0 | 0 | >93 ]
[ 83< | 0 | 0 | 0 | 0 | 0 | 0 | 0 | 0 | 0 | 0 | 0 | 0 | 0 | 5 | -5 | 5 | -5 | -6 | 0 | 0 | 0 | >93 ]
[ 82< | 0 | 0 | 0 | 0 | 0 | 0 | 0 | 0 | 0 | 0 | 0 | 0 | 0 | 5 | -5 | 5 | -5 | -6 | 0 | 0 | 0 | >92 ]
[ 82< | 0 | 0 | 0 | 0 | 0 | 0 | 0 | 0 | 0 | 0 | 0 | 0 | 0 | 5 | -5 | 5 | -5 | -6 | 0 | 0 | 0 | >92 ]
[ 81< | 0 | 0 | 0 | 0 | 0 | 0 | 0 | 0 | 0 | 0 | 0 | 0 | 0 | 5 | -5 | 5 | -5 | -6 | 0 | 0 | 0 | >91 ]
[ 81< | 0 | 0 | 0 | 0 | 0 | 0 | 0 | 0 | 0 | 0 | 0 | 0 | 0 | 5 | -5 | 5 | -5 | -6 | 0 | 0 | 0 | >91 ]
[ 80< | 0 | 0 | 0 | 0 | 0 | 0 | 0 | 0 | 0 | 0 | 0 | 0 | 0 | 5 | -5 | 5 | -5 | -6 | 0 | 0 | 0 | >90 ]
[ 80< | 0 | 0 | 0 | 0 | 0 | 0 | 0 | 0 | 0 | 0 | 0 | 0 | 0 | 5 | -5 | 5 | -5 | -6 | 0 | 0 | 0 | >90 ]
[ 79< | 0 | 0 | 0 | 0 | 0 | 0 | 0 | 0 | 0 | 0 | 0 | 0 | 0 | 5 | -5 | 5 | -5 | -6 | 0 | 0 | 0 | >89 ]
[ 79< | 0 | 0 | 0 | 0 | 0 | 0 | 0 | 0 | 0 | 0 | 0 | 0 | 0 | 5 | -5 | 5 | -5 | -6 | 0 | 0 | 0 | >89 ]
[ 78< | 0 | 0 | 0 | 0 | 0 | 0 | 0 | 0 | 0 | 0 | 0 | 0 | 0 | 5 | -5 | 5 | -5 | -6 | 0 | 0 | 0 | >88 ]
[ 78< | 0 | 0 | 0 | 0 | 0 | 0 | 0 | 0 | 0 | 0 | 0 | 0 | 0 | 5 | -5 | 5 | -5 | -6 | 0 | 0 | 0 | >88 ]
[ 77< | 0 | 0 | 0 | 0 | 0 | 0 | 0 | 0 | 0 | 0 | 0 | 0 | 0 | 5 | -5 | 5 | -5 | -6 | 0 | 0 | 0 | >87 ]
[ 77< | 0 | 0 | 0 | 0 | 0 | 0 | 0 | 0 | 0 | 0 | 0 | 0 | 0 | 5 | -5 | 5 | -5 | -6 | 0 | 0 | 0 | >87 ]
[ 76< | 0 | 0 | 0 | 0 | 0 | 0 | 0 | 0 | 0 | 0 | 0 | 0 | 0 | 5 | -5 | 5 | -5 | -6 | 0 | 0 | 0 | >86 ]
[ 76< | 0 | 0 | 0 | 0 | 0 | 0 | 0 | 0 | 0 | 0 | 0 | 0 | 0 | 5 | -5 | 5 | -5 | -6 | 0 | 0 | 0 | >86 ]
[ 75< | 0 | 0 | 0 | 0 | 0 | 0 | 0 | 0 | 0 | 0 | 0 | 0 | 0 | 5 | -5 | 5 | -5 | -6 | 0 | 0 | 0 | >85 ]
[ 75< | 0 | 0 | 0 | 0 | 0 | 0 | 0 | 0 | 0 | 0 | 0 | 0 | 0 | 5 | -5 | 5 | -5 | -6 | 0 | 0 | 0 | >85 ]
[ 74< | 0 | 0 | 0 | 0 | 0 | 0 | 0 | 0 | 0 | 0 | 0 | 0 | 0 | 5 | -5 | 5 | -5 | -6 | 0 | 0 | 0 | >84 ]
[ 74< | 0 | 0 | 0 | 0 | 0 | 0 | 0 | 0 | 0 | 0 | 0 | 0 | 0 | 5 | -5 | 5 | -5 | -6 | 0 | 0 | 0 | >84 ]
[ 73< | 0 | 0 | 0 | 0 | 0 | 0 | 0 | 0 | 0 | 0 | 0 | 0 | 0 | 5 | -5 | 5 | -5 | -6 | 0 | 0 | 0 | >83 ]
[ 73< | 0 | 0 | 0 | 0 | 0 | 0 | 0 | 0 | 0 | 0 | 0 | 0 | 0 | 5 | -5 | 5 | -5 | -6 | 0 | 0 | 0 | >83 ]
[ 72< | 0 | 0 | 0 | 0 | 0 | 0 | 0 | 0 | 0 | 0 | 0 | 0 | 0 | 5 | -5 | 5 | -5 | -6 | 0 | 0 | 0 | >82 ]
[ 72< | 0 | 0 | 0 | 0 | 0 | 0 | 0 | 0 | 0 | 0 | 0 | 0 | 0 | 5 | -5 | 5 | -5 | -6 | 0 | 0 | 0 | >82 ]
[ 71< | 0 | 0 | 0 | 0 | 0 | 0 | 0 | 0 | 0 | 0 | 0 | 0 | 0 | 5 | -5 | 5 | -5 | -6 | 0 | 0 | 0 | >81 ]
[ 71< | 0 | 0 | 0 | 0 | 0 | 0 | 0 | 0 | 0 | 0 | 0 | 0 | 0 | 5 | -5 | 5 | -5 | -6 | 0 | 0 | 0 | >81 ]
[ 70< | 0 | 0 | 0 | 0 | 0 | 0 | 0 | 0 | 0 | 0 | 0 | 0 | 0 | 5 | -5 | 5 | -5 | -6 | 0 | 0 | 0 | >80 ]
[ 70< | 0 | 0 | 0 | 0 | 0 | 0 | 0 | 0 | 0 | 0 | 0 | 0 | 0 | 5 | -5 | 5 | -5 | -6 | 0 | 0 | 0 | >80 ]
[ 69< | 0 | 0 | 0 | 0 | 0 | 0 | 0 | 0 | 0 | 0 | 0 | 0 | 0 | 5 | -5 | 5 | -5 | -6 | 0 | 0 | 0 | >79 ]
[ 69< | 0 | 0 | 0 | 0 | 0 | 0 | 0 | 0 | 0 | 0 | 0 | 0 | 0 | 5 | -5 | 5 | -5 | -6 | 0 | 0 | 0 | >79 ]
[ 68< | 0 | 0 | 0 | 0 | 0 | 0 | 0 | 0 | 0 | 0 | 0 | 0 | 0 | 5 | -5 | 5 | -5 | -6 | 0 | 0 | 0 | >78 ]
[ 68< | 0 | 0 | 0 | 0 | 0 | 0 | 0 | 0 | 0 | 0 | 0 | 0 | 0 | 5 | -5 | 5 | -5 | -6 | 0 | 0 | 0 | >78 ]
[ 67< | 0 | 0 | 0 | 0 | 0 | 0 | 0 | 0 | 0 | 0 | 0 | 0 | 0 | 5 | -5 | 5 | -5 | -6 | 0 | 0 | 0 | >77 ]
[ 67< | 0 | 0 | 0 | 0 | 0 | 0 | 0 | 0 | 0 | 0 | 0 | 0 | 0 | 5 | -5 | 5 | -5 | -6 | 0 | 0 | 0 | >77 ]
[ 66< | 0 | 0 | 0 | 0 | 0 | 0 | 0 | 0 | 0 | 0 | 0 | 0 | 0 | 5 | -5 | 5 | -5 | -6 | 0 | 0 | 0 | >76 ]
[ 66< | 0 | 0 | 0 | 0 | 0 | 0 | 0 | 0 | 0 | 0 | 0 | 0 | 0 | 5 | -5 | 5 | -5 | -6 | 0 | 0 | 0 | >76 ]
[ 65< | 0 | 0 | 0 | 0 | 0 | 0 | 0 | 0 | 0 | 0 | 0 | 0 | 0 | 5 | -5 | 5 | -5 | -6 | 0 | 0 | 0 | >75 ]
[ 65< | 0 | 0 | 0 | 0 | 0 | 0 | 0 | 0 | 0 | 0 | 0 | 0 | 0 | 5 | -5 | 5 | -5 | -6 | 0 | 0 | 0 | >75 ]
[ 64< | 0 | 0 | 0 | 0 | 0 | 0 | 0 | 0 | 0 | 0 | 0 | 0 | 0 | 5 | -5 | 5 | -5 | -6 | 0 | 0 | 0 | >74 ]
[ 64< | 0 | 0 | 0 | 0 | 0 | 0 | 0 | 0 | 0 | 0 | 0 | 0 | 0 | 5 | -5 | 5 | -5 | -6 | 0 | 0 | 0 | >74 ]
[ 63< | 0 | 0 | 0 | 0 | 0 | 0 | 0 | 0 | 0 | 0 | 0 | 0 | 0 | 5 | -5 | 5 | -5 | -6 | 0 | 0 | 0 | >73 ]
[ 63< | 0 | 0 | 0 | 0 | 0 | 0 | 0 | 0 | 0 | 0 | 0 | 0 | 0 | 5 | -5 | 5 | -5 | -6 | 0 | 0 | 0 | >73 ]
[ 62< | 0 | 0 | 0 | 0 | 0 | 0 | 0 | 0 | 0 | 0 | 0 | 0 | 0 | 5 | -5 | 5 | -5 | -6 | 0 | 0 | 0 | >72 ]
[ 62< | 0 | 0 | 0 | 0 | 0 | 0 | 0 | 0 | 0 | 0 | 0 | 0 | 0 | 5 | -5 | 5 | -5 | -6 | 0 | 0 | 0 | >72 ]
[ 61< | 0 | 0 | 0 | 0 | 0 | 0 | 0 | 0 | 0 | 0 | 0 | 0 | 0 | 5 | -5 | 5 | -5 | -6 | 0 | 0 | 0 | >71 ]
[ 61< | 0 | 0 | 0 | 0 | 0 | 0 | 0 | 0 | 0 | 0 | 0 | 0 | 0 | 5 | -5 | 5 | -5 | -6 | 0 | 0 | 0 | >71 ]
[ 60< | 0 | 0 | 0 | 0 | 0 | 0 | 0 | 0 | 0 | 0 | 0 | 0 | 0 | 5 | -5 | 5 | -5 | -6 | 0 | 0 | 0 | >70 ]
[ 60< | 0 | 0 | 0 | 0 | 0 | 0 | 0 | 0 | 0 | 0 | 0 | 0 | 0 | 5 | -5 | 5 | -5 | -6 | 0 | 0 | 0 | >70 ]
[ 59< | 0 | 0 | 0 | 0 | 0 | 0 | 0 | 0 | 0 | 0 | 0 | 0 | 0 | 5 | -5 | 5 | -5 | -6 | 0 | 0 | 0 | >69 ]
[ 59< | 0 | 0 | 0 | 0 | 0 | 0 | 0 | 0 | 0 | 0 | 0 | 0 | 0 | 5 | -5 | 5 | -5 | -6 | 0 | 0 | 0 | >69 ]
[ 58< | 0 | 0 | 0 | 0 | 0 | 0 | 0 | 0 | 0 | 0 | 0 | 0 | 0 | 5 | -5 | 5 | -5 | -6 | 0 | 0 | 0 | >68 ]
[ 58< | 0 | 0 | 0 | 0 | 0 | 0 | 0 | 0 | 0 | 0 | 0 | 0 | 0 | 5 | -5 | 5 | -5 | -6 | 0 | 0 | 0 | >68 ]
[ 57< | 0 | 0 | 0 | 0 | 0 | 0 | 0 | 0 | 0 | 0 | 0 | 0 | 0 | 5 | -5 | 5 | -5 | -6 | 0 | 0 | 0 | >67 ]
[ 57< | 0 | 0 | 0 | 0 | 0 | 0 | 0 | 0 | 0 | 0 | 0 | 0 | 0 | 5 | -5 | 5 | -5 | -6 | 0 | 0 | 0 | >67 ]
[ 56< | 0 | 0 | 0 | 0 | 0 | 0 | 0 | 0 | 0 | 0 | 0 | 0 | 0 | 5 | -5 | 5 | -5 | -6 | 0 | 0 | 0 | >66 ]
[ 56< | 0 | 0 | 0 | 0 | 0 | 0 | 0 | 0 | 0 | 0 | 0 | 0 | 0 | 5 | -5 | 5 | -5 | -6 | 0 | 0 | 0 | >66 ]
[ 55< | 0 | 0 | 0 | 0 | 0 | 0 | 0 | 0 | 0 | 0 | 0 | 0 | 0 | 5 | -5 | 5 | -5 | -6 | 0 | 0 | 0 | >65 ]
[ 55< | 0 | 0 | 0 | 0 | 0 | 0 | 0 | 0 | 0 | 0 | 0 | 0 | 0 | 5 | -5 | 5 | -5 | -6 | 0 | 0 | 0 | >65 ]
[ 54< | 0 | 0 | 0 | 0 | 0 | 0 | 0 | 0 | 0 | 0 | 0 | 0 | 0 | 5 | -5 | 5 | -5 | -6 | 0 | 0 | 0 | >64 ]
[ 54< | 0 | 0 | 0 | 0 | 0 | 0 | 0 | 0 | 0 | 0 | 0 | 0 | 0 | 5 | -5 | 5 | -5 | -6 | 0 | 0 | 0 | >64 ]
[ 53< | 0 | 0 | 0 | 0 | 0 | 0 | 0 | 0 | 0 | 0 | 0 | 0 | 0 | 5 | -5 | 5 | -5 | -6 | 0 | 0 | 0 | >63 ]
[ 53< | 0 | 0 | 0 | 0 | 0 | 0 | 0 | 0 | 0 | 0 | 0 | 0 | 0 | 5 | -5 | 5 | -5 | -6 | 0 | 0 | 0 | >63 ]
[ 52< | 0 | 0 | 0 | 0 | 0 | 0 | 0 | 0 | 0 | 0 | 0 | 0 | 0 | 5 | -5 | 5 | -5 | -6 | 0 | 0 | 0 | >62 ]
[ 52< | 0 | 0 | 0 | 0 | 0 | 0 | 0 | 0 | 0 | 0 | 0 | 0 | 0 | 5 | -5 | 5 | -5 | -6 | 0 | 0 | 0 | >62 ]
[ 51< | 0 | 0 | 0 | 0 | 0 | 0 | 0 | 0 | 0 | 0 | 0 | 0 | 0 | 5 | -5 | 5 | -5 | -6 | 0 | 0 | 0 | >61 ]
[ 51< | 0 | 0 | 0 | 0 | 0 | 0 | 0 | 0 | 0 | 0 | 0 | 0 | 0 | 5 | -5 | 5 | -5 | -6 | 0 | 0 | 0 | >61 ]
[ 50< | 0 | 0 | 0 | 0 | 0 | 0 | 0 | 0 | 0 | 0 | 0 | 0 | 0 | 5 | -5 | 5 | -5 | -6 | 0 | 0 | 0 | >60 ]
[ 50< | 0 | 0 | 0 | 0 | 0 | 0 | 0 | 0 | 0 | 0 | 0 | 0 | 0 | 5 | -5 | 5 | -5 | -6 | 0 | 0 | 0 | >60 ]
[ 49< | 0 | 0 | 0 | 0 | 0 | 0 | 0 | 0 | 0 | 0 | 0 | 0 | 0 | 5 | -5 | 5 | -5 | -6 | 0 | 0 | 0 | >59 ]
[ 49< | 0 | 0 | 0 | 0 | 0 | 0 | 0 | 0 | 0 | 0 | 0 | 0 | 0 | 5 | -5 | 5 | -5 | -6 | 0 | 0 | 0 | >59 ]
[ 48< | 0 | 0 | 0 | 0 | 0 | 0 | 0 | 0 | 0 | 0 | 0 | 0 | 0 | 5 | -5 | 5 | -5 | -6 | 0 | 0 | 0 | >58 ]
[ 48< | 0 | 0 | 0 | 0 | 0 | 0 | 0 | 0 | 0 | 0 | 0 | 0 | 0 | 5 | -5 | 5 | -5 | -6 | 0 | 0 | 0 | >58 ]
[ 47< | 0 | 0 | 0 | 0 | 0 | 0 | 0 | 0 | 0 | 0 | 0 | 0 | 0 | 5 | -5 | 5 | -5 | -6 | 0 | 0 | 0 | >57 ]
[ 47< | 0 | 0 | 0 | 0 | 0 | 0 | 0 | 0 | 0 | 0 | 0 | 0 | 0 | 5 | -5 | 5 | -5 | -6 | 0 | 0 | 0 | >57 ]
[ 46< | 0 | 0 | 0 | 0 | 0 | 0 | 0 | 0 | 0 | 0 | 0 | 0 | 0 | 5 | -5 | 5 | -5 | -6 | 0 | 0 | 0 | >56 ]
[ 46< | 0 | 0 | 0 | 0 | 0 | 0 | 0 | 0 | 0 | 0 | 0 | 0 | 0 | 5 | -5 | 5 | -5 | -6 | 0 | 0 | 0 | >56 ]
[ 45< | 0 | 0 | 0 | 0 | 0 | 0 | 0 | 0 | 0 | 0 | 0 | 0 | 0 | 5 | -5 | 5 | -5 | -6 | 0 | 0 | 0 | >55 ]
[ 45< | 0 | 0 | 0 | 0 | 0 | 0 | 0 | 0 | 0 | 0 | 0 | 0 | 0 | 5 | -5 | 5 | -5 | -6 | 0 | 0 | 0 | >55 ]
[ 44< | 0 | 0 | 0 | 0 | 0 | 0 | 0 | 0 | 0 | 0 | 0 | 0 | 0 | 5 | -5 | 5 | -5 | -6 | 0 | 0 | 0 | >54 ]
[ 44< | 0 | 0 | 0 | 0 | 0 | 0 | 0 | 0 | 0 | 0 | 0 | 0 | 0 | 5 | -5 | 5 | -5 | -6 | 0 | 0 | 0 | >54 ]
[ 43< | 0 | 0 | 0 | 0 | 0 | 0 | 0 | 0 | 0 | 0 | 0 | 0 | 0 | 5 | -5 | 5 | -5 | -6 | 0 | 0 | 0 | >53 ]
[ 43< | 0 | 0 | 0 | 0 | 0 | 0 | 0 | 0 | 0 | 0 | 0 | 0 | 0 | 5 | -5 | 5 | -5 | -6 | 0 | 0 | 0 | >53 ]
[ 42< | 0 | 0 | 0 | 0 | 0 | 0 | 0 | 0 | 0 | 0 | 0 | 0 | 0 | 5 | -5 | 5 | -5 | -6 | 0 | 0 | 0 | >52 ]
[ 42< | 0 | 0 | 0 | 0 | 0 | 0 | 0 | 0 | 0 | 0 | 0 | 0 | 0 | 5 | -5 | 5 | -5 | -6 | 0 | 0 | 0 | >52 ]
[ 41< | 0 | 0 | 0 | 0 | 0 | 0 | 0 | 0 | 0 | 0 | 0 | 0 | 0 | 5 | -5 | 5 | -5 | -6 | 0 | 0 | 0 | >51 ]
[ 41< | 0 | 0 | 0 | 0 | 0 | 0 | 0 | 0 | 0 | 0 | 0 | 0 | 0 | 5 | -5 | 5 | -5 | -6 | 0 | 0 | 0 | >51 ]
[ 40< | 0 | 0 | 0 | 0 | 0 | 0 | 0 | 0 | 0 | 0 | 0 | 0 | 0 | 5 | -5 | 5 | -5 | -6 | 0 | 0 | 0 | >50 ]
[ 40< | 0 | 0 | 0 | 0 | 0 | 0 | 0 | 0 | 0 | 0 | 0 | 0 | 0 | 5 | -5 | 5 | -5 | -6 | 0 | 0 | 0 | >50 ]
[ 39< | 0 | 0 | 0 | 0 | 0 | 0 | 0 | 0 | 0 | 0 | 0 | 0 | 0 | 5 | -5 | 5 | -5 | -6 | 0 | 0 | 0 | >49 ]
[ 39< | 0 | 0 | 0 | 0 | 0 | 0 | 0 | 0 | 0 | 0 | 0 | 0 | 0 | 5 | -5 | 5 | -5 | -6 | 0 | 0 | 0 | >49 ]
[ 38< | 0 | 0 | 0 | 0 | 0 | 0 | 0 | 0 | 0 | 0 | 0 | 0 | 0 | 5 | -5 | 5 | -5 | -6 | 0 | 0 | 0 | >48 ]
[ 38< | 0 | 0 | 0 | 0 | 0 | 0 | 0 | 0 | 0 | 0 | 0 | 0 | 0 | 5 | -5 | 5 | -5 | -6 | 0 | 0 | 0 | >48 ]
[ 37< | 0 | 0 | 0 | 0 | 0 | 0 | 0 | 0 | 0 | 0 | 0 | 0 | 0 | 5 | -5 | 5 | -5 | -6 | 0 | 0 | 0 | >47 ]
[ 37< | 0 | 0 | 0 | 0 | 0 | 0 | 0 | 0 | 0 | 0 | 0 | 0 | 0 | 5 | -5 | 5 | -5 | -6 | 0 | 0 | 0 | >47 ]
[ 36< | 0 | 0 | 0 | 0 | 0 | 0 | 0 | 0 | 0 | 0 | 0 | 0 | 0 | 5 | -5 | 5 | -5 | -6 | 0 | 0 | 0 | >46 ]
[ 36< | 0 | 0 | 0 | 0 | 0 | 0 | 0 | 0 | 0 | 0 | 0 | 0 | 0 | 5 | -5 | 5 | -5 | -6 | 0 | 0 | 0 | >46 ]
[ 35< | 0 | 0 | 0 | 0 | 0 | 0 | 0 | 0 | 0 | 0 | 0 | 0 | 0 | 5 | -5 | 5 | -5 | -6 | 0 | 0 | 0 | >45 ]
[ 35< | 0 | 0 | 0 | 0 | 0 | 0 | 0 | 0 | 0 | 0 | 0 | 0 | 0 | 5 | -5 | 5 | -5 | -6 | 0 | 0 | 0 | >45 ]
[ 34< | 0 | 0 | 0 | 0 | 0 | 0 | 0 | 0 | 0 | 0 | 0 | 0 | 0 | 5 | -5 | 5 | -5 | -6 | 0 | 0 | 0 | >44 ]
[ 34< | 0 | 0 | 0 | 0 | 0 | 0 | 0 | 0 | 0 | 0 | 0 | 0 | 0 | 5 | -5 | 5 | -5 | -6 | 0 | 0 | 0 | >44 ]
[ 33< | 0 | 0 | 0 | 0 | 0 | 0 | 0 | 0 | 0 | 0 | 0 | 0 | 0 | 5 | -5 | 5 | -5 | -6 | 0 | 0 | 0 | >43 ]
[ 33< | 0 | 0 | 0 | 0 | 0 | 0 | 0 | 0 | 0 | 0 | 0 | 0 | 0 | 5 | -5 | 5 | -5 | -6 | 0 | 0 | 0 | >43 ]
[ 32< | 0 | 0 | 0 | 0 | 0 | 0 | 0 | 0 | 0 | 0 | 0 | 0 | 0 | 5 | -5 | 5 | -5 | -6 | 0 | 0 | 0 | >42 ]
[ 32< | 0 | 0 | 0 | 0 | 0 | 0 | 0 | 0 | 0 | 0 | 0 | 0 | 0 | 5 | -5 | 5 | -5 | -6 | 0 | 0 | 0 | >42 ]
[ 31< | 0 | 0 | 0 | 0 | 0 | 0 | 0 | 0 | 0 | 0 | 0 | 0 | 0 | 5 | -5 | 5 | -5 | -6 | 0 | 0 | 0 | >41 ]
[ 31< | 0 | 0 | 0 | 0 | 0 | 0 | 0 | 0 | 0 | 0 | 0 | 0 | 0 | 5 | -5 | 5 | -5 | -6 | 0 | 0 | 0 | >41 ]
[ 30< | 0 | 0 | 0 | 0 | 0 | 0 | 0 | 0 | 0 | 0 | 0 | 0 | 0 | 5 | -5 | 5 | -5 | -6 | 0 | 0 | 0 | >40 ]
[ 30< | 0 | 0 | 0 | 0 | 0 | 0 | 0 | 0 | 0 | 0 | 0 | 0 | 0 | 5 | -5 | 5 | -5 | -6 | 0 | 0 | 0 | >40 ]
[ 29< | 0 | 0 | 0 | 0 | 0 | 0 | 0 | 0 | 0 | 0 | 0 | 0 | 0 | 5 | -5 | 5 | -5 | -6 | 0 | 0 | 0 | >39 ]
[ 29< | 0 | 0 | 0 | 0 | 0 | 0 | 0 | 0 | 0 | 0 | 0 | 0 | 0 | 5 | -5 | 5 | -5 | -6 | 0 | 0 | 0 | >39 ]
[ 28< | 0 | 0 | 0 | 0 | 0 | 0 | 0 | 0 | 0 | 0 | 0 | 0 | 0 | 5 | -5 | 5 | -5 | -6 | 0 | 0 | 0 | >38 ]
[ 28< | 0 | 0 | 0 | 0 | 0 | 0 | 0 | 0 | 0 | 0 | 0 | 0 | 0 | 5 | -5 | 5 | -5 | -6 | 0 | 0 | 0 | >38 ]
[ 27< | 0 | 0 | 0 | 0 | 0 | 0 | 0 | 0 | 0 | 0 | 0 | 0 | 0 | 5 | -5 | 5 | -5 | -6 | 0 | 0 | 0 | >37 ]
[ 27< | 0 | 0 | 0 | 0 | 0 | 0 | 0 | 0 | 0 | 0 | 0 | 0 | 0 | 5 | -5 | 5 | -5 | -6 | 0 | 0 | 0 | >37 ]
[ 26< | 0 | 0 | 0 | 0 | 0 | 0 | 0 | 0 | 0 | 0 | 0 | 0 | 0 | 5 | -5 | 5 | -5 | -6 | 0 | 0 | 0 | >36 ]
[ 26< | 0 | 0 | 0 | 0 | 0 | 0 | 0 | 0 | 0 | 0 | 0 | 0 | 0 | 5 | -5 | 5 | -5 | -6 | 0 | 0 | 0 | >36 ]
[ 25< | 0 | 0 | 0 | 0 | 0 | 0 | 0 | 0 | 0 | 0 | 0 | 0 | 0 | 5 | -5 | 5 | -5 | -6 | 0 | 0 | 0 | >35 ]
[ 25< | 0 | 0 | 0 | 0 | 0 | 0 | 0 | 0 | 0 | 0 | 0 | 0 | 0 | 5 | -5 | 5 | -5 | -6 | 0 | 0 | 0 | >35 ]
[ 24< | 0 | 0 | 0 | 0 | 0 | 0 | 0 | 0 | 0 | 0 | 0 | 0 | 0 | 5 | -5 | 5 | -5 | -6 | 0 | 0 | 0 | >34 ]
[ 24< | 0 | 0 | 0 | 0 | 0 | 0 | 0 | 0 | 0 | 0 | 0 | 0 | 0 | 5 | -5 | 5 | -5 | -6 | 0 | 0 | 0 | >34 ]
[ 23< | 0 | 0 | 0 | 0 | 0 | 0 | 0 | 0 | 0 | 0 | 0 | 0 | 0 | 5 | -5 | 5 | -5 | -6 | 0 | 0 | 0 | >33 ]
[ 23< | 0 | 0 | 0 | 0 | 0 | 0 | 0 | 0 | 0 | 0 | 0 | 0 | 0 | 5 | -5 | 5 | -5 | -6 | 0 | 0 | 0 | >33 ]
[ 22< | 0 | 0 | 0 | 0 | 0 | 0 | 0 | 0 | 0 | 0 | 0 | 0 | 0 | 5 | -5 | 5 | -5 | -6 | 0 | 0 | 0 | >32 ]
[ 22< | 0 | 0 | 0 | 0 | 0 | 0 | 0 | 0 | 0 | 0 | 0 | 0 | 0 | 5 | -5 | 5 | -5 | -6 | 0 | 0 | 0 | >32 ]
[ 21< | 0 | 0 | 0 | 0 | 0 | 0 | 0 | 0 | 0 | 0 | 0 | 0 | 0 | 5 | -5 | 5 | -5 | -6 | 0 | 0 | 0 | >31 ]
[ 21< | 0 | 0 | 0 | 0 | 0 | 0 | 0 | 0 | 0 | 0 | 0 | 0 | 0 | 5 | -5 | 5 | -5 | -6 | 0 | 0 | 0 | >31 ]
[ 20< | 0 | 0 | 0 | 0 | 0 | 0 | 0 | 0 | 0 | 0 | 0 | 0 | 0 | 5 | -5 | 5 | -5 | -6 | 0 | 0 | 0 | >30 ]
[ 20< | 0 | 0 | 0 | 0 | 0 | 0 | 0 | 0 | 0 | 0 | 0 | 0 | 0 | 5 | -5 | 5 | -5 | -6 | 0 | 0 | 0 | >30 ]
[ 19< | 0 | 0 | 0 | 0 | 0 | 0 | 0 | 0 | 0 | 0 | 0 | 0 | 0 | 5 | -5 | 5 | -5 | -6 | 0 | 0 | 0 | >29 ]
[ 19< | 0 | 0 | 0 | 0 | 0 | 0 | 0 | 0 | 0 | 0 | 0 | 0 | 0 | 5 | -5 | 5 | -5 | -6 | 0 | 0 | 0 | >29 ]
[ 18< | 0 | 0 | 0 | 0 | 0 | 0 | 0 | 0 | 0 | 0 | 0 | 0 | 0 | 5 | -5 | 5 | -5 | -6 | 0 | 0 | 0 | >28 ]
[ 18< | 0 | 0 | 0 | 0 | 0 | 0 | 0 | 0 | 0 | 0 | 0 | 0 | 0 | 5 | -5 | 5 | -5 | -6 | 0 | 0 | 0 | >28 ]
[ 17< | 0 | 0 | 0 | 0 | 0 | 0 | 0 | 0 | 0 | 0 | 0 | 0 | 0 | 5 | -5 | 5 | -5 | -6 | 0 | 0 | 0 | >27 ]
[ 17< | 0 | 0 | 0 | 0 | 0 | 0 | 0 | 0 | 0 | 0 | 0 | 0 | 0 | 5 | -5 | 5 | -5 | -6 | 0 | 0 | 0 | >27 ]
[ 16< | 0 | 0 | 0 | 0 | 0 | 0 | 0 | 0 | 0 | 0 | 0 | 0 | 0 | 5 | -5 | 5 | -5 | -6 | 0 | 0 | 0 | >26 ]
[ 16< | 0 | 0 | 0 | 0 | 0 | 0 | 0 | 0 | 0 | 0 | 0 | 0 | 0 | 5 | -5 | 5 | -5 | -6 | 0 | 0 | 0 | >26 ]
[ 15< | 0 | 0 | 0 | 0 | 0 | 0 | 0 | 0 | 0 | 0 | 0 | 0 | 0 | 5 | -5 | 5 | -5 | -6 | 0 | 0 | 0 | >25 ]
[ 15< | 0 | 0 | 0 | 0 | 0 | 0 | 0 | 0 | 0 | 0 | 0 | 0 | 0 | 5 | -5 | 5 | -5 | -6 | 0 | 0 | 0 | >25 ]
[ 14< | 0 | 0 | 0 | 0 | 0 | 0 | 0 | 0 | 0 | 0 | 0 | 0 | 0 | 5 | -5 | 5 | -5 | -6 | 0 | 0 | 0 | >24 ]
[ 14< | 0 | 0 | 0 | 0 | 0 | 0 | 0 | 0 | 0 | 0 | 0 | 0 | 0 | 5 | -5 | 5 | -5 | -6 | 0 | 0 | 0 | >24 ]
[ 13< | 0 | 0 | 0 | 0 | 0 | 0 | 0 | 0 | 0 | 0 | 0 | 0 | 0 | 5 | -5 | 5 | -5 | -6 | 0 | 0 | 0 | >23 ]
[ 13< | 0 | 0 | 0 | 0 | 0 | 0 | 0 | 0 | 0 | 0 | 0 | 0 | 0 | 5 | -5 | 5 | -5 | -6 | 0 | 0 | 0 | >23 ]
[ 12< | 0 | 0 | 0 | 0 | 0 | 0 | 0 | 0 | 0 | 0 | 0 | 0 | 0 | 5 | -5 | 5 | -5 | -6 | 0 | 0 | 0 | >22 ]
[ 12< | 0 | 0 | 0 | 0 | 0 | 0 | 0 | 0 | 0 | 0 | 0 | 0 | 0 | 5 | -5 | 5 | -5 | -6 | 0 | 0 | 0 | >22 ]
[ 11< | 0 | 0 | 0 | 0 | 0 | 0 | 0 | 0 | 0 | 0 | 0 | 0 | 0 | 5 | -5 | 5 | -5 | -6 | 0 | 0 | 0 | >21 ]
[ 11< | 0 | 0 | 0 | 0 | 0 | 0 | 0 | 0 | 0 | 0 | 0 | 0 | 0 | 5 | -5 | 5 | -5 | -6 | 0 | 0 | 0 | >21 ]
[ 10< | 0 | 0 | 0 | 0 | 0 | 0 | 0 | 0 | 0 | 0 | 0 | 0 | 0 | 5 | -5 | 5 | -5 | -6 | 0 | 0 | 0 | >20 ]
[ 10< | 0 | 0 | 0 | 0 | 0 | 0 | 0 | 0 | 0 | 0 | 0 | 0 | 0 | 5 | -5 | 5 | -5 | -6 | 0 | 0 | 0 | >20 ]
[ 9< | 0 | 0 | 0 | 0 | 0 | 0 | 0 | 0 | 0 | 0 | 0 | 0 | 0 | 5 | -5 | 5 | -5 | -6 | 0 | 0 | 0 | >19 ]
[ 9< | 0 | 0 | 0 | 0 | 0 | 0 | 0 | 0 | 0 | 0 | 0 | 0 | 0 | 5 | -5 | 5 | -5 | -6 | 0 | 0 | 0 | >19 ]
[ 8< | 0 | 0 | 0 | 0 | 0 | 0 | 0 | 0 | 0 | 0 | 0 | 0 | 0 | 5 | -5 | 5 | -5 | -6 | 0 | 0 | 0 | >18 ]
[ 8< | 0 | 0 | 0 | 0 | 0 | 0 | 0 | 0 | 0 | 0 | 0 | 0 | 0 | 5 | -5 | 5 | -5 | -6 | 0 | 0 | 0 | >18 ]
[ 7< | 0 | 0 | 0 | 0 | 0 | 0 | 0 | 0 | 0 | 0 | 0 | 0 | 0 | 5 | -5 | 5 | -5 | -6 | 0 | 0 | 0 | >17 ]
[ 7< | 0 | 0 | 0 | 0 | 0 | 0 | 0 | 0 | 0 | 0 | 0 | 0 | 0 | 5 | -5 | 5 | -5 | -6 | 0 | 0 | 0 | >17 ]
[ 6< | 0 | 0 | 0 | 0 | 0 | 0 | 0 | 0 | 0 | 0 | 0 | 0 | 0 | 5 | -5 | 5 | -5 | -6 | 0 | 0 | 0 | >16 ]
[ 6< | 0 | 0 | 0 | 0 | 0 | 0 | 0 | 0 | 0 | 0 | 0 | 0 | 0 | 5 | -5 | 5 | -5 | -6 | 0 | 0 | 0 | >16 ]
[ 5< | 0 | 0 | 0 | 0 | 0 | 0 | 0 | 0 | 0 | 0 | 0 | 0 | 0 | 5 | -5 | 5 | -5 | -6 | 0 | 0 | 0 | >15 ]
[ 5< | 0 | 0 | 0 | 0 | 0 | 0 | 0 | 0 | 0 | 0 | 0 | 0 | 0 | 5 | -5 | 5 | -5 | -6 | 0 | 0 | 0 | >15 ]
[ 4< | 0 | 0 | 0 | 0 | 0 | 0 | 0 | 0 | 0 | 0 | 0 | 0 | 0 | 5 | -5 | 5 | -5 | -6 | 0 | 0 | 0 | >14 ]
[ 4< | 0 | 0 | 0 | 0 | 0 | 0 | 0 | 0 | 0 | 0 | 0 | 0 | 0 | 5 | -5 | 5 | -5 | -6 | 0 | 0 | 0 | >14 ]
[ 3< | 0 | 0 | 0 | 0 | 0 | 0 | 0 | 0 | 0 | 0 | 0 | 0 | 0 | 5 | -5 | 5 | -5 | -6 | 0 | 0 | 0 | >13 ]
[ 3< | 0 | 0 | 0 | 0 | 0 | 0 | 0 | 0 | 0 | 0 | 0 | 0 | 0 | 5 | -5 | 5 | -5 | -6 | 0 | 0 | 0 | >13 ]
[ 2< | 0 | 0 | 0 | 0 | 0 | 0 | 0 | 0 | 0 | 0 | 0 | 0 | 0 | 5 | -5 | 5 | -5 | -6 | 0 | 0 | 0 | >12 ]
[ 2< | 0 | 0 | 0 | 0 | 0 | 0 | 0 | 0 | 0 | 0 | 0 | 0 | 0 | 5 | -5 | 5 | -5 | -6 | 0 | 0 | 0 | >12 ]
[ 1< | 0 | 0 | 0 | 0 | 0 | 0 | 0 | 0 | 0 | 0 | 0 | 0 | 0 | 5 | -5 | 5 | -5 | -6 | 0 | 0 | 0 | >11 ]
[ 1< | 0 | 0 | 0 | 0 | 0 | 0 | 0 | 0 | 0 | 0 | 0 | 0 | 0 | 5 | -5 | 5 | -5 | -6 | 0 | 0 | 0 | >11 ]
[ 0< | 0 | 0 | 0 | 0 | 0 | 0 | 0 | 0 | 0 | 0 | 0 | 0 | 0 | 5 | -5 | 5 | -5 | -6 | 0 | 0 | 0 | >10 ]
[ 0< | 0 | 0 | 0 | 0 | 0 | 0 | 0 | 0 | 0 | 0 | 0 | 0 | 0 | 5 | -5 | 5 | -5 | -6 | 0 | 0 | 0 | >10 ]

===== SeeSawRush won the battle after 349 cycles =====



===== GetOffMate.bf vs. SeeSawRush.bf finished with 2:8 =====