===== Starting battle of <MetaJSRandomBot> vs <DontUnderstand> with memory tape size: 27 =====

[ >128 | 0 | 0 | 0 | 0 | 0 | 0 | 0 | 0 | 0 | 0 | 0 | 0 | 0 | 0 | 0 | 0 | 0 | 0 | 0 | 0 | 0 | 0 | 0 | 0 | 0 | 128< ]
[ >-127 | 0 | 0 | 0 | 0 | 0 | 0 | 0 | 0 | 0 | 0 | 0 | 0 | 0 | 0 | 0 | 0 | 0 | 0 | 0 | 0 | 0 | 0 | 0 | 0 | 0< | 128 ]
[ >-127 | 0 | 0 | 0 | 0 | 0 | 0 | 0 | 0 | 0 | 0 | 0 | 0 | 0 | 0 | 0 | 0 | 0 | 0 | 0 | 0 | 0 | 0 | 0 | 0< | 0 | 128 ]
[ >-127 | 0 | 0 | 0 | 0 | 0 | 0 | 0 | 0 | 0 | 0 | 0 | 0 | 0 | 0 | 0 | 0 | 0 | 0 | 0 | 0 | 0 | 0 | 0< | 0 | 0 | 128 ]
[ -127 | >0 | 0 | 0 | 0 | 0 | 0 | 0 | 0 | 0 | 0 | 0 | 0 | 0 | 0 | 0 | 0 | 0 | 0 | 0 | 0 | 0 | 0< | 0 | 0 | 0 | 128 ]
[ -127 | >-1 | 0 | 0 | 0 | 0 | 0 | 0 | 0 | 0 | 0 | 0 | 0 | 0 | 0 | 0 | 0 | 0 | 0 | 0 | 0 | 0< | 0 | 0 | 0 | 0 | 128 ]
[ -127 | >-1 | 0 | 0 | 0 | 0 | 0 | 0 | 0 | 0 | 0 | 0 | 0 | 0 | 0 | 0 | 0 | 0 | 0 | 0 | 0< | 0 | 0 | 0 | 0 | 0 | 128 ]
[ -127 | >-2 | 0 | 0 | 0 | 0 | 0 | 0 | 0 | 0 | 0 | 0 | 0 | 0 | 0 | 0 | 0 | 0 | 0 | 0< | 0 | 0 | 0 | 0 | 0 | 0 | 128 ]
[ -127 | -2 | >0 | 0 | 0 | 0 | 0 | 0 | 0 | 0 | 0 | 0 | 0 | 0 | 0 | 0 | 0 | 0 | 0< | 0 | 0 | 0 | 0 | 0 | 0 | 0 | 128 ]
[ -127 | -2 | >1 | 0 | 0 | 0 | 0 | 0 | 0 | 0 | 0 | 0 | 0 | 0 | 0 | 0 | 0 | 0< | 0 | 0 | 0 | 0 | 0 | 0 | 0 | 0 | 128 ]
[ -127 | -2 | >1 | 0 | 0 | 0 | 0 | 0 | 0 | 0 | 0 | 0 | 0 | 0 | 0 | 0 | 0< | 0 | 0 | 0 | 0 | 0 | 0 | 0 | 0 | 0 | 128 ]
[ -127 | -2 | >0 | 0 | 0 | 0 | 0 | 0 | 0 | 0 | 0 | 0 | 0 | 0 | 0 | 0 | -1< | 0 | 0 | 0 | 0 | 0 | 0 | 0 | 0 | 0 | 128 ]
[ -127 | -2 | 0 | >0 | 0 | 0 | 0 | 0 | 0 | 0 | 0 | 0 | 0 | 0 | 0 | 0 | -2< | 0 | 0 | 0 | 0 | 0 | 0 | 0 | 0 | 0 | 128 ]
[ -127 | -2 | 0 | >1 | 0 | 0 | 0 | 0 | 0 | 0 | 0 | 0 | 0 | 0 | 0 | 0< | -2 | 0 | 0 | 0 | 0 | 0 | 0 | 0 | 0 | 0 | 128 ]
[ -127 | -2 | 0 | >1 | 0 | 0 | 0 | 0 | 0 | 0 | 0 | 0 | 0 | 0 | 0< | 0 | -2 | 0 | 0 | 0 | 0 | 0 | 0 | 0 | 0 | 0 | 128 ]
[ -127 | -2 | 0 | >0 | 0 | 0 | 0 | 0 | 0 | 0 | 0 | 0 | 0 | 0 | 1< | 0 | -2 | 0 | 0 | 0 | 0 | 0 | 0 | 0 | 0 | 0 | 128 ]
[ -127 | -2 | 0 | 0 | >0 | 0 | 0 | 0 | 0 | 0 | 0 | 0 | 0 | 0< | 1 | 0 | -2 | 0 | 0 | 0 | 0 | 0 | 0 | 0 | 0 | 0 | 128 ]
[ -127 | -2 | 0 | 0 | >1 | 0 | 0 | 0 | 0 | 0 | 0 | 0 | 0 | -1< | 1 | 0 | -2 | 0 | 0 | 0 | 0 | 0 | 0 | 0 | 0 | 0 | 128 ]
[ -127 | -2 | 0 | 0 | >1 | 0 | 0 | 0 | 0 | 0 | 0 | 0 | 0< | -1 | 1 | 0 | -2 | 0 | 0 | 0 | 0 | 0 | 0 | 0 | 0 | 0 | 128 ]
[ -127 | -2 | 0 | 0 | >0 | 0 | 0 | 0 | 0 | 0 | 0 | 0 | 1< | -1 | 1 | 0 | -2 | 0 | 0 | 0 | 0 | 0 | 0 | 0 | 0 | 0 | 128 ]
[ -127 | -2 | 0 | 0 | 0 | >0 | 0 | 0 | 0 | 0 | 0 | 0 | 1< | -1 | 1 | 0 | -2 | 0 | 0 | 0 | 0 | 0 | 0 | 0 | 0 | 0 | 128 ]
[ -127 | -2 | 0 | 0 | 0 | >1 | 0 | 0 | 0 | 0 | 0 | 0 | 1< | -1 | 1 | 0 | -2 | 0 | 0 | 0 | 0 | 0 | 0 | 0 | 0 | 0 | 128 ]
[ -127 | -2 | 0 | 0 | 0 | >1 | 0 | 0 | 0 | 0 | 0 | 0 | 1< | -1 | 1 | 0 | -2 | 0 | 0 | 0 | 0 | 0 | 0 | 0 | 0 | 0 | 128 ]
[ -127 | -2 | 0 | 0 | 0 | >0 | 0 | 0 | 0 | 0 | 0 | 0 | 1< | -1 | 1 | 0 | -2 | 0 | 0 | 0 | 0 | 0 | 0 | 0 | 0 | 0 | 128 ]
[ -127 | -2 | 0 | 0 | 0 | 0 | >0 | 0 | 0 | 0 | 0 | 0 | 1< | -1 | 1 | 0 | -2 | 0 | 0 | 0 | 0 | 0 | 0 | 0 | 0 | 0 | 128 ]
[ -127 | -2 | 0 | 0 | 0 | 0 | >1 | 0 | 0 | 0 | 0 | 0 | 1< | -1 | 1 | 0 | -2 | 0 | 0 | 0 | 0 | 0 | 0 | 0 | 0 | 0 | 128 ]
[ -127 | -2 | 0 | 0 | 0 | 0 | >1 | 0 | 0 | 0 | 0 | 0 | 1< | -1 | 1 | 0 | -2 | 0 | 0 | 0 | 0 | 0 | 0 | 0 | 0 | 0 | 128 ]
[ -127 | -2 | 0 | 0 | 0 | 0 | >0 | 0 | 0 | 0 | 0 | 0 | 1< | -1 | 1 | 0 | -2 | 0 | 0 | 0 | 0 | 0 | 0 | 0 | 0 | 0 | 128 ]
[ -127 | -2 | 0 | 0 | 0 | 0 | 0 | >0 | 0 | 0 | 0 | 0 | 1< | -1 | 1 | 0 | -2 | 0 | 0 | 0 | 0 | 0 | 0 | 0 | 0 | 0 | 128 ]
[ -127 | -2 | 0 | 0 | 0 | 0 | 0 | >1 | 0 | 0 | 0 | 0 | 1< | -1 | 1 | 0 | -2 | 0 | 0 | 0 | 0 | 0 | 0 | 0 | 0 | 0 | 128 ]
[ -127 | -2 | 0 | 0 | 0 | 0 | 0 | >1 | 0 | 0 | 0 | 0 | 1< | -1 | 1 | 0 | -2 | 0 | 0 | 0 | 0 | 0 | 0 | 0 | 0 | 0 | 128 ]
[ -127 | -2 | 0 | 0 | 0 | 0 | 0 | >0 | 0 | 0 | 0 | 0 | 1< | -1 | 1 | 0 | -2 | 0 | 0 | 0 | 0 | 0 | 0 | 0 | 0 | 0 | 128 ]
[ -127 | -2 | 0 | 0 | 0 | 0 | 0 | 0 | >0 | 0 | 0 | 0 | 1< | -1 | 1 | 0 | -2 | 0 | 0 | 0 | 0 | 0 | 0 | 0 | 0 | 0 | 128 ]
[ -127 | -2 | 0 | 0 | 0 | 0 | 0 | 0 | >1 | 0 | 0 | 0 | 1< | -1 | 1 | 0 | -2 | 0 | 0 | 0 | 0 | 0 | 0 | 0 | 0 | 0 | 128 ]
[ -127 | -2 | 0 | 0 | 0 | 0 | 0 | 0 | >1 | 0 | 0 | 0 | 1< | -1 | 1 | 0 | -2 | 0 | 0 | 0 | 0 | 0 | 0 | 0 | 0 | 0 | 128 ]
[ -127 | -2 | 0 | 0 | 0 | 0 | 0 | 0 | >0 | 0 | 0 | 0 | 1< | -1 | 1 | 0 | -2 | 0 | 0 | 0 | 0 | 0 | 0 | 0 | 0 | 0 | 128 ]
[ -127 | -2 | 0 | 0 | 0 | 0 | 0 | 0 | 0 | >0 | 0 | 0 | 1< | -1 | 1 | 0 | -2 | 0 | 0 | 0 | 0 | 0 | 0 | 0 | 0 | 0 | 128 ]
[ -127 | -2 | 0 | 0 | 0 | 0 | 0 | 0 | 0 | >1 | 0 | 0 | 1< | -1 | 1 | 0 | -2 | 0 | 0 | 0 | 0 | 0 | 0 | 0 | 0 | 0 | 128 ]
[ -127 | -2 | 0 | 0 | 0 | 0 | 0 | 0 | 0 | >1 | 0 | 0 | 1< | -1 | 1 | 0 | -2 | 0 | 0 | 0 | 0 | 0 | 0 | 0 | 0 | 0 | 128 ]
[ -127 | -2 | 0 | 0 | 0 | 0 | 0 | 0 | 0 | >0 | 0 | 0 | 1< | -1 | 1 | 0 | -2 | 0 | 0 | 0 | 0 | 0 | 0 | 0 | 0 | 0 | 128 ]
[ -127 | -2 | 0 | 0 | 0 | 0 | 0 | 0 | 0 | 0 | >0 | 0 | 1< | -1 | 1 | 0 | -2 | 0 | 0 | 0 | 0 | 0 | 0 | 0 | 0 | 0 | 128 ]
[ -127 | -2 | 0 | 0 | 0 | 0 | 0 | 0 | 0 | 0 | >1 | 0 | 1< | -1 | 1 | 0 | -2 | 0 | 0 | 0 | 0 | 0 | 0 | 0 | 0 | 0 | 128 ]
[ -127 | -2 | 0 | 0 | 0 | 0 | 0 | 0 | 0 | 0 | >1 | 0 | 1< | -1 | 1 | 0 | -2 | 0 | 0 | 0 | 0 | 0 | 0 | 0 | 0 | 0 | 128 ]
[ -127 | -2 | 0 | 0 | 0 | 0 | 0 | 0 | 0 | 0 | >0 | 0 | 1< | -1 | 1 | 0 | -2 | 0 | 0 | 0 | 0 | 0 | 0 | 0 | 0 | 0 | 128 ]
[ -127 | -2 | 0 | 0 | 0 | 0 | 0 | 0 | 0 | 0 | 0 | >0 | 1< | -1 | 1 | 0 | -2 | 0 | 0 | 0 | 0 | 0 | 0 | 0 | 0 | 0 | 128 ]
[ -127 | -2 | 0 | 0 | 0 | 0 | 0 | 0 | 0 | 0 | 0 | >1 | 1< | -1 | 1 | 0 | -2 | 0 | 0 | 0 | 0 | 0 | 0 | 0 | 0 | 0 | 128 ]
[ -127 | -2 | 0 | 0 | 0 | 0 | 0 | 0 | 0 | 0 | 0 | >1 | 1< | -1 | 1 | 0 | -2 | 0 | 0 | 0 | 0 | 0 | 0 | 0 | 0 | 0 | 128 ]
[ -127 | -2 | 0 | 0 | 0 | 0 | 0 | 0 | 0 | 0 | 0 | >0 | 1< | -1 | 1 | 0 | -2 | 0 | 0 | 0 | 0 | 0 | 0 | 0 | 0 | 0 | 128 ]
[ -127 | -2 | 0 | 0 | 0 | 0 | 0 | 0 | 0 | 0 | 0 | 0 | >1< | -1 | 1 | 0 | -2 | 0 | 0 | 0 | 0 | 0 | 0 | 0 | 0 | 0 | 128 ]
[ -127 | -2 | 0 | 0 | 0 | 0 | 0 | 0 | 0 | 0 | 0 | 0 | >2< | -1 | 1 | 0 | -2 | 0 | 0 | 0 | 0 | 0 | 0 | 0 | 0 | 0 | 128 ]
[ -127 | -2 | 0 | 0 | 0 | 0 | 0 | 0 | 0 | 0 | 0 | 0 | >2< | -1 | 1 | 0 | -2 | 0 | 0 | 0 | 0 | 0 | 0 | 0 | 0 | 0 | 128 ]
[ -127 | -2 | 0 | 0 | 0 | 0 | 0 | 0 | 0 | 0 | 0 | 0 | >1< | -1 | 1 | 0 | -2 | 0 | 0 | 0 | 0 | 0 | 0 | 0 | 0 | 0 | 128 ]
[ -127 | -2 | 0 | 0 | 0 | 0 | 0 | 0 | 0 | 0 | 0 | 0 | 1< | >-1 | 1 | 0 | -2 | 0 | 0 | 0 | 0 | 0 | 0 | 0 | 0 | 0 | 128 ]
[ -127 | -2 | 0 | 0 | 0 | 0 | 0 | 0 | 0 | 0 | 0 | 0 | 1< | >0 | 1 | 0 | -2 | 0 | 0 | 0 | 0 | 0 | 0 | 0 | 0 | 0 | 128 ]
[ -127 | -2 | 0 | 0 | 0 | 0 | 0 | 0 | 0 | 0 | 0 | 0 | 1< | >0 | 1 | 0 | -2 | 0 | 0 | 0 | 0 | 0 | 0 | 0 | 0 | 0 | 128 ]
[ -127 | -2 | 0 | 0 | 0 | 0 | 0 | 0 | 0 | 0 | 0 | 0 | 1< | 0 | >1 | 0 | -2 | 0 | 0 | 0 | 0 | 0 | 0 | 0 | 0 | 0 | 128 ]
[ -127 | -2 | 0 | 0 | 0 | 0 | 0 | 0 | 0 | 0 | 0 | 0 | 1< | 0 | 1 | >0 | -2 | 0 | 0 | 0 | 0 | 0 | 0 | 0 | 0 | 0 | 128 ]
[ -127 | -2 | 0 | 0 | 0 | 0 | 0 | 0 | 0 | 0 | 0 | 0 | 1< | 0 | 1 | >0 | -2 | 0 | 0 | 0 | 0 | 0 | 0 | 0 | 0 | 0 | 128 ]
[ -127 | -2 | 0 | 0 | 0 | 0 | 0 | 0 | 0 | 0 | 0 | 0 | 1< | 0 | 1 | 0 | >-2 | 0 | 0 | 0 | 0 | 0 | 0 | 0 | 0 | 0 | 128 ]
[ -127 | -2 | 0 | 0 | 0 | 0 | 0 | 0 | 0 | 0 | 0 | 0 | 1< | 0 | 1 | 0 | >-3 | 0 | 0 | 0 | 0 | 0 | 0 | 0 | 0 | 0 | 128 ]
[ -127 | -2 | 0 | 0 | 0 | 0 | 0 | 0 | 0 | 0 | 0 | 0 | 1< | 0 | 1 | >0 | -3 | 0 | 0 | 0 | 0 | 0 | 0 | 0 | 0 | 0 | 128 ]
[ -127 | -2 | 0 | 0 | 0 | 0 | 0 | 0 | 0 | 0 | 0 | 0 | 1< | 0 | >1 | 0 | -3 | 0 | 0 | 0 | 0 | 0 | 0 | 0 | 0 | 0 | 128 ]
[ -127 | -2 | 0 | 0 | 0 | 0 | 0 | 0 | 0 | 0 | 0 | 0 | 1< | 0 | >1 | 0 | -3 | 0 | 0 | 0 | 0 | 0 | 0 | 0 | 0 | 0 | 128 ]
[ -127 | -2 | 0 | 0 | 0 | 0 | 0 | 0 | 0 | 0 | 0 | 0 | 1< | 0 | 1 | >0 | -3 | 0 | 0 | 0 | 0 | 0 | 0 | 0 | 0 | 0 | 128 ]
[ -127 | -2 | 0 | 0 | 0 | 0 | 0 | 0 | 0 | 0 | 0 | 0 | 1< | 0 | 1 | >0 | -3 | 0 | 0 | 0 | 0 | 0 | 0 | 0 | 0 | 0 | 128 ]
[ -127 | -2 | 0 | 0 | 0 | 0 | 0 | 0 | 0 | 0 | 0 | 0 | 1< | 0 | 1 | >0 | -3 | 0 | 0 | 0 | 0 | 0 | 0 | 0 | 0 | 0 | 128 ]
[ -127 | -2 | 0 | 0 | 0 | 0 | 0 | 0 | 0 | 0 | 0 | 0 | 1< | 0 | >1 | 0 | -3 | 0 | 0 | 0 | 0 | 0 | 0 | 0 | 0 | 0 | 128 ]
[ -127 | -2 | 0 | 0 | 0 | 0 | 0 | 0 | 0 | 0 | 0 | 0 | 1< | 0 | >1 | 0 | -3 | 0 | 0 | 0 | 0 | 0 | 0 | 0 | 0 | 0 | 128 ]
[ -127 | -2 | 0 | 0 | 0 | 0 | 0 | 0 | 0 | 0 | 0 | 0 | 1< | 0 | 1 | >0 | -3 | 0 | 0 | 0 | 0 | 0 | 0 | 0 | 0 | 0 | 128 ]
[ -127 | -2 | 0 | 0 | 0 | 0 | 0 | 0 | 0 | 0 | 0 | 0 | 1< | 0 | 1 | >-1 | -3 | 0 | 0 | 0 | 0 | 0 | 0 | 0 | 0 | 0 | 128 ]
[ -127 | -2 | 0 | 0 | 0 | 0 | 0 | 0 | 0 | 0 | 0 | 0 | 1< | 0 | 1 | >-1 | -3 | 0 | 0 | 0 | 0 | 0 | 0 | 0 | 0 | 0 | 128 ]
[ -127 | -2 | 0 | 0 | 0 | 0 | 0 | 0 | 0 | 0 | 0 | 0 | 1< | 0 | 1 | >-2 | -3 | 0 | 0 | 0 | 0 | 0 | 0 | 0 | 0 | 0 | 128 ]
[ -127 | -2 | 0 | 0 | 0 | 0 | 0 | 0 | 0 | 0 | 0 | 0 | 1< | 0 | 1 | -2 | >-3 | 0 | 0 | 0 | 0 | 0 | 0 | 0 | 0 | 0 | 128 ]
[ -127 | -2 | 0 | 0 | 0 | 0 | 0 | 0 | 0 | 0 | 0 | 0 | 1< | 0 | 1 | -2 | >-2 | 0 | 0 | 0 | 0 | 0 | 0 | 0 | 0 | 0 | 128 ]
[ -127 | -2 | 0 | 0 | 0 | 0 | 0 | 0 | 0 | 0 | 0 | 0 | 1< | 0 | 1 | -2 | >-2 | 0 | 0 | 0 | 0 | 0 | 0 | 0 | 0 | 0 | 128 ]
[ -127 | -2 | 0 | 0 | 0 | 0 | 0 | 0 | 0 | 0 | 0 | 0 | 1< | 0 | 1 | -2 | >-3 | 0 | 0 | 0 | 0 | 0 | 0 | 0 | 0 | 0 | 128 ]
[ -127 | -2 | 0 | 0 | 0 | 0 | 0 | 0 | 0 | 0 | 0 | 0 | 1< | 0 | 1 | -2 | -3 | >0 | 0 | 0 | 0 | 0 | 0 | 0 | 0 | 0 | 128 ]
[ -127 | -2 | 0 | 0 | 0 | 0 | 0 | 0 | 0 | 0 | 0 | 0 | 1< | 0 | 1 | -2 | -3 | >1 | 0 | 0 | 0 | 0 | 0 | 0 | 0 | 0 | 128 ]
[ -127 | -2 | 0 | 0 | 0 | 0 | 0 | 0 | 0 | 0 | 0 | 0 | 1< | 0 | 1 | -2 | -3 | >1 | 0 | 0 | 0 | 0 | 0 | 0 | 0 | 0 | 128 ]
[ -127 | -2 | 0 | 0 | 0 | 0 | 0 | 0 | 0 | 0 | 0 | 0 | 1< | 0 | 1 | -2 | -3 | >0 | 0 | 0 | 0 | 0 | 0 | 0 | 0 | 0 | 128 ]
[ -127 | -2 | 0 | 0 | 0 | 0 | 0 | 0 | 0 | 0 | 0 | 0 | 1< | 0 | 1 | -2 | -3 | 0 | >0 | 0 | 0 | 0 | 0 | 0 | 0 | 0 | 128 ]
[ -127 | -2 | 0 | 0 | 0 | 0 | 0 | 0 | 0 | 0 | 0 | 0 | 1< | 0 | 1 | -2 | -3 | 0 | >1 | 0 | 0 | 0 | 0 | 0 | 0 | 0 | 128 ]
[ -127 | -2 | 0 | 0 | 0 | 0 | 0 | 0 | 0 | 0 | 0 | 0 | 1< | 0 | 1 | -2 | -3 | 0 | >1 | 0 | 0 | 0 | 0 | 0 | 0 | 0 | 128 ]
[ -127 | -2 | 0 | 0 | 0 | 0 | 0 | 0 | 0 | 0 | 0 | 0 | 1< | 0 | 1 | -2 | -3 | 0 | >0 | 0 | 0 | 0 | 0 | 0 | 0 | 0 | 128 ]
[ -127 | -2 | 0 | 0 | 0 | 0 | 0 | 0 | 0 | 0 | 0 | 0 | 1< | 0 | 1 | -2 | -3 | 0 | 0 | >0 | 0 | 0 | 0 | 0 | 0 | 0 | 128 ]
[ -127 | -2 | 0 | 0 | 0 | 0 | 0 | 0 | 0 | 0 | 0 | 0 | 1< | 0 | 1 | -2 | -3 | 0 | 0 | >1 | 0 | 0 | 0 | 0 | 0 | 0 | 128 ]
[ -127 | -2 | 0 | 0 | 0 | 0 | 0 | 0 | 0 | 0 | 0 | 0 | 1< | 0 | 1 | -2 | -3 | 0 | 0 | >1 | 0 | 0 | 0 | 0 | 0 | 0 | 128 ]
[ -127 | -2 | 0 | 0 | 0 | 0 | 0 | 0 | 0 | 0 | 0 | 0 | 1< | 0 | 1 | -2 | -3 | 0 | 0 | >0 | 0 | 0 | 0 | 0 | 0 | 0 | 128 ]
[ -127 | -2 | 0 | 0 | 0 | 0 | 0 | 0 | 0 | 0 | 0 | 0 | 1< | 0 | 1 | -2 | -3 | 0 | 0 | 0 | >0 | 0 | 0 | 0 | 0 | 0 | 128 ]
[ -127 | -2 | 0 | 0 | 0 | 0 | 0 | 0 | 0 | 0 | 0 | 0 | 1< | 0 | 1 | -2 | -3 | 0 | 0 | 0 | >1 | 0 | 0 | 0 | 0 | 0 | 128 ]
[ -127 | -2 | 0 | 0 | 0 | 0 | 0 | 0 | 0 | 0 | 0 | 0 | 1< | 0 | 1 | -2 | -3 | 0 | 0 | 0 | >1 | 0 | 0 | 0 | 0 | 0 | 128 ]
[ -127 | -2 | 0 | 0 | 0 | 0 | 0 | 0 | 0 | 0 | 0 | 0 | 1< | 0 | 1 | -2 | -3 | 0 | 0 | 0 | >0 | 0 | 0 | 0 | 0 | 0 | 128 ]
[ -127 | -2 | 0 | 0 | 0 | 0 | 0 | 0 | 0 | 0 | 0 | 0 | 1< | 0 | 1 | -2 | -3 | 0 | 0 | 0 | 0 | >0 | 0 | 0 | 0 | 0 | 128 ]
[ -127 | -2 | 0 | 0 | 0 | 0 | 0 | 0 | 0 | 0 | 0 | 0 | 1< | 0 | 1 | -2 | -3 | 0 | 0 | 0 | 0 | >1 | 0 | 0 | 0 | 0 | 128 ]
[ -127 | -2 | 0 | 0 | 0 | 0 | 0 | 0 | 0 | 0 | 0 | 0 | 1< | 0 | 1 | -2 | -3 | 0 | 0 | 0 | 0 | >1 | 0 | 0 | 0 | 0 | 128 ]
[ -127 | -2 | 0 | 0 | 0 | 0 | 0 | 0 | 0 | 0 | 0 | 0 | 1< | 0 | 1 | -2 | -3 | 0 | 0 | 0 | 0 | >0 | 0 | 0 | 0 | 0 | 128 ]
[ -127 | -2 | 0 | 0 | 0 | 0 | 0 | 0 | 0 | 0 | 0 | 0 | 1< | 0 | 1 | -2 | -3 | 0 | 0 | 0 | 0 | 0 | >0 | 0 | 0 | 0 | 128 ]
[ -127 | -2 | 0 | 0 | 0 | 0 | 0 | 0 | 0 | 0 | 0 | 0 | 1< | 0 | 1 | -2 | -3 | 0 | 0 | 0 | 0 | 0 | >1 | 0 | 0 | 0 | 128 ]
[ -127 | -2 | 0 | 0 | 0 | 0 | 0 | 0 | 0 | 0 | 0 | 0 | 1< | 0 | 1 | -2 | -3 | 0 | 0 | 0 | 0 | 0 | >1 | 0 | 0 | 0 | 128 ]
[ -127 | -2 | 0 | 0 | 0 | 0 | 0 | 0 | 0 | 0 | 0 | 0 | 1< | 0 | 1 | -2 | -3 | 0 | 0 | 0 | 0 | 0 | >0 | 0 | 0 | 0 | 128 ]
[ -127 | -2 | 0 | 0 | 0 | 0 | 0 | 0 | 0 | 0 | 0 | 0 | 1< | 0 | 1 | -2 | -3 | 0 | 0 | 0 | 0 | 0 | 0 | >0 | 0 | 0 | 128 ]
[ -127 | -2 | 0 | 0 | 0 | 0 | 0 | 0 | 0 | 0 | 0 | 0 | 1< | 0 | 1 | -2 | -3 | 0 | 0 | 0 | 0 | 0 | 0 | >1 | 0 | 0 | 128 ]
[ -127 | -2 | 0 | 0 | 0 | 0 | 0 | 0 | 0 | 0 | 0 | 0 | 1< | 0 | 1 | -2 | -3 | 0 | 0 | 0 | 0 | 0 | 0 | >1 | 0 | 0 | 128 ]
[ -127 | -2 | 0 | 0 | 0 | 0 | 0 | 0 | 0 | 0 | 0 | 0 | 1< | 0 | 1 | -2 | -3 | 0 | 0 | 0 | 0 | 0 | 0 | >0 | 0 | 0 | 128 ]
[ -127 | -2 | 0 | 0 | 0 | 0 | 0 | 0 | 0 | 0 | 0 | 0 | 1< | 0 | 1 | -2 | -3 | 0 | 0 | 0 | 0 | 0 | 0 | 0 | >0 | 0 | 128 ]
[ -127 | -2 | 0 | 0 | 0 | 0 | 0 | 0 | 0 | 0 | 0 | 0 | 1< | 0 | 1 | -2 | -3 | 0 | 0 | 0 | 0 | 0 | 0 | 0 | >1 | 0 | 128 ]
[ -127 | -2 | 0 | 0 | 0 | 0 | 0 | 0 | 0 | 0 | 0 | 0 | 1< | 0 | 1 | -2 | -3 | 0 | 0 | 0 | 0 | 0 | 0 | 0 | >1 | 0 | 128 ]
[ -127 | -2 | 0 | 0 | 0 | 0 | 0 | 0 | 0 | 0 | 0 | 0 | 1< | 0 | 1 | -2 | -3 | 0 | 0 | 0 | 0 | 0 | 0 | 0 | >0 | 0 | 128 ]
[ -127 | -2 | 0 | 0 | 0 | 0 | 0 | 0 | 0 | 0 | 0 | 0 | 1< | 0 | 1 | -2 | -3 | 0 | 0 | 0 | 0 | 0 | 0 | 0 | 0 | >0 | 128 ]
[ -127 | -2 | 0 | 0 | 0 | 0 | 0 | 0 | 0 | 0 | 0 | 0 | 1< | 0 | 1 | -2 | -3 | 0 | 0 | 0 | 0 | 0 | 0 | 0 | 0 | >1 | 128 ]
[ -127 | -2 | 0 | 0 | 0 | 0 | 0 | 0 | 0 | 0 | 0 | 0 | 1< | 0 | 1 | -2 | -3 | 0 | 0 | 0 | 0 | 0 | 0 | 0 | 0 | >1 | 128 ]
[ -127 | -2 | 0 | 0 | 0 | 0 | 0 | 0 | 0 | 0 | 0 | 0 | 1< | 0 | 1 | -2 | -3 | 0 | 0 | 0 | 0 | 0 | 0 | 0 | 0 | >0 | 128 ]
[ -127 | -2 | 0 | 0 | 0 | 0 | 0 | 0 | 0 | 0 | 0 | 0 | 1< | 0 | 1 | -2 | -3 | 0 | 0 | 0 | 0 | 0 | 0 | 0 | 0 | 0 | >128 ]
[ -127 | -2 | 0 | 0 | 0 | 0 | 0 | 0 | 0 | 0 | 0 | 0 | 1< | 0 | 1 | -2 | -3 | 0 | 0 | 0 | 0 | 0 | 0 | 0 | 0 | 0 | >-127 ]
[ -127 | -2 | 0 | 0 | 0 | 0 | 0 | 0 | 0 | 0 | 0 | 0 | 1< | 0 | 1 | -2 | -3 | 0 | 0 | 0 | 0 | 0 | 0 | 0 | 0 | 0 | >-127 ]
[ -127 | -2 | 0 | 0 | 0 | 0 | 0 | 0 | 0 | 0 | 0 | 0 | 1< | 0 | 1 | -2 | -3 | 0 | 0 | 0 | 0 | 0 | 0 | 0 | 0 | 0 | >128 ]
[ >-127 | -2 | 0 | 0 | 0 | 0 | 0 | 0 | 0 | 0 | 0 | 0 | 1< | 0 | 1 | -2 | -3 | 0 | 0 | 0 | 0 | 0 | 0 | 0 | 0 | 0 | 128 ]

===== DontUnderstand won the battle after 116 cycles =====



===== Starting battle of <MetaJSRandomBot> vs <DontUnderstand> with memory tape size: 12 =====

[ >128 | 0 | 0 | 0 | 0 | 0 | 0 | 0 | 0 | 0 | 0 | 128< ]
[ >-127 | 0 | 0 | 0 | 0 | 0 | 0 | 0 | 0 | 0 | 0< | 128 ]
[ >-127 | 0 | 0 | 0 | 0 | 0 | 0 | 0 | 0 | 0< | 0 | 128 ]
[ >-127 | 0 | 0 | 0 | 0 | 0 | 0 | 0 | 0< | 0 | 0 | 128 ]
[ -127 | >0 | 0 | 0 | 0 | 0 | 0 | 0< | 0 | 0 | 0 | 128 ]
[ -127 | >-1 | 0 | 0 | 0 | 0 | 0< | 0 | 0 | 0 | 0 | 128 ]
[ -127 | >-1 | 0 | 0 | 0 | 0< | 0 | 0 | 0 | 0 | 0 | 128 ]
[ -127 | >-2 | 0 | 0 | 0< | 0 | 0 | 0 | 0 | 0 | 0 | 128 ]
[ -127 | -2 | >0 | 0< | 0 | 0 | 0 | 0 | 0 | 0 | 0 | 128 ]
[ -127 | -2 | >1< | 0 | 0 | 0 | 0 | 0 | 0 | 0 | 0 | 128 ]
[ -127 | -2< | >1 | 0 | 0 | 0 | 0 | 0 | 0 | 0 | 0 | 128 ]
[ -127 | -3< | >0 | 0 | 0 | 0 | 0 | 0 | 0 | 0 | 0 | 128 ]
[ -127 | -4< | 0 | >0 | 0 | 0 | 0 | 0 | 0 | 0 | 0 | 128 ]
[ -127< | -4 | 0 | >1 | 0 | 0 | 0 | 0 | 0 | 0 | 0 | 128 ]
[ -127 | -4 | 0 | >1 | 0 | 0 | 0 | 0 | 0 | 0 | 0 | 128< ]

===== MetaJSRandomBot won the battle after 14 cycles =====



===== Starting battle of <MetaJSRandomBot> vs <DontUnderstand> with memory tape size: 10 =====

[ >128 | 0 | 0 | 0 | 0 | 0 | 0 | 0 | 0 | 128< ]
[ >-127 | 0 | 0 | 0 | 0 | 0 | 0 | 0 | 0< | 128 ]
[ >-127 | 0 | 0 | 0 | 0 | 0 | 0 | 0< | 0 | 128 ]
[ >-127 | 0 | 0 | 0 | 0 | 0 | 0< | 0 | 0 | 128 ]
[ -127 | >0 | 0 | 0 | 0 | 0< | 0 | 0 | 0 | 128 ]
[ -127 | >-1 | 0 | 0 | 0< | 0 | 0 | 0 | 0 | 128 ]
[ -127 | >-1 | 0 | 0< | 0 | 0 | 0 | 0 | 0 | 128 ]
[ -127 | >-2 | 0< | 0 | 0 | 0 | 0 | 0 | 0 | 128 ]
[ -127 | -2< | >0 | 0 | 0 | 0 | 0 | 0 | 0 | 128 ]
[ -127< | -2 | >1 | 0 | 0 | 0 | 0 | 0 | 0 | 128 ]
[ -127 | -2 | >1 | 0 | 0 | 0 | 0 | 0 | 0 | 128< ]

===== MetaJSRandomBot won the battle after 10 cycles =====



===== Starting battle of <MetaJSRandomBot> vs <DontUnderstand> with memory tape size: 28 =====

[ >128 | 0 | 0 | 0 | 0 | 0 | 0 | 0 | 0 | 0 | 0 | 0 | 0 | 0 | 0 | 0 | 0 | 0 | 0 | 0 | 0 | 0 | 0 | 0 | 0 | 0 | 0 | 128< ]
[ >-127 | 0 | 0 | 0 | 0 | 0 | 0 | 0 | 0 | 0 | 0 | 0 | 0 | 0 | 0 | 0 | 0 | 0 | 0 | 0 | 0 | 0 | 0 | 0 | 0 | 0 | 0< | 128 ]
[ >-127 | 0 | 0 | 0 | 0 | 0 | 0 | 0 | 0 | 0 | 0 | 0 | 0 | 0 | 0 | 0 | 0 | 0 | 0 | 0 | 0 | 0 | 0 | 0 | 0 | 0< | 0 | 128 ]
[ >-127 | 0 | 0 | 0 | 0 | 0 | 0 | 0 | 0 | 0 | 0 | 0 | 0 | 0 | 0 | 0 | 0 | 0 | 0 | 0 | 0 | 0 | 0 | 0 | 0< | 0 | 0 | 128 ]
[ -127 | >0 | 0 | 0 | 0 | 0 | 0 | 0 | 0 | 0 | 0 | 0 | 0 | 0 | 0 | 0 | 0 | 0 | 0 | 0 | 0 | 0 | 0 | 0< | 0 | 0 | 0 | 128 ]
[ -127 | >-1 | 0 | 0 | 0 | 0 | 0 | 0 | 0 | 0 | 0 | 0 | 0 | 0 | 0 | 0 | 0 | 0 | 0 | 0 | 0 | 0 | 0< | 0 | 0 | 0 | 0 | 128 ]
[ -127 | >-1 | 0 | 0 | 0 | 0 | 0 | 0 | 0 | 0 | 0 | 0 | 0 | 0 | 0 | 0 | 0 | 0 | 0 | 0 | 0 | 0< | 0 | 0 | 0 | 0 | 0 | 128 ]
[ -127 | >-2 | 0 | 0 | 0 | 0 | 0 | 0 | 0 | 0 | 0 | 0 | 0 | 0 | 0 | 0 | 0 | 0 | 0 | 0 | 0< | 0 | 0 | 0 | 0 | 0 | 0 | 128 ]
[ -127 | -2 | >0 | 0 | 0 | 0 | 0 | 0 | 0 | 0 | 0 | 0 | 0 | 0 | 0 | 0 | 0 | 0 | 0 | 0< | 0 | 0 | 0 | 0 | 0 | 0 | 0 | 128 ]
[ -127 | -2 | >1 | 0 | 0 | 0 | 0 | 0 | 0 | 0 | 0 | 0 | 0 | 0 | 0 | 0 | 0 | 0 | 0< | 0 | 0 | 0 | 0 | 0 | 0 | 0 | 0 | 128 ]
[ -127 | -2 | >1 | 0 | 0 | 0 | 0 | 0 | 0 | 0 | 0 | 0 | 0 | 0 | 0 | 0 | 0 | 0< | 0 | 0 | 0 | 0 | 0 | 0 | 0 | 0 | 0 | 128 ]
[ -127 | -2 | >0 | 0 | 0 | 0 | 0 | 0 | 0 | 0 | 0 | 0 | 0 | 0 | 0 | 0 | 0 | -1< | 0 | 0 | 0 | 0 | 0 | 0 | 0 | 0 | 0 | 128 ]
[ -127 | -2 | 0 | >0 | 0 | 0 | 0 | 0 | 0 | 0 | 0 | 0 | 0 | 0 | 0 | 0 | 0 | -2< | 0 | 0 | 0 | 0 | 0 | 0 | 0 | 0 | 0 | 128 ]
[ -127 | -2 | 0 | >1 | 0 | 0 | 0 | 0 | 0 | 0 | 0 | 0 | 0 | 0 | 0 | 0 | 0< | -2 | 0 | 0 | 0 | 0 | 0 | 0 | 0 | 0 | 0 | 128 ]
[ -127 | -2 | 0 | >1 | 0 | 0 | 0 | 0 | 0 | 0 | 0 | 0 | 0 | 0 | 0 | 0< | 0 | -2 | 0 | 0 | 0 | 0 | 0 | 0 | 0 | 0 | 0 | 128 ]
[ -127 | -2 | 0 | >0 | 0 | 0 | 0 | 0 | 0 | 0 | 0 | 0 | 0 | 0 | 0 | 1< | 0 | -2 | 0 | 0 | 0 | 0 | 0 | 0 | 0 | 0 | 0 | 128 ]
[ -127 | -2 | 0 | 0 | >0 | 0 | 0 | 0 | 0 | 0 | 0 | 0 | 0 | 0 | 0< | 1 | 0 | -2 | 0 | 0 | 0 | 0 | 0 | 0 | 0 | 0 | 0 | 128 ]
[ -127 | -2 | 0 | 0 | >1 | 0 | 0 | 0 | 0 | 0 | 0 | 0 | 0 | 0 | -1< | 1 | 0 | -2 | 0 | 0 | 0 | 0 | 0 | 0 | 0 | 0 | 0 | 128 ]
[ -127 | -2 | 0 | 0 | >1 | 0 | 0 | 0 | 0 | 0 | 0 | 0 | 0 | 0< | -1 | 1 | 0 | -2 | 0 | 0 | 0 | 0 | 0 | 0 | 0 | 0 | 0 | 128 ]
[ -127 | -2 | 0 | 0 | >0 | 0 | 0 | 0 | 0 | 0 | 0 | 0 | 0 | 1< | -1 | 1 | 0 | -2 | 0 | 0 | 0 | 0 | 0 | 0 | 0 | 0 | 0 | 128 ]
[ -127 | -2 | 0 | 0 | 0 | >0 | 0 | 0 | 0 | 0 | 0 | 0 | 0 | 1< | -1 | 1 | 0 | -2 | 0 | 0 | 0 | 0 | 0 | 0 | 0 | 0 | 0 | 128 ]
[ -127 | -2 | 0 | 0 | 0 | >1 | 0 | 0 | 0 | 0 | 0 | 0 | 0 | 1< | -1 | 1 | 0 | -2 | 0 | 0 | 0 | 0 | 0 | 0 | 0 | 0 | 0 | 128 ]
[ -127 | -2 | 0 | 0 | 0 | >1 | 0 | 0 | 0 | 0 | 0 | 0 | 0 | 1< | -1 | 1 | 0 | -2 | 0 | 0 | 0 | 0 | 0 | 0 | 0 | 0 | 0 | 128 ]
[ -127 | -2 | 0 | 0 | 0 | >0 | 0 | 0 | 0 | 0 | 0 | 0 | 0 | 1< | -1 | 1 | 0 | -2 | 0 | 0 | 0 | 0 | 0 | 0 | 0 | 0 | 0 | 128 ]
[ -127 | -2 | 0 | 0 | 0 | 0 | >0 | 0 | 0 | 0 | 0 | 0 | 0 | 1< | -1 | 1 | 0 | -2 | 0 | 0 | 0 | 0 | 0 | 0 | 0 | 0 | 0 | 128 ]
[ -127 | -2 | 0 | 0 | 0 | 0 | >1 | 0 | 0 | 0 | 0 | 0 | 0 | 1< | -1 | 1 | 0 | -2 | 0 | 0 | 0 | 0 | 0 | 0 | 0 | 0 | 0 | 128 ]
[ -127 | -2 | 0 | 0 | 0 | 0 | >1 | 0 | 0 | 0 | 0 | 0 | 0 | 1< | -1 | 1 | 0 | -2 | 0 | 0 | 0 | 0 | 0 | 0 | 0 | 0 | 0 | 128 ]
[ -127 | -2 | 0 | 0 | 0 | 0 | >0 | 0 | 0 | 0 | 0 | 0 | 0 | 1< | -1 | 1 | 0 | -2 | 0 | 0 | 0 | 0 | 0 | 0 | 0 | 0 | 0 | 128 ]
[ -127 | -2 | 0 | 0 | 0 | 0 | 0 | >0 | 0 | 0 | 0 | 0 | 0 | 1< | -1 | 1 | 0 | -2 | 0 | 0 | 0 | 0 | 0 | 0 | 0 | 0 | 0 | 128 ]
[ -127 | -2 | 0 | 0 | 0 | 0 | 0 | >1 | 0 | 0 | 0 | 0 | 0 | 1< | -1 | 1 | 0 | -2 | 0 | 0 | 0 | 0 | 0 | 0 | 0 | 0 | 0 | 128 ]
[ -127 | -2 | 0 | 0 | 0 | 0 | 0 | >1 | 0 | 0 | 0 | 0 | 0 | 1< | -1 | 1 | 0 | -2 | 0 | 0 | 0 | 0 | 0 | 0 | 0 | 0 | 0 | 128 ]
[ -127 | -2 | 0 | 0 | 0 | 0 | 0 | >0 | 0 | 0 | 0 | 0 | 0 | 1< | -1 | 1 | 0 | -2 | 0 | 0 | 0 | 0 | 0 | 0 | 0 | 0 | 0 | 128 ]
[ -127 | -2 | 0 | 0 | 0 | 0 | 0 | 0 | >0 | 0 | 0 | 0 | 0 | 1< | -1 | 1 | 0 | -2 | 0 | 0 | 0 | 0 | 0 | 0 | 0 | 0 | 0 | 128 ]
[ -127 | -2 | 0 | 0 | 0 | 0 | 0 | 0 | >1 | 0 | 0 | 0 | 0 | 1< | -1 | 1 | 0 | -2 | 0 | 0 | 0 | 0 | 0 | 0 | 0 | 0 | 0 | 128 ]
[ -127 | -2 | 0 | 0 | 0 | 0 | 0 | 0 | >1 | 0 | 0 | 0 | 0 | 1< | -1 | 1 | 0 | -2 | 0 | 0 | 0 | 0 | 0 | 0 | 0 | 0 | 0 | 128 ]
[ -127 | -2 | 0 | 0 | 0 | 0 | 0 | 0 | >0 | 0 | 0 | 0 | 0 | 1< | -1 | 1 | 0 | -2 | 0 | 0 | 0 | 0 | 0 | 0 | 0 | 0 | 0 | 128 ]
[ -127 | -2 | 0 | 0 | 0 | 0 | 0 | 0 | 0 | >0 | 0 | 0 | 0 | 1< | -1 | 1 | 0 | -2 | 0 | 0 | 0 | 0 | 0 | 0 | 0 | 0 | 0 | 128 ]
[ -127 | -2 | 0 | 0 | 0 | 0 | 0 | 0 | 0 | >1 | 0 | 0 | 0 | 1< | -1 | 1 | 0 | -2 | 0 | 0 | 0 | 0 | 0 | 0 | 0 | 0 | 0 | 128 ]
[ -127 | -2 | 0 | 0 | 0 | 0 | 0 | 0 | 0 | >1 | 0 | 0 | 0 | 1< | -1 | 1 | 0 | -2 | 0 | 0 | 0 | 0 | 0 | 0 | 0 | 0 | 0 | 128 ]
[ -127 | -2 | 0 | 0 | 0 | 0 | 0 | 0 | 0 | >0 | 0 | 0 | 0 | 1< | -1 | 1 | 0 | -2 | 0 | 0 | 0 | 0 | 0 | 0 | 0 | 0 | 0 | 128 ]
[ -127 | -2 | 0 | 0 | 0 | 0 | 0 | 0 | 0 | 0 | >0 | 0 | 0 | 1< | -1 | 1 | 0 | -2 | 0 | 0 | 0 | 0 | 0 | 0 | 0 | 0 | 0 | 128 ]
[ -127 | -2 | 0 | 0 | 0 | 0 | 0 | 0 | 0 | 0 | >1 | 0 | 0 | 1< | -1 | 1 | 0 | -2 | 0 | 0 | 0 | 0 | 0 | 0 | 0 | 0 | 0 | 128 ]
[ -127 | -2 | 0 | 0 | 0 | 0 | 0 | 0 | 0 | 0 | >1 | 0 | 0 | 1< | -1 | 1 | 0 | -2 | 0 | 0 | 0 | 0 | 0 | 0 | 0 | 0 | 0 | 128 ]
[ -127 | -2 | 0 | 0 | 0 | 0 | 0 | 0 | 0 | 0 | >0 | 0 | 0 | 1< | -1 | 1 | 0 | -2 | 0 | 0 | 0 | 0 | 0 | 0 | 0 | 0 | 0 | 128 ]
[ -127 | -2 | 0 | 0 | 0 | 0 | 0 | 0 | 0 | 0 | 0 | >0 | 0 | 1< | -1 | 1 | 0 | -2 | 0 | 0 | 0 | 0 | 0 | 0 | 0 | 0 | 0 | 128 ]
[ -127 | -2 | 0 | 0 | 0 | 0 | 0 | 0 | 0 | 0 | 0 | >1 | 0 | 1< | -1 | 1 | 0 | -2 | 0 | 0 | 0 | 0 | 0 | 0 | 0 | 0 | 0 | 128 ]
[ -127 | -2 | 0 | 0 | 0 | 0 | 0 | 0 | 0 | 0 | 0 | >1 | 0 | 1< | -1 | 1 | 0 | -2 | 0 | 0 | 0 | 0 | 0 | 0 | 0 | 0 | 0 | 128 ]
[ -127 | -2 | 0 | 0 | 0 | 0 | 0 | 0 | 0 | 0 | 0 | >0 | 0 | 1< | -1 | 1 | 0 | -2 | 0 | 0 | 0 | 0 | 0 | 0 | 0 | 0 | 0 | 128 ]
[ -127 | -2 | 0 | 0 | 0 | 0 | 0 | 0 | 0 | 0 | 0 | 0 | >0 | 1< | -1 | 1 | 0 | -2 | 0 | 0 | 0 | 0 | 0 | 0 | 0 | 0 | 0 | 128 ]
[ -127 | -2 | 0 | 0 | 0 | 0 | 0 | 0 | 0 | 0 | 0 | 0 | >1 | 1< | -1 | 1 | 0 | -2 | 0 | 0 | 0 | 0 | 0 | 0 | 0 | 0 | 0 | 128 ]
[ -127 | -2 | 0 | 0 | 0 | 0 | 0 | 0 | 0 | 0 | 0 | 0 | >1 | 1< | -1 | 1 | 0 | -2 | 0 | 0 | 0 | 0 | 0 | 0 | 0 | 0 | 0 | 128 ]
[ -127 | -2 | 0 | 0 | 0 | 0 | 0 | 0 | 0 | 0 | 0 | 0 | >0 | 1< | -1 | 1 | 0 | -2 | 0 | 0 | 0 | 0 | 0 | 0 | 0 | 0 | 0 | 128 ]
[ -127 | -2 | 0 | 0 | 0 | 0 | 0 | 0 | 0 | 0 | 0 | 0 | 0 | >1< | -1 | 1 | 0 | -2 | 0 | 0 | 0 | 0 | 0 | 0 | 0 | 0 | 0 | 128 ]
[ -127 | -2 | 0 | 0 | 0 | 0 | 0 | 0 | 0 | 0 | 0 | 0 | 0 | >2< | -1 | 1 | 0 | -2 | 0 | 0 | 0 | 0 | 0 | 0 | 0 | 0 | 0 | 128 ]
[ -127 | -2 | 0 | 0 | 0 | 0 | 0 | 0 | 0 | 0 | 0 | 0 | 0 | >2< | -1 | 1 | 0 | -2 | 0 | 0 | 0 | 0 | 0 | 0 | 0 | 0 | 0 | 128 ]
[ -127 | -2 | 0 | 0 | 0 | 0 | 0 | 0 | 0 | 0 | 0 | 0 | 0 | >1< | -1 | 1 | 0 | -2 | 0 | 0 | 0 | 0 | 0 | 0 | 0 | 0 | 0 | 128 ]
[ -127 | -2 | 0 | 0 | 0 | 0 | 0 | 0 | 0 | 0 | 0 | 0 | 0 | 1< | >-1 | 1 | 0 | -2 | 0 | 0 | 0 | 0 | 0 | 0 | 0 | 0 | 0 | 128 ]
[ -127 | -2 | 0 | 0 | 0 | 0 | 0 | 0 | 0 | 0 | 0 | 0 | 0 | 1< | >0 | 1 | 0 | -2 | 0 | 0 | 0 | 0 | 0 | 0 | 0 | 0 | 0 | 128 ]
[ -127 | -2 | 0 | 0 | 0 | 0 | 0 | 0 | 0 | 0 | 0 | 0 | 0 | 1< | >0 | 1 | 0 | -2 | 0 | 0 | 0 | 0 | 0 | 0 | 0 | 0 | 0 | 128 ]
[ -127 | -2 | 0 | 0 | 0 | 0 | 0 | 0 | 0 | 0 | 0 | 0 | 0 | 1< | 0 | >1 | 0 | -2 | 0 | 0 | 0 | 0 | 0 | 0 | 0 | 0 | 0 | 128 ]
[ -127 | -2 | 0 | 0 | 0 | 0 | 0 | 0 | 0 | 0 | 0 | 0 | 0 | 1< | 0 | 1 | >0 | -2 | 0 | 0 | 0 | 0 | 0 | 0 | 0 | 0 | 0 | 128 ]
[ -127 | -2 | 0 | 0 | 0 | 0 | 0 | 0 | 0 | 0 | 0 | 0 | 0 | 1< | 0 | 1 | >0 | -2 | 0 | 0 | 0 | 0 | 0 | 0 | 0 | 0 | 0 | 128 ]
[ -127 | -2 | 0 | 0 | 0 | 0 | 0 | 0 | 0 | 0 | 0 | 0 | 0 | 1< | 0 | 1 | 0 | >-2 | 0 | 0 | 0 | 0 | 0 | 0 | 0 | 0 | 0 | 128 ]
[ -127 | -2 | 0 | 0 | 0 | 0 | 0 | 0 | 0 | 0 | 0 | 0 | 0 | 1< | 0 | 1 | 0 | >-3 | 0 | 0 | 0 | 0 | 0 | 0 | 0 | 0 | 0 | 128 ]
[ -127 | -2 | 0 | 0 | 0 | 0 | 0 | 0 | 0 | 0 | 0 | 0 | 0 | 1< | 0 | 1 | >0 | -3 | 0 | 0 | 0 | 0 | 0 | 0 | 0 | 0 | 0 | 128 ]
[ -127 | -2 | 0 | 0 | 0 | 0 | 0 | 0 | 0 | 0 | 0 | 0 | 0 | 1< | 0 | >1 | 0 | -3 | 0 | 0 | 0 | 0 | 0 | 0 | 0 | 0 | 0 | 128 ]
[ -127 | -2 | 0 | 0 | 0 | 0 | 0 | 0 | 0 | 0 | 0 | 0 | 0 | 1< | 0 | >1 | 0 | -3 | 0 | 0 | 0 | 0 | 0 | 0 | 0 | 0 | 0 | 128 ]
[ -127 | -2 | 0 | 0 | 0 | 0 | 0 | 0 | 0 | 0 | 0 | 0 | 0 | 1< | 0 | 1 | >0 | -3 | 0 | 0 | 0 | 0 | 0 | 0 | 0 | 0 | 0 | 128 ]
[ -127 | -2 | 0 | 0 | 0 | 0 | 0 | 0 | 0 | 0 | 0 | 0 | 0 | 1< | 0 | 1 | >0 | -3 | 0 | 0 | 0 | 0 | 0 | 0 | 0 | 0 | 0 | 128 ]
[ -127 | -2 | 0 | 0 | 0 | 0 | 0 | 0 | 0 | 0 | 0 | 0 | 0 | 1< | 0 | 1 | >0 | -3 | 0 | 0 | 0 | 0 | 0 | 0 | 0 | 0 | 0 | 128 ]
[ -127 | -2 | 0 | 0 | 0 | 0 | 0 | 0 | 0 | 0 | 0 | 0 | 0 | 1< | 0 | >1 | 0 | -3 | 0 | 0 | 0 | 0 | 0 | 0 | 0 | 0 | 0 | 128 ]
[ -127 | -2 | 0 | 0 | 0 | 0 | 0 | 0 | 0 | 0 | 0 | 0 | 0 | 1< | 0 | >1 | 0 | -3 | 0 | 0 | 0 | 0 | 0 | 0 | 0 | 0 | 0 | 128 ]
[ -127 | -2 | 0 | 0 | 0 | 0 | 0 | 0 | 0 | 0 | 0 | 0 | 0 | 1< | 0 | 1 | >0 | -3 | 0 | 0 | 0 | 0 | 0 | 0 | 0 | 0 | 0 | 128 ]
[ -127 | -2 | 0 | 0 | 0 | 0 | 0 | 0 | 0 | 0 | 0 | 0 | 0 | 1< | 0 | 1 | >-1 | -3 | 0 | 0 | 0 | 0 | 0 | 0 | 0 | 0 | 0 | 128 ]
[ -127 | -2 | 0 | 0 | 0 | 0 | 0 | 0 | 0 | 0 | 0 | 0 | 0 | 1< | 0 | 1 | >-1 | -3 | 0 | 0 | 0 | 0 | 0 | 0 | 0 | 0 | 0 | 128 ]
[ -127 | -2 | 0 | 0 | 0 | 0 | 0 | 0 | 0 | 0 | 0 | 0 | 0 | 1< | 0 | 1 | >-2 | -3 | 0 | 0 | 0 | 0 | 0 | 0 | 0 | 0 | 0 | 128 ]
[ -127 | -2 | 0 | 0 | 0 | 0 | 0 | 0 | 0 | 0 | 0 | 0 | 0 | 1< | 0 | 1 | -2 | >-3 | 0 | 0 | 0 | 0 | 0 | 0 | 0 | 0 | 0 | 128 ]
[ -127 | -2 | 0 | 0 | 0 | 0 | 0 | 0 | 0 | 0 | 0 | 0 | 0 | 1< | 0 | 1 | -2 | >-2 | 0 | 0 | 0 | 0 | 0 | 0 | 0 | 0 | 0 | 128 ]
[ -127 | -2 | 0 | 0 | 0 | 0 | 0 | 0 | 0 | 0 | 0 | 0 | 0 | 1< | 0 | 1 | -2 | >-2 | 0 | 0 | 0 | 0 | 0 | 0 | 0 | 0 | 0 | 128 ]
[ -127 | -2 | 0 | 0 | 0 | 0 | 0 | 0 | 0 | 0 | 0 | 0 | 0 | 1< | 0 | 1 | -2 | >-3 | 0 | 0 | 0 | 0 | 0 | 0 | 0 | 0 | 0 | 128 ]
[ -127 | -2 | 0 | 0 | 0 | 0 | 0 | 0 | 0 | 0 | 0 | 0 | 0 | 1< | 0 | 1 | -2 | -3 | >0 | 0 | 0 | 0 | 0 | 0 | 0 | 0 | 0 | 128 ]
[ -127 | -2 | 0 | 0 | 0 | 0 | 0 | 0 | 0 | 0 | 0 | 0 | 0 | 1< | 0 | 1 | -2 | -3 | >1 | 0 | 0 | 0 | 0 | 0 | 0 | 0 | 0 | 128 ]
[ -127 | -2 | 0 | 0 | 0 | 0 | 0 | 0 | 0 | 0 | 0 | 0 | 0 | 1< | 0 | 1 | -2 | -3 | >1 | 0 | 0 | 0 | 0 | 0 | 0 | 0 | 0 | 128 ]
[ -127 | -2 | 0 | 0 | 0 | 0 | 0 | 0 | 0 | 0 | 0 | 0 | 0 | 1< | 0 | 1 | -2 | -3 | >0 | 0 | 0 | 0 | 0 | 0 | 0 | 0 | 0 | 128 ]
[ -127 | -2 | 0 | 0 | 0 | 0 | 0 | 0 | 0 | 0 | 0 | 0 | 0 | 1< | 0 | 1 | -2 | -3 | 0 | >0 | 0 | 0 | 0 | 0 | 0 | 0 | 0 | 128 ]
[ -127 | -2 | 0 | 0 | 0 | 0 | 0 | 0 | 0 | 0 | 0 | 0 | 0 | 1< | 0 | 1 | -2 | -3 | 0 | >1 | 0 | 0 | 0 | 0 | 0 | 0 | 0 | 128 ]
[ -127 | -2 | 0 | 0 | 0 | 0 | 0 | 0 | 0 | 0 | 0 | 0 | 0 | 1< | 0 | 1 | -2 | -3 | 0 | >1 | 0 | 0 | 0 | 0 | 0 | 0 | 0 | 128 ]
[ -127 | -2 | 0 | 0 | 0 | 0 | 0 | 0 | 0 | 0 | 0 | 0 | 0 | 1< | 0 | 1 | -2 | -3 | 0 | >0 | 0 | 0 | 0 | 0 | 0 | 0 | 0 | 128 ]
[ -127 | -2 | 0 | 0 | 0 | 0 | 0 | 0 | 0 | 0 | 0 | 0 | 0 | 1< | 0 | 1 | -2 | -3 | 0 | 0 | >0 | 0 | 0 | 0 | 0 | 0 | 0 | 128 ]
[ -127 | -2 | 0 | 0 | 0 | 0 | 0 | 0 | 0 | 0 | 0 | 0 | 0 | 1< | 0 | 1 | -2 | -3 | 0 | 0 | >1 | 0 | 0 | 0 | 0 | 0 | 0 | 128 ]
[ -127 | -2 | 0 | 0 | 0 | 0 | 0 | 0 | 0 | 0 | 0 | 0 | 0 | 1< | 0 | 1 | -2 | -3 | 0 | 0 | >1 | 0 | 0 | 0 | 0 | 0 | 0 | 128 ]
[ -127 | -2 | 0 | 0 | 0 | 0 | 0 | 0 | 0 | 0 | 0 | 0 | 0 | 1< | 0 | 1 | -2 | -3 | 0 | 0 | >0 | 0 | 0 | 0 | 0 | 0 | 0 | 128 ]
[ -127 | -2 | 0 | 0 | 0 | 0 | 0 | 0 | 0 | 0 | 0 | 0 | 0 | 1< | 0 | 1 | -2 | -3 | 0 | 0 | 0 | >0 | 0 | 0 | 0 | 0 | 0 | 128 ]
[ -127 | -2 | 0 | 0 | 0 | 0 | 0 | 0 | 0 | 0 | 0 | 0 | 0 | 1< | 0 | 1 | -2 | -3 | 0 | 0 | 0 | >1 | 0 | 0 | 0 | 0 | 0 | 128 ]
[ -127 | -2 | 0 | 0 | 0 | 0 | 0 | 0 | 0 | 0 | 0 | 0 | 0 | 1< | 0 | 1 | -2 | -3 | 0 | 0 | 0 | >1 | 0 | 0 | 0 | 0 | 0 | 128 ]
[ -127 | -2 | 0 | 0 | 0 | 0 | 0 | 0 | 0 | 0 | 0 | 0 | 0 | 1< | 0 | 1 | -2 | -3 | 0 | 0 | 0 | >0 | 0 | 0 | 0 | 0 | 0 | 128 ]
[ -127 | -2 | 0 | 0 | 0 | 0 | 0 | 0 | 0 | 0 | 0 | 0 | 0 | 1< | 0 | 1 | -2 | -3 | 0 | 0 | 0 | 0 | >0 | 0 | 0 | 0 | 0 | 128 ]
[ -127 | -2 | 0 | 0 | 0 | 0 | 0 | 0 | 0 | 0 | 0 | 0 | 0 | 1< | 0 | 1 | -2 | -3 | 0 | 0 | 0 | 0 | >1 | 0 | 0 | 0 | 0 | 128 ]
[ -127 | -2 | 0 | 0 | 0 | 0 | 0 | 0 | 0 | 0 | 0 | 0 | 0 | 1< | 0 | 1 | -2 | -3 | 0 | 0 | 0 | 0 | >1 | 0 | 0 | 0 | 0 | 128 ]
[ -127 | -2 | 0 | 0 | 0 | 0 | 0 | 0 | 0 | 0 | 0 | 0 | 0 | 1< | 0 | 1 | -2 | -3 | 0 | 0 | 0 | 0 | >0 | 0 | 0 | 0 | 0 | 128 ]
[ -127 | -2 | 0 | 0 | 0 | 0 | 0 | 0 | 0 | 0 | 0 | 0 | 0 | 1< | 0 | 1 | -2 | -3 | 0 | 0 | 0 | 0 | 0 | >0 | 0 | 0 | 0 | 128 ]
[ -127 | -2 | 0 | 0 | 0 | 0 | 0 | 0 | 0 | 0 | 0 | 0 | 0 | 1< | 0 | 1 | -2 | -3 | 0 | 0 | 0 | 0 | 0 | >1 | 0 | 0 | 0 | 128 ]
[ -127 | -2 | 0 | 0 | 0 | 0 | 0 | 0 | 0 | 0 | 0 | 0 | 0 | 1< | 0 | 1 | -2 | -3 | 0 | 0 | 0 | 0 | 0 | >1 | 0 | 0 | 0 | 128 ]
[ -127 | -2 | 0 | 0 | 0 | 0 | 0 | 0 | 0 | 0 | 0 | 0 | 0 | 1< | 0 | 1 | -2 | -3 | 0 | 0 | 0 | 0 | 0 | >0 | 0 | 0 | 0 | 128 ]
[ -127 | -2 | 0 | 0 | 0 | 0 | 0 | 0 | 0 | 0 | 0 | 0 | 0 | 1< | 0 | 1 | -2 | -3 | 0 | 0 | 0 | 0 | 0 | 0 | >0 | 0 | 0 | 128 ]
[ -127 | -2 | 0 | 0 | 0 | 0 | 0 | 0 | 0 | 0 | 0 | 0 | 0 | 1< | 0 | 1 | -2 | -3 | 0 | 0 | 0 | 0 | 0 | 0 | >1 | 0 | 0 | 128 ]
[ -127 | -2 | 0 | 0 | 0 | 0 | 0 | 0 | 0 | 0 | 0 | 0 | 0 | 1< | 0 | 1 | -2 | -3 | 0 | 0 | 0 | 0 | 0 | 0 | >1 | 0 | 0 | 128 ]
[ -127 | -2 | 0 | 0 | 0 | 0 | 0 | 0 | 0 | 0 | 0 | 0 | 0 | 1< | 0 | 1 | -2 | -3 | 0 | 0 | 0 | 0 | 0 | 0 | >0 | 0 | 0 | 128 ]
[ -127 | -2 | 0 | 0 | 0 | 0 | 0 | 0 | 0 | 0 | 0 | 0 | 0 | 1< | 0 | 1 | -2 | -3 | 0 | 0 | 0 | 0 | 0 | 0 | 0 | >0 | 0 | 128 ]
[ -127 | -2 | 0 | 0 | 0 | 0 | 0 | 0 | 0 | 0 | 0 | 0 | 0 | 1< | 0 | 1 | -2 | -3 | 0 | 0 | 0 | 0 | 0 | 0 | 0 | >1 | 0 | 128 ]
[ -127 | -2 | 0 | 0 | 0 | 0 | 0 | 0 | 0 | 0 | 0 | 0 | 0 | 1< | 0 | 1 | -2 | -3 | 0 | 0 | 0 | 0 | 0 | 0 | 0 | >1 | 0 | 128 ]
[ -127 | -2 | 0 | 0 | 0 | 0 | 0 | 0 | 0 | 0 | 0 | 0 | 0 | 1< | 0 | 1 | -2 | -3 | 0 | 0 | 0 | 0 | 0 | 0 | 0 | >0 | 0 | 128 ]
[ -127 | -2 | 0 | 0 | 0 | 0 | 0 | 0 | 0 | 0 | 0 | 0 | 0 | 1< | 0 | 1 | -2 | -3 | 0 | 0 | 0 | 0 | 0 | 0 | 0 | 0 | >0 | 128 ]
[ -127 | -2 | 0 | 0 | 0 | 0 | 0 | 0 | 0 | 0 | 0 | 0 | 0 | 1< | 0 | 1 | -2 | -3 | 0 | 0 | 0 | 0 | 0 | 0 | 0 | 0 | >1 | 128 ]
[ -127 | -2 | 0 | 0 | 0 | 0 | 0 | 0 | 0 | 0 | 0 | 0 | 0 | 1< | 0 | 1 | -2 | -3 | 0 | 0 | 0 | 0 | 0 | 0 | 0 | 0 | >1 | 128 ]
[ -127 | -2 | 0 | 0 | 0 | 0 | 0 | 0 | 0 | 0 | 0 | 0 | 0 | 1< | 0 | 1 | -2 | -3 | 0 | 0 | 0 | 0 | 0 | 0 | 0 | 0 | >0 | 128 ]
[ -127 | -2 | 0 | 0 | 0 | 0 | 0 | 0 | 0 | 0 | 0 | 0 | 0 | 1< | 0 | 1 | -2 | -3 | 0 | 0 | 0 | 0 | 0 | 0 | 0 | 0 | 0 | >128 ]
[ -127 | -2 | 0 | 0 | 0 | 0 | 0 | 0 | 0 | 0 | 0 | 0 | 0 | 1< | 0 | 1 | -2 | -3 | 0 | 0 | 0 | 0 | 0 | 0 | 0 | 0 | 0 | >-127 ]
[ -127 | -2 | 0 | 0 | 0 | 0 | 0 | 0 | 0 | 0 | 0 | 0 | 0 | 1< | 0 | 1 | -2 | -3 | 0 | 0 | 0 | 0 | 0 | 0 | 0 | 0 | 0 | >-127 ]
[ -127 | -2 | 0 | 0 | 0 | 0 | 0 | 0 | 0 | 0 | 0 | 0 | 0 | 1< | 0 | 1 | -2 | -3 | 0 | 0 | 0 | 0 | 0 | 0 | 0 | 0 | 0 | >128 ]
[ >-127 | -2 | 0 | 0 | 0 | 0 | 0 | 0 | 0 | 0 | 0 | 0 | 0 | 1< | 0 | 1 | -2 | -3 | 0 | 0 | 0 | 0 | 0 | 0 | 0 | 0 | 0 | 128 ]

===== DontUnderstand won the battle after 120 cycles =====



===== Starting battle of <MetaJSRandomBot> vs <DontUnderstand> with memory tape size: 28 =====

[ >128 | 0 | 0 | 0 | 0 | 0 | 0 | 0 | 0 | 0 | 0 | 0 | 0 | 0 | 0 | 0 | 0 | 0 | 0 | 0 | 0 | 0 | 0 | 0 | 0 | 0 | 0 | 128< ]
[ >-127 | 0 | 0 | 0 | 0 | 0 | 0 | 0 | 0 | 0 | 0 | 0 | 0 | 0 | 0 | 0 | 0 | 0 | 0 | 0 | 0 | 0 | 0 | 0 | 0 | 0 | 0< | 128 ]
[ >-127 | 0 | 0 | 0 | 0 | 0 | 0 | 0 | 0 | 0 | 0 | 0 | 0 | 0 | 0 | 0 | 0 | 0 | 0 | 0 | 0 | 0 | 0 | 0 | 0 | 0< | 0 | 128 ]
[ >-127 | 0 | 0 | 0 | 0 | 0 | 0 | 0 | 0 | 0 | 0 | 0 | 0 | 0 | 0 | 0 | 0 | 0 | 0 | 0 | 0 | 0 | 0 | 0 | 0< | 0 | 0 | 128 ]
[ -127 | >0 | 0 | 0 | 0 | 0 | 0 | 0 | 0 | 0 | 0 | 0 | 0 | 0 | 0 | 0 | 0 | 0 | 0 | 0 | 0 | 0 | 0 | 0< | 0 | 0 | 0 | 128 ]
[ -127 | >-1 | 0 | 0 | 0 | 0 | 0 | 0 | 0 | 0 | 0 | 0 | 0 | 0 | 0 | 0 | 0 | 0 | 0 | 0 | 0 | 0 | 0< | 0 | 0 | 0 | 0 | 128 ]
[ -127 | >-1 | 0 | 0 | 0 | 0 | 0 | 0 | 0 | 0 | 0 | 0 | 0 | 0 | 0 | 0 | 0 | 0 | 0 | 0 | 0 | 0< | 0 | 0 | 0 | 0 | 0 | 128 ]
[ -127 | >-2 | 0 | 0 | 0 | 0 | 0 | 0 | 0 | 0 | 0 | 0 | 0 | 0 | 0 | 0 | 0 | 0 | 0 | 0 | 0< | 0 | 0 | 0 | 0 | 0 | 0 | 128 ]
[ -127 | -2 | >0 | 0 | 0 | 0 | 0 | 0 | 0 | 0 | 0 | 0 | 0 | 0 | 0 | 0 | 0 | 0 | 0 | 0< | 0 | 0 | 0 | 0 | 0 | 0 | 0 | 128 ]
[ -127 | -2 | >1 | 0 | 0 | 0 | 0 | 0 | 0 | 0 | 0 | 0 | 0 | 0 | 0 | 0 | 0 | 0 | 0< | 0 | 0 | 0 | 0 | 0 | 0 | 0 | 0 | 128 ]
[ -127 | -2 | >1 | 0 | 0 | 0 | 0 | 0 | 0 | 0 | 0 | 0 | 0 | 0 | 0 | 0 | 0 | 0< | 0 | 0 | 0 | 0 | 0 | 0 | 0 | 0 | 0 | 128 ]
[ -127 | -2 | >0 | 0 | 0 | 0 | 0 | 0 | 0 | 0 | 0 | 0 | 0 | 0 | 0 | 0 | 0 | -1< | 0 | 0 | 0 | 0 | 0 | 0 | 0 | 0 | 0 | 128 ]
[ -127 | -2 | 0 | >0 | 0 | 0 | 0 | 0 | 0 | 0 | 0 | 0 | 0 | 0 | 0 | 0 | 0 | -2< | 0 | 0 | 0 | 0 | 0 | 0 | 0 | 0 | 0 | 128 ]
[ -127 | -2 | 0 | >1 | 0 | 0 | 0 | 0 | 0 | 0 | 0 | 0 | 0 | 0 | 0 | 0 | 0< | -2 | 0 | 0 | 0 | 0 | 0 | 0 | 0 | 0 | 0 | 128 ]
[ -127 | -2 | 0 | >1 | 0 | 0 | 0 | 0 | 0 | 0 | 0 | 0 | 0 | 0 | 0 | 0< | 0 | -2 | 0 | 0 | 0 | 0 | 0 | 0 | 0 | 0 | 0 | 128 ]
[ -127 | -2 | 0 | >0 | 0 | 0 | 0 | 0 | 0 | 0 | 0 | 0 | 0 | 0 | 0 | 1< | 0 | -2 | 0 | 0 | 0 | 0 | 0 | 0 | 0 | 0 | 0 | 128 ]
[ -127 | -2 | 0 | 0 | >0 | 0 | 0 | 0 | 0 | 0 | 0 | 0 | 0 | 0 | 0< | 1 | 0 | -2 | 0 | 0 | 0 | 0 | 0 | 0 | 0 | 0 | 0 | 128 ]
[ -127 | -2 | 0 | 0 | >1 | 0 | 0 | 0 | 0 | 0 | 0 | 0 | 0 | 0 | -1< | 1 | 0 | -2 | 0 | 0 | 0 | 0 | 0 | 0 | 0 | 0 | 0 | 128 ]
[ -127 | -2 | 0 | 0 | >1 | 0 | 0 | 0 | 0 | 0 | 0 | 0 | 0 | 0< | -1 | 1 | 0 | -2 | 0 | 0 | 0 | 0 | 0 | 0 | 0 | 0 | 0 | 128 ]
[ -127 | -2 | 0 | 0 | >0 | 0 | 0 | 0 | 0 | 0 | 0 | 0 | 0 | 1< | -1 | 1 | 0 | -2 | 0 | 0 | 0 | 0 | 0 | 0 | 0 | 0 | 0 | 128 ]
[ -127 | -2 | 0 | 0 | 0 | >0 | 0 | 0 | 0 | 0 | 0 | 0 | 0 | 1< | -1 | 1 | 0 | -2 | 0 | 0 | 0 | 0 | 0 | 0 | 0 | 0 | 0 | 128 ]
[ -127 | -2 | 0 | 0 | 0 | >1 | 0 | 0 | 0 | 0 | 0 | 0 | 0 | 1< | -1 | 1 | 0 | -2 | 0 | 0 | 0 | 0 | 0 | 0 | 0 | 0 | 0 | 128 ]
[ -127 | -2 | 0 | 0 | 0 | >1 | 0 | 0 | 0 | 0 | 0 | 0 | 0 | 1< | -1 | 1 | 0 | -2 | 0 | 0 | 0 | 0 | 0 | 0 | 0 | 0 | 0 | 128 ]
[ -127 | -2 | 0 | 0 | 0 | >0 | 0 | 0 | 0 | 0 | 0 | 0 | 0 | 1< | -1 | 1 | 0 | -2 | 0 | 0 | 0 | 0 | 0 | 0 | 0 | 0 | 0 | 128 ]
[ -127 | -2 | 0 | 0 | 0 | 0 | >0 | 0 | 0 | 0 | 0 | 0 | 0 | 1< | -1 | 1 | 0 | -2 | 0 | 0 | 0 | 0 | 0 | 0 | 0 | 0 | 0 | 128 ]
[ -127 | -2 | 0 | 0 | 0 | 0 | >1 | 0 | 0 | 0 | 0 | 0 | 0 | 1< | -1 | 1 | 0 | -2 | 0 | 0 | 0 | 0 | 0 | 0 | 0 | 0 | 0 | 128 ]
[ -127 | -2 | 0 | 0 | 0 | 0 | >1 | 0 | 0 | 0 | 0 | 0 | 0 | 1< | -1 | 1 | 0 | -2 | 0 | 0 | 0 | 0 | 0 | 0 | 0 | 0 | 0 | 128 ]
[ -127 | -2 | 0 | 0 | 0 | 0 | >0 | 0 | 0 | 0 | 0 | 0 | 0 | 1< | -1 | 1 | 0 | -2 | 0 | 0 | 0 | 0 | 0 | 0 | 0 | 0 | 0 | 128 ]
[ -127 | -2 | 0 | 0 | 0 | 0 | 0 | >0 | 0 | 0 | 0 | 0 | 0 | 1< | -1 | 1 | 0 | -2 | 0 | 0 | 0 | 0 | 0 | 0 | 0 | 0 | 0 | 128 ]
[ -127 | -2 | 0 | 0 | 0 | 0 | 0 | >1 | 0 | 0 | 0 | 0 | 0 | 1< | -1 | 1 | 0 | -2 | 0 | 0 | 0 | 0 | 0 | 0 | 0 | 0 | 0 | 128 ]
[ -127 | -2 | 0 | 0 | 0 | 0 | 0 | >1 | 0 | 0 | 0 | 0 | 0 | 1< | -1 | 1 | 0 | -2 | 0 | 0 | 0 | 0 | 0 | 0 | 0 | 0 | 0 | 128 ]
[ -127 | -2 | 0 | 0 | 0 | 0 | 0 | >0 | 0 | 0 | 0 | 0 | 0 | 1< | -1 | 1 | 0 | -2 | 0 | 0 | 0 | 0 | 0 | 0 | 0 | 0 | 0 | 128 ]
[ -127 | -2 | 0 | 0 | 0 | 0 | 0 | 0 | >0 | 0 | 0 | 0 | 0 | 1< | -1 | 1 | 0 | -2 | 0 | 0 | 0 | 0 | 0 | 0 | 0 | 0 | 0 | 128 ]
[ -127 | -2 | 0 | 0 | 0 | 0 | 0 | 0 | >1 | 0 | 0 | 0 | 0 | 1< | -1 | 1 | 0 | -2 | 0 | 0 | 0 | 0 | 0 | 0 | 0 | 0 | 0 | 128 ]
[ -127 | -2 | 0 | 0 | 0 | 0 | 0 | 0 | >1 | 0 | 0 | 0 | 0 | 1< | -1 | 1 | 0 | -2 | 0 | 0 | 0 | 0 | 0 | 0 | 0 | 0 | 0 | 128 ]
[ -127 | -2 | 0 | 0 | 0 | 0 | 0 | 0 | >0 | 0 | 0 | 0 | 0 | 1< | -1 | 1 | 0 | -2 | 0 | 0 | 0 | 0 | 0 | 0 | 0 | 0 | 0 | 128 ]
[ -127 | -2 | 0 | 0 | 0 | 0 | 0 | 0 | 0 | >0 | 0 | 0 | 0 | 1< | -1 | 1 | 0 | -2 | 0 | 0 | 0 | 0 | 0 | 0 | 0 | 0 | 0 | 128 ]
[ -127 | -2 | 0 | 0 | 0 | 0 | 0 | 0 | 0 | >1 | 0 | 0 | 0 | 1< | -1 | 1 | 0 | -2 | 0 | 0 | 0 | 0 | 0 | 0 | 0 | 0 | 0 | 128 ]
[ -127 | -2 | 0 | 0 | 0 | 0 | 0 | 0 | 0 | >1 | 0 | 0 | 0 | 1< | -1 | 1 | 0 | -2 | 0 | 0 | 0 | 0 | 0 | 0 | 0 | 0 | 0 | 128 ]
[ -127 | -2 | 0 | 0 | 0 | 0 | 0 | 0 | 0 | >0 | 0 | 0 | 0 | 1< | -1 | 1 | 0 | -2 | 0 | 0 | 0 | 0 | 0 | 0 | 0 | 0 | 0 | 128 ]
[ -127 | -2 | 0 | 0 | 0 | 0 | 0 | 0 | 0 | 0 | >0 | 0 | 0 | 1< | -1 | 1 | 0 | -2 | 0 | 0 | 0 | 0 | 0 | 0 | 0 | 0 | 0 | 128 ]
[ -127 | -2 | 0 | 0 | 0 | 0 | 0 | 0 | 0 | 0 | >1 | 0 | 0 | 1< | -1 | 1 | 0 | -2 | 0 | 0 | 0 | 0 | 0 | 0 | 0 | 0 | 0 | 128 ]
[ -127 | -2 | 0 | 0 | 0 | 0 | 0 | 0 | 0 | 0 | >1 | 0 | 0 | 1< | -1 | 1 | 0 | -2 | 0 | 0 | 0 | 0 | 0 | 0 | 0 | 0 | 0 | 128 ]
[ -127 | -2 | 0 | 0 | 0 | 0 | 0 | 0 | 0 | 0 | >0 | 0 | 0 | 1< | -1 | 1 | 0 | -2 | 0 | 0 | 0 | 0 | 0 | 0 | 0 | 0 | 0 | 128 ]
[ -127 | -2 | 0 | 0 | 0 | 0 | 0 | 0 | 0 | 0 | 0 | >0 | 0 | 1< | -1 | 1 | 0 | -2 | 0 | 0 | 0 | 0 | 0 | 0 | 0 | 0 | 0 | 128 ]
[ -127 | -2 | 0 | 0 | 0 | 0 | 0 | 0 | 0 | 0 | 0 | >1 | 0 | 1< | -1 | 1 | 0 | -2 | 0 | 0 | 0 | 0 | 0 | 0 | 0 | 0 | 0 | 128 ]
[ -127 | -2 | 0 | 0 | 0 | 0 | 0 | 0 | 0 | 0 | 0 | >1 | 0 | 1< | -1 | 1 | 0 | -2 | 0 | 0 | 0 | 0 | 0 | 0 | 0 | 0 | 0 | 128 ]
[ -127 | -2 | 0 | 0 | 0 | 0 | 0 | 0 | 0 | 0 | 0 | >0 | 0 | 1< | -1 | 1 | 0 | -2 | 0 | 0 | 0 | 0 | 0 | 0 | 0 | 0 | 0 | 128 ]
[ -127 | -2 | 0 | 0 | 0 | 0 | 0 | 0 | 0 | 0 | 0 | 0 | >0 | 1< | -1 | 1 | 0 | -2 | 0 | 0 | 0 | 0 | 0 | 0 | 0 | 0 | 0 | 128 ]
[ -127 | -2 | 0 | 0 | 0 | 0 | 0 | 0 | 0 | 0 | 0 | 0 | >1 | 1< | -1 | 1 | 0 | -2 | 0 | 0 | 0 | 0 | 0 | 0 | 0 | 0 | 0 | 128 ]
[ -127 | -2 | 0 | 0 | 0 | 0 | 0 | 0 | 0 | 0 | 0 | 0 | >1 | 1< | -1 | 1 | 0 | -2 | 0 | 0 | 0 | 0 | 0 | 0 | 0 | 0 | 0 | 128 ]
[ -127 | -2 | 0 | 0 | 0 | 0 | 0 | 0 | 0 | 0 | 0 | 0 | >0 | 1< | -1 | 1 | 0 | -2 | 0 | 0 | 0 | 0 | 0 | 0 | 0 | 0 | 0 | 128 ]
[ -127 | -2 | 0 | 0 | 0 | 0 | 0 | 0 | 0 | 0 | 0 | 0 | 0 | >1< | -1 | 1 | 0 | -2 | 0 | 0 | 0 | 0 | 0 | 0 | 0 | 0 | 0 | 128 ]
[ -127 | -2 | 0 | 0 | 0 | 0 | 0 | 0 | 0 | 0 | 0 | 0 | 0 | >2< | -1 | 1 | 0 | -2 | 0 | 0 | 0 | 0 | 0 | 0 | 0 | 0 | 0 | 128 ]
[ -127 | -2 | 0 | 0 | 0 | 0 | 0 | 0 | 0 | 0 | 0 | 0 | 0 | >2< | -1 | 1 | 0 | -2 | 0 | 0 | 0 | 0 | 0 | 0 | 0 | 0 | 0 | 128 ]
[ -127 | -2 | 0 | 0 | 0 | 0 | 0 | 0 | 0 | 0 | 0 | 0 | 0 | >1< | -1 | 1 | 0 | -2 | 0 | 0 | 0 | 0 | 0 | 0 | 0 | 0 | 0 | 128 ]
[ -127 | -2 | 0 | 0 | 0 | 0 | 0 | 0 | 0 | 0 | 0 | 0 | 0 | 1< | >-1 | 1 | 0 | -2 | 0 | 0 | 0 | 0 | 0 | 0 | 0 | 0 | 0 | 128 ]
[ -127 | -2 | 0 | 0 | 0 | 0 | 0 | 0 | 0 | 0 | 0 | 0 | 0 | 1< | >0 | 1 | 0 | -2 | 0 | 0 | 0 | 0 | 0 | 0 | 0 | 0 | 0 | 128 ]
[ -127 | -2 | 0 | 0 | 0 | 0 | 0 | 0 | 0 | 0 | 0 | 0 | 0 | 1< | >0 | 1 | 0 | -2 | 0 | 0 | 0 | 0 | 0 | 0 | 0 | 0 | 0 | 128 ]
[ -127 | -2 | 0 | 0 | 0 | 0 | 0 | 0 | 0 | 0 | 0 | 0 | 0 | 1< | 0 | >1 | 0 | -2 | 0 | 0 | 0 | 0 | 0 | 0 | 0 | 0 | 0 | 128 ]
[ -127 | -2 | 0 | 0 | 0 | 0 | 0 | 0 | 0 | 0 | 0 | 0 | 0 | 1< | 0 | 1 | >0 | -2 | 0 | 0 | 0 | 0 | 0 | 0 | 0 | 0 | 0 | 128 ]
[ -127 | -2 | 0 | 0 | 0 | 0 | 0 | 0 | 0 | 0 | 0 | 0 | 0 | 1< | 0 | 1 | >0 | -2 | 0 | 0 | 0 | 0 | 0 | 0 | 0 | 0 | 0 | 128 ]
[ -127 | -2 | 0 | 0 | 0 | 0 | 0 | 0 | 0 | 0 | 0 | 0 | 0 | 1< | 0 | 1 | 0 | >-2 | 0 | 0 | 0 | 0 | 0 | 0 | 0 | 0 | 0 | 128 ]
[ -127 | -2 | 0 | 0 | 0 | 0 | 0 | 0 | 0 | 0 | 0 | 0 | 0 | 1< | 0 | 1 | 0 | >-3 | 0 | 0 | 0 | 0 | 0 | 0 | 0 | 0 | 0 | 128 ]
[ -127 | -2 | 0 | 0 | 0 | 0 | 0 | 0 | 0 | 0 | 0 | 0 | 0 | 1< | 0 | 1 | >0 | -3 | 0 | 0 | 0 | 0 | 0 | 0 | 0 | 0 | 0 | 128 ]
[ -127 | -2 | 0 | 0 | 0 | 0 | 0 | 0 | 0 | 0 | 0 | 0 | 0 | 1< | 0 | >1 | 0 | -3 | 0 | 0 | 0 | 0 | 0 | 0 | 0 | 0 | 0 | 128 ]
[ -127 | -2 | 0 | 0 | 0 | 0 | 0 | 0 | 0 | 0 | 0 | 0 | 0 | 1< | 0 | >1 | 0 | -3 | 0 | 0 | 0 | 0 | 0 | 0 | 0 | 0 | 0 | 128 ]
[ -127 | -2 | 0 | 0 | 0 | 0 | 0 | 0 | 0 | 0 | 0 | 0 | 0 | 1< | 0 | 1 | >0 | -3 | 0 | 0 | 0 | 0 | 0 | 0 | 0 | 0 | 0 | 128 ]
[ -127 | -2 | 0 | 0 | 0 | 0 | 0 | 0 | 0 | 0 | 0 | 0 | 0 | 1< | 0 | 1 | >0 | -3 | 0 | 0 | 0 | 0 | 0 | 0 | 0 | 0 | 0 | 128 ]
[ -127 | -2 | 0 | 0 | 0 | 0 | 0 | 0 | 0 | 0 | 0 | 0 | 0 | 1< | 0 | 1 | >0 | -3 | 0 | 0 | 0 | 0 | 0 | 0 | 0 | 0 | 0 | 128 ]
[ -127 | -2 | 0 | 0 | 0 | 0 | 0 | 0 | 0 | 0 | 0 | 0 | 0 | 1< | 0 | >1 | 0 | -3 | 0 | 0 | 0 | 0 | 0 | 0 | 0 | 0 | 0 | 128 ]
[ -127 | -2 | 0 | 0 | 0 | 0 | 0 | 0 | 0 | 0 | 0 | 0 | 0 | 1< | 0 | >1 | 0 | -3 | 0 | 0 | 0 | 0 | 0 | 0 | 0 | 0 | 0 | 128 ]
[ -127 | -2 | 0 | 0 | 0 | 0 | 0 | 0 | 0 | 0 | 0 | 0 | 0 | 1< | 0 | 1 | >0 | -3 | 0 | 0 | 0 | 0 | 0 | 0 | 0 | 0 | 0 | 128 ]
[ -127 | -2 | 0 | 0 | 0 | 0 | 0 | 0 | 0 | 0 | 0 | 0 | 0 | 1< | 0 | 1 | >-1 | -3 | 0 | 0 | 0 | 0 | 0 | 0 | 0 | 0 | 0 | 128 ]
[ -127 | -2 | 0 | 0 | 0 | 0 | 0 | 0 | 0 | 0 | 0 | 0 | 0 | 1< | 0 | 1 | >-1 | -3 | 0 | 0 | 0 | 0 | 0 | 0 | 0 | 0 | 0 | 128 ]
[ -127 | -2 | 0 | 0 | 0 | 0 | 0 | 0 | 0 | 0 | 0 | 0 | 0 | 1< | 0 | 1 | >-2 | -3 | 0 | 0 | 0 | 0 | 0 | 0 | 0 | 0 | 0 | 128 ]
[ -127 | -2 | 0 | 0 | 0 | 0 | 0 | 0 | 0 | 0 | 0 | 0 | 0 | 1< | 0 | 1 | -2 | >-3 | 0 | 0 | 0 | 0 | 0 | 0 | 0 | 0 | 0 | 128 ]
[ -127 | -2 | 0 | 0 | 0 | 0 | 0 | 0 | 0 | 0 | 0 | 0 | 0 | 1< | 0 | 1 | -2 | >-2 | 0 | 0 | 0 | 0 | 0 | 0 | 0 | 0 | 0 | 128 ]
[ -127 | -2 | 0 | 0 | 0 | 0 | 0 | 0 | 0 | 0 | 0 | 0 | 0 | 1< | 0 | 1 | -2 | >-2 | 0 | 0 | 0 | 0 | 0 | 0 | 0 | 0 | 0 | 128 ]
[ -127 | -2 | 0 | 0 | 0 | 0 | 0 | 0 | 0 | 0 | 0 | 0 | 0 | 1< | 0 | 1 | -2 | >-3 | 0 | 0 | 0 | 0 | 0 | 0 | 0 | 0 | 0 | 128 ]
[ -127 | -2 | 0 | 0 | 0 | 0 | 0 | 0 | 0 | 0 | 0 | 0 | 0 | 1< | 0 | 1 | -2 | -3 | >0 | 0 | 0 | 0 | 0 | 0 | 0 | 0 | 0 | 128 ]
[ -127 | -2 | 0 | 0 | 0 | 0 | 0 | 0 | 0 | 0 | 0 | 0 | 0 | 1< | 0 | 1 | -2 | -3 | >1 | 0 | 0 | 0 | 0 | 0 | 0 | 0 | 0 | 128 ]
[ -127 | -2 | 0 | 0 | 0 | 0 | 0 | 0 | 0 | 0 | 0 | 0 | 0 | 1< | 0 | 1 | -2 | -3 | >1 | 0 | 0 | 0 | 0 | 0 | 0 | 0 | 0 | 128 ]
[ -127 | -2 | 0 | 0 | 0 | 0 | 0 | 0 | 0 | 0 | 0 | 0 | 0 | 1< | 0 | 1 | -2 | -3 | >0 | 0 | 0 | 0 | 0 | 0 | 0 | 0 | 0 | 128 ]
[ -127 | -2 | 0 | 0 | 0 | 0 | 0 | 0 | 0 | 0 | 0 | 0 | 0 | 1< | 0 | 1 | -2 | -3 | 0 | >0 | 0 | 0 | 0 | 0 | 0 | 0 | 0 | 128 ]
[ -127 | -2 | 0 | 0 | 0 | 0 | 0 | 0 | 0 | 0 | 0 | 0 | 0 | 1< | 0 | 1 | -2 | -3 | 0 | >1 | 0 | 0 | 0 | 0 | 0 | 0 | 0 | 128 ]
[ -127 | -2 | 0 | 0 | 0 | 0 | 0 | 0 | 0 | 0 | 0 | 0 | 0 | 1< | 0 | 1 | -2 | -3 | 0 | >1 | 0 | 0 | 0 | 0 | 0 | 0 | 0 | 128 ]
[ -127 | -2 | 0 | 0 | 0 | 0 | 0 | 0 | 0 | 0 | 0 | 0 | 0 | 1< | 0 | 1 | -2 | -3 | 0 | >0 | 0 | 0 | 0 | 0 | 0 | 0 | 0 | 128 ]
[ -127 | -2 | 0 | 0 | 0 | 0 | 0 | 0 | 0 | 0 | 0 | 0 | 0 | 1< | 0 | 1 | -2 | -3 | 0 | 0 | >0 | 0 | 0 | 0 | 0 | 0 | 0 | 128 ]
[ -127 | -2 | 0 | 0 | 0 | 0 | 0 | 0 | 0 | 0 | 0 | 0 | 0 | 1< | 0 | 1 | -2 | -3 | 0 | 0 | >1 | 0 | 0 | 0 | 0 | 0 | 0 | 128 ]
[ -127 | -2 | 0 | 0 | 0 | 0 | 0 | 0 | 0 | 0 | 0 | 0 | 0 | 1< | 0 | 1 | -2 | -3 | 0 | 0 | >1 | 0 | 0 | 0 | 0 | 0 | 0 | 128 ]
[ -127 | -2 | 0 | 0 | 0 | 0 | 0 | 0 | 0 | 0 | 0 | 0 | 0 | 1< | 0 | 1 | -2 | -3 | 0 | 0 | >0 | 0 | 0 | 0 | 0 | 0 | 0 | 128 ]
[ -127 | -2 | 0 | 0 | 0 | 0 | 0 | 0 | 0 | 0 | 0 | 0 | 0 | 1< | 0 | 1 | -2 | -3 | 0 | 0 | 0 | >0 | 0 | 0 | 0 | 0 | 0 | 128 ]
[ -127 | -2 | 0 | 0 | 0 | 0 | 0 | 0 | 0 | 0 | 0 | 0 | 0 | 1< | 0 | 1 | -2 | -3 | 0 | 0 | 0 | >1 | 0 | 0 | 0 | 0 | 0 | 128 ]
[ -127 | -2 | 0 | 0 | 0 | 0 | 0 | 0 | 0 | 0 | 0 | 0 | 0 | 1< | 0 | 1 | -2 | -3 | 0 | 0 | 0 | >1 | 0 | 0 | 0 | 0 | 0 | 128 ]
[ -127 | -2 | 0 | 0 | 0 | 0 | 0 | 0 | 0 | 0 | 0 | 0 | 0 | 1< | 0 | 1 | -2 | -3 | 0 | 0 | 0 | >0 | 0 | 0 | 0 | 0 | 0 | 128 ]
[ -127 | -2 | 0 | 0 | 0 | 0 | 0 | 0 | 0 | 0 | 0 | 0 | 0 | 1< | 0 | 1 | -2 | -3 | 0 | 0 | 0 | 0 | >0 | 0 | 0 | 0 | 0 | 128 ]
[ -127 | -2 | 0 | 0 | 0 | 0 | 0 | 0 | 0 | 0 | 0 | 0 | 0 | 1< | 0 | 1 | -2 | -3 | 0 | 0 | 0 | 0 | >1 | 0 | 0 | 0 | 0 | 128 ]
[ -127 | -2 | 0 | 0 | 0 | 0 | 0 | 0 | 0 | 0 | 0 | 0 | 0 | 1< | 0 | 1 | -2 | -3 | 0 | 0 | 0 | 0 | >1 | 0 | 0 | 0 | 0 | 128 ]
[ -127 | -2 | 0 | 0 | 0 | 0 | 0 | 0 | 0 | 0 | 0 | 0 | 0 | 1< | 0 | 1 | -2 | -3 | 0 | 0 | 0 | 0 | >0 | 0 | 0 | 0 | 0 | 128 ]
[ -127 | -2 | 0 | 0 | 0 | 0 | 0 | 0 | 0 | 0 | 0 | 0 | 0 | 1< | 0 | 1 | -2 | -3 | 0 | 0 | 0 | 0 | 0 | >0 | 0 | 0 | 0 | 128 ]
[ -127 | -2 | 0 | 0 | 0 | 0 | 0 | 0 | 0 | 0 | 0 | 0 | 0 | 1< | 0 | 1 | -2 | -3 | 0 | 0 | 0 | 0 | 0 | >1 | 0 | 0 | 0 | 128 ]
[ -127 | -2 | 0 | 0 | 0 | 0 | 0 | 0 | 0 | 0 | 0 | 0 | 0 | 1< | 0 | 1 | -2 | -3 | 0 | 0 | 0 | 0 | 0 | >1 | 0 | 0 | 0 | 128 ]
[ -127 | -2 | 0 | 0 | 0 | 0 | 0 | 0 | 0 | 0 | 0 | 0 | 0 | 1< | 0 | 1 | -2 | -3 | 0 | 0 | 0 | 0 | 0 | >0 | 0 | 0 | 0 | 128 ]
[ -127 | -2 | 0 | 0 | 0 | 0 | 0 | 0 | 0 | 0 | 0 | 0 | 0 | 1< | 0 | 1 | -2 | -3 | 0 | 0 | 0 | 0 | 0 | 0 | >0 | 0 | 0 | 128 ]
[ -127 | -2 | 0 | 0 | 0 | 0 | 0 | 0 | 0 | 0 | 0 | 0 | 0 | 1< | 0 | 1 | -2 | -3 | 0 | 0 | 0 | 0 | 0 | 0 | >1 | 0 | 0 | 128 ]
[ -127 | -2 | 0 | 0 | 0 | 0 | 0 | 0 | 0 | 0 | 0 | 0 | 0 | 1< | 0 | 1 | -2 | -3 | 0 | 0 | 0 | 0 | 0 | 0 | >1 | 0 | 0 | 128 ]
[ -127 | -2 | 0 | 0 | 0 | 0 | 0 | 0 | 0 | 0 | 0 | 0 | 0 | 1< | 0 | 1 | -2 | -3 | 0 | 0 | 0 | 0 | 0 | 0 | >0 | 0 | 0 | 128 ]
[ -127 | -2 | 0 | 0 | 0 | 0 | 0 | 0 | 0 | 0 | 0 | 0 | 0 | 1< | 0 | 1 | -2 | -3 | 0 | 0 | 0 | 0 | 0 | 0 | 0 | >0 | 0 | 128 ]
[ -127 | -2 | 0 | 0 | 0 | 0 | 0 | 0 | 0 | 0 | 0 | 0 | 0 | 1< | 0 | 1 | -2 | -3 | 0 | 0 | 0 | 0 | 0 | 0 | 0 | >1 | 0 | 128 ]
[ -127 | -2 | 0 | 0 | 0 | 0 | 0 | 0 | 0 | 0 | 0 | 0 | 0 | 1< | 0 | 1 | -2 | -3 | 0 | 0 | 0 | 0 | 0 | 0 | 0 | >1 | 0 | 128 ]
[ -127 | -2 | 0 | 0 | 0 | 0 | 0 | 0 | 0 | 0 | 0 | 0 | 0 | 1< | 0 | 1 | -2 | -3 | 0 | 0 | 0 | 0 | 0 | 0 | 0 | >0 | 0 | 128 ]
[ -127 | -2 | 0 | 0 | 0 | 0 | 0 | 0 | 0 | 0 | 0 | 0 | 0 | 1< | 0 | 1 | -2 | -3 | 0 | 0 | 0 | 0 | 0 | 0 | 0 | 0 | >0 | 128 ]
[ -127 | -2 | 0 | 0 | 0 | 0 | 0 | 0 | 0 | 0 | 0 | 0 | 0 | 1< | 0 | 1 | -2 | -3 | 0 | 0 | 0 | 0 | 0 | 0 | 0 | 0 | >1 | 128 ]
[ -127 | -2 | 0 | 0 | 0 | 0 | 0 | 0 | 0 | 0 | 0 | 0 | 0 | 1< | 0 | 1 | -2 | -3 | 0 | 0 | 0 | 0 | 0 | 0 | 0 | 0 | >1 | 128 ]
[ -127 | -2 | 0 | 0 | 0 | 0 | 0 | 0 | 0 | 0 | 0 | 0 | 0 | 1< | 0 | 1 | -2 | -3 | 0 | 0 | 0 | 0 | 0 | 0 | 0 | 0 | >0 | 128 ]
[ -127 | -2 | 0 | 0 | 0 | 0 | 0 | 0 | 0 | 0 | 0 | 0 | 0 | 1< | 0 | 1 | -2 | -3 | 0 | 0 | 0 | 0 | 0 | 0 | 0 | 0 | 0 | >128 ]
[ -127 | -2 | 0 | 0 | 0 | 0 | 0 | 0 | 0 | 0 | 0 | 0 | 0 | 1< | 0 | 1 | -2 | -3 | 0 | 0 | 0 | 0 | 0 | 0 | 0 | 0 | 0 | >-127 ]
[ -127 | -2 | 0 | 0 | 0 | 0 | 0 | 0 | 0 | 0 | 0 | 0 | 0 | 1< | 0 | 1 | -2 | -3 | 0 | 0 | 0 | 0 | 0 | 0 | 0 | 0 | 0 | >-127 ]
[ -127 | -2 | 0 | 0 | 0 | 0 | 0 | 0 | 0 | 0 | 0 | 0 | 0 | 1< | 0 | 1 | -2 | -3 | 0 | 0 | 0 | 0 | 0 | 0 | 0 | 0 | 0 | >128 ]
[ >-127 | -2 | 0 | 0 | 0 | 0 | 0 | 0 | 0 | 0 | 0 | 0 | 0 | 1< | 0 | 1 | -2 | -3 | 0 | 0 | 0 | 0 | 0 | 0 | 0 | 0 | 0 | 128 ]

===== DontUnderstand won the battle after 120 cycles =====



===== Starting battle of <MetaJSRandomBot> vs <DontUnderstand> with memory tape size: 12 =====

[ >128 | 0 | 0 | 0 | 0 | 0 | 0 | 0 | 0 | 0 | 0 | 128< ]
[ >-127 | 0 | 0 | 0 | 0 | 0 | 0 | 0 | 0 | 0 | 0< | 128 ]
[ >-127 | 0 | 0 | 0 | 0 | 0 | 0 | 0 | 0 | 0< | 0 | 128 ]
[ >-127 | 0 | 0 | 0 | 0 | 0 | 0 | 0 | 0< | 0 | 0 | 128 ]
[ -127 | >0 | 0 | 0 | 0 | 0 | 0 | 0< | 0 | 0 | 0 | 128 ]
[ -127 | >-1 | 0 | 0 | 0 | 0 | 0< | 0 | 0 | 0 | 0 | 128 ]
[ -127 | >-1 | 0 | 0 | 0 | 0< | 0 | 0 | 0 | 0 | 0 | 128 ]
[ -127 | >-2 | 0 | 0 | 0< | 0 | 0 | 0 | 0 | 0 | 0 | 128 ]
[ -127 | -2 | >0 | 0< | 0 | 0 | 0 | 0 | 0 | 0 | 0 | 128 ]
[ -127 | -2 | >1< | 0 | 0 | 0 | 0 | 0 | 0 | 0 | 0 | 128 ]
[ -127 | -2< | >1 | 0 | 0 | 0 | 0 | 0 | 0 | 0 | 0 | 128 ]
[ -127 | -3< | >0 | 0 | 0 | 0 | 0 | 0 | 0 | 0 | 0 | 128 ]
[ -127 | -4< | 0 | >0 | 0 | 0 | 0 | 0 | 0 | 0 | 0 | 128 ]
[ -127< | -4 | 0 | >1 | 0 | 0 | 0 | 0 | 0 | 0 | 0 | 128 ]
[ -127 | -4 | 0 | >1 | 0 | 0 | 0 | 0 | 0 | 0 | 0 | 128< ]

===== MetaJSRandomBot won the battle after 14 cycles =====



===== Starting battle of <MetaJSRandomBot> vs <DontUnderstand> with memory tape size: 17 =====

[ >128 | 0 | 0 | 0 | 0 | 0 | 0 | 0 | 0 | 0 | 0 | 0 | 0 | 0 | 0 | 0 | 128< ]
[ >-127 | 0 | 0 | 0 | 0 | 0 | 0 | 0 | 0 | 0 | 0 | 0 | 0 | 0 | 0 | 0< | 128 ]
[ >-127 | 0 | 0 | 0 | 0 | 0 | 0 | 0 | 0 | 0 | 0 | 0 | 0 | 0 | 0< | 0 | 128 ]
[ >-127 | 0 | 0 | 0 | 0 | 0 | 0 | 0 | 0 | 0 | 0 | 0 | 0 | 0< | 0 | 0 | 128 ]
[ -127 | >0 | 0 | 0 | 0 | 0 | 0 | 0 | 0 | 0 | 0 | 0 | 0< | 0 | 0 | 0 | 128 ]
[ -127 | >-1 | 0 | 0 | 0 | 0 | 0 | 0 | 0 | 0 | 0 | 0< | 0 | 0 | 0 | 0 | 128 ]
[ -127 | >-1 | 0 | 0 | 0 | 0 | 0 | 0 | 0 | 0 | 0< | 0 | 0 | 0 | 0 | 0 | 128 ]
[ -127 | >-2 | 0 | 0 | 0 | 0 | 0 | 0 | 0 | 0< | 0 | 0 | 0 | 0 | 0 | 0 | 128 ]
[ -127 | -2 | >0 | 0 | 0 | 0 | 0 | 0 | 0< | 0 | 0 | 0 | 0 | 0 | 0 | 0 | 128 ]
[ -127 | -2 | >1 | 0 | 0 | 0 | 0 | 0< | 0 | 0 | 0 | 0 | 0 | 0 | 0 | 0 | 128 ]
[ -127 | -2 | >1 | 0 | 0 | 0 | 0< | 0 | 0 | 0 | 0 | 0 | 0 | 0 | 0 | 0 | 128 ]
[ -127 | -2 | >0 | 0 | 0 | 0 | -1< | 0 | 0 | 0 | 0 | 0 | 0 | 0 | 0 | 0 | 128 ]
[ -127 | -2 | 0 | >0 | 0 | 0 | -2< | 0 | 0 | 0 | 0 | 0 | 0 | 0 | 0 | 0 | 128 ]
[ -127 | -2 | 0 | >1 | 0 | 0< | -2 | 0 | 0 | 0 | 0 | 0 | 0 | 0 | 0 | 0 | 128 ]
[ -127 | -2 | 0 | >1 | 0< | 0 | -2 | 0 | 0 | 0 | 0 | 0 | 0 | 0 | 0 | 0 | 128 ]
[ -127 | -2 | 0 | >0 | 1< | 0 | -2 | 0 | 0 | 0 | 0 | 0 | 0 | 0 | 0 | 0 | 128 ]
[ -127 | -2 | 0 | 0< | >1 | 0 | -2 | 0 | 0 | 0 | 0 | 0 | 0 | 0 | 0 | 0 | 128 ]
[ -127 | -2 | 0 | -1< | >2 | 0 | -2 | 0 | 0 | 0 | 0 | 0 | 0 | 0 | 0 | 0 | 128 ]
[ -127 | -2 | 0< | -1 | >2 | 0 | -2 | 0 | 0 | 0 | 0 | 0 | 0 | 0 | 0 | 0 | 128 ]
[ -127 | -2 | 1< | -1 | >1 | 0 | -2 | 0 | 0 | 0 | 0 | 0 | 0 | 0 | 0 | 0 | 128 ]
[ -127 | -2 | 1< | -1 | 1 | >0 | -2 | 0 | 0 | 0 | 0 | 0 | 0 | 0 | 0 | 0 | 128 ]
[ -127 | -2 | 1< | -1 | 1 | >1 | -2 | 0 | 0 | 0 | 0 | 0 | 0 | 0 | 0 | 0 | 128 ]
[ -127 | -2 | 1< | -1 | 1 | >1 | -2 | 0 | 0 | 0 | 0 | 0 | 0 | 0 | 0 | 0 | 128 ]
[ -127 | -2 | 1< | -1 | 1 | >0 | -2 | 0 | 0 | 0 | 0 | 0 | 0 | 0 | 0 | 0 | 128 ]
[ -127 | -2 | 1< | -1 | 1 | 0 | >-2 | 0 | 0 | 0 | 0 | 0 | 0 | 0 | 0 | 0 | 128 ]
[ -127 | -2 | 1< | -1 | 1 | 0 | >-1 | 0 | 0 | 0 | 0 | 0 | 0 | 0 | 0 | 0 | 128 ]
[ -127 | -2 | 1< | -1 | 1 | 0 | >-1 | 0 | 0 | 0 | 0 | 0 | 0 | 0 | 0 | 0 | 128 ]
[ -127 | -2 | 1< | -1 | 1 | 0 | >-2 | 0 | 0 | 0 | 0 | 0 | 0 | 0 | 0 | 0 | 128 ]
[ -127 | -2 | 1< | -1 | 1 | 0 | -2 | >0 | 0 | 0 | 0 | 0 | 0 | 0 | 0 | 0 | 128 ]
[ -127 | -2 | 1< | -1 | 1 | 0 | -2 | >1 | 0 | 0 | 0 | 0 | 0 | 0 | 0 | 0 | 128 ]
[ -127 | -2 | 1< | -1 | 1 | 0 | -2 | >1 | 0 | 0 | 0 | 0 | 0 | 0 | 0 | 0 | 128 ]
[ -127 | -2 | 1< | -1 | 1 | 0 | -2 | >0 | 0 | 0 | 0 | 0 | 0 | 0 | 0 | 0 | 128 ]
[ -127 | -2 | 1< | -1 | 1 | 0 | -2 | 0 | >0 | 0 | 0 | 0 | 0 | 0 | 0 | 0 | 128 ]
[ -127 | -2 | 1< | -1 | 1 | 0 | -2 | 0 | >1 | 0 | 0 | 0 | 0 | 0 | 0 | 0 | 128 ]
[ -127 | -2 | 1< | -1 | 1 | 0 | -2 | 0 | >1 | 0 | 0 | 0 | 0 | 0 | 0 | 0 | 128 ]
[ -127 | -2 | 1< | -1 | 1 | 0 | -2 | 0 | >0 | 0 | 0 | 0 | 0 | 0 | 0 | 0 | 128 ]
[ -127 | -2 | 1< | -1 | 1 | 0 | -2 | 0 | 0 | >0 | 0 | 0 | 0 | 0 | 0 | 0 | 128 ]
[ -127 | -2 | 1< | -1 | 1 | 0 | -2 | 0 | 0 | >1 | 0 | 0 | 0 | 0 | 0 | 0 | 128 ]
[ -127 | -2 | 1< | -1 | 1 | 0 | -2 | 0 | 0 | >1 | 0 | 0 | 0 | 0 | 0 | 0 | 128 ]
[ -127 | -2 | 1< | -1 | 1 | 0 | -2 | 0 | 0 | >0 | 0 | 0 | 0 | 0 | 0 | 0 | 128 ]
[ -127 | -2 | 1< | -1 | 1 | 0 | -2 | 0 | 0 | 0 | >0 | 0 | 0 | 0 | 0 | 0 | 128 ]
[ -127 | -2 | 1< | -1 | 1 | 0 | -2 | 0 | 0 | 0 | >1 | 0 | 0 | 0 | 0 | 0 | 128 ]
[ -127 | -2 | 1< | -1 | 1 | 0 | -2 | 0 | 0 | 0 | >1 | 0 | 0 | 0 | 0 | 0 | 128 ]
[ -127 | -2 | 1< | -1 | 1 | 0 | -2 | 0 | 0 | 0 | >0 | 0 | 0 | 0 | 0 | 0 | 128 ]
[ -127 | -2 | 1< | -1 | 1 | 0 | -2 | 0 | 0 | 0 | 0 | >0 | 0 | 0 | 0 | 0 | 128 ]
[ -127 | -2 | 1< | -1 | 1 | 0 | -2 | 0 | 0 | 0 | 0 | >1 | 0 | 0 | 0 | 0 | 128 ]
[ -127 | -2 | 1< | -1 | 1 | 0 | -2 | 0 | 0 | 0 | 0 | >1 | 0 | 0 | 0 | 0 | 128 ]
[ -127 | -2 | 1< | -1 | 1 | 0 | -2 | 0 | 0 | 0 | 0 | >0 | 0 | 0 | 0 | 0 | 128 ]
[ -127 | -2 | 1< | -1 | 1 | 0 | -2 | 0 | 0 | 0 | 0 | 0 | >0 | 0 | 0 | 0 | 128 ]
[ -127 | -2 | 1< | -1 | 1 | 0 | -2 | 0 | 0 | 0 | 0 | 0 | >1 | 0 | 0 | 0 | 128 ]
[ -127 | -2 | 1< | -1 | 1 | 0 | -2 | 0 | 0 | 0 | 0 | 0 | >1 | 0 | 0 | 0 | 128 ]
[ -127 | -2 | 1< | -1 | 1 | 0 | -2 | 0 | 0 | 0 | 0 | 0 | >0 | 0 | 0 | 0 | 128 ]
[ -127 | -2 | 1< | -1 | 1 | 0 | -2 | 0 | 0 | 0 | 0 | 0 | 0 | >0 | 0 | 0 | 128 ]
[ -127 | -2 | 1< | -1 | 1 | 0 | -2 | 0 | 0 | 0 | 0 | 0 | 0 | >1 | 0 | 0 | 128 ]
[ -127 | -2 | 1< | -1 | 1 | 0 | -2 | 0 | 0 | 0 | 0 | 0 | 0 | >1 | 0 | 0 | 128 ]
[ -127 | -2 | 1< | -1 | 1 | 0 | -2 | 0 | 0 | 0 | 0 | 0 | 0 | >0 | 0 | 0 | 128 ]
[ -127 | -2 | 1< | -1 | 1 | 0 | -2 | 0 | 0 | 0 | 0 | 0 | 0 | 0 | >0 | 0 | 128 ]
[ -127 | -2 | 1< | -1 | 1 | 0 | -2 | 0 | 0 | 0 | 0 | 0 | 0 | 0 | >1 | 0 | 128 ]
[ -127 | -2 | 1< | -1 | 1 | 0 | -2 | 0 | 0 | 0 | 0 | 0 | 0 | 0 | >1 | 0 | 128 ]
[ -127 | -2 | 1< | -1 | 1 | 0 | -2 | 0 | 0 | 0 | 0 | 0 | 0 | 0 | >0 | 0 | 128 ]
[ -127 | -2 | 1< | -1 | 1 | 0 | -2 | 0 | 0 | 0 | 0 | 0 | 0 | 0 | 0 | >0 | 128 ]
[ -127 | -2 | 1< | -1 | 1 | 0 | -2 | 0 | 0 | 0 | 0 | 0 | 0 | 0 | 0 | >1 | 128 ]
[ -127 | -2 | 1< | -1 | 1 | 0 | -2 | 0 | 0 | 0 | 0 | 0 | 0 | 0 | 0 | >1 | 128 ]
[ -127 | -2 | 1< | -1 | 1 | 0 | -2 | 0 | 0 | 0 | 0 | 0 | 0 | 0 | 0 | >0 | 128 ]
[ -127 | -2 | 1< | -1 | 1 | 0 | -2 | 0 | 0 | 0 | 0 | 0 | 0 | 0 | 0 | 0 | >128 ]
[ -127 | -2 | 1< | -1 | 1 | 0 | -2 | 0 | 0 | 0 | 0 | 0 | 0 | 0 | 0 | 0 | >-127 ]
[ -127 | -2 | 1< | -1 | 1 | 0 | -2 | 0 | 0 | 0 | 0 | 0 | 0 | 0 | 0 | 0 | >-127 ]
[ -127 | -2 | 1< | -1 | 1 | 0 | -2 | 0 | 0 | 0 | 0 | 0 | 0 | 0 | 0 | 0 | >128 ]
[ >-127 | -2 | 1< | -1 | 1 | 0 | -2 | 0 | 0 | 0 | 0 | 0 | 0 | 0 | 0 | 0 | 128 ]

===== DontUnderstand won the battle after 68 cycles =====



===== Starting battle of <MetaJSRandomBot> vs <DontUnderstand> with memory tape size: 10 =====

[ >128 | 0 | 0 | 0 | 0 | 0 | 0 | 0 | 0 | 128< ]
[ >-127 | 0 | 0 | 0 | 0 | 0 | 0 | 0 | 0< | 128 ]
[ >-127 | 0 | 0 | 0 | 0 | 0 | 0 | 0< | 0 | 128 ]
[ >-127 | 0 | 0 | 0 | 0 | 0 | 0< | 0 | 0 | 128 ]
[ -127 | >0 | 0 | 0 | 0 | 0< | 0 | 0 | 0 | 128 ]
[ -127 | >-1 | 0 | 0 | 0< | 0 | 0 | 0 | 0 | 128 ]
[ -127 | >-1 | 0 | 0< | 0 | 0 | 0 | 0 | 0 | 128 ]
[ -127 | >-2 | 0< | 0 | 0 | 0 | 0 | 0 | 0 | 128 ]
[ -127 | -2< | >0 | 0 | 0 | 0 | 0 | 0 | 0 | 128 ]
[ -127< | -2 | >1 | 0 | 0 | 0 | 0 | 0 | 0 | 128 ]
[ -127 | -2 | >1 | 0 | 0 | 0 | 0 | 0 | 0 | 128< ]

===== MetaJSRandomBot won the battle after 10 cycles =====



===== Starting battle of <MetaJSRandomBot> vs <DontUnderstand> with memory tape size: 20 =====

[ >128 | 0 | 0 | 0 | 0 | 0 | 0 | 0 | 0 | 0 | 0 | 0 | 0 | 0 | 0 | 0 | 0 | 0 | 0 | 128< ]
[ >-127 | 0 | 0 | 0 | 0 | 0 | 0 | 0 | 0 | 0 | 0 | 0 | 0 | 0 | 0 | 0 | 0 | 0 | 0< | 128 ]
[ >-127 | 0 | 0 | 0 | 0 | 0 | 0 | 0 | 0 | 0 | 0 | 0 | 0 | 0 | 0 | 0 | 0 | 0< | 0 | 128 ]
[ >-127 | 0 | 0 | 0 | 0 | 0 | 0 | 0 | 0 | 0 | 0 | 0 | 0 | 0 | 0 | 0 | 0< | 0 | 0 | 128 ]
[ -127 | >0 | 0 | 0 | 0 | 0 | 0 | 0 | 0 | 0 | 0 | 0 | 0 | 0 | 0 | 0< | 0 | 0 | 0 | 128 ]
[ -127 | >-1 | 0 | 0 | 0 | 0 | 0 | 0 | 0 | 0 | 0 | 0 | 0 | 0 | 0< | 0 | 0 | 0 | 0 | 128 ]
[ -127 | >-1 | 0 | 0 | 0 | 0 | 0 | 0 | 0 | 0 | 0 | 0 | 0 | 0< | 0 | 0 | 0 | 0 | 0 | 128 ]
[ -127 | >-2 | 0 | 0 | 0 | 0 | 0 | 0 | 0 | 0 | 0 | 0 | 0< | 0 | 0 | 0 | 0 | 0 | 0 | 128 ]
[ -127 | -2 | >0 | 0 | 0 | 0 | 0 | 0 | 0 | 0 | 0 | 0< | 0 | 0 | 0 | 0 | 0 | 0 | 0 | 128 ]
[ -127 | -2 | >1 | 0 | 0 | 0 | 0 | 0 | 0 | 0 | 0< | 0 | 0 | 0 | 0 | 0 | 0 | 0 | 0 | 128 ]
[ -127 | -2 | >1 | 0 | 0 | 0 | 0 | 0 | 0 | 0< | 0 | 0 | 0 | 0 | 0 | 0 | 0 | 0 | 0 | 128 ]
[ -127 | -2 | >0 | 0 | 0 | 0 | 0 | 0 | 0 | -1< | 0 | 0 | 0 | 0 | 0 | 0 | 0 | 0 | 0 | 128 ]
[ -127 | -2 | 0 | >0 | 0 | 0 | 0 | 0 | 0 | -2< | 0 | 0 | 0 | 0 | 0 | 0 | 0 | 0 | 0 | 128 ]
[ -127 | -2 | 0 | >1 | 0 | 0 | 0 | 0 | 0< | -2 | 0 | 0 | 0 | 0 | 0 | 0 | 0 | 0 | 0 | 128 ]
[ -127 | -2 | 0 | >1 | 0 | 0 | 0 | 0< | 0 | -2 | 0 | 0 | 0 | 0 | 0 | 0 | 0 | 0 | 0 | 128 ]
[ -127 | -2 | 0 | >0 | 0 | 0 | 0 | 1< | 0 | -2 | 0 | 0 | 0 | 0 | 0 | 0 | 0 | 0 | 0 | 128 ]
[ -127 | -2 | 0 | 0 | >0 | 0 | 0< | 1 | 0 | -2 | 0 | 0 | 0 | 0 | 0 | 0 | 0 | 0 | 0 | 128 ]
[ -127 | -2 | 0 | 0 | >1 | 0 | -1< | 1 | 0 | -2 | 0 | 0 | 0 | 0 | 0 | 0 | 0 | 0 | 0 | 128 ]
[ -127 | -2 | 0 | 0 | >1 | 0< | -1 | 1 | 0 | -2 | 0 | 0 | 0 | 0 | 0 | 0 | 0 | 0 | 0 | 128 ]
[ -127 | -2 | 0 | 0 | >0 | 1< | -1 | 1 | 0 | -2 | 0 | 0 | 0 | 0 | 0 | 0 | 0 | 0 | 0 | 128 ]
[ -127 | -2 | 0 | 0 | 0 | >1< | -1 | 1 | 0 | -2 | 0 | 0 | 0 | 0 | 0 | 0 | 0 | 0 | 0 | 128 ]
[ -127 | -2 | 0 | 0 | 0 | >2< | -1 | 1 | 0 | -2 | 0 | 0 | 0 | 0 | 0 | 0 | 0 | 0 | 0 | 128 ]
[ -127 | -2 | 0 | 0 | 0 | >2< | -1 | 1 | 0 | -2 | 0 | 0 | 0 | 0 | 0 | 0 | 0 | 0 | 0 | 128 ]
[ -127 | -2 | 0 | 0 | 0 | >1< | -1 | 1 | 0 | -2 | 0 | 0 | 0 | 0 | 0 | 0 | 0 | 0 | 0 | 128 ]
[ -127 | -2 | 0 | 0 | 0 | 1< | >-1 | 1 | 0 | -2 | 0 | 0 | 0 | 0 | 0 | 0 | 0 | 0 | 0 | 128 ]
[ -127 | -2 | 0 | 0 | 0 | 1< | >0 | 1 | 0 | -2 | 0 | 0 | 0 | 0 | 0 | 0 | 0 | 0 | 0 | 128 ]
[ -127 | -2 | 0 | 0 | 0 | 1< | >0 | 1 | 0 | -2 | 0 | 0 | 0 | 0 | 0 | 0 | 0 | 0 | 0 | 128 ]
[ -127 | -2 | 0 | 0 | 0 | 1< | 0 | >1 | 0 | -2 | 0 | 0 | 0 | 0 | 0 | 0 | 0 | 0 | 0 | 128 ]
[ -127 | -2 | 0 | 0 | 0 | 1< | 0 | 1 | >0 | -2 | 0 | 0 | 0 | 0 | 0 | 0 | 0 | 0 | 0 | 128 ]
[ -127 | -2 | 0 | 0 | 0 | 1< | 0 | 1 | >0 | -2 | 0 | 0 | 0 | 0 | 0 | 0 | 0 | 0 | 0 | 128 ]
[ -127 | -2 | 0 | 0 | 0 | 1< | 0 | 1 | 0 | >-2 | 0 | 0 | 0 | 0 | 0 | 0 | 0 | 0 | 0 | 128 ]
[ -127 | -2 | 0 | 0 | 0 | 1< | 0 | 1 | 0 | >-3 | 0 | 0 | 0 | 0 | 0 | 0 | 0 | 0 | 0 | 128 ]
[ -127 | -2 | 0 | 0 | 0 | 1< | 0 | 1 | >0 | -3 | 0 | 0 | 0 | 0 | 0 | 0 | 0 | 0 | 0 | 128 ]
[ -127 | -2 | 0 | 0 | 0 | 1< | 0 | >1 | 0 | -3 | 0 | 0 | 0 | 0 | 0 | 0 | 0 | 0 | 0 | 128 ]
[ -127 | -2 | 0 | 0 | 0 | 1< | 0 | >1 | 0 | -3 | 0 | 0 | 0 | 0 | 0 | 0 | 0 | 0 | 0 | 128 ]
[ -127 | -2 | 0 | 0 | 0 | 1< | 0 | 1 | >0 | -3 | 0 | 0 | 0 | 0 | 0 | 0 | 0 | 0 | 0 | 128 ]
[ -127 | -2 | 0 | 0 | 0 | 1< | 0 | 1 | >0 | -3 | 0 | 0 | 0 | 0 | 0 | 0 | 0 | 0 | 0 | 128 ]
[ -127 | -2 | 0 | 0 | 0 | 1< | 0 | 1 | >0 | -3 | 0 | 0 | 0 | 0 | 0 | 0 | 0 | 0 | 0 | 128 ]
[ -127 | -2 | 0 | 0 | 0 | 1< | 0 | >1 | 0 | -3 | 0 | 0 | 0 | 0 | 0 | 0 | 0 | 0 | 0 | 128 ]
[ -127 | -2 | 0 | 0 | 0 | 1< | 0 | >1 | 0 | -3 | 0 | 0 | 0 | 0 | 0 | 0 | 0 | 0 | 0 | 128 ]
[ -127 | -2 | 0 | 0 | 0 | 1< | 0 | 1 | >0 | -3 | 0 | 0 | 0 | 0 | 0 | 0 | 0 | 0 | 0 | 128 ]
[ -127 | -2 | 0 | 0 | 0 | 1< | 0 | 1 | >-1 | -3 | 0 | 0 | 0 | 0 | 0 | 0 | 0 | 0 | 0 | 128 ]
[ -127 | -2 | 0 | 0 | 0 | 1< | 0 | 1 | >-1 | -3 | 0 | 0 | 0 | 0 | 0 | 0 | 0 | 0 | 0 | 128 ]
[ -127 | -2 | 0 | 0 | 0 | 1< | 0 | 1 | >-2 | -3 | 0 | 0 | 0 | 0 | 0 | 0 | 0 | 0 | 0 | 128 ]
[ -127 | -2 | 0 | 0 | 0 | 1< | 0 | 1 | -2 | >-3 | 0 | 0 | 0 | 0 | 0 | 0 | 0 | 0 | 0 | 128 ]
[ -127 | -2 | 0 | 0 | 0 | 1< | 0 | 1 | -2 | >-2 | 0 | 0 | 0 | 0 | 0 | 0 | 0 | 0 | 0 | 128 ]
[ -127 | -2 | 0 | 0 | 0 | 1< | 0 | 1 | -2 | >-2 | 0 | 0 | 0 | 0 | 0 | 0 | 0 | 0 | 0 | 128 ]
[ -127 | -2 | 0 | 0 | 0 | 1< | 0 | 1 | -2 | >-3 | 0 | 0 | 0 | 0 | 0 | 0 | 0 | 0 | 0 | 128 ]
[ -127 | -2 | 0 | 0 | 0 | 1< | 0 | 1 | -2 | -3 | >0 | 0 | 0 | 0 | 0 | 0 | 0 | 0 | 0 | 128 ]
[ -127 | -2 | 0 | 0 | 0 | 1< | 0 | 1 | -2 | -3 | >1 | 0 | 0 | 0 | 0 | 0 | 0 | 0 | 0 | 128 ]
[ -127 | -2 | 0 | 0 | 0 | 1< | 0 | 1 | -2 | -3 | >1 | 0 | 0 | 0 | 0 | 0 | 0 | 0 | 0 | 128 ]
[ -127 | -2 | 0 | 0 | 0 | 1< | 0 | 1 | -2 | -3 | >0 | 0 | 0 | 0 | 0 | 0 | 0 | 0 | 0 | 128 ]
[ -127 | -2 | 0 | 0 | 0 | 1< | 0 | 1 | -2 | -3 | 0 | >0 | 0 | 0 | 0 | 0 | 0 | 0 | 0 | 128 ]
[ -127 | -2 | 0 | 0 | 0 | 1< | 0 | 1 | -2 | -3 | 0 | >1 | 0 | 0 | 0 | 0 | 0 | 0 | 0 | 128 ]
[ -127 | -2 | 0 | 0 | 0 | 1< | 0 | 1 | -2 | -3 | 0 | >1 | 0 | 0 | 0 | 0 | 0 | 0 | 0 | 128 ]
[ -127 | -2 | 0 | 0 | 0 | 1< | 0 | 1 | -2 | -3 | 0 | >0 | 0 | 0 | 0 | 0 | 0 | 0 | 0 | 128 ]
[ -127 | -2 | 0 | 0 | 0 | 1< | 0 | 1 | -2 | -3 | 0 | 0 | >0 | 0 | 0 | 0 | 0 | 0 | 0 | 128 ]
[ -127 | -2 | 0 | 0 | 0 | 1< | 0 | 1 | -2 | -3 | 0 | 0 | >1 | 0 | 0 | 0 | 0 | 0 | 0 | 128 ]
[ -127 | -2 | 0 | 0 | 0 | 1< | 0 | 1 | -2 | -3 | 0 | 0 | >1 | 0 | 0 | 0 | 0 | 0 | 0 | 128 ]
[ -127 | -2 | 0 | 0 | 0 | 1< | 0 | 1 | -2 | -3 | 0 | 0 | >0 | 0 | 0 | 0 | 0 | 0 | 0 | 128 ]
[ -127 | -2 | 0 | 0 | 0 | 1< | 0 | 1 | -2 | -3 | 0 | 0 | 0 | >0 | 0 | 0 | 0 | 0 | 0 | 128 ]
[ -127 | -2 | 0 | 0 | 0 | 1< | 0 | 1 | -2 | -3 | 0 | 0 | 0 | >1 | 0 | 0 | 0 | 0 | 0 | 128 ]
[ -127 | -2 | 0 | 0 | 0 | 1< | 0 | 1 | -2 | -3 | 0 | 0 | 0 | >1 | 0 | 0 | 0 | 0 | 0 | 128 ]
[ -127 | -2 | 0 | 0 | 0 | 1< | 0 | 1 | -2 | -3 | 0 | 0 | 0 | >0 | 0 | 0 | 0 | 0 | 0 | 128 ]
[ -127 | -2 | 0 | 0 | 0 | 1< | 0 | 1 | -2 | -3 | 0 | 0 | 0 | 0 | >0 | 0 | 0 | 0 | 0 | 128 ]
[ -127 | -2 | 0 | 0 | 0 | 1< | 0 | 1 | -2 | -3 | 0 | 0 | 0 | 0 | >1 | 0 | 0 | 0 | 0 | 128 ]
[ -127 | -2 | 0 | 0 | 0 | 1< | 0 | 1 | -2 | -3 | 0 | 0 | 0 | 0 | >1 | 0 | 0 | 0 | 0 | 128 ]
[ -127 | -2 | 0 | 0 | 0 | 1< | 0 | 1 | -2 | -3 | 0 | 0 | 0 | 0 | >0 | 0 | 0 | 0 | 0 | 128 ]
[ -127 | -2 | 0 | 0 | 0 | 1< | 0 | 1 | -2 | -3 | 0 | 0 | 0 | 0 | 0 | >0 | 0 | 0 | 0 | 128 ]
[ -127 | -2 | 0 | 0 | 0 | 1< | 0 | 1 | -2 | -3 | 0 | 0 | 0 | 0 | 0 | >1 | 0 | 0 | 0 | 128 ]
[ -127 | -2 | 0 | 0 | 0 | 1< | 0 | 1 | -2 | -3 | 0 | 0 | 0 | 0 | 0 | >1 | 0 | 0 | 0 | 128 ]
[ -127 | -2 | 0 | 0 | 0 | 1< | 0 | 1 | -2 | -3 | 0 | 0 | 0 | 0 | 0 | >0 | 0 | 0 | 0 | 128 ]
[ -127 | -2 | 0 | 0 | 0 | 1< | 0 | 1 | -2 | -3 | 0 | 0 | 0 | 0 | 0 | 0 | >0 | 0 | 0 | 128 ]
[ -127 | -2 | 0 | 0 | 0 | 1< | 0 | 1 | -2 | -3 | 0 | 0 | 0 | 0 | 0 | 0 | >1 | 0 | 0 | 128 ]
[ -127 | -2 | 0 | 0 | 0 | 1< | 0 | 1 | -2 | -3 | 0 | 0 | 0 | 0 | 0 | 0 | >1 | 0 | 0 | 128 ]
[ -127 | -2 | 0 | 0 | 0 | 1< | 0 | 1 | -2 | -3 | 0 | 0 | 0 | 0 | 0 | 0 | >0 | 0 | 0 | 128 ]
[ -127 | -2 | 0 | 0 | 0 | 1< | 0 | 1 | -2 | -3 | 0 | 0 | 0 | 0 | 0 | 0 | 0 | >0 | 0 | 128 ]
[ -127 | -2 | 0 | 0 | 0 | 1< | 0 | 1 | -2 | -3 | 0 | 0 | 0 | 0 | 0 | 0 | 0 | >1 | 0 | 128 ]
[ -127 | -2 | 0 | 0 | 0 | 1< | 0 | 1 | -2 | -3 | 0 | 0 | 0 | 0 | 0 | 0 | 0 | >1 | 0 | 128 ]
[ -127 | -2 | 0 | 0 | 0 | 1< | 0 | 1 | -2 | -3 | 0 | 0 | 0 | 0 | 0 | 0 | 0 | >0 | 0 | 128 ]
[ -127 | -2 | 0 | 0 | 0 | 1< | 0 | 1 | -2 | -3 | 0 | 0 | 0 | 0 | 0 | 0 | 0 | 0 | >0 | 128 ]
[ -127 | -2 | 0 | 0 | 0 | 1< | 0 | 1 | -2 | -3 | 0 | 0 | 0 | 0 | 0 | 0 | 0 | 0 | >1 | 128 ]
[ -127 | -2 | 0 | 0 | 0 | 1< | 0 | 1 | -2 | -3 | 0 | 0 | 0 | 0 | 0 | 0 | 0 | 0 | >1 | 128 ]
[ -127 | -2 | 0 | 0 | 0 | 1< | 0 | 1 | -2 | -3 | 0 | 0 | 0 | 0 | 0 | 0 | 0 | 0 | >0 | 128 ]
[ -127 | -2 | 0 | 0 | 0 | 1< | 0 | 1 | -2 | -3 | 0 | 0 | 0 | 0 | 0 | 0 | 0 | 0 | 0 | >128 ]
[ -127 | -2 | 0 | 0 | 0 | 1< | 0 | 1 | -2 | -3 | 0 | 0 | 0 | 0 | 0 | 0 | 0 | 0 | 0 | >-127 ]
[ -127 | -2 | 0 | 0 | 0 | 1< | 0 | 1 | -2 | -3 | 0 | 0 | 0 | 0 | 0 | 0 | 0 | 0 | 0 | >-127 ]
[ -127 | -2 | 0 | 0 | 0 | 1< | 0 | 1 | -2 | -3 | 0 | 0 | 0 | 0 | 0 | 0 | 0 | 0 | 0 | >128 ]
[ >-127 | -2 | 0 | 0 | 0 | 1< | 0 | 1 | -2 | -3 | 0 | 0 | 0 | 0 | 0 | 0 | 0 | 0 | 0 | 128 ]

===== DontUnderstand won the battle after 88 cycles =====



===== Starting battle of <MetaJSRandomBot> vs <DontUnderstand> with memory tape size: 24 =====

[ >128 | 0 | 0 | 0 | 0 | 0 | 0 | 0 | 0 | 0 | 0 | 0 | 0 | 0 | 0 | 0 | 0 | 0 | 0 | 0 | 0 | 0 | 0 | 128< ]
[ >-127 | 0 | 0 | 0 | 0 | 0 | 0 | 0 | 0 | 0 | 0 | 0 | 0 | 0 | 0 | 0 | 0 | 0 | 0 | 0 | 0 | 0 | 0< | 128 ]
[ >-127 | 0 | 0 | 0 | 0 | 0 | 0 | 0 | 0 | 0 | 0 | 0 | 0 | 0 | 0 | 0 | 0 | 0 | 0 | 0 | 0 | 0< | 0 | 128 ]
[ >-127 | 0 | 0 | 0 | 0 | 0 | 0 | 0 | 0 | 0 | 0 | 0 | 0 | 0 | 0 | 0 | 0 | 0 | 0 | 0 | 0< | 0 | 0 | 128 ]
[ -127 | >0 | 0 | 0 | 0 | 0 | 0 | 0 | 0 | 0 | 0 | 0 | 0 | 0 | 0 | 0 | 0 | 0 | 0 | 0< | 0 | 0 | 0 | 128 ]
[ -127 | >-1 | 0 | 0 | 0 | 0 | 0 | 0 | 0 | 0 | 0 | 0 | 0 | 0 | 0 | 0 | 0 | 0 | 0< | 0 | 0 | 0 | 0 | 128 ]
[ -127 | >-1 | 0 | 0 | 0 | 0 | 0 | 0 | 0 | 0 | 0 | 0 | 0 | 0 | 0 | 0 | 0 | 0< | 0 | 0 | 0 | 0 | 0 | 128 ]
[ -127 | >-2 | 0 | 0 | 0 | 0 | 0 | 0 | 0 | 0 | 0 | 0 | 0 | 0 | 0 | 0 | 0< | 0 | 0 | 0 | 0 | 0 | 0 | 128 ]
[ -127 | -2 | >0 | 0 | 0 | 0 | 0 | 0 | 0 | 0 | 0 | 0 | 0 | 0 | 0 | 0< | 0 | 0 | 0 | 0 | 0 | 0 | 0 | 128 ]
[ -127 | -2 | >1 | 0 | 0 | 0 | 0 | 0 | 0 | 0 | 0 | 0 | 0 | 0 | 0< | 0 | 0 | 0 | 0 | 0 | 0 | 0 | 0 | 128 ]
[ -127 | -2 | >1 | 0 | 0 | 0 | 0 | 0 | 0 | 0 | 0 | 0 | 0 | 0< | 0 | 0 | 0 | 0 | 0 | 0 | 0 | 0 | 0 | 128 ]
[ -127 | -2 | >0 | 0 | 0 | 0 | 0 | 0 | 0 | 0 | 0 | 0 | 0 | -1< | 0 | 0 | 0 | 0 | 0 | 0 | 0 | 0 | 0 | 128 ]
[ -127 | -2 | 0 | >0 | 0 | 0 | 0 | 0 | 0 | 0 | 0 | 0 | 0 | -2< | 0 | 0 | 0 | 0 | 0 | 0 | 0 | 0 | 0 | 128 ]
[ -127 | -2 | 0 | >1 | 0 | 0 | 0 | 0 | 0 | 0 | 0 | 0 | 0< | -2 | 0 | 0 | 0 | 0 | 0 | 0 | 0 | 0 | 0 | 128 ]
[ -127 | -2 | 0 | >1 | 0 | 0 | 0 | 0 | 0 | 0 | 0 | 0< | 0 | -2 | 0 | 0 | 0 | 0 | 0 | 0 | 0 | 0 | 0 | 128 ]
[ -127 | -2 | 0 | >0 | 0 | 0 | 0 | 0 | 0 | 0 | 0 | 1< | 0 | -2 | 0 | 0 | 0 | 0 | 0 | 0 | 0 | 0 | 0 | 128 ]
[ -127 | -2 | 0 | 0 | >0 | 0 | 0 | 0 | 0 | 0 | 0< | 1 | 0 | -2 | 0 | 0 | 0 | 0 | 0 | 0 | 0 | 0 | 0 | 128 ]
[ -127 | -2 | 0 | 0 | >1 | 0 | 0 | 0 | 0 | 0 | -1< | 1 | 0 | -2 | 0 | 0 | 0 | 0 | 0 | 0 | 0 | 0 | 0 | 128 ]
[ -127 | -2 | 0 | 0 | >1 | 0 | 0 | 0 | 0 | 0< | -1 | 1 | 0 | -2 | 0 | 0 | 0 | 0 | 0 | 0 | 0 | 0 | 0 | 128 ]
[ -127 | -2 | 0 | 0 | >0 | 0 | 0 | 0 | 0 | 1< | -1 | 1 | 0 | -2 | 0 | 0 | 0 | 0 | 0 | 0 | 0 | 0 | 0 | 128 ]
[ -127 | -2 | 0 | 0 | 0 | >0 | 0 | 0 | 0 | 1< | -1 | 1 | 0 | -2 | 0 | 0 | 0 | 0 | 0 | 0 | 0 | 0 | 0 | 128 ]
[ -127 | -2 | 0 | 0 | 0 | >1 | 0 | 0 | 0 | 1< | -1 | 1 | 0 | -2 | 0 | 0 | 0 | 0 | 0 | 0 | 0 | 0 | 0 | 128 ]
[ -127 | -2 | 0 | 0 | 0 | >1 | 0 | 0 | 0 | 1< | -1 | 1 | 0 | -2 | 0 | 0 | 0 | 0 | 0 | 0 | 0 | 0 | 0 | 128 ]
[ -127 | -2 | 0 | 0 | 0 | >0 | 0 | 0 | 0 | 1< | -1 | 1 | 0 | -2 | 0 | 0 | 0 | 0 | 0 | 0 | 0 | 0 | 0 | 128 ]
[ -127 | -2 | 0 | 0 | 0 | 0 | >0 | 0 | 0 | 1< | -1 | 1 | 0 | -2 | 0 | 0 | 0 | 0 | 0 | 0 | 0 | 0 | 0 | 128 ]
[ -127 | -2 | 0 | 0 | 0 | 0 | >1 | 0 | 0 | 1< | -1 | 1 | 0 | -2 | 0 | 0 | 0 | 0 | 0 | 0 | 0 | 0 | 0 | 128 ]
[ -127 | -2 | 0 | 0 | 0 | 0 | >1 | 0 | 0 | 1< | -1 | 1 | 0 | -2 | 0 | 0 | 0 | 0 | 0 | 0 | 0 | 0 | 0 | 128 ]
[ -127 | -2 | 0 | 0 | 0 | 0 | >0 | 0 | 0 | 1< | -1 | 1 | 0 | -2 | 0 | 0 | 0 | 0 | 0 | 0 | 0 | 0 | 0 | 128 ]
[ -127 | -2 | 0 | 0 | 0 | 0 | 0 | >0 | 0 | 1< | -1 | 1 | 0 | -2 | 0 | 0 | 0 | 0 | 0 | 0 | 0 | 0 | 0 | 128 ]
[ -127 | -2 | 0 | 0 | 0 | 0 | 0 | >1 | 0 | 1< | -1 | 1 | 0 | -2 | 0 | 0 | 0 | 0 | 0 | 0 | 0 | 0 | 0 | 128 ]
[ -127 | -2 | 0 | 0 | 0 | 0 | 0 | >1 | 0 | 1< | -1 | 1 | 0 | -2 | 0 | 0 | 0 | 0 | 0 | 0 | 0 | 0 | 0 | 128 ]
[ -127 | -2 | 0 | 0 | 0 | 0 | 0 | >0 | 0 | 1< | -1 | 1 | 0 | -2 | 0 | 0 | 0 | 0 | 0 | 0 | 0 | 0 | 0 | 128 ]
[ -127 | -2 | 0 | 0 | 0 | 0 | 0 | 0 | >0 | 1< | -1 | 1 | 0 | -2 | 0 | 0 | 0 | 0 | 0 | 0 | 0 | 0 | 0 | 128 ]
[ -127 | -2 | 0 | 0 | 0 | 0 | 0 | 0 | >1 | 1< | -1 | 1 | 0 | -2 | 0 | 0 | 0 | 0 | 0 | 0 | 0 | 0 | 0 | 128 ]
[ -127 | -2 | 0 | 0 | 0 | 0 | 0 | 0 | >1 | 1< | -1 | 1 | 0 | -2 | 0 | 0 | 0 | 0 | 0 | 0 | 0 | 0 | 0 | 128 ]
[ -127 | -2 | 0 | 0 | 0 | 0 | 0 | 0 | >0 | 1< | -1 | 1 | 0 | -2 | 0 | 0 | 0 | 0 | 0 | 0 | 0 | 0 | 0 | 128 ]
[ -127 | -2 | 0 | 0 | 0 | 0 | 0 | 0 | 0 | >1< | -1 | 1 | 0 | -2 | 0 | 0 | 0 | 0 | 0 | 0 | 0 | 0 | 0 | 128 ]
[ -127 | -2 | 0 | 0 | 0 | 0 | 0 | 0 | 0 | >2< | -1 | 1 | 0 | -2 | 0 | 0 | 0 | 0 | 0 | 0 | 0 | 0 | 0 | 128 ]
[ -127 | -2 | 0 | 0 | 0 | 0 | 0 | 0 | 0 | >2< | -1 | 1 | 0 | -2 | 0 | 0 | 0 | 0 | 0 | 0 | 0 | 0 | 0 | 128 ]
[ -127 | -2 | 0 | 0 | 0 | 0 | 0 | 0 | 0 | >1< | -1 | 1 | 0 | -2 | 0 | 0 | 0 | 0 | 0 | 0 | 0 | 0 | 0 | 128 ]
[ -127 | -2 | 0 | 0 | 0 | 0 | 0 | 0 | 0 | 1< | >-1 | 1 | 0 | -2 | 0 | 0 | 0 | 0 | 0 | 0 | 0 | 0 | 0 | 128 ]
[ -127 | -2 | 0 | 0 | 0 | 0 | 0 | 0 | 0 | 1< | >0 | 1 | 0 | -2 | 0 | 0 | 0 | 0 | 0 | 0 | 0 | 0 | 0 | 128 ]
[ -127 | -2 | 0 | 0 | 0 | 0 | 0 | 0 | 0 | 1< | >0 | 1 | 0 | -2 | 0 | 0 | 0 | 0 | 0 | 0 | 0 | 0 | 0 | 128 ]
[ -127 | -2 | 0 | 0 | 0 | 0 | 0 | 0 | 0 | 1< | 0 | >1 | 0 | -2 | 0 | 0 | 0 | 0 | 0 | 0 | 0 | 0 | 0 | 128 ]
[ -127 | -2 | 0 | 0 | 0 | 0 | 0 | 0 | 0 | 1< | 0 | 1 | >0 | -2 | 0 | 0 | 0 | 0 | 0 | 0 | 0 | 0 | 0 | 128 ]
[ -127 | -2 | 0 | 0 | 0 | 0 | 0 | 0 | 0 | 1< | 0 | 1 | >0 | -2 | 0 | 0 | 0 | 0 | 0 | 0 | 0 | 0 | 0 | 128 ]
[ -127 | -2 | 0 | 0 | 0 | 0 | 0 | 0 | 0 | 1< | 0 | 1 | 0 | >-2 | 0 | 0 | 0 | 0 | 0 | 0 | 0 | 0 | 0 | 128 ]
[ -127 | -2 | 0 | 0 | 0 | 0 | 0 | 0 | 0 | 1< | 0 | 1 | 0 | >-3 | 0 | 0 | 0 | 0 | 0 | 0 | 0 | 0 | 0 | 128 ]
[ -127 | -2 | 0 | 0 | 0 | 0 | 0 | 0 | 0 | 1< | 0 | 1 | >0 | -3 | 0 | 0 | 0 | 0 | 0 | 0 | 0 | 0 | 0 | 128 ]
[ -127 | -2 | 0 | 0 | 0 | 0 | 0 | 0 | 0 | 1< | 0 | >1 | 0 | -3 | 0 | 0 | 0 | 0 | 0 | 0 | 0 | 0 | 0 | 128 ]
[ -127 | -2 | 0 | 0 | 0 | 0 | 0 | 0 | 0 | 1< | 0 | >1 | 0 | -3 | 0 | 0 | 0 | 0 | 0 | 0 | 0 | 0 | 0 | 128 ]
[ -127 | -2 | 0 | 0 | 0 | 0 | 0 | 0 | 0 | 1< | 0 | 1 | >0 | -3 | 0 | 0 | 0 | 0 | 0 | 0 | 0 | 0 | 0 | 128 ]
[ -127 | -2 | 0 | 0 | 0 | 0 | 0 | 0 | 0 | 1< | 0 | 1 | >0 | -3 | 0 | 0 | 0 | 0 | 0 | 0 | 0 | 0 | 0 | 128 ]
[ -127 | -2 | 0 | 0 | 0 | 0 | 0 | 0 | 0 | 1< | 0 | 1 | >0 | -3 | 0 | 0 | 0 | 0 | 0 | 0 | 0 | 0 | 0 | 128 ]
[ -127 | -2 | 0 | 0 | 0 | 0 | 0 | 0 | 0 | 1< | 0 | >1 | 0 | -3 | 0 | 0 | 0 | 0 | 0 | 0 | 0 | 0 | 0 | 128 ]
[ -127 | -2 | 0 | 0 | 0 | 0 | 0 | 0 | 0 | 1< | 0 | >1 | 0 | -3 | 0 | 0 | 0 | 0 | 0 | 0 | 0 | 0 | 0 | 128 ]
[ -127 | -2 | 0 | 0 | 0 | 0 | 0 | 0 | 0 | 1< | 0 | 1 | >0 | -3 | 0 | 0 | 0 | 0 | 0 | 0 | 0 | 0 | 0 | 128 ]
[ -127 | -2 | 0 | 0 | 0 | 0 | 0 | 0 | 0 | 1< | 0 | 1 | >-1 | -3 | 0 | 0 | 0 | 0 | 0 | 0 | 0 | 0 | 0 | 128 ]
[ -127 | -2 | 0 | 0 | 0 | 0 | 0 | 0 | 0 | 1< | 0 | 1 | >-1 | -3 | 0 | 0 | 0 | 0 | 0 | 0 | 0 | 0 | 0 | 128 ]
[ -127 | -2 | 0 | 0 | 0 | 0 | 0 | 0 | 0 | 1< | 0 | 1 | >-2 | -3 | 0 | 0 | 0 | 0 | 0 | 0 | 0 | 0 | 0 | 128 ]
[ -127 | -2 | 0 | 0 | 0 | 0 | 0 | 0 | 0 | 1< | 0 | 1 | -2 | >-3 | 0 | 0 | 0 | 0 | 0 | 0 | 0 | 0 | 0 | 128 ]
[ -127 | -2 | 0 | 0 | 0 | 0 | 0 | 0 | 0 | 1< | 0 | 1 | -2 | >-2 | 0 | 0 | 0 | 0 | 0 | 0 | 0 | 0 | 0 | 128 ]
[ -127 | -2 | 0 | 0 | 0 | 0 | 0 | 0 | 0 | 1< | 0 | 1 | -2 | >-2 | 0 | 0 | 0 | 0 | 0 | 0 | 0 | 0 | 0 | 128 ]
[ -127 | -2 | 0 | 0 | 0 | 0 | 0 | 0 | 0 | 1< | 0 | 1 | -2 | >-3 | 0 | 0 | 0 | 0 | 0 | 0 | 0 | 0 | 0 | 128 ]
[ -127 | -2 | 0 | 0 | 0 | 0 | 0 | 0 | 0 | 1< | 0 | 1 | -2 | -3 | >0 | 0 | 0 | 0 | 0 | 0 | 0 | 0 | 0 | 128 ]
[ -127 | -2 | 0 | 0 | 0 | 0 | 0 | 0 | 0 | 1< | 0 | 1 | -2 | -3 | >1 | 0 | 0 | 0 | 0 | 0 | 0 | 0 | 0 | 128 ]
[ -127 | -2 | 0 | 0 | 0 | 0 | 0 | 0 | 0 | 1< | 0 | 1 | -2 | -3 | >1 | 0 | 0 | 0 | 0 | 0 | 0 | 0 | 0 | 128 ]
[ -127 | -2 | 0 | 0 | 0 | 0 | 0 | 0 | 0 | 1< | 0 | 1 | -2 | -3 | >0 | 0 | 0 | 0 | 0 | 0 | 0 | 0 | 0 | 128 ]
[ -127 | -2 | 0 | 0 | 0 | 0 | 0 | 0 | 0 | 1< | 0 | 1 | -2 | -3 | 0 | >0 | 0 | 0 | 0 | 0 | 0 | 0 | 0 | 128 ]
[ -127 | -2 | 0 | 0 | 0 | 0 | 0 | 0 | 0 | 1< | 0 | 1 | -2 | -3 | 0 | >1 | 0 | 0 | 0 | 0 | 0 | 0 | 0 | 128 ]
[ -127 | -2 | 0 | 0 | 0 | 0 | 0 | 0 | 0 | 1< | 0 | 1 | -2 | -3 | 0 | >1 | 0 | 0 | 0 | 0 | 0 | 0 | 0 | 128 ]
[ -127 | -2 | 0 | 0 | 0 | 0 | 0 | 0 | 0 | 1< | 0 | 1 | -2 | -3 | 0 | >0 | 0 | 0 | 0 | 0 | 0 | 0 | 0 | 128 ]
[ -127 | -2 | 0 | 0 | 0 | 0 | 0 | 0 | 0 | 1< | 0 | 1 | -2 | -3 | 0 | 0 | >0 | 0 | 0 | 0 | 0 | 0 | 0 | 128 ]
[ -127 | -2 | 0 | 0 | 0 | 0 | 0 | 0 | 0 | 1< | 0 | 1 | -2 | -3 | 0 | 0 | >1 | 0 | 0 | 0 | 0 | 0 | 0 | 128 ]
[ -127 | -2 | 0 | 0 | 0 | 0 | 0 | 0 | 0 | 1< | 0 | 1 | -2 | -3 | 0 | 0 | >1 | 0 | 0 | 0 | 0 | 0 | 0 | 128 ]
[ -127 | -2 | 0 | 0 | 0 | 0 | 0 | 0 | 0 | 1< | 0 | 1 | -2 | -3 | 0 | 0 | >0 | 0 | 0 | 0 | 0 | 0 | 0 | 128 ]
[ -127 | -2 | 0 | 0 | 0 | 0 | 0 | 0 | 0 | 1< | 0 | 1 | -2 | -3 | 0 | 0 | 0 | >0 | 0 | 0 | 0 | 0 | 0 | 128 ]
[ -127 | -2 | 0 | 0 | 0 | 0 | 0 | 0 | 0 | 1< | 0 | 1 | -2 | -3 | 0 | 0 | 0 | >1 | 0 | 0 | 0 | 0 | 0 | 128 ]
[ -127 | -2 | 0 | 0 | 0 | 0 | 0 | 0 | 0 | 1< | 0 | 1 | -2 | -3 | 0 | 0 | 0 | >1 | 0 | 0 | 0 | 0 | 0 | 128 ]
[ -127 | -2 | 0 | 0 | 0 | 0 | 0 | 0 | 0 | 1< | 0 | 1 | -2 | -3 | 0 | 0 | 0 | >0 | 0 | 0 | 0 | 0 | 0 | 128 ]
[ -127 | -2 | 0 | 0 | 0 | 0 | 0 | 0 | 0 | 1< | 0 | 1 | -2 | -3 | 0 | 0 | 0 | 0 | >0 | 0 | 0 | 0 | 0 | 128 ]
[ -127 | -2 | 0 | 0 | 0 | 0 | 0 | 0 | 0 | 1< | 0 | 1 | -2 | -3 | 0 | 0 | 0 | 0 | >1 | 0 | 0 | 0 | 0 | 128 ]
[ -127 | -2 | 0 | 0 | 0 | 0 | 0 | 0 | 0 | 1< | 0 | 1 | -2 | -3 | 0 | 0 | 0 | 0 | >1 | 0 | 0 | 0 | 0 | 128 ]
[ -127 | -2 | 0 | 0 | 0 | 0 | 0 | 0 | 0 | 1< | 0 | 1 | -2 | -3 | 0 | 0 | 0 | 0 | >0 | 0 | 0 | 0 | 0 | 128 ]
[ -127 | -2 | 0 | 0 | 0 | 0 | 0 | 0 | 0 | 1< | 0 | 1 | -2 | -3 | 0 | 0 | 0 | 0 | 0 | >0 | 0 | 0 | 0 | 128 ]
[ -127 | -2 | 0 | 0 | 0 | 0 | 0 | 0 | 0 | 1< | 0 | 1 | -2 | -3 | 0 | 0 | 0 | 0 | 0 | >1 | 0 | 0 | 0 | 128 ]
[ -127 | -2 | 0 | 0 | 0 | 0 | 0 | 0 | 0 | 1< | 0 | 1 | -2 | -3 | 0 | 0 | 0 | 0 | 0 | >1 | 0 | 0 | 0 | 128 ]
[ -127 | -2 | 0 | 0 | 0 | 0 | 0 | 0 | 0 | 1< | 0 | 1 | -2 | -3 | 0 | 0 | 0 | 0 | 0 | >0 | 0 | 0 | 0 | 128 ]
[ -127 | -2 | 0 | 0 | 0 | 0 | 0 | 0 | 0 | 1< | 0 | 1 | -2 | -3 | 0 | 0 | 0 | 0 | 0 | 0 | >0 | 0 | 0 | 128 ]
[ -127 | -2 | 0 | 0 | 0 | 0 | 0 | 0 | 0 | 1< | 0 | 1 | -2 | -3 | 0 | 0 | 0 | 0 | 0 | 0 | >1 | 0 | 0 | 128 ]
[ -127 | -2 | 0 | 0 | 0 | 0 | 0 | 0 | 0 | 1< | 0 | 1 | -2 | -3 | 0 | 0 | 0 | 0 | 0 | 0 | >1 | 0 | 0 | 128 ]
[ -127 | -2 | 0 | 0 | 0 | 0 | 0 | 0 | 0 | 1< | 0 | 1 | -2 | -3 | 0 | 0 | 0 | 0 | 0 | 0 | >0 | 0 | 0 | 128 ]
[ -127 | -2 | 0 | 0 | 0 | 0 | 0 | 0 | 0 | 1< | 0 | 1 | -2 | -3 | 0 | 0 | 0 | 0 | 0 | 0 | 0 | >0 | 0 | 128 ]
[ -127 | -2 | 0 | 0 | 0 | 0 | 0 | 0 | 0 | 1< | 0 | 1 | -2 | -3 | 0 | 0 | 0 | 0 | 0 | 0 | 0 | >1 | 0 | 128 ]
[ -127 | -2 | 0 | 0 | 0 | 0 | 0 | 0 | 0 | 1< | 0 | 1 | -2 | -3 | 0 | 0 | 0 | 0 | 0 | 0 | 0 | >1 | 0 | 128 ]
[ -127 | -2 | 0 | 0 | 0 | 0 | 0 | 0 | 0 | 1< | 0 | 1 | -2 | -3 | 0 | 0 | 0 | 0 | 0 | 0 | 0 | >0 | 0 | 128 ]
[ -127 | -2 | 0 | 0 | 0 | 0 | 0 | 0 | 0 | 1< | 0 | 1 | -2 | -3 | 0 | 0 | 0 | 0 | 0 | 0 | 0 | 0 | >0 | 128 ]
[ -127 | -2 | 0 | 0 | 0 | 0 | 0 | 0 | 0 | 1< | 0 | 1 | -2 | -3 | 0 | 0 | 0 | 0 | 0 | 0 | 0 | 0 | >1 | 128 ]
[ -127 | -2 | 0 | 0 | 0 | 0 | 0 | 0 | 0 | 1< | 0 | 1 | -2 | -3 | 0 | 0 | 0 | 0 | 0 | 0 | 0 | 0 | >1 | 128 ]
[ -127 | -2 | 0 | 0 | 0 | 0 | 0 | 0 | 0 | 1< | 0 | 1 | -2 | -3 | 0 | 0 | 0 | 0 | 0 | 0 | 0 | 0 | >0 | 128 ]
[ -127 | -2 | 0 | 0 | 0 | 0 | 0 | 0 | 0 | 1< | 0 | 1 | -2 | -3 | 0 | 0 | 0 | 0 | 0 | 0 | 0 | 0 | 0 | >128 ]
[ -127 | -2 | 0 | 0 | 0 | 0 | 0 | 0 | 0 | 1< | 0 | 1 | -2 | -3 | 0 | 0 | 0 | 0 | 0 | 0 | 0 | 0 | 0 | >-127 ]
[ -127 | -2 | 0 | 0 | 0 | 0 | 0 | 0 | 0 | 1< | 0 | 1 | -2 | -3 | 0 | 0 | 0 | 0 | 0 | 0 | 0 | 0 | 0 | >-127 ]
[ -127 | -2 | 0 | 0 | 0 | 0 | 0 | 0 | 0 | 1< | 0 | 1 | -2 | -3 | 0 | 0 | 0 | 0 | 0 | 0 | 0 | 0 | 0 | >128 ]
[ >-127 | -2 | 0 | 0 | 0 | 0 | 0 | 0 | 0 | 1< | 0 | 1 | -2 | -3 | 0 | 0 | 0 | 0 | 0 | 0 | 0 | 0 | 0 | 128 ]

===== DontUnderstand won the battle after 104 cycles =====



===== MetaJSRandomBot.bf vs. DontUnderstand.bf finished with 4:6 =====