===== Starting battle of <MetaJSRandomBot> vs <SeeSawRush> with memory tape size: 22 =====

[ >128 | 0 | 0 | 0 | 0 | 0 | 0 | 0 | 0 | 0 | 0 | 0 | 0 | 0 | 0 | 0 | 0 | 0 | 0 | 0 | 0 | 128< ]
[ >-127 | 0 | 0 | 0 | 0 | 0 | 0 | 0 | 0 | 0 | 0 | 0 | 0 | 0 | 0 | 0 | 0 | 0 | 0 | 0 | 0< | 128 ]
[ >-127 | 0 | 0 | 0 | 0 | 0 | 0 | 0 | 0 | 0 | 0 | 0 | 0 | 0 | 0 | 0 | 0 | 0 | 0 | 0< | 0 | 128 ]
[ >-127 | 0 | 0 | 0 | 0 | 0 | 0 | 0 | 0 | 0 | 0 | 0 | 0 | 0 | 0 | 0 | 0 | 0 | 0< | 0 | 0 | 128 ]
[ -127 | >0 | 0 | 0 | 0 | 0 | 0 | 0 | 0 | 0 | 0 | 0 | 0 | 0 | 0 | 0 | 0 | 0< | 0 | 0 | 0 | 128 ]
[ -127 | >-1 | 0 | 0 | 0 | 0 | 0 | 0 | 0 | 0 | 0 | 0 | 0 | 0 | 0 | 0 | 0 | -1< | 0 | 0 | 0 | 128 ]
[ -127 | >-1 | 0 | 0 | 0 | 0 | 0 | 0 | 0 | 0 | 0 | 0 | 0 | 0 | 0 | 0 | 0 | -2< | 0 | 0 | 0 | 128 ]
[ -127 | >-2 | 0 | 0 | 0 | 0 | 0 | 0 | 0 | 0 | 0 | 0 | 0 | 0 | 0 | 0 | 0 | -3< | 0 | 0 | 0 | 128 ]
[ -127 | -2 | >0 | 0 | 0 | 0 | 0 | 0 | 0 | 0 | 0 | 0 | 0 | 0 | 0 | 0 | 0 | -4< | 0 | 0 | 0 | 128 ]
[ -127 | -2 | >1 | 0 | 0 | 0 | 0 | 0 | 0 | 0 | 0 | 0 | 0 | 0 | 0 | 0 | 0 | -5< | 0 | 0 | 0 | 128 ]
[ -127 | -2 | >1 | 0 | 0 | 0 | 0 | 0 | 0 | 0 | 0 | 0 | 0 | 0 | 0 | 0 | 0 | -6< | 0 | 0 | 0 | 128 ]
[ -127 | -2 | >0 | 0 | 0 | 0 | 0 | 0 | 0 | 0 | 0 | 0 | 0 | 0 | 0 | 0 | 0 | -6 | 0< | 0 | 0 | 128 ]
[ -127 | -2 | 0 | >0 | 0 | 0 | 0 | 0 | 0 | 0 | 0 | 0 | 0 | 0 | 0 | 0 | 0 | -6 | 1< | 0 | 0 | 128 ]
[ -127 | -2 | 0 | >1 | 0 | 0 | 0 | 0 | 0 | 0 | 0 | 0 | 0 | 0 | 0 | 0 | 0 | -6 | 2< | 0 | 0 | 128 ]
[ -127 | -2 | 0 | >1 | 0 | 0 | 0 | 0 | 0 | 0 | 0 | 0 | 0 | 0 | 0 | 0 | 0 | -6 | 3< | 0 | 0 | 128 ]
[ -127 | -2 | 0 | >0 | 0 | 0 | 0 | 0 | 0 | 0 | 0 | 0 | 0 | 0 | 0 | 0 | 0 | -6 | 4< | 0 | 0 | 128 ]
[ -127 | -2 | 0 | 0 | >0 | 0 | 0 | 0 | 0 | 0 | 0 | 0 | 0 | 0 | 0 | 0 | 0 | -6 | 5< | 0 | 0 | 128 ]
[ -127 | -2 | 0 | 0 | >1 | 0 | 0 | 0 | 0 | 0 | 0 | 0 | 0 | 0 | 0 | 0 | 0 | -6 | 5 | 0< | 0 | 128 ]
[ -127 | -2 | 0 | 0 | >1 | 0 | 0 | 0 | 0 | 0 | 0 | 0 | 0 | 0 | 0 | 0 | 0 | -6 | 5 | -1< | 0 | 128 ]
[ -127 | -2 | 0 | 0 | >0 | 0 | 0 | 0 | 0 | 0 | 0 | 0 | 0 | 0 | 0 | 0 | 0 | -6 | 5 | -2< | 0 | 128 ]
[ -127 | -2 | 0 | 0 | 0 | >0 | 0 | 0 | 0 | 0 | 0 | 0 | 0 | 0 | 0 | 0 | 0 | -6 | 5 | -3< | 0 | 128 ]
[ -127 | -2 | 0 | 0 | 0 | >1 | 0 | 0 | 0 | 0 | 0 | 0 | 0 | 0 | 0 | 0 | 0 | -6 | 5 | -4< | 0 | 128 ]
[ -127 | -2 | 0 | 0 | 0 | >1 | 0 | 0 | 0 | 0 | 0 | 0 | 0 | 0 | 0 | 0 | 0 | -6 | 5 | -4 | 0< | 128 ]
[ -127 | -2 | 0 | 0 | 0 | >0 | 0 | 0 | 0 | 0 | 0 | 0 | 0 | 0 | 0 | 0 | 0 | -6 | 5 | -4 | 1< | 128 ]
[ -127 | -2 | 0 | 0 | 0 | 0 | >0 | 0 | 0 | 0 | 0 | 0 | 0 | 0 | 0 | 0 | 0 | -6 | 5 | -4 | 2< | 128 ]
[ -127 | -2 | 0 | 0 | 0 | 0 | >1 | 0 | 0 | 0 | 0 | 0 | 0 | 0 | 0 | 0 | 0 | -6 | 5 | -4 | 3< | 128 ]
[ -127 | -2 | 0 | 0 | 0 | 0 | >1 | 0 | 0 | 0 | 0 | 0 | 0 | 0 | 0 | 0 | 0 | -6 | 5 | -4< | 3 | 128 ]
[ -127 | -2 | 0 | 0 | 0 | 0 | >0 | 0 | 0 | 0 | 0 | 0 | 0 | 0 | 0 | 0 | 0 | -6 | 5< | -4 | 3 | 128 ]
[ -127 | -2 | 0 | 0 | 0 | 0 | 0 | >0 | 0 | 0 | 0 | 0 | 0 | 0 | 0 | 0 | 0 | -6< | 5 | -4 | 3 | 128 ]
[ -127 | -2 | 0 | 0 | 0 | 0 | 0 | >1 | 0 | 0 | 0 | 0 | 0 | 0 | 0 | 0 | 0< | -6 | 5 | -4 | 3 | 128 ]
[ -127 | -2 | 0 | 0 | 0 | 0 | 0 | >1 | 0 | 0 | 0 | 0 | 0 | 0 | 0 | 0 | -1< | -6 | 5 | -4 | 3 | 128 ]
[ -127 | -2 | 0 | 0 | 0 | 0 | 0 | >0 | 0 | 0 | 0 | 0 | 0 | 0 | 0 | 0 | -2< | -6 | 5 | -4 | 3 | 128 ]
[ -127 | -2 | 0 | 0 | 0 | 0 | 0 | 0 | >0 | 0 | 0 | 0 | 0 | 0 | 0 | 0 | -3< | -6 | 5 | -4 | 3 | 128 ]
[ -127 | -2 | 0 | 0 | 0 | 0 | 0 | 0 | >1 | 0 | 0 | 0 | 0 | 0 | 0 | 0 | -4< | -6 | 5 | -4 | 3 | 128 ]
[ -127 | -2 | 0 | 0 | 0 | 0 | 0 | 0 | >1 | 0 | 0 | 0 | 0 | 0 | 0 | 0 | -5< | -6 | 5 | -4 | 3 | 128 ]
[ -127 | -2 | 0 | 0 | 0 | 0 | 0 | 0 | >0 | 0 | 0 | 0 | 0 | 0 | 0 | 0< | -5 | -6 | 5 | -4 | 3 | 128 ]
[ -127 | -2 | 0 | 0 | 0 | 0 | 0 | 0 | 0 | >0 | 0 | 0 | 0 | 0 | 0 | 1< | -5 | -6 | 5 | -4 | 3 | 128 ]
[ -127 | -2 | 0 | 0 | 0 | 0 | 0 | 0 | 0 | >1 | 0 | 0 | 0 | 0 | 0 | 2< | -5 | -6 | 5 | -4 | 3 | 128 ]
[ -127 | -2 | 0 | 0 | 0 | 0 | 0 | 0 | 0 | >1 | 0 | 0 | 0 | 0 | 0 | 3< | -5 | -6 | 5 | -4 | 3 | 128 ]
[ -127 | -2 | 0 | 0 | 0 | 0 | 0 | 0 | 0 | >0 | 0 | 0 | 0 | 0 | 0 | 4< | -5 | -6 | 5 | -4 | 3 | 128 ]
[ -127 | -2 | 0 | 0 | 0 | 0 | 0 | 0 | 0 | 0 | >0 | 0 | 0 | 0 | 0 | 5< | -5 | -6 | 5 | -4 | 3 | 128 ]
[ -127 | -2 | 0 | 0 | 0 | 0 | 0 | 0 | 0 | 0 | >1 | 0 | 0 | 0 | 0< | 5 | -5 | -6 | 5 | -4 | 3 | 128 ]
[ -127 | -2 | 0 | 0 | 0 | 0 | 0 | 0 | 0 | 0 | >1 | 0 | 0 | 0 | -1< | 5 | -5 | -6 | 5 | -4 | 3 | 128 ]
[ -127 | -2 | 0 | 0 | 0 | 0 | 0 | 0 | 0 | 0 | >0 | 0 | 0 | 0 | -2< | 5 | -5 | -6 | 5 | -4 | 3 | 128 ]
[ -127 | -2 | 0 | 0 | 0 | 0 | 0 | 0 | 0 | 0 | 0 | >0 | 0 | 0 | -3< | 5 | -5 | -6 | 5 | -4 | 3 | 128 ]
[ -127 | -2 | 0 | 0 | 0 | 0 | 0 | 0 | 0 | 0 | 0 | >1 | 0 | 0 | -4< | 5 | -5 | -6 | 5 | -4 | 3 | 128 ]
[ -127 | -2 | 0 | 0 | 0 | 0 | 0 | 0 | 0 | 0 | 0 | >1 | 0 | 0 | -5< | 5 | -5 | -6 | 5 | -4 | 3 | 128 ]
[ -127 | -2 | 0 | 0 | 0 | 0 | 0 | 0 | 0 | 0 | 0 | >0 | 0 | 0< | -5 | 5 | -5 | -6 | 5 | -4 | 3 | 128 ]
[ -127 | -2 | 0 | 0 | 0 | 0 | 0 | 0 | 0 | 0 | 0 | 0 | >0 | 1< | -5 | 5 | -5 | -6 | 5 | -4 | 3 | 128 ]
[ -127 | -2 | 0 | 0 | 0 | 0 | 0 | 0 | 0 | 0 | 0 | 0 | >1 | 2< | -5 | 5 | -5 | -6 | 5 | -4 | 3 | 128 ]
[ -127 | -2 | 0 | 0 | 0 | 0 | 0 | 0 | 0 | 0 | 0 | 0 | >1 | 3< | -5 | 5 | -5 | -6 | 5 | -4 | 3 | 128 ]
[ -127 | -2 | 0 | 0 | 0 | 0 | 0 | 0 | 0 | 0 | 0 | 0 | >0 | 4< | -5 | 5 | -5 | -6 | 5 | -4 | 3 | 128 ]
[ -127 | -2 | 0 | 0 | 0 | 0 | 0 | 0 | 0 | 0 | 0 | 0 | 0 | >5< | -5 | 5 | -5 | -6 | 5 | -4 | 3 | 128 ]
[ -127 | -2 | 0 | 0 | 0 | 0 | 0 | 0 | 0 | 0 | 0 | 0 | 0< | >6 | -5 | 5 | -5 | -6 | 5 | -4 | 3 | 128 ]
[ -127 | -2 | 0 | 0 | 0 | 0 | 0 | 0 | 0 | 0 | 0 | 0 | 0< | >6 | -5 | 5 | -5 | -6 | 5 | -4 | 3 | 128 ]
[ -127 | -2 | 0 | 0 | 0 | 0 | 0 | 0 | 0 | 0 | 0 | 0< | 0 | >5 | -5 | 5 | -5 | -6 | 5 | -4 | 3 | 128 ]
[ -127 | -2 | 0 | 0 | 0 | 0 | 0 | 0 | 0 | 0 | 0 | 0< | 0 | 5 | >-5 | 5 | -5 | -6 | 5 | -4 | 3 | 128 ]
[ -127 | -2 | 0 | 0 | 0 | 0 | 0 | 0 | 0 | 0 | 0< | 0 | 0 | 5 | >-4 | 5 | -5 | -6 | 5 | -4 | 3 | 128 ]
[ -127 | -2 | 0 | 0 | 0 | 0 | 0 | 0 | 0 | 0 | 0< | 0 | 0 | 5 | >-4 | 5 | -5 | -6 | 5 | -4 | 3 | 128 ]
[ -127 | -2 | 0 | 0 | 0 | 0 | 0 | 0 | 0 | 0< | 0 | 0 | 0 | 5 | >-5 | 5 | -5 | -6 | 5 | -4 | 3 | 128 ]
[ -127 | -2 | 0 | 0 | 0 | 0 | 0 | 0 | 0 | 0< | 0 | 0 | 0 | 5 | -5 | >5 | -5 | -6 | 5 | -4 | 3 | 128 ]
[ -127 | -2 | 0 | 0 | 0 | 0 | 0 | 0 | 0< | 0 | 0 | 0 | 0 | 5 | -5 | >6 | -5 | -6 | 5 | -4 | 3 | 128 ]
[ -127 | -2 | 0 | 0 | 0 | 0 | 0 | 0 | 0< | 0 | 0 | 0 | 0 | 5 | -5 | >6 | -5 | -6 | 5 | -4 | 3 | 128 ]
[ -127 | -2 | 0 | 0 | 0 | 0 | 0 | 0< | 0 | 0 | 0 | 0 | 0 | 5 | -5 | >5 | -5 | -6 | 5 | -4 | 3 | 128 ]
[ -127 | -2 | 0 | 0 | 0 | 0 | 0 | 0< | 0 | 0 | 0 | 0 | 0 | 5 | -5 | 5 | >-5 | -6 | 5 | -4 | 3 | 128 ]
[ -127 | -2 | 0 | 0 | 0 | 0 | 0< | 0 | 0 | 0 | 0 | 0 | 0 | 5 | -5 | 5 | >-4 | -6 | 5 | -4 | 3 | 128 ]
[ -127 | -2 | 0 | 0 | 0 | 0 | 0< | 0 | 0 | 0 | 0 | 0 | 0 | 5 | -5 | 5 | >-4 | -6 | 5 | -4 | 3 | 128 ]
[ -127 | -2 | 0 | 0 | 0 | 0< | 0 | 0 | 0 | 0 | 0 | 0 | 0 | 5 | -5 | 5 | >-5 | -6 | 5 | -4 | 3 | 128 ]
[ -127 | -2 | 0 | 0 | 0 | 0< | 0 | 0 | 0 | 0 | 0 | 0 | 0 | 5 | -5 | 5 | -5 | >-6 | 5 | -4 | 3 | 128 ]
[ -127 | -2 | 0 | 0 | 0< | 0 | 0 | 0 | 0 | 0 | 0 | 0 | 0 | 5 | -5 | 5 | -5 | >-5 | 5 | -4 | 3 | 128 ]
[ -127 | -2 | 0 | 0 | 0< | 0 | 0 | 0 | 0 | 0 | 0 | 0 | 0 | 5 | -5 | 5 | -5 | >-5 | 5 | -4 | 3 | 128 ]
[ -127 | -2 | 0 | 0< | 0 | 0 | 0 | 0 | 0 | 0 | 0 | 0 | 0 | 5 | -5 | 5 | -5 | >-6 | 5 | -4 | 3 | 128 ]
[ -127 | -2 | 0 | 0< | 0 | 0 | 0 | 0 | 0 | 0 | 0 | 0 | 0 | 5 | -5 | 5 | -5 | -6 | >5 | -4 | 3 | 128 ]
[ -127 | -2 | 0< | 0 | 0 | 0 | 0 | 0 | 0 | 0 | 0 | 0 | 0 | 5 | -5 | 5 | -5 | -6 | >6 | -4 | 3 | 128 ]
[ -127 | -2 | 0< | 0 | 0 | 0 | 0 | 0 | 0 | 0 | 0 | 0 | 0 | 5 | -5 | 5 | -5 | -6 | >6 | -4 | 3 | 128 ]
[ -127 | -2< | 0 | 0 | 0 | 0 | 0 | 0 | 0 | 0 | 0 | 0 | 0 | 5 | -5 | 5 | -5 | -6 | >5 | -4 | 3 | 128 ]
[ -127 | -2< | 0 | 0 | 0 | 0 | 0 | 0 | 0 | 0 | 0 | 0 | 0 | 5 | -5 | 5 | -5 | -6 | 5 | >-4 | 3 | 128 ]
[ -127 | -1< | 0 | 0 | 0 | 0 | 0 | 0 | 0 | 0 | 0 | 0 | 0 | 5 | -5 | 5 | -5 | -6 | 5 | >-3 | 3 | 128 ]
[ -127 | 0< | 0 | 0 | 0 | 0 | 0 | 0 | 0 | 0 | 0 | 0 | 0 | 5 | -5 | 5 | -5 | -6 | 5 | >-3 | 3 | 128 ]
[ -127 | 1< | 0 | 0 | 0 | 0 | 0 | 0 | 0 | 0 | 0 | 0 | 0 | 5 | -5 | 5 | -5 | -6 | 5 | >-4 | 3 | 128 ]
[ -127 | 2< | 0 | 0 | 0 | 0 | 0 | 0 | 0 | 0 | 0 | 0 | 0 | 5 | -5 | 5 | -5 | -6 | 5 | -4 | >3 | 128 ]
[ -127 | 2< | 0 | 0 | 0 | 0 | 0 | 0 | 0 | 0 | 0 | 0 | 0 | 5 | -5 | 5 | -5 | -6 | 5 | -4 | >4 | 128 ]
[ -127 | 1< | 0 | 0 | 0 | 0 | 0 | 0 | 0 | 0 | 0 | 0 | 0 | 5 | -5 | 5 | -5 | -6 | 5 | -4 | >4 | 128 ]
[ -127 | 1< | 0 | 0 | 0 | 0 | 0 | 0 | 0 | 0 | 0 | 0 | 0 | 5 | -5 | 5 | -5 | -6 | 5 | -4 | >3 | 128 ]
[ -127 | 0< | 0 | 0 | 0 | 0 | 0 | 0 | 0 | 0 | 0 | 0 | 0 | 5 | -5 | 5 | -5 | -6 | 5 | -4 | 3 | >128 ]
[ -127 | 0< | 0 | 0 | 0 | 0 | 0 | 0 | 0 | 0 | 0 | 0 | 0 | 5 | -5 | 5 | -5 | -6 | 5 | -4 | 3 | >-127 ]
[ -127 | 0< | 0 | 0 | 0 | 0 | 0 | 0 | 0 | 0 | 0 | 0 | 0 | 5 | -5 | 5 | -5 | -6 | 5 | -4 | 3 | >-127 ]
[ -127< | 0 | 0 | 0 | 0 | 0 | 0 | 0 | 0 | 0 | 0 | 0 | 0 | 5 | -5 | 5 | -5 | -6 | 5 | -4 | 3 | >128 ]
[ >-127< | 0 | 0 | 0 | 0 | 0 | 0 | 0 | 0 | 0 | 0 | 0 | 0 | 5 | -5 | 5 | -5 | -6 | 5 | -4 | 3 | 128 ]

===== SeeSawRush won the battle after 88 cycles =====



===== Starting battle of <MetaJSRandomBot> vs <SeeSawRush> with memory tape size: 16 =====

[ >128 | 0 | 0 | 0 | 0 | 0 | 0 | 0 | 0 | 0 | 0 | 0 | 0 | 0 | 0 | 128< ]
[ >-127 | 0 | 0 | 0 | 0 | 0 | 0 | 0 | 0 | 0 | 0 | 0 | 0 | 0 | 0< | 128 ]
[ >-127 | 0 | 0 | 0 | 0 | 0 | 0 | 0 | 0 | 0 | 0 | 0 | 0 | 0< | 0 | 128 ]
[ >-127 | 0 | 0 | 0 | 0 | 0 | 0 | 0 | 0 | 0 | 0 | 0 | 0< | 0 | 0 | 128 ]
[ -127 | >0 | 0 | 0 | 0 | 0 | 0 | 0 | 0 | 0 | 0 | 0< | 0 | 0 | 0 | 128 ]
[ -127 | >-1 | 0 | 0 | 0 | 0 | 0 | 0 | 0 | 0 | 0 | -1< | 0 | 0 | 0 | 128 ]
[ -127 | >-1 | 0 | 0 | 0 | 0 | 0 | 0 | 0 | 0 | 0 | -2< | 0 | 0 | 0 | 128 ]
[ -127 | >-2 | 0 | 0 | 0 | 0 | 0 | 0 | 0 | 0 | 0 | -3< | 0 | 0 | 0 | 128 ]
[ -127 | -2 | >0 | 0 | 0 | 0 | 0 | 0 | 0 | 0 | 0 | -4< | 0 | 0 | 0 | 128 ]
[ -127 | -2 | >1 | 0 | 0 | 0 | 0 | 0 | 0 | 0 | 0 | -5< | 0 | 0 | 0 | 128 ]
[ -127 | -2 | >1 | 0 | 0 | 0 | 0 | 0 | 0 | 0 | 0 | -6< | 0 | 0 | 0 | 128 ]
[ -127 | -2 | >0 | 0 | 0 | 0 | 0 | 0 | 0 | 0 | 0 | -6 | 0< | 0 | 0 | 128 ]
[ -127 | -2 | 0 | >0 | 0 | 0 | 0 | 0 | 0 | 0 | 0 | -6 | 1< | 0 | 0 | 128 ]
[ -127 | -2 | 0 | >1 | 0 | 0 | 0 | 0 | 0 | 0 | 0 | -6 | 2< | 0 | 0 | 128 ]
[ -127 | -2 | 0 | >1 | 0 | 0 | 0 | 0 | 0 | 0 | 0 | -6 | 3< | 0 | 0 | 128 ]
[ -127 | -2 | 0 | >0 | 0 | 0 | 0 | 0 | 0 | 0 | 0 | -6 | 4< | 0 | 0 | 128 ]
[ -127 | -2 | 0 | 0 | >0 | 0 | 0 | 0 | 0 | 0 | 0 | -6 | 5< | 0 | 0 | 128 ]
[ -127 | -2 | 0 | 0 | >1 | 0 | 0 | 0 | 0 | 0 | 0 | -6 | 5 | 0< | 0 | 128 ]
[ -127 | -2 | 0 | 0 | >1 | 0 | 0 | 0 | 0 | 0 | 0 | -6 | 5 | -1< | 0 | 128 ]
[ -127 | -2 | 0 | 0 | >0 | 0 | 0 | 0 | 0 | 0 | 0 | -6 | 5 | -2< | 0 | 128 ]
[ -127 | -2 | 0 | 0 | 0 | >0 | 0 | 0 | 0 | 0 | 0 | -6 | 5 | -3< | 0 | 128 ]
[ -127 | -2 | 0 | 0 | 0 | >1 | 0 | 0 | 0 | 0 | 0 | -6 | 5 | -4< | 0 | 128 ]
[ -127 | -2 | 0 | 0 | 0 | >1 | 0 | 0 | 0 | 0 | 0 | -6 | 5 | -4 | 0< | 128 ]
[ -127 | -2 | 0 | 0 | 0 | >0 | 0 | 0 | 0 | 0 | 0 | -6 | 5 | -4 | 1< | 128 ]
[ -127 | -2 | 0 | 0 | 0 | 0 | >0 | 0 | 0 | 0 | 0 | -6 | 5 | -4 | 2< | 128 ]
[ -127 | -2 | 0 | 0 | 0 | 0 | >1 | 0 | 0 | 0 | 0 | -6 | 5 | -4 | 3< | 128 ]
[ -127 | -2 | 0 | 0 | 0 | 0 | >1 | 0 | 0 | 0 | 0 | -6 | 5 | -4< | 3 | 128 ]
[ -127 | -2 | 0 | 0 | 0 | 0 | >0 | 0 | 0 | 0 | 0 | -6 | 5< | -4 | 3 | 128 ]
[ -127 | -2 | 0 | 0 | 0 | 0 | 0 | >0 | 0 | 0 | 0 | -6< | 5 | -4 | 3 | 128 ]
[ -127 | -2 | 0 | 0 | 0 | 0 | 0 | >1 | 0 | 0 | 0< | -6 | 5 | -4 | 3 | 128 ]
[ -127 | -2 | 0 | 0 | 0 | 0 | 0 | >1 | 0 | 0 | -1< | -6 | 5 | -4 | 3 | 128 ]
[ -127 | -2 | 0 | 0 | 0 | 0 | 0 | >0 | 0 | 0 | -2< | -6 | 5 | -4 | 3 | 128 ]
[ -127 | -2 | 0 | 0 | 0 | 0 | 0 | 0 | >0 | 0 | -3< | -6 | 5 | -4 | 3 | 128 ]
[ -127 | -2 | 0 | 0 | 0 | 0 | 0 | 0 | >1 | 0 | -4< | -6 | 5 | -4 | 3 | 128 ]
[ -127 | -2 | 0 | 0 | 0 | 0 | 0 | 0 | >1 | 0 | -5< | -6 | 5 | -4 | 3 | 128 ]
[ -127 | -2 | 0 | 0 | 0 | 0 | 0 | 0 | >0 | 0< | -5 | -6 | 5 | -4 | 3 | 128 ]
[ -127 | -2 | 0 | 0 | 0 | 0 | 0 | 0 | 0 | >1< | -5 | -6 | 5 | -4 | 3 | 128 ]
[ -127 | -2 | 0 | 0 | 0 | 0 | 0 | 0 | 0 | >3< | -5 | -6 | 5 | -4 | 3 | 128 ]
[ -127 | -2 | 0 | 0 | 0 | 0 | 0 | 0 | 0 | >4< | -5 | -6 | 5 | -4 | 3 | 128 ]
[ -127 | -2 | 0 | 0 | 0 | 0 | 0 | 0 | 0 | >4< | -5 | -6 | 5 | -4 | 3 | 128 ]
[ -127 | -2 | 0 | 0 | 0 | 0 | 0 | 0 | 0 | 5< | >-5 | -6 | 5 | -4 | 3 | 128 ]
[ -127 | -2 | 0 | 0 | 0 | 0 | 0 | 0 | 0< | 5 | >-4 | -6 | 5 | -4 | 3 | 128 ]
[ -127 | -2 | 0 | 0 | 0 | 0 | 0 | 0 | -1< | 5 | >-4 | -6 | 5 | -4 | 3 | 128 ]
[ -127 | -2 | 0 | 0 | 0 | 0 | 0 | 0 | -2< | 5 | >-5 | -6 | 5 | -4 | 3 | 128 ]
[ -127 | -2 | 0 | 0 | 0 | 0 | 0 | 0 | -3< | 5 | -5 | >-6 | 5 | -4 | 3 | 128 ]
[ -127 | -2 | 0 | 0 | 0 | 0 | 0 | 0 | -4< | 5 | -5 | >-5 | 5 | -4 | 3 | 128 ]
[ -127 | -2 | 0 | 0 | 0 | 0 | 0 | 0 | -5< | 5 | -5 | >-5 | 5 | -4 | 3 | 128 ]
[ -127 | -2 | 0 | 0 | 0 | 0 | 0 | 0< | -5 | 5 | -5 | >-6 | 5 | -4 | 3 | 128 ]
[ -127 | -2 | 0 | 0 | 0 | 0 | 0 | 1< | -5 | 5 | -5 | -6 | >5 | -4 | 3 | 128 ]
[ -127 | -2 | 0 | 0 | 0 | 0 | 0 | 2< | -5 | 5 | -5 | -6 | >6 | -4 | 3 | 128 ]
[ -127 | -2 | 0 | 0 | 0 | 0 | 0 | 3< | -5 | 5 | -5 | -6 | >6 | -4 | 3 | 128 ]
[ -127 | -2 | 0 | 0 | 0 | 0 | 0 | 4< | -5 | 5 | -5 | -6 | >5 | -4 | 3 | 128 ]
[ -127 | -2 | 0 | 0 | 0 | 0 | 0 | 5< | -5 | 5 | -5 | -6 | 5 | >-4 | 3 | 128 ]
[ -127 | -2 | 0 | 0 | 0 | 0 | 0< | 5 | -5 | 5 | -5 | -6 | 5 | >-3 | 3 | 128 ]
[ -127 | -2 | 0 | 0 | 0 | 0 | 0< | 5 | -5 | 5 | -5 | -6 | 5 | >-3 | 3 | 128 ]
[ -127 | -2 | 0 | 0 | 0 | 0< | 0 | 5 | -5 | 5 | -5 | -6 | 5 | >-4 | 3 | 128 ]
[ -127 | -2 | 0 | 0 | 0 | 0< | 0 | 5 | -5 | 5 | -5 | -6 | 5 | -4 | >3 | 128 ]
[ -127 | -2 | 0 | 0 | 0< | 0 | 0 | 5 | -5 | 5 | -5 | -6 | 5 | -4 | >4 | 128 ]
[ -127 | -2 | 0 | 0 | 0< | 0 | 0 | 5 | -5 | 5 | -5 | -6 | 5 | -4 | >4 | 128 ]
[ -127 | -2 | 0 | 0< | 0 | 0 | 0 | 5 | -5 | 5 | -5 | -6 | 5 | -4 | >3 | 128 ]
[ -127 | -2 | 0 | 0< | 0 | 0 | 0 | 5 | -5 | 5 | -5 | -6 | 5 | -4 | 3 | >128 ]
[ -127 | -2 | 0< | 0 | 0 | 0 | 0 | 5 | -5 | 5 | -5 | -6 | 5 | -4 | 3 | >-127 ]
[ -127 | -2 | 0< | 0 | 0 | 0 | 0 | 5 | -5 | 5 | -5 | -6 | 5 | -4 | 3 | >-127 ]
[ -127 | -2< | 0 | 0 | 0 | 0 | 0 | 5 | -5 | 5 | -5 | -6 | 5 | -4 | 3 | >128 ]
[ >-127 | -2< | 0 | 0 | 0 | 0 | 0 | 5 | -5 | 5 | -5 | -6 | 5 | -4 | 3 | 128 ]

===== SeeSawRush won the battle after 64 cycles =====



===== Starting battle of <MetaJSRandomBot> vs <SeeSawRush> with memory tape size: 14 =====

[ >128 | 0 | 0 | 0 | 0 | 0 | 0 | 0 | 0 | 0 | 0 | 0 | 0 | 128< ]
[ >-127 | 0 | 0 | 0 | 0 | 0 | 0 | 0 | 0 | 0 | 0 | 0 | 0< | 128 ]
[ >-127 | 0 | 0 | 0 | 0 | 0 | 0 | 0 | 0 | 0 | 0 | 0< | 0 | 128 ]
[ >-127 | 0 | 0 | 0 | 0 | 0 | 0 | 0 | 0 | 0 | 0< | 0 | 0 | 128 ]
[ -127 | >0 | 0 | 0 | 0 | 0 | 0 | 0 | 0 | 0< | 0 | 0 | 0 | 128 ]
[ -127 | >-1 | 0 | 0 | 0 | 0 | 0 | 0 | 0 | -1< | 0 | 0 | 0 | 128 ]
[ -127 | >-1 | 0 | 0 | 0 | 0 | 0 | 0 | 0 | -2< | 0 | 0 | 0 | 128 ]
[ -127 | >-2 | 0 | 0 | 0 | 0 | 0 | 0 | 0 | -3< | 0 | 0 | 0 | 128 ]
[ -127 | -2 | >0 | 0 | 0 | 0 | 0 | 0 | 0 | -4< | 0 | 0 | 0 | 128 ]
[ -127 | -2 | >1 | 0 | 0 | 0 | 0 | 0 | 0 | -5< | 0 | 0 | 0 | 128 ]
[ -127 | -2 | >1 | 0 | 0 | 0 | 0 | 0 | 0 | -6< | 0 | 0 | 0 | 128 ]
[ -127 | -2 | >0 | 0 | 0 | 0 | 0 | 0 | 0 | -6 | 0< | 0 | 0 | 128 ]
[ -127 | -2 | 0 | >0 | 0 | 0 | 0 | 0 | 0 | -6 | 1< | 0 | 0 | 128 ]
[ -127 | -2 | 0 | >1 | 0 | 0 | 0 | 0 | 0 | -6 | 2< | 0 | 0 | 128 ]
[ -127 | -2 | 0 | >1 | 0 | 0 | 0 | 0 | 0 | -6 | 3< | 0 | 0 | 128 ]
[ -127 | -2 | 0 | >0 | 0 | 0 | 0 | 0 | 0 | -6 | 4< | 0 | 0 | 128 ]
[ -127 | -2 | 0 | 0 | >0 | 0 | 0 | 0 | 0 | -6 | 5< | 0 | 0 | 128 ]
[ -127 | -2 | 0 | 0 | >1 | 0 | 0 | 0 | 0 | -6 | 5 | 0< | 0 | 128 ]
[ -127 | -2 | 0 | 0 | >1 | 0 | 0 | 0 | 0 | -6 | 5 | -1< | 0 | 128 ]
[ -127 | -2 | 0 | 0 | >0 | 0 | 0 | 0 | 0 | -6 | 5 | -2< | 0 | 128 ]
[ -127 | -2 | 0 | 0 | 0 | >0 | 0 | 0 | 0 | -6 | 5 | -3< | 0 | 128 ]
[ -127 | -2 | 0 | 0 | 0 | >1 | 0 | 0 | 0 | -6 | 5 | -4< | 0 | 128 ]
[ -127 | -2 | 0 | 0 | 0 | >1 | 0 | 0 | 0 | -6 | 5 | -4 | 0< | 128 ]
[ -127 | -2 | 0 | 0 | 0 | >0 | 0 | 0 | 0 | -6 | 5 | -4 | 1< | 128 ]
[ -127 | -2 | 0 | 0 | 0 | 0 | >0 | 0 | 0 | -6 | 5 | -4 | 2< | 128 ]
[ -127 | -2 | 0 | 0 | 0 | 0 | >1 | 0 | 0 | -6 | 5 | -4 | 3< | 128 ]
[ -127 | -2 | 0 | 0 | 0 | 0 | >1 | 0 | 0 | -6 | 5 | -4< | 3 | 128 ]
[ -127 | -2 | 0 | 0 | 0 | 0 | >0 | 0 | 0 | -6 | 5< | -4 | 3 | 128 ]
[ -127 | -2 | 0 | 0 | 0 | 0 | 0 | >0 | 0 | -6< | 5 | -4 | 3 | 128 ]
[ -127 | -2 | 0 | 0 | 0 | 0 | 0 | >1 | 0< | -6 | 5 | -4 | 3 | 128 ]
[ -127 | -2 | 0 | 0 | 0 | 0 | 0 | >1 | -1< | -6 | 5 | -4 | 3 | 128 ]
[ -127 | -2 | 0 | 0 | 0 | 0 | 0 | >0 | -2< | -6 | 5 | -4 | 3 | 128 ]
[ -127 | -2 | 0 | 0 | 0 | 0 | 0 | 0 | >-3< | -6 | 5 | -4 | 3 | 128 ]
[ -127 | -2 | 0 | 0 | 0 | 0 | 0 | 0 | >-3< | -6 | 5 | -4 | 3 | 128 ]
[ -127 | -2 | 0 | 0 | 0 | 0 | 0 | 0 | >-4< | -6 | 5 | -4 | 3 | 128 ]
[ -127 | -2 | 0 | 0 | 0 | 0 | 0 | 0< | >-5 | -6 | 5 | -4 | 3 | 128 ]
[ -127 | -2 | 0 | 0 | 0 | 0 | 0 | 1< | -5 | >-6 | 5 | -4 | 3 | 128 ]
[ -127 | -2 | 0 | 0 | 0 | 0 | 0 | 2< | -5 | >-5 | 5 | -4 | 3 | 128 ]
[ -127 | -2 | 0 | 0 | 0 | 0 | 0 | 3< | -5 | >-5 | 5 | -4 | 3 | 128 ]
[ -127 | -2 | 0 | 0 | 0 | 0 | 0 | 4< | -5 | >-6 | 5 | -4 | 3 | 128 ]
[ -127 | -2 | 0 | 0 | 0 | 0 | 0 | 5< | -5 | -6 | >5 | -4 | 3 | 128 ]
[ -127 | -2 | 0 | 0 | 0 | 0 | 0< | 5 | -5 | -6 | >6 | -4 | 3 | 128 ]
[ -127 | -2 | 0 | 0 | 0 | 0 | -1< | 5 | -5 | -6 | >6 | -4 | 3 | 128 ]
[ -127 | -2 | 0 | 0 | 0 | 0 | -2< | 5 | -5 | -6 | >5 | -4 | 3 | 128 ]
[ -127 | -2 | 0 | 0 | 0 | 0 | -3< | 5 | -5 | -6 | 5 | >-4 | 3 | 128 ]
[ -127 | -2 | 0 | 0 | 0 | 0 | -4< | 5 | -5 | -6 | 5 | >-3 | 3 | 128 ]
[ -127 | -2 | 0 | 0 | 0 | 0 | -5< | 5 | -5 | -6 | 5 | >-3 | 3 | 128 ]
[ -127 | -2 | 0 | 0 | 0 | 0< | -5 | 5 | -5 | -6 | 5 | >-4 | 3 | 128 ]
[ -127 | -2 | 0 | 0 | 0 | 1< | -5 | 5 | -5 | -6 | 5 | -4 | >3 | 128 ]
[ -127 | -2 | 0 | 0 | 0 | 2< | -5 | 5 | -5 | -6 | 5 | -4 | >4 | 128 ]
[ -127 | -2 | 0 | 0 | 0 | 3< | -5 | 5 | -5 | -6 | 5 | -4 | >4 | 128 ]
[ -127 | -2 | 0 | 0 | 0 | 4< | -5 | 5 | -5 | -6 | 5 | -4 | >3 | 128 ]
[ -127 | -2 | 0 | 0 | 0 | 5< | -5 | 5 | -5 | -6 | 5 | -4 | 3 | >128 ]
[ -127 | -2 | 0 | 0 | 0< | 5 | -5 | 5 | -5 | -6 | 5 | -4 | 3 | >-127 ]
[ -127 | -2 | 0 | 0 | 0< | 5 | -5 | 5 | -5 | -6 | 5 | -4 | 3 | >-127 ]
[ -127 | -2 | 0 | 0< | 0 | 5 | -5 | 5 | -5 | -6 | 5 | -4 | 3 | >128 ]
[ >-127 | -2 | 0 | 0< | 0 | 5 | -5 | 5 | -5 | -6 | 5 | -4 | 3 | 128 ]

===== SeeSawRush won the battle after 56 cycles =====



===== Starting battle of <MetaJSRandomBot> vs <SeeSawRush> with memory tape size: 15 =====

[ >128 | 0 | 0 | 0 | 0 | 0 | 0 | 0 | 0 | 0 | 0 | 0 | 0 | 0 | 128< ]
[ >-127 | 0 | 0 | 0 | 0 | 0 | 0 | 0 | 0 | 0 | 0 | 0 | 0 | 0< | 128 ]
[ >-127 | 0 | 0 | 0 | 0 | 0 | 0 | 0 | 0 | 0 | 0 | 0 | 0< | 0 | 128 ]
[ >-127 | 0 | 0 | 0 | 0 | 0 | 0 | 0 | 0 | 0 | 0 | 0< | 0 | 0 | 128 ]
[ -127 | >0 | 0 | 0 | 0 | 0 | 0 | 0 | 0 | 0 | 0< | 0 | 0 | 0 | 128 ]
[ -127 | >-1 | 0 | 0 | 0 | 0 | 0 | 0 | 0 | 0 | -1< | 0 | 0 | 0 | 128 ]
[ -127 | >-1 | 0 | 0 | 0 | 0 | 0 | 0 | 0 | 0 | -2< | 0 | 0 | 0 | 128 ]
[ -127 | >-2 | 0 | 0 | 0 | 0 | 0 | 0 | 0 | 0 | -3< | 0 | 0 | 0 | 128 ]
[ -127 | -2 | >0 | 0 | 0 | 0 | 0 | 0 | 0 | 0 | -4< | 0 | 0 | 0 | 128 ]
[ -127 | -2 | >1 | 0 | 0 | 0 | 0 | 0 | 0 | 0 | -5< | 0 | 0 | 0 | 128 ]
[ -127 | -2 | >1 | 0 | 0 | 0 | 0 | 0 | 0 | 0 | -6< | 0 | 0 | 0 | 128 ]
[ -127 | -2 | >0 | 0 | 0 | 0 | 0 | 0 | 0 | 0 | -6 | 0< | 0 | 0 | 128 ]
[ -127 | -2 | 0 | >0 | 0 | 0 | 0 | 0 | 0 | 0 | -6 | 1< | 0 | 0 | 128 ]
[ -127 | -2 | 0 | >1 | 0 | 0 | 0 | 0 | 0 | 0 | -6 | 2< | 0 | 0 | 128 ]
[ -127 | -2 | 0 | >1 | 0 | 0 | 0 | 0 | 0 | 0 | -6 | 3< | 0 | 0 | 128 ]
[ -127 | -2 | 0 | >0 | 0 | 0 | 0 | 0 | 0 | 0 | -6 | 4< | 0 | 0 | 128 ]
[ -127 | -2 | 0 | 0 | >0 | 0 | 0 | 0 | 0 | 0 | -6 | 5< | 0 | 0 | 128 ]
[ -127 | -2 | 0 | 0 | >1 | 0 | 0 | 0 | 0 | 0 | -6 | 5 | 0< | 0 | 128 ]
[ -127 | -2 | 0 | 0 | >1 | 0 | 0 | 0 | 0 | 0 | -6 | 5 | -1< | 0 | 128 ]
[ -127 | -2 | 0 | 0 | >0 | 0 | 0 | 0 | 0 | 0 | -6 | 5 | -2< | 0 | 128 ]
[ -127 | -2 | 0 | 0 | 0 | >0 | 0 | 0 | 0 | 0 | -6 | 5 | -3< | 0 | 128 ]
[ -127 | -2 | 0 | 0 | 0 | >1 | 0 | 0 | 0 | 0 | -6 | 5 | -4< | 0 | 128 ]
[ -127 | -2 | 0 | 0 | 0 | >1 | 0 | 0 | 0 | 0 | -6 | 5 | -4 | 0< | 128 ]
[ -127 | -2 | 0 | 0 | 0 | >0 | 0 | 0 | 0 | 0 | -6 | 5 | -4 | 1< | 128 ]
[ -127 | -2 | 0 | 0 | 0 | 0 | >0 | 0 | 0 | 0 | -6 | 5 | -4 | 2< | 128 ]
[ -127 | -2 | 0 | 0 | 0 | 0 | >1 | 0 | 0 | 0 | -6 | 5 | -4 | 3< | 128 ]
[ -127 | -2 | 0 | 0 | 0 | 0 | >1 | 0 | 0 | 0 | -6 | 5 | -4< | 3 | 128 ]
[ -127 | -2 | 0 | 0 | 0 | 0 | >0 | 0 | 0 | 0 | -6 | 5< | -4 | 3 | 128 ]
[ -127 | -2 | 0 | 0 | 0 | 0 | 0 | >0 | 0 | 0 | -6< | 5 | -4 | 3 | 128 ]
[ -127 | -2 | 0 | 0 | 0 | 0 | 0 | >1 | 0 | 0< | -6 | 5 | -4 | 3 | 128 ]
[ -127 | -2 | 0 | 0 | 0 | 0 | 0 | >1 | 0 | -1< | -6 | 5 | -4 | 3 | 128 ]
[ -127 | -2 | 0 | 0 | 0 | 0 | 0 | >0 | 0 | -2< | -6 | 5 | -4 | 3 | 128 ]
[ -127 | -2 | 0 | 0 | 0 | 0 | 0 | 0 | >0 | -3< | -6 | 5 | -4 | 3 | 128 ]
[ -127 | -2 | 0 | 0 | 0 | 0 | 0 | 0 | >1 | -4< | -6 | 5 | -4 | 3 | 128 ]
[ -127 | -2 | 0 | 0 | 0 | 0 | 0 | 0 | >1 | -5< | -6 | 5 | -4 | 3 | 128 ]
[ -127 | -2 | 0 | 0 | 0 | 0 | 0 | 0 | >0< | -5 | -6 | 5 | -4 | 3 | 128 ]
[ -127 | -2 | 0 | 0 | 0 | 0 | 0 | 0 | 1< | >-5 | -6 | 5 | -4 | 3 | 128 ]
[ -127 | -2 | 0 | 0 | 0 | 0 | 0 | 0 | 2< | >-4 | -6 | 5 | -4 | 3 | 128 ]
[ -127 | -2 | 0 | 0 | 0 | 0 | 0 | 0 | 3< | >-4 | -6 | 5 | -4 | 3 | 128 ]
[ -127 | -2 | 0 | 0 | 0 | 0 | 0 | 0 | 4< | >-5 | -6 | 5 | -4 | 3 | 128 ]
[ -127 | -2 | 0 | 0 | 0 | 0 | 0 | 0 | 5< | -5 | >-6 | 5 | -4 | 3 | 128 ]
[ -127 | -2 | 0 | 0 | 0 | 0 | 0 | 0< | 5 | -5 | >-5 | 5 | -4 | 3 | 128 ]
[ -127 | -2 | 0 | 0 | 0 | 0 | 0 | -1< | 5 | -5 | >-5 | 5 | -4 | 3 | 128 ]
[ -127 | -2 | 0 | 0 | 0 | 0 | 0 | -2< | 5 | -5 | >-6 | 5 | -4 | 3 | 128 ]
[ -127 | -2 | 0 | 0 | 0 | 0 | 0 | -3< | 5 | -5 | -6 | >5 | -4 | 3 | 128 ]
[ -127 | -2 | 0 | 0 | 0 | 0 | 0 | -4< | 5 | -5 | -6 | >6 | -4 | 3 | 128 ]
[ -127 | -2 | 0 | 0 | 0 | 0 | 0 | -5< | 5 | -5 | -6 | >6 | -4 | 3 | 128 ]
[ -127 | -2 | 0 | 0 | 0 | 0 | 0< | -5 | 5 | -5 | -6 | >5 | -4 | 3 | 128 ]
[ -127 | -2 | 0 | 0 | 0 | 0 | 1< | -5 | 5 | -5 | -6 | 5 | >-4 | 3 | 128 ]
[ -127 | -2 | 0 | 0 | 0 | 0 | 2< | -5 | 5 | -5 | -6 | 5 | >-3 | 3 | 128 ]
[ -127 | -2 | 0 | 0 | 0 | 0 | 3< | -5 | 5 | -5 | -6 | 5 | >-3 | 3 | 128 ]
[ -127 | -2 | 0 | 0 | 0 | 0 | 4< | -5 | 5 | -5 | -6 | 5 | >-4 | 3 | 128 ]
[ -127 | -2 | 0 | 0 | 0 | 0 | 5< | -5 | 5 | -5 | -6 | 5 | -4 | >3 | 128 ]
[ -127 | -2 | 0 | 0 | 0 | 0< | 5 | -5 | 5 | -5 | -6 | 5 | -4 | >4 | 128 ]
[ -127 | -2 | 0 | 0 | 0 | 0< | 5 | -5 | 5 | -5 | -6 | 5 | -4 | >4 | 128 ]
[ -127 | -2 | 0 | 0 | 0< | 0 | 5 | -5 | 5 | -5 | -6 | 5 | -4 | >3 | 128 ]
[ -127 | -2 | 0 | 0 | 0< | 0 | 5 | -5 | 5 | -5 | -6 | 5 | -4 | 3 | >128 ]
[ -127 | -2 | 0 | 0< | 0 | 0 | 5 | -5 | 5 | -5 | -6 | 5 | -4 | 3 | >-127 ]
[ -127 | -2 | 0 | 0< | 0 | 0 | 5 | -5 | 5 | -5 | -6 | 5 | -4 | 3 | >-127 ]
[ -127 | -2 | 0< | 0 | 0 | 0 | 5 | -5 | 5 | -5 | -6 | 5 | -4 | 3 | >128 ]
[ >-127 | -2 | 0< | 0 | 0 | 0 | 5 | -5 | 5 | -5 | -6 | 5 | -4 | 3 | 128 ]

===== SeeSawRush won the battle after 60 cycles =====



===== Starting battle of <MetaJSRandomBot> vs <SeeSawRush> with memory tape size: 13 =====

[ >128 | 0 | 0 | 0 | 0 | 0 | 0 | 0 | 0 | 0 | 0 | 0 | 128< ]
[ >-127 | 0 | 0 | 0 | 0 | 0 | 0 | 0 | 0 | 0 | 0 | 0< | 128 ]
[ >-127 | 0 | 0 | 0 | 0 | 0 | 0 | 0 | 0 | 0 | 0< | 0 | 128 ]
[ >-127 | 0 | 0 | 0 | 0 | 0 | 0 | 0 | 0 | 0< | 0 | 0 | 128 ]
[ -127 | >0 | 0 | 0 | 0 | 0 | 0 | 0 | 0< | 0 | 0 | 0 | 128 ]
[ -127 | >-1 | 0 | 0 | 0 | 0 | 0 | 0 | -1< | 0 | 0 | 0 | 128 ]
[ -127 | >-1 | 0 | 0 | 0 | 0 | 0 | 0 | -2< | 0 | 0 | 0 | 128 ]
[ -127 | >-2 | 0 | 0 | 0 | 0 | 0 | 0 | -3< | 0 | 0 | 0 | 128 ]
[ -127 | -2 | >0 | 0 | 0 | 0 | 0 | 0 | -4< | 0 | 0 | 0 | 128 ]
[ -127 | -2 | >1 | 0 | 0 | 0 | 0 | 0 | -5< | 0 | 0 | 0 | 128 ]
[ -127 | -2 | >1 | 0 | 0 | 0 | 0 | 0 | -6< | 0 | 0 | 0 | 128 ]
[ -127 | -2 | >0 | 0 | 0 | 0 | 0 | 0 | -6 | 0< | 0 | 0 | 128 ]
[ -127 | -2 | 0 | >0 | 0 | 0 | 0 | 0 | -6 | 1< | 0 | 0 | 128 ]
[ -127 | -2 | 0 | >1 | 0 | 0 | 0 | 0 | -6 | 2< | 0 | 0 | 128 ]
[ -127 | -2 | 0 | >1 | 0 | 0 | 0 | 0 | -6 | 3< | 0 | 0 | 128 ]
[ -127 | -2 | 0 | >0 | 0 | 0 | 0 | 0 | -6 | 4< | 0 | 0 | 128 ]
[ -127 | -2 | 0 | 0 | >0 | 0 | 0 | 0 | -6 | 5< | 0 | 0 | 128 ]
[ -127 | -2 | 0 | 0 | >1 | 0 | 0 | 0 | -6 | 5 | 0< | 0 | 128 ]
[ -127 | -2 | 0 | 0 | >1 | 0 | 0 | 0 | -6 | 5 | -1< | 0 | 128 ]
[ -127 | -2 | 0 | 0 | >0 | 0 | 0 | 0 | -6 | 5 | -2< | 0 | 128 ]
[ -127 | -2 | 0 | 0 | 0 | >0 | 0 | 0 | -6 | 5 | -3< | 0 | 128 ]
[ -127 | -2 | 0 | 0 | 0 | >1 | 0 | 0 | -6 | 5 | -4< | 0 | 128 ]
[ -127 | -2 | 0 | 0 | 0 | >1 | 0 | 0 | -6 | 5 | -4 | 0< | 128 ]
[ -127 | -2 | 0 | 0 | 0 | >0 | 0 | 0 | -6 | 5 | -4 | 1< | 128 ]
[ -127 | -2 | 0 | 0 | 0 | 0 | >0 | 0 | -6 | 5 | -4 | 2< | 128 ]
[ -127 | -2 | 0 | 0 | 0 | 0 | >1 | 0 | -6 | 5 | -4 | 3< | 128 ]
[ -127 | -2 | 0 | 0 | 0 | 0 | >1 | 0 | -6 | 5 | -4< | 3 | 128 ]
[ -127 | -2 | 0 | 0 | 0 | 0 | >0 | 0 | -6 | 5< | -4 | 3 | 128 ]
[ -127 | -2 | 0 | 0 | 0 | 0 | 0 | >0 | -6< | 5 | -4 | 3 | 128 ]
[ -127 | -2 | 0 | 0 | 0 | 0 | 0 | >1< | -6 | 5 | -4 | 3 | 128 ]
[ -127 | -2 | 0 | 0 | 0 | 0 | 0 | >0< | -6 | 5 | -4 | 3 | 128 ]
[ -127 | -2 | 0 | 0 | 0 | 0 | 0 | >-2< | -6 | 5 | -4 | 3 | 128 ]
[ -127 | -2 | 0 | 0 | 0 | 0 | 0 | -3< | >-6 | 5 | -4 | 3 | 128 ]
[ -127 | -2 | 0 | 0 | 0 | 0 | 0 | -4< | >-5 | 5 | -4 | 3 | 128 ]
[ -127 | -2 | 0 | 0 | 0 | 0 | 0 | -5< | >-5 | 5 | -4 | 3 | 128 ]
[ -127 | -2 | 0 | 0 | 0 | 0 | 0< | -5 | >-6 | 5 | -4 | 3 | 128 ]
[ -127 | -2 | 0 | 0 | 0 | 0 | 1< | -5 | -6 | >5 | -4 | 3 | 128 ]
[ -127 | -2 | 0 | 0 | 0 | 0 | 2< | -5 | -6 | >6 | -4 | 3 | 128 ]
[ -127 | -2 | 0 | 0 | 0 | 0 | 3< | -5 | -6 | >6 | -4 | 3 | 128 ]
[ -127 | -2 | 0 | 0 | 0 | 0 | 4< | -5 | -6 | >5 | -4 | 3 | 128 ]
[ -127 | -2 | 0 | 0 | 0 | 0 | 5< | -5 | -6 | 5 | >-4 | 3 | 128 ]
[ -127 | -2 | 0 | 0 | 0 | 0< | 5 | -5 | -6 | 5 | >-3 | 3 | 128 ]
[ -127 | -2 | 0 | 0 | 0 | -1< | 5 | -5 | -6 | 5 | >-3 | 3 | 128 ]
[ -127 | -2 | 0 | 0 | 0 | -2< | 5 | -5 | -6 | 5 | >-4 | 3 | 128 ]
[ -127 | -2 | 0 | 0 | 0 | -3< | 5 | -5 | -6 | 5 | -4 | >3 | 128 ]
[ -127 | -2 | 0 | 0 | 0 | -4< | 5 | -5 | -6 | 5 | -4 | >4 | 128 ]
[ -127 | -2 | 0 | 0 | 0 | -5< | 5 | -5 | -6 | 5 | -4 | >4 | 128 ]
[ -127 | -2 | 0 | 0 | 0< | -5 | 5 | -5 | -6 | 5 | -4 | >3 | 128 ]
[ -127 | -2 | 0 | 0 | 1< | -5 | 5 | -5 | -6 | 5 | -4 | 3 | >128 ]
[ -127 | -2 | 0 | 0 | 2< | -5 | 5 | -5 | -6 | 5 | -4 | 3 | >-127 ]
[ -127 | -2 | 0 | 0 | 3< | -5 | 5 | -5 | -6 | 5 | -4 | 3 | >-127 ]
[ -127 | -2 | 0 | 0 | 4< | -5 | 5 | -5 | -6 | 5 | -4 | 3 | >128 ]
[ >-127 | -2 | 0 | 0 | 5< | -5 | 5 | -5 | -6 | 5 | -4 | 3 | 128 ]

===== SeeSawRush won the battle after 52 cycles =====



===== Starting battle of <MetaJSRandomBot> vs <SeeSawRush> with memory tape size: 17 =====

[ >128 | 0 | 0 | 0 | 0 | 0 | 0 | 0 | 0 | 0 | 0 | 0 | 0 | 0 | 0 | 0 | 128< ]
[ >-127 | 0 | 0 | 0 | 0 | 0 | 0 | 0 | 0 | 0 | 0 | 0 | 0 | 0 | 0 | 0< | 128 ]
[ >-127 | 0 | 0 | 0 | 0 | 0 | 0 | 0 | 0 | 0 | 0 | 0 | 0 | 0 | 0< | 0 | 128 ]
[ >-127 | 0 | 0 | 0 | 0 | 0 | 0 | 0 | 0 | 0 | 0 | 0 | 0 | 0< | 0 | 0 | 128 ]
[ -127 | >0 | 0 | 0 | 0 | 0 | 0 | 0 | 0 | 0 | 0 | 0 | 0< | 0 | 0 | 0 | 128 ]
[ -127 | >-1 | 0 | 0 | 0 | 0 | 0 | 0 | 0 | 0 | 0 | 0 | -1< | 0 | 0 | 0 | 128 ]
[ -127 | >-1 | 0 | 0 | 0 | 0 | 0 | 0 | 0 | 0 | 0 | 0 | -2< | 0 | 0 | 0 | 128 ]
[ -127 | >-2 | 0 | 0 | 0 | 0 | 0 | 0 | 0 | 0 | 0 | 0 | -3< | 0 | 0 | 0 | 128 ]
[ -127 | -2 | >0 | 0 | 0 | 0 | 0 | 0 | 0 | 0 | 0 | 0 | -4< | 0 | 0 | 0 | 128 ]
[ -127 | -2 | >1 | 0 | 0 | 0 | 0 | 0 | 0 | 0 | 0 | 0 | -5< | 0 | 0 | 0 | 128 ]
[ -127 | -2 | >1 | 0 | 0 | 0 | 0 | 0 | 0 | 0 | 0 | 0 | -6< | 0 | 0 | 0 | 128 ]
[ -127 | -2 | >0 | 0 | 0 | 0 | 0 | 0 | 0 | 0 | 0 | 0 | -6 | 0< | 0 | 0 | 128 ]
[ -127 | -2 | 0 | >0 | 0 | 0 | 0 | 0 | 0 | 0 | 0 | 0 | -6 | 1< | 0 | 0 | 128 ]
[ -127 | -2 | 0 | >1 | 0 | 0 | 0 | 0 | 0 | 0 | 0 | 0 | -6 | 2< | 0 | 0 | 128 ]
[ -127 | -2 | 0 | >1 | 0 | 0 | 0 | 0 | 0 | 0 | 0 | 0 | -6 | 3< | 0 | 0 | 128 ]
[ -127 | -2 | 0 | >0 | 0 | 0 | 0 | 0 | 0 | 0 | 0 | 0 | -6 | 4< | 0 | 0 | 128 ]
[ -127 | -2 | 0 | 0 | >0 | 0 | 0 | 0 | 0 | 0 | 0 | 0 | -6 | 5< | 0 | 0 | 128 ]
[ -127 | -2 | 0 | 0 | >1 | 0 | 0 | 0 | 0 | 0 | 0 | 0 | -6 | 5 | 0< | 0 | 128 ]
[ -127 | -2 | 0 | 0 | >1 | 0 | 0 | 0 | 0 | 0 | 0 | 0 | -6 | 5 | -1< | 0 | 128 ]
[ -127 | -2 | 0 | 0 | >0 | 0 | 0 | 0 | 0 | 0 | 0 | 0 | -6 | 5 | -2< | 0 | 128 ]
[ -127 | -2 | 0 | 0 | 0 | >0 | 0 | 0 | 0 | 0 | 0 | 0 | -6 | 5 | -3< | 0 | 128 ]
[ -127 | -2 | 0 | 0 | 0 | >1 | 0 | 0 | 0 | 0 | 0 | 0 | -6 | 5 | -4< | 0 | 128 ]
[ -127 | -2 | 0 | 0 | 0 | >1 | 0 | 0 | 0 | 0 | 0 | 0 | -6 | 5 | -4 | 0< | 128 ]
[ -127 | -2 | 0 | 0 | 0 | >0 | 0 | 0 | 0 | 0 | 0 | 0 | -6 | 5 | -4 | 1< | 128 ]
[ -127 | -2 | 0 | 0 | 0 | 0 | >0 | 0 | 0 | 0 | 0 | 0 | -6 | 5 | -4 | 2< | 128 ]
[ -127 | -2 | 0 | 0 | 0 | 0 | >1 | 0 | 0 | 0 | 0 | 0 | -6 | 5 | -4 | 3< | 128 ]
[ -127 | -2 | 0 | 0 | 0 | 0 | >1 | 0 | 0 | 0 | 0 | 0 | -6 | 5 | -4< | 3 | 128 ]
[ -127 | -2 | 0 | 0 | 0 | 0 | >0 | 0 | 0 | 0 | 0 | 0 | -6 | 5< | -4 | 3 | 128 ]
[ -127 | -2 | 0 | 0 | 0 | 0 | 0 | >0 | 0 | 0 | 0 | 0 | -6< | 5 | -4 | 3 | 128 ]
[ -127 | -2 | 0 | 0 | 0 | 0 | 0 | >1 | 0 | 0 | 0 | 0< | -6 | 5 | -4 | 3 | 128 ]
[ -127 | -2 | 0 | 0 | 0 | 0 | 0 | >1 | 0 | 0 | 0 | -1< | -6 | 5 | -4 | 3 | 128 ]
[ -127 | -2 | 0 | 0 | 0 | 0 | 0 | >0 | 0 | 0 | 0 | -2< | -6 | 5 | -4 | 3 | 128 ]
[ -127 | -2 | 0 | 0 | 0 | 0 | 0 | 0 | >0 | 0 | 0 | -3< | -6 | 5 | -4 | 3 | 128 ]
[ -127 | -2 | 0 | 0 | 0 | 0 | 0 | 0 | >1 | 0 | 0 | -4< | -6 | 5 | -4 | 3 | 128 ]
[ -127 | -2 | 0 | 0 | 0 | 0 | 0 | 0 | >1 | 0 | 0 | -5< | -6 | 5 | -4 | 3 | 128 ]
[ -127 | -2 | 0 | 0 | 0 | 0 | 0 | 0 | >0 | 0 | 0< | -5 | -6 | 5 | -4 | 3 | 128 ]
[ -127 | -2 | 0 | 0 | 0 | 0 | 0 | 0 | 0 | >0 | 1< | -5 | -6 | 5 | -4 | 3 | 128 ]
[ -127 | -2 | 0 | 0 | 0 | 0 | 0 | 0 | 0 | >1 | 2< | -5 | -6 | 5 | -4 | 3 | 128 ]
[ -127 | -2 | 0 | 0 | 0 | 0 | 0 | 0 | 0 | >1 | 3< | -5 | -6 | 5 | -4 | 3 | 128 ]
[ -127 | -2 | 0 | 0 | 0 | 0 | 0 | 0 | 0 | >0 | 4< | -5 | -6 | 5 | -4 | 3 | 128 ]
[ -127 | -2 | 0 | 0 | 0 | 0 | 0 | 0 | 0 | 0 | >5< | -5 | -6 | 5 | -4 | 3 | 128 ]
[ -127 | -2 | 0 | 0 | 0 | 0 | 0 | 0 | 0 | 0< | >6 | -5 | -6 | 5 | -4 | 3 | 128 ]
[ -127 | -2 | 0 | 0 | 0 | 0 | 0 | 0 | 0 | -1< | >6 | -5 | -6 | 5 | -4 | 3 | 128 ]
[ -127 | -2 | 0 | 0 | 0 | 0 | 0 | 0 | 0 | -2< | >5 | -5 | -6 | 5 | -4 | 3 | 128 ]
[ -127 | -2 | 0 | 0 | 0 | 0 | 0 | 0 | 0 | -3< | 5 | >-5 | -6 | 5 | -4 | 3 | 128 ]
[ -127 | -2 | 0 | 0 | 0 | 0 | 0 | 0 | 0 | -4< | 5 | >-4 | -6 | 5 | -4 | 3 | 128 ]
[ -127 | -2 | 0 | 0 | 0 | 0 | 0 | 0 | 0 | -5< | 5 | >-4 | -6 | 5 | -4 | 3 | 128 ]
[ -127 | -2 | 0 | 0 | 0 | 0 | 0 | 0 | 0< | -5 | 5 | >-5 | -6 | 5 | -4 | 3 | 128 ]
[ -127 | -2 | 0 | 0 | 0 | 0 | 0 | 0 | 1< | -5 | 5 | -5 | >-6 | 5 | -4 | 3 | 128 ]
[ -127 | -2 | 0 | 0 | 0 | 0 | 0 | 0 | 2< | -5 | 5 | -5 | >-5 | 5 | -4 | 3 | 128 ]
[ -127 | -2 | 0 | 0 | 0 | 0 | 0 | 0 | 3< | -5 | 5 | -5 | >-5 | 5 | -4 | 3 | 128 ]
[ -127 | -2 | 0 | 0 | 0 | 0 | 0 | 0 | 4< | -5 | 5 | -5 | >-6 | 5 | -4 | 3 | 128 ]
[ -127 | -2 | 0 | 0 | 0 | 0 | 0 | 0 | 5< | -5 | 5 | -5 | -6 | >5 | -4 | 3 | 128 ]
[ -127 | -2 | 0 | 0 | 0 | 0 | 0 | 0< | 5 | -5 | 5 | -5 | -6 | >6 | -4 | 3 | 128 ]
[ -127 | -2 | 0 | 0 | 0 | 0 | 0 | 0< | 5 | -5 | 5 | -5 | -6 | >6 | -4 | 3 | 128 ]
[ -127 | -2 | 0 | 0 | 0 | 0 | 0< | 0 | 5 | -5 | 5 | -5 | -6 | >5 | -4 | 3 | 128 ]
[ -127 | -2 | 0 | 0 | 0 | 0 | 0< | 0 | 5 | -5 | 5 | -5 | -6 | 5 | >-4 | 3 | 128 ]
[ -127 | -2 | 0 | 0 | 0 | 0< | 0 | 0 | 5 | -5 | 5 | -5 | -6 | 5 | >-3 | 3 | 128 ]
[ -127 | -2 | 0 | 0 | 0 | 0< | 0 | 0 | 5 | -5 | 5 | -5 | -6 | 5 | >-3 | 3 | 128 ]
[ -127 | -2 | 0 | 0 | 0< | 0 | 0 | 0 | 5 | -5 | 5 | -5 | -6 | 5 | >-4 | 3 | 128 ]
[ -127 | -2 | 0 | 0 | 0< | 0 | 0 | 0 | 5 | -5 | 5 | -5 | -6 | 5 | -4 | >3 | 128 ]
[ -127 | -2 | 0 | 0< | 0 | 0 | 0 | 0 | 5 | -5 | 5 | -5 | -6 | 5 | -4 | >4 | 128 ]
[ -127 | -2 | 0 | 0< | 0 | 0 | 0 | 0 | 5 | -5 | 5 | -5 | -6 | 5 | -4 | >4 | 128 ]
[ -127 | -2 | 0< | 0 | 0 | 0 | 0 | 0 | 5 | -5 | 5 | -5 | -6 | 5 | -4 | >3 | 128 ]
[ -127 | -2 | 0< | 0 | 0 | 0 | 0 | 0 | 5 | -5 | 5 | -5 | -6 | 5 | -4 | 3 | >128 ]
[ -127 | -2< | 0 | 0 | 0 | 0 | 0 | 0 | 5 | -5 | 5 | -5 | -6 | 5 | -4 | 3 | >-127 ]
[ -127 | -2< | 0 | 0 | 0 | 0 | 0 | 0 | 5 | -5 | 5 | -5 | -6 | 5 | -4 | 3 | >-127 ]
[ -127 | -1< | 0 | 0 | 0 | 0 | 0 | 0 | 5 | -5 | 5 | -5 | -6 | 5 | -4 | 3 | >128 ]
[ >-127 | 0< | 0 | 0 | 0 | 0 | 0 | 0 | 5 | -5 | 5 | -5 | -6 | 5 | -4 | 3 | 128 ]

===== SeeSawRush won the battle after 68 cycles =====



===== Starting battle of <MetaJSRandomBot> vs <SeeSawRush> with memory tape size: 10 =====

[ >128 | 0 | 0 | 0 | 0 | 0 | 0 | 0 | 0 | 128< ]
[ >-127 | 0 | 0 | 0 | 0 | 0 | 0 | 0 | 0< | 128 ]
[ >-127 | 0 | 0 | 0 | 0 | 0 | 0 | 0< | 0 | 128 ]
[ >-127 | 0 | 0 | 0 | 0 | 0 | 0< | 0 | 0 | 128 ]
[ -127 | >0 | 0 | 0 | 0 | 0< | 0 | 0 | 0 | 128 ]
[ -127 | >-1 | 0 | 0 | 0 | -1< | 0 | 0 | 0 | 128 ]
[ -127 | >-1 | 0 | 0 | 0 | -2< | 0 | 0 | 0 | 128 ]
[ -127 | >-2 | 0 | 0 | 0 | -3< | 0 | 0 | 0 | 128 ]
[ -127 | -2 | >0 | 0 | 0 | -4< | 0 | 0 | 0 | 128 ]
[ -127 | -2 | >1 | 0 | 0 | -5< | 0 | 0 | 0 | 128 ]
[ -127 | -2 | >1 | 0 | 0 | -6< | 0 | 0 | 0 | 128 ]
[ -127 | -2 | >0 | 0 | 0 | -6 | 0< | 0 | 0 | 128 ]
[ -127 | -2 | 0 | >0 | 0 | -6 | 1< | 0 | 0 | 128 ]
[ -127 | -2 | 0 | >1 | 0 | -6 | 2< | 0 | 0 | 128 ]
[ -127 | -2 | 0 | >1 | 0 | -6 | 3< | 0 | 0 | 128 ]
[ -127 | -2 | 0 | >0 | 0 | -6 | 4< | 0 | 0 | 128 ]
[ -127 | -2 | 0 | 0 | >0 | -6 | 5< | 0 | 0 | 128 ]
[ -127 | -2 | 0 | 0 | >1 | -6 | 5 | 0< | 0 | 128 ]
[ -127 | -2 | 0 | 0 | >1 | -6 | 5 | -1< | 0 | 128 ]
[ -127 | -2 | 0 | 0 | >0 | -6 | 5 | -2< | 0 | 128 ]
[ -127 | -2 | 0 | 0 | 0 | >-6 | 5 | -3< | 0 | 128 ]
[ -127 | -2 | 0 | 0 | 0 | >-5 | 5 | -4< | 0 | 128 ]
[ -127 | -2 | 0 | 0 | 0 | >-5 | 5 | -4 | 0< | 128 ]
[ -127 | -2 | 0 | 0 | 0 | >-6 | 5 | -4 | 1< | 128 ]
[ -127 | -2 | 0 | 0 | 0 | -6 | >5 | -4 | 2< | 128 ]
[ -127 | -2 | 0 | 0 | 0 | -6 | >6 | -4 | 3< | 128 ]
[ -127 | -2 | 0 | 0 | 0 | -6 | >6 | -4< | 3 | 128 ]
[ -127 | -2 | 0 | 0 | 0 | -6 | >5< | -4 | 3 | 128 ]
[ -127 | -2 | 0 | 0 | 0 | -6< | 5 | >-4 | 3 | 128 ]
[ -127 | -2 | 0 | 0 | 0< | -6 | 5 | >-3 | 3 | 128 ]
[ -127 | -2 | 0 | 0 | -1< | -6 | 5 | >-3 | 3 | 128 ]
[ -127 | -2 | 0 | 0 | -2< | -6 | 5 | >-4 | 3 | 128 ]
[ -127 | -2 | 0 | 0 | -3< | -6 | 5 | -4 | >3 | 128 ]
[ -127 | -2 | 0 | 0 | -4< | -6 | 5 | -4 | >4 | 128 ]
[ -127 | -2 | 0 | 0 | -5< | -6 | 5 | -4 | >4 | 128 ]
[ -127 | -2 | 0 | 0< | -5 | -6 | 5 | -4 | >3 | 128 ]
[ -127 | -2 | 0 | 1< | -5 | -6 | 5 | -4 | 3 | >128 ]
[ -127 | -2 | 0 | 2< | -5 | -6 | 5 | -4 | 3 | >-127 ]
[ -127 | -2 | 0 | 3< | -5 | -6 | 5 | -4 | 3 | >-127 ]
[ -127 | -2 | 0 | 4< | -5 | -6 | 5 | -4 | 3 | >128 ]
[ >-127 | -2 | 0 | 5< | -5 | -6 | 5 | -4 | 3 | 128 ]

===== SeeSawRush won the battle after 40 cycles =====



===== Starting battle of <MetaJSRandomBot> vs <SeeSawRush> with memory tape size: 22 =====

[ >128 | 0 | 0 | 0 | 0 | 0 | 0 | 0 | 0 | 0 | 0 | 0 | 0 | 0 | 0 | 0 | 0 | 0 | 0 | 0 | 0 | 128< ]
[ >-127 | 0 | 0 | 0 | 0 | 0 | 0 | 0 | 0 | 0 | 0 | 0 | 0 | 0 | 0 | 0 | 0 | 0 | 0 | 0 | 0< | 128 ]
[ >-127 | 0 | 0 | 0 | 0 | 0 | 0 | 0 | 0 | 0 | 0 | 0 | 0 | 0 | 0 | 0 | 0 | 0 | 0 | 0< | 0 | 128 ]
[ >-127 | 0 | 0 | 0 | 0 | 0 | 0 | 0 | 0 | 0 | 0 | 0 | 0 | 0 | 0 | 0 | 0 | 0 | 0< | 0 | 0 | 128 ]
[ -127 | >0 | 0 | 0 | 0 | 0 | 0 | 0 | 0 | 0 | 0 | 0 | 0 | 0 | 0 | 0 | 0 | 0< | 0 | 0 | 0 | 128 ]
[ -127 | >-1 | 0 | 0 | 0 | 0 | 0 | 0 | 0 | 0 | 0 | 0 | 0 | 0 | 0 | 0 | 0 | -1< | 0 | 0 | 0 | 128 ]
[ -127 | >-1 | 0 | 0 | 0 | 0 | 0 | 0 | 0 | 0 | 0 | 0 | 0 | 0 | 0 | 0 | 0 | -2< | 0 | 0 | 0 | 128 ]
[ -127 | >-2 | 0 | 0 | 0 | 0 | 0 | 0 | 0 | 0 | 0 | 0 | 0 | 0 | 0 | 0 | 0 | -3< | 0 | 0 | 0 | 128 ]
[ -127 | -2 | >0 | 0 | 0 | 0 | 0 | 0 | 0 | 0 | 0 | 0 | 0 | 0 | 0 | 0 | 0 | -4< | 0 | 0 | 0 | 128 ]
[ -127 | -2 | >1 | 0 | 0 | 0 | 0 | 0 | 0 | 0 | 0 | 0 | 0 | 0 | 0 | 0 | 0 | -5< | 0 | 0 | 0 | 128 ]
[ -127 | -2 | >1 | 0 | 0 | 0 | 0 | 0 | 0 | 0 | 0 | 0 | 0 | 0 | 0 | 0 | 0 | -6< | 0 | 0 | 0 | 128 ]
[ -127 | -2 | >0 | 0 | 0 | 0 | 0 | 0 | 0 | 0 | 0 | 0 | 0 | 0 | 0 | 0 | 0 | -6 | 0< | 0 | 0 | 128 ]
[ -127 | -2 | 0 | >0 | 0 | 0 | 0 | 0 | 0 | 0 | 0 | 0 | 0 | 0 | 0 | 0 | 0 | -6 | 1< | 0 | 0 | 128 ]
[ -127 | -2 | 0 | >1 | 0 | 0 | 0 | 0 | 0 | 0 | 0 | 0 | 0 | 0 | 0 | 0 | 0 | -6 | 2< | 0 | 0 | 128 ]
[ -127 | -2 | 0 | >1 | 0 | 0 | 0 | 0 | 0 | 0 | 0 | 0 | 0 | 0 | 0 | 0 | 0 | -6 | 3< | 0 | 0 | 128 ]
[ -127 | -2 | 0 | >0 | 0 | 0 | 0 | 0 | 0 | 0 | 0 | 0 | 0 | 0 | 0 | 0 | 0 | -6 | 4< | 0 | 0 | 128 ]
[ -127 | -2 | 0 | 0 | >0 | 0 | 0 | 0 | 0 | 0 | 0 | 0 | 0 | 0 | 0 | 0 | 0 | -6 | 5< | 0 | 0 | 128 ]
[ -127 | -2 | 0 | 0 | >1 | 0 | 0 | 0 | 0 | 0 | 0 | 0 | 0 | 0 | 0 | 0 | 0 | -6 | 5 | 0< | 0 | 128 ]
[ -127 | -2 | 0 | 0 | >1 | 0 | 0 | 0 | 0 | 0 | 0 | 0 | 0 | 0 | 0 | 0 | 0 | -6 | 5 | -1< | 0 | 128 ]
[ -127 | -2 | 0 | 0 | >0 | 0 | 0 | 0 | 0 | 0 | 0 | 0 | 0 | 0 | 0 | 0 | 0 | -6 | 5 | -2< | 0 | 128 ]
[ -127 | -2 | 0 | 0 | 0 | >0 | 0 | 0 | 0 | 0 | 0 | 0 | 0 | 0 | 0 | 0 | 0 | -6 | 5 | -3< | 0 | 128 ]
[ -127 | -2 | 0 | 0 | 0 | >1 | 0 | 0 | 0 | 0 | 0 | 0 | 0 | 0 | 0 | 0 | 0 | -6 | 5 | -4< | 0 | 128 ]
[ -127 | -2 | 0 | 0 | 0 | >1 | 0 | 0 | 0 | 0 | 0 | 0 | 0 | 0 | 0 | 0 | 0 | -6 | 5 | -4 | 0< | 128 ]
[ -127 | -2 | 0 | 0 | 0 | >0 | 0 | 0 | 0 | 0 | 0 | 0 | 0 | 0 | 0 | 0 | 0 | -6 | 5 | -4 | 1< | 128 ]
[ -127 | -2 | 0 | 0 | 0 | 0 | >0 | 0 | 0 | 0 | 0 | 0 | 0 | 0 | 0 | 0 | 0 | -6 | 5 | -4 | 2< | 128 ]
[ -127 | -2 | 0 | 0 | 0 | 0 | >1 | 0 | 0 | 0 | 0 | 0 | 0 | 0 | 0 | 0 | 0 | -6 | 5 | -4 | 3< | 128 ]
[ -127 | -2 | 0 | 0 | 0 | 0 | >1 | 0 | 0 | 0 | 0 | 0 | 0 | 0 | 0 | 0 | 0 | -6 | 5 | -4< | 3 | 128 ]
[ -127 | -2 | 0 | 0 | 0 | 0 | >0 | 0 | 0 | 0 | 0 | 0 | 0 | 0 | 0 | 0 | 0 | -6 | 5< | -4 | 3 | 128 ]
[ -127 | -2 | 0 | 0 | 0 | 0 | 0 | >0 | 0 | 0 | 0 | 0 | 0 | 0 | 0 | 0 | 0 | -6< | 5 | -4 | 3 | 128 ]
[ -127 | -2 | 0 | 0 | 0 | 0 | 0 | >1 | 0 | 0 | 0 | 0 | 0 | 0 | 0 | 0 | 0< | -6 | 5 | -4 | 3 | 128 ]
[ -127 | -2 | 0 | 0 | 0 | 0 | 0 | >1 | 0 | 0 | 0 | 0 | 0 | 0 | 0 | 0 | -1< | -6 | 5 | -4 | 3 | 128 ]
[ -127 | -2 | 0 | 0 | 0 | 0 | 0 | >0 | 0 | 0 | 0 | 0 | 0 | 0 | 0 | 0 | -2< | -6 | 5 | -4 | 3 | 128 ]
[ -127 | -2 | 0 | 0 | 0 | 0 | 0 | 0 | >0 | 0 | 0 | 0 | 0 | 0 | 0 | 0 | -3< | -6 | 5 | -4 | 3 | 128 ]
[ -127 | -2 | 0 | 0 | 0 | 0 | 0 | 0 | >1 | 0 | 0 | 0 | 0 | 0 | 0 | 0 | -4< | -6 | 5 | -4 | 3 | 128 ]
[ -127 | -2 | 0 | 0 | 0 | 0 | 0 | 0 | >1 | 0 | 0 | 0 | 0 | 0 | 0 | 0 | -5< | -6 | 5 | -4 | 3 | 128 ]
[ -127 | -2 | 0 | 0 | 0 | 0 | 0 | 0 | >0 | 0 | 0 | 0 | 0 | 0 | 0 | 0< | -5 | -6 | 5 | -4 | 3 | 128 ]
[ -127 | -2 | 0 | 0 | 0 | 0 | 0 | 0 | 0 | >0 | 0 | 0 | 0 | 0 | 0 | 1< | -5 | -6 | 5 | -4 | 3 | 128 ]
[ -127 | -2 | 0 | 0 | 0 | 0 | 0 | 0 | 0 | >1 | 0 | 0 | 0 | 0 | 0 | 2< | -5 | -6 | 5 | -4 | 3 | 128 ]
[ -127 | -2 | 0 | 0 | 0 | 0 | 0 | 0 | 0 | >1 | 0 | 0 | 0 | 0 | 0 | 3< | -5 | -6 | 5 | -4 | 3 | 128 ]
[ -127 | -2 | 0 | 0 | 0 | 0 | 0 | 0 | 0 | >0 | 0 | 0 | 0 | 0 | 0 | 4< | -5 | -6 | 5 | -4 | 3 | 128 ]
[ -127 | -2 | 0 | 0 | 0 | 0 | 0 | 0 | 0 | 0 | >0 | 0 | 0 | 0 | 0 | 5< | -5 | -6 | 5 | -4 | 3 | 128 ]
[ -127 | -2 | 0 | 0 | 0 | 0 | 0 | 0 | 0 | 0 | >1 | 0 | 0 | 0 | 0< | 5 | -5 | -6 | 5 | -4 | 3 | 128 ]
[ -127 | -2 | 0 | 0 | 0 | 0 | 0 | 0 | 0 | 0 | >1 | 0 | 0 | 0 | -1< | 5 | -5 | -6 | 5 | -4 | 3 | 128 ]
[ -127 | -2 | 0 | 0 | 0 | 0 | 0 | 0 | 0 | 0 | >0 | 0 | 0 | 0 | -2< | 5 | -5 | -6 | 5 | -4 | 3 | 128 ]
[ -127 | -2 | 0 | 0 | 0 | 0 | 0 | 0 | 0 | 0 | 0 | >0 | 0 | 0 | -3< | 5 | -5 | -6 | 5 | -4 | 3 | 128 ]
[ -127 | -2 | 0 | 0 | 0 | 0 | 0 | 0 | 0 | 0 | 0 | >1 | 0 | 0 | -4< | 5 | -5 | -6 | 5 | -4 | 3 | 128 ]
[ -127 | -2 | 0 | 0 | 0 | 0 | 0 | 0 | 0 | 0 | 0 | >1 | 0 | 0 | -5< | 5 | -5 | -6 | 5 | -4 | 3 | 128 ]
[ -127 | -2 | 0 | 0 | 0 | 0 | 0 | 0 | 0 | 0 | 0 | >0 | 0 | 0< | -5 | 5 | -5 | -6 | 5 | -4 | 3 | 128 ]
[ -127 | -2 | 0 | 0 | 0 | 0 | 0 | 0 | 0 | 0 | 0 | 0 | >0 | 1< | -5 | 5 | -5 | -6 | 5 | -4 | 3 | 128 ]
[ -127 | -2 | 0 | 0 | 0 | 0 | 0 | 0 | 0 | 0 | 0 | 0 | >1 | 2< | -5 | 5 | -5 | -6 | 5 | -4 | 3 | 128 ]
[ -127 | -2 | 0 | 0 | 0 | 0 | 0 | 0 | 0 | 0 | 0 | 0 | >1 | 3< | -5 | 5 | -5 | -6 | 5 | -4 | 3 | 128 ]
[ -127 | -2 | 0 | 0 | 0 | 0 | 0 | 0 | 0 | 0 | 0 | 0 | >0 | 4< | -5 | 5 | -5 | -6 | 5 | -4 | 3 | 128 ]
[ -127 | -2 | 0 | 0 | 0 | 0 | 0 | 0 | 0 | 0 | 0 | 0 | 0 | >5< | -5 | 5 | -5 | -6 | 5 | -4 | 3 | 128 ]
[ -127 | -2 | 0 | 0 | 0 | 0 | 0 | 0 | 0 | 0 | 0 | 0 | 0< | >6 | -5 | 5 | -5 | -6 | 5 | -4 | 3 | 128 ]
[ -127 | -2 | 0 | 0 | 0 | 0 | 0 | 0 | 0 | 0 | 0 | 0 | 0< | >6 | -5 | 5 | -5 | -6 | 5 | -4 | 3 | 128 ]
[ -127 | -2 | 0 | 0 | 0 | 0 | 0 | 0 | 0 | 0 | 0 | 0< | 0 | >5 | -5 | 5 | -5 | -6 | 5 | -4 | 3 | 128 ]
[ -127 | -2 | 0 | 0 | 0 | 0 | 0 | 0 | 0 | 0 | 0 | 0< | 0 | 5 | >-5 | 5 | -5 | -6 | 5 | -4 | 3 | 128 ]
[ -127 | -2 | 0 | 0 | 0 | 0 | 0 | 0 | 0 | 0 | 0< | 0 | 0 | 5 | >-4 | 5 | -5 | -6 | 5 | -4 | 3 | 128 ]
[ -127 | -2 | 0 | 0 | 0 | 0 | 0 | 0 | 0 | 0 | 0< | 0 | 0 | 5 | >-4 | 5 | -5 | -6 | 5 | -4 | 3 | 128 ]
[ -127 | -2 | 0 | 0 | 0 | 0 | 0 | 0 | 0 | 0< | 0 | 0 | 0 | 5 | >-5 | 5 | -5 | -6 | 5 | -4 | 3 | 128 ]
[ -127 | -2 | 0 | 0 | 0 | 0 | 0 | 0 | 0 | 0< | 0 | 0 | 0 | 5 | -5 | >5 | -5 | -6 | 5 | -4 | 3 | 128 ]
[ -127 | -2 | 0 | 0 | 0 | 0 | 0 | 0 | 0< | 0 | 0 | 0 | 0 | 5 | -5 | >6 | -5 | -6 | 5 | -4 | 3 | 128 ]
[ -127 | -2 | 0 | 0 | 0 | 0 | 0 | 0 | 0< | 0 | 0 | 0 | 0 | 5 | -5 | >6 | -5 | -6 | 5 | -4 | 3 | 128 ]
[ -127 | -2 | 0 | 0 | 0 | 0 | 0 | 0< | 0 | 0 | 0 | 0 | 0 | 5 | -5 | >5 | -5 | -6 | 5 | -4 | 3 | 128 ]
[ -127 | -2 | 0 | 0 | 0 | 0 | 0 | 0< | 0 | 0 | 0 | 0 | 0 | 5 | -5 | 5 | >-5 | -6 | 5 | -4 | 3 | 128 ]
[ -127 | -2 | 0 | 0 | 0 | 0 | 0< | 0 | 0 | 0 | 0 | 0 | 0 | 5 | -5 | 5 | >-4 | -6 | 5 | -4 | 3 | 128 ]
[ -127 | -2 | 0 | 0 | 0 | 0 | 0< | 0 | 0 | 0 | 0 | 0 | 0 | 5 | -5 | 5 | >-4 | -6 | 5 | -4 | 3 | 128 ]
[ -127 | -2 | 0 | 0 | 0 | 0< | 0 | 0 | 0 | 0 | 0 | 0 | 0 | 5 | -5 | 5 | >-5 | -6 | 5 | -4 | 3 | 128 ]
[ -127 | -2 | 0 | 0 | 0 | 0< | 0 | 0 | 0 | 0 | 0 | 0 | 0 | 5 | -5 | 5 | -5 | >-6 | 5 | -4 | 3 | 128 ]
[ -127 | -2 | 0 | 0 | 0< | 0 | 0 | 0 | 0 | 0 | 0 | 0 | 0 | 5 | -5 | 5 | -5 | >-5 | 5 | -4 | 3 | 128 ]
[ -127 | -2 | 0 | 0 | 0< | 0 | 0 | 0 | 0 | 0 | 0 | 0 | 0 | 5 | -5 | 5 | -5 | >-5 | 5 | -4 | 3 | 128 ]
[ -127 | -2 | 0 | 0< | 0 | 0 | 0 | 0 | 0 | 0 | 0 | 0 | 0 | 5 | -5 | 5 | -5 | >-6 | 5 | -4 | 3 | 128 ]
[ -127 | -2 | 0 | 0< | 0 | 0 | 0 | 0 | 0 | 0 | 0 | 0 | 0 | 5 | -5 | 5 | -5 | -6 | >5 | -4 | 3 | 128 ]
[ -127 | -2 | 0< | 0 | 0 | 0 | 0 | 0 | 0 | 0 | 0 | 0 | 0 | 5 | -5 | 5 | -5 | -6 | >6 | -4 | 3 | 128 ]
[ -127 | -2 | 0< | 0 | 0 | 0 | 0 | 0 | 0 | 0 | 0 | 0 | 0 | 5 | -5 | 5 | -5 | -6 | >6 | -4 | 3 | 128 ]
[ -127 | -2< | 0 | 0 | 0 | 0 | 0 | 0 | 0 | 0 | 0 | 0 | 0 | 5 | -5 | 5 | -5 | -6 | >5 | -4 | 3 | 128 ]
[ -127 | -2< | 0 | 0 | 0 | 0 | 0 | 0 | 0 | 0 | 0 | 0 | 0 | 5 | -5 | 5 | -5 | -6 | 5 | >-4 | 3 | 128 ]
[ -127 | -1< | 0 | 0 | 0 | 0 | 0 | 0 | 0 | 0 | 0 | 0 | 0 | 5 | -5 | 5 | -5 | -6 | 5 | >-3 | 3 | 128 ]
[ -127 | 0< | 0 | 0 | 0 | 0 | 0 | 0 | 0 | 0 | 0 | 0 | 0 | 5 | -5 | 5 | -5 | -6 | 5 | >-3 | 3 | 128 ]
[ -127 | 1< | 0 | 0 | 0 | 0 | 0 | 0 | 0 | 0 | 0 | 0 | 0 | 5 | -5 | 5 | -5 | -6 | 5 | >-4 | 3 | 128 ]
[ -127 | 2< | 0 | 0 | 0 | 0 | 0 | 0 | 0 | 0 | 0 | 0 | 0 | 5 | -5 | 5 | -5 | -6 | 5 | -4 | >3 | 128 ]
[ -127 | 2< | 0 | 0 | 0 | 0 | 0 | 0 | 0 | 0 | 0 | 0 | 0 | 5 | -5 | 5 | -5 | -6 | 5 | -4 | >4 | 128 ]
[ -127 | 1< | 0 | 0 | 0 | 0 | 0 | 0 | 0 | 0 | 0 | 0 | 0 | 5 | -5 | 5 | -5 | -6 | 5 | -4 | >4 | 128 ]
[ -127 | 1< | 0 | 0 | 0 | 0 | 0 | 0 | 0 | 0 | 0 | 0 | 0 | 5 | -5 | 5 | -5 | -6 | 5 | -4 | >3 | 128 ]
[ -127 | 0< | 0 | 0 | 0 | 0 | 0 | 0 | 0 | 0 | 0 | 0 | 0 | 5 | -5 | 5 | -5 | -6 | 5 | -4 | 3 | >128 ]
[ -127 | 0< | 0 | 0 | 0 | 0 | 0 | 0 | 0 | 0 | 0 | 0 | 0 | 5 | -5 | 5 | -5 | -6 | 5 | -4 | 3 | >-127 ]
[ -127 | 0< | 0 | 0 | 0 | 0 | 0 | 0 | 0 | 0 | 0 | 0 | 0 | 5 | -5 | 5 | -5 | -6 | 5 | -4 | 3 | >-127 ]
[ -127< | 0 | 0 | 0 | 0 | 0 | 0 | 0 | 0 | 0 | 0 | 0 | 0 | 5 | -5 | 5 | -5 | -6 | 5 | -4 | 3 | >128 ]
[ >-127< | 0 | 0 | 0 | 0 | 0 | 0 | 0 | 0 | 0 | 0 | 0 | 0 | 5 | -5 | 5 | -5 | -6 | 5 | -4 | 3 | 128 ]

===== SeeSawRush won the battle after 88 cycles =====



===== Starting battle of <MetaJSRandomBot> vs <SeeSawRush> with memory tape size: 19 =====

[ >128 | 0 | 0 | 0 | 0 | 0 | 0 | 0 | 0 | 0 | 0 | 0 | 0 | 0 | 0 | 0 | 0 | 0 | 128< ]
[ >-127 | 0 | 0 | 0 | 0 | 0 | 0 | 0 | 0 | 0 | 0 | 0 | 0 | 0 | 0 | 0 | 0 | 0< | 128 ]
[ >-127 | 0 | 0 | 0 | 0 | 0 | 0 | 0 | 0 | 0 | 0 | 0 | 0 | 0 | 0 | 0 | 0< | 0 | 128 ]
[ >-127 | 0 | 0 | 0 | 0 | 0 | 0 | 0 | 0 | 0 | 0 | 0 | 0 | 0 | 0 | 0< | 0 | 0 | 128 ]
[ -127 | >0 | 0 | 0 | 0 | 0 | 0 | 0 | 0 | 0 | 0 | 0 | 0 | 0 | 0< | 0 | 0 | 0 | 128 ]
[ -127 | >-1 | 0 | 0 | 0 | 0 | 0 | 0 | 0 | 0 | 0 | 0 | 0 | 0 | -1< | 0 | 0 | 0 | 128 ]
[ -127 | >-1 | 0 | 0 | 0 | 0 | 0 | 0 | 0 | 0 | 0 | 0 | 0 | 0 | -2< | 0 | 0 | 0 | 128 ]
[ -127 | >-2 | 0 | 0 | 0 | 0 | 0 | 0 | 0 | 0 | 0 | 0 | 0 | 0 | -3< | 0 | 0 | 0 | 128 ]
[ -127 | -2 | >0 | 0 | 0 | 0 | 0 | 0 | 0 | 0 | 0 | 0 | 0 | 0 | -4< | 0 | 0 | 0 | 128 ]
[ -127 | -2 | >1 | 0 | 0 | 0 | 0 | 0 | 0 | 0 | 0 | 0 | 0 | 0 | -5< | 0 | 0 | 0 | 128 ]
[ -127 | -2 | >1 | 0 | 0 | 0 | 0 | 0 | 0 | 0 | 0 | 0 | 0 | 0 | -6< | 0 | 0 | 0 | 128 ]
[ -127 | -2 | >0 | 0 | 0 | 0 | 0 | 0 | 0 | 0 | 0 | 0 | 0 | 0 | -6 | 0< | 0 | 0 | 128 ]
[ -127 | -2 | 0 | >0 | 0 | 0 | 0 | 0 | 0 | 0 | 0 | 0 | 0 | 0 | -6 | 1< | 0 | 0 | 128 ]
[ -127 | -2 | 0 | >1 | 0 | 0 | 0 | 0 | 0 | 0 | 0 | 0 | 0 | 0 | -6 | 2< | 0 | 0 | 128 ]
[ -127 | -2 | 0 | >1 | 0 | 0 | 0 | 0 | 0 | 0 | 0 | 0 | 0 | 0 | -6 | 3< | 0 | 0 | 128 ]
[ -127 | -2 | 0 | >0 | 0 | 0 | 0 | 0 | 0 | 0 | 0 | 0 | 0 | 0 | -6 | 4< | 0 | 0 | 128 ]
[ -127 | -2 | 0 | 0 | >0 | 0 | 0 | 0 | 0 | 0 | 0 | 0 | 0 | 0 | -6 | 5< | 0 | 0 | 128 ]
[ -127 | -2 | 0 | 0 | >1 | 0 | 0 | 0 | 0 | 0 | 0 | 0 | 0 | 0 | -6 | 5 | 0< | 0 | 128 ]
[ -127 | -2 | 0 | 0 | >1 | 0 | 0 | 0 | 0 | 0 | 0 | 0 | 0 | 0 | -6 | 5 | -1< | 0 | 128 ]
[ -127 | -2 | 0 | 0 | >0 | 0 | 0 | 0 | 0 | 0 | 0 | 0 | 0 | 0 | -6 | 5 | -2< | 0 | 128 ]
[ -127 | -2 | 0 | 0 | 0 | >0 | 0 | 0 | 0 | 0 | 0 | 0 | 0 | 0 | -6 | 5 | -3< | 0 | 128 ]
[ -127 | -2 | 0 | 0 | 0 | >1 | 0 | 0 | 0 | 0 | 0 | 0 | 0 | 0 | -6 | 5 | -4< | 0 | 128 ]
[ -127 | -2 | 0 | 0 | 0 | >1 | 0 | 0 | 0 | 0 | 0 | 0 | 0 | 0 | -6 | 5 | -4 | 0< | 128 ]
[ -127 | -2 | 0 | 0 | 0 | >0 | 0 | 0 | 0 | 0 | 0 | 0 | 0 | 0 | -6 | 5 | -4 | 1< | 128 ]
[ -127 | -2 | 0 | 0 | 0 | 0 | >0 | 0 | 0 | 0 | 0 | 0 | 0 | 0 | -6 | 5 | -4 | 2< | 128 ]
[ -127 | -2 | 0 | 0 | 0 | 0 | >1 | 0 | 0 | 0 | 0 | 0 | 0 | 0 | -6 | 5 | -4 | 3< | 128 ]
[ -127 | -2 | 0 | 0 | 0 | 0 | >1 | 0 | 0 | 0 | 0 | 0 | 0 | 0 | -6 | 5 | -4< | 3 | 128 ]
[ -127 | -2 | 0 | 0 | 0 | 0 | >0 | 0 | 0 | 0 | 0 | 0 | 0 | 0 | -6 | 5< | -4 | 3 | 128 ]
[ -127 | -2 | 0 | 0 | 0 | 0 | 0 | >0 | 0 | 0 | 0 | 0 | 0 | 0 | -6< | 5 | -4 | 3 | 128 ]
[ -127 | -2 | 0 | 0 | 0 | 0 | 0 | >1 | 0 | 0 | 0 | 0 | 0 | 0< | -6 | 5 | -4 | 3 | 128 ]
[ -127 | -2 | 0 | 0 | 0 | 0 | 0 | >1 | 0 | 0 | 0 | 0 | 0 | -1< | -6 | 5 | -4 | 3 | 128 ]
[ -127 | -2 | 0 | 0 | 0 | 0 | 0 | >0 | 0 | 0 | 0 | 0 | 0 | -2< | -6 | 5 | -4 | 3 | 128 ]
[ -127 | -2 | 0 | 0 | 0 | 0 | 0 | 0 | >0 | 0 | 0 | 0 | 0 | -3< | -6 | 5 | -4 | 3 | 128 ]
[ -127 | -2 | 0 | 0 | 0 | 0 | 0 | 0 | >1 | 0 | 0 | 0 | 0 | -4< | -6 | 5 | -4 | 3 | 128 ]
[ -127 | -2 | 0 | 0 | 0 | 0 | 0 | 0 | >1 | 0 | 0 | 0 | 0 | -5< | -6 | 5 | -4 | 3 | 128 ]
[ -127 | -2 | 0 | 0 | 0 | 0 | 0 | 0 | >0 | 0 | 0 | 0 | 0< | -5 | -6 | 5 | -4 | 3 | 128 ]
[ -127 | -2 | 0 | 0 | 0 | 0 | 0 | 0 | 0 | >0 | 0 | 0 | 1< | -5 | -6 | 5 | -4 | 3 | 128 ]
[ -127 | -2 | 0 | 0 | 0 | 0 | 0 | 0 | 0 | >1 | 0 | 0 | 2< | -5 | -6 | 5 | -4 | 3 | 128 ]
[ -127 | -2 | 0 | 0 | 0 | 0 | 0 | 0 | 0 | >1 | 0 | 0 | 3< | -5 | -6 | 5 | -4 | 3 | 128 ]
[ -127 | -2 | 0 | 0 | 0 | 0 | 0 | 0 | 0 | >0 | 0 | 0 | 4< | -5 | -6 | 5 | -4 | 3 | 128 ]
[ -127 | -2 | 0 | 0 | 0 | 0 | 0 | 0 | 0 | 0 | >0 | 0 | 5< | -5 | -6 | 5 | -4 | 3 | 128 ]
[ -127 | -2 | 0 | 0 | 0 | 0 | 0 | 0 | 0 | 0 | >1 | 0< | 5 | -5 | -6 | 5 | -4 | 3 | 128 ]
[ -127 | -2 | 0 | 0 | 0 | 0 | 0 | 0 | 0 | 0 | >1 | -1< | 5 | -5 | -6 | 5 | -4 | 3 | 128 ]
[ -127 | -2 | 0 | 0 | 0 | 0 | 0 | 0 | 0 | 0 | >0 | -2< | 5 | -5 | -6 | 5 | -4 | 3 | 128 ]
[ -127 | -2 | 0 | 0 | 0 | 0 | 0 | 0 | 0 | 0 | 0 | >-3< | 5 | -5 | -6 | 5 | -4 | 3 | 128 ]
[ -127 | -2 | 0 | 0 | 0 | 0 | 0 | 0 | 0 | 0 | 0 | >-3< | 5 | -5 | -6 | 5 | -4 | 3 | 128 ]
[ -127 | -2 | 0 | 0 | 0 | 0 | 0 | 0 | 0 | 0 | 0 | >-4< | 5 | -5 | -6 | 5 | -4 | 3 | 128 ]
[ -127 | -2 | 0 | 0 | 0 | 0 | 0 | 0 | 0 | 0 | 0< | >-5 | 5 | -5 | -6 | 5 | -4 | 3 | 128 ]
[ -127 | -2 | 0 | 0 | 0 | 0 | 0 | 0 | 0 | 0 | 1< | -5 | >5 | -5 | -6 | 5 | -4 | 3 | 128 ]
[ -127 | -2 | 0 | 0 | 0 | 0 | 0 | 0 | 0 | 0 | 2< | -5 | >6 | -5 | -6 | 5 | -4 | 3 | 128 ]
[ -127 | -2 | 0 | 0 | 0 | 0 | 0 | 0 | 0 | 0 | 3< | -5 | >6 | -5 | -6 | 5 | -4 | 3 | 128 ]
[ -127 | -2 | 0 | 0 | 0 | 0 | 0 | 0 | 0 | 0 | 4< | -5 | >5 | -5 | -6 | 5 | -4 | 3 | 128 ]
[ -127 | -2 | 0 | 0 | 0 | 0 | 0 | 0 | 0 | 0 | 5< | -5 | 5 | >-5 | -6 | 5 | -4 | 3 | 128 ]
[ -127 | -2 | 0 | 0 | 0 | 0 | 0 | 0 | 0 | 0< | 5 | -5 | 5 | >-4 | -6 | 5 | -4 | 3 | 128 ]
[ -127 | -2 | 0 | 0 | 0 | 0 | 0 | 0 | 0 | 0< | 5 | -5 | 5 | >-4 | -6 | 5 | -4 | 3 | 128 ]
[ -127 | -2 | 0 | 0 | 0 | 0 | 0 | 0 | 0< | 0 | 5 | -5 | 5 | >-5 | -6 | 5 | -4 | 3 | 128 ]
[ -127 | -2 | 0 | 0 | 0 | 0 | 0 | 0 | 0< | 0 | 5 | -5 | 5 | -5 | >-6 | 5 | -4 | 3 | 128 ]
[ -127 | -2 | 0 | 0 | 0 | 0 | 0 | 0< | 0 | 0 | 5 | -5 | 5 | -5 | >-5 | 5 | -4 | 3 | 128 ]
[ -127 | -2 | 0 | 0 | 0 | 0 | 0 | 0< | 0 | 0 | 5 | -5 | 5 | -5 | >-5 | 5 | -4 | 3 | 128 ]
[ -127 | -2 | 0 | 0 | 0 | 0 | 0< | 0 | 0 | 0 | 5 | -5 | 5 | -5 | >-6 | 5 | -4 | 3 | 128 ]
[ -127 | -2 | 0 | 0 | 0 | 0 | 0< | 0 | 0 | 0 | 5 | -5 | 5 | -5 | -6 | >5 | -4 | 3 | 128 ]
[ -127 | -2 | 0 | 0 | 0 | 0< | 0 | 0 | 0 | 0 | 5 | -5 | 5 | -5 | -6 | >6 | -4 | 3 | 128 ]
[ -127 | -2 | 0 | 0 | 0 | 0< | 0 | 0 | 0 | 0 | 5 | -5 | 5 | -5 | -6 | >6 | -4 | 3 | 128 ]
[ -127 | -2 | 0 | 0 | 0< | 0 | 0 | 0 | 0 | 0 | 5 | -5 | 5 | -5 | -6 | >5 | -4 | 3 | 128 ]
[ -127 | -2 | 0 | 0 | 0< | 0 | 0 | 0 | 0 | 0 | 5 | -5 | 5 | -5 | -6 | 5 | >-4 | 3 | 128 ]
[ -127 | -2 | 0 | 0< | 0 | 0 | 0 | 0 | 0 | 0 | 5 | -5 | 5 | -5 | -6 | 5 | >-3 | 3 | 128 ]
[ -127 | -2 | 0 | 0< | 0 | 0 | 0 | 0 | 0 | 0 | 5 | -5 | 5 | -5 | -6 | 5 | >-3 | 3 | 128 ]
[ -127 | -2 | 0< | 0 | 0 | 0 | 0 | 0 | 0 | 0 | 5 | -5 | 5 | -5 | -6 | 5 | >-4 | 3 | 128 ]
[ -127 | -2 | 0< | 0 | 0 | 0 | 0 | 0 | 0 | 0 | 5 | -5 | 5 | -5 | -6 | 5 | -4 | >3 | 128 ]
[ -127 | -2< | 0 | 0 | 0 | 0 | 0 | 0 | 0 | 0 | 5 | -5 | 5 | -5 | -6 | 5 | -4 | >4 | 128 ]
[ -127 | -2< | 0 | 0 | 0 | 0 | 0 | 0 | 0 | 0 | 5 | -5 | 5 | -5 | -6 | 5 | -4 | >4 | 128 ]
[ -127 | -1< | 0 | 0 | 0 | 0 | 0 | 0 | 0 | 0 | 5 | -5 | 5 | -5 | -6 | 5 | -4 | >3 | 128 ]
[ -127 | 0< | 0 | 0 | 0 | 0 | 0 | 0 | 0 | 0 | 5 | -5 | 5 | -5 | -6 | 5 | -4 | 3 | >128 ]
[ -127 | 1< | 0 | 0 | 0 | 0 | 0 | 0 | 0 | 0 | 5 | -5 | 5 | -5 | -6 | 5 | -4 | 3 | >-127 ]
[ -127 | 2< | 0 | 0 | 0 | 0 | 0 | 0 | 0 | 0 | 5 | -5 | 5 | -5 | -6 | 5 | -4 | 3 | >-127 ]
[ -127 | 2< | 0 | 0 | 0 | 0 | 0 | 0 | 0 | 0 | 5 | -5 | 5 | -5 | -6 | 5 | -4 | 3 | >128 ]
[ >-127 | 1< | 0 | 0 | 0 | 0 | 0 | 0 | 0 | 0 | 5 | -5 | 5 | -5 | -6 | 5 | -4 | 3 | 128 ]

===== SeeSawRush won the battle after 76 cycles =====



===== Starting battle of <MetaJSRandomBot> vs <SeeSawRush> with memory tape size: 23 =====

[ >128 | 0 | 0 | 0 | 0 | 0 | 0 | 0 | 0 | 0 | 0 | 0 | 0 | 0 | 0 | 0 | 0 | 0 | 0 | 0 | 0 | 0 | 128< ]
[ >-127 | 0 | 0 | 0 | 0 | 0 | 0 | 0 | 0 | 0 | 0 | 0 | 0 | 0 | 0 | 0 | 0 | 0 | 0 | 0 | 0 | 0< | 128 ]
[ >-127 | 0 | 0 | 0 | 0 | 0 | 0 | 0 | 0 | 0 | 0 | 0 | 0 | 0 | 0 | 0 | 0 | 0 | 0 | 0 | 0< | 0 | 128 ]
[ >-127 | 0 | 0 | 0 | 0 | 0 | 0 | 0 | 0 | 0 | 0 | 0 | 0 | 0 | 0 | 0 | 0 | 0 | 0 | 0< | 0 | 0 | 128 ]
[ -127 | >0 | 0 | 0 | 0 | 0 | 0 | 0 | 0 | 0 | 0 | 0 | 0 | 0 | 0 | 0 | 0 | 0 | 0< | 0 | 0 | 0 | 128 ]
[ -127 | >-1 | 0 | 0 | 0 | 0 | 0 | 0 | 0 | 0 | 0 | 0 | 0 | 0 | 0 | 0 | 0 | 0 | -1< | 0 | 0 | 0 | 128 ]
[ -127 | >-1 | 0 | 0 | 0 | 0 | 0 | 0 | 0 | 0 | 0 | 0 | 0 | 0 | 0 | 0 | 0 | 0 | -2< | 0 | 0 | 0 | 128 ]
[ -127 | >-2 | 0 | 0 | 0 | 0 | 0 | 0 | 0 | 0 | 0 | 0 | 0 | 0 | 0 | 0 | 0 | 0 | -3< | 0 | 0 | 0 | 128 ]
[ -127 | -2 | >0 | 0 | 0 | 0 | 0 | 0 | 0 | 0 | 0 | 0 | 0 | 0 | 0 | 0 | 0 | 0 | -4< | 0 | 0 | 0 | 128 ]
[ -127 | -2 | >1 | 0 | 0 | 0 | 0 | 0 | 0 | 0 | 0 | 0 | 0 | 0 | 0 | 0 | 0 | 0 | -5< | 0 | 0 | 0 | 128 ]
[ -127 | -2 | >1 | 0 | 0 | 0 | 0 | 0 | 0 | 0 | 0 | 0 | 0 | 0 | 0 | 0 | 0 | 0 | -6< | 0 | 0 | 0 | 128 ]
[ -127 | -2 | >0 | 0 | 0 | 0 | 0 | 0 | 0 | 0 | 0 | 0 | 0 | 0 | 0 | 0 | 0 | 0 | -6 | 0< | 0 | 0 | 128 ]
[ -127 | -2 | 0 | >0 | 0 | 0 | 0 | 0 | 0 | 0 | 0 | 0 | 0 | 0 | 0 | 0 | 0 | 0 | -6 | 1< | 0 | 0 | 128 ]
[ -127 | -2 | 0 | >1 | 0 | 0 | 0 | 0 | 0 | 0 | 0 | 0 | 0 | 0 | 0 | 0 | 0 | 0 | -6 | 2< | 0 | 0 | 128 ]
[ -127 | -2 | 0 | >1 | 0 | 0 | 0 | 0 | 0 | 0 | 0 | 0 | 0 | 0 | 0 | 0 | 0 | 0 | -6 | 3< | 0 | 0 | 128 ]
[ -127 | -2 | 0 | >0 | 0 | 0 | 0 | 0 | 0 | 0 | 0 | 0 | 0 | 0 | 0 | 0 | 0 | 0 | -6 | 4< | 0 | 0 | 128 ]
[ -127 | -2 | 0 | 0 | >0 | 0 | 0 | 0 | 0 | 0 | 0 | 0 | 0 | 0 | 0 | 0 | 0 | 0 | -6 | 5< | 0 | 0 | 128 ]
[ -127 | -2 | 0 | 0 | >1 | 0 | 0 | 0 | 0 | 0 | 0 | 0 | 0 | 0 | 0 | 0 | 0 | 0 | -6 | 5 | 0< | 0 | 128 ]
[ -127 | -2 | 0 | 0 | >1 | 0 | 0 | 0 | 0 | 0 | 0 | 0 | 0 | 0 | 0 | 0 | 0 | 0 | -6 | 5 | -1< | 0 | 128 ]
[ -127 | -2 | 0 | 0 | >0 | 0 | 0 | 0 | 0 | 0 | 0 | 0 | 0 | 0 | 0 | 0 | 0 | 0 | -6 | 5 | -2< | 0 | 128 ]
[ -127 | -2 | 0 | 0 | 0 | >0 | 0 | 0 | 0 | 0 | 0 | 0 | 0 | 0 | 0 | 0 | 0 | 0 | -6 | 5 | -3< | 0 | 128 ]
[ -127 | -2 | 0 | 0 | 0 | >1 | 0 | 0 | 0 | 0 | 0 | 0 | 0 | 0 | 0 | 0 | 0 | 0 | -6 | 5 | -4< | 0 | 128 ]
[ -127 | -2 | 0 | 0 | 0 | >1 | 0 | 0 | 0 | 0 | 0 | 0 | 0 | 0 | 0 | 0 | 0 | 0 | -6 | 5 | -4 | 0< | 128 ]
[ -127 | -2 | 0 | 0 | 0 | >0 | 0 | 0 | 0 | 0 | 0 | 0 | 0 | 0 | 0 | 0 | 0 | 0 | -6 | 5 | -4 | 1< | 128 ]
[ -127 | -2 | 0 | 0 | 0 | 0 | >0 | 0 | 0 | 0 | 0 | 0 | 0 | 0 | 0 | 0 | 0 | 0 | -6 | 5 | -4 | 2< | 128 ]
[ -127 | -2 | 0 | 0 | 0 | 0 | >1 | 0 | 0 | 0 | 0 | 0 | 0 | 0 | 0 | 0 | 0 | 0 | -6 | 5 | -4 | 3< | 128 ]
[ -127 | -2 | 0 | 0 | 0 | 0 | >1 | 0 | 0 | 0 | 0 | 0 | 0 | 0 | 0 | 0 | 0 | 0 | -6 | 5 | -4< | 3 | 128 ]
[ -127 | -2 | 0 | 0 | 0 | 0 | >0 | 0 | 0 | 0 | 0 | 0 | 0 | 0 | 0 | 0 | 0 | 0 | -6 | 5< | -4 | 3 | 128 ]
[ -127 | -2 | 0 | 0 | 0 | 0 | 0 | >0 | 0 | 0 | 0 | 0 | 0 | 0 | 0 | 0 | 0 | 0 | -6< | 5 | -4 | 3 | 128 ]
[ -127 | -2 | 0 | 0 | 0 | 0 | 0 | >1 | 0 | 0 | 0 | 0 | 0 | 0 | 0 | 0 | 0 | 0< | -6 | 5 | -4 | 3 | 128 ]
[ -127 | -2 | 0 | 0 | 0 | 0 | 0 | >1 | 0 | 0 | 0 | 0 | 0 | 0 | 0 | 0 | 0 | -1< | -6 | 5 | -4 | 3 | 128 ]
[ -127 | -2 | 0 | 0 | 0 | 0 | 0 | >0 | 0 | 0 | 0 | 0 | 0 | 0 | 0 | 0 | 0 | -2< | -6 | 5 | -4 | 3 | 128 ]
[ -127 | -2 | 0 | 0 | 0 | 0 | 0 | 0 | >0 | 0 | 0 | 0 | 0 | 0 | 0 | 0 | 0 | -3< | -6 | 5 | -4 | 3 | 128 ]
[ -127 | -2 | 0 | 0 | 0 | 0 | 0 | 0 | >1 | 0 | 0 | 0 | 0 | 0 | 0 | 0 | 0 | -4< | -6 | 5 | -4 | 3 | 128 ]
[ -127 | -2 | 0 | 0 | 0 | 0 | 0 | 0 | >1 | 0 | 0 | 0 | 0 | 0 | 0 | 0 | 0 | -5< | -6 | 5 | -4 | 3 | 128 ]
[ -127 | -2 | 0 | 0 | 0 | 0 | 0 | 0 | >0 | 0 | 0 | 0 | 0 | 0 | 0 | 0 | 0< | -5 | -6 | 5 | -4 | 3 | 128 ]
[ -127 | -2 | 0 | 0 | 0 | 0 | 0 | 0 | 0 | >0 | 0 | 0 | 0 | 0 | 0 | 0 | 1< | -5 | -6 | 5 | -4 | 3 | 128 ]
[ -127 | -2 | 0 | 0 | 0 | 0 | 0 | 0 | 0 | >1 | 0 | 0 | 0 | 0 | 0 | 0 | 2< | -5 | -6 | 5 | -4 | 3 | 128 ]
[ -127 | -2 | 0 | 0 | 0 | 0 | 0 | 0 | 0 | >1 | 0 | 0 | 0 | 0 | 0 | 0 | 3< | -5 | -6 | 5 | -4 | 3 | 128 ]
[ -127 | -2 | 0 | 0 | 0 | 0 | 0 | 0 | 0 | >0 | 0 | 0 | 0 | 0 | 0 | 0 | 4< | -5 | -6 | 5 | -4 | 3 | 128 ]
[ -127 | -2 | 0 | 0 | 0 | 0 | 0 | 0 | 0 | 0 | >0 | 0 | 0 | 0 | 0 | 0 | 5< | -5 | -6 | 5 | -4 | 3 | 128 ]
[ -127 | -2 | 0 | 0 | 0 | 0 | 0 | 0 | 0 | 0 | >1 | 0 | 0 | 0 | 0 | 0< | 5 | -5 | -6 | 5 | -4 | 3 | 128 ]
[ -127 | -2 | 0 | 0 | 0 | 0 | 0 | 0 | 0 | 0 | >1 | 0 | 0 | 0 | 0 | -1< | 5 | -5 | -6 | 5 | -4 | 3 | 128 ]
[ -127 | -2 | 0 | 0 | 0 | 0 | 0 | 0 | 0 | 0 | >0 | 0 | 0 | 0 | 0 | -2< | 5 | -5 | -6 | 5 | -4 | 3 | 128 ]
[ -127 | -2 | 0 | 0 | 0 | 0 | 0 | 0 | 0 | 0 | 0 | >0 | 0 | 0 | 0 | -3< | 5 | -5 | -6 | 5 | -4 | 3 | 128 ]
[ -127 | -2 | 0 | 0 | 0 | 0 | 0 | 0 | 0 | 0 | 0 | >1 | 0 | 0 | 0 | -4< | 5 | -5 | -6 | 5 | -4 | 3 | 128 ]
[ -127 | -2 | 0 | 0 | 0 | 0 | 0 | 0 | 0 | 0 | 0 | >1 | 0 | 0 | 0 | -5< | 5 | -5 | -6 | 5 | -4 | 3 | 128 ]
[ -127 | -2 | 0 | 0 | 0 | 0 | 0 | 0 | 0 | 0 | 0 | >0 | 0 | 0 | 0< | -5 | 5 | -5 | -6 | 5 | -4 | 3 | 128 ]
[ -127 | -2 | 0 | 0 | 0 | 0 | 0 | 0 | 0 | 0 | 0 | 0 | >0 | 0 | 1< | -5 | 5 | -5 | -6 | 5 | -4 | 3 | 128 ]
[ -127 | -2 | 0 | 0 | 0 | 0 | 0 | 0 | 0 | 0 | 0 | 0 | >1 | 0 | 2< | -5 | 5 | -5 | -6 | 5 | -4 | 3 | 128 ]
[ -127 | -2 | 0 | 0 | 0 | 0 | 0 | 0 | 0 | 0 | 0 | 0 | >1 | 0 | 3< | -5 | 5 | -5 | -6 | 5 | -4 | 3 | 128 ]
[ -127 | -2 | 0 | 0 | 0 | 0 | 0 | 0 | 0 | 0 | 0 | 0 | >0 | 0 | 4< | -5 | 5 | -5 | -6 | 5 | -4 | 3 | 128 ]
[ -127 | -2 | 0 | 0 | 0 | 0 | 0 | 0 | 0 | 0 | 0 | 0 | 0 | >0 | 5< | -5 | 5 | -5 | -6 | 5 | -4 | 3 | 128 ]
[ -127 | -2 | 0 | 0 | 0 | 0 | 0 | 0 | 0 | 0 | 0 | 0 | 0 | >1< | 5 | -5 | 5 | -5 | -6 | 5 | -4 | 3 | 128 ]
[ -127 | -2 | 0 | 0 | 0 | 0 | 0 | 0 | 0 | 0 | 0 | 0 | 0 | >1< | 5 | -5 | 5 | -5 | -6 | 5 | -4 | 3 | 128 ]
[ -127 | -2 | 0 | 0 | 0 | 0 | 0 | 0 | 0 | 0 | 0 | 0 | 0 | >1< | 5 | -5 | 5 | -5 | -6 | 5 | -4 | 3 | 128 ]
[ -127 | -2 | 0 | 0 | 0 | 0 | 0 | 0 | 0 | 0 | 0 | 0 | 0 | 2< | >5 | -5 | 5 | -5 | -6 | 5 | -4 | 3 | 128 ]
[ -127 | -2 | 0 | 0 | 0 | 0 | 0 | 0 | 0 | 0 | 0 | 0 | 0 | 3< | >6 | -5 | 5 | -5 | -6 | 5 | -4 | 3 | 128 ]
[ -127 | -2 | 0 | 0 | 0 | 0 | 0 | 0 | 0 | 0 | 0 | 0 | 0 | 4< | >6 | -5 | 5 | -5 | -6 | 5 | -4 | 3 | 128 ]
[ -127 | -2 | 0 | 0 | 0 | 0 | 0 | 0 | 0 | 0 | 0 | 0 | 0 | 4< | >5 | -5 | 5 | -5 | -6 | 5 | -4 | 3 | 128 ]
[ -127 | -2 | 0 | 0 | 0 | 0 | 0 | 0 | 0 | 0 | 0 | 0 | 0 | 3< | 5 | >-5 | 5 | -5 | -6 | 5 | -4 | 3 | 128 ]
[ -127 | -2 | 0 | 0 | 0 | 0 | 0 | 0 | 0 | 0 | 0 | 0 | 0 | 3< | 5 | >-4 | 5 | -5 | -6 | 5 | -4 | 3 | 128 ]
[ -127 | -2 | 0 | 0 | 0 | 0 | 0 | 0 | 0 | 0 | 0 | 0 | 0 | 2< | 5 | >-4 | 5 | -5 | -6 | 5 | -4 | 3 | 128 ]
[ -127 | -2 | 0 | 0 | 0 | 0 | 0 | 0 | 0 | 0 | 0 | 0 | 0 | 2< | 5 | >-5 | 5 | -5 | -6 | 5 | -4 | 3 | 128 ]
[ -127 | -2 | 0 | 0 | 0 | 0 | 0 | 0 | 0 | 0 | 0 | 0 | 0 | 1< | 5 | -5 | >5 | -5 | -6 | 5 | -4 | 3 | 128 ]
[ -127 | -2 | 0 | 0 | 0 | 0 | 0 | 0 | 0 | 0 | 0 | 0 | 0 | 1< | 5 | -5 | >6 | -5 | -6 | 5 | -4 | 3 | 128 ]
[ -127 | -2 | 0 | 0 | 0 | 0 | 0 | 0 | 0 | 0 | 0 | 0 | 0 | 0< | 5 | -5 | >6 | -5 | -6 | 5 | -4 | 3 | 128 ]
[ -127 | -2 | 0 | 0 | 0 | 0 | 0 | 0 | 0 | 0 | 0 | 0 | 0 | 0< | 5 | -5 | >5 | -5 | -6 | 5 | -4 | 3 | 128 ]
[ -127 | -2 | 0 | 0 | 0 | 0 | 0 | 0 | 0 | 0 | 0 | 0 | 0 | 0< | 5 | -5 | 5 | >-5 | -6 | 5 | -4 | 3 | 128 ]
[ -127 | -2 | 0 | 0 | 0 | 0 | 0 | 0 | 0 | 0 | 0 | 0 | 0< | 0 | 5 | -5 | 5 | >-4 | -6 | 5 | -4 | 3 | 128 ]
[ -127 | -2 | 0 | 0 | 0 | 0 | 0 | 0 | 0 | 0 | 0 | 0 | 0< | 0 | 5 | -5 | 5 | >-4 | -6 | 5 | -4 | 3 | 128 ]
[ -127 | -2 | 0 | 0 | 0 | 0 | 0 | 0 | 0 | 0 | 0 | 0< | 0 | 0 | 5 | -5 | 5 | >-5 | -6 | 5 | -4 | 3 | 128 ]
[ -127 | -2 | 0 | 0 | 0 | 0 | 0 | 0 | 0 | 0 | 0 | 0< | 0 | 0 | 5 | -5 | 5 | -5 | >-6 | 5 | -4 | 3 | 128 ]
[ -127 | -2 | 0 | 0 | 0 | 0 | 0 | 0 | 0 | 0 | 0< | 0 | 0 | 0 | 5 | -5 | 5 | -5 | >-5 | 5 | -4 | 3 | 128 ]
[ -127 | -2 | 0 | 0 | 0 | 0 | 0 | 0 | 0 | 0 | 0< | 0 | 0 | 0 | 5 | -5 | 5 | -5 | >-5 | 5 | -4 | 3 | 128 ]
[ -127 | -2 | 0 | 0 | 0 | 0 | 0 | 0 | 0 | 0< | 0 | 0 | 0 | 0 | 5 | -5 | 5 | -5 | >-6 | 5 | -4 | 3 | 128 ]
[ -127 | -2 | 0 | 0 | 0 | 0 | 0 | 0 | 0 | 0< | 0 | 0 | 0 | 0 | 5 | -5 | 5 | -5 | -6 | >5 | -4 | 3 | 128 ]
[ -127 | -2 | 0 | 0 | 0 | 0 | 0 | 0 | 0< | 0 | 0 | 0 | 0 | 0 | 5 | -5 | 5 | -5 | -6 | >6 | -4 | 3 | 128 ]
[ -127 | -2 | 0 | 0 | 0 | 0 | 0 | 0 | 0< | 0 | 0 | 0 | 0 | 0 | 5 | -5 | 5 | -5 | -6 | >6 | -4 | 3 | 128 ]
[ -127 | -2 | 0 | 0 | 0 | 0 | 0 | 0< | 0 | 0 | 0 | 0 | 0 | 0 | 5 | -5 | 5 | -5 | -6 | >5 | -4 | 3 | 128 ]
[ -127 | -2 | 0 | 0 | 0 | 0 | 0 | 0< | 0 | 0 | 0 | 0 | 0 | 0 | 5 | -5 | 5 | -5 | -6 | 5 | >-4 | 3 | 128 ]
[ -127 | -2 | 0 | 0 | 0 | 0 | 0< | 0 | 0 | 0 | 0 | 0 | 0 | 0 | 5 | -5 | 5 | -5 | -6 | 5 | >-3 | 3 | 128 ]
[ -127 | -2 | 0 | 0 | 0 | 0 | 0< | 0 | 0 | 0 | 0 | 0 | 0 | 0 | 5 | -5 | 5 | -5 | -6 | 5 | >-3 | 3 | 128 ]
[ -127 | -2 | 0 | 0 | 0 | 0< | 0 | 0 | 0 | 0 | 0 | 0 | 0 | 0 | 5 | -5 | 5 | -5 | -6 | 5 | >-4 | 3 | 128 ]
[ -127 | -2 | 0 | 0 | 0 | 0< | 0 | 0 | 0 | 0 | 0 | 0 | 0 | 0 | 5 | -5 | 5 | -5 | -6 | 5 | -4 | >3 | 128 ]
[ -127 | -2 | 0 | 0 | 0< | 0 | 0 | 0 | 0 | 0 | 0 | 0 | 0 | 0 | 5 | -5 | 5 | -5 | -6 | 5 | -4 | >4 | 128 ]
[ -127 | -2 | 0 | 0 | 0< | 0 | 0 | 0 | 0 | 0 | 0 | 0 | 0 | 0 | 5 | -5 | 5 | -5 | -6 | 5 | -4 | >4 | 128 ]
[ -127 | -2 | 0 | 0< | 0 | 0 | 0 | 0 | 0 | 0 | 0 | 0 | 0 | 0 | 5 | -5 | 5 | -5 | -6 | 5 | -4 | >3 | 128 ]
[ -127 | -2 | 0 | 0< | 0 | 0 | 0 | 0 | 0 | 0 | 0 | 0 | 0 | 0 | 5 | -5 | 5 | -5 | -6 | 5 | -4 | 3 | >128 ]
[ -127 | -2 | 0< | 0 | 0 | 0 | 0 | 0 | 0 | 0 | 0 | 0 | 0 | 0 | 5 | -5 | 5 | -5 | -6 | 5 | -4 | 3 | >-127 ]
[ -127 | -2 | 0< | 0 | 0 | 0 | 0 | 0 | 0 | 0 | 0 | 0 | 0 | 0 | 5 | -5 | 5 | -5 | -6 | 5 | -4 | 3 | >-127 ]
[ -127 | -2< | 0 | 0 | 0 | 0 | 0 | 0 | 0 | 0 | 0 | 0 | 0 | 0 | 5 | -5 | 5 | -5 | -6 | 5 | -4 | 3 | >128 ]
[ >-127 | -2< | 0 | 0 | 0 | 0 | 0 | 0 | 0 | 0 | 0 | 0 | 0 | 0 | 5 | -5 | 5 | -5 | -6 | 5 | -4 | 3 | 128 ]

===== SeeSawRush won the battle after 92 cycles =====



===== MetaJSRandomBot.bf vs. SeeSawRush.bf finished with 0:10 =====