===== Starting battle of <MetaJSRandomBot> vs <NestDarwin> with memory tape size: 22 =====

[ >128 | 0 | 0 | 0 | 0 | 0 | 0 | 0 | 0 | 0 | 0 | 0 | 0 | 0 | 0 | 0 | 0 | 0 | 0 | 0 | 0 | 128< ]
[ >-127 | 0 | 0 | 0 | 0 | 0 | 0 | 0 | 0 | 0 | 0 | 0 | 0 | 0 | 0 | 0 | 0 | 0 | 0 | 0 | 0 | 127< ]
[ >-127 | 0 | 0 | 0 | 0 | 0 | 0 | 0 | 0 | 0 | 0 | 0 | 0 | 0 | 0 | 0 | 0 | 0 | 0 | 0 | 0 | 126< ]
[ >-127 | 0 | 0 | 0 | 0 | 0 | 0 | 0 | 0 | 0 | 0 | 0 | 0 | 0 | 0 | 0 | 0 | 0 | 0 | 0 | 0 | 125< ]
[ -127 | >0 | 0 | 0 | 0 | 0 | 0 | 0 | 0 | 0 | 0 | 0 | 0 | 0 | 0 | 0 | 0 | 0 | 0 | 0 | 0 | 124< ]
[ -127 | >-1 | 0 | 0 | 0 | 0 | 0 | 0 | 0 | 0 | 0 | 0 | 0 | 0 | 0 | 0 | 0 | 0 | 0 | 0 | 0 | 123< ]
[ -127 | >-1 | 0 | 0 | 0 | 0 | 0 | 0 | 0 | 0 | 0 | 0 | 0 | 0 | 0 | 0 | 0 | 0 | 0 | 0 | 0< | 123 ]
[ -127 | >-2 | 0 | 0 | 0 | 0 | 0 | 0 | 0 | 0 | 0 | 0 | 0 | 0 | 0 | 0 | 0 | 0 | 0 | 0 | 0< | 123 ]
[ -127 | -2 | >0 | 0 | 0 | 0 | 0 | 0 | 0 | 0 | 0 | 0 | 0 | 0 | 0 | 0 | 0 | 0 | 0 | 0 | -1< | 123 ]
[ -127 | -2 | >1 | 0 | 0 | 0 | 0 | 0 | 0 | 0 | 0 | 0 | 0 | 0 | 0 | 0 | 0 | 0 | 0 | 0 | -2< | 123 ]
[ -127 | -2 | >1 | 0 | 0 | 0 | 0 | 0 | 0 | 0 | 0 | 0 | 0 | 0 | 0 | 0 | 0 | 0 | 0 | 0 | -3< | 123 ]
[ -127 | -2 | >0 | 0 | 0 | 0 | 0 | 0 | 0 | 0 | 0 | 0 | 0 | 0 | 0 | 0 | 0 | 0 | 0 | 0 | -4< | 123 ]
[ -127 | -2 | 0 | >0 | 0 | 0 | 0 | 0 | 0 | 0 | 0 | 0 | 0 | 0 | 0 | 0 | 0 | 0 | 0 | 0 | -5< | 123 ]
[ -127 | -2 | 0 | >1 | 0 | 0 | 0 | 0 | 0 | 0 | 0 | 0 | 0 | 0 | 0 | 0 | 0 | 0 | 0 | 0 | -6< | 123 ]
[ -127 | -2 | 0 | >1 | 0 | 0 | 0 | 0 | 0 | 0 | 0 | 0 | 0 | 0 | 0 | 0 | 0 | 0 | 0 | 0 | -7< | 123 ]
[ -127 | -2 | 0 | >0 | 0 | 0 | 0 | 0 | 0 | 0 | 0 | 0 | 0 | 0 | 0 | 0 | 0 | 0 | 0 | 0< | -7 | 123 ]
[ -127 | -2 | 0 | 0 | >0 | 0 | 0 | 0 | 0 | 0 | 0 | 0 | 0 | 0 | 0 | 0 | 0 | 0 | 0 | 0< | -7 | 123 ]
[ -127 | -2 | 0 | 0 | >1 | 0 | 0 | 0 | 0 | 0 | 0 | 0 | 0 | 0 | 0 | 0 | 0 | 0 | 0 | -1< | -7 | 123 ]
[ -127 | -2 | 0 | 0 | >1 | 0 | 0 | 0 | 0 | 0 | 0 | 0 | 0 | 0 | 0 | 0 | 0 | 0 | 0 | -2< | -7 | 123 ]
[ -127 | -2 | 0 | 0 | >0 | 0 | 0 | 0 | 0 | 0 | 0 | 0 | 0 | 0 | 0 | 0 | 0 | 0 | 0 | -3< | -7 | 123 ]
[ -127 | -2 | 0 | 0 | 0 | >0 | 0 | 0 | 0 | 0 | 0 | 0 | 0 | 0 | 0 | 0 | 0 | 0 | 0 | -4< | -7 | 123 ]
[ -127 | -2 | 0 | 0 | 0 | >1 | 0 | 0 | 0 | 0 | 0 | 0 | 0 | 0 | 0 | 0 | 0 | 0 | 0 | -5< | -7 | 123 ]
[ -127 | -2 | 0 | 0 | 0 | >1 | 0 | 0 | 0 | 0 | 0 | 0 | 0 | 0 | 0 | 0 | 0 | 0 | 0 | -6< | -7 | 123 ]
[ -127 | -2 | 0 | 0 | 0 | >0 | 0 | 0 | 0 | 0 | 0 | 0 | 0 | 0 | 0 | 0 | 0 | 0 | 0 | -7< | -7 | 123 ]
[ -127 | -2 | 0 | 0 | 0 | 0 | >0 | 0 | 0 | 0 | 0 | 0 | 0 | 0 | 0 | 0 | 0 | 0 | 0< | -7 | -7 | 123 ]
[ -127 | -2 | 0 | 0 | 0 | 0 | >1 | 0 | 0 | 0 | 0 | 0 | 0 | 0 | 0 | 0 | 0 | 0 | 0< | -7 | -7 | 123 ]
[ -127 | -2 | 0 | 0 | 0 | 0 | >1 | 0 | 0 | 0 | 0 | 0 | 0 | 0 | 0 | 0 | 0 | 0 | -1< | -7 | -7 | 123 ]
[ -127 | -2 | 0 | 0 | 0 | 0 | >0 | 0 | 0 | 0 | 0 | 0 | 0 | 0 | 0 | 0 | 0 | 0 | -2< | -7 | -7 | 123 ]
[ -127 | -2 | 0 | 0 | 0 | 0 | 0 | >0 | 0 | 0 | 0 | 0 | 0 | 0 | 0 | 0 | 0 | 0 | -3< | -7 | -7 | 123 ]
[ -127 | -2 | 0 | 0 | 0 | 0 | 0 | >1 | 0 | 0 | 0 | 0 | 0 | 0 | 0 | 0 | 0 | 0 | -4< | -7 | -7 | 123 ]
[ -127 | -2 | 0 | 0 | 0 | 0 | 0 | >1 | 0 | 0 | 0 | 0 | 0 | 0 | 0 | 0 | 0 | 0 | -5< | -7 | -7 | 123 ]
[ -127 | -2 | 0 | 0 | 0 | 0 | 0 | >0 | 0 | 0 | 0 | 0 | 0 | 0 | 0 | 0 | 0 | 0 | -6< | -7 | -7 | 123 ]
[ -127 | -2 | 0 | 0 | 0 | 0 | 0 | 0 | >0 | 0 | 0 | 0 | 0 | 0 | 0 | 0 | 0 | 0 | -7< | -7 | -7 | 123 ]
[ -127 | -2 | 0 | 0 | 0 | 0 | 0 | 0 | >1 | 0 | 0 | 0 | 0 | 0 | 0 | 0 | 0 | 0< | -7 | -7 | -7 | 123 ]
[ -127 | -2 | 0 | 0 | 0 | 0 | 0 | 0 | >1 | 0 | 0 | 0 | 0 | 0 | 0 | 0 | 0 | 0< | -7 | -7 | -7 | 123 ]
[ -127 | -2 | 0 | 0 | 0 | 0 | 0 | 0 | >0 | 0 | 0 | 0 | 0 | 0 | 0 | 0 | 0 | -1< | -7 | -7 | -7 | 123 ]
[ -127 | -2 | 0 | 0 | 0 | 0 | 0 | 0 | 0 | >0 | 0 | 0 | 0 | 0 | 0 | 0 | 0 | -2< | -7 | -7 | -7 | 123 ]
[ -127 | -2 | 0 | 0 | 0 | 0 | 0 | 0 | 0 | >1 | 0 | 0 | 0 | 0 | 0 | 0 | 0< | -2 | -7 | -7 | -7 | 123 ]
[ -127 | -2 | 0 | 0 | 0 | 0 | 0 | 0 | 0 | >1 | 0 | 0 | 0 | 0 | 0 | 0 | 0< | -2 | -7 | -7 | -7 | 123 ]
[ -127 | -2 | 0 | 0 | 0 | 0 | 0 | 0 | 0 | >0 | 0 | 0 | 0 | 0 | 0 | 0 | -1< | -2 | -7 | -7 | -7 | 123 ]
[ -127 | -2 | 0 | 0 | 0 | 0 | 0 | 0 | 0 | 0 | >0 | 0 | 0 | 0 | 0 | 0 | -2< | -2 | -7 | -7 | -7 | 123 ]
[ -127 | -2 | 0 | 0 | 0 | 0 | 0 | 0 | 0 | 0 | >1 | 0 | 0 | 0 | 0 | 0< | -2 | -2 | -7 | -7 | -7 | 123 ]
[ -127 | -2 | 0 | 0 | 0 | 0 | 0 | 0 | 0 | 0 | >1 | 0 | 0 | 0 | 0 | 0< | -2 | -2 | -7 | -7 | -7 | 123 ]
[ -127 | -2 | 0 | 0 | 0 | 0 | 0 | 0 | 0 | 0 | >0 | 0 | 0 | 0 | 0 | -1< | -2 | -2 | -7 | -7 | -7 | 123 ]
[ -127 | -2 | 0 | 0 | 0 | 0 | 0 | 0 | 0 | 0 | 0 | >0 | 0 | 0 | 0 | -2< | -2 | -2 | -7 | -7 | -7 | 123 ]
[ -127 | -2 | 0 | 0 | 0 | 0 | 0 | 0 | 0 | 0 | 0 | >1 | 0 | 0 | 0< | -2 | -2 | -2 | -7 | -7 | -7 | 123 ]
[ -127 | -2 | 0 | 0 | 0 | 0 | 0 | 0 | 0 | 0 | 0 | >1 | 0 | 0 | 0< | -2 | -2 | -2 | -7 | -7 | -7 | 123 ]
[ -127 | -2 | 0 | 0 | 0 | 0 | 0 | 0 | 0 | 0 | 0 | >0 | 0 | 0 | -1< | -2 | -2 | -2 | -7 | -7 | -7 | 123 ]
[ -127 | -2 | 0 | 0 | 0 | 0 | 0 | 0 | 0 | 0 | 0 | 0 | >0 | 0 | -2< | -2 | -2 | -2 | -7 | -7 | -7 | 123 ]
[ -127 | -2 | 0 | 0 | 0 | 0 | 0 | 0 | 0 | 0 | 0 | 0 | >1 | 0< | -2 | -2 | -2 | -2 | -7 | -7 | -7 | 123 ]
[ -127 | -2 | 0 | 0 | 0 | 0 | 0 | 0 | 0 | 0 | 0 | 0 | >1 | 0< | -2 | -2 | -2 | -2 | -7 | -7 | -7 | 123 ]
[ -127 | -2 | 0 | 0 | 0 | 0 | 0 | 0 | 0 | 0 | 0 | 0 | >0 | -1< | -2 | -2 | -2 | -2 | -7 | -7 | -7 | 123 ]
[ -127 | -2 | 0 | 0 | 0 | 0 | 0 | 0 | 0 | 0 | 0 | 0 | 0 | >-2< | -2 | -2 | -2 | -2 | -7 | -7 | -7 | 123 ]
[ -127 | -2 | 0 | 0 | 0 | 0 | 0 | 0 | 0 | 0 | 0 | 0 | 0< | >-1 | -2 | -2 | -2 | -2 | -7 | -7 | -7 | 123 ]
[ -127 | -2 | 0 | 0 | 0 | 0 | 0 | 0 | 0 | 0 | 0 | 0 | 0< | >-1 | -2 | -2 | -2 | -2 | -7 | -7 | -7 | 123 ]
[ -127 | -2 | 0 | 0 | 0 | 0 | 0 | 0 | 0 | 0 | 0 | 0 | -1< | >-2 | -2 | -2 | -2 | -2 | -7 | -7 | -7 | 123 ]
[ -127 | -2 | 0 | 0 | 0 | 0 | 0 | 0 | 0 | 0 | 0 | 0 | -2< | -2 | >-2 | -2 | -2 | -2 | -7 | -7 | -7 | 123 ]
[ -127 | -2 | 0 | 0 | 0 | 0 | 0 | 0 | 0 | 0 | 0 | 0< | -2 | -2 | >-1 | -2 | -2 | -2 | -7 | -7 | -7 | 123 ]
[ -127 | -2 | 0 | 0 | 0 | 0 | 0 | 0 | 0 | 0 | 0 | 0< | -2 | -2 | >-1 | -2 | -2 | -2 | -7 | -7 | -7 | 123 ]
[ -127 | -2 | 0 | 0 | 0 | 0 | 0 | 0 | 0 | 0 | 0 | -1< | -2 | -2 | >-2 | -2 | -2 | -2 | -7 | -7 | -7 | 123 ]
[ -127 | -2 | 0 | 0 | 0 | 0 | 0 | 0 | 0 | 0 | 0 | -2< | -2 | -2 | -2 | >-2 | -2 | -2 | -7 | -7 | -7 | 123 ]
[ -127 | -2 | 0 | 0 | 0 | 0 | 0 | 0 | 0 | 0 | 0< | -2 | -2 | -2 | -2 | >-1 | -2 | -2 | -7 | -7 | -7 | 123 ]
[ -127 | -2 | 0 | 0 | 0 | 0 | 0 | 0 | 0 | 0 | 0< | -2 | -2 | -2 | -2 | >-1 | -2 | -2 | -7 | -7 | -7 | 123 ]
[ -127 | -2 | 0 | 0 | 0 | 0 | 0 | 0 | 0 | 0 | -1< | -2 | -2 | -2 | -2 | >-2 | -2 | -2 | -7 | -7 | -7 | 123 ]
[ -127 | -2 | 0 | 0 | 0 | 0 | 0 | 0 | 0 | 0 | -2< | -2 | -2 | -2 | -2 | -2 | >-2 | -2 | -7 | -7 | -7 | 123 ]
[ -127 | -2 | 0 | 0 | 0 | 0 | 0 | 0 | 0 | 0< | -2 | -2 | -2 | -2 | -2 | -2 | >-1 | -2 | -7 | -7 | -7 | 123 ]
[ -127 | -2 | 0 | 0 | 0 | 0 | 0 | 0 | 0 | 0< | -2 | -2 | -2 | -2 | -2 | -2 | >-1 | -2 | -7 | -7 | -7 | 123 ]
[ -127 | -2 | 0 | 0 | 0 | 0 | 0 | 0 | 0 | -1< | -2 | -2 | -2 | -2 | -2 | -2 | >-2 | -2 | -7 | -7 | -7 | 123 ]
[ -127 | -2 | 0 | 0 | 0 | 0 | 0 | 0 | 0 | -2< | -2 | -2 | -2 | -2 | -2 | -2 | -2 | >-2 | -7 | -7 | -7 | 123 ]
[ -127 | -2 | 0 | 0 | 0 | 0 | 0 | 0 | 0< | -2 | -2 | -2 | -2 | -2 | -2 | -2 | -2 | >-1 | -7 | -7 | -7 | 123 ]
[ -127 | -2 | 0 | 0 | 0 | 0 | 0 | 0 | 0< | -2 | -2 | -2 | -2 | -2 | -2 | -2 | -2 | >-1 | -7 | -7 | -7 | 123 ]
[ -127 | -2 | 0 | 0 | 0 | 0 | 0 | 0 | -1< | -2 | -2 | -2 | -2 | -2 | -2 | -2 | -2 | >-2 | -7 | -7 | -7 | 123 ]
[ -127 | -2 | 0 | 0 | 0 | 0 | 0 | 0 | -2< | -2 | -2 | -2 | -2 | -2 | -2 | -2 | -2 | -2 | >-7 | -7 | -7 | 123 ]
[ -127 | -2 | 0 | 0 | 0 | 0 | 0 | 0< | -2 | -2 | -2 | -2 | -2 | -2 | -2 | -2 | -2 | -2 | >-6 | -7 | -7 | 123 ]
[ -127 | -2 | 0 | 0 | 0 | 0 | 0 | 0< | -2 | -2 | -2 | -2 | -2 | -2 | -2 | -2 | -2 | -2 | >-6 | -7 | -7 | 123 ]
[ -127 | -2 | 0 | 0 | 0 | 0 | 0 | -1< | -2 | -2 | -2 | -2 | -2 | -2 | -2 | -2 | -2 | -2 | >-7 | -7 | -7 | 123 ]
[ -127 | -2 | 0 | 0 | 0 | 0 | 0 | -2< | -2 | -2 | -2 | -2 | -2 | -2 | -2 | -2 | -2 | -2 | -7 | >-7 | -7 | 123 ]
[ -127 | -2 | 0 | 0 | 0 | 0 | 0< | -2 | -2 | -2 | -2 | -2 | -2 | -2 | -2 | -2 | -2 | -2 | -7 | >-6 | -7 | 123 ]
[ -127 | -2 | 0 | 0 | 0 | 0 | 0< | -2 | -2 | -2 | -2 | -2 | -2 | -2 | -2 | -2 | -2 | -2 | -7 | >-6 | -7 | 123 ]
[ -127 | -2 | 0 | 0 | 0 | 0 | -1< | -2 | -2 | -2 | -2 | -2 | -2 | -2 | -2 | -2 | -2 | -2 | -7 | >-7 | -7 | 123 ]
[ -127 | -2 | 0 | 0 | 0 | 0 | -2< | -2 | -2 | -2 | -2 | -2 | -2 | -2 | -2 | -2 | -2 | -2 | -7 | -7 | >-7 | 123 ]
[ -127 | -2 | 0 | 0 | 0 | 0< | -2 | -2 | -2 | -2 | -2 | -2 | -2 | -2 | -2 | -2 | -2 | -2 | -7 | -7 | >-6 | 123 ]
[ -127 | -2 | 0 | 0 | 0 | 0< | -2 | -2 | -2 | -2 | -2 | -2 | -2 | -2 | -2 | -2 | -2 | -2 | -7 | -7 | >-6 | 123 ]
[ -127 | -2 | 0 | 0 | 0 | -1< | -2 | -2 | -2 | -2 | -2 | -2 | -2 | -2 | -2 | -2 | -2 | -2 | -7 | -7 | >-7 | 123 ]
[ -127 | -2 | 0 | 0 | 0 | -2< | -2 | -2 | -2 | -2 | -2 | -2 | -2 | -2 | -2 | -2 | -2 | -2 | -7 | -7 | -7 | >123 ]
[ -127 | -2 | 0 | 0 | 0< | -2 | -2 | -2 | -2 | -2 | -2 | -2 | -2 | -2 | -2 | -2 | -2 | -2 | -7 | -7 | -7 | >124 ]
[ -127 | -2 | 0 | 0 | 0< | -2 | -2 | -2 | -2 | -2 | -2 | -2 | -2 | -2 | -2 | -2 | -2 | -2 | -7 | -7 | -7 | >124 ]
[ -127 | -2 | 0 | 0 | -1< | -2 | -2 | -2 | -2 | -2 | -2 | -2 | -2 | -2 | -2 | -2 | -2 | -2 | -7 | -7 | -7 | >123 ]
[ >-127 | -2 | 0 | 0 | -2< | -2 | -2 | -2 | -2 | -2 | -2 | -2 | -2 | -2 | -2 | -2 | -2 | -2 | -7 | -7 | -7 | 123 ]

===== NestDarwin won the battle after 88 cycles =====



===== Starting battle of <MetaJSRandomBot> vs <NestDarwin> with memory tape size: 14 =====

[ >128 | 0 | 0 | 0 | 0 | 0 | 0 | 0 | 0 | 0 | 0 | 0 | 0 | 128< ]
[ >-127 | 0 | 0 | 0 | 0 | 0 | 0 | 0 | 0 | 0 | 0 | 0 | 0 | 127< ]
[ >-127 | 0 | 0 | 0 | 0 | 0 | 0 | 0 | 0 | 0 | 0 | 0 | 0 | 126< ]
[ >-127 | 0 | 0 | 0 | 0 | 0 | 0 | 0 | 0 | 0 | 0 | 0 | 0 | 125< ]
[ -127 | >0 | 0 | 0 | 0 | 0 | 0 | 0 | 0 | 0 | 0 | 0 | 0 | 124< ]
[ -127 | >-1 | 0 | 0 | 0 | 0 | 0 | 0 | 0 | 0 | 0 | 0 | 0 | 123< ]
[ -127 | >-1 | 0 | 0 | 0 | 0 | 0 | 0 | 0 | 0 | 0 | 0 | 0< | 123 ]
[ -127 | >-2 | 0 | 0 | 0 | 0 | 0 | 0 | 0 | 0 | 0 | 0 | 0< | 123 ]
[ -127 | -2 | >0 | 0 | 0 | 0 | 0 | 0 | 0 | 0 | 0 | 0 | -1< | 123 ]
[ -127 | -2 | >1 | 0 | 0 | 0 | 0 | 0 | 0 | 0 | 0 | 0 | -2< | 123 ]
[ -127 | -2 | >1 | 0 | 0 | 0 | 0 | 0 | 0 | 0 | 0 | 0 | -3< | 123 ]
[ -127 | -2 | >0 | 0 | 0 | 0 | 0 | 0 | 0 | 0 | 0 | 0 | -4< | 123 ]
[ -127 | -2 | 0 | >0 | 0 | 0 | 0 | 0 | 0 | 0 | 0 | 0 | -5< | 123 ]
[ -127 | -2 | 0 | >1 | 0 | 0 | 0 | 0 | 0 | 0 | 0 | 0 | -6< | 123 ]
[ -127 | -2 | 0 | >1 | 0 | 0 | 0 | 0 | 0 | 0 | 0 | 0 | -7< | 123 ]
[ -127 | -2 | 0 | >0 | 0 | 0 | 0 | 0 | 0 | 0 | 0 | 0< | -7 | 123 ]
[ -127 | -2 | 0 | 0 | >0 | 0 | 0 | 0 | 0 | 0 | 0 | 0< | -7 | 123 ]
[ -127 | -2 | 0 | 0 | >1 | 0 | 0 | 0 | 0 | 0 | 0 | -1< | -7 | 123 ]
[ -127 | -2 | 0 | 0 | >1 | 0 | 0 | 0 | 0 | 0 | 0 | -2< | -7 | 123 ]
[ -127 | -2 | 0 | 0 | >0 | 0 | 0 | 0 | 0 | 0 | 0 | -3< | -7 | 123 ]
[ -127 | -2 | 0 | 0 | 0 | >0 | 0 | 0 | 0 | 0 | 0 | -4< | -7 | 123 ]
[ -127 | -2 | 0 | 0 | 0 | >1 | 0 | 0 | 0 | 0 | 0 | -5< | -7 | 123 ]
[ -127 | -2 | 0 | 0 | 0 | >1 | 0 | 0 | 0 | 0 | 0 | -6< | -7 | 123 ]
[ -127 | -2 | 0 | 0 | 0 | >0 | 0 | 0 | 0 | 0 | 0 | -7< | -7 | 123 ]
[ -127 | -2 | 0 | 0 | 0 | 0 | >0 | 0 | 0 | 0 | 0< | -7 | -7 | 123 ]
[ -127 | -2 | 0 | 0 | 0 | 0 | >1 | 0 | 0 | 0 | 0< | -7 | -7 | 123 ]
[ -127 | -2 | 0 | 0 | 0 | 0 | >1 | 0 | 0 | 0 | -1< | -7 | -7 | 123 ]
[ -127 | -2 | 0 | 0 | 0 | 0 | >0 | 0 | 0 | 0 | -2< | -7 | -7 | 123 ]
[ -127 | -2 | 0 | 0 | 0 | 0 | 0 | >0 | 0 | 0 | -3< | -7 | -7 | 123 ]
[ -127 | -2 | 0 | 0 | 0 | 0 | 0 | >1 | 0 | 0 | -4< | -7 | -7 | 123 ]
[ -127 | -2 | 0 | 0 | 0 | 0 | 0 | >1 | 0 | 0 | -5< | -7 | -7 | 123 ]
[ -127 | -2 | 0 | 0 | 0 | 0 | 0 | >0 | 0 | 0 | -6< | -7 | -7 | 123 ]
[ -127 | -2 | 0 | 0 | 0 | 0 | 0 | 0 | >0 | 0 | -7< | -7 | -7 | 123 ]
[ -127 | -2 | 0 | 0 | 0 | 0 | 0 | 0 | >1 | 0< | -7 | -7 | -7 | 123 ]
[ -127 | -2 | 0 | 0 | 0 | 0 | 0 | 0 | >1 | 0< | -7 | -7 | -7 | 123 ]
[ -127 | -2 | 0 | 0 | 0 | 0 | 0 | 0 | >0 | -1< | -7 | -7 | -7 | 123 ]
[ -127 | -2 | 0 | 0 | 0 | 0 | 0 | 0 | 0 | >-2< | -7 | -7 | -7 | 123 ]
[ -127 | -2 | 0 | 0 | 0 | 0 | 0 | 0 | 0< | >-1 | -7 | -7 | -7 | 123 ]
[ -127 | -2 | 0 | 0 | 0 | 0 | 0 | 0 | 0< | >-1 | -7 | -7 | -7 | 123 ]
[ -127 | -2 | 0 | 0 | 0 | 0 | 0 | 0 | -1< | >-2 | -7 | -7 | -7 | 123 ]
[ -127 | -2 | 0 | 0 | 0 | 0 | 0 | 0 | -2< | -2 | >-7 | -7 | -7 | 123 ]
[ -127 | -2 | 0 | 0 | 0 | 0 | 0 | 0< | -2 | -2 | >-6 | -7 | -7 | 123 ]
[ -127 | -2 | 0 | 0 | 0 | 0 | 0 | 0< | -2 | -2 | >-6 | -7 | -7 | 123 ]
[ -127 | -2 | 0 | 0 | 0 | 0 | 0 | -1< | -2 | -2 | >-7 | -7 | -7 | 123 ]
[ -127 | -2 | 0 | 0 | 0 | 0 | 0 | -2< | -2 | -2 | -7 | >-7 | -7 | 123 ]
[ -127 | -2 | 0 | 0 | 0 | 0 | 0< | -2 | -2 | -2 | -7 | >-6 | -7 | 123 ]
[ -127 | -2 | 0 | 0 | 0 | 0 | 0< | -2 | -2 | -2 | -7 | >-6 | -7 | 123 ]
[ -127 | -2 | 0 | 0 | 0 | 0 | -1< | -2 | -2 | -2 | -7 | >-7 | -7 | 123 ]
[ -127 | -2 | 0 | 0 | 0 | 0 | -2< | -2 | -2 | -2 | -7 | -7 | >-7 | 123 ]
[ -127 | -2 | 0 | 0 | 0 | 0< | -2 | -2 | -2 | -2 | -7 | -7 | >-6 | 123 ]
[ -127 | -2 | 0 | 0 | 0 | 0< | -2 | -2 | -2 | -2 | -7 | -7 | >-6 | 123 ]
[ -127 | -2 | 0 | 0 | 0 | -1< | -2 | -2 | -2 | -2 | -7 | -7 | >-7 | 123 ]
[ -127 | -2 | 0 | 0 | 0 | -2< | -2 | -2 | -2 | -2 | -7 | -7 | -7 | >123 ]
[ -127 | -2 | 0 | 0 | 0< | -2 | -2 | -2 | -2 | -2 | -7 | -7 | -7 | >124 ]
[ -127 | -2 | 0 | 0 | 0< | -2 | -2 | -2 | -2 | -2 | -7 | -7 | -7 | >124 ]
[ -127 | -2 | 0 | 0 | -1< | -2 | -2 | -2 | -2 | -2 | -7 | -7 | -7 | >123 ]
[ >-127 | -2 | 0 | 0 | -2< | -2 | -2 | -2 | -2 | -2 | -7 | -7 | -7 | 123 ]

===== NestDarwin won the battle after 56 cycles =====



===== Starting battle of <MetaJSRandomBot> vs <NestDarwin> with memory tape size: 14 =====

[ >128 | 0 | 0 | 0 | 0 | 0 | 0 | 0 | 0 | 0 | 0 | 0 | 0 | 128< ]
[ >-127 | 0 | 0 | 0 | 0 | 0 | 0 | 0 | 0 | 0 | 0 | 0 | 0 | 127< ]
[ >-127 | 0 | 0 | 0 | 0 | 0 | 0 | 0 | 0 | 0 | 0 | 0 | 0 | 126< ]
[ >-127 | 0 | 0 | 0 | 0 | 0 | 0 | 0 | 0 | 0 | 0 | 0 | 0 | 125< ]
[ -127 | >0 | 0 | 0 | 0 | 0 | 0 | 0 | 0 | 0 | 0 | 0 | 0 | 124< ]
[ -127 | >-1 | 0 | 0 | 0 | 0 | 0 | 0 | 0 | 0 | 0 | 0 | 0 | 123< ]
[ -127 | >-1 | 0 | 0 | 0 | 0 | 0 | 0 | 0 | 0 | 0 | 0 | 0< | 123 ]
[ -127 | >-2 | 0 | 0 | 0 | 0 | 0 | 0 | 0 | 0 | 0 | 0 | 0< | 123 ]
[ -127 | -2 | >0 | 0 | 0 | 0 | 0 | 0 | 0 | 0 | 0 | 0 | -1< | 123 ]
[ -127 | -2 | >1 | 0 | 0 | 0 | 0 | 0 | 0 | 0 | 0 | 0 | -2< | 123 ]
[ -127 | -2 | >1 | 0 | 0 | 0 | 0 | 0 | 0 | 0 | 0 | 0 | -3< | 123 ]
[ -127 | -2 | >0 | 0 | 0 | 0 | 0 | 0 | 0 | 0 | 0 | 0 | -4< | 123 ]
[ -127 | -2 | 0 | >0 | 0 | 0 | 0 | 0 | 0 | 0 | 0 | 0 | -5< | 123 ]
[ -127 | -2 | 0 | >1 | 0 | 0 | 0 | 0 | 0 | 0 | 0 | 0 | -6< | 123 ]
[ -127 | -2 | 0 | >1 | 0 | 0 | 0 | 0 | 0 | 0 | 0 | 0 | -7< | 123 ]
[ -127 | -2 | 0 | >0 | 0 | 0 | 0 | 0 | 0 | 0 | 0 | 0< | -7 | 123 ]
[ -127 | -2 | 0 | 0 | >0 | 0 | 0 | 0 | 0 | 0 | 0 | 0< | -7 | 123 ]
[ -127 | -2 | 0 | 0 | >1 | 0 | 0 | 0 | 0 | 0 | 0 | -1< | -7 | 123 ]
[ -127 | -2 | 0 | 0 | >1 | 0 | 0 | 0 | 0 | 0 | 0 | -2< | -7 | 123 ]
[ -127 | -2 | 0 | 0 | >0 | 0 | 0 | 0 | 0 | 0 | 0 | -3< | -7 | 123 ]
[ -127 | -2 | 0 | 0 | 0 | >0 | 0 | 0 | 0 | 0 | 0 | -4< | -7 | 123 ]
[ -127 | -2 | 0 | 0 | 0 | >1 | 0 | 0 | 0 | 0 | 0 | -5< | -7 | 123 ]
[ -127 | -2 | 0 | 0 | 0 | >1 | 0 | 0 | 0 | 0 | 0 | -6< | -7 | 123 ]
[ -127 | -2 | 0 | 0 | 0 | >0 | 0 | 0 | 0 | 0 | 0 | -7< | -7 | 123 ]
[ -127 | -2 | 0 | 0 | 0 | 0 | >0 | 0 | 0 | 0 | 0< | -7 | -7 | 123 ]
[ -127 | -2 | 0 | 0 | 0 | 0 | >1 | 0 | 0 | 0 | 0< | -7 | -7 | 123 ]
[ -127 | -2 | 0 | 0 | 0 | 0 | >1 | 0 | 0 | 0 | -1< | -7 | -7 | 123 ]
[ -127 | -2 | 0 | 0 | 0 | 0 | >0 | 0 | 0 | 0 | -2< | -7 | -7 | 123 ]
[ -127 | -2 | 0 | 0 | 0 | 0 | 0 | >0 | 0 | 0 | -3< | -7 | -7 | 123 ]
[ -127 | -2 | 0 | 0 | 0 | 0 | 0 | >1 | 0 | 0 | -4< | -7 | -7 | 123 ]
[ -127 | -2 | 0 | 0 | 0 | 0 | 0 | >1 | 0 | 0 | -5< | -7 | -7 | 123 ]
[ -127 | -2 | 0 | 0 | 0 | 0 | 0 | >0 | 0 | 0 | -6< | -7 | -7 | 123 ]
[ -127 | -2 | 0 | 0 | 0 | 0 | 0 | 0 | >0 | 0 | -7< | -7 | -7 | 123 ]
[ -127 | -2 | 0 | 0 | 0 | 0 | 0 | 0 | >1 | 0< | -7 | -7 | -7 | 123 ]
[ -127 | -2 | 0 | 0 | 0 | 0 | 0 | 0 | >1 | 0< | -7 | -7 | -7 | 123 ]
[ -127 | -2 | 0 | 0 | 0 | 0 | 0 | 0 | >0 | -1< | -7 | -7 | -7 | 123 ]
[ -127 | -2 | 0 | 0 | 0 | 0 | 0 | 0 | 0 | >-2< | -7 | -7 | -7 | 123 ]
[ -127 | -2 | 0 | 0 | 0 | 0 | 0 | 0 | 0< | >-1 | -7 | -7 | -7 | 123 ]
[ -127 | -2 | 0 | 0 | 0 | 0 | 0 | 0 | 0< | >-1 | -7 | -7 | -7 | 123 ]
[ -127 | -2 | 0 | 0 | 0 | 0 | 0 | 0 | -1< | >-2 | -7 | -7 | -7 | 123 ]
[ -127 | -2 | 0 | 0 | 0 | 0 | 0 | 0 | -2< | -2 | >-7 | -7 | -7 | 123 ]
[ -127 | -2 | 0 | 0 | 0 | 0 | 0 | 0< | -2 | -2 | >-6 | -7 | -7 | 123 ]
[ -127 | -2 | 0 | 0 | 0 | 0 | 0 | 0< | -2 | -2 | >-6 | -7 | -7 | 123 ]
[ -127 | -2 | 0 | 0 | 0 | 0 | 0 | -1< | -2 | -2 | >-7 | -7 | -7 | 123 ]
[ -127 | -2 | 0 | 0 | 0 | 0 | 0 | -2< | -2 | -2 | -7 | >-7 | -7 | 123 ]
[ -127 | -2 | 0 | 0 | 0 | 0 | 0< | -2 | -2 | -2 | -7 | >-6 | -7 | 123 ]
[ -127 | -2 | 0 | 0 | 0 | 0 | 0< | -2 | -2 | -2 | -7 | >-6 | -7 | 123 ]
[ -127 | -2 | 0 | 0 | 0 | 0 | -1< | -2 | -2 | -2 | -7 | >-7 | -7 | 123 ]
[ -127 | -2 | 0 | 0 | 0 | 0 | -2< | -2 | -2 | -2 | -7 | -7 | >-7 | 123 ]
[ -127 | -2 | 0 | 0 | 0 | 0< | -2 | -2 | -2 | -2 | -7 | -7 | >-6 | 123 ]
[ -127 | -2 | 0 | 0 | 0 | 0< | -2 | -2 | -2 | -2 | -7 | -7 | >-6 | 123 ]
[ -127 | -2 | 0 | 0 | 0 | -1< | -2 | -2 | -2 | -2 | -7 | -7 | >-7 | 123 ]
[ -127 | -2 | 0 | 0 | 0 | -2< | -2 | -2 | -2 | -2 | -7 | -7 | -7 | >123 ]
[ -127 | -2 | 0 | 0 | 0< | -2 | -2 | -2 | -2 | -2 | -7 | -7 | -7 | >124 ]
[ -127 | -2 | 0 | 0 | 0< | -2 | -2 | -2 | -2 | -2 | -7 | -7 | -7 | >124 ]
[ -127 | -2 | 0 | 0 | -1< | -2 | -2 | -2 | -2 | -2 | -7 | -7 | -7 | >123 ]
[ >-127 | -2 | 0 | 0 | -2< | -2 | -2 | -2 | -2 | -2 | -7 | -7 | -7 | 123 ]

===== NestDarwin won the battle after 56 cycles =====



===== Starting battle of <MetaJSRandomBot> vs <NestDarwin> with memory tape size: 12 =====

[ >128 | 0 | 0 | 0 | 0 | 0 | 0 | 0 | 0 | 0 | 0 | 128< ]
[ >-127 | 0 | 0 | 0 | 0 | 0 | 0 | 0 | 0 | 0 | 0 | 127< ]
[ >-127 | 0 | 0 | 0 | 0 | 0 | 0 | 0 | 0 | 0 | 0 | 126< ]
[ >-127 | 0 | 0 | 0 | 0 | 0 | 0 | 0 | 0 | 0 | 0 | 125< ]
[ -127 | >0 | 0 | 0 | 0 | 0 | 0 | 0 | 0 | 0 | 0 | 124< ]
[ -127 | >-1 | 0 | 0 | 0 | 0 | 0 | 0 | 0 | 0 | 0 | 123< ]
[ -127 | >-1 | 0 | 0 | 0 | 0 | 0 | 0 | 0 | 0 | 0< | 123 ]
[ -127 | >-2 | 0 | 0 | 0 | 0 | 0 | 0 | 0 | 0 | 0< | 123 ]
[ -127 | -2 | >0 | 0 | 0 | 0 | 0 | 0 | 0 | 0 | -1< | 123 ]
[ -127 | -2 | >1 | 0 | 0 | 0 | 0 | 0 | 0 | 0 | -2< | 123 ]
[ -127 | -2 | >1 | 0 | 0 | 0 | 0 | 0 | 0 | 0 | -3< | 123 ]
[ -127 | -2 | >0 | 0 | 0 | 0 | 0 | 0 | 0 | 0 | -4< | 123 ]
[ -127 | -2 | 0 | >0 | 0 | 0 | 0 | 0 | 0 | 0 | -5< | 123 ]
[ -127 | -2 | 0 | >1 | 0 | 0 | 0 | 0 | 0 | 0 | -6< | 123 ]
[ -127 | -2 | 0 | >1 | 0 | 0 | 0 | 0 | 0 | 0 | -7< | 123 ]
[ -127 | -2 | 0 | >0 | 0 | 0 | 0 | 0 | 0 | 0< | -7 | 123 ]
[ -127 | -2 | 0 | 0 | >0 | 0 | 0 | 0 | 0 | 0< | -7 | 123 ]
[ -127 | -2 | 0 | 0 | >1 | 0 | 0 | 0 | 0 | -1< | -7 | 123 ]
[ -127 | -2 | 0 | 0 | >1 | 0 | 0 | 0 | 0 | -2< | -7 | 123 ]
[ -127 | -2 | 0 | 0 | >0 | 0 | 0 | 0 | 0 | -3< | -7 | 123 ]
[ -127 | -2 | 0 | 0 | 0 | >0 | 0 | 0 | 0 | -4< | -7 | 123 ]
[ -127 | -2 | 0 | 0 | 0 | >1 | 0 | 0 | 0 | -5< | -7 | 123 ]
[ -127 | -2 | 0 | 0 | 0 | >1 | 0 | 0 | 0 | -6< | -7 | 123 ]
[ -127 | -2 | 0 | 0 | 0 | >0 | 0 | 0 | 0 | -7< | -7 | 123 ]
[ -127 | -2 | 0 | 0 | 0 | 0 | >0 | 0 | 0< | -7 | -7 | 123 ]
[ -127 | -2 | 0 | 0 | 0 | 0 | >1 | 0 | 0< | -7 | -7 | 123 ]
[ -127 | -2 | 0 | 0 | 0 | 0 | >1 | 0 | -1< | -7 | -7 | 123 ]
[ -127 | -2 | 0 | 0 | 0 | 0 | >0 | 0 | -2< | -7 | -7 | 123 ]
[ -127 | -2 | 0 | 0 | 0 | 0 | 0 | >0 | -3< | -7 | -7 | 123 ]
[ -127 | -2 | 0 | 0 | 0 | 0 | 0 | >1 | -4< | -7 | -7 | 123 ]
[ -127 | -2 | 0 | 0 | 0 | 0 | 0 | >1 | -5< | -7 | -7 | 123 ]
[ -127 | -2 | 0 | 0 | 0 | 0 | 0 | >0 | -6< | -7 | -7 | 123 ]
[ -127 | -2 | 0 | 0 | 0 | 0 | 0 | 0 | >-7< | -7 | -7 | 123 ]
[ -127 | -2 | 0 | 0 | 0 | 0 | 0 | 0< | >-6 | -7 | -7 | 123 ]
[ -127 | -2 | 0 | 0 | 0 | 0 | 0 | 0< | >-6 | -7 | -7 | 123 ]
[ -127 | -2 | 0 | 0 | 0 | 0 | 0 | -1< | >-7 | -7 | -7 | 123 ]
[ -127 | -2 | 0 | 0 | 0 | 0 | 0 | -2< | -7 | >-7 | -7 | 123 ]
[ -127 | -2 | 0 | 0 | 0 | 0 | 0< | -2 | -7 | >-6 | -7 | 123 ]
[ -127 | -2 | 0 | 0 | 0 | 0 | 0< | -2 | -7 | >-6 | -7 | 123 ]
[ -127 | -2 | 0 | 0 | 0 | 0 | -1< | -2 | -7 | >-7 | -7 | 123 ]
[ -127 | -2 | 0 | 0 | 0 | 0 | -2< | -2 | -7 | -7 | >-7 | 123 ]
[ -127 | -2 | 0 | 0 | 0 | 0< | -2 | -2 | -7 | -7 | >-6 | 123 ]
[ -127 | -2 | 0 | 0 | 0 | 0< | -2 | -2 | -7 | -7 | >-6 | 123 ]
[ -127 | -2 | 0 | 0 | 0 | -1< | -2 | -2 | -7 | -7 | >-7 | 123 ]
[ -127 | -2 | 0 | 0 | 0 | -2< | -2 | -2 | -7 | -7 | -7 | >123 ]
[ -127 | -2 | 0 | 0 | 0< | -2 | -2 | -2 | -7 | -7 | -7 | >124 ]
[ -127 | -2 | 0 | 0 | 0< | -2 | -2 | -2 | -7 | -7 | -7 | >124 ]
[ -127 | -2 | 0 | 0 | -1< | -2 | -2 | -2 | -7 | -7 | -7 | >123 ]
[ >-127 | -2 | 0 | 0 | -2< | -2 | -2 | -2 | -7 | -7 | -7 | 123 ]

===== NestDarwin won the battle after 48 cycles =====



===== Starting battle of <MetaJSRandomBot> vs <NestDarwin> with memory tape size: 26 =====

[ >128 | 0 | 0 | 0 | 0 | 0 | 0 | 0 | 0 | 0 | 0 | 0 | 0 | 0 | 0 | 0 | 0 | 0 | 0 | 0 | 0 | 0 | 0 | 0 | 0 | 128< ]
[ >-127 | 0 | 0 | 0 | 0 | 0 | 0 | 0 | 0 | 0 | 0 | 0 | 0 | 0 | 0 | 0 | 0 | 0 | 0 | 0 | 0 | 0 | 0 | 0 | 0 | 127< ]
[ >-127 | 0 | 0 | 0 | 0 | 0 | 0 | 0 | 0 | 0 | 0 | 0 | 0 | 0 | 0 | 0 | 0 | 0 | 0 | 0 | 0 | 0 | 0 | 0 | 0 | 126< ]
[ >-127 | 0 | 0 | 0 | 0 | 0 | 0 | 0 | 0 | 0 | 0 | 0 | 0 | 0 | 0 | 0 | 0 | 0 | 0 | 0 | 0 | 0 | 0 | 0 | 0 | 125< ]
[ -127 | >0 | 0 | 0 | 0 | 0 | 0 | 0 | 0 | 0 | 0 | 0 | 0 | 0 | 0 | 0 | 0 | 0 | 0 | 0 | 0 | 0 | 0 | 0 | 0 | 124< ]
[ -127 | >-1 | 0 | 0 | 0 | 0 | 0 | 0 | 0 | 0 | 0 | 0 | 0 | 0 | 0 | 0 | 0 | 0 | 0 | 0 | 0 | 0 | 0 | 0 | 0 | 123< ]
[ -127 | >-1 | 0 | 0 | 0 | 0 | 0 | 0 | 0 | 0 | 0 | 0 | 0 | 0 | 0 | 0 | 0 | 0 | 0 | 0 | 0 | 0 | 0 | 0 | 0< | 123 ]
[ -127 | >-2 | 0 | 0 | 0 | 0 | 0 | 0 | 0 | 0 | 0 | 0 | 0 | 0 | 0 | 0 | 0 | 0 | 0 | 0 | 0 | 0 | 0 | 0 | 0< | 123 ]
[ -127 | -2 | >0 | 0 | 0 | 0 | 0 | 0 | 0 | 0 | 0 | 0 | 0 | 0 | 0 | 0 | 0 | 0 | 0 | 0 | 0 | 0 | 0 | 0 | -1< | 123 ]
[ -127 | -2 | >1 | 0 | 0 | 0 | 0 | 0 | 0 | 0 | 0 | 0 | 0 | 0 | 0 | 0 | 0 | 0 | 0 | 0 | 0 | 0 | 0 | 0 | -2< | 123 ]
[ -127 | -2 | >1 | 0 | 0 | 0 | 0 | 0 | 0 | 0 | 0 | 0 | 0 | 0 | 0 | 0 | 0 | 0 | 0 | 0 | 0 | 0 | 0 | 0 | -3< | 123 ]
[ -127 | -2 | >0 | 0 | 0 | 0 | 0 | 0 | 0 | 0 | 0 | 0 | 0 | 0 | 0 | 0 | 0 | 0 | 0 | 0 | 0 | 0 | 0 | 0 | -4< | 123 ]
[ -127 | -2 | 0 | >0 | 0 | 0 | 0 | 0 | 0 | 0 | 0 | 0 | 0 | 0 | 0 | 0 | 0 | 0 | 0 | 0 | 0 | 0 | 0 | 0 | -5< | 123 ]
[ -127 | -2 | 0 | >1 | 0 | 0 | 0 | 0 | 0 | 0 | 0 | 0 | 0 | 0 | 0 | 0 | 0 | 0 | 0 | 0 | 0 | 0 | 0 | 0 | -6< | 123 ]
[ -127 | -2 | 0 | >1 | 0 | 0 | 0 | 0 | 0 | 0 | 0 | 0 | 0 | 0 | 0 | 0 | 0 | 0 | 0 | 0 | 0 | 0 | 0 | 0 | -7< | 123 ]
[ -127 | -2 | 0 | >0 | 0 | 0 | 0 | 0 | 0 | 0 | 0 | 0 | 0 | 0 | 0 | 0 | 0 | 0 | 0 | 0 | 0 | 0 | 0 | 0< | -7 | 123 ]
[ -127 | -2 | 0 | 0 | >0 | 0 | 0 | 0 | 0 | 0 | 0 | 0 | 0 | 0 | 0 | 0 | 0 | 0 | 0 | 0 | 0 | 0 | 0 | 0< | -7 | 123 ]
[ -127 | -2 | 0 | 0 | >1 | 0 | 0 | 0 | 0 | 0 | 0 | 0 | 0 | 0 | 0 | 0 | 0 | 0 | 0 | 0 | 0 | 0 | 0 | -1< | -7 | 123 ]
[ -127 | -2 | 0 | 0 | >1 | 0 | 0 | 0 | 0 | 0 | 0 | 0 | 0 | 0 | 0 | 0 | 0 | 0 | 0 | 0 | 0 | 0 | 0 | -2< | -7 | 123 ]
[ -127 | -2 | 0 | 0 | >0 | 0 | 0 | 0 | 0 | 0 | 0 | 0 | 0 | 0 | 0 | 0 | 0 | 0 | 0 | 0 | 0 | 0 | 0 | -3< | -7 | 123 ]
[ -127 | -2 | 0 | 0 | 0 | >0 | 0 | 0 | 0 | 0 | 0 | 0 | 0 | 0 | 0 | 0 | 0 | 0 | 0 | 0 | 0 | 0 | 0 | -4< | -7 | 123 ]
[ -127 | -2 | 0 | 0 | 0 | >1 | 0 | 0 | 0 | 0 | 0 | 0 | 0 | 0 | 0 | 0 | 0 | 0 | 0 | 0 | 0 | 0 | 0 | -5< | -7 | 123 ]
[ -127 | -2 | 0 | 0 | 0 | >1 | 0 | 0 | 0 | 0 | 0 | 0 | 0 | 0 | 0 | 0 | 0 | 0 | 0 | 0 | 0 | 0 | 0 | -6< | -7 | 123 ]
[ -127 | -2 | 0 | 0 | 0 | >0 | 0 | 0 | 0 | 0 | 0 | 0 | 0 | 0 | 0 | 0 | 0 | 0 | 0 | 0 | 0 | 0 | 0 | -7< | -7 | 123 ]
[ -127 | -2 | 0 | 0 | 0 | 0 | >0 | 0 | 0 | 0 | 0 | 0 | 0 | 0 | 0 | 0 | 0 | 0 | 0 | 0 | 0 | 0 | 0< | -7 | -7 | 123 ]
[ -127 | -2 | 0 | 0 | 0 | 0 | >1 | 0 | 0 | 0 | 0 | 0 | 0 | 0 | 0 | 0 | 0 | 0 | 0 | 0 | 0 | 0 | 0< | -7 | -7 | 123 ]
[ -127 | -2 | 0 | 0 | 0 | 0 | >1 | 0 | 0 | 0 | 0 | 0 | 0 | 0 | 0 | 0 | 0 | 0 | 0 | 0 | 0 | 0 | -1< | -7 | -7 | 123 ]
[ -127 | -2 | 0 | 0 | 0 | 0 | >0 | 0 | 0 | 0 | 0 | 0 | 0 | 0 | 0 | 0 | 0 | 0 | 0 | 0 | 0 | 0 | -2< | -7 | -7 | 123 ]
[ -127 | -2 | 0 | 0 | 0 | 0 | 0 | >0 | 0 | 0 | 0 | 0 | 0 | 0 | 0 | 0 | 0 | 0 | 0 | 0 | 0 | 0 | -3< | -7 | -7 | 123 ]
[ -127 | -2 | 0 | 0 | 0 | 0 | 0 | >1 | 0 | 0 | 0 | 0 | 0 | 0 | 0 | 0 | 0 | 0 | 0 | 0 | 0 | 0 | -4< | -7 | -7 | 123 ]
[ -127 | -2 | 0 | 0 | 0 | 0 | 0 | >1 | 0 | 0 | 0 | 0 | 0 | 0 | 0 | 0 | 0 | 0 | 0 | 0 | 0 | 0 | -5< | -7 | -7 | 123 ]
[ -127 | -2 | 0 | 0 | 0 | 0 | 0 | >0 | 0 | 0 | 0 | 0 | 0 | 0 | 0 | 0 | 0 | 0 | 0 | 0 | 0 | 0 | -6< | -7 | -7 | 123 ]
[ -127 | -2 | 0 | 0 | 0 | 0 | 0 | 0 | >0 | 0 | 0 | 0 | 0 | 0 | 0 | 0 | 0 | 0 | 0 | 0 | 0 | 0 | -7< | -7 | -7 | 123 ]
[ -127 | -2 | 0 | 0 | 0 | 0 | 0 | 0 | >1 | 0 | 0 | 0 | 0 | 0 | 0 | 0 | 0 | 0 | 0 | 0 | 0 | 0< | -7 | -7 | -7 | 123 ]
[ -127 | -2 | 0 | 0 | 0 | 0 | 0 | 0 | >1 | 0 | 0 | 0 | 0 | 0 | 0 | 0 | 0 | 0 | 0 | 0 | 0 | 0< | -7 | -7 | -7 | 123 ]
[ -127 | -2 | 0 | 0 | 0 | 0 | 0 | 0 | >0 | 0 | 0 | 0 | 0 | 0 | 0 | 0 | 0 | 0 | 0 | 0 | 0 | -1< | -7 | -7 | -7 | 123 ]
[ -127 | -2 | 0 | 0 | 0 | 0 | 0 | 0 | 0 | >0 | 0 | 0 | 0 | 0 | 0 | 0 | 0 | 0 | 0 | 0 | 0 | -2< | -7 | -7 | -7 | 123 ]
[ -127 | -2 | 0 | 0 | 0 | 0 | 0 | 0 | 0 | >1 | 0 | 0 | 0 | 0 | 0 | 0 | 0 | 0 | 0 | 0 | 0< | -2 | -7 | -7 | -7 | 123 ]
[ -127 | -2 | 0 | 0 | 0 | 0 | 0 | 0 | 0 | >1 | 0 | 0 | 0 | 0 | 0 | 0 | 0 | 0 | 0 | 0 | 0< | -2 | -7 | -7 | -7 | 123 ]
[ -127 | -2 | 0 | 0 | 0 | 0 | 0 | 0 | 0 | >0 | 0 | 0 | 0 | 0 | 0 | 0 | 0 | 0 | 0 | 0 | -1< | -2 | -7 | -7 | -7 | 123 ]
[ -127 | -2 | 0 | 0 | 0 | 0 | 0 | 0 | 0 | 0 | >0 | 0 | 0 | 0 | 0 | 0 | 0 | 0 | 0 | 0 | -2< | -2 | -7 | -7 | -7 | 123 ]
[ -127 | -2 | 0 | 0 | 0 | 0 | 0 | 0 | 0 | 0 | >1 | 0 | 0 | 0 | 0 | 0 | 0 | 0 | 0 | 0< | -2 | -2 | -7 | -7 | -7 | 123 ]
[ -127 | -2 | 0 | 0 | 0 | 0 | 0 | 0 | 0 | 0 | >1 | 0 | 0 | 0 | 0 | 0 | 0 | 0 | 0 | 0< | -2 | -2 | -7 | -7 | -7 | 123 ]
[ -127 | -2 | 0 | 0 | 0 | 0 | 0 | 0 | 0 | 0 | >0 | 0 | 0 | 0 | 0 | 0 | 0 | 0 | 0 | -1< | -2 | -2 | -7 | -7 | -7 | 123 ]
[ -127 | -2 | 0 | 0 | 0 | 0 | 0 | 0 | 0 | 0 | 0 | >0 | 0 | 0 | 0 | 0 | 0 | 0 | 0 | -2< | -2 | -2 | -7 | -7 | -7 | 123 ]
[ -127 | -2 | 0 | 0 | 0 | 0 | 0 | 0 | 0 | 0 | 0 | >1 | 0 | 0 | 0 | 0 | 0 | 0 | 0< | -2 | -2 | -2 | -7 | -7 | -7 | 123 ]
[ -127 | -2 | 0 | 0 | 0 | 0 | 0 | 0 | 0 | 0 | 0 | >1 | 0 | 0 | 0 | 0 | 0 | 0 | 0< | -2 | -2 | -2 | -7 | -7 | -7 | 123 ]
[ -127 | -2 | 0 | 0 | 0 | 0 | 0 | 0 | 0 | 0 | 0 | >0 | 0 | 0 | 0 | 0 | 0 | 0 | -1< | -2 | -2 | -2 | -7 | -7 | -7 | 123 ]
[ -127 | -2 | 0 | 0 | 0 | 0 | 0 | 0 | 0 | 0 | 0 | 0 | >0 | 0 | 0 | 0 | 0 | 0 | -2< | -2 | -2 | -2 | -7 | -7 | -7 | 123 ]
[ -127 | -2 | 0 | 0 | 0 | 0 | 0 | 0 | 0 | 0 | 0 | 0 | >1 | 0 | 0 | 0 | 0 | 0< | -2 | -2 | -2 | -2 | -7 | -7 | -7 | 123 ]
[ -127 | -2 | 0 | 0 | 0 | 0 | 0 | 0 | 0 | 0 | 0 | 0 | >1 | 0 | 0 | 0 | 0 | 0< | -2 | -2 | -2 | -2 | -7 | -7 | -7 | 123 ]
[ -127 | -2 | 0 | 0 | 0 | 0 | 0 | 0 | 0 | 0 | 0 | 0 | >0 | 0 | 0 | 0 | 0 | -1< | -2 | -2 | -2 | -2 | -7 | -7 | -7 | 123 ]
[ -127 | -2 | 0 | 0 | 0 | 0 | 0 | 0 | 0 | 0 | 0 | 0 | 0 | >0 | 0 | 0 | 0 | -2< | -2 | -2 | -2 | -2 | -7 | -7 | -7 | 123 ]
[ -127 | -2 | 0 | 0 | 0 | 0 | 0 | 0 | 0 | 0 | 0 | 0 | 0 | >1 | 0 | 0 | 0< | -2 | -2 | -2 | -2 | -2 | -7 | -7 | -7 | 123 ]
[ -127 | -2 | 0 | 0 | 0 | 0 | 0 | 0 | 0 | 0 | 0 | 0 | 0 | >1 | 0 | 0 | 0< | -2 | -2 | -2 | -2 | -2 | -7 | -7 | -7 | 123 ]
[ -127 | -2 | 0 | 0 | 0 | 0 | 0 | 0 | 0 | 0 | 0 | 0 | 0 | >0 | 0 | 0 | -1< | -2 | -2 | -2 | -2 | -2 | -7 | -7 | -7 | 123 ]
[ -127 | -2 | 0 | 0 | 0 | 0 | 0 | 0 | 0 | 0 | 0 | 0 | 0 | 0 | >0 | 0 | -2< | -2 | -2 | -2 | -2 | -2 | -7 | -7 | -7 | 123 ]
[ -127 | -2 | 0 | 0 | 0 | 0 | 0 | 0 | 0 | 0 | 0 | 0 | 0 | 0 | >1 | 0< | -2 | -2 | -2 | -2 | -2 | -2 | -7 | -7 | -7 | 123 ]
[ -127 | -2 | 0 | 0 | 0 | 0 | 0 | 0 | 0 | 0 | 0 | 0 | 0 | 0 | >1 | 0< | -2 | -2 | -2 | -2 | -2 | -2 | -7 | -7 | -7 | 123 ]
[ -127 | -2 | 0 | 0 | 0 | 0 | 0 | 0 | 0 | 0 | 0 | 0 | 0 | 0 | >0 | -1< | -2 | -2 | -2 | -2 | -2 | -2 | -7 | -7 | -7 | 123 ]
[ -127 | -2 | 0 | 0 | 0 | 0 | 0 | 0 | 0 | 0 | 0 | 0 | 0 | 0 | 0 | >-2< | -2 | -2 | -2 | -2 | -2 | -2 | -7 | -7 | -7 | 123 ]
[ -127 | -2 | 0 | 0 | 0 | 0 | 0 | 0 | 0 | 0 | 0 | 0 | 0 | 0 | 0< | >-1 | -2 | -2 | -2 | -2 | -2 | -2 | -7 | -7 | -7 | 123 ]
[ -127 | -2 | 0 | 0 | 0 | 0 | 0 | 0 | 0 | 0 | 0 | 0 | 0 | 0 | 0< | >-1 | -2 | -2 | -2 | -2 | -2 | -2 | -7 | -7 | -7 | 123 ]
[ -127 | -2 | 0 | 0 | 0 | 0 | 0 | 0 | 0 | 0 | 0 | 0 | 0 | 0 | -1< | >-2 | -2 | -2 | -2 | -2 | -2 | -2 | -7 | -7 | -7 | 123 ]
[ -127 | -2 | 0 | 0 | 0 | 0 | 0 | 0 | 0 | 0 | 0 | 0 | 0 | 0 | -2< | -2 | >-2 | -2 | -2 | -2 | -2 | -2 | -7 | -7 | -7 | 123 ]
[ -127 | -2 | 0 | 0 | 0 | 0 | 0 | 0 | 0 | 0 | 0 | 0 | 0 | 0< | -2 | -2 | >-1 | -2 | -2 | -2 | -2 | -2 | -7 | -7 | -7 | 123 ]
[ -127 | -2 | 0 | 0 | 0 | 0 | 0 | 0 | 0 | 0 | 0 | 0 | 0 | 0< | -2 | -2 | >-1 | -2 | -2 | -2 | -2 | -2 | -7 | -7 | -7 | 123 ]
[ -127 | -2 | 0 | 0 | 0 | 0 | 0 | 0 | 0 | 0 | 0 | 0 | 0 | -1< | -2 | -2 | >-2 | -2 | -2 | -2 | -2 | -2 | -7 | -7 | -7 | 123 ]
[ -127 | -2 | 0 | 0 | 0 | 0 | 0 | 0 | 0 | 0 | 0 | 0 | 0 | -2< | -2 | -2 | -2 | >-2 | -2 | -2 | -2 | -2 | -7 | -7 | -7 | 123 ]
[ -127 | -2 | 0 | 0 | 0 | 0 | 0 | 0 | 0 | 0 | 0 | 0 | 0< | -2 | -2 | -2 | -2 | >-1 | -2 | -2 | -2 | -2 | -7 | -7 | -7 | 123 ]
[ -127 | -2 | 0 | 0 | 0 | 0 | 0 | 0 | 0 | 0 | 0 | 0 | 0< | -2 | -2 | -2 | -2 | >-1 | -2 | -2 | -2 | -2 | -7 | -7 | -7 | 123 ]
[ -127 | -2 | 0 | 0 | 0 | 0 | 0 | 0 | 0 | 0 | 0 | 0 | -1< | -2 | -2 | -2 | -2 | >-2 | -2 | -2 | -2 | -2 | -7 | -7 | -7 | 123 ]
[ -127 | -2 | 0 | 0 | 0 | 0 | 0 | 0 | 0 | 0 | 0 | 0 | -2< | -2 | -2 | -2 | -2 | -2 | >-2 | -2 | -2 | -2 | -7 | -7 | -7 | 123 ]
[ -127 | -2 | 0 | 0 | 0 | 0 | 0 | 0 | 0 | 0 | 0 | 0< | -2 | -2 | -2 | -2 | -2 | -2 | >-1 | -2 | -2 | -2 | -7 | -7 | -7 | 123 ]
[ -127 | -2 | 0 | 0 | 0 | 0 | 0 | 0 | 0 | 0 | 0 | 0< | -2 | -2 | -2 | -2 | -2 | -2 | >-1 | -2 | -2 | -2 | -7 | -7 | -7 | 123 ]
[ -127 | -2 | 0 | 0 | 0 | 0 | 0 | 0 | 0 | 0 | 0 | -1< | -2 | -2 | -2 | -2 | -2 | -2 | >-2 | -2 | -2 | -2 | -7 | -7 | -7 | 123 ]
[ -127 | -2 | 0 | 0 | 0 | 0 | 0 | 0 | 0 | 0 | 0 | -2< | -2 | -2 | -2 | -2 | -2 | -2 | -2 | >-2 | -2 | -2 | -7 | -7 | -7 | 123 ]
[ -127 | -2 | 0 | 0 | 0 | 0 | 0 | 0 | 0 | 0 | 0< | -2 | -2 | -2 | -2 | -2 | -2 | -2 | -2 | >-1 | -2 | -2 | -7 | -7 | -7 | 123 ]
[ -127 | -2 | 0 | 0 | 0 | 0 | 0 | 0 | 0 | 0 | 0< | -2 | -2 | -2 | -2 | -2 | -2 | -2 | -2 | >-1 | -2 | -2 | -7 | -7 | -7 | 123 ]
[ -127 | -2 | 0 | 0 | 0 | 0 | 0 | 0 | 0 | 0 | -1< | -2 | -2 | -2 | -2 | -2 | -2 | -2 | -2 | >-2 | -2 | -2 | -7 | -7 | -7 | 123 ]
[ -127 | -2 | 0 | 0 | 0 | 0 | 0 | 0 | 0 | 0 | -2< | -2 | -2 | -2 | -2 | -2 | -2 | -2 | -2 | -2 | >-2 | -2 | -7 | -7 | -7 | 123 ]
[ -127 | -2 | 0 | 0 | 0 | 0 | 0 | 0 | 0 | 0< | -2 | -2 | -2 | -2 | -2 | -2 | -2 | -2 | -2 | -2 | >-1 | -2 | -7 | -7 | -7 | 123 ]
[ -127 | -2 | 0 | 0 | 0 | 0 | 0 | 0 | 0 | 0< | -2 | -2 | -2 | -2 | -2 | -2 | -2 | -2 | -2 | -2 | >-1 | -2 | -7 | -7 | -7 | 123 ]
[ -127 | -2 | 0 | 0 | 0 | 0 | 0 | 0 | 0 | -1< | -2 | -2 | -2 | -2 | -2 | -2 | -2 | -2 | -2 | -2 | >-2 | -2 | -7 | -7 | -7 | 123 ]
[ -127 | -2 | 0 | 0 | 0 | 0 | 0 | 0 | 0 | -2< | -2 | -2 | -2 | -2 | -2 | -2 | -2 | -2 | -2 | -2 | -2 | >-2 | -7 | -7 | -7 | 123 ]
[ -127 | -2 | 0 | 0 | 0 | 0 | 0 | 0 | 0< | -2 | -2 | -2 | -2 | -2 | -2 | -2 | -2 | -2 | -2 | -2 | -2 | >-1 | -7 | -7 | -7 | 123 ]
[ -127 | -2 | 0 | 0 | 0 | 0 | 0 | 0 | 0< | -2 | -2 | -2 | -2 | -2 | -2 | -2 | -2 | -2 | -2 | -2 | -2 | >-1 | -7 | -7 | -7 | 123 ]
[ -127 | -2 | 0 | 0 | 0 | 0 | 0 | 0 | -1< | -2 | -2 | -2 | -2 | -2 | -2 | -2 | -2 | -2 | -2 | -2 | -2 | >-2 | -7 | -7 | -7 | 123 ]
[ -127 | -2 | 0 | 0 | 0 | 0 | 0 | 0 | -2< | -2 | -2 | -2 | -2 | -2 | -2 | -2 | -2 | -2 | -2 | -2 | -2 | -2 | >-7 | -7 | -7 | 123 ]
[ -127 | -2 | 0 | 0 | 0 | 0 | 0 | 0< | -2 | -2 | -2 | -2 | -2 | -2 | -2 | -2 | -2 | -2 | -2 | -2 | -2 | -2 | >-6 | -7 | -7 | 123 ]
[ -127 | -2 | 0 | 0 | 0 | 0 | 0 | 0< | -2 | -2 | -2 | -2 | -2 | -2 | -2 | -2 | -2 | -2 | -2 | -2 | -2 | -2 | >-6 | -7 | -7 | 123 ]
[ -127 | -2 | 0 | 0 | 0 | 0 | 0 | -1< | -2 | -2 | -2 | -2 | -2 | -2 | -2 | -2 | -2 | -2 | -2 | -2 | -2 | -2 | >-7 | -7 | -7 | 123 ]
[ -127 | -2 | 0 | 0 | 0 | 0 | 0 | -2< | -2 | -2 | -2 | -2 | -2 | -2 | -2 | -2 | -2 | -2 | -2 | -2 | -2 | -2 | -7 | >-7 | -7 | 123 ]
[ -127 | -2 | 0 | 0 | 0 | 0 | 0< | -2 | -2 | -2 | -2 | -2 | -2 | -2 | -2 | -2 | -2 | -2 | -2 | -2 | -2 | -2 | -7 | >-6 | -7 | 123 ]
[ -127 | -2 | 0 | 0 | 0 | 0 | 0< | -2 | -2 | -2 | -2 | -2 | -2 | -2 | -2 | -2 | -2 | -2 | -2 | -2 | -2 | -2 | -7 | >-6 | -7 | 123 ]
[ -127 | -2 | 0 | 0 | 0 | 0 | -1< | -2 | -2 | -2 | -2 | -2 | -2 | -2 | -2 | -2 | -2 | -2 | -2 | -2 | -2 | -2 | -7 | >-7 | -7 | 123 ]
[ -127 | -2 | 0 | 0 | 0 | 0 | -2< | -2 | -2 | -2 | -2 | -2 | -2 | -2 | -2 | -2 | -2 | -2 | -2 | -2 | -2 | -2 | -7 | -7 | >-7 | 123 ]
[ -127 | -2 | 0 | 0 | 0 | 0< | -2 | -2 | -2 | -2 | -2 | -2 | -2 | -2 | -2 | -2 | -2 | -2 | -2 | -2 | -2 | -2 | -7 | -7 | >-6 | 123 ]
[ -127 | -2 | 0 | 0 | 0 | 0< | -2 | -2 | -2 | -2 | -2 | -2 | -2 | -2 | -2 | -2 | -2 | -2 | -2 | -2 | -2 | -2 | -7 | -7 | >-6 | 123 ]
[ -127 | -2 | 0 | 0 | 0 | -1< | -2 | -2 | -2 | -2 | -2 | -2 | -2 | -2 | -2 | -2 | -2 | -2 | -2 | -2 | -2 | -2 | -7 | -7 | >-7 | 123 ]
[ -127 | -2 | 0 | 0 | 0 | -2< | -2 | -2 | -2 | -2 | -2 | -2 | -2 | -2 | -2 | -2 | -2 | -2 | -2 | -2 | -2 | -2 | -7 | -7 | -7 | >123 ]
[ -127 | -2 | 0 | 0 | 0< | -2 | -2 | -2 | -2 | -2 | -2 | -2 | -2 | -2 | -2 | -2 | -2 | -2 | -2 | -2 | -2 | -2 | -7 | -7 | -7 | >124 ]
[ -127 | -2 | 0 | 0 | 0< | -2 | -2 | -2 | -2 | -2 | -2 | -2 | -2 | -2 | -2 | -2 | -2 | -2 | -2 | -2 | -2 | -2 | -7 | -7 | -7 | >124 ]
[ -127 | -2 | 0 | 0 | -1< | -2 | -2 | -2 | -2 | -2 | -2 | -2 | -2 | -2 | -2 | -2 | -2 | -2 | -2 | -2 | -2 | -2 | -7 | -7 | -7 | >123 ]
[ >-127 | -2 | 0 | 0 | -2< | -2 | -2 | -2 | -2 | -2 | -2 | -2 | -2 | -2 | -2 | -2 | -2 | -2 | -2 | -2 | -2 | -2 | -7 | -7 | -7 | 123 ]

===== NestDarwin won the battle after 104 cycles =====



===== Starting battle of <MetaJSRandomBot> vs <NestDarwin> with memory tape size: 18 =====

[ >128 | 0 | 0 | 0 | 0 | 0 | 0 | 0 | 0 | 0 | 0 | 0 | 0 | 0 | 0 | 0 | 0 | 128< ]
[ >-127 | 0 | 0 | 0 | 0 | 0 | 0 | 0 | 0 | 0 | 0 | 0 | 0 | 0 | 0 | 0 | 0 | 127< ]
[ >-127 | 0 | 0 | 0 | 0 | 0 | 0 | 0 | 0 | 0 | 0 | 0 | 0 | 0 | 0 | 0 | 0 | 126< ]
[ >-127 | 0 | 0 | 0 | 0 | 0 | 0 | 0 | 0 | 0 | 0 | 0 | 0 | 0 | 0 | 0 | 0 | 125< ]
[ -127 | >0 | 0 | 0 | 0 | 0 | 0 | 0 | 0 | 0 | 0 | 0 | 0 | 0 | 0 | 0 | 0 | 124< ]
[ -127 | >-1 | 0 | 0 | 0 | 0 | 0 | 0 | 0 | 0 | 0 | 0 | 0 | 0 | 0 | 0 | 0 | 123< ]
[ -127 | >-1 | 0 | 0 | 0 | 0 | 0 | 0 | 0 | 0 | 0 | 0 | 0 | 0 | 0 | 0 | 0< | 123 ]
[ -127 | >-2 | 0 | 0 | 0 | 0 | 0 | 0 | 0 | 0 | 0 | 0 | 0 | 0 | 0 | 0 | 0< | 123 ]
[ -127 | -2 | >0 | 0 | 0 | 0 | 0 | 0 | 0 | 0 | 0 | 0 | 0 | 0 | 0 | 0 | -1< | 123 ]
[ -127 | -2 | >1 | 0 | 0 | 0 | 0 | 0 | 0 | 0 | 0 | 0 | 0 | 0 | 0 | 0 | -2< | 123 ]
[ -127 | -2 | >1 | 0 | 0 | 0 | 0 | 0 | 0 | 0 | 0 | 0 | 0 | 0 | 0 | 0 | -3< | 123 ]
[ -127 | -2 | >0 | 0 | 0 | 0 | 0 | 0 | 0 | 0 | 0 | 0 | 0 | 0 | 0 | 0 | -4< | 123 ]
[ -127 | -2 | 0 | >0 | 0 | 0 | 0 | 0 | 0 | 0 | 0 | 0 | 0 | 0 | 0 | 0 | -5< | 123 ]
[ -127 | -2 | 0 | >1 | 0 | 0 | 0 | 0 | 0 | 0 | 0 | 0 | 0 | 0 | 0 | 0 | -6< | 123 ]
[ -127 | -2 | 0 | >1 | 0 | 0 | 0 | 0 | 0 | 0 | 0 | 0 | 0 | 0 | 0 | 0 | -7< | 123 ]
[ -127 | -2 | 0 | >0 | 0 | 0 | 0 | 0 | 0 | 0 | 0 | 0 | 0 | 0 | 0 | 0< | -7 | 123 ]
[ -127 | -2 | 0 | 0 | >0 | 0 | 0 | 0 | 0 | 0 | 0 | 0 | 0 | 0 | 0 | 0< | -7 | 123 ]
[ -127 | -2 | 0 | 0 | >1 | 0 | 0 | 0 | 0 | 0 | 0 | 0 | 0 | 0 | 0 | -1< | -7 | 123 ]
[ -127 | -2 | 0 | 0 | >1 | 0 | 0 | 0 | 0 | 0 | 0 | 0 | 0 | 0 | 0 | -2< | -7 | 123 ]
[ -127 | -2 | 0 | 0 | >0 | 0 | 0 | 0 | 0 | 0 | 0 | 0 | 0 | 0 | 0 | -3< | -7 | 123 ]
[ -127 | -2 | 0 | 0 | 0 | >0 | 0 | 0 | 0 | 0 | 0 | 0 | 0 | 0 | 0 | -4< | -7 | 123 ]
[ -127 | -2 | 0 | 0 | 0 | >1 | 0 | 0 | 0 | 0 | 0 | 0 | 0 | 0 | 0 | -5< | -7 | 123 ]
[ -127 | -2 | 0 | 0 | 0 | >1 | 0 | 0 | 0 | 0 | 0 | 0 | 0 | 0 | 0 | -6< | -7 | 123 ]
[ -127 | -2 | 0 | 0 | 0 | >0 | 0 | 0 | 0 | 0 | 0 | 0 | 0 | 0 | 0 | -7< | -7 | 123 ]
[ -127 | -2 | 0 | 0 | 0 | 0 | >0 | 0 | 0 | 0 | 0 | 0 | 0 | 0 | 0< | -7 | -7 | 123 ]
[ -127 | -2 | 0 | 0 | 0 | 0 | >1 | 0 | 0 | 0 | 0 | 0 | 0 | 0 | 0< | -7 | -7 | 123 ]
[ -127 | -2 | 0 | 0 | 0 | 0 | >1 | 0 | 0 | 0 | 0 | 0 | 0 | 0 | -1< | -7 | -7 | 123 ]
[ -127 | -2 | 0 | 0 | 0 | 0 | >0 | 0 | 0 | 0 | 0 | 0 | 0 | 0 | -2< | -7 | -7 | 123 ]
[ -127 | -2 | 0 | 0 | 0 | 0 | 0 | >0 | 0 | 0 | 0 | 0 | 0 | 0 | -3< | -7 | -7 | 123 ]
[ -127 | -2 | 0 | 0 | 0 | 0 | 0 | >1 | 0 | 0 | 0 | 0 | 0 | 0 | -4< | -7 | -7 | 123 ]
[ -127 | -2 | 0 | 0 | 0 | 0 | 0 | >1 | 0 | 0 | 0 | 0 | 0 | 0 | -5< | -7 | -7 | 123 ]
[ -127 | -2 | 0 | 0 | 0 | 0 | 0 | >0 | 0 | 0 | 0 | 0 | 0 | 0 | -6< | -7 | -7 | 123 ]
[ -127 | -2 | 0 | 0 | 0 | 0 | 0 | 0 | >0 | 0 | 0 | 0 | 0 | 0 | -7< | -7 | -7 | 123 ]
[ -127 | -2 | 0 | 0 | 0 | 0 | 0 | 0 | >1 | 0 | 0 | 0 | 0 | 0< | -7 | -7 | -7 | 123 ]
[ -127 | -2 | 0 | 0 | 0 | 0 | 0 | 0 | >1 | 0 | 0 | 0 | 0 | 0< | -7 | -7 | -7 | 123 ]
[ -127 | -2 | 0 | 0 | 0 | 0 | 0 | 0 | >0 | 0 | 0 | 0 | 0 | -1< | -7 | -7 | -7 | 123 ]
[ -127 | -2 | 0 | 0 | 0 | 0 | 0 | 0 | 0 | >0 | 0 | 0 | 0 | -2< | -7 | -7 | -7 | 123 ]
[ -127 | -2 | 0 | 0 | 0 | 0 | 0 | 0 | 0 | >1 | 0 | 0 | 0< | -2 | -7 | -7 | -7 | 123 ]
[ -127 | -2 | 0 | 0 | 0 | 0 | 0 | 0 | 0 | >1 | 0 | 0 | 0< | -2 | -7 | -7 | -7 | 123 ]
[ -127 | -2 | 0 | 0 | 0 | 0 | 0 | 0 | 0 | >0 | 0 | 0 | -1< | -2 | -7 | -7 | -7 | 123 ]
[ -127 | -2 | 0 | 0 | 0 | 0 | 0 | 0 | 0 | 0 | >0 | 0 | -2< | -2 | -7 | -7 | -7 | 123 ]
[ -127 | -2 | 0 | 0 | 0 | 0 | 0 | 0 | 0 | 0 | >1 | 0< | -2 | -2 | -7 | -7 | -7 | 123 ]
[ -127 | -2 | 0 | 0 | 0 | 0 | 0 | 0 | 0 | 0 | >1 | 0< | -2 | -2 | -7 | -7 | -7 | 123 ]
[ -127 | -2 | 0 | 0 | 0 | 0 | 0 | 0 | 0 | 0 | >0 | -1< | -2 | -2 | -7 | -7 | -7 | 123 ]
[ -127 | -2 | 0 | 0 | 0 | 0 | 0 | 0 | 0 | 0 | 0 | >-2< | -2 | -2 | -7 | -7 | -7 | 123 ]
[ -127 | -2 | 0 | 0 | 0 | 0 | 0 | 0 | 0 | 0 | 0< | >-1 | -2 | -2 | -7 | -7 | -7 | 123 ]
[ -127 | -2 | 0 | 0 | 0 | 0 | 0 | 0 | 0 | 0 | 0< | >-1 | -2 | -2 | -7 | -7 | -7 | 123 ]
[ -127 | -2 | 0 | 0 | 0 | 0 | 0 | 0 | 0 | 0 | -1< | >-2 | -2 | -2 | -7 | -7 | -7 | 123 ]
[ -127 | -2 | 0 | 0 | 0 | 0 | 0 | 0 | 0 | 0 | -2< | -2 | >-2 | -2 | -7 | -7 | -7 | 123 ]
[ -127 | -2 | 0 | 0 | 0 | 0 | 0 | 0 | 0 | 0< | -2 | -2 | >-1 | -2 | -7 | -7 | -7 | 123 ]
[ -127 | -2 | 0 | 0 | 0 | 0 | 0 | 0 | 0 | 0< | -2 | -2 | >-1 | -2 | -7 | -7 | -7 | 123 ]
[ -127 | -2 | 0 | 0 | 0 | 0 | 0 | 0 | 0 | -1< | -2 | -2 | >-2 | -2 | -7 | -7 | -7 | 123 ]
[ -127 | -2 | 0 | 0 | 0 | 0 | 0 | 0 | 0 | -2< | -2 | -2 | -2 | >-2 | -7 | -7 | -7 | 123 ]
[ -127 | -2 | 0 | 0 | 0 | 0 | 0 | 0 | 0< | -2 | -2 | -2 | -2 | >-1 | -7 | -7 | -7 | 123 ]
[ -127 | -2 | 0 | 0 | 0 | 0 | 0 | 0 | 0< | -2 | -2 | -2 | -2 | >-1 | -7 | -7 | -7 | 123 ]
[ -127 | -2 | 0 | 0 | 0 | 0 | 0 | 0 | -1< | -2 | -2 | -2 | -2 | >-2 | -7 | -7 | -7 | 123 ]
[ -127 | -2 | 0 | 0 | 0 | 0 | 0 | 0 | -2< | -2 | -2 | -2 | -2 | -2 | >-7 | -7 | -7 | 123 ]
[ -127 | -2 | 0 | 0 | 0 | 0 | 0 | 0< | -2 | -2 | -2 | -2 | -2 | -2 | >-6 | -7 | -7 | 123 ]
[ -127 | -2 | 0 | 0 | 0 | 0 | 0 | 0< | -2 | -2 | -2 | -2 | -2 | -2 | >-6 | -7 | -7 | 123 ]
[ -127 | -2 | 0 | 0 | 0 | 0 | 0 | -1< | -2 | -2 | -2 | -2 | -2 | -2 | >-7 | -7 | -7 | 123 ]
[ -127 | -2 | 0 | 0 | 0 | 0 | 0 | -2< | -2 | -2 | -2 | -2 | -2 | -2 | -7 | >-7 | -7 | 123 ]
[ -127 | -2 | 0 | 0 | 0 | 0 | 0< | -2 | -2 | -2 | -2 | -2 | -2 | -2 | -7 | >-6 | -7 | 123 ]
[ -127 | -2 | 0 | 0 | 0 | 0 | 0< | -2 | -2 | -2 | -2 | -2 | -2 | -2 | -7 | >-6 | -7 | 123 ]
[ -127 | -2 | 0 | 0 | 0 | 0 | -1< | -2 | -2 | -2 | -2 | -2 | -2 | -2 | -7 | >-7 | -7 | 123 ]
[ -127 | -2 | 0 | 0 | 0 | 0 | -2< | -2 | -2 | -2 | -2 | -2 | -2 | -2 | -7 | -7 | >-7 | 123 ]
[ -127 | -2 | 0 | 0 | 0 | 0< | -2 | -2 | -2 | -2 | -2 | -2 | -2 | -2 | -7 | -7 | >-6 | 123 ]
[ -127 | -2 | 0 | 0 | 0 | 0< | -2 | -2 | -2 | -2 | -2 | -2 | -2 | -2 | -7 | -7 | >-6 | 123 ]
[ -127 | -2 | 0 | 0 | 0 | -1< | -2 | -2 | -2 | -2 | -2 | -2 | -2 | -2 | -7 | -7 | >-7 | 123 ]
[ -127 | -2 | 0 | 0 | 0 | -2< | -2 | -2 | -2 | -2 | -2 | -2 | -2 | -2 | -7 | -7 | -7 | >123 ]
[ -127 | -2 | 0 | 0 | 0< | -2 | -2 | -2 | -2 | -2 | -2 | -2 | -2 | -2 | -7 | -7 | -7 | >124 ]
[ -127 | -2 | 0 | 0 | 0< | -2 | -2 | -2 | -2 | -2 | -2 | -2 | -2 | -2 | -7 | -7 | -7 | >124 ]
[ -127 | -2 | 0 | 0 | -1< | -2 | -2 | -2 | -2 | -2 | -2 | -2 | -2 | -2 | -7 | -7 | -7 | >123 ]
[ >-127 | -2 | 0 | 0 | -2< | -2 | -2 | -2 | -2 | -2 | -2 | -2 | -2 | -2 | -7 | -7 | -7 | 123 ]

===== NestDarwin won the battle after 72 cycles =====



===== Starting battle of <MetaJSRandomBot> vs <NestDarwin> with memory tape size: 18 =====

[ >128 | 0 | 0 | 0 | 0 | 0 | 0 | 0 | 0 | 0 | 0 | 0 | 0 | 0 | 0 | 0 | 0 | 128< ]
[ >-127 | 0 | 0 | 0 | 0 | 0 | 0 | 0 | 0 | 0 | 0 | 0 | 0 | 0 | 0 | 0 | 0 | 127< ]
[ >-127 | 0 | 0 | 0 | 0 | 0 | 0 | 0 | 0 | 0 | 0 | 0 | 0 | 0 | 0 | 0 | 0 | 126< ]
[ >-127 | 0 | 0 | 0 | 0 | 0 | 0 | 0 | 0 | 0 | 0 | 0 | 0 | 0 | 0 | 0 | 0 | 125< ]
[ -127 | >0 | 0 | 0 | 0 | 0 | 0 | 0 | 0 | 0 | 0 | 0 | 0 | 0 | 0 | 0 | 0 | 124< ]
[ -127 | >-1 | 0 | 0 | 0 | 0 | 0 | 0 | 0 | 0 | 0 | 0 | 0 | 0 | 0 | 0 | 0 | 123< ]
[ -127 | >-1 | 0 | 0 | 0 | 0 | 0 | 0 | 0 | 0 | 0 | 0 | 0 | 0 | 0 | 0 | 0< | 123 ]
[ -127 | >-2 | 0 | 0 | 0 | 0 | 0 | 0 | 0 | 0 | 0 | 0 | 0 | 0 | 0 | 0 | 0< | 123 ]
[ -127 | -2 | >0 | 0 | 0 | 0 | 0 | 0 | 0 | 0 | 0 | 0 | 0 | 0 | 0 | 0 | -1< | 123 ]
[ -127 | -2 | >1 | 0 | 0 | 0 | 0 | 0 | 0 | 0 | 0 | 0 | 0 | 0 | 0 | 0 | -2< | 123 ]
[ -127 | -2 | >1 | 0 | 0 | 0 | 0 | 0 | 0 | 0 | 0 | 0 | 0 | 0 | 0 | 0 | -3< | 123 ]
[ -127 | -2 | >0 | 0 | 0 | 0 | 0 | 0 | 0 | 0 | 0 | 0 | 0 | 0 | 0 | 0 | -4< | 123 ]
[ -127 | -2 | 0 | >0 | 0 | 0 | 0 | 0 | 0 | 0 | 0 | 0 | 0 | 0 | 0 | 0 | -5< | 123 ]
[ -127 | -2 | 0 | >1 | 0 | 0 | 0 | 0 | 0 | 0 | 0 | 0 | 0 | 0 | 0 | 0 | -6< | 123 ]
[ -127 | -2 | 0 | >1 | 0 | 0 | 0 | 0 | 0 | 0 | 0 | 0 | 0 | 0 | 0 | 0 | -7< | 123 ]
[ -127 | -2 | 0 | >0 | 0 | 0 | 0 | 0 | 0 | 0 | 0 | 0 | 0 | 0 | 0 | 0< | -7 | 123 ]
[ -127 | -2 | 0 | 0 | >0 | 0 | 0 | 0 | 0 | 0 | 0 | 0 | 0 | 0 | 0 | 0< | -7 | 123 ]
[ -127 | -2 | 0 | 0 | >1 | 0 | 0 | 0 | 0 | 0 | 0 | 0 | 0 | 0 | 0 | -1< | -7 | 123 ]
[ -127 | -2 | 0 | 0 | >1 | 0 | 0 | 0 | 0 | 0 | 0 | 0 | 0 | 0 | 0 | -2< | -7 | 123 ]
[ -127 | -2 | 0 | 0 | >0 | 0 | 0 | 0 | 0 | 0 | 0 | 0 | 0 | 0 | 0 | -3< | -7 | 123 ]
[ -127 | -2 | 0 | 0 | 0 | >0 | 0 | 0 | 0 | 0 | 0 | 0 | 0 | 0 | 0 | -4< | -7 | 123 ]
[ -127 | -2 | 0 | 0 | 0 | >1 | 0 | 0 | 0 | 0 | 0 | 0 | 0 | 0 | 0 | -5< | -7 | 123 ]
[ -127 | -2 | 0 | 0 | 0 | >1 | 0 | 0 | 0 | 0 | 0 | 0 | 0 | 0 | 0 | -6< | -7 | 123 ]
[ -127 | -2 | 0 | 0 | 0 | >0 | 0 | 0 | 0 | 0 | 0 | 0 | 0 | 0 | 0 | -7< | -7 | 123 ]
[ -127 | -2 | 0 | 0 | 0 | 0 | >0 | 0 | 0 | 0 | 0 | 0 | 0 | 0 | 0< | -7 | -7 | 123 ]
[ -127 | -2 | 0 | 0 | 0 | 0 | >1 | 0 | 0 | 0 | 0 | 0 | 0 | 0 | 0< | -7 | -7 | 123 ]
[ -127 | -2 | 0 | 0 | 0 | 0 | >1 | 0 | 0 | 0 | 0 | 0 | 0 | 0 | -1< | -7 | -7 | 123 ]
[ -127 | -2 | 0 | 0 | 0 | 0 | >0 | 0 | 0 | 0 | 0 | 0 | 0 | 0 | -2< | -7 | -7 | 123 ]
[ -127 | -2 | 0 | 0 | 0 | 0 | 0 | >0 | 0 | 0 | 0 | 0 | 0 | 0 | -3< | -7 | -7 | 123 ]
[ -127 | -2 | 0 | 0 | 0 | 0 | 0 | >1 | 0 | 0 | 0 | 0 | 0 | 0 | -4< | -7 | -7 | 123 ]
[ -127 | -2 | 0 | 0 | 0 | 0 | 0 | >1 | 0 | 0 | 0 | 0 | 0 | 0 | -5< | -7 | -7 | 123 ]
[ -127 | -2 | 0 | 0 | 0 | 0 | 0 | >0 | 0 | 0 | 0 | 0 | 0 | 0 | -6< | -7 | -7 | 123 ]
[ -127 | -2 | 0 | 0 | 0 | 0 | 0 | 0 | >0 | 0 | 0 | 0 | 0 | 0 | -7< | -7 | -7 | 123 ]
[ -127 | -2 | 0 | 0 | 0 | 0 | 0 | 0 | >1 | 0 | 0 | 0 | 0 | 0< | -7 | -7 | -7 | 123 ]
[ -127 | -2 | 0 | 0 | 0 | 0 | 0 | 0 | >1 | 0 | 0 | 0 | 0 | 0< | -7 | -7 | -7 | 123 ]
[ -127 | -2 | 0 | 0 | 0 | 0 | 0 | 0 | >0 | 0 | 0 | 0 | 0 | -1< | -7 | -7 | -7 | 123 ]
[ -127 | -2 | 0 | 0 | 0 | 0 | 0 | 0 | 0 | >0 | 0 | 0 | 0 | -2< | -7 | -7 | -7 | 123 ]
[ -127 | -2 | 0 | 0 | 0 | 0 | 0 | 0 | 0 | >1 | 0 | 0 | 0< | -2 | -7 | -7 | -7 | 123 ]
[ -127 | -2 | 0 | 0 | 0 | 0 | 0 | 0 | 0 | >1 | 0 | 0 | 0< | -2 | -7 | -7 | -7 | 123 ]
[ -127 | -2 | 0 | 0 | 0 | 0 | 0 | 0 | 0 | >0 | 0 | 0 | -1< | -2 | -7 | -7 | -7 | 123 ]
[ -127 | -2 | 0 | 0 | 0 | 0 | 0 | 0 | 0 | 0 | >0 | 0 | -2< | -2 | -7 | -7 | -7 | 123 ]
[ -127 | -2 | 0 | 0 | 0 | 0 | 0 | 0 | 0 | 0 | >1 | 0< | -2 | -2 | -7 | -7 | -7 | 123 ]
[ -127 | -2 | 0 | 0 | 0 | 0 | 0 | 0 | 0 | 0 | >1 | 0< | -2 | -2 | -7 | -7 | -7 | 123 ]
[ -127 | -2 | 0 | 0 | 0 | 0 | 0 | 0 | 0 | 0 | >0 | -1< | -2 | -2 | -7 | -7 | -7 | 123 ]
[ -127 | -2 | 0 | 0 | 0 | 0 | 0 | 0 | 0 | 0 | 0 | >-2< | -2 | -2 | -7 | -7 | -7 | 123 ]
[ -127 | -2 | 0 | 0 | 0 | 0 | 0 | 0 | 0 | 0 | 0< | >-1 | -2 | -2 | -7 | -7 | -7 | 123 ]
[ -127 | -2 | 0 | 0 | 0 | 0 | 0 | 0 | 0 | 0 | 0< | >-1 | -2 | -2 | -7 | -7 | -7 | 123 ]
[ -127 | -2 | 0 | 0 | 0 | 0 | 0 | 0 | 0 | 0 | -1< | >-2 | -2 | -2 | -7 | -7 | -7 | 123 ]
[ -127 | -2 | 0 | 0 | 0 | 0 | 0 | 0 | 0 | 0 | -2< | -2 | >-2 | -2 | -7 | -7 | -7 | 123 ]
[ -127 | -2 | 0 | 0 | 0 | 0 | 0 | 0 | 0 | 0< | -2 | -2 | >-1 | -2 | -7 | -7 | -7 | 123 ]
[ -127 | -2 | 0 | 0 | 0 | 0 | 0 | 0 | 0 | 0< | -2 | -2 | >-1 | -2 | -7 | -7 | -7 | 123 ]
[ -127 | -2 | 0 | 0 | 0 | 0 | 0 | 0 | 0 | -1< | -2 | -2 | >-2 | -2 | -7 | -7 | -7 | 123 ]
[ -127 | -2 | 0 | 0 | 0 | 0 | 0 | 0 | 0 | -2< | -2 | -2 | -2 | >-2 | -7 | -7 | -7 | 123 ]
[ -127 | -2 | 0 | 0 | 0 | 0 | 0 | 0 | 0< | -2 | -2 | -2 | -2 | >-1 | -7 | -7 | -7 | 123 ]
[ -127 | -2 | 0 | 0 | 0 | 0 | 0 | 0 | 0< | -2 | -2 | -2 | -2 | >-1 | -7 | -7 | -7 | 123 ]
[ -127 | -2 | 0 | 0 | 0 | 0 | 0 | 0 | -1< | -2 | -2 | -2 | -2 | >-2 | -7 | -7 | -7 | 123 ]
[ -127 | -2 | 0 | 0 | 0 | 0 | 0 | 0 | -2< | -2 | -2 | -2 | -2 | -2 | >-7 | -7 | -7 | 123 ]
[ -127 | -2 | 0 | 0 | 0 | 0 | 0 | 0< | -2 | -2 | -2 | -2 | -2 | -2 | >-6 | -7 | -7 | 123 ]
[ -127 | -2 | 0 | 0 | 0 | 0 | 0 | 0< | -2 | -2 | -2 | -2 | -2 | -2 | >-6 | -7 | -7 | 123 ]
[ -127 | -2 | 0 | 0 | 0 | 0 | 0 | -1< | -2 | -2 | -2 | -2 | -2 | -2 | >-7 | -7 | -7 | 123 ]
[ -127 | -2 | 0 | 0 | 0 | 0 | 0 | -2< | -2 | -2 | -2 | -2 | -2 | -2 | -7 | >-7 | -7 | 123 ]
[ -127 | -2 | 0 | 0 | 0 | 0 | 0< | -2 | -2 | -2 | -2 | -2 | -2 | -2 | -7 | >-6 | -7 | 123 ]
[ -127 | -2 | 0 | 0 | 0 | 0 | 0< | -2 | -2 | -2 | -2 | -2 | -2 | -2 | -7 | >-6 | -7 | 123 ]
[ -127 | -2 | 0 | 0 | 0 | 0 | -1< | -2 | -2 | -2 | -2 | -2 | -2 | -2 | -7 | >-7 | -7 | 123 ]
[ -127 | -2 | 0 | 0 | 0 | 0 | -2< | -2 | -2 | -2 | -2 | -2 | -2 | -2 | -7 | -7 | >-7 | 123 ]
[ -127 | -2 | 0 | 0 | 0 | 0< | -2 | -2 | -2 | -2 | -2 | -2 | -2 | -2 | -7 | -7 | >-6 | 123 ]
[ -127 | -2 | 0 | 0 | 0 | 0< | -2 | -2 | -2 | -2 | -2 | -2 | -2 | -2 | -7 | -7 | >-6 | 123 ]
[ -127 | -2 | 0 | 0 | 0 | -1< | -2 | -2 | -2 | -2 | -2 | -2 | -2 | -2 | -7 | -7 | >-7 | 123 ]
[ -127 | -2 | 0 | 0 | 0 | -2< | -2 | -2 | -2 | -2 | -2 | -2 | -2 | -2 | -7 | -7 | -7 | >123 ]
[ -127 | -2 | 0 | 0 | 0< | -2 | -2 | -2 | -2 | -2 | -2 | -2 | -2 | -2 | -7 | -7 | -7 | >124 ]
[ -127 | -2 | 0 | 0 | 0< | -2 | -2 | -2 | -2 | -2 | -2 | -2 | -2 | -2 | -7 | -7 | -7 | >124 ]
[ -127 | -2 | 0 | 0 | -1< | -2 | -2 | -2 | -2 | -2 | -2 | -2 | -2 | -2 | -7 | -7 | -7 | >123 ]
[ >-127 | -2 | 0 | 0 | -2< | -2 | -2 | -2 | -2 | -2 | -2 | -2 | -2 | -2 | -7 | -7 | -7 | 123 ]

===== NestDarwin won the battle after 72 cycles =====



===== Starting battle of <MetaJSRandomBot> vs <NestDarwin> with memory tape size: 25 =====

[ >128 | 0 | 0 | 0 | 0 | 0 | 0 | 0 | 0 | 0 | 0 | 0 | 0 | 0 | 0 | 0 | 0 | 0 | 0 | 0 | 0 | 0 | 0 | 0 | 128< ]
[ >-127 | 0 | 0 | 0 | 0 | 0 | 0 | 0 | 0 | 0 | 0 | 0 | 0 | 0 | 0 | 0 | 0 | 0 | 0 | 0 | 0 | 0 | 0 | 0 | 127< ]
[ >-127 | 0 | 0 | 0 | 0 | 0 | 0 | 0 | 0 | 0 | 0 | 0 | 0 | 0 | 0 | 0 | 0 | 0 | 0 | 0 | 0 | 0 | 0 | 0 | 126< ]
[ >-127 | 0 | 0 | 0 | 0 | 0 | 0 | 0 | 0 | 0 | 0 | 0 | 0 | 0 | 0 | 0 | 0 | 0 | 0 | 0 | 0 | 0 | 0 | 0 | 125< ]
[ -127 | >0 | 0 | 0 | 0 | 0 | 0 | 0 | 0 | 0 | 0 | 0 | 0 | 0 | 0 | 0 | 0 | 0 | 0 | 0 | 0 | 0 | 0 | 0 | 124< ]
[ -127 | >-1 | 0 | 0 | 0 | 0 | 0 | 0 | 0 | 0 | 0 | 0 | 0 | 0 | 0 | 0 | 0 | 0 | 0 | 0 | 0 | 0 | 0 | 0 | 123< ]
[ -127 | >-1 | 0 | 0 | 0 | 0 | 0 | 0 | 0 | 0 | 0 | 0 | 0 | 0 | 0 | 0 | 0 | 0 | 0 | 0 | 0 | 0 | 0 | 0< | 123 ]
[ -127 | >-2 | 0 | 0 | 0 | 0 | 0 | 0 | 0 | 0 | 0 | 0 | 0 | 0 | 0 | 0 | 0 | 0 | 0 | 0 | 0 | 0 | 0 | 0< | 123 ]
[ -127 | -2 | >0 | 0 | 0 | 0 | 0 | 0 | 0 | 0 | 0 | 0 | 0 | 0 | 0 | 0 | 0 | 0 | 0 | 0 | 0 | 0 | 0 | -1< | 123 ]
[ -127 | -2 | >1 | 0 | 0 | 0 | 0 | 0 | 0 | 0 | 0 | 0 | 0 | 0 | 0 | 0 | 0 | 0 | 0 | 0 | 0 | 0 | 0 | -2< | 123 ]
[ -127 | -2 | >1 | 0 | 0 | 0 | 0 | 0 | 0 | 0 | 0 | 0 | 0 | 0 | 0 | 0 | 0 | 0 | 0 | 0 | 0 | 0 | 0 | -3< | 123 ]
[ -127 | -2 | >0 | 0 | 0 | 0 | 0 | 0 | 0 | 0 | 0 | 0 | 0 | 0 | 0 | 0 | 0 | 0 | 0 | 0 | 0 | 0 | 0 | -4< | 123 ]
[ -127 | -2 | 0 | >0 | 0 | 0 | 0 | 0 | 0 | 0 | 0 | 0 | 0 | 0 | 0 | 0 | 0 | 0 | 0 | 0 | 0 | 0 | 0 | -5< | 123 ]
[ -127 | -2 | 0 | >1 | 0 | 0 | 0 | 0 | 0 | 0 | 0 | 0 | 0 | 0 | 0 | 0 | 0 | 0 | 0 | 0 | 0 | 0 | 0 | -6< | 123 ]
[ -127 | -2 | 0 | >1 | 0 | 0 | 0 | 0 | 0 | 0 | 0 | 0 | 0 | 0 | 0 | 0 | 0 | 0 | 0 | 0 | 0 | 0 | 0 | -7< | 123 ]
[ -127 | -2 | 0 | >0 | 0 | 0 | 0 | 0 | 0 | 0 | 0 | 0 | 0 | 0 | 0 | 0 | 0 | 0 | 0 | 0 | 0 | 0 | 0< | -7 | 123 ]
[ -127 | -2 | 0 | 0 | >0 | 0 | 0 | 0 | 0 | 0 | 0 | 0 | 0 | 0 | 0 | 0 | 0 | 0 | 0 | 0 | 0 | 0 | 0< | -7 | 123 ]
[ -127 | -2 | 0 | 0 | >1 | 0 | 0 | 0 | 0 | 0 | 0 | 0 | 0 | 0 | 0 | 0 | 0 | 0 | 0 | 0 | 0 | 0 | -1< | -7 | 123 ]
[ -127 | -2 | 0 | 0 | >1 | 0 | 0 | 0 | 0 | 0 | 0 | 0 | 0 | 0 | 0 | 0 | 0 | 0 | 0 | 0 | 0 | 0 | -2< | -7 | 123 ]
[ -127 | -2 | 0 | 0 | >0 | 0 | 0 | 0 | 0 | 0 | 0 | 0 | 0 | 0 | 0 | 0 | 0 | 0 | 0 | 0 | 0 | 0 | -3< | -7 | 123 ]
[ -127 | -2 | 0 | 0 | 0 | >0 | 0 | 0 | 0 | 0 | 0 | 0 | 0 | 0 | 0 | 0 | 0 | 0 | 0 | 0 | 0 | 0 | -4< | -7 | 123 ]
[ -127 | -2 | 0 | 0 | 0 | >1 | 0 | 0 | 0 | 0 | 0 | 0 | 0 | 0 | 0 | 0 | 0 | 0 | 0 | 0 | 0 | 0 | -5< | -7 | 123 ]
[ -127 | -2 | 0 | 0 | 0 | >1 | 0 | 0 | 0 | 0 | 0 | 0 | 0 | 0 | 0 | 0 | 0 | 0 | 0 | 0 | 0 | 0 | -6< | -7 | 123 ]
[ -127 | -2 | 0 | 0 | 0 | >0 | 0 | 0 | 0 | 0 | 0 | 0 | 0 | 0 | 0 | 0 | 0 | 0 | 0 | 0 | 0 | 0 | -7< | -7 | 123 ]
[ -127 | -2 | 0 | 0 | 0 | 0 | >0 | 0 | 0 | 0 | 0 | 0 | 0 | 0 | 0 | 0 | 0 | 0 | 0 | 0 | 0 | 0< | -7 | -7 | 123 ]
[ -127 | -2 | 0 | 0 | 0 | 0 | >1 | 0 | 0 | 0 | 0 | 0 | 0 | 0 | 0 | 0 | 0 | 0 | 0 | 0 | 0 | 0< | -7 | -7 | 123 ]
[ -127 | -2 | 0 | 0 | 0 | 0 | >1 | 0 | 0 | 0 | 0 | 0 | 0 | 0 | 0 | 0 | 0 | 0 | 0 | 0 | 0 | -1< | -7 | -7 | 123 ]
[ -127 | -2 | 0 | 0 | 0 | 0 | >0 | 0 | 0 | 0 | 0 | 0 | 0 | 0 | 0 | 0 | 0 | 0 | 0 | 0 | 0 | -2< | -7 | -7 | 123 ]
[ -127 | -2 | 0 | 0 | 0 | 0 | 0 | >0 | 0 | 0 | 0 | 0 | 0 | 0 | 0 | 0 | 0 | 0 | 0 | 0 | 0 | -3< | -7 | -7 | 123 ]
[ -127 | -2 | 0 | 0 | 0 | 0 | 0 | >1 | 0 | 0 | 0 | 0 | 0 | 0 | 0 | 0 | 0 | 0 | 0 | 0 | 0 | -4< | -7 | -7 | 123 ]
[ -127 | -2 | 0 | 0 | 0 | 0 | 0 | >1 | 0 | 0 | 0 | 0 | 0 | 0 | 0 | 0 | 0 | 0 | 0 | 0 | 0 | -5< | -7 | -7 | 123 ]
[ -127 | -2 | 0 | 0 | 0 | 0 | 0 | >0 | 0 | 0 | 0 | 0 | 0 | 0 | 0 | 0 | 0 | 0 | 0 | 0 | 0 | -6< | -7 | -7 | 123 ]
[ -127 | -2 | 0 | 0 | 0 | 0 | 0 | 0 | >0 | 0 | 0 | 0 | 0 | 0 | 0 | 0 | 0 | 0 | 0 | 0 | 0 | -7< | -7 | -7 | 123 ]
[ -127 | -2 | 0 | 0 | 0 | 0 | 0 | 0 | >1 | 0 | 0 | 0 | 0 | 0 | 0 | 0 | 0 | 0 | 0 | 0 | 0< | -7 | -7 | -7 | 123 ]
[ -127 | -2 | 0 | 0 | 0 | 0 | 0 | 0 | >1 | 0 | 0 | 0 | 0 | 0 | 0 | 0 | 0 | 0 | 0 | 0 | 0< | -7 | -7 | -7 | 123 ]
[ -127 | -2 | 0 | 0 | 0 | 0 | 0 | 0 | >0 | 0 | 0 | 0 | 0 | 0 | 0 | 0 | 0 | 0 | 0 | 0 | -1< | -7 | -7 | -7 | 123 ]
[ -127 | -2 | 0 | 0 | 0 | 0 | 0 | 0 | 0 | >0 | 0 | 0 | 0 | 0 | 0 | 0 | 0 | 0 | 0 | 0 | -2< | -7 | -7 | -7 | 123 ]
[ -127 | -2 | 0 | 0 | 0 | 0 | 0 | 0 | 0 | >1 | 0 | 0 | 0 | 0 | 0 | 0 | 0 | 0 | 0 | 0< | -2 | -7 | -7 | -7 | 123 ]
[ -127 | -2 | 0 | 0 | 0 | 0 | 0 | 0 | 0 | >1 | 0 | 0 | 0 | 0 | 0 | 0 | 0 | 0 | 0 | 0< | -2 | -7 | -7 | -7 | 123 ]
[ -127 | -2 | 0 | 0 | 0 | 0 | 0 | 0 | 0 | >0 | 0 | 0 | 0 | 0 | 0 | 0 | 0 | 0 | 0 | -1< | -2 | -7 | -7 | -7 | 123 ]
[ -127 | -2 | 0 | 0 | 0 | 0 | 0 | 0 | 0 | 0 | >0 | 0 | 0 | 0 | 0 | 0 | 0 | 0 | 0 | -2< | -2 | -7 | -7 | -7 | 123 ]
[ -127 | -2 | 0 | 0 | 0 | 0 | 0 | 0 | 0 | 0 | >1 | 0 | 0 | 0 | 0 | 0 | 0 | 0 | 0< | -2 | -2 | -7 | -7 | -7 | 123 ]
[ -127 | -2 | 0 | 0 | 0 | 0 | 0 | 0 | 0 | 0 | >1 | 0 | 0 | 0 | 0 | 0 | 0 | 0 | 0< | -2 | -2 | -7 | -7 | -7 | 123 ]
[ -127 | -2 | 0 | 0 | 0 | 0 | 0 | 0 | 0 | 0 | >0 | 0 | 0 | 0 | 0 | 0 | 0 | 0 | -1< | -2 | -2 | -7 | -7 | -7 | 123 ]
[ -127 | -2 | 0 | 0 | 0 | 0 | 0 | 0 | 0 | 0 | 0 | >0 | 0 | 0 | 0 | 0 | 0 | 0 | -2< | -2 | -2 | -7 | -7 | -7 | 123 ]
[ -127 | -2 | 0 | 0 | 0 | 0 | 0 | 0 | 0 | 0 | 0 | >1 | 0 | 0 | 0 | 0 | 0 | 0< | -2 | -2 | -2 | -7 | -7 | -7 | 123 ]
[ -127 | -2 | 0 | 0 | 0 | 0 | 0 | 0 | 0 | 0 | 0 | >1 | 0 | 0 | 0 | 0 | 0 | 0< | -2 | -2 | -2 | -7 | -7 | -7 | 123 ]
[ -127 | -2 | 0 | 0 | 0 | 0 | 0 | 0 | 0 | 0 | 0 | >0 | 0 | 0 | 0 | 0 | 0 | -1< | -2 | -2 | -2 | -7 | -7 | -7 | 123 ]
[ -127 | -2 | 0 | 0 | 0 | 0 | 0 | 0 | 0 | 0 | 0 | 0 | >0 | 0 | 0 | 0 | 0 | -2< | -2 | -2 | -2 | -7 | -7 | -7 | 123 ]
[ -127 | -2 | 0 | 0 | 0 | 0 | 0 | 0 | 0 | 0 | 0 | 0 | >1 | 0 | 0 | 0 | 0< | -2 | -2 | -2 | -2 | -7 | -7 | -7 | 123 ]
[ -127 | -2 | 0 | 0 | 0 | 0 | 0 | 0 | 0 | 0 | 0 | 0 | >1 | 0 | 0 | 0 | 0< | -2 | -2 | -2 | -2 | -7 | -7 | -7 | 123 ]
[ -127 | -2 | 0 | 0 | 0 | 0 | 0 | 0 | 0 | 0 | 0 | 0 | >0 | 0 | 0 | 0 | -1< | -2 | -2 | -2 | -2 | -7 | -7 | -7 | 123 ]
[ -127 | -2 | 0 | 0 | 0 | 0 | 0 | 0 | 0 | 0 | 0 | 0 | 0 | >0 | 0 | 0 | -2< | -2 | -2 | -2 | -2 | -7 | -7 | -7 | 123 ]
[ -127 | -2 | 0 | 0 | 0 | 0 | 0 | 0 | 0 | 0 | 0 | 0 | 0 | >1 | 0 | 0< | -2 | -2 | -2 | -2 | -2 | -7 | -7 | -7 | 123 ]
[ -127 | -2 | 0 | 0 | 0 | 0 | 0 | 0 | 0 | 0 | 0 | 0 | 0 | >1 | 0 | 0< | -2 | -2 | -2 | -2 | -2 | -7 | -7 | -7 | 123 ]
[ -127 | -2 | 0 | 0 | 0 | 0 | 0 | 0 | 0 | 0 | 0 | 0 | 0 | >0 | 0 | -1< | -2 | -2 | -2 | -2 | -2 | -7 | -7 | -7 | 123 ]
[ -127 | -2 | 0 | 0 | 0 | 0 | 0 | 0 | 0 | 0 | 0 | 0 | 0 | 0 | >0 | -2< | -2 | -2 | -2 | -2 | -2 | -7 | -7 | -7 | 123 ]
[ -127 | -2 | 0 | 0 | 0 | 0 | 0 | 0 | 0 | 0 | 0 | 0 | 0 | 0 | >1< | -2 | -2 | -2 | -2 | -2 | -2 | -7 | -7 | -7 | 123 ]
[ -127 | -2 | 0 | 0 | 0 | 0 | 0 | 0 | 0 | 0 | 0 | 0 | 0 | 0 | >1< | -2 | -2 | -2 | -2 | -2 | -2 | -7 | -7 | -7 | 123 ]
[ -127 | -2 | 0 | 0 | 0 | 0 | 0 | 0 | 0 | 0 | 0 | 0 | 0 | 0 | >-1< | -2 | -2 | -2 | -2 | -2 | -2 | -7 | -7 | -7 | 123 ]
[ -127 | -2 | 0 | 0 | 0 | 0 | 0 | 0 | 0 | 0 | 0 | 0 | 0 | 0 | -2< | >-2 | -2 | -2 | -2 | -2 | -2 | -7 | -7 | -7 | 123 ]
[ -127 | -2 | 0 | 0 | 0 | 0 | 0 | 0 | 0 | 0 | 0 | 0 | 0 | 0 | -3< | >-1 | -2 | -2 | -2 | -2 | -2 | -7 | -7 | -7 | 123 ]
[ -127 | -2 | 0 | 0 | 0 | 0 | 0 | 0 | 0 | 0 | 0 | 0 | 0 | 0 | -4< | >-1 | -2 | -2 | -2 | -2 | -2 | -7 | -7 | -7 | 123 ]
[ -127 | -2 | 0 | 0 | 0 | 0 | 0 | 0 | 0 | 0 | 0 | 0 | 0 | 0 | -5< | >-2 | -2 | -2 | -2 | -2 | -2 | -7 | -7 | -7 | 123 ]
[ -127 | -2 | 0 | 0 | 0 | 0 | 0 | 0 | 0 | 0 | 0 | 0 | 0 | 0 | -6< | -2 | >-2 | -2 | -2 | -2 | -2 | -7 | -7 | -7 | 123 ]
[ -127 | -2 | 0 | 0 | 0 | 0 | 0 | 0 | 0 | 0 | 0 | 0 | 0 | 0 | -7< | -2 | >-1 | -2 | -2 | -2 | -2 | -7 | -7 | -7 | 123 ]
[ -127 | -2 | 0 | 0 | 0 | 0 | 0 | 0 | 0 | 0 | 0 | 0 | 0 | 0 | -8< | -2 | >-1 | -2 | -2 | -2 | -2 | -7 | -7 | -7 | 123 ]
[ -127 | -2 | 0 | 0 | 0 | 0 | 0 | 0 | 0 | 0 | 0 | 0 | 0 | 0 | -8< | -2 | >-2 | -2 | -2 | -2 | -2 | -7 | -7 | -7 | 123 ]
[ -127 | -2 | 0 | 0 | 0 | 0 | 0 | 0 | 0 | 0 | 0 | 0 | 0 | 0 | -8< | -2 | -2 | >-2 | -2 | -2 | -2 | -7 | -7 | -7 | 123 ]
[ -127 | -2 | 0 | 0 | 0 | 0 | 0 | 0 | 0 | 0 | 0 | 0 | 0 | 0 | -7< | -2 | -2 | >-1 | -2 | -2 | -2 | -7 | -7 | -7 | 123 ]
[ -127 | -2 | 0 | 0 | 0 | 0 | 0 | 0 | 0 | 0 | 0 | 0 | 0 | 0 | -7< | -2 | -2 | >-1 | -2 | -2 | -2 | -7 | -7 | -7 | 123 ]
[ -127 | -2 | 0 | 0 | 0 | 0 | 0 | 0 | 0 | 0 | 0 | 0 | 0 | 0 | -7< | -2 | -2 | >-2 | -2 | -2 | -2 | -7 | -7 | -7 | 123 ]
[ -127 | -2 | 0 | 0 | 0 | 0 | 0 | 0 | 0 | 0 | 0 | 0 | 0 | 0 | -6< | -2 | -2 | -2 | >-2 | -2 | -2 | -7 | -7 | -7 | 123 ]
[ -127 | -2 | 0 | 0 | 0 | 0 | 0 | 0 | 0 | 0 | 0 | 0 | 0 | 0 | -6< | -2 | -2 | -2 | >-1 | -2 | -2 | -7 | -7 | -7 | 123 ]
[ -127 | -2 | 0 | 0 | 0 | 0 | 0 | 0 | 0 | 0 | 0 | 0 | 0 | 0 | -6< | -2 | -2 | -2 | >-1 | -2 | -2 | -7 | -7 | -7 | 123 ]
[ -127 | -2 | 0 | 0 | 0 | 0 | 0 | 0 | 0 | 0 | 0 | 0 | 0 | 0 | -5< | -2 | -2 | -2 | >-2 | -2 | -2 | -7 | -7 | -7 | 123 ]
[ -127 | -2 | 0 | 0 | 0 | 0 | 0 | 0 | 0 | 0 | 0 | 0 | 0 | 0 | -5< | -2 | -2 | -2 | -2 | >-2 | -2 | -7 | -7 | -7 | 123 ]
[ -127 | -2 | 0 | 0 | 0 | 0 | 0 | 0 | 0 | 0 | 0 | 0 | 0 | 0 | -5< | -2 | -2 | -2 | -2 | >-1 | -2 | -7 | -7 | -7 | 123 ]
[ -127 | -2 | 0 | 0 | 0 | 0 | 0 | 0 | 0 | 0 | 0 | 0 | 0 | 0 | -4< | -2 | -2 | -2 | -2 | >-1 | -2 | -7 | -7 | -7 | 123 ]
[ -127 | -2 | 0 | 0 | 0 | 0 | 0 | 0 | 0 | 0 | 0 | 0 | 0 | 0 | -4< | -2 | -2 | -2 | -2 | >-2 | -2 | -7 | -7 | -7 | 123 ]
[ -127 | -2 | 0 | 0 | 0 | 0 | 0 | 0 | 0 | 0 | 0 | 0 | 0 | 0 | -4< | -2 | -2 | -2 | -2 | -2 | >-2 | -7 | -7 | -7 | 123 ]
[ -127 | -2 | 0 | 0 | 0 | 0 | 0 | 0 | 0 | 0 | 0 | 0 | 0 | 0 | -3< | -2 | -2 | -2 | -2 | -2 | >-1 | -7 | -7 | -7 | 123 ]
[ -127 | -2 | 0 | 0 | 0 | 0 | 0 | 0 | 0 | 0 | 0 | 0 | 0 | 0 | -3< | -2 | -2 | -2 | -2 | -2 | >-1 | -7 | -7 | -7 | 123 ]
[ -127 | -2 | 0 | 0 | 0 | 0 | 0 | 0 | 0 | 0 | 0 | 0 | 0 | 0 | -3< | -2 | -2 | -2 | -2 | -2 | >-2 | -7 | -7 | -7 | 123 ]
[ -127 | -2 | 0 | 0 | 0 | 0 | 0 | 0 | 0 | 0 | 0 | 0 | 0 | 0 | -2< | -2 | -2 | -2 | -2 | -2 | -2 | >-7 | -7 | -7 | 123 ]
[ -127 | -2 | 0 | 0 | 0 | 0 | 0 | 0 | 0 | 0 | 0 | 0 | 0 | 0 | -2< | -2 | -2 | -2 | -2 | -2 | -2 | >-6 | -7 | -7 | 123 ]
[ -127 | -2 | 0 | 0 | 0 | 0 | 0 | 0 | 0 | 0 | 0 | 0 | 0 | 0 | -2< | -2 | -2 | -2 | -2 | -2 | -2 | >-6 | -7 | -7 | 123 ]
[ -127 | -2 | 0 | 0 | 0 | 0 | 0 | 0 | 0 | 0 | 0 | 0 | 0 | 0 | -1< | -2 | -2 | -2 | -2 | -2 | -2 | >-7 | -7 | -7 | 123 ]
[ -127 | -2 | 0 | 0 | 0 | 0 | 0 | 0 | 0 | 0 | 0 | 0 | 0 | 0 | -1< | -2 | -2 | -2 | -2 | -2 | -2 | -7 | >-7 | -7 | 123 ]
[ -127 | -2 | 0 | 0 | 0 | 0 | 0 | 0 | 0 | 0 | 0 | 0 | 0 | 0 | -1< | -2 | -2 | -2 | -2 | -2 | -2 | -7 | >-6 | -7 | 123 ]
[ -127 | -2 | 0 | 0 | 0 | 0 | 0 | 0 | 0 | 0 | 0 | 0 | 0 | 0 | 0< | -2 | -2 | -2 | -2 | -2 | -2 | -7 | >-6 | -7 | 123 ]
[ -127 | -2 | 0 | 0 | 0 | 0 | 0 | 0 | 0 | 0 | 0 | 0 | 0 | 0 | 0< | -2 | -2 | -2 | -2 | -2 | -2 | -7 | >-7 | -7 | 123 ]
[ -127 | -2 | 0 | 0 | 0 | 0 | 0 | 0 | 0 | 0 | 0 | 0 | 0 | 0 | 0< | -2 | -2 | -2 | -2 | -2 | -2 | -7 | -7 | >-7 | 123 ]
[ -127 | -2 | 0 | 0 | 0 | 0 | 0 | 0 | 0 | 0 | 0 | 0 | 0 | 0 | -1< | -2 | -2 | -2 | -2 | -2 | -2 | -7 | -7 | >-6 | 123 ]
[ -127 | -2 | 0 | 0 | 0 | 0 | 0 | 0 | 0 | 0 | 0 | 0 | 0 | 0 | -2< | -2 | -2 | -2 | -2 | -2 | -2 | -7 | -7 | >-6 | 123 ]
[ -127 | -2 | 0 | 0 | 0 | 0 | 0 | 0 | 0 | 0 | 0 | 0 | 0 | 0< | -2 | -2 | -2 | -2 | -2 | -2 | -2 | -7 | -7 | >-7 | 123 ]
[ -127 | -2 | 0 | 0 | 0 | 0 | 0 | 0 | 0 | 0 | 0 | 0 | 0 | 0< | -2 | -2 | -2 | -2 | -2 | -2 | -2 | -7 | -7 | -7 | >123 ]
[ -127 | -2 | 0 | 0 | 0 | 0 | 0 | 0 | 0 | 0 | 0 | 0 | 0 | -1< | -2 | -2 | -2 | -2 | -2 | -2 | -2 | -7 | -7 | -7 | >124 ]
[ -127 | -2 | 0 | 0 | 0 | 0 | 0 | 0 | 0 | 0 | 0 | 0 | 0 | -2< | -2 | -2 | -2 | -2 | -2 | -2 | -2 | -7 | -7 | -7 | >124 ]
[ -127 | -2 | 0 | 0 | 0 | 0 | 0 | 0 | 0 | 0 | 0 | 0 | 0< | -2 | -2 | -2 | -2 | -2 | -2 | -2 | -2 | -7 | -7 | -7 | >123 ]
[ >-127 | -2 | 0 | 0 | 0 | 0 | 0 | 0 | 0 | 0 | 0 | 0 | 0< | -2 | -2 | -2 | -2 | -2 | -2 | -2 | -2 | -7 | -7 | -7 | 123 ]

===== NestDarwin won the battle after 100 cycles =====



===== Starting battle of <MetaJSRandomBot> vs <NestDarwin> with memory tape size: 16 =====

[ >128 | 0 | 0 | 0 | 0 | 0 | 0 | 0 | 0 | 0 | 0 | 0 | 0 | 0 | 0 | 128< ]
[ >-127 | 0 | 0 | 0 | 0 | 0 | 0 | 0 | 0 | 0 | 0 | 0 | 0 | 0 | 0 | 127< ]
[ >-127 | 0 | 0 | 0 | 0 | 0 | 0 | 0 | 0 | 0 | 0 | 0 | 0 | 0 | 0 | 126< ]
[ >-127 | 0 | 0 | 0 | 0 | 0 | 0 | 0 | 0 | 0 | 0 | 0 | 0 | 0 | 0 | 125< ]
[ -127 | >0 | 0 | 0 | 0 | 0 | 0 | 0 | 0 | 0 | 0 | 0 | 0 | 0 | 0 | 124< ]
[ -127 | >-1 | 0 | 0 | 0 | 0 | 0 | 0 | 0 | 0 | 0 | 0 | 0 | 0 | 0 | 123< ]
[ -127 | >-1 | 0 | 0 | 0 | 0 | 0 | 0 | 0 | 0 | 0 | 0 | 0 | 0 | 0< | 123 ]
[ -127 | >-2 | 0 | 0 | 0 | 0 | 0 | 0 | 0 | 0 | 0 | 0 | 0 | 0 | 0< | 123 ]
[ -127 | -2 | >0 | 0 | 0 | 0 | 0 | 0 | 0 | 0 | 0 | 0 | 0 | 0 | -1< | 123 ]
[ -127 | -2 | >1 | 0 | 0 | 0 | 0 | 0 | 0 | 0 | 0 | 0 | 0 | 0 | -2< | 123 ]
[ -127 | -2 | >1 | 0 | 0 | 0 | 0 | 0 | 0 | 0 | 0 | 0 | 0 | 0 | -3< | 123 ]
[ -127 | -2 | >0 | 0 | 0 | 0 | 0 | 0 | 0 | 0 | 0 | 0 | 0 | 0 | -4< | 123 ]
[ -127 | -2 | 0 | >0 | 0 | 0 | 0 | 0 | 0 | 0 | 0 | 0 | 0 | 0 | -5< | 123 ]
[ -127 | -2 | 0 | >1 | 0 | 0 | 0 | 0 | 0 | 0 | 0 | 0 | 0 | 0 | -6< | 123 ]
[ -127 | -2 | 0 | >1 | 0 | 0 | 0 | 0 | 0 | 0 | 0 | 0 | 0 | 0 | -7< | 123 ]
[ -127 | -2 | 0 | >0 | 0 | 0 | 0 | 0 | 0 | 0 | 0 | 0 | 0 | 0< | -7 | 123 ]
[ -127 | -2 | 0 | 0 | >0 | 0 | 0 | 0 | 0 | 0 | 0 | 0 | 0 | 0< | -7 | 123 ]
[ -127 | -2 | 0 | 0 | >1 | 0 | 0 | 0 | 0 | 0 | 0 | 0 | 0 | -1< | -7 | 123 ]
[ -127 | -2 | 0 | 0 | >1 | 0 | 0 | 0 | 0 | 0 | 0 | 0 | 0 | -2< | -7 | 123 ]
[ -127 | -2 | 0 | 0 | >0 | 0 | 0 | 0 | 0 | 0 | 0 | 0 | 0 | -3< | -7 | 123 ]
[ -127 | -2 | 0 | 0 | 0 | >0 | 0 | 0 | 0 | 0 | 0 | 0 | 0 | -4< | -7 | 123 ]
[ -127 | -2 | 0 | 0 | 0 | >1 | 0 | 0 | 0 | 0 | 0 | 0 | 0 | -5< | -7 | 123 ]
[ -127 | -2 | 0 | 0 | 0 | >1 | 0 | 0 | 0 | 0 | 0 | 0 | 0 | -6< | -7 | 123 ]
[ -127 | -2 | 0 | 0 | 0 | >0 | 0 | 0 | 0 | 0 | 0 | 0 | 0 | -7< | -7 | 123 ]
[ -127 | -2 | 0 | 0 | 0 | 0 | >0 | 0 | 0 | 0 | 0 | 0 | 0< | -7 | -7 | 123 ]
[ -127 | -2 | 0 | 0 | 0 | 0 | >1 | 0 | 0 | 0 | 0 | 0 | 0< | -7 | -7 | 123 ]
[ -127 | -2 | 0 | 0 | 0 | 0 | >1 | 0 | 0 | 0 | 0 | 0 | -1< | -7 | -7 | 123 ]
[ -127 | -2 | 0 | 0 | 0 | 0 | >0 | 0 | 0 | 0 | 0 | 0 | -2< | -7 | -7 | 123 ]
[ -127 | -2 | 0 | 0 | 0 | 0 | 0 | >0 | 0 | 0 | 0 | 0 | -3< | -7 | -7 | 123 ]
[ -127 | -2 | 0 | 0 | 0 | 0 | 0 | >1 | 0 | 0 | 0 | 0 | -4< | -7 | -7 | 123 ]
[ -127 | -2 | 0 | 0 | 0 | 0 | 0 | >1 | 0 | 0 | 0 | 0 | -5< | -7 | -7 | 123 ]
[ -127 | -2 | 0 | 0 | 0 | 0 | 0 | >0 | 0 | 0 | 0 | 0 | -6< | -7 | -7 | 123 ]
[ -127 | -2 | 0 | 0 | 0 | 0 | 0 | 0 | >0 | 0 | 0 | 0 | -7< | -7 | -7 | 123 ]
[ -127 | -2 | 0 | 0 | 0 | 0 | 0 | 0 | >1 | 0 | 0 | 0< | -7 | -7 | -7 | 123 ]
[ -127 | -2 | 0 | 0 | 0 | 0 | 0 | 0 | >1 | 0 | 0 | 0< | -7 | -7 | -7 | 123 ]
[ -127 | -2 | 0 | 0 | 0 | 0 | 0 | 0 | >0 | 0 | 0 | -1< | -7 | -7 | -7 | 123 ]
[ -127 | -2 | 0 | 0 | 0 | 0 | 0 | 0 | 0 | >0 | 0 | -2< | -7 | -7 | -7 | 123 ]
[ -127 | -2 | 0 | 0 | 0 | 0 | 0 | 0 | 0 | >1 | 0< | -2 | -7 | -7 | -7 | 123 ]
[ -127 | -2 | 0 | 0 | 0 | 0 | 0 | 0 | 0 | >1 | 0< | -2 | -7 | -7 | -7 | 123 ]
[ -127 | -2 | 0 | 0 | 0 | 0 | 0 | 0 | 0 | >0 | -1< | -2 | -7 | -7 | -7 | 123 ]
[ -127 | -2 | 0 | 0 | 0 | 0 | 0 | 0 | 0 | 0 | >-2< | -2 | -7 | -7 | -7 | 123 ]
[ -127 | -2 | 0 | 0 | 0 | 0 | 0 | 0 | 0 | 0< | >-1 | -2 | -7 | -7 | -7 | 123 ]
[ -127 | -2 | 0 | 0 | 0 | 0 | 0 | 0 | 0 | 0< | >-1 | -2 | -7 | -7 | -7 | 123 ]
[ -127 | -2 | 0 | 0 | 0 | 0 | 0 | 0 | 0 | -1< | >-2 | -2 | -7 | -7 | -7 | 123 ]
[ -127 | -2 | 0 | 0 | 0 | 0 | 0 | 0 | 0 | -2< | -2 | >-2 | -7 | -7 | -7 | 123 ]
[ -127 | -2 | 0 | 0 | 0 | 0 | 0 | 0 | 0< | -2 | -2 | >-1 | -7 | -7 | -7 | 123 ]
[ -127 | -2 | 0 | 0 | 0 | 0 | 0 | 0 | 0< | -2 | -2 | >-1 | -7 | -7 | -7 | 123 ]
[ -127 | -2 | 0 | 0 | 0 | 0 | 0 | 0 | -1< | -2 | -2 | >-2 | -7 | -7 | -7 | 123 ]
[ -127 | -2 | 0 | 0 | 0 | 0 | 0 | 0 | -2< | -2 | -2 | -2 | >-7 | -7 | -7 | 123 ]
[ -127 | -2 | 0 | 0 | 0 | 0 | 0 | 0< | -2 | -2 | -2 | -2 | >-6 | -7 | -7 | 123 ]
[ -127 | -2 | 0 | 0 | 0 | 0 | 0 | 0< | -2 | -2 | -2 | -2 | >-6 | -7 | -7 | 123 ]
[ -127 | -2 | 0 | 0 | 0 | 0 | 0 | -1< | -2 | -2 | -2 | -2 | >-7 | -7 | -7 | 123 ]
[ -127 | -2 | 0 | 0 | 0 | 0 | 0 | -2< | -2 | -2 | -2 | -2 | -7 | >-7 | -7 | 123 ]
[ -127 | -2 | 0 | 0 | 0 | 0 | 0< | -2 | -2 | -2 | -2 | -2 | -7 | >-6 | -7 | 123 ]
[ -127 | -2 | 0 | 0 | 0 | 0 | 0< | -2 | -2 | -2 | -2 | -2 | -7 | >-6 | -7 | 123 ]
[ -127 | -2 | 0 | 0 | 0 | 0 | -1< | -2 | -2 | -2 | -2 | -2 | -7 | >-7 | -7 | 123 ]
[ -127 | -2 | 0 | 0 | 0 | 0 | -2< | -2 | -2 | -2 | -2 | -2 | -7 | -7 | >-7 | 123 ]
[ -127 | -2 | 0 | 0 | 0 | 0< | -2 | -2 | -2 | -2 | -2 | -2 | -7 | -7 | >-6 | 123 ]
[ -127 | -2 | 0 | 0 | 0 | 0< | -2 | -2 | -2 | -2 | -2 | -2 | -7 | -7 | >-6 | 123 ]
[ -127 | -2 | 0 | 0 | 0 | -1< | -2 | -2 | -2 | -2 | -2 | -2 | -7 | -7 | >-7 | 123 ]
[ -127 | -2 | 0 | 0 | 0 | -2< | -2 | -2 | -2 | -2 | -2 | -2 | -7 | -7 | -7 | >123 ]
[ -127 | -2 | 0 | 0 | 0< | -2 | -2 | -2 | -2 | -2 | -2 | -2 | -7 | -7 | -7 | >124 ]
[ -127 | -2 | 0 | 0 | 0< | -2 | -2 | -2 | -2 | -2 | -2 | -2 | -7 | -7 | -7 | >124 ]
[ -127 | -2 | 0 | 0 | -1< | -2 | -2 | -2 | -2 | -2 | -2 | -2 | -7 | -7 | -7 | >123 ]
[ >-127 | -2 | 0 | 0 | -2< | -2 | -2 | -2 | -2 | -2 | -2 | -2 | -7 | -7 | -7 | 123 ]

===== NestDarwin won the battle after 64 cycles =====



===== Starting battle of <MetaJSRandomBot> vs <NestDarwin> with memory tape size: 30 =====

[ >128 | 0 | 0 | 0 | 0 | 0 | 0 | 0 | 0 | 0 | 0 | 0 | 0 | 0 | 0 | 0 | 0 | 0 | 0 | 0 | 0 | 0 | 0 | 0 | 0 | 0 | 0 | 0 | 0 | 128< ]
[ >-127 | 0 | 0 | 0 | 0 | 0 | 0 | 0 | 0 | 0 | 0 | 0 | 0 | 0 | 0 | 0 | 0 | 0 | 0 | 0 | 0 | 0 | 0 | 0 | 0 | 0 | 0 | 0 | 0 | 127< ]
[ >-127 | 0 | 0 | 0 | 0 | 0 | 0 | 0 | 0 | 0 | 0 | 0 | 0 | 0 | 0 | 0 | 0 | 0 | 0 | 0 | 0 | 0 | 0 | 0 | 0 | 0 | 0 | 0 | 0 | 126< ]
[ >-127 | 0 | 0 | 0 | 0 | 0 | 0 | 0 | 0 | 0 | 0 | 0 | 0 | 0 | 0 | 0 | 0 | 0 | 0 | 0 | 0 | 0 | 0 | 0 | 0 | 0 | 0 | 0 | 0 | 125< ]
[ -127 | >0 | 0 | 0 | 0 | 0 | 0 | 0 | 0 | 0 | 0 | 0 | 0 | 0 | 0 | 0 | 0 | 0 | 0 | 0 | 0 | 0 | 0 | 0 | 0 | 0 | 0 | 0 | 0 | 124< ]
[ -127 | >-1 | 0 | 0 | 0 | 0 | 0 | 0 | 0 | 0 | 0 | 0 | 0 | 0 | 0 | 0 | 0 | 0 | 0 | 0 | 0 | 0 | 0 | 0 | 0 | 0 | 0 | 0 | 0 | 123< ]
[ -127 | >-1 | 0 | 0 | 0 | 0 | 0 | 0 | 0 | 0 | 0 | 0 | 0 | 0 | 0 | 0 | 0 | 0 | 0 | 0 | 0 | 0 | 0 | 0 | 0 | 0 | 0 | 0 | 0< | 123 ]
[ -127 | >-2 | 0 | 0 | 0 | 0 | 0 | 0 | 0 | 0 | 0 | 0 | 0 | 0 | 0 | 0 | 0 | 0 | 0 | 0 | 0 | 0 | 0 | 0 | 0 | 0 | 0 | 0 | 0< | 123 ]
[ -127 | -2 | >0 | 0 | 0 | 0 | 0 | 0 | 0 | 0 | 0 | 0 | 0 | 0 | 0 | 0 | 0 | 0 | 0 | 0 | 0 | 0 | 0 | 0 | 0 | 0 | 0 | 0 | -1< | 123 ]
[ -127 | -2 | >1 | 0 | 0 | 0 | 0 | 0 | 0 | 0 | 0 | 0 | 0 | 0 | 0 | 0 | 0 | 0 | 0 | 0 | 0 | 0 | 0 | 0 | 0 | 0 | 0 | 0 | -2< | 123 ]
[ -127 | -2 | >1 | 0 | 0 | 0 | 0 | 0 | 0 | 0 | 0 | 0 | 0 | 0 | 0 | 0 | 0 | 0 | 0 | 0 | 0 | 0 | 0 | 0 | 0 | 0 | 0 | 0 | -3< | 123 ]
[ -127 | -2 | >0 | 0 | 0 | 0 | 0 | 0 | 0 | 0 | 0 | 0 | 0 | 0 | 0 | 0 | 0 | 0 | 0 | 0 | 0 | 0 | 0 | 0 | 0 | 0 | 0 | 0 | -4< | 123 ]
[ -127 | -2 | 0 | >0 | 0 | 0 | 0 | 0 | 0 | 0 | 0 | 0 | 0 | 0 | 0 | 0 | 0 | 0 | 0 | 0 | 0 | 0 | 0 | 0 | 0 | 0 | 0 | 0 | -5< | 123 ]
[ -127 | -2 | 0 | >1 | 0 | 0 | 0 | 0 | 0 | 0 | 0 | 0 | 0 | 0 | 0 | 0 | 0 | 0 | 0 | 0 | 0 | 0 | 0 | 0 | 0 | 0 | 0 | 0 | -6< | 123 ]
[ -127 | -2 | 0 | >1 | 0 | 0 | 0 | 0 | 0 | 0 | 0 | 0 | 0 | 0 | 0 | 0 | 0 | 0 | 0 | 0 | 0 | 0 | 0 | 0 | 0 | 0 | 0 | 0 | -7< | 123 ]
[ -127 | -2 | 0 | >0 | 0 | 0 | 0 | 0 | 0 | 0 | 0 | 0 | 0 | 0 | 0 | 0 | 0 | 0 | 0 | 0 | 0 | 0 | 0 | 0 | 0 | 0 | 0 | 0< | -7 | 123 ]
[ -127 | -2 | 0 | 0 | >0 | 0 | 0 | 0 | 0 | 0 | 0 | 0 | 0 | 0 | 0 | 0 | 0 | 0 | 0 | 0 | 0 | 0 | 0 | 0 | 0 | 0 | 0 | 0< | -7 | 123 ]
[ -127 | -2 | 0 | 0 | >1 | 0 | 0 | 0 | 0 | 0 | 0 | 0 | 0 | 0 | 0 | 0 | 0 | 0 | 0 | 0 | 0 | 0 | 0 | 0 | 0 | 0 | 0 | -1< | -7 | 123 ]
[ -127 | -2 | 0 | 0 | >1 | 0 | 0 | 0 | 0 | 0 | 0 | 0 | 0 | 0 | 0 | 0 | 0 | 0 | 0 | 0 | 0 | 0 | 0 | 0 | 0 | 0 | 0 | -2< | -7 | 123 ]
[ -127 | -2 | 0 | 0 | >0 | 0 | 0 | 0 | 0 | 0 | 0 | 0 | 0 | 0 | 0 | 0 | 0 | 0 | 0 | 0 | 0 | 0 | 0 | 0 | 0 | 0 | 0 | -3< | -7 | 123 ]
[ -127 | -2 | 0 | 0 | 0 | >0 | 0 | 0 | 0 | 0 | 0 | 0 | 0 | 0 | 0 | 0 | 0 | 0 | 0 | 0 | 0 | 0 | 0 | 0 | 0 | 0 | 0 | -4< | -7 | 123 ]
[ -127 | -2 | 0 | 0 | 0 | >1 | 0 | 0 | 0 | 0 | 0 | 0 | 0 | 0 | 0 | 0 | 0 | 0 | 0 | 0 | 0 | 0 | 0 | 0 | 0 | 0 | 0 | -5< | -7 | 123 ]
[ -127 | -2 | 0 | 0 | 0 | >1 | 0 | 0 | 0 | 0 | 0 | 0 | 0 | 0 | 0 | 0 | 0 | 0 | 0 | 0 | 0 | 0 | 0 | 0 | 0 | 0 | 0 | -6< | -7 | 123 ]
[ -127 | -2 | 0 | 0 | 0 | >0 | 0 | 0 | 0 | 0 | 0 | 0 | 0 | 0 | 0 | 0 | 0 | 0 | 0 | 0 | 0 | 0 | 0 | 0 | 0 | 0 | 0 | -7< | -7 | 123 ]
[ -127 | -2 | 0 | 0 | 0 | 0 | >0 | 0 | 0 | 0 | 0 | 0 | 0 | 0 | 0 | 0 | 0 | 0 | 0 | 0 | 0 | 0 | 0 | 0 | 0 | 0 | 0< | -7 | -7 | 123 ]
[ -127 | -2 | 0 | 0 | 0 | 0 | >1 | 0 | 0 | 0 | 0 | 0 | 0 | 0 | 0 | 0 | 0 | 0 | 0 | 0 | 0 | 0 | 0 | 0 | 0 | 0 | 0< | -7 | -7 | 123 ]
[ -127 | -2 | 0 | 0 | 0 | 0 | >1 | 0 | 0 | 0 | 0 | 0 | 0 | 0 | 0 | 0 | 0 | 0 | 0 | 0 | 0 | 0 | 0 | 0 | 0 | 0 | -1< | -7 | -7 | 123 ]
[ -127 | -2 | 0 | 0 | 0 | 0 | >0 | 0 | 0 | 0 | 0 | 0 | 0 | 0 | 0 | 0 | 0 | 0 | 0 | 0 | 0 | 0 | 0 | 0 | 0 | 0 | -2< | -7 | -7 | 123 ]
[ -127 | -2 | 0 | 0 | 0 | 0 | 0 | >0 | 0 | 0 | 0 | 0 | 0 | 0 | 0 | 0 | 0 | 0 | 0 | 0 | 0 | 0 | 0 | 0 | 0 | 0 | -3< | -7 | -7 | 123 ]
[ -127 | -2 | 0 | 0 | 0 | 0 | 0 | >1 | 0 | 0 | 0 | 0 | 0 | 0 | 0 | 0 | 0 | 0 | 0 | 0 | 0 | 0 | 0 | 0 | 0 | 0 | -4< | -7 | -7 | 123 ]
[ -127 | -2 | 0 | 0 | 0 | 0 | 0 | >1 | 0 | 0 | 0 | 0 | 0 | 0 | 0 | 0 | 0 | 0 | 0 | 0 | 0 | 0 | 0 | 0 | 0 | 0 | -5< | -7 | -7 | 123 ]
[ -127 | -2 | 0 | 0 | 0 | 0 | 0 | >0 | 0 | 0 | 0 | 0 | 0 | 0 | 0 | 0 | 0 | 0 | 0 | 0 | 0 | 0 | 0 | 0 | 0 | 0 | -6< | -7 | -7 | 123 ]
[ -127 | -2 | 0 | 0 | 0 | 0 | 0 | 0 | >0 | 0 | 0 | 0 | 0 | 0 | 0 | 0 | 0 | 0 | 0 | 0 | 0 | 0 | 0 | 0 | 0 | 0 | -7< | -7 | -7 | 123 ]
[ -127 | -2 | 0 | 0 | 0 | 0 | 0 | 0 | >1 | 0 | 0 | 0 | 0 | 0 | 0 | 0 | 0 | 0 | 0 | 0 | 0 | 0 | 0 | 0 | 0 | 0< | -7 | -7 | -7 | 123 ]
[ -127 | -2 | 0 | 0 | 0 | 0 | 0 | 0 | >1 | 0 | 0 | 0 | 0 | 0 | 0 | 0 | 0 | 0 | 0 | 0 | 0 | 0 | 0 | 0 | 0 | 0< | -7 | -7 | -7 | 123 ]
[ -127 | -2 | 0 | 0 | 0 | 0 | 0 | 0 | >0 | 0 | 0 | 0 | 0 | 0 | 0 | 0 | 0 | 0 | 0 | 0 | 0 | 0 | 0 | 0 | 0 | -1< | -7 | -7 | -7 | 123 ]
[ -127 | -2 | 0 | 0 | 0 | 0 | 0 | 0 | 0 | >0 | 0 | 0 | 0 | 0 | 0 | 0 | 0 | 0 | 0 | 0 | 0 | 0 | 0 | 0 | 0 | -2< | -7 | -7 | -7 | 123 ]
[ -127 | -2 | 0 | 0 | 0 | 0 | 0 | 0 | 0 | >1 | 0 | 0 | 0 | 0 | 0 | 0 | 0 | 0 | 0 | 0 | 0 | 0 | 0 | 0 | 0< | -2 | -7 | -7 | -7 | 123 ]
[ -127 | -2 | 0 | 0 | 0 | 0 | 0 | 0 | 0 | >1 | 0 | 0 | 0 | 0 | 0 | 0 | 0 | 0 | 0 | 0 | 0 | 0 | 0 | 0 | 0< | -2 | -7 | -7 | -7 | 123 ]
[ -127 | -2 | 0 | 0 | 0 | 0 | 0 | 0 | 0 | >0 | 0 | 0 | 0 | 0 | 0 | 0 | 0 | 0 | 0 | 0 | 0 | 0 | 0 | 0 | -1< | -2 | -7 | -7 | -7 | 123 ]
[ -127 | -2 | 0 | 0 | 0 | 0 | 0 | 0 | 0 | 0 | >0 | 0 | 0 | 0 | 0 | 0 | 0 | 0 | 0 | 0 | 0 | 0 | 0 | 0 | -2< | -2 | -7 | -7 | -7 | 123 ]
[ -127 | -2 | 0 | 0 | 0 | 0 | 0 | 0 | 0 | 0 | >1 | 0 | 0 | 0 | 0 | 0 | 0 | 0 | 0 | 0 | 0 | 0 | 0 | 0< | -2 | -2 | -7 | -7 | -7 | 123 ]
[ -127 | -2 | 0 | 0 | 0 | 0 | 0 | 0 | 0 | 0 | >1 | 0 | 0 | 0 | 0 | 0 | 0 | 0 | 0 | 0 | 0 | 0 | 0 | 0< | -2 | -2 | -7 | -7 | -7 | 123 ]
[ -127 | -2 | 0 | 0 | 0 | 0 | 0 | 0 | 0 | 0 | >0 | 0 | 0 | 0 | 0 | 0 | 0 | 0 | 0 | 0 | 0 | 0 | 0 | -1< | -2 | -2 | -7 | -7 | -7 | 123 ]
[ -127 | -2 | 0 | 0 | 0 | 0 | 0 | 0 | 0 | 0 | 0 | >0 | 0 | 0 | 0 | 0 | 0 | 0 | 0 | 0 | 0 | 0 | 0 | -2< | -2 | -2 | -7 | -7 | -7 | 123 ]
[ -127 | -2 | 0 | 0 | 0 | 0 | 0 | 0 | 0 | 0 | 0 | >1 | 0 | 0 | 0 | 0 | 0 | 0 | 0 | 0 | 0 | 0 | 0< | -2 | -2 | -2 | -7 | -7 | -7 | 123 ]
[ -127 | -2 | 0 | 0 | 0 | 0 | 0 | 0 | 0 | 0 | 0 | >1 | 0 | 0 | 0 | 0 | 0 | 0 | 0 | 0 | 0 | 0 | 0< | -2 | -2 | -2 | -7 | -7 | -7 | 123 ]
[ -127 | -2 | 0 | 0 | 0 | 0 | 0 | 0 | 0 | 0 | 0 | >0 | 0 | 0 | 0 | 0 | 0 | 0 | 0 | 0 | 0 | 0 | -1< | -2 | -2 | -2 | -7 | -7 | -7 | 123 ]
[ -127 | -2 | 0 | 0 | 0 | 0 | 0 | 0 | 0 | 0 | 0 | 0 | >0 | 0 | 0 | 0 | 0 | 0 | 0 | 0 | 0 | 0 | -2< | -2 | -2 | -2 | -7 | -7 | -7 | 123 ]
[ -127 | -2 | 0 | 0 | 0 | 0 | 0 | 0 | 0 | 0 | 0 | 0 | >1 | 0 | 0 | 0 | 0 | 0 | 0 | 0 | 0 | 0< | -2 | -2 | -2 | -2 | -7 | -7 | -7 | 123 ]
[ -127 | -2 | 0 | 0 | 0 | 0 | 0 | 0 | 0 | 0 | 0 | 0 | >1 | 0 | 0 | 0 | 0 | 0 | 0 | 0 | 0 | 0< | -2 | -2 | -2 | -2 | -7 | -7 | -7 | 123 ]
[ -127 | -2 | 0 | 0 | 0 | 0 | 0 | 0 | 0 | 0 | 0 | 0 | >0 | 0 | 0 | 0 | 0 | 0 | 0 | 0 | 0 | -1< | -2 | -2 | -2 | -2 | -7 | -7 | -7 | 123 ]
[ -127 | -2 | 0 | 0 | 0 | 0 | 0 | 0 | 0 | 0 | 0 | 0 | 0 | >0 | 0 | 0 | 0 | 0 | 0 | 0 | 0 | -2< | -2 | -2 | -2 | -2 | -7 | -7 | -7 | 123 ]
[ -127 | -2 | 0 | 0 | 0 | 0 | 0 | 0 | 0 | 0 | 0 | 0 | 0 | >1 | 0 | 0 | 0 | 0 | 0 | 0 | 0< | -2 | -2 | -2 | -2 | -2 | -7 | -7 | -7 | 123 ]
[ -127 | -2 | 0 | 0 | 0 | 0 | 0 | 0 | 0 | 0 | 0 | 0 | 0 | >1 | 0 | 0 | 0 | 0 | 0 | 0 | 0< | -2 | -2 | -2 | -2 | -2 | -7 | -7 | -7 | 123 ]
[ -127 | -2 | 0 | 0 | 0 | 0 | 0 | 0 | 0 | 0 | 0 | 0 | 0 | >0 | 0 | 0 | 0 | 0 | 0 | 0 | -1< | -2 | -2 | -2 | -2 | -2 | -7 | -7 | -7 | 123 ]
[ -127 | -2 | 0 | 0 | 0 | 0 | 0 | 0 | 0 | 0 | 0 | 0 | 0 | 0 | >0 | 0 | 0 | 0 | 0 | 0 | -2< | -2 | -2 | -2 | -2 | -2 | -7 | -7 | -7 | 123 ]
[ -127 | -2 | 0 | 0 | 0 | 0 | 0 | 0 | 0 | 0 | 0 | 0 | 0 | 0 | >1 | 0 | 0 | 0 | 0 | 0< | -2 | -2 | -2 | -2 | -2 | -2 | -7 | -7 | -7 | 123 ]
[ -127 | -2 | 0 | 0 | 0 | 0 | 0 | 0 | 0 | 0 | 0 | 0 | 0 | 0 | >1 | 0 | 0 | 0 | 0 | 0< | -2 | -2 | -2 | -2 | -2 | -2 | -7 | -7 | -7 | 123 ]
[ -127 | -2 | 0 | 0 | 0 | 0 | 0 | 0 | 0 | 0 | 0 | 0 | 0 | 0 | >0 | 0 | 0 | 0 | 0 | -1< | -2 | -2 | -2 | -2 | -2 | -2 | -7 | -7 | -7 | 123 ]
[ -127 | -2 | 0 | 0 | 0 | 0 | 0 | 0 | 0 | 0 | 0 | 0 | 0 | 0 | 0 | >0 | 0 | 0 | 0 | -2< | -2 | -2 | -2 | -2 | -2 | -2 | -7 | -7 | -7 | 123 ]
[ -127 | -2 | 0 | 0 | 0 | 0 | 0 | 0 | 0 | 0 | 0 | 0 | 0 | 0 | 0 | >1 | 0 | 0 | 0< | -2 | -2 | -2 | -2 | -2 | -2 | -2 | -7 | -7 | -7 | 123 ]
[ -127 | -2 | 0 | 0 | 0 | 0 | 0 | 0 | 0 | 0 | 0 | 0 | 0 | 0 | 0 | >1 | 0 | 0 | 0< | -2 | -2 | -2 | -2 | -2 | -2 | -2 | -7 | -7 | -7 | 123 ]
[ -127 | -2 | 0 | 0 | 0 | 0 | 0 | 0 | 0 | 0 | 0 | 0 | 0 | 0 | 0 | >0 | 0 | 0 | -1< | -2 | -2 | -2 | -2 | -2 | -2 | -2 | -7 | -7 | -7 | 123 ]
[ -127 | -2 | 0 | 0 | 0 | 0 | 0 | 0 | 0 | 0 | 0 | 0 | 0 | 0 | 0 | 0 | >0 | 0 | -2< | -2 | -2 | -2 | -2 | -2 | -2 | -2 | -7 | -7 | -7 | 123 ]
[ -127 | -2 | 0 | 0 | 0 | 0 | 0 | 0 | 0 | 0 | 0 | 0 | 0 | 0 | 0 | 0 | >1 | 0< | -2 | -2 | -2 | -2 | -2 | -2 | -2 | -2 | -7 | -7 | -7 | 123 ]
[ -127 | -2 | 0 | 0 | 0 | 0 | 0 | 0 | 0 | 0 | 0 | 0 | 0 | 0 | 0 | 0 | >1 | 0< | -2 | -2 | -2 | -2 | -2 | -2 | -2 | -2 | -7 | -7 | -7 | 123 ]
[ -127 | -2 | 0 | 0 | 0 | 0 | 0 | 0 | 0 | 0 | 0 | 0 | 0 | 0 | 0 | 0 | >0 | -1< | -2 | -2 | -2 | -2 | -2 | -2 | -2 | -2 | -7 | -7 | -7 | 123 ]
[ -127 | -2 | 0 | 0 | 0 | 0 | 0 | 0 | 0 | 0 | 0 | 0 | 0 | 0 | 0 | 0 | 0 | >-2< | -2 | -2 | -2 | -2 | -2 | -2 | -2 | -2 | -7 | -7 | -7 | 123 ]
[ -127 | -2 | 0 | 0 | 0 | 0 | 0 | 0 | 0 | 0 | 0 | 0 | 0 | 0 | 0 | 0 | 0< | >-1 | -2 | -2 | -2 | -2 | -2 | -2 | -2 | -2 | -7 | -7 | -7 | 123 ]
[ -127 | -2 | 0 | 0 | 0 | 0 | 0 | 0 | 0 | 0 | 0 | 0 | 0 | 0 | 0 | 0 | 0< | >-1 | -2 | -2 | -2 | -2 | -2 | -2 | -2 | -2 | -7 | -7 | -7 | 123 ]
[ -127 | -2 | 0 | 0 | 0 | 0 | 0 | 0 | 0 | 0 | 0 | 0 | 0 | 0 | 0 | 0 | -1< | >-2 | -2 | -2 | -2 | -2 | -2 | -2 | -2 | -2 | -7 | -7 | -7 | 123 ]
[ -127 | -2 | 0 | 0 | 0 | 0 | 0 | 0 | 0 | 0 | 0 | 0 | 0 | 0 | 0 | 0 | -2< | -2 | >-2 | -2 | -2 | -2 | -2 | -2 | -2 | -2 | -7 | -7 | -7 | 123 ]
[ -127 | -2 | 0 | 0 | 0 | 0 | 0 | 0 | 0 | 0 | 0 | 0 | 0 | 0 | 0 | 0< | -2 | -2 | >-1 | -2 | -2 | -2 | -2 | -2 | -2 | -2 | -7 | -7 | -7 | 123 ]
[ -127 | -2 | 0 | 0 | 0 | 0 | 0 | 0 | 0 | 0 | 0 | 0 | 0 | 0 | 0 | 0< | -2 | -2 | >-1 | -2 | -2 | -2 | -2 | -2 | -2 | -2 | -7 | -7 | -7 | 123 ]
[ -127 | -2 | 0 | 0 | 0 | 0 | 0 | 0 | 0 | 0 | 0 | 0 | 0 | 0 | 0 | -1< | -2 | -2 | >-2 | -2 | -2 | -2 | -2 | -2 | -2 | -2 | -7 | -7 | -7 | 123 ]
[ -127 | -2 | 0 | 0 | 0 | 0 | 0 | 0 | 0 | 0 | 0 | 0 | 0 | 0 | 0 | -2< | -2 | -2 | -2 | >-2 | -2 | -2 | -2 | -2 | -2 | -2 | -7 | -7 | -7 | 123 ]
[ -127 | -2 | 0 | 0 | 0 | 0 | 0 | 0 | 0 | 0 | 0 | 0 | 0 | 0 | 0< | -2 | -2 | -2 | -2 | >-1 | -2 | -2 | -2 | -2 | -2 | -2 | -7 | -7 | -7 | 123 ]
[ -127 | -2 | 0 | 0 | 0 | 0 | 0 | 0 | 0 | 0 | 0 | 0 | 0 | 0 | 0< | -2 | -2 | -2 | -2 | >-1 | -2 | -2 | -2 | -2 | -2 | -2 | -7 | -7 | -7 | 123 ]
[ -127 | -2 | 0 | 0 | 0 | 0 | 0 | 0 | 0 | 0 | 0 | 0 | 0 | 0 | -1< | -2 | -2 | -2 | -2 | >-2 | -2 | -2 | -2 | -2 | -2 | -2 | -7 | -7 | -7 | 123 ]
[ -127 | -2 | 0 | 0 | 0 | 0 | 0 | 0 | 0 | 0 | 0 | 0 | 0 | 0 | -2< | -2 | -2 | -2 | -2 | -2 | >-2 | -2 | -2 | -2 | -2 | -2 | -7 | -7 | -7 | 123 ]
[ -127 | -2 | 0 | 0 | 0 | 0 | 0 | 0 | 0 | 0 | 0 | 0 | 0 | 0< | -2 | -2 | -2 | -2 | -2 | -2 | >-1 | -2 | -2 | -2 | -2 | -2 | -7 | -7 | -7 | 123 ]
[ -127 | -2 | 0 | 0 | 0 | 0 | 0 | 0 | 0 | 0 | 0 | 0 | 0 | 0< | -2 | -2 | -2 | -2 | -2 | -2 | >-1 | -2 | -2 | -2 | -2 | -2 | -7 | -7 | -7 | 123 ]
[ -127 | -2 | 0 | 0 | 0 | 0 | 0 | 0 | 0 | 0 | 0 | 0 | 0 | -1< | -2 | -2 | -2 | -2 | -2 | -2 | >-2 | -2 | -2 | -2 | -2 | -2 | -7 | -7 | -7 | 123 ]
[ -127 | -2 | 0 | 0 | 0 | 0 | 0 | 0 | 0 | 0 | 0 | 0 | 0 | -2< | -2 | -2 | -2 | -2 | -2 | -2 | -2 | >-2 | -2 | -2 | -2 | -2 | -7 | -7 | -7 | 123 ]
[ -127 | -2 | 0 | 0 | 0 | 0 | 0 | 0 | 0 | 0 | 0 | 0 | 0< | -2 | -2 | -2 | -2 | -2 | -2 | -2 | -2 | >-1 | -2 | -2 | -2 | -2 | -7 | -7 | -7 | 123 ]
[ -127 | -2 | 0 | 0 | 0 | 0 | 0 | 0 | 0 | 0 | 0 | 0 | 0< | -2 | -2 | -2 | -2 | -2 | -2 | -2 | -2 | >-1 | -2 | -2 | -2 | -2 | -7 | -7 | -7 | 123 ]
[ -127 | -2 | 0 | 0 | 0 | 0 | 0 | 0 | 0 | 0 | 0 | 0 | -1< | -2 | -2 | -2 | -2 | -2 | -2 | -2 | -2 | >-2 | -2 | -2 | -2 | -2 | -7 | -7 | -7 | 123 ]
[ -127 | -2 | 0 | 0 | 0 | 0 | 0 | 0 | 0 | 0 | 0 | 0 | -2< | -2 | -2 | -2 | -2 | -2 | -2 | -2 | -2 | -2 | >-2 | -2 | -2 | -2 | -7 | -7 | -7 | 123 ]
[ -127 | -2 | 0 | 0 | 0 | 0 | 0 | 0 | 0 | 0 | 0 | 0< | -2 | -2 | -2 | -2 | -2 | -2 | -2 | -2 | -2 | -2 | >-1 | -2 | -2 | -2 | -7 | -7 | -7 | 123 ]
[ -127 | -2 | 0 | 0 | 0 | 0 | 0 | 0 | 0 | 0 | 0 | 0< | -2 | -2 | -2 | -2 | -2 | -2 | -2 | -2 | -2 | -2 | >-1 | -2 | -2 | -2 | -7 | -7 | -7 | 123 ]
[ -127 | -2 | 0 | 0 | 0 | 0 | 0 | 0 | 0 | 0 | 0 | -1< | -2 | -2 | -2 | -2 | -2 | -2 | -2 | -2 | -2 | -2 | >-2 | -2 | -2 | -2 | -7 | -7 | -7 | 123 ]
[ -127 | -2 | 0 | 0 | 0 | 0 | 0 | 0 | 0 | 0 | 0 | -2< | -2 | -2 | -2 | -2 | -2 | -2 | -2 | -2 | -2 | -2 | -2 | >-2 | -2 | -2 | -7 | -7 | -7 | 123 ]
[ -127 | -2 | 0 | 0 | 0 | 0 | 0 | 0 | 0 | 0 | 0< | -2 | -2 | -2 | -2 | -2 | -2 | -2 | -2 | -2 | -2 | -2 | -2 | >-1 | -2 | -2 | -7 | -7 | -7 | 123 ]
[ -127 | -2 | 0 | 0 | 0 | 0 | 0 | 0 | 0 | 0 | 0< | -2 | -2 | -2 | -2 | -2 | -2 | -2 | -2 | -2 | -2 | -2 | -2 | >-1 | -2 | -2 | -7 | -7 | -7 | 123 ]
[ -127 | -2 | 0 | 0 | 0 | 0 | 0 | 0 | 0 | 0 | -1< | -2 | -2 | -2 | -2 | -2 | -2 | -2 | -2 | -2 | -2 | -2 | -2 | >-2 | -2 | -2 | -7 | -7 | -7 | 123 ]
[ -127 | -2 | 0 | 0 | 0 | 0 | 0 | 0 | 0 | 0 | -2< | -2 | -2 | -2 | -2 | -2 | -2 | -2 | -2 | -2 | -2 | -2 | -2 | -2 | >-2 | -2 | -7 | -7 | -7 | 123 ]
[ -127 | -2 | 0 | 0 | 0 | 0 | 0 | 0 | 0 | 0< | -2 | -2 | -2 | -2 | -2 | -2 | -2 | -2 | -2 | -2 | -2 | -2 | -2 | -2 | >-1 | -2 | -7 | -7 | -7 | 123 ]
[ -127 | -2 | 0 | 0 | 0 | 0 | 0 | 0 | 0 | 0< | -2 | -2 | -2 | -2 | -2 | -2 | -2 | -2 | -2 | -2 | -2 | -2 | -2 | -2 | >-1 | -2 | -7 | -7 | -7 | 123 ]
[ -127 | -2 | 0 | 0 | 0 | 0 | 0 | 0 | 0 | -1< | -2 | -2 | -2 | -2 | -2 | -2 | -2 | -2 | -2 | -2 | -2 | -2 | -2 | -2 | >-2 | -2 | -7 | -7 | -7 | 123 ]
[ -127 | -2 | 0 | 0 | 0 | 0 | 0 | 0 | 0 | -2< | -2 | -2 | -2 | -2 | -2 | -2 | -2 | -2 | -2 | -2 | -2 | -2 | -2 | -2 | -2 | >-2 | -7 | -7 | -7 | 123 ]
[ -127 | -2 | 0 | 0 | 0 | 0 | 0 | 0 | 0< | -2 | -2 | -2 | -2 | -2 | -2 | -2 | -2 | -2 | -2 | -2 | -2 | -2 | -2 | -2 | -2 | >-1 | -7 | -7 | -7 | 123 ]
[ -127 | -2 | 0 | 0 | 0 | 0 | 0 | 0 | 0< | -2 | -2 | -2 | -2 | -2 | -2 | -2 | -2 | -2 | -2 | -2 | -2 | -2 | -2 | -2 | -2 | >-1 | -7 | -7 | -7 | 123 ]
[ -127 | -2 | 0 | 0 | 0 | 0 | 0 | 0 | -1< | -2 | -2 | -2 | -2 | -2 | -2 | -2 | -2 | -2 | -2 | -2 | -2 | -2 | -2 | -2 | -2 | >-2 | -7 | -7 | -7 | 123 ]
[ -127 | -2 | 0 | 0 | 0 | 0 | 0 | 0 | -2< | -2 | -2 | -2 | -2 | -2 | -2 | -2 | -2 | -2 | -2 | -2 | -2 | -2 | -2 | -2 | -2 | -2 | >-7 | -7 | -7 | 123 ]
[ -127 | -2 | 0 | 0 | 0 | 0 | 0 | 0< | -2 | -2 | -2 | -2 | -2 | -2 | -2 | -2 | -2 | -2 | -2 | -2 | -2 | -2 | -2 | -2 | -2 | -2 | >-6 | -7 | -7 | 123 ]
[ -127 | -2 | 0 | 0 | 0 | 0 | 0 | 0< | -2 | -2 | -2 | -2 | -2 | -2 | -2 | -2 | -2 | -2 | -2 | -2 | -2 | -2 | -2 | -2 | -2 | -2 | >-6 | -7 | -7 | 123 ]
[ -127 | -2 | 0 | 0 | 0 | 0 | 0 | -1< | -2 | -2 | -2 | -2 | -2 | -2 | -2 | -2 | -2 | -2 | -2 | -2 | -2 | -2 | -2 | -2 | -2 | -2 | >-7 | -7 | -7 | 123 ]
[ -127 | -2 | 0 | 0 | 0 | 0 | 0 | -2< | -2 | -2 | -2 | -2 | -2 | -2 | -2 | -2 | -2 | -2 | -2 | -2 | -2 | -2 | -2 | -2 | -2 | -2 | -7 | >-7 | -7 | 123 ]
[ -127 | -2 | 0 | 0 | 0 | 0 | 0< | -2 | -2 | -2 | -2 | -2 | -2 | -2 | -2 | -2 | -2 | -2 | -2 | -2 | -2 | -2 | -2 | -2 | -2 | -2 | -7 | >-6 | -7 | 123 ]
[ -127 | -2 | 0 | 0 | 0 | 0 | 0< | -2 | -2 | -2 | -2 | -2 | -2 | -2 | -2 | -2 | -2 | -2 | -2 | -2 | -2 | -2 | -2 | -2 | -2 | -2 | -7 | >-6 | -7 | 123 ]
[ -127 | -2 | 0 | 0 | 0 | 0 | -1< | -2 | -2 | -2 | -2 | -2 | -2 | -2 | -2 | -2 | -2 | -2 | -2 | -2 | -2 | -2 | -2 | -2 | -2 | -2 | -7 | >-7 | -7 | 123 ]
[ -127 | -2 | 0 | 0 | 0 | 0 | -2< | -2 | -2 | -2 | -2 | -2 | -2 | -2 | -2 | -2 | -2 | -2 | -2 | -2 | -2 | -2 | -2 | -2 | -2 | -2 | -7 | -7 | >-7 | 123 ]
[ -127 | -2 | 0 | 0 | 0 | 0< | -2 | -2 | -2 | -2 | -2 | -2 | -2 | -2 | -2 | -2 | -2 | -2 | -2 | -2 | -2 | -2 | -2 | -2 | -2 | -2 | -7 | -7 | >-6 | 123 ]
[ -127 | -2 | 0 | 0 | 0 | 0< | -2 | -2 | -2 | -2 | -2 | -2 | -2 | -2 | -2 | -2 | -2 | -2 | -2 | -2 | -2 | -2 | -2 | -2 | -2 | -2 | -7 | -7 | >-6 | 123 ]
[ -127 | -2 | 0 | 0 | 0 | -1< | -2 | -2 | -2 | -2 | -2 | -2 | -2 | -2 | -2 | -2 | -2 | -2 | -2 | -2 | -2 | -2 | -2 | -2 | -2 | -2 | -7 | -7 | >-7 | 123 ]
[ -127 | -2 | 0 | 0 | 0 | -2< | -2 | -2 | -2 | -2 | -2 | -2 | -2 | -2 | -2 | -2 | -2 | -2 | -2 | -2 | -2 | -2 | -2 | -2 | -2 | -2 | -7 | -7 | -7 | >123 ]
[ -127 | -2 | 0 | 0 | 0< | -2 | -2 | -2 | -2 | -2 | -2 | -2 | -2 | -2 | -2 | -2 | -2 | -2 | -2 | -2 | -2 | -2 | -2 | -2 | -2 | -2 | -7 | -7 | -7 | >124 ]
[ -127 | -2 | 0 | 0 | 0< | -2 | -2 | -2 | -2 | -2 | -2 | -2 | -2 | -2 | -2 | -2 | -2 | -2 | -2 | -2 | -2 | -2 | -2 | -2 | -2 | -2 | -7 | -7 | -7 | >124 ]
[ -127 | -2 | 0 | 0 | -1< | -2 | -2 | -2 | -2 | -2 | -2 | -2 | -2 | -2 | -2 | -2 | -2 | -2 | -2 | -2 | -2 | -2 | -2 | -2 | -2 | -2 | -7 | -7 | -7 | >123 ]
[ >-127 | -2 | 0 | 0 | -2< | -2 | -2 | -2 | -2 | -2 | -2 | -2 | -2 | -2 | -2 | -2 | -2 | -2 | -2 | -2 | -2 | -2 | -2 | -2 | -2 | -2 | -7 | -7 | -7 | 123 ]

===== NestDarwin won the battle after 120 cycles =====



===== MetaJSRandomBot.bf vs. NestDarwin.bf finished with 0:10 =====