===== Starting battle of <MetaJSRandomBot> vs <EndTitled> with memory tape size: 14 =====

[ >128 | 0 | 0 | 0 | 0 | 0 | 0 | 0 | 0 | 0 | 0 | 0 | 0 | 128< ]
[ >-127 | 0 | 0 | 0 | 0 | 0 | 0 | 0 | 0 | 0 | 0 | 0 | 0 | 128< ]
[ >-127 | 0 | 0 | 0 | 0 | 0 | 0 | 0 | 0 | 0 | 0 | 0 | 0 | 128< ]
[ >-127 | 0 | 0 | 0 | 0 | 0 | 0 | 0 | 0 | 0 | 0 | 0 | 0< | 128 ]
[ -127 | >0 | 0 | 0 | 0 | 0 | 0 | 0 | 0 | 0 | 0 | 0< | 0 | 128 ]
[ -127 | >-1 | 0 | 0 | 0 | 0 | 0 | 0 | 0 | 0 | 0< | 0 | 0 | 128 ]
[ -127 | >-1 | 0 | 0 | 0 | 0 | 0 | 0 | 0 | 0< | 0 | 0 | 0 | 128 ]
[ -127 | >-2 | 0 | 0 | 0 | 0 | 0 | 0 | 0< | 0 | 0 | 0 | 0 | 128 ]
[ -127 | -2 | >0 | 0 | 0 | 0 | 0 | 0< | 0 | 0 | 0 | 0 | 0 | 128 ]
[ -127 | -2 | >1 | 0 | 0 | 0 | 0< | 0 | 0 | 0 | 0 | 0 | 0 | 128 ]
[ -127 | -2 | >1 | 0 | 0 | 0 | 1< | 0 | 0 | 0 | 0 | 0 | 0 | 128 ]
[ -127 | -2 | >0 | 0 | 0 | 0 | 2< | 0 | 0 | 0 | 0 | 0 | 0 | 128 ]
[ -127 | -2 | 0 | >0 | 0 | 0 | 3< | 0 | 0 | 0 | 0 | 0 | 0 | 128 ]
[ -127 | -2 | 0 | >1 | 0 | 0 | 4< | 0 | 0 | 0 | 0 | 0 | 0 | 128 ]
[ -127 | -2 | 0 | >1 | 0 | 0 | 5< | 0 | 0 | 0 | 0 | 0 | 0 | 128 ]
[ -127 | -2 | 0 | >0 | 0 | 0 | 6< | 0 | 0 | 0 | 0 | 0 | 0 | 128 ]
[ -127 | -2 | 0 | 0 | >0 | 0 | 7< | 0 | 0 | 0 | 0 | 0 | 0 | 128 ]
[ -127 | -2 | 0 | 0 | >1 | 0 | 7 | 0< | 0 | 0 | 0 | 0 | 0 | 128 ]
[ -127 | -2 | 0 | 0 | >1 | 0 | 7 | 0 | 0< | 0 | 0 | 0 | 0 | 128 ]
[ -127 | -2 | 0 | 0 | >0 | 0 | 7 | 0 | 0 | 0< | 0 | 0 | 0 | 128 ]
[ -127 | -2 | 0 | 0 | 0 | >0 | 7 | 0 | 0 | 0 | 0< | 0 | 0 | 128 ]
[ -127 | -2 | 0 | 0 | 0 | >1 | 7 | 0 | 0 | 0 | 0 | 0< | 0 | 128 ]
[ -127 | -2 | 0 | 0 | 0 | >1 | 7 | 0 | 0 | 0 | 0 | 0 | 0< | 128 ]
[ -127 | -2 | 0 | 0 | 0 | >0 | 7 | 0 | 0 | 0 | 0 | 0 | 0 | 128< ]
[ -127 | -2 | 0 | 0 | 0 | 0 | >7 | 0 | 0 | 0 | 0 | 0 | 0< | 128 ]
[ -127 | -2 | 0 | 0 | 0 | 0 | >8 | 0 | 0 | 0 | 0 | 0 | -1< | 128 ]
[ -127 | -2 | 0 | 0 | 0 | 0 | >8 | 0 | 0 | 0 | 0 | 0 | -2< | 128 ]
[ -127 | -2 | 0 | 0 | 0 | 0 | >7 | 0 | 0 | 0 | 0 | 0 | -3< | 128 ]
[ -127 | -2 | 0 | 0 | 0 | 0 | 7 | >0 | 0 | 0 | 0 | 0 | -4< | 128 ]
[ -127 | -2 | 0 | 0 | 0 | 0 | 7 | >1 | 0 | 0 | 0 | 0 | -5< | 128 ]
[ -127 | -2 | 0 | 0 | 0 | 0 | 7 | >1 | 0 | 0 | 0 | 0 | -6< | 128 ]
[ -127 | -2 | 0 | 0 | 0 | 0 | 7 | >0 | 0 | 0 | 0 | 0 | -7< | 128 ]
[ -127 | -2 | 0 | 0 | 0 | 0 | 7 | 0 | >0 | 0 | 0 | 0 | -8< | 128 ]
[ -127 | -2 | 0 | 0 | 0 | 0 | 7 | 0 | >1 | 0 | 0 | 0 | -9< | 128 ]
[ -127 | -2 | 0 | 0 | 0 | 0 | 7 | 0 | >1 | 0 | 0 | 0 | -10< | 128 ]
[ -127 | -2 | 0 | 0 | 0 | 0 | 7 | 0 | >0 | 0 | 0 | 0 | -11< | 128 ]
[ -127 | -2 | 0 | 0 | 0 | 0 | 7 | 0 | 0 | >0 | 0 | 0 | -12< | 128 ]
[ -127 | -2 | 0 | 0 | 0 | 0 | 7 | 0 | 0 | >1 | 0 | 0 | -13< | 128 ]
[ -127 | -2 | 0 | 0 | 0 | 0 | 7 | 0 | 0 | >1 | 0 | 0 | -14< | 128 ]
[ -127 | -2 | 0 | 0 | 0 | 0 | 7 | 0 | 0 | >0 | 0 | 0 | -15< | 128 ]
[ -127 | -2 | 0 | 0 | 0 | 0 | 7 | 0 | 0 | 0 | >0 | 0 | -16< | 128 ]
[ -127 | -2 | 0 | 0 | 0 | 0 | 7 | 0 | 0 | 0 | >1 | 0 | -17< | 128 ]
[ -127 | -2 | 0 | 0 | 0 | 0 | 7 | 0 | 0 | 0 | >1 | 0 | -18< | 128 ]
[ -127 | -2 | 0 | 0 | 0 | 0 | 7 | 0 | 0 | 0 | >0 | 0< | -18 | 128 ]
[ -127 | -2 | 0 | 0 | 0 | 0 | 7 | 0 | 0 | 0 | 0< | >0 | -18 | 128 ]
[ -127 | -2 | 0 | 0 | 0 | 0 | 7 | 0 | 0 | 0< | 0 | >1 | -18 | 128 ]
[ -127 | -2 | 0 | 0 | 0 | 0 | 7 | 0 | 0 | 1< | 0 | >1 | -18 | 128 ]
[ -127 | -2 | 0 | 0 | 0 | 0 | 7 | 0 | 0 | 2< | 0 | >0 | -18 | 128 ]
[ -127 | -2 | 0 | 0 | 0 | 0 | 7 | 0 | 0 | 3< | 0 | 0 | >-18 | 128 ]
[ -127 | -2 | 0 | 0 | 0 | 0 | 7 | 0 | 0 | 4< | 0 | 0 | >-17 | 128 ]
[ -127 | -2 | 0 | 0 | 0 | 0 | 7 | 0 | 0 | 5< | 0 | 0 | >-17 | 128 ]
[ -127 | -2 | 0 | 0 | 0 | 0 | 7 | 0 | 0 | 6< | 0 | 0 | >-18 | 128 ]
[ -127 | -2 | 0 | 0 | 0 | 0 | 7 | 0 | 0 | 7< | 0 | 0 | -18 | >128 ]
[ -127 | -2 | 0 | 0 | 0 | 0 | 7 | 0 | 0 | 8< | 0 | 0 | -18 | >-127 ]
[ -127 | -2 | 0 | 0 | 0 | 0 | 7 | 0 | 0 | 9< | 0 | 0 | -18 | >-127 ]
[ -127 | -2 | 0 | 0 | 0 | 0 | 7 | 0 | 0 | 10< | 0 | 0 | -18 | >128 ]
[ >-127 | -2 | 0 | 0 | 0 | 0 | 7 | 0 | 0 | 11< | 0 | 0 | -18 | 128 ]

===== EndTitled won the battle after 56 cycles =====



===== Starting battle of <MetaJSRandomBot> vs <EndTitled> with memory tape size: 14 =====

[ >128 | 0 | 0 | 0 | 0 | 0 | 0 | 0 | 0 | 0 | 0 | 0 | 0 | 128< ]
[ >-127 | 0 | 0 | 0 | 0 | 0 | 0 | 0 | 0 | 0 | 0 | 0 | 0 | 128< ]
[ >-127 | 0 | 0 | 0 | 0 | 0 | 0 | 0 | 0 | 0 | 0 | 0 | 0 | 128< ]
[ >-127 | 0 | 0 | 0 | 0 | 0 | 0 | 0 | 0 | 0 | 0 | 0 | 0< | 128 ]
[ -127 | >0 | 0 | 0 | 0 | 0 | 0 | 0 | 0 | 0 | 0 | 0< | 0 | 128 ]
[ -127 | >-1 | 0 | 0 | 0 | 0 | 0 | 0 | 0 | 0 | 0< | 0 | 0 | 128 ]
[ -127 | >-1 | 0 | 0 | 0 | 0 | 0 | 0 | 0 | 0< | 0 | 0 | 0 | 128 ]
[ -127 | >-2 | 0 | 0 | 0 | 0 | 0 | 0 | 0< | 0 | 0 | 0 | 0 | 128 ]
[ -127 | -2 | >0 | 0 | 0 | 0 | 0 | 0< | 0 | 0 | 0 | 0 | 0 | 128 ]
[ -127 | -2 | >1 | 0 | 0 | 0 | 0< | 0 | 0 | 0 | 0 | 0 | 0 | 128 ]
[ -127 | -2 | >1 | 0 | 0 | 0 | 1< | 0 | 0 | 0 | 0 | 0 | 0 | 128 ]
[ -127 | -2 | >0 | 0 | 0 | 0 | 2< | 0 | 0 | 0 | 0 | 0 | 0 | 128 ]
[ -127 | -2 | 0 | >0 | 0 | 0 | 3< | 0 | 0 | 0 | 0 | 0 | 0 | 128 ]
[ -127 | -2 | 0 | >1 | 0 | 0 | 4< | 0 | 0 | 0 | 0 | 0 | 0 | 128 ]
[ -127 | -2 | 0 | >1 | 0 | 0 | 5< | 0 | 0 | 0 | 0 | 0 | 0 | 128 ]
[ -127 | -2 | 0 | >0 | 0 | 0 | 6< | 0 | 0 | 0 | 0 | 0 | 0 | 128 ]
[ -127 | -2 | 0 | 0 | >0 | 0 | 7< | 0 | 0 | 0 | 0 | 0 | 0 | 128 ]
[ -127 | -2 | 0 | 0 | >1 | 0 | 7 | 0< | 0 | 0 | 0 | 0 | 0 | 128 ]
[ -127 | -2 | 0 | 0 | >1 | 0 | 7 | 0 | 0< | 0 | 0 | 0 | 0 | 128 ]
[ -127 | -2 | 0 | 0 | >0 | 0 | 7 | 0 | 0 | 0< | 0 | 0 | 0 | 128 ]
[ -127 | -2 | 0 | 0 | 0 | >0 | 7 | 0 | 0 | 0 | 0< | 0 | 0 | 128 ]
[ -127 | -2 | 0 | 0 | 0 | >1 | 7 | 0 | 0 | 0 | 0 | 0< | 0 | 128 ]
[ -127 | -2 | 0 | 0 | 0 | >1 | 7 | 0 | 0 | 0 | 0 | 0 | 0< | 128 ]
[ -127 | -2 | 0 | 0 | 0 | >0 | 7 | 0 | 0 | 0 | 0 | 0 | 0 | 128< ]
[ -127 | -2 | 0 | 0 | 0 | 0 | >7 | 0 | 0 | 0 | 0 | 0 | 0< | 128 ]
[ -127 | -2 | 0 | 0 | 0 | 0 | >8 | 0 | 0 | 0 | 0 | 0 | -1< | 128 ]
[ -127 | -2 | 0 | 0 | 0 | 0 | >8 | 0 | 0 | 0 | 0 | 0 | -2< | 128 ]
[ -127 | -2 | 0 | 0 | 0 | 0 | >7 | 0 | 0 | 0 | 0 | 0 | -3< | 128 ]
[ -127 | -2 | 0 | 0 | 0 | 0 | 7 | >0 | 0 | 0 | 0 | 0 | -4< | 128 ]
[ -127 | -2 | 0 | 0 | 0 | 0 | 7 | >1 | 0 | 0 | 0 | 0 | -5< | 128 ]
[ -127 | -2 | 0 | 0 | 0 | 0 | 7 | >1 | 0 | 0 | 0 | 0 | -6< | 128 ]
[ -127 | -2 | 0 | 0 | 0 | 0 | 7 | >0 | 0 | 0 | 0 | 0 | -7< | 128 ]
[ -127 | -2 | 0 | 0 | 0 | 0 | 7 | 0 | >0 | 0 | 0 | 0 | -8< | 128 ]
[ -127 | -2 | 0 | 0 | 0 | 0 | 7 | 0 | >1 | 0 | 0 | 0 | -9< | 128 ]
[ -127 | -2 | 0 | 0 | 0 | 0 | 7 | 0 | >1 | 0 | 0 | 0 | -10< | 128 ]
[ -127 | -2 | 0 | 0 | 0 | 0 | 7 | 0 | >0 | 0 | 0 | 0 | -11< | 128 ]
[ -127 | -2 | 0 | 0 | 0 | 0 | 7 | 0 | 0 | >0 | 0 | 0 | -12< | 128 ]
[ -127 | -2 | 0 | 0 | 0 | 0 | 7 | 0 | 0 | >1 | 0 | 0 | -13< | 128 ]
[ -127 | -2 | 0 | 0 | 0 | 0 | 7 | 0 | 0 | >1 | 0 | 0 | -14< | 128 ]
[ -127 | -2 | 0 | 0 | 0 | 0 | 7 | 0 | 0 | >0 | 0 | 0 | -15< | 128 ]
[ -127 | -2 | 0 | 0 | 0 | 0 | 7 | 0 | 0 | 0 | >0 | 0 | -16< | 128 ]
[ -127 | -2 | 0 | 0 | 0 | 0 | 7 | 0 | 0 | 0 | >1 | 0 | -17< | 128 ]
[ -127 | -2 | 0 | 0 | 0 | 0 | 7 | 0 | 0 | 0 | >1 | 0 | -18< | 128 ]
[ -127 | -2 | 0 | 0 | 0 | 0 | 7 | 0 | 0 | 0 | >0 | 0< | -18 | 128 ]
[ -127 | -2 | 0 | 0 | 0 | 0 | 7 | 0 | 0 | 0 | 0< | >0 | -18 | 128 ]
[ -127 | -2 | 0 | 0 | 0 | 0 | 7 | 0 | 0 | 0< | 0 | >1 | -18 | 128 ]
[ -127 | -2 | 0 | 0 | 0 | 0 | 7 | 0 | 0 | 1< | 0 | >1 | -18 | 128 ]
[ -127 | -2 | 0 | 0 | 0 | 0 | 7 | 0 | 0 | 2< | 0 | >0 | -18 | 128 ]
[ -127 | -2 | 0 | 0 | 0 | 0 | 7 | 0 | 0 | 3< | 0 | 0 | >-18 | 128 ]
[ -127 | -2 | 0 | 0 | 0 | 0 | 7 | 0 | 0 | 4< | 0 | 0 | >-17 | 128 ]
[ -127 | -2 | 0 | 0 | 0 | 0 | 7 | 0 | 0 | 5< | 0 | 0 | >-17 | 128 ]
[ -127 | -2 | 0 | 0 | 0 | 0 | 7 | 0 | 0 | 6< | 0 | 0 | >-18 | 128 ]
[ -127 | -2 | 0 | 0 | 0 | 0 | 7 | 0 | 0 | 7< | 0 | 0 | -18 | >128 ]
[ -127 | -2 | 0 | 0 | 0 | 0 | 7 | 0 | 0 | 8< | 0 | 0 | -18 | >-127 ]
[ -127 | -2 | 0 | 0 | 0 | 0 | 7 | 0 | 0 | 9< | 0 | 0 | -18 | >-127 ]
[ -127 | -2 | 0 | 0 | 0 | 0 | 7 | 0 | 0 | 10< | 0 | 0 | -18 | >128 ]
[ >-127 | -2 | 0 | 0 | 0 | 0 | 7 | 0 | 0 | 11< | 0 | 0 | -18 | 128 ]

===== EndTitled won the battle after 56 cycles =====



===== Starting battle of <MetaJSRandomBot> vs <EndTitled> with memory tape size: 27 =====

[ >128 | 0 | 0 | 0 | 0 | 0 | 0 | 0 | 0 | 0 | 0 | 0 | 0 | 0 | 0 | 0 | 0 | 0 | 0 | 0 | 0 | 0 | 0 | 0 | 0 | 0 | 128< ]
[ >-127 | 0 | 0 | 0 | 0 | 0 | 0 | 0 | 0 | 0 | 0 | 0 | 0 | 0 | 0 | 0 | 0 | 0 | 0 | 0 | 0 | 0 | 0 | 0 | 0 | 0 | 128< ]
[ >-127 | 0 | 0 | 0 | 0 | 0 | 0 | 0 | 0 | 0 | 0 | 0 | 0 | 0 | 0 | 0 | 0 | 0 | 0 | 0 | 0 | 0 | 0 | 0 | 0 | 0 | 128< ]
[ >-127 | 0 | 0 | 0 | 0 | 0 | 0 | 0 | 0 | 0 | 0 | 0 | 0 | 0 | 0 | 0 | 0 | 0 | 0 | 0 | 0 | 0 | 0 | 0 | 0 | 0< | 128 ]
[ -127 | >0 | 0 | 0 | 0 | 0 | 0 | 0 | 0 | 0 | 0 | 0 | 0 | 0 | 0 | 0 | 0 | 0 | 0 | 0 | 0 | 0 | 0 | 0 | 0< | 0 | 128 ]
[ -127 | >-1 | 0 | 0 | 0 | 0 | 0 | 0 | 0 | 0 | 0 | 0 | 0 | 0 | 0 | 0 | 0 | 0 | 0 | 0 | 0 | 0 | 0 | 0< | 0 | 0 | 128 ]
[ -127 | >-1 | 0 | 0 | 0 | 0 | 0 | 0 | 0 | 0 | 0 | 0 | 0 | 0 | 0 | 0 | 0 | 0 | 0 | 0 | 0 | 0 | 0< | 0 | 0 | 0 | 128 ]
[ -127 | >-2 | 0 | 0 | 0 | 0 | 0 | 0 | 0 | 0 | 0 | 0 | 0 | 0 | 0 | 0 | 0 | 0 | 0 | 0 | 0 | 0< | 0 | 0 | 0 | 0 | 128 ]
[ -127 | -2 | >0 | 0 | 0 | 0 | 0 | 0 | 0 | 0 | 0 | 0 | 0 | 0 | 0 | 0 | 0 | 0 | 0 | 0 | 0< | 0 | 0 | 0 | 0 | 0 | 128 ]
[ -127 | -2 | >1 | 0 | 0 | 0 | 0 | 0 | 0 | 0 | 0 | 0 | 0 | 0 | 0 | 0 | 0 | 0 | 0 | 0< | 0 | 0 | 0 | 0 | 0 | 0 | 128 ]
[ -127 | -2 | >1 | 0 | 0 | 0 | 0 | 0 | 0 | 0 | 0 | 0 | 0 | 0 | 0 | 0 | 0 | 0 | 0 | 1< | 0 | 0 | 0 | 0 | 0 | 0 | 128 ]
[ -127 | -2 | >0 | 0 | 0 | 0 | 0 | 0 | 0 | 0 | 0 | 0 | 0 | 0 | 0 | 0 | 0 | 0 | 0 | 2< | 0 | 0 | 0 | 0 | 0 | 0 | 128 ]
[ -127 | -2 | 0 | >0 | 0 | 0 | 0 | 0 | 0 | 0 | 0 | 0 | 0 | 0 | 0 | 0 | 0 | 0 | 0 | 3< | 0 | 0 | 0 | 0 | 0 | 0 | 128 ]
[ -127 | -2 | 0 | >1 | 0 | 0 | 0 | 0 | 0 | 0 | 0 | 0 | 0 | 0 | 0 | 0 | 0 | 0 | 0 | 4< | 0 | 0 | 0 | 0 | 0 | 0 | 128 ]
[ -127 | -2 | 0 | >1 | 0 | 0 | 0 | 0 | 0 | 0 | 0 | 0 | 0 | 0 | 0 | 0 | 0 | 0 | 0 | 5< | 0 | 0 | 0 | 0 | 0 | 0 | 128 ]
[ -127 | -2 | 0 | >0 | 0 | 0 | 0 | 0 | 0 | 0 | 0 | 0 | 0 | 0 | 0 | 0 | 0 | 0 | 0 | 6< | 0 | 0 | 0 | 0 | 0 | 0 | 128 ]
[ -127 | -2 | 0 | 0 | >0 | 0 | 0 | 0 | 0 | 0 | 0 | 0 | 0 | 0 | 0 | 0 | 0 | 0 | 0 | 7< | 0 | 0 | 0 | 0 | 0 | 0 | 128 ]
[ -127 | -2 | 0 | 0 | >1 | 0 | 0 | 0 | 0 | 0 | 0 | 0 | 0 | 0 | 0 | 0 | 0 | 0 | 0 | 7 | 0< | 0 | 0 | 0 | 0 | 0 | 128 ]
[ -127 | -2 | 0 | 0 | >1 | 0 | 0 | 0 | 0 | 0 | 0 | 0 | 0 | 0 | 0 | 0 | 0 | 0 | 0 | 7 | 0 | 0< | 0 | 0 | 0 | 0 | 128 ]
[ -127 | -2 | 0 | 0 | >0 | 0 | 0 | 0 | 0 | 0 | 0 | 0 | 0 | 0 | 0 | 0 | 0 | 0 | 0 | 7 | 0 | 0 | 0< | 0 | 0 | 0 | 128 ]
[ -127 | -2 | 0 | 0 | 0 | >0 | 0 | 0 | 0 | 0 | 0 | 0 | 0 | 0 | 0 | 0 | 0 | 0 | 0 | 7 | 0 | 0 | 0 | 0< | 0 | 0 | 128 ]
[ -127 | -2 | 0 | 0 | 0 | >1 | 0 | 0 | 0 | 0 | 0 | 0 | 0 | 0 | 0 | 0 | 0 | 0 | 0 | 7 | 0 | 0 | 0 | 0 | 0< | 0 | 128 ]
[ -127 | -2 | 0 | 0 | 0 | >1 | 0 | 0 | 0 | 0 | 0 | 0 | 0 | 0 | 0 | 0 | 0 | 0 | 0 | 7 | 0 | 0 | 0 | 0 | 0 | 0< | 128 ]
[ -127 | -2 | 0 | 0 | 0 | >0 | 0 | 0 | 0 | 0 | 0 | 0 | 0 | 0 | 0 | 0 | 0 | 0 | 0 | 7 | 0 | 0 | 0 | 0 | 0 | 0 | 128< ]
[ -127 | -2 | 0 | 0 | 0 | 0 | >0 | 0 | 0 | 0 | 0 | 0 | 0 | 0 | 0 | 0 | 0 | 0 | 0 | 7 | 0 | 0 | 0 | 0 | 0 | 0< | 128 ]
[ -127 | -2 | 0 | 0 | 0 | 0 | >1 | 0 | 0 | 0 | 0 | 0 | 0 | 0 | 0 | 0 | 0 | 0 | 0 | 7 | 0 | 0 | 0 | 0 | 0 | -1< | 128 ]
[ -127 | -2 | 0 | 0 | 0 | 0 | >1 | 0 | 0 | 0 | 0 | 0 | 0 | 0 | 0 | 0 | 0 | 0 | 0 | 7 | 0 | 0 | 0 | 0 | 0 | -2< | 128 ]
[ -127 | -2 | 0 | 0 | 0 | 0 | >0 | 0 | 0 | 0 | 0 | 0 | 0 | 0 | 0 | 0 | 0 | 0 | 0 | 7 | 0 | 0 | 0 | 0 | 0 | -3< | 128 ]
[ -127 | -2 | 0 | 0 | 0 | 0 | 0 | >0 | 0 | 0 | 0 | 0 | 0 | 0 | 0 | 0 | 0 | 0 | 0 | 7 | 0 | 0 | 0 | 0 | 0 | -4< | 128 ]
[ -127 | -2 | 0 | 0 | 0 | 0 | 0 | >1 | 0 | 0 | 0 | 0 | 0 | 0 | 0 | 0 | 0 | 0 | 0 | 7 | 0 | 0 | 0 | 0 | 0 | -5< | 128 ]
[ -127 | -2 | 0 | 0 | 0 | 0 | 0 | >1 | 0 | 0 | 0 | 0 | 0 | 0 | 0 | 0 | 0 | 0 | 0 | 7 | 0 | 0 | 0 | 0 | 0 | -6< | 128 ]
[ -127 | -2 | 0 | 0 | 0 | 0 | 0 | >0 | 0 | 0 | 0 | 0 | 0 | 0 | 0 | 0 | 0 | 0 | 0 | 7 | 0 | 0 | 0 | 0 | 0 | -7< | 128 ]
[ -127 | -2 | 0 | 0 | 0 | 0 | 0 | 0 | >0 | 0 | 0 | 0 | 0 | 0 | 0 | 0 | 0 | 0 | 0 | 7 | 0 | 0 | 0 | 0 | 0 | -8< | 128 ]
[ -127 | -2 | 0 | 0 | 0 | 0 | 0 | 0 | >1 | 0 | 0 | 0 | 0 | 0 | 0 | 0 | 0 | 0 | 0 | 7 | 0 | 0 | 0 | 0 | 0 | -9< | 128 ]
[ -127 | -2 | 0 | 0 | 0 | 0 | 0 | 0 | >1 | 0 | 0 | 0 | 0 | 0 | 0 | 0 | 0 | 0 | 0 | 7 | 0 | 0 | 0 | 0 | 0 | -10< | 128 ]
[ -127 | -2 | 0 | 0 | 0 | 0 | 0 | 0 | >0 | 0 | 0 | 0 | 0 | 0 | 0 | 0 | 0 | 0 | 0 | 7 | 0 | 0 | 0 | 0 | 0 | -11< | 128 ]
[ -127 | -2 | 0 | 0 | 0 | 0 | 0 | 0 | 0 | >0 | 0 | 0 | 0 | 0 | 0 | 0 | 0 | 0 | 0 | 7 | 0 | 0 | 0 | 0 | 0 | -12< | 128 ]
[ -127 | -2 | 0 | 0 | 0 | 0 | 0 | 0 | 0 | >1 | 0 | 0 | 0 | 0 | 0 | 0 | 0 | 0 | 0 | 7 | 0 | 0 | 0 | 0 | 0 | -13< | 128 ]
[ -127 | -2 | 0 | 0 | 0 | 0 | 0 | 0 | 0 | >1 | 0 | 0 | 0 | 0 | 0 | 0 | 0 | 0 | 0 | 7 | 0 | 0 | 0 | 0 | 0 | -14< | 128 ]
[ -127 | -2 | 0 | 0 | 0 | 0 | 0 | 0 | 0 | >0 | 0 | 0 | 0 | 0 | 0 | 0 | 0 | 0 | 0 | 7 | 0 | 0 | 0 | 0 | 0 | -15< | 128 ]
[ -127 | -2 | 0 | 0 | 0 | 0 | 0 | 0 | 0 | 0 | >0 | 0 | 0 | 0 | 0 | 0 | 0 | 0 | 0 | 7 | 0 | 0 | 0 | 0 | 0 | -16< | 128 ]
[ -127 | -2 | 0 | 0 | 0 | 0 | 0 | 0 | 0 | 0 | >1 | 0 | 0 | 0 | 0 | 0 | 0 | 0 | 0 | 7 | 0 | 0 | 0 | 0 | 0 | -17< | 128 ]
[ -127 | -2 | 0 | 0 | 0 | 0 | 0 | 0 | 0 | 0 | >1 | 0 | 0 | 0 | 0 | 0 | 0 | 0 | 0 | 7 | 0 | 0 | 0 | 0 | 0 | -18< | 128 ]
[ -127 | -2 | 0 | 0 | 0 | 0 | 0 | 0 | 0 | 0 | >0 | 0 | 0 | 0 | 0 | 0 | 0 | 0 | 0 | 7 | 0 | 0 | 0 | 0 | 0< | -18 | 128 ]
[ -127 | -2 | 0 | 0 | 0 | 0 | 0 | 0 | 0 | 0 | 0 | >0 | 0 | 0 | 0 | 0 | 0 | 0 | 0 | 7 | 0 | 0 | 0 | 0< | 0 | -18 | 128 ]
[ -127 | -2 | 0 | 0 | 0 | 0 | 0 | 0 | 0 | 0 | 0 | >1 | 0 | 0 | 0 | 0 | 0 | 0 | 0 | 7 | 0 | 0 | 0< | 0 | 0 | -18 | 128 ]
[ -127 | -2 | 0 | 0 | 0 | 0 | 0 | 0 | 0 | 0 | 0 | >1 | 0 | 0 | 0 | 0 | 0 | 0 | 0 | 7 | 0 | 0 | 1< | 0 | 0 | -18 | 128 ]
[ -127 | -2 | 0 | 0 | 0 | 0 | 0 | 0 | 0 | 0 | 0 | >0 | 0 | 0 | 0 | 0 | 0 | 0 | 0 | 7 | 0 | 0 | 2< | 0 | 0 | -18 | 128 ]
[ -127 | -2 | 0 | 0 | 0 | 0 | 0 | 0 | 0 | 0 | 0 | 0 | >0 | 0 | 0 | 0 | 0 | 0 | 0 | 7 | 0 | 0 | 3< | 0 | 0 | -18 | 128 ]
[ -127 | -2 | 0 | 0 | 0 | 0 | 0 | 0 | 0 | 0 | 0 | 0 | >1 | 0 | 0 | 0 | 0 | 0 | 0 | 7 | 0 | 0 | 4< | 0 | 0 | -18 | 128 ]
[ -127 | -2 | 0 | 0 | 0 | 0 | 0 | 0 | 0 | 0 | 0 | 0 | >1 | 0 | 0 | 0 | 0 | 0 | 0 | 7 | 0 | 0 | 5< | 0 | 0 | -18 | 128 ]
[ -127 | -2 | 0 | 0 | 0 | 0 | 0 | 0 | 0 | 0 | 0 | 0 | >0 | 0 | 0 | 0 | 0 | 0 | 0 | 7 | 0 | 0 | 6< | 0 | 0 | -18 | 128 ]
[ -127 | -2 | 0 | 0 | 0 | 0 | 0 | 0 | 0 | 0 | 0 | 0 | 0 | >0 | 0 | 0 | 0 | 0 | 0 | 7 | 0 | 0 | 7< | 0 | 0 | -18 | 128 ]
[ -127 | -2 | 0 | 0 | 0 | 0 | 0 | 0 | 0 | 0 | 0 | 0 | 0 | >1 | 0 | 0 | 0 | 0 | 0 | 7 | 0 | 0 | 8< | 0 | 0 | -18 | 128 ]
[ -127 | -2 | 0 | 0 | 0 | 0 | 0 | 0 | 0 | 0 | 0 | 0 | 0 | >1 | 0 | 0 | 0 | 0 | 0 | 7 | 0 | 0 | 9< | 0 | 0 | -18 | 128 ]
[ -127 | -2 | 0 | 0 | 0 | 0 | 0 | 0 | 0 | 0 | 0 | 0 | 0 | >0 | 0 | 0 | 0 | 0 | 0 | 7 | 0 | 0 | 10< | 0 | 0 | -18 | 128 ]
[ -127 | -2 | 0 | 0 | 0 | 0 | 0 | 0 | 0 | 0 | 0 | 0 | 0 | 0 | >0 | 0 | 0 | 0 | 0 | 7 | 0 | 0 | 11< | 0 | 0 | -18 | 128 ]
[ -127 | -2 | 0 | 0 | 0 | 0 | 0 | 0 | 0 | 0 | 0 | 0 | 0 | 0 | >1 | 0 | 0 | 0 | 0 | 7 | 0 | 0 | 12< | 0 | 0 | -18 | 128 ]
[ -127 | -2 | 0 | 0 | 0 | 0 | 0 | 0 | 0 | 0 | 0 | 0 | 0 | 0 | >1 | 0 | 0 | 0 | 0 | 7 | 0 | 0 | 13< | 0 | 0 | -18 | 128 ]
[ -127 | -2 | 0 | 0 | 0 | 0 | 0 | 0 | 0 | 0 | 0 | 0 | 0 | 0 | >0 | 0 | 0 | 0 | 0 | 7 | 0 | 0 | 14< | 0 | 0 | -18 | 128 ]
[ -127 | -2 | 0 | 0 | 0 | 0 | 0 | 0 | 0 | 0 | 0 | 0 | 0 | 0 | 0 | >0 | 0 | 0 | 0 | 7 | 0 | 0 | 15< | 0 | 0 | -18 | 128 ]
[ -127 | -2 | 0 | 0 | 0 | 0 | 0 | 0 | 0 | 0 | 0 | 0 | 0 | 0 | 0 | >1 | 0 | 0 | 0 | 7 | 0 | 0 | 16< | 0 | 0 | -18 | 128 ]
[ -127 | -2 | 0 | 0 | 0 | 0 | 0 | 0 | 0 | 0 | 0 | 0 | 0 | 0 | 0 | >1 | 0 | 0 | 0 | 7 | 0 | 0 | 17< | 0 | 0 | -18 | 128 ]
[ -127 | -2 | 0 | 0 | 0 | 0 | 0 | 0 | 0 | 0 | 0 | 0 | 0 | 0 | 0 | >0 | 0 | 0 | 0 | 7 | 0 | 0 | 18< | 0 | 0 | -18 | 128 ]
[ -127 | -2 | 0 | 0 | 0 | 0 | 0 | 0 | 0 | 0 | 0 | 0 | 0 | 0 | 0 | 0 | >0 | 0 | 0 | 7 | 0 | 0 | 19< | 0 | 0 | -18 | 128 ]
[ -127 | -2 | 0 | 0 | 0 | 0 | 0 | 0 | 0 | 0 | 0 | 0 | 0 | 0 | 0 | 0 | >1 | 0 | 0 | 7 | 0 | 0 | 20< | 0 | 0 | -18 | 128 ]
[ -127 | -2 | 0 | 0 | 0 | 0 | 0 | 0 | 0 | 0 | 0 | 0 | 0 | 0 | 0 | 0 | >1 | 0 | 0 | 7 | 0 | 0 | 21< | 0 | 0 | -18 | 128 ]
[ -127 | -2 | 0 | 0 | 0 | 0 | 0 | 0 | 0 | 0 | 0 | 0 | 0 | 0 | 0 | 0 | >0 | 0 | 0 | 7 | 0 | 0 | 22< | 0 | 0 | -18 | 128 ]
[ -127 | -2 | 0 | 0 | 0 | 0 | 0 | 0 | 0 | 0 | 0 | 0 | 0 | 0 | 0 | 0 | 0 | >0 | 0 | 7 | 0 | 0 | 23< | 0 | 0 | -18 | 128 ]
[ -127 | -2 | 0 | 0 | 0 | 0 | 0 | 0 | 0 | 0 | 0 | 0 | 0 | 0 | 0 | 0 | 0 | >1 | 0 | 7 | 0 | 0 | 24< | 0 | 0 | -18 | 128 ]
[ -127 | -2 | 0 | 0 | 0 | 0 | 0 | 0 | 0 | 0 | 0 | 0 | 0 | 0 | 0 | 0 | 0 | >1 | 0 | 7 | 0 | 0 | 25< | 0 | 0 | -18 | 128 ]
[ -127 | -2 | 0 | 0 | 0 | 0 | 0 | 0 | 0 | 0 | 0 | 0 | 0 | 0 | 0 | 0 | 0 | >0 | 0 | 7 | 0 | 0 | 26< | 0 | 0 | -18 | 128 ]
[ -127 | -2 | 0 | 0 | 0 | 0 | 0 | 0 | 0 | 0 | 0 | 0 | 0 | 0 | 0 | 0 | 0 | 0 | >0 | 7 | 0 | 0 | 27< | 0 | 0 | -18 | 128 ]
[ -127 | -2 | 0 | 0 | 0 | 0 | 0 | 0 | 0 | 0 | 0 | 0 | 0 | 0 | 0 | 0 | 0 | 0 | >1 | 7 | 0 | 0 | 28< | 0 | 0 | -18 | 128 ]
[ -127 | -2 | 0 | 0 | 0 | 0 | 0 | 0 | 0 | 0 | 0 | 0 | 0 | 0 | 0 | 0 | 0 | 0 | >1 | 7 | 0 | 0 | 29< | 0 | 0 | -18 | 128 ]
[ -127 | -2 | 0 | 0 | 0 | 0 | 0 | 0 | 0 | 0 | 0 | 0 | 0 | 0 | 0 | 0 | 0 | 0 | >0 | 7 | 0 | 0 | 30< | 0 | 0 | -18 | 128 ]
[ -127 | -2 | 0 | 0 | 0 | 0 | 0 | 0 | 0 | 0 | 0 | 0 | 0 | 0 | 0 | 0 | 0 | 0 | 0 | >7 | 0 | 0 | 31< | 0 | 0 | -18 | 128 ]
[ -127 | -2 | 0 | 0 | 0 | 0 | 0 | 0 | 0 | 0 | 0 | 0 | 0 | 0 | 0 | 0 | 0 | 0 | 0 | >8 | 0 | 0 | 32< | 0 | 0 | -18 | 128 ]
[ -127 | -2 | 0 | 0 | 0 | 0 | 0 | 0 | 0 | 0 | 0 | 0 | 0 | 0 | 0 | 0 | 0 | 0 | 0 | >8 | 0 | 0 | 33< | 0 | 0 | -18 | 128 ]
[ -127 | -2 | 0 | 0 | 0 | 0 | 0 | 0 | 0 | 0 | 0 | 0 | 0 | 0 | 0 | 0 | 0 | 0 | 0 | >7 | 0 | 0 | 34< | 0 | 0 | -18 | 128 ]
[ -127 | -2 | 0 | 0 | 0 | 0 | 0 | 0 | 0 | 0 | 0 | 0 | 0 | 0 | 0 | 0 | 0 | 0 | 0 | 7 | >0 | 0 | 35< | 0 | 0 | -18 | 128 ]
[ -127 | -2 | 0 | 0 | 0 | 0 | 0 | 0 | 0 | 0 | 0 | 0 | 0 | 0 | 0 | 0 | 0 | 0 | 0 | 7 | >1 | 0 | 36< | 0 | 0 | -18 | 128 ]
[ -127 | -2 | 0 | 0 | 0 | 0 | 0 | 0 | 0 | 0 | 0 | 0 | 0 | 0 | 0 | 0 | 0 | 0 | 0 | 7 | >1 | 0 | 37< | 0 | 0 | -18 | 128 ]
[ -127 | -2 | 0 | 0 | 0 | 0 | 0 | 0 | 0 | 0 | 0 | 0 | 0 | 0 | 0 | 0 | 0 | 0 | 0 | 7 | >0 | 0 | 38< | 0 | 0 | -18 | 128 ]
[ -127 | -2 | 0 | 0 | 0 | 0 | 0 | 0 | 0 | 0 | 0 | 0 | 0 | 0 | 0 | 0 | 0 | 0 | 0 | 7 | 0 | >0 | 39< | 0 | 0 | -18 | 128 ]
[ -127 | -2 | 0 | 0 | 0 | 0 | 0 | 0 | 0 | 0 | 0 | 0 | 0 | 0 | 0 | 0 | 0 | 0 | 0 | 7 | 0 | >1 | 40< | 0 | 0 | -18 | 128 ]
[ -127 | -2 | 0 | 0 | 0 | 0 | 0 | 0 | 0 | 0 | 0 | 0 | 0 | 0 | 0 | 0 | 0 | 0 | 0 | 7 | 0 | >1 | 41< | 0 | 0 | -18 | 128 ]
[ -127 | -2 | 0 | 0 | 0 | 0 | 0 | 0 | 0 | 0 | 0 | 0 | 0 | 0 | 0 | 0 | 0 | 0 | 0 | 7 | 0 | >0 | 42< | 0 | 0 | -18 | 128 ]
[ -127 | -2 | 0 | 0 | 0 | 0 | 0 | 0 | 0 | 0 | 0 | 0 | 0 | 0 | 0 | 0 | 0 | 0 | 0 | 7 | 0 | 0 | >43< | 0 | 0 | -18 | 128 ]
[ -127 | -2 | 0 | 0 | 0 | 0 | 0 | 0 | 0 | 0 | 0 | 0 | 0 | 0 | 0 | 0 | 0 | 0 | 0 | 7 | 0 | 0 | >45< | 0 | 0 | -18 | 128 ]
[ -127 | -2 | 0 | 0 | 0 | 0 | 0 | 0 | 0 | 0 | 0 | 0 | 0 | 0 | 0 | 0 | 0 | 0 | 0 | 7 | 0 | 0 | >46< | 0 | 0 | -18 | 128 ]
[ -127 | -2 | 0 | 0 | 0 | 0 | 0 | 0 | 0 | 0 | 0 | 0 | 0 | 0 | 0 | 0 | 0 | 0 | 0 | 7 | 0 | 0 | >46< | 0 | 0 | -18 | 128 ]
[ -127 | -2 | 0 | 0 | 0 | 0 | 0 | 0 | 0 | 0 | 0 | 0 | 0 | 0 | 0 | 0 | 0 | 0 | 0 | 7 | 0 | 0< | 46 | >0 | 0 | -18 | 128 ]
[ -127 | -2 | 0 | 0 | 0 | 0 | 0 | 0 | 0 | 0 | 0 | 0 | 0 | 0 | 0 | 0 | 0 | 0 | 0 | 7 | 0 | -1< | 46 | >1 | 0 | -18 | 128 ]
[ -127 | -2 | 0 | 0 | 0 | 0 | 0 | 0 | 0 | 0 | 0 | 0 | 0 | 0 | 0 | 0 | 0 | 0 | 0 | 7 | 0 | -2< | 46 | >1 | 0 | -18 | 128 ]
[ -127 | -2 | 0 | 0 | 0 | 0 | 0 | 0 | 0 | 0 | 0 | 0 | 0 | 0 | 0 | 0 | 0 | 0 | 0 | 7 | 0 | -3< | 46 | >0 | 0 | -18 | 128 ]
[ -127 | -2 | 0 | 0 | 0 | 0 | 0 | 0 | 0 | 0 | 0 | 0 | 0 | 0 | 0 | 0 | 0 | 0 | 0 | 7 | 0 | -4< | 46 | 0 | >0 | -18 | 128 ]
[ -127 | -2 | 0 | 0 | 0 | 0 | 0 | 0 | 0 | 0 | 0 | 0 | 0 | 0 | 0 | 0 | 0 | 0 | 0 | 7 | 0 | -5< | 46 | 0 | >1 | -18 | 128 ]
[ -127 | -2 | 0 | 0 | 0 | 0 | 0 | 0 | 0 | 0 | 0 | 0 | 0 | 0 | 0 | 0 | 0 | 0 | 0 | 7 | 0 | -6< | 46 | 0 | >1 | -18 | 128 ]
[ -127 | -2 | 0 | 0 | 0 | 0 | 0 | 0 | 0 | 0 | 0 | 0 | 0 | 0 | 0 | 0 | 0 | 0 | 0 | 7 | 0 | -7< | 46 | 0 | >0 | -18 | 128 ]
[ -127 | -2 | 0 | 0 | 0 | 0 | 0 | 0 | 0 | 0 | 0 | 0 | 0 | 0 | 0 | 0 | 0 | 0 | 0 | 7 | 0 | -8< | 46 | 0 | 0 | >-18 | 128 ]
[ -127 | -2 | 0 | 0 | 0 | 0 | 0 | 0 | 0 | 0 | 0 | 0 | 0 | 0 | 0 | 0 | 0 | 0 | 0 | 7 | 0 | -9< | 46 | 0 | 0 | >-17 | 128 ]
[ -127 | -2 | 0 | 0 | 0 | 0 | 0 | 0 | 0 | 0 | 0 | 0 | 0 | 0 | 0 | 0 | 0 | 0 | 0 | 7 | 0 | -10< | 46 | 0 | 0 | >-17 | 128 ]
[ -127 | -2 | 0 | 0 | 0 | 0 | 0 | 0 | 0 | 0 | 0 | 0 | 0 | 0 | 0 | 0 | 0 | 0 | 0 | 7 | 0 | -11< | 46 | 0 | 0 | >-18 | 128 ]
[ -127 | -2 | 0 | 0 | 0 | 0 | 0 | 0 | 0 | 0 | 0 | 0 | 0 | 0 | 0 | 0 | 0 | 0 | 0 | 7 | 0 | -12< | 46 | 0 | 0 | -18 | >128 ]
[ -127 | -2 | 0 | 0 | 0 | 0 | 0 | 0 | 0 | 0 | 0 | 0 | 0 | 0 | 0 | 0 | 0 | 0 | 0 | 7 | 0 | -13< | 46 | 0 | 0 | -18 | >-127 ]
[ -127 | -2 | 0 | 0 | 0 | 0 | 0 | 0 | 0 | 0 | 0 | 0 | 0 | 0 | 0 | 0 | 0 | 0 | 0 | 7 | 0 | -14< | 46 | 0 | 0 | -18 | >-127 ]
[ -127 | -2 | 0 | 0 | 0 | 0 | 0 | 0 | 0 | 0 | 0 | 0 | 0 | 0 | 0 | 0 | 0 | 0 | 0 | 7 | 0 | -15< | 46 | 0 | 0 | -18 | >128 ]
[ >-127 | -2 | 0 | 0 | 0 | 0 | 0 | 0 | 0 | 0 | 0 | 0 | 0 | 0 | 0 | 0 | 0 | 0 | 0 | 7 | 0 | -16< | 46 | 0 | 0 | -18 | 128 ]

===== EndTitled won the battle after 108 cycles =====



===== Starting battle of <MetaJSRandomBot> vs <EndTitled> with memory tape size: 19 =====

[ >128 | 0 | 0 | 0 | 0 | 0 | 0 | 0 | 0 | 0 | 0 | 0 | 0 | 0 | 0 | 0 | 0 | 0 | 128< ]
[ >-127 | 0 | 0 | 0 | 0 | 0 | 0 | 0 | 0 | 0 | 0 | 0 | 0 | 0 | 0 | 0 | 0 | 0 | 128< ]
[ >-127 | 0 | 0 | 0 | 0 | 0 | 0 | 0 | 0 | 0 | 0 | 0 | 0 | 0 | 0 | 0 | 0 | 0 | 128< ]
[ >-127 | 0 | 0 | 0 | 0 | 0 | 0 | 0 | 0 | 0 | 0 | 0 | 0 | 0 | 0 | 0 | 0 | 0< | 128 ]
[ -127 | >0 | 0 | 0 | 0 | 0 | 0 | 0 | 0 | 0 | 0 | 0 | 0 | 0 | 0 | 0 | 0< | 0 | 128 ]
[ -127 | >-1 | 0 | 0 | 0 | 0 | 0 | 0 | 0 | 0 | 0 | 0 | 0 | 0 | 0 | 0< | 0 | 0 | 128 ]
[ -127 | >-1 | 0 | 0 | 0 | 0 | 0 | 0 | 0 | 0 | 0 | 0 | 0 | 0 | 0< | 0 | 0 | 0 | 128 ]
[ -127 | >-2 | 0 | 0 | 0 | 0 | 0 | 0 | 0 | 0 | 0 | 0 | 0 | 0< | 0 | 0 | 0 | 0 | 128 ]
[ -127 | -2 | >0 | 0 | 0 | 0 | 0 | 0 | 0 | 0 | 0 | 0 | 0< | 0 | 0 | 0 | 0 | 0 | 128 ]
[ -127 | -2 | >1 | 0 | 0 | 0 | 0 | 0 | 0 | 0 | 0 | 0< | 0 | 0 | 0 | 0 | 0 | 0 | 128 ]
[ -127 | -2 | >1 | 0 | 0 | 0 | 0 | 0 | 0 | 0 | 0 | 1< | 0 | 0 | 0 | 0 | 0 | 0 | 128 ]
[ -127 | -2 | >0 | 0 | 0 | 0 | 0 | 0 | 0 | 0 | 0 | 2< | 0 | 0 | 0 | 0 | 0 | 0 | 128 ]
[ -127 | -2 | 0 | >0 | 0 | 0 | 0 | 0 | 0 | 0 | 0 | 3< | 0 | 0 | 0 | 0 | 0 | 0 | 128 ]
[ -127 | -2 | 0 | >1 | 0 | 0 | 0 | 0 | 0 | 0 | 0 | 4< | 0 | 0 | 0 | 0 | 0 | 0 | 128 ]
[ -127 | -2 | 0 | >1 | 0 | 0 | 0 | 0 | 0 | 0 | 0 | 5< | 0 | 0 | 0 | 0 | 0 | 0 | 128 ]
[ -127 | -2 | 0 | >0 | 0 | 0 | 0 | 0 | 0 | 0 | 0 | 6< | 0 | 0 | 0 | 0 | 0 | 0 | 128 ]
[ -127 | -2 | 0 | 0 | >0 | 0 | 0 | 0 | 0 | 0 | 0 | 7< | 0 | 0 | 0 | 0 | 0 | 0 | 128 ]
[ -127 | -2 | 0 | 0 | >1 | 0 | 0 | 0 | 0 | 0 | 0 | 7 | 0< | 0 | 0 | 0 | 0 | 0 | 128 ]
[ -127 | -2 | 0 | 0 | >1 | 0 | 0 | 0 | 0 | 0 | 0 | 7 | 0 | 0< | 0 | 0 | 0 | 0 | 128 ]
[ -127 | -2 | 0 | 0 | >0 | 0 | 0 | 0 | 0 | 0 | 0 | 7 | 0 | 0 | 0< | 0 | 0 | 0 | 128 ]
[ -127 | -2 | 0 | 0 | 0 | >0 | 0 | 0 | 0 | 0 | 0 | 7 | 0 | 0 | 0 | 0< | 0 | 0 | 128 ]
[ -127 | -2 | 0 | 0 | 0 | >1 | 0 | 0 | 0 | 0 | 0 | 7 | 0 | 0 | 0 | 0 | 0< | 0 | 128 ]
[ -127 | -2 | 0 | 0 | 0 | >1 | 0 | 0 | 0 | 0 | 0 | 7 | 0 | 0 | 0 | 0 | 0 | 0< | 128 ]
[ -127 | -2 | 0 | 0 | 0 | >0 | 0 | 0 | 0 | 0 | 0 | 7 | 0 | 0 | 0 | 0 | 0 | 0 | 128< ]
[ -127 | -2 | 0 | 0 | 0 | 0 | >0 | 0 | 0 | 0 | 0 | 7 | 0 | 0 | 0 | 0 | 0 | 0< | 128 ]
[ -127 | -2 | 0 | 0 | 0 | 0 | >1 | 0 | 0 | 0 | 0 | 7 | 0 | 0 | 0 | 0 | 0 | -1< | 128 ]
[ -127 | -2 | 0 | 0 | 0 | 0 | >1 | 0 | 0 | 0 | 0 | 7 | 0 | 0 | 0 | 0 | 0 | -2< | 128 ]
[ -127 | -2 | 0 | 0 | 0 | 0 | >0 | 0 | 0 | 0 | 0 | 7 | 0 | 0 | 0 | 0 | 0 | -3< | 128 ]
[ -127 | -2 | 0 | 0 | 0 | 0 | 0 | >0 | 0 | 0 | 0 | 7 | 0 | 0 | 0 | 0 | 0 | -4< | 128 ]
[ -127 | -2 | 0 | 0 | 0 | 0 | 0 | >1 | 0 | 0 | 0 | 7 | 0 | 0 | 0 | 0 | 0 | -5< | 128 ]
[ -127 | -2 | 0 | 0 | 0 | 0 | 0 | >1 | 0 | 0 | 0 | 7 | 0 | 0 | 0 | 0 | 0 | -6< | 128 ]
[ -127 | -2 | 0 | 0 | 0 | 0 | 0 | >0 | 0 | 0 | 0 | 7 | 0 | 0 | 0 | 0 | 0 | -7< | 128 ]
[ -127 | -2 | 0 | 0 | 0 | 0 | 0 | 0 | >0 | 0 | 0 | 7 | 0 | 0 | 0 | 0 | 0 | -8< | 128 ]
[ -127 | -2 | 0 | 0 | 0 | 0 | 0 | 0 | >1 | 0 | 0 | 7 | 0 | 0 | 0 | 0 | 0 | -9< | 128 ]
[ -127 | -2 | 0 | 0 | 0 | 0 | 0 | 0 | >1 | 0 | 0 | 7 | 0 | 0 | 0 | 0 | 0 | -10< | 128 ]
[ -127 | -2 | 0 | 0 | 0 | 0 | 0 | 0 | >0 | 0 | 0 | 7 | 0 | 0 | 0 | 0 | 0 | -11< | 128 ]
[ -127 | -2 | 0 | 0 | 0 | 0 | 0 | 0 | 0 | >0 | 0 | 7 | 0 | 0 | 0 | 0 | 0 | -12< | 128 ]
[ -127 | -2 | 0 | 0 | 0 | 0 | 0 | 0 | 0 | >1 | 0 | 7 | 0 | 0 | 0 | 0 | 0 | -13< | 128 ]
[ -127 | -2 | 0 | 0 | 0 | 0 | 0 | 0 | 0 | >1 | 0 | 7 | 0 | 0 | 0 | 0 | 0 | -14< | 128 ]
[ -127 | -2 | 0 | 0 | 0 | 0 | 0 | 0 | 0 | >0 | 0 | 7 | 0 | 0 | 0 | 0 | 0 | -15< | 128 ]
[ -127 | -2 | 0 | 0 | 0 | 0 | 0 | 0 | 0 | 0 | >0 | 7 | 0 | 0 | 0 | 0 | 0 | -16< | 128 ]
[ -127 | -2 | 0 | 0 | 0 | 0 | 0 | 0 | 0 | 0 | >1 | 7 | 0 | 0 | 0 | 0 | 0 | -17< | 128 ]
[ -127 | -2 | 0 | 0 | 0 | 0 | 0 | 0 | 0 | 0 | >1 | 7 | 0 | 0 | 0 | 0 | 0 | -18< | 128 ]
[ -127 | -2 | 0 | 0 | 0 | 0 | 0 | 0 | 0 | 0 | >0 | 7 | 0 | 0 | 0 | 0 | 0< | -18 | 128 ]
[ -127 | -2 | 0 | 0 | 0 | 0 | 0 | 0 | 0 | 0 | 0 | >7 | 0 | 0 | 0 | 0< | 0 | -18 | 128 ]
[ -127 | -2 | 0 | 0 | 0 | 0 | 0 | 0 | 0 | 0 | 0 | >8 | 0 | 0 | 0< | 0 | 0 | -18 | 128 ]
[ -127 | -2 | 0 | 0 | 0 | 0 | 0 | 0 | 0 | 0 | 0 | >8 | 0 | 0 | 1< | 0 | 0 | -18 | 128 ]
[ -127 | -2 | 0 | 0 | 0 | 0 | 0 | 0 | 0 | 0 | 0 | >7 | 0 | 0 | 2< | 0 | 0 | -18 | 128 ]
[ -127 | -2 | 0 | 0 | 0 | 0 | 0 | 0 | 0 | 0 | 0 | 7 | >0 | 0 | 3< | 0 | 0 | -18 | 128 ]
[ -127 | -2 | 0 | 0 | 0 | 0 | 0 | 0 | 0 | 0 | 0 | 7 | >1 | 0 | 4< | 0 | 0 | -18 | 128 ]
[ -127 | -2 | 0 | 0 | 0 | 0 | 0 | 0 | 0 | 0 | 0 | 7 | >1 | 0 | 5< | 0 | 0 | -18 | 128 ]
[ -127 | -2 | 0 | 0 | 0 | 0 | 0 | 0 | 0 | 0 | 0 | 7 | >0 | 0 | 6< | 0 | 0 | -18 | 128 ]
[ -127 | -2 | 0 | 0 | 0 | 0 | 0 | 0 | 0 | 0 | 0 | 7 | 0 | >0 | 7< | 0 | 0 | -18 | 128 ]
[ -127 | -2 | 0 | 0 | 0 | 0 | 0 | 0 | 0 | 0 | 0 | 7 | 0 | >1 | 8< | 0 | 0 | -18 | 128 ]
[ -127 | -2 | 0 | 0 | 0 | 0 | 0 | 0 | 0 | 0 | 0 | 7 | 0 | >1 | 9< | 0 | 0 | -18 | 128 ]
[ -127 | -2 | 0 | 0 | 0 | 0 | 0 | 0 | 0 | 0 | 0 | 7 | 0 | >0 | 10< | 0 | 0 | -18 | 128 ]
[ -127 | -2 | 0 | 0 | 0 | 0 | 0 | 0 | 0 | 0 | 0 | 7 | 0 | 0 | >11< | 0 | 0 | -18 | 128 ]
[ -127 | -2 | 0 | 0 | 0 | 0 | 0 | 0 | 0 | 0 | 0 | 7 | 0 | 0 | >13< | 0 | 0 | -18 | 128 ]
[ -127 | -2 | 0 | 0 | 0 | 0 | 0 | 0 | 0 | 0 | 0 | 7 | 0 | 0 | >14< | 0 | 0 | -18 | 128 ]
[ -127 | -2 | 0 | 0 | 0 | 0 | 0 | 0 | 0 | 0 | 0 | 7 | 0 | 0 | >14< | 0 | 0 | -18 | 128 ]
[ -127 | -2 | 0 | 0 | 0 | 0 | 0 | 0 | 0 | 0 | 0 | 7 | 0 | 0 | 15< | >0 | 0 | -18 | 128 ]
[ -127 | -2 | 0 | 0 | 0 | 0 | 0 | 0 | 0 | 0 | 0 | 7 | 0 | 0 | 16< | >1 | 0 | -18 | 128 ]
[ -127 | -2 | 0 | 0 | 0 | 0 | 0 | 0 | 0 | 0 | 0 | 7 | 0 | 0 | 17< | >1 | 0 | -18 | 128 ]
[ -127 | -2 | 0 | 0 | 0 | 0 | 0 | 0 | 0 | 0 | 0 | 7 | 0 | 0 | 18< | >0 | 0 | -18 | 128 ]
[ -127 | -2 | 0 | 0 | 0 | 0 | 0 | 0 | 0 | 0 | 0 | 7 | 0 | 0 | 19< | 0 | >0 | -18 | 128 ]
[ -127 | -2 | 0 | 0 | 0 | 0 | 0 | 0 | 0 | 0 | 0 | 7 | 0 | 0 | 20< | 0 | >1 | -18 | 128 ]
[ -127 | -2 | 0 | 0 | 0 | 0 | 0 | 0 | 0 | 0 | 0 | 7 | 0 | 0 | 21< | 0 | >1 | -18 | 128 ]
[ -127 | -2 | 0 | 0 | 0 | 0 | 0 | 0 | 0 | 0 | 0 | 7 | 0 | 0 | 22< | 0 | >0 | -18 | 128 ]
[ -127 | -2 | 0 | 0 | 0 | 0 | 0 | 0 | 0 | 0 | 0 | 7 | 0 | 0 | 23< | 0 | 0 | >-18 | 128 ]
[ -127 | -2 | 0 | 0 | 0 | 0 | 0 | 0 | 0 | 0 | 0 | 7 | 0 | 0 | 24< | 0 | 0 | >-17 | 128 ]
[ -127 | -2 | 0 | 0 | 0 | 0 | 0 | 0 | 0 | 0 | 0 | 7 | 0 | 0 | 25< | 0 | 0 | >-17 | 128 ]
[ -127 | -2 | 0 | 0 | 0 | 0 | 0 | 0 | 0 | 0 | 0 | 7 | 0 | 0 | 26< | 0 | 0 | >-18 | 128 ]
[ -127 | -2 | 0 | 0 | 0 | 0 | 0 | 0 | 0 | 0 | 0 | 7 | 0 | 0 | 27< | 0 | 0 | -18 | >128 ]
[ -127 | -2 | 0 | 0 | 0 | 0 | 0 | 0 | 0 | 0 | 0 | 7 | 0 | 0 | 28< | 0 | 0 | -18 | >-127 ]
[ -127 | -2 | 0 | 0 | 0 | 0 | 0 | 0 | 0 | 0 | 0 | 7 | 0 | 0 | 29< | 0 | 0 | -18 | >-127 ]
[ -127 | -2 | 0 | 0 | 0 | 0 | 0 | 0 | 0 | 0 | 0 | 7 | 0 | 0 | 30< | 0 | 0 | -18 | >128 ]
[ >-127 | -2 | 0 | 0 | 0 | 0 | 0 | 0 | 0 | 0 | 0 | 7 | 0 | 0 | 31< | 0 | 0 | -18 | 128 ]

===== EndTitled won the battle after 76 cycles =====



===== Starting battle of <MetaJSRandomBot> vs <EndTitled> with memory tape size: 26 =====

[ >128 | 0 | 0 | 0 | 0 | 0 | 0 | 0 | 0 | 0 | 0 | 0 | 0 | 0 | 0 | 0 | 0 | 0 | 0 | 0 | 0 | 0 | 0 | 0 | 0 | 128< ]
[ >-127 | 0 | 0 | 0 | 0 | 0 | 0 | 0 | 0 | 0 | 0 | 0 | 0 | 0 | 0 | 0 | 0 | 0 | 0 | 0 | 0 | 0 | 0 | 0 | 0 | 128< ]
[ >-127 | 0 | 0 | 0 | 0 | 0 | 0 | 0 | 0 | 0 | 0 | 0 | 0 | 0 | 0 | 0 | 0 | 0 | 0 | 0 | 0 | 0 | 0 | 0 | 0 | 128< ]
[ >-127 | 0 | 0 | 0 | 0 | 0 | 0 | 0 | 0 | 0 | 0 | 0 | 0 | 0 | 0 | 0 | 0 | 0 | 0 | 0 | 0 | 0 | 0 | 0 | 0< | 128 ]
[ -127 | >0 | 0 | 0 | 0 | 0 | 0 | 0 | 0 | 0 | 0 | 0 | 0 | 0 | 0 | 0 | 0 | 0 | 0 | 0 | 0 | 0 | 0 | 0< | 0 | 128 ]
[ -127 | >-1 | 0 | 0 | 0 | 0 | 0 | 0 | 0 | 0 | 0 | 0 | 0 | 0 | 0 | 0 | 0 | 0 | 0 | 0 | 0 | 0 | 0< | 0 | 0 | 128 ]
[ -127 | >-1 | 0 | 0 | 0 | 0 | 0 | 0 | 0 | 0 | 0 | 0 | 0 | 0 | 0 | 0 | 0 | 0 | 0 | 0 | 0 | 0< | 0 | 0 | 0 | 128 ]
[ -127 | >-2 | 0 | 0 | 0 | 0 | 0 | 0 | 0 | 0 | 0 | 0 | 0 | 0 | 0 | 0 | 0 | 0 | 0 | 0 | 0< | 0 | 0 | 0 | 0 | 128 ]
[ -127 | -2 | >0 | 0 | 0 | 0 | 0 | 0 | 0 | 0 | 0 | 0 | 0 | 0 | 0 | 0 | 0 | 0 | 0 | 0< | 0 | 0 | 0 | 0 | 0 | 128 ]
[ -127 | -2 | >1 | 0 | 0 | 0 | 0 | 0 | 0 | 0 | 0 | 0 | 0 | 0 | 0 | 0 | 0 | 0 | 0< | 0 | 0 | 0 | 0 | 0 | 0 | 128 ]
[ -127 | -2 | >1 | 0 | 0 | 0 | 0 | 0 | 0 | 0 | 0 | 0 | 0 | 0 | 0 | 0 | 0 | 0 | 1< | 0 | 0 | 0 | 0 | 0 | 0 | 128 ]
[ -127 | -2 | >0 | 0 | 0 | 0 | 0 | 0 | 0 | 0 | 0 | 0 | 0 | 0 | 0 | 0 | 0 | 0 | 2< | 0 | 0 | 0 | 0 | 0 | 0 | 128 ]
[ -127 | -2 | 0 | >0 | 0 | 0 | 0 | 0 | 0 | 0 | 0 | 0 | 0 | 0 | 0 | 0 | 0 | 0 | 3< | 0 | 0 | 0 | 0 | 0 | 0 | 128 ]
[ -127 | -2 | 0 | >1 | 0 | 0 | 0 | 0 | 0 | 0 | 0 | 0 | 0 | 0 | 0 | 0 | 0 | 0 | 4< | 0 | 0 | 0 | 0 | 0 | 0 | 128 ]
[ -127 | -2 | 0 | >1 | 0 | 0 | 0 | 0 | 0 | 0 | 0 | 0 | 0 | 0 | 0 | 0 | 0 | 0 | 5< | 0 | 0 | 0 | 0 | 0 | 0 | 128 ]
[ -127 | -2 | 0 | >0 | 0 | 0 | 0 | 0 | 0 | 0 | 0 | 0 | 0 | 0 | 0 | 0 | 0 | 0 | 6< | 0 | 0 | 0 | 0 | 0 | 0 | 128 ]
[ -127 | -2 | 0 | 0 | >0 | 0 | 0 | 0 | 0 | 0 | 0 | 0 | 0 | 0 | 0 | 0 | 0 | 0 | 7< | 0 | 0 | 0 | 0 | 0 | 0 | 128 ]
[ -127 | -2 | 0 | 0 | >1 | 0 | 0 | 0 | 0 | 0 | 0 | 0 | 0 | 0 | 0 | 0 | 0 | 0 | 7 | 0< | 0 | 0 | 0 | 0 | 0 | 128 ]
[ -127 | -2 | 0 | 0 | >1 | 0 | 0 | 0 | 0 | 0 | 0 | 0 | 0 | 0 | 0 | 0 | 0 | 0 | 7 | 0 | 0< | 0 | 0 | 0 | 0 | 128 ]
[ -127 | -2 | 0 | 0 | >0 | 0 | 0 | 0 | 0 | 0 | 0 | 0 | 0 | 0 | 0 | 0 | 0 | 0 | 7 | 0 | 0 | 0< | 0 | 0 | 0 | 128 ]
[ -127 | -2 | 0 | 0 | 0 | >0 | 0 | 0 | 0 | 0 | 0 | 0 | 0 | 0 | 0 | 0 | 0 | 0 | 7 | 0 | 0 | 0 | 0< | 0 | 0 | 128 ]
[ -127 | -2 | 0 | 0 | 0 | >1 | 0 | 0 | 0 | 0 | 0 | 0 | 0 | 0 | 0 | 0 | 0 | 0 | 7 | 0 | 0 | 0 | 0 | 0< | 0 | 128 ]
[ -127 | -2 | 0 | 0 | 0 | >1 | 0 | 0 | 0 | 0 | 0 | 0 | 0 | 0 | 0 | 0 | 0 | 0 | 7 | 0 | 0 | 0 | 0 | 0 | 0< | 128 ]
[ -127 | -2 | 0 | 0 | 0 | >0 | 0 | 0 | 0 | 0 | 0 | 0 | 0 | 0 | 0 | 0 | 0 | 0 | 7 | 0 | 0 | 0 | 0 | 0 | 0 | 128< ]
[ -127 | -2 | 0 | 0 | 0 | 0 | >0 | 0 | 0 | 0 | 0 | 0 | 0 | 0 | 0 | 0 | 0 | 0 | 7 | 0 | 0 | 0 | 0 | 0 | 0< | 128 ]
[ -127 | -2 | 0 | 0 | 0 | 0 | >1 | 0 | 0 | 0 | 0 | 0 | 0 | 0 | 0 | 0 | 0 | 0 | 7 | 0 | 0 | 0 | 0 | 0 | -1< | 128 ]
[ -127 | -2 | 0 | 0 | 0 | 0 | >1 | 0 | 0 | 0 | 0 | 0 | 0 | 0 | 0 | 0 | 0 | 0 | 7 | 0 | 0 | 0 | 0 | 0 | -2< | 128 ]
[ -127 | -2 | 0 | 0 | 0 | 0 | >0 | 0 | 0 | 0 | 0 | 0 | 0 | 0 | 0 | 0 | 0 | 0 | 7 | 0 | 0 | 0 | 0 | 0 | -3< | 128 ]
[ -127 | -2 | 0 | 0 | 0 | 0 | 0 | >0 | 0 | 0 | 0 | 0 | 0 | 0 | 0 | 0 | 0 | 0 | 7 | 0 | 0 | 0 | 0 | 0 | -4< | 128 ]
[ -127 | -2 | 0 | 0 | 0 | 0 | 0 | >1 | 0 | 0 | 0 | 0 | 0 | 0 | 0 | 0 | 0 | 0 | 7 | 0 | 0 | 0 | 0 | 0 | -5< | 128 ]
[ -127 | -2 | 0 | 0 | 0 | 0 | 0 | >1 | 0 | 0 | 0 | 0 | 0 | 0 | 0 | 0 | 0 | 0 | 7 | 0 | 0 | 0 | 0 | 0 | -6< | 128 ]
[ -127 | -2 | 0 | 0 | 0 | 0 | 0 | >0 | 0 | 0 | 0 | 0 | 0 | 0 | 0 | 0 | 0 | 0 | 7 | 0 | 0 | 0 | 0 | 0 | -7< | 128 ]
[ -127 | -2 | 0 | 0 | 0 | 0 | 0 | 0 | >0 | 0 | 0 | 0 | 0 | 0 | 0 | 0 | 0 | 0 | 7 | 0 | 0 | 0 | 0 | 0 | -8< | 128 ]
[ -127 | -2 | 0 | 0 | 0 | 0 | 0 | 0 | >1 | 0 | 0 | 0 | 0 | 0 | 0 | 0 | 0 | 0 | 7 | 0 | 0 | 0 | 0 | 0 | -9< | 128 ]
[ -127 | -2 | 0 | 0 | 0 | 0 | 0 | 0 | >1 | 0 | 0 | 0 | 0 | 0 | 0 | 0 | 0 | 0 | 7 | 0 | 0 | 0 | 0 | 0 | -10< | 128 ]
[ -127 | -2 | 0 | 0 | 0 | 0 | 0 | 0 | >0 | 0 | 0 | 0 | 0 | 0 | 0 | 0 | 0 | 0 | 7 | 0 | 0 | 0 | 0 | 0 | -11< | 128 ]
[ -127 | -2 | 0 | 0 | 0 | 0 | 0 | 0 | 0 | >0 | 0 | 0 | 0 | 0 | 0 | 0 | 0 | 0 | 7 | 0 | 0 | 0 | 0 | 0 | -12< | 128 ]
[ -127 | -2 | 0 | 0 | 0 | 0 | 0 | 0 | 0 | >1 | 0 | 0 | 0 | 0 | 0 | 0 | 0 | 0 | 7 | 0 | 0 | 0 | 0 | 0 | -13< | 128 ]
[ -127 | -2 | 0 | 0 | 0 | 0 | 0 | 0 | 0 | >1 | 0 | 0 | 0 | 0 | 0 | 0 | 0 | 0 | 7 | 0 | 0 | 0 | 0 | 0 | -14< | 128 ]
[ -127 | -2 | 0 | 0 | 0 | 0 | 0 | 0 | 0 | >0 | 0 | 0 | 0 | 0 | 0 | 0 | 0 | 0 | 7 | 0 | 0 | 0 | 0 | 0 | -15< | 128 ]
[ -127 | -2 | 0 | 0 | 0 | 0 | 0 | 0 | 0 | 0 | >0 | 0 | 0 | 0 | 0 | 0 | 0 | 0 | 7 | 0 | 0 | 0 | 0 | 0 | -16< | 128 ]
[ -127 | -2 | 0 | 0 | 0 | 0 | 0 | 0 | 0 | 0 | >1 | 0 | 0 | 0 | 0 | 0 | 0 | 0 | 7 | 0 | 0 | 0 | 0 | 0 | -17< | 128 ]
[ -127 | -2 | 0 | 0 | 0 | 0 | 0 | 0 | 0 | 0 | >1 | 0 | 0 | 0 | 0 | 0 | 0 | 0 | 7 | 0 | 0 | 0 | 0 | 0 | -18< | 128 ]
[ -127 | -2 | 0 | 0 | 0 | 0 | 0 | 0 | 0 | 0 | >0 | 0 | 0 | 0 | 0 | 0 | 0 | 0 | 7 | 0 | 0 | 0 | 0 | 0< | -18 | 128 ]
[ -127 | -2 | 0 | 0 | 0 | 0 | 0 | 0 | 0 | 0 | 0 | >0 | 0 | 0 | 0 | 0 | 0 | 0 | 7 | 0 | 0 | 0 | 0< | 0 | -18 | 128 ]
[ -127 | -2 | 0 | 0 | 0 | 0 | 0 | 0 | 0 | 0 | 0 | >1 | 0 | 0 | 0 | 0 | 0 | 0 | 7 | 0 | 0 | 0< | 0 | 0 | -18 | 128 ]
[ -127 | -2 | 0 | 0 | 0 | 0 | 0 | 0 | 0 | 0 | 0 | >1 | 0 | 0 | 0 | 0 | 0 | 0 | 7 | 0 | 0 | 1< | 0 | 0 | -18 | 128 ]
[ -127 | -2 | 0 | 0 | 0 | 0 | 0 | 0 | 0 | 0 | 0 | >0 | 0 | 0 | 0 | 0 | 0 | 0 | 7 | 0 | 0 | 2< | 0 | 0 | -18 | 128 ]
[ -127 | -2 | 0 | 0 | 0 | 0 | 0 | 0 | 0 | 0 | 0 | 0 | >0 | 0 | 0 | 0 | 0 | 0 | 7 | 0 | 0 | 3< | 0 | 0 | -18 | 128 ]
[ -127 | -2 | 0 | 0 | 0 | 0 | 0 | 0 | 0 | 0 | 0 | 0 | >1 | 0 | 0 | 0 | 0 | 0 | 7 | 0 | 0 | 4< | 0 | 0 | -18 | 128 ]
[ -127 | -2 | 0 | 0 | 0 | 0 | 0 | 0 | 0 | 0 | 0 | 0 | >1 | 0 | 0 | 0 | 0 | 0 | 7 | 0 | 0 | 5< | 0 | 0 | -18 | 128 ]
[ -127 | -2 | 0 | 0 | 0 | 0 | 0 | 0 | 0 | 0 | 0 | 0 | >0 | 0 | 0 | 0 | 0 | 0 | 7 | 0 | 0 | 6< | 0 | 0 | -18 | 128 ]
[ -127 | -2 | 0 | 0 | 0 | 0 | 0 | 0 | 0 | 0 | 0 | 0 | 0 | >0 | 0 | 0 | 0 | 0 | 7 | 0 | 0 | 7< | 0 | 0 | -18 | 128 ]
[ -127 | -2 | 0 | 0 | 0 | 0 | 0 | 0 | 0 | 0 | 0 | 0 | 0 | >1 | 0 | 0 | 0 | 0 | 7 | 0 | 0 | 8< | 0 | 0 | -18 | 128 ]
[ -127 | -2 | 0 | 0 | 0 | 0 | 0 | 0 | 0 | 0 | 0 | 0 | 0 | >1 | 0 | 0 | 0 | 0 | 7 | 0 | 0 | 9< | 0 | 0 | -18 | 128 ]
[ -127 | -2 | 0 | 0 | 0 | 0 | 0 | 0 | 0 | 0 | 0 | 0 | 0 | >0 | 0 | 0 | 0 | 0 | 7 | 0 | 0 | 10< | 0 | 0 | -18 | 128 ]
[ -127 | -2 | 0 | 0 | 0 | 0 | 0 | 0 | 0 | 0 | 0 | 0 | 0 | 0 | >0 | 0 | 0 | 0 | 7 | 0 | 0 | 11< | 0 | 0 | -18 | 128 ]
[ -127 | -2 | 0 | 0 | 0 | 0 | 0 | 0 | 0 | 0 | 0 | 0 | 0 | 0 | >1 | 0 | 0 | 0 | 7 | 0 | 0 | 12< | 0 | 0 | -18 | 128 ]
[ -127 | -2 | 0 | 0 | 0 | 0 | 0 | 0 | 0 | 0 | 0 | 0 | 0 | 0 | >1 | 0 | 0 | 0 | 7 | 0 | 0 | 13< | 0 | 0 | -18 | 128 ]
[ -127 | -2 | 0 | 0 | 0 | 0 | 0 | 0 | 0 | 0 | 0 | 0 | 0 | 0 | >0 | 0 | 0 | 0 | 7 | 0 | 0 | 14< | 0 | 0 | -18 | 128 ]
[ -127 | -2 | 0 | 0 | 0 | 0 | 0 | 0 | 0 | 0 | 0 | 0 | 0 | 0 | 0 | >0 | 0 | 0 | 7 | 0 | 0 | 15< | 0 | 0 | -18 | 128 ]
[ -127 | -2 | 0 | 0 | 0 | 0 | 0 | 0 | 0 | 0 | 0 | 0 | 0 | 0 | 0 | >1 | 0 | 0 | 7 | 0 | 0 | 16< | 0 | 0 | -18 | 128 ]
[ -127 | -2 | 0 | 0 | 0 | 0 | 0 | 0 | 0 | 0 | 0 | 0 | 0 | 0 | 0 | >1 | 0 | 0 | 7 | 0 | 0 | 17< | 0 | 0 | -18 | 128 ]
[ -127 | -2 | 0 | 0 | 0 | 0 | 0 | 0 | 0 | 0 | 0 | 0 | 0 | 0 | 0 | >0 | 0 | 0 | 7 | 0 | 0 | 18< | 0 | 0 | -18 | 128 ]
[ -127 | -2 | 0 | 0 | 0 | 0 | 0 | 0 | 0 | 0 | 0 | 0 | 0 | 0 | 0 | 0 | >0 | 0 | 7 | 0 | 0 | 19< | 0 | 0 | -18 | 128 ]
[ -127 | -2 | 0 | 0 | 0 | 0 | 0 | 0 | 0 | 0 | 0 | 0 | 0 | 0 | 0 | 0 | >1 | 0 | 7 | 0 | 0 | 20< | 0 | 0 | -18 | 128 ]
[ -127 | -2 | 0 | 0 | 0 | 0 | 0 | 0 | 0 | 0 | 0 | 0 | 0 | 0 | 0 | 0 | >1 | 0 | 7 | 0 | 0 | 21< | 0 | 0 | -18 | 128 ]
[ -127 | -2 | 0 | 0 | 0 | 0 | 0 | 0 | 0 | 0 | 0 | 0 | 0 | 0 | 0 | 0 | >0 | 0 | 7 | 0 | 0 | 22< | 0 | 0 | -18 | 128 ]
[ -127 | -2 | 0 | 0 | 0 | 0 | 0 | 0 | 0 | 0 | 0 | 0 | 0 | 0 | 0 | 0 | 0 | >0 | 7 | 0 | 0 | 23< | 0 | 0 | -18 | 128 ]
[ -127 | -2 | 0 | 0 | 0 | 0 | 0 | 0 | 0 | 0 | 0 | 0 | 0 | 0 | 0 | 0 | 0 | >1 | 7 | 0 | 0 | 24< | 0 | 0 | -18 | 128 ]
[ -127 | -2 | 0 | 0 | 0 | 0 | 0 | 0 | 0 | 0 | 0 | 0 | 0 | 0 | 0 | 0 | 0 | >1 | 7 | 0 | 0 | 25< | 0 | 0 | -18 | 128 ]
[ -127 | -2 | 0 | 0 | 0 | 0 | 0 | 0 | 0 | 0 | 0 | 0 | 0 | 0 | 0 | 0 | 0 | >0 | 7 | 0 | 0 | 26< | 0 | 0 | -18 | 128 ]
[ -127 | -2 | 0 | 0 | 0 | 0 | 0 | 0 | 0 | 0 | 0 | 0 | 0 | 0 | 0 | 0 | 0 | 0 | >7 | 0 | 0 | 27< | 0 | 0 | -18 | 128 ]
[ -127 | -2 | 0 | 0 | 0 | 0 | 0 | 0 | 0 | 0 | 0 | 0 | 0 | 0 | 0 | 0 | 0 | 0 | >8 | 0 | 0 | 28< | 0 | 0 | -18 | 128 ]
[ -127 | -2 | 0 | 0 | 0 | 0 | 0 | 0 | 0 | 0 | 0 | 0 | 0 | 0 | 0 | 0 | 0 | 0 | >8 | 0 | 0 | 29< | 0 | 0 | -18 | 128 ]
[ -127 | -2 | 0 | 0 | 0 | 0 | 0 | 0 | 0 | 0 | 0 | 0 | 0 | 0 | 0 | 0 | 0 | 0 | >7 | 0 | 0 | 30< | 0 | 0 | -18 | 128 ]
[ -127 | -2 | 0 | 0 | 0 | 0 | 0 | 0 | 0 | 0 | 0 | 0 | 0 | 0 | 0 | 0 | 0 | 0 | 7 | >0 | 0 | 31< | 0 | 0 | -18 | 128 ]
[ -127 | -2 | 0 | 0 | 0 | 0 | 0 | 0 | 0 | 0 | 0 | 0 | 0 | 0 | 0 | 0 | 0 | 0 | 7 | >1 | 0 | 32< | 0 | 0 | -18 | 128 ]
[ -127 | -2 | 0 | 0 | 0 | 0 | 0 | 0 | 0 | 0 | 0 | 0 | 0 | 0 | 0 | 0 | 0 | 0 | 7 | >1 | 0 | 33< | 0 | 0 | -18 | 128 ]
[ -127 | -2 | 0 | 0 | 0 | 0 | 0 | 0 | 0 | 0 | 0 | 0 | 0 | 0 | 0 | 0 | 0 | 0 | 7 | >0 | 0 | 34< | 0 | 0 | -18 | 128 ]
[ -127 | -2 | 0 | 0 | 0 | 0 | 0 | 0 | 0 | 0 | 0 | 0 | 0 | 0 | 0 | 0 | 0 | 0 | 7 | 0 | >0 | 35< | 0 | 0 | -18 | 128 ]
[ -127 | -2 | 0 | 0 | 0 | 0 | 0 | 0 | 0 | 0 | 0 | 0 | 0 | 0 | 0 | 0 | 0 | 0 | 7 | 0 | >1 | 36< | 0 | 0 | -18 | 128 ]
[ -127 | -2 | 0 | 0 | 0 | 0 | 0 | 0 | 0 | 0 | 0 | 0 | 0 | 0 | 0 | 0 | 0 | 0 | 7 | 0 | >1 | 37< | 0 | 0 | -18 | 128 ]
[ -127 | -2 | 0 | 0 | 0 | 0 | 0 | 0 | 0 | 0 | 0 | 0 | 0 | 0 | 0 | 0 | 0 | 0 | 7 | 0 | >0 | 38< | 0 | 0 | -18 | 128 ]
[ -127 | -2 | 0 | 0 | 0 | 0 | 0 | 0 | 0 | 0 | 0 | 0 | 0 | 0 | 0 | 0 | 0 | 0 | 7 | 0 | 0 | >39< | 0 | 0 | -18 | 128 ]
[ -127 | -2 | 0 | 0 | 0 | 0 | 0 | 0 | 0 | 0 | 0 | 0 | 0 | 0 | 0 | 0 | 0 | 0 | 7 | 0 | 0 | >41< | 0 | 0 | -18 | 128 ]
[ -127 | -2 | 0 | 0 | 0 | 0 | 0 | 0 | 0 | 0 | 0 | 0 | 0 | 0 | 0 | 0 | 0 | 0 | 7 | 0 | 0 | >42< | 0 | 0 | -18 | 128 ]
[ -127 | -2 | 0 | 0 | 0 | 0 | 0 | 0 | 0 | 0 | 0 | 0 | 0 | 0 | 0 | 0 | 0 | 0 | 7 | 0 | 0 | >42< | 0 | 0 | -18 | 128 ]
[ -127 | -2 | 0 | 0 | 0 | 0 | 0 | 0 | 0 | 0 | 0 | 0 | 0 | 0 | 0 | 0 | 0 | 0 | 7 | 0 | 0 | 43< | >0 | 0 | -18 | 128 ]
[ -127 | -2 | 0 | 0 | 0 | 0 | 0 | 0 | 0 | 0 | 0 | 0 | 0 | 0 | 0 | 0 | 0 | 0 | 7 | 0 | 0 | 44< | >1 | 0 | -18 | 128 ]
[ -127 | -2 | 0 | 0 | 0 | 0 | 0 | 0 | 0 | 0 | 0 | 0 | 0 | 0 | 0 | 0 | 0 | 0 | 7 | 0 | 0 | 45< | >1 | 0 | -18 | 128 ]
[ -127 | -2 | 0 | 0 | 0 | 0 | 0 | 0 | 0 | 0 | 0 | 0 | 0 | 0 | 0 | 0 | 0 | 0 | 7 | 0 | 0 | 46< | >0 | 0 | -18 | 128 ]
[ -127 | -2 | 0 | 0 | 0 | 0 | 0 | 0 | 0 | 0 | 0 | 0 | 0 | 0 | 0 | 0 | 0 | 0 | 7 | 0 | 0< | 46 | 0 | >0 | -18 | 128 ]
[ -127 | -2 | 0 | 0 | 0 | 0 | 0 | 0 | 0 | 0 | 0 | 0 | 0 | 0 | 0 | 0 | 0 | 0 | 7 | 0 | -1< | 46 | 0 | >1 | -18 | 128 ]
[ -127 | -2 | 0 | 0 | 0 | 0 | 0 | 0 | 0 | 0 | 0 | 0 | 0 | 0 | 0 | 0 | 0 | 0 | 7 | 0 | -2< | 46 | 0 | >1 | -18 | 128 ]
[ -127 | -2 | 0 | 0 | 0 | 0 | 0 | 0 | 0 | 0 | 0 | 0 | 0 | 0 | 0 | 0 | 0 | 0 | 7 | 0 | -3< | 46 | 0 | >0 | -18 | 128 ]
[ -127 | -2 | 0 | 0 | 0 | 0 | 0 | 0 | 0 | 0 | 0 | 0 | 0 | 0 | 0 | 0 | 0 | 0 | 7 | 0 | -4< | 46 | 0 | 0 | >-18 | 128 ]
[ -127 | -2 | 0 | 0 | 0 | 0 | 0 | 0 | 0 | 0 | 0 | 0 | 0 | 0 | 0 | 0 | 0 | 0 | 7 | 0 | -5< | 46 | 0 | 0 | >-17 | 128 ]
[ -127 | -2 | 0 | 0 | 0 | 0 | 0 | 0 | 0 | 0 | 0 | 0 | 0 | 0 | 0 | 0 | 0 | 0 | 7 | 0 | -6< | 46 | 0 | 0 | >-17 | 128 ]
[ -127 | -2 | 0 | 0 | 0 | 0 | 0 | 0 | 0 | 0 | 0 | 0 | 0 | 0 | 0 | 0 | 0 | 0 | 7 | 0 | -7< | 46 | 0 | 0 | >-18 | 128 ]
[ -127 | -2 | 0 | 0 | 0 | 0 | 0 | 0 | 0 | 0 | 0 | 0 | 0 | 0 | 0 | 0 | 0 | 0 | 7 | 0 | -8< | 46 | 0 | 0 | -18 | >128 ]
[ -127 | -2 | 0 | 0 | 0 | 0 | 0 | 0 | 0 | 0 | 0 | 0 | 0 | 0 | 0 | 0 | 0 | 0 | 7 | 0 | -9< | 46 | 0 | 0 | -18 | >-127 ]
[ -127 | -2 | 0 | 0 | 0 | 0 | 0 | 0 | 0 | 0 | 0 | 0 | 0 | 0 | 0 | 0 | 0 | 0 | 7 | 0 | -10< | 46 | 0 | 0 | -18 | >-127 ]
[ -127 | -2 | 0 | 0 | 0 | 0 | 0 | 0 | 0 | 0 | 0 | 0 | 0 | 0 | 0 | 0 | 0 | 0 | 7 | 0 | -11< | 46 | 0 | 0 | -18 | >128 ]
[ >-127 | -2 | 0 | 0 | 0 | 0 | 0 | 0 | 0 | 0 | 0 | 0 | 0 | 0 | 0 | 0 | 0 | 0 | 7 | 0 | -12< | 46 | 0 | 0 | -18 | 128 ]

===== EndTitled won the battle after 104 cycles =====



===== Starting battle of <MetaJSRandomBot> vs <EndTitled> with memory tape size: 30 =====

[ >128 | 0 | 0 | 0 | 0 | 0 | 0 | 0 | 0 | 0 | 0 | 0 | 0 | 0 | 0 | 0 | 0 | 0 | 0 | 0 | 0 | 0 | 0 | 0 | 0 | 0 | 0 | 0 | 0 | 128< ]
[ >-127 | 0 | 0 | 0 | 0 | 0 | 0 | 0 | 0 | 0 | 0 | 0 | 0 | 0 | 0 | 0 | 0 | 0 | 0 | 0 | 0 | 0 | 0 | 0 | 0 | 0 | 0 | 0 | 0 | 128< ]
[ >-127 | 0 | 0 | 0 | 0 | 0 | 0 | 0 | 0 | 0 | 0 | 0 | 0 | 0 | 0 | 0 | 0 | 0 | 0 | 0 | 0 | 0 | 0 | 0 | 0 | 0 | 0 | 0 | 0 | 128< ]
[ >-127 | 0 | 0 | 0 | 0 | 0 | 0 | 0 | 0 | 0 | 0 | 0 | 0 | 0 | 0 | 0 | 0 | 0 | 0 | 0 | 0 | 0 | 0 | 0 | 0 | 0 | 0 | 0 | 0< | 128 ]
[ -127 | >0 | 0 | 0 | 0 | 0 | 0 | 0 | 0 | 0 | 0 | 0 | 0 | 0 | 0 | 0 | 0 | 0 | 0 | 0 | 0 | 0 | 0 | 0 | 0 | 0 | 0 | 0< | 0 | 128 ]
[ -127 | >-1 | 0 | 0 | 0 | 0 | 0 | 0 | 0 | 0 | 0 | 0 | 0 | 0 | 0 | 0 | 0 | 0 | 0 | 0 | 0 | 0 | 0 | 0 | 0 | 0 | 0< | 0 | 0 | 128 ]
[ -127 | >-1 | 0 | 0 | 0 | 0 | 0 | 0 | 0 | 0 | 0 | 0 | 0 | 0 | 0 | 0 | 0 | 0 | 0 | 0 | 0 | 0 | 0 | 0 | 0 | 0< | 0 | 0 | 0 | 128 ]
[ -127 | >-2 | 0 | 0 | 0 | 0 | 0 | 0 | 0 | 0 | 0 | 0 | 0 | 0 | 0 | 0 | 0 | 0 | 0 | 0 | 0 | 0 | 0 | 0 | 0< | 0 | 0 | 0 | 0 | 128 ]
[ -127 | -2 | >0 | 0 | 0 | 0 | 0 | 0 | 0 | 0 | 0 | 0 | 0 | 0 | 0 | 0 | 0 | 0 | 0 | 0 | 0 | 0 | 0 | 0< | 0 | 0 | 0 | 0 | 0 | 128 ]
[ -127 | -2 | >1 | 0 | 0 | 0 | 0 | 0 | 0 | 0 | 0 | 0 | 0 | 0 | 0 | 0 | 0 | 0 | 0 | 0 | 0 | 0 | 0< | 0 | 0 | 0 | 0 | 0 | 0 | 128 ]
[ -127 | -2 | >1 | 0 | 0 | 0 | 0 | 0 | 0 | 0 | 0 | 0 | 0 | 0 | 0 | 0 | 0 | 0 | 0 | 0 | 0 | 0 | 1< | 0 | 0 | 0 | 0 | 0 | 0 | 128 ]
[ -127 | -2 | >0 | 0 | 0 | 0 | 0 | 0 | 0 | 0 | 0 | 0 | 0 | 0 | 0 | 0 | 0 | 0 | 0 | 0 | 0 | 0 | 2< | 0 | 0 | 0 | 0 | 0 | 0 | 128 ]
[ -127 | -2 | 0 | >0 | 0 | 0 | 0 | 0 | 0 | 0 | 0 | 0 | 0 | 0 | 0 | 0 | 0 | 0 | 0 | 0 | 0 | 0 | 3< | 0 | 0 | 0 | 0 | 0 | 0 | 128 ]
[ -127 | -2 | 0 | >1 | 0 | 0 | 0 | 0 | 0 | 0 | 0 | 0 | 0 | 0 | 0 | 0 | 0 | 0 | 0 | 0 | 0 | 0 | 4< | 0 | 0 | 0 | 0 | 0 | 0 | 128 ]
[ -127 | -2 | 0 | >1 | 0 | 0 | 0 | 0 | 0 | 0 | 0 | 0 | 0 | 0 | 0 | 0 | 0 | 0 | 0 | 0 | 0 | 0 | 5< | 0 | 0 | 0 | 0 | 0 | 0 | 128 ]
[ -127 | -2 | 0 | >0 | 0 | 0 | 0 | 0 | 0 | 0 | 0 | 0 | 0 | 0 | 0 | 0 | 0 | 0 | 0 | 0 | 0 | 0 | 6< | 0 | 0 | 0 | 0 | 0 | 0 | 128 ]
[ -127 | -2 | 0 | 0 | >0 | 0 | 0 | 0 | 0 | 0 | 0 | 0 | 0 | 0 | 0 | 0 | 0 | 0 | 0 | 0 | 0 | 0 | 7< | 0 | 0 | 0 | 0 | 0 | 0 | 128 ]
[ -127 | -2 | 0 | 0 | >1 | 0 | 0 | 0 | 0 | 0 | 0 | 0 | 0 | 0 | 0 | 0 | 0 | 0 | 0 | 0 | 0 | 0 | 7 | 0< | 0 | 0 | 0 | 0 | 0 | 128 ]
[ -127 | -2 | 0 | 0 | >1 | 0 | 0 | 0 | 0 | 0 | 0 | 0 | 0 | 0 | 0 | 0 | 0 | 0 | 0 | 0 | 0 | 0 | 7 | 0 | 0< | 0 | 0 | 0 | 0 | 128 ]
[ -127 | -2 | 0 | 0 | >0 | 0 | 0 | 0 | 0 | 0 | 0 | 0 | 0 | 0 | 0 | 0 | 0 | 0 | 0 | 0 | 0 | 0 | 7 | 0 | 0 | 0< | 0 | 0 | 0 | 128 ]
[ -127 | -2 | 0 | 0 | 0 | >0 | 0 | 0 | 0 | 0 | 0 | 0 | 0 | 0 | 0 | 0 | 0 | 0 | 0 | 0 | 0 | 0 | 7 | 0 | 0 | 0 | 0< | 0 | 0 | 128 ]
[ -127 | -2 | 0 | 0 | 0 | >1 | 0 | 0 | 0 | 0 | 0 | 0 | 0 | 0 | 0 | 0 | 0 | 0 | 0 | 0 | 0 | 0 | 7 | 0 | 0 | 0 | 0 | 0< | 0 | 128 ]
[ -127 | -2 | 0 | 0 | 0 | >1 | 0 | 0 | 0 | 0 | 0 | 0 | 0 | 0 | 0 | 0 | 0 | 0 | 0 | 0 | 0 | 0 | 7 | 0 | 0 | 0 | 0 | 0 | 0< | 128 ]
[ -127 | -2 | 0 | 0 | 0 | >0 | 0 | 0 | 0 | 0 | 0 | 0 | 0 | 0 | 0 | 0 | 0 | 0 | 0 | 0 | 0 | 0 | 7 | 0 | 0 | 0 | 0 | 0 | 0 | 128< ]
[ -127 | -2 | 0 | 0 | 0 | 0 | >0 | 0 | 0 | 0 | 0 | 0 | 0 | 0 | 0 | 0 | 0 | 0 | 0 | 0 | 0 | 0 | 7 | 0 | 0 | 0 | 0 | 0 | 0< | 128 ]
[ -127 | -2 | 0 | 0 | 0 | 0 | >1 | 0 | 0 | 0 | 0 | 0 | 0 | 0 | 0 | 0 | 0 | 0 | 0 | 0 | 0 | 0 | 7 | 0 | 0 | 0 | 0 | 0 | -1< | 128 ]
[ -127 | -2 | 0 | 0 | 0 | 0 | >1 | 0 | 0 | 0 | 0 | 0 | 0 | 0 | 0 | 0 | 0 | 0 | 0 | 0 | 0 | 0 | 7 | 0 | 0 | 0 | 0 | 0 | -2< | 128 ]
[ -127 | -2 | 0 | 0 | 0 | 0 | >0 | 0 | 0 | 0 | 0 | 0 | 0 | 0 | 0 | 0 | 0 | 0 | 0 | 0 | 0 | 0 | 7 | 0 | 0 | 0 | 0 | 0 | -3< | 128 ]
[ -127 | -2 | 0 | 0 | 0 | 0 | 0 | >0 | 0 | 0 | 0 | 0 | 0 | 0 | 0 | 0 | 0 | 0 | 0 | 0 | 0 | 0 | 7 | 0 | 0 | 0 | 0 | 0 | -4< | 128 ]
[ -127 | -2 | 0 | 0 | 0 | 0 | 0 | >1 | 0 | 0 | 0 | 0 | 0 | 0 | 0 | 0 | 0 | 0 | 0 | 0 | 0 | 0 | 7 | 0 | 0 | 0 | 0 | 0 | -5< | 128 ]
[ -127 | -2 | 0 | 0 | 0 | 0 | 0 | >1 | 0 | 0 | 0 | 0 | 0 | 0 | 0 | 0 | 0 | 0 | 0 | 0 | 0 | 0 | 7 | 0 | 0 | 0 | 0 | 0 | -6< | 128 ]
[ -127 | -2 | 0 | 0 | 0 | 0 | 0 | >0 | 0 | 0 | 0 | 0 | 0 | 0 | 0 | 0 | 0 | 0 | 0 | 0 | 0 | 0 | 7 | 0 | 0 | 0 | 0 | 0 | -7< | 128 ]
[ -127 | -2 | 0 | 0 | 0 | 0 | 0 | 0 | >0 | 0 | 0 | 0 | 0 | 0 | 0 | 0 | 0 | 0 | 0 | 0 | 0 | 0 | 7 | 0 | 0 | 0 | 0 | 0 | -8< | 128 ]
[ -127 | -2 | 0 | 0 | 0 | 0 | 0 | 0 | >1 | 0 | 0 | 0 | 0 | 0 | 0 | 0 | 0 | 0 | 0 | 0 | 0 | 0 | 7 | 0 | 0 | 0 | 0 | 0 | -9< | 128 ]
[ -127 | -2 | 0 | 0 | 0 | 0 | 0 | 0 | >1 | 0 | 0 | 0 | 0 | 0 | 0 | 0 | 0 | 0 | 0 | 0 | 0 | 0 | 7 | 0 | 0 | 0 | 0 | 0 | -10< | 128 ]
[ -127 | -2 | 0 | 0 | 0 | 0 | 0 | 0 | >0 | 0 | 0 | 0 | 0 | 0 | 0 | 0 | 0 | 0 | 0 | 0 | 0 | 0 | 7 | 0 | 0 | 0 | 0 | 0 | -11< | 128 ]
[ -127 | -2 | 0 | 0 | 0 | 0 | 0 | 0 | 0 | >0 | 0 | 0 | 0 | 0 | 0 | 0 | 0 | 0 | 0 | 0 | 0 | 0 | 7 | 0 | 0 | 0 | 0 | 0 | -12< | 128 ]
[ -127 | -2 | 0 | 0 | 0 | 0 | 0 | 0 | 0 | >1 | 0 | 0 | 0 | 0 | 0 | 0 | 0 | 0 | 0 | 0 | 0 | 0 | 7 | 0 | 0 | 0 | 0 | 0 | -13< | 128 ]
[ -127 | -2 | 0 | 0 | 0 | 0 | 0 | 0 | 0 | >1 | 0 | 0 | 0 | 0 | 0 | 0 | 0 | 0 | 0 | 0 | 0 | 0 | 7 | 0 | 0 | 0 | 0 | 0 | -14< | 128 ]
[ -127 | -2 | 0 | 0 | 0 | 0 | 0 | 0 | 0 | >0 | 0 | 0 | 0 | 0 | 0 | 0 | 0 | 0 | 0 | 0 | 0 | 0 | 7 | 0 | 0 | 0 | 0 | 0 | -15< | 128 ]
[ -127 | -2 | 0 | 0 | 0 | 0 | 0 | 0 | 0 | 0 | >0 | 0 | 0 | 0 | 0 | 0 | 0 | 0 | 0 | 0 | 0 | 0 | 7 | 0 | 0 | 0 | 0 | 0 | -16< | 128 ]
[ -127 | -2 | 0 | 0 | 0 | 0 | 0 | 0 | 0 | 0 | >1 | 0 | 0 | 0 | 0 | 0 | 0 | 0 | 0 | 0 | 0 | 0 | 7 | 0 | 0 | 0 | 0 | 0 | -17< | 128 ]
[ -127 | -2 | 0 | 0 | 0 | 0 | 0 | 0 | 0 | 0 | >1 | 0 | 0 | 0 | 0 | 0 | 0 | 0 | 0 | 0 | 0 | 0 | 7 | 0 | 0 | 0 | 0 | 0 | -18< | 128 ]
[ -127 | -2 | 0 | 0 | 0 | 0 | 0 | 0 | 0 | 0 | >0 | 0 | 0 | 0 | 0 | 0 | 0 | 0 | 0 | 0 | 0 | 0 | 7 | 0 | 0 | 0 | 0 | 0< | -18 | 128 ]
[ -127 | -2 | 0 | 0 | 0 | 0 | 0 | 0 | 0 | 0 | 0 | >0 | 0 | 0 | 0 | 0 | 0 | 0 | 0 | 0 | 0 | 0 | 7 | 0 | 0 | 0 | 0< | 0 | -18 | 128 ]
[ -127 | -2 | 0 | 0 | 0 | 0 | 0 | 0 | 0 | 0 | 0 | >1 | 0 | 0 | 0 | 0 | 0 | 0 | 0 | 0 | 0 | 0 | 7 | 0 | 0 | 0< | 0 | 0 | -18 | 128 ]
[ -127 | -2 | 0 | 0 | 0 | 0 | 0 | 0 | 0 | 0 | 0 | >1 | 0 | 0 | 0 | 0 | 0 | 0 | 0 | 0 | 0 | 0 | 7 | 0 | 0 | 1< | 0 | 0 | -18 | 128 ]
[ -127 | -2 | 0 | 0 | 0 | 0 | 0 | 0 | 0 | 0 | 0 | >0 | 0 | 0 | 0 | 0 | 0 | 0 | 0 | 0 | 0 | 0 | 7 | 0 | 0 | 2< | 0 | 0 | -18 | 128 ]
[ -127 | -2 | 0 | 0 | 0 | 0 | 0 | 0 | 0 | 0 | 0 | 0 | >0 | 0 | 0 | 0 | 0 | 0 | 0 | 0 | 0 | 0 | 7 | 0 | 0 | 3< | 0 | 0 | -18 | 128 ]
[ -127 | -2 | 0 | 0 | 0 | 0 | 0 | 0 | 0 | 0 | 0 | 0 | >1 | 0 | 0 | 0 | 0 | 0 | 0 | 0 | 0 | 0 | 7 | 0 | 0 | 4< | 0 | 0 | -18 | 128 ]
[ -127 | -2 | 0 | 0 | 0 | 0 | 0 | 0 | 0 | 0 | 0 | 0 | >1 | 0 | 0 | 0 | 0 | 0 | 0 | 0 | 0 | 0 | 7 | 0 | 0 | 5< | 0 | 0 | -18 | 128 ]
[ -127 | -2 | 0 | 0 | 0 | 0 | 0 | 0 | 0 | 0 | 0 | 0 | >0 | 0 | 0 | 0 | 0 | 0 | 0 | 0 | 0 | 0 | 7 | 0 | 0 | 6< | 0 | 0 | -18 | 128 ]
[ -127 | -2 | 0 | 0 | 0 | 0 | 0 | 0 | 0 | 0 | 0 | 0 | 0 | >0 | 0 | 0 | 0 | 0 | 0 | 0 | 0 | 0 | 7 | 0 | 0 | 7< | 0 | 0 | -18 | 128 ]
[ -127 | -2 | 0 | 0 | 0 | 0 | 0 | 0 | 0 | 0 | 0 | 0 | 0 | >1 | 0 | 0 | 0 | 0 | 0 | 0 | 0 | 0 | 7 | 0 | 0 | 8< | 0 | 0 | -18 | 128 ]
[ -127 | -2 | 0 | 0 | 0 | 0 | 0 | 0 | 0 | 0 | 0 | 0 | 0 | >1 | 0 | 0 | 0 | 0 | 0 | 0 | 0 | 0 | 7 | 0 | 0 | 9< | 0 | 0 | -18 | 128 ]
[ -127 | -2 | 0 | 0 | 0 | 0 | 0 | 0 | 0 | 0 | 0 | 0 | 0 | >0 | 0 | 0 | 0 | 0 | 0 | 0 | 0 | 0 | 7 | 0 | 0 | 10< | 0 | 0 | -18 | 128 ]
[ -127 | -2 | 0 | 0 | 0 | 0 | 0 | 0 | 0 | 0 | 0 | 0 | 0 | 0 | >0 | 0 | 0 | 0 | 0 | 0 | 0 | 0 | 7 | 0 | 0 | 11< | 0 | 0 | -18 | 128 ]
[ -127 | -2 | 0 | 0 | 0 | 0 | 0 | 0 | 0 | 0 | 0 | 0 | 0 | 0 | >1 | 0 | 0 | 0 | 0 | 0 | 0 | 0 | 7 | 0 | 0 | 12< | 0 | 0 | -18 | 128 ]
[ -127 | -2 | 0 | 0 | 0 | 0 | 0 | 0 | 0 | 0 | 0 | 0 | 0 | 0 | >1 | 0 | 0 | 0 | 0 | 0 | 0 | 0 | 7 | 0 | 0 | 13< | 0 | 0 | -18 | 128 ]
[ -127 | -2 | 0 | 0 | 0 | 0 | 0 | 0 | 0 | 0 | 0 | 0 | 0 | 0 | >0 | 0 | 0 | 0 | 0 | 0 | 0 | 0 | 7 | 0 | 0 | 14< | 0 | 0 | -18 | 128 ]
[ -127 | -2 | 0 | 0 | 0 | 0 | 0 | 0 | 0 | 0 | 0 | 0 | 0 | 0 | 0 | >0 | 0 | 0 | 0 | 0 | 0 | 0 | 7 | 0 | 0 | 15< | 0 | 0 | -18 | 128 ]
[ -127 | -2 | 0 | 0 | 0 | 0 | 0 | 0 | 0 | 0 | 0 | 0 | 0 | 0 | 0 | >1 | 0 | 0 | 0 | 0 | 0 | 0 | 7 | 0 | 0 | 16< | 0 | 0 | -18 | 128 ]
[ -127 | -2 | 0 | 0 | 0 | 0 | 0 | 0 | 0 | 0 | 0 | 0 | 0 | 0 | 0 | >1 | 0 | 0 | 0 | 0 | 0 | 0 | 7 | 0 | 0 | 17< | 0 | 0 | -18 | 128 ]
[ -127 | -2 | 0 | 0 | 0 | 0 | 0 | 0 | 0 | 0 | 0 | 0 | 0 | 0 | 0 | >0 | 0 | 0 | 0 | 0 | 0 | 0 | 7 | 0 | 0 | 18< | 0 | 0 | -18 | 128 ]
[ -127 | -2 | 0 | 0 | 0 | 0 | 0 | 0 | 0 | 0 | 0 | 0 | 0 | 0 | 0 | 0 | >0 | 0 | 0 | 0 | 0 | 0 | 7 | 0 | 0 | 19< | 0 | 0 | -18 | 128 ]
[ -127 | -2 | 0 | 0 | 0 | 0 | 0 | 0 | 0 | 0 | 0 | 0 | 0 | 0 | 0 | 0 | >1 | 0 | 0 | 0 | 0 | 0 | 7 | 0 | 0 | 20< | 0 | 0 | -18 | 128 ]
[ -127 | -2 | 0 | 0 | 0 | 0 | 0 | 0 | 0 | 0 | 0 | 0 | 0 | 0 | 0 | 0 | >1 | 0 | 0 | 0 | 0 | 0 | 7 | 0 | 0 | 21< | 0 | 0 | -18 | 128 ]
[ -127 | -2 | 0 | 0 | 0 | 0 | 0 | 0 | 0 | 0 | 0 | 0 | 0 | 0 | 0 | 0 | >0 | 0 | 0 | 0 | 0 | 0 | 7 | 0 | 0 | 22< | 0 | 0 | -18 | 128 ]
[ -127 | -2 | 0 | 0 | 0 | 0 | 0 | 0 | 0 | 0 | 0 | 0 | 0 | 0 | 0 | 0 | 0 | >0 | 0 | 0 | 0 | 0 | 7 | 0 | 0 | 23< | 0 | 0 | -18 | 128 ]
[ -127 | -2 | 0 | 0 | 0 | 0 | 0 | 0 | 0 | 0 | 0 | 0 | 0 | 0 | 0 | 0 | 0 | >1 | 0 | 0 | 0 | 0 | 7 | 0 | 0 | 24< | 0 | 0 | -18 | 128 ]
[ -127 | -2 | 0 | 0 | 0 | 0 | 0 | 0 | 0 | 0 | 0 | 0 | 0 | 0 | 0 | 0 | 0 | >1 | 0 | 0 | 0 | 0 | 7 | 0 | 0 | 25< | 0 | 0 | -18 | 128 ]
[ -127 | -2 | 0 | 0 | 0 | 0 | 0 | 0 | 0 | 0 | 0 | 0 | 0 | 0 | 0 | 0 | 0 | >0 | 0 | 0 | 0 | 0 | 7 | 0 | 0 | 26< | 0 | 0 | -18 | 128 ]
[ -127 | -2 | 0 | 0 | 0 | 0 | 0 | 0 | 0 | 0 | 0 | 0 | 0 | 0 | 0 | 0 | 0 | 0 | >0 | 0 | 0 | 0 | 7 | 0 | 0 | 27< | 0 | 0 | -18 | 128 ]
[ -127 | -2 | 0 | 0 | 0 | 0 | 0 | 0 | 0 | 0 | 0 | 0 | 0 | 0 | 0 | 0 | 0 | 0 | >1 | 0 | 0 | 0 | 7 | 0 | 0 | 28< | 0 | 0 | -18 | 128 ]
[ -127 | -2 | 0 | 0 | 0 | 0 | 0 | 0 | 0 | 0 | 0 | 0 | 0 | 0 | 0 | 0 | 0 | 0 | >1 | 0 | 0 | 0 | 7 | 0 | 0 | 29< | 0 | 0 | -18 | 128 ]
[ -127 | -2 | 0 | 0 | 0 | 0 | 0 | 0 | 0 | 0 | 0 | 0 | 0 | 0 | 0 | 0 | 0 | 0 | >0 | 0 | 0 | 0 | 7 | 0 | 0 | 30< | 0 | 0 | -18 | 128 ]
[ -127 | -2 | 0 | 0 | 0 | 0 | 0 | 0 | 0 | 0 | 0 | 0 | 0 | 0 | 0 | 0 | 0 | 0 | 0 | >0 | 0 | 0 | 7 | 0 | 0 | 31< | 0 | 0 | -18 | 128 ]
[ -127 | -2 | 0 | 0 | 0 | 0 | 0 | 0 | 0 | 0 | 0 | 0 | 0 | 0 | 0 | 0 | 0 | 0 | 0 | >1 | 0 | 0 | 7 | 0 | 0 | 32< | 0 | 0 | -18 | 128 ]
[ -127 | -2 | 0 | 0 | 0 | 0 | 0 | 0 | 0 | 0 | 0 | 0 | 0 | 0 | 0 | 0 | 0 | 0 | 0 | >1 | 0 | 0 | 7 | 0 | 0 | 33< | 0 | 0 | -18 | 128 ]
[ -127 | -2 | 0 | 0 | 0 | 0 | 0 | 0 | 0 | 0 | 0 | 0 | 0 | 0 | 0 | 0 | 0 | 0 | 0 | >0 | 0 | 0 | 7 | 0 | 0 | 34< | 0 | 0 | -18 | 128 ]
[ -127 | -2 | 0 | 0 | 0 | 0 | 0 | 0 | 0 | 0 | 0 | 0 | 0 | 0 | 0 | 0 | 0 | 0 | 0 | 0 | >0 | 0 | 7 | 0 | 0 | 35< | 0 | 0 | -18 | 128 ]
[ -127 | -2 | 0 | 0 | 0 | 0 | 0 | 0 | 0 | 0 | 0 | 0 | 0 | 0 | 0 | 0 | 0 | 0 | 0 | 0 | >1 | 0 | 7 | 0 | 0 | 36< | 0 | 0 | -18 | 128 ]
[ -127 | -2 | 0 | 0 | 0 | 0 | 0 | 0 | 0 | 0 | 0 | 0 | 0 | 0 | 0 | 0 | 0 | 0 | 0 | 0 | >1 | 0 | 7 | 0 | 0 | 37< | 0 | 0 | -18 | 128 ]
[ -127 | -2 | 0 | 0 | 0 | 0 | 0 | 0 | 0 | 0 | 0 | 0 | 0 | 0 | 0 | 0 | 0 | 0 | 0 | 0 | >0 | 0 | 7 | 0 | 0 | 38< | 0 | 0 | -18 | 128 ]
[ -127 | -2 | 0 | 0 | 0 | 0 | 0 | 0 | 0 | 0 | 0 | 0 | 0 | 0 | 0 | 0 | 0 | 0 | 0 | 0 | 0 | >0 | 7 | 0 | 0 | 39< | 0 | 0 | -18 | 128 ]
[ -127 | -2 | 0 | 0 | 0 | 0 | 0 | 0 | 0 | 0 | 0 | 0 | 0 | 0 | 0 | 0 | 0 | 0 | 0 | 0 | 0 | >1 | 7 | 0 | 0 | 40< | 0 | 0 | -18 | 128 ]
[ -127 | -2 | 0 | 0 | 0 | 0 | 0 | 0 | 0 | 0 | 0 | 0 | 0 | 0 | 0 | 0 | 0 | 0 | 0 | 0 | 0 | >1 | 7 | 0 | 0 | 41< | 0 | 0 | -18 | 128 ]
[ -127 | -2 | 0 | 0 | 0 | 0 | 0 | 0 | 0 | 0 | 0 | 0 | 0 | 0 | 0 | 0 | 0 | 0 | 0 | 0 | 0 | >0 | 7 | 0 | 0 | 42< | 0 | 0 | -18 | 128 ]
[ -127 | -2 | 0 | 0 | 0 | 0 | 0 | 0 | 0 | 0 | 0 | 0 | 0 | 0 | 0 | 0 | 0 | 0 | 0 | 0 | 0 | 0 | >7 | 0 | 0 | 43< | 0 | 0 | -18 | 128 ]
[ -127 | -2 | 0 | 0 | 0 | 0 | 0 | 0 | 0 | 0 | 0 | 0 | 0 | 0 | 0 | 0 | 0 | 0 | 0 | 0 | 0 | 0 | >8 | 0 | 0 | 44< | 0 | 0 | -18 | 128 ]
[ -127 | -2 | 0 | 0 | 0 | 0 | 0 | 0 | 0 | 0 | 0 | 0 | 0 | 0 | 0 | 0 | 0 | 0 | 0 | 0 | 0 | 0 | >8 | 0 | 0 | 45< | 0 | 0 | -18 | 128 ]
[ -127 | -2 | 0 | 0 | 0 | 0 | 0 | 0 | 0 | 0 | 0 | 0 | 0 | 0 | 0 | 0 | 0 | 0 | 0 | 0 | 0 | 0 | >7 | 0 | 0 | 46< | 0 | 0 | -18 | 128 ]
[ -127 | -2 | 0 | 0 | 0 | 0 | 0 | 0 | 0 | 0 | 0 | 0 | 0 | 0 | 0 | 0 | 0 | 0 | 0 | 0 | 0 | 0 | 7 | >0 | 0< | 46 | 0 | 0 | -18 | 128 ]
[ -127 | -2 | 0 | 0 | 0 | 0 | 0 | 0 | 0 | 0 | 0 | 0 | 0 | 0 | 0 | 0 | 0 | 0 | 0 | 0 | 0 | 0 | 7 | >1 | -1< | 46 | 0 | 0 | -18 | 128 ]
[ -127 | -2 | 0 | 0 | 0 | 0 | 0 | 0 | 0 | 0 | 0 | 0 | 0 | 0 | 0 | 0 | 0 | 0 | 0 | 0 | 0 | 0 | 7 | >1 | -2< | 46 | 0 | 0 | -18 | 128 ]
[ -127 | -2 | 0 | 0 | 0 | 0 | 0 | 0 | 0 | 0 | 0 | 0 | 0 | 0 | 0 | 0 | 0 | 0 | 0 | 0 | 0 | 0 | 7 | >0 | -3< | 46 | 0 | 0 | -18 | 128 ]
[ -127 | -2 | 0 | 0 | 0 | 0 | 0 | 0 | 0 | 0 | 0 | 0 | 0 | 0 | 0 | 0 | 0 | 0 | 0 | 0 | 0 | 0 | 7 | 0 | >-4< | 46 | 0 | 0 | -18 | 128 ]
[ -127 | -2 | 0 | 0 | 0 | 0 | 0 | 0 | 0 | 0 | 0 | 0 | 0 | 0 | 0 | 0 | 0 | 0 | 0 | 0 | 0 | 0 | 7 | 0 | >-4< | 46 | 0 | 0 | -18 | 128 ]
[ -127 | -2 | 0 | 0 | 0 | 0 | 0 | 0 | 0 | 0 | 0 | 0 | 0 | 0 | 0 | 0 | 0 | 0 | 0 | 0 | 0 | 0 | 7 | 0 | >-5< | 46 | 0 | 0 | -18 | 128 ]
[ -127 | -2 | 0 | 0 | 0 | 0 | 0 | 0 | 0 | 0 | 0 | 0 | 0 | 0 | 0 | 0 | 0 | 0 | 0 | 0 | 0 | 0 | 7 | 0 | >-7< | 46 | 0 | 0 | -18 | 128 ]
[ -127 | -2 | 0 | 0 | 0 | 0 | 0 | 0 | 0 | 0 | 0 | 0 | 0 | 0 | 0 | 0 | 0 | 0 | 0 | 0 | 0 | 0 | 7 | 0 | -8< | >46 | 0 | 0 | -18 | 128 ]
[ -127 | -2 | 0 | 0 | 0 | 0 | 0 | 0 | 0 | 0 | 0 | 0 | 0 | 0 | 0 | 0 | 0 | 0 | 0 | 0 | 0 | 0 | 7 | 0 | -9< | >47 | 0 | 0 | -18 | 128 ]
[ -127 | -2 | 0 | 0 | 0 | 0 | 0 | 0 | 0 | 0 | 0 | 0 | 0 | 0 | 0 | 0 | 0 | 0 | 0 | 0 | 0 | 0 | 7 | 0 | -10< | >47 | 0 | 0 | -18 | 128 ]
[ -127 | -2 | 0 | 0 | 0 | 0 | 0 | 0 | 0 | 0 | 0 | 0 | 0 | 0 | 0 | 0 | 0 | 0 | 0 | 0 | 0 | 0 | 7 | 0 | -11< | >46 | 0 | 0 | -18 | 128 ]
[ -127 | -2 | 0 | 0 | 0 | 0 | 0 | 0 | 0 | 0 | 0 | 0 | 0 | 0 | 0 | 0 | 0 | 0 | 0 | 0 | 0 | 0 | 7 | 0 | -12< | 46 | >0 | 0 | -18 | 128 ]
[ -127 | -2 | 0 | 0 | 0 | 0 | 0 | 0 | 0 | 0 | 0 | 0 | 0 | 0 | 0 | 0 | 0 | 0 | 0 | 0 | 0 | 0 | 7 | 0 | -13< | 46 | >1 | 0 | -18 | 128 ]
[ -127 | -2 | 0 | 0 | 0 | 0 | 0 | 0 | 0 | 0 | 0 | 0 | 0 | 0 | 0 | 0 | 0 | 0 | 0 | 0 | 0 | 0 | 7 | 0 | -14< | 46 | >1 | 0 | -18 | 128 ]
[ -127 | -2 | 0 | 0 | 0 | 0 | 0 | 0 | 0 | 0 | 0 | 0 | 0 | 0 | 0 | 0 | 0 | 0 | 0 | 0 | 0 | 0 | 7 | 0 | -15< | 46 | >0 | 0 | -18 | 128 ]
[ -127 | -2 | 0 | 0 | 0 | 0 | 0 | 0 | 0 | 0 | 0 | 0 | 0 | 0 | 0 | 0 | 0 | 0 | 0 | 0 | 0 | 0 | 7 | 0 | -16< | 46 | 0 | >0 | -18 | 128 ]
[ -127 | -2 | 0 | 0 | 0 | 0 | 0 | 0 | 0 | 0 | 0 | 0 | 0 | 0 | 0 | 0 | 0 | 0 | 0 | 0 | 0 | 0 | 7 | 0 | -17< | 46 | 0 | >1 | -18 | 128 ]
[ -127 | -2 | 0 | 0 | 0 | 0 | 0 | 0 | 0 | 0 | 0 | 0 | 0 | 0 | 0 | 0 | 0 | 0 | 0 | 0 | 0 | 0 | 7 | 0 | -18< | 46 | 0 | >1 | -18 | 128 ]
[ -127 | -2 | 0 | 0 | 0 | 0 | 0 | 0 | 0 | 0 | 0 | 0 | 0 | 0 | 0 | 0 | 0 | 0 | 0 | 0 | 0 | 0 | 7 | 0 | -19< | 46 | 0 | >0 | -18 | 128 ]
[ -127 | -2 | 0 | 0 | 0 | 0 | 0 | 0 | 0 | 0 | 0 | 0 | 0 | 0 | 0 | 0 | 0 | 0 | 0 | 0 | 0 | 0 | 7 | 0 | -20< | 46 | 0 | 0 | >-18 | 128 ]
[ -127 | -2 | 0 | 0 | 0 | 0 | 0 | 0 | 0 | 0 | 0 | 0 | 0 | 0 | 0 | 0 | 0 | 0 | 0 | 0 | 0 | 0 | 7 | 0 | -21< | 46 | 0 | 0 | >-17 | 128 ]
[ -127 | -2 | 0 | 0 | 0 | 0 | 0 | 0 | 0 | 0 | 0 | 0 | 0 | 0 | 0 | 0 | 0 | 0 | 0 | 0 | 0 | 0 | 7 | 0 | -22< | 46 | 0 | 0 | >-17 | 128 ]
[ -127 | -2 | 0 | 0 | 0 | 0 | 0 | 0 | 0 | 0 | 0 | 0 | 0 | 0 | 0 | 0 | 0 | 0 | 0 | 0 | 0 | 0 | 7 | 0< | -22 | 46 | 0 | 0 | >-18 | 128 ]
[ -127 | -2 | 0 | 0 | 0 | 0 | 0 | 0 | 0 | 0 | 0 | 0 | 0 | 0 | 0 | 0 | 0 | 0 | 0 | 0 | 0 | 0 | 7< | 0 | -22 | 46 | 0 | 0 | -18 | >128 ]
[ -127 | -2 | 0 | 0 | 0 | 0 | 0 | 0 | 0 | 0 | 0 | 0 | 0 | 0 | 0 | 0 | 0 | 0 | 0 | 0 | 0 | 0< | 7 | 0 | -22 | 46 | 0 | 0 | -18 | >-127 ]
[ -127 | -2 | 0 | 0 | 0 | 0 | 0 | 0 | 0 | 0 | 0 | 0 | 0 | 0 | 0 | 0 | 0 | 0 | 0 | 0 | 0 | 1< | 7 | 0 | -22 | 46 | 0 | 0 | -18 | >-127 ]
[ -127 | -2 | 0 | 0 | 0 | 0 | 0 | 0 | 0 | 0 | 0 | 0 | 0 | 0 | 0 | 0 | 0 | 0 | 0 | 0 | 0 | 2< | 7 | 0 | -22 | 46 | 0 | 0 | -18 | >128 ]
[ >-127 | -2 | 0 | 0 | 0 | 0 | 0 | 0 | 0 | 0 | 0 | 0 | 0 | 0 | 0 | 0 | 0 | 0 | 0 | 0 | 0 | 3< | 7 | 0 | -22 | 46 | 0 | 0 | -18 | 128 ]

===== EndTitled won the battle after 120 cycles =====



===== Starting battle of <MetaJSRandomBot> vs <EndTitled> with memory tape size: 21 =====

[ >128 | 0 | 0 | 0 | 0 | 0 | 0 | 0 | 0 | 0 | 0 | 0 | 0 | 0 | 0 | 0 | 0 | 0 | 0 | 0 | 128< ]
[ >-127 | 0 | 0 | 0 | 0 | 0 | 0 | 0 | 0 | 0 | 0 | 0 | 0 | 0 | 0 | 0 | 0 | 0 | 0 | 0 | 128< ]
[ >-127 | 0 | 0 | 0 | 0 | 0 | 0 | 0 | 0 | 0 | 0 | 0 | 0 | 0 | 0 | 0 | 0 | 0 | 0 | 0 | 128< ]
[ >-127 | 0 | 0 | 0 | 0 | 0 | 0 | 0 | 0 | 0 | 0 | 0 | 0 | 0 | 0 | 0 | 0 | 0 | 0 | 0< | 128 ]
[ -127 | >0 | 0 | 0 | 0 | 0 | 0 | 0 | 0 | 0 | 0 | 0 | 0 | 0 | 0 | 0 | 0 | 0 | 0< | 0 | 128 ]
[ -127 | >-1 | 0 | 0 | 0 | 0 | 0 | 0 | 0 | 0 | 0 | 0 | 0 | 0 | 0 | 0 | 0 | 0< | 0 | 0 | 128 ]
[ -127 | >-1 | 0 | 0 | 0 | 0 | 0 | 0 | 0 | 0 | 0 | 0 | 0 | 0 | 0 | 0 | 0< | 0 | 0 | 0 | 128 ]
[ -127 | >-2 | 0 | 0 | 0 | 0 | 0 | 0 | 0 | 0 | 0 | 0 | 0 | 0 | 0 | 0< | 0 | 0 | 0 | 0 | 128 ]
[ -127 | -2 | >0 | 0 | 0 | 0 | 0 | 0 | 0 | 0 | 0 | 0 | 0 | 0 | 0< | 0 | 0 | 0 | 0 | 0 | 128 ]
[ -127 | -2 | >1 | 0 | 0 | 0 | 0 | 0 | 0 | 0 | 0 | 0 | 0 | 0< | 0 | 0 | 0 | 0 | 0 | 0 | 128 ]
[ -127 | -2 | >1 | 0 | 0 | 0 | 0 | 0 | 0 | 0 | 0 | 0 | 0 | 1< | 0 | 0 | 0 | 0 | 0 | 0 | 128 ]
[ -127 | -2 | >0 | 0 | 0 | 0 | 0 | 0 | 0 | 0 | 0 | 0 | 0 | 2< | 0 | 0 | 0 | 0 | 0 | 0 | 128 ]
[ -127 | -2 | 0 | >0 | 0 | 0 | 0 | 0 | 0 | 0 | 0 | 0 | 0 | 3< | 0 | 0 | 0 | 0 | 0 | 0 | 128 ]
[ -127 | -2 | 0 | >1 | 0 | 0 | 0 | 0 | 0 | 0 | 0 | 0 | 0 | 4< | 0 | 0 | 0 | 0 | 0 | 0 | 128 ]
[ -127 | -2 | 0 | >1 | 0 | 0 | 0 | 0 | 0 | 0 | 0 | 0 | 0 | 5< | 0 | 0 | 0 | 0 | 0 | 0 | 128 ]
[ -127 | -2 | 0 | >0 | 0 | 0 | 0 | 0 | 0 | 0 | 0 | 0 | 0 | 6< | 0 | 0 | 0 | 0 | 0 | 0 | 128 ]
[ -127 | -2 | 0 | 0 | >0 | 0 | 0 | 0 | 0 | 0 | 0 | 0 | 0 | 7< | 0 | 0 | 0 | 0 | 0 | 0 | 128 ]
[ -127 | -2 | 0 | 0 | >1 | 0 | 0 | 0 | 0 | 0 | 0 | 0 | 0 | 7 | 0< | 0 | 0 | 0 | 0 | 0 | 128 ]
[ -127 | -2 | 0 | 0 | >1 | 0 | 0 | 0 | 0 | 0 | 0 | 0 | 0 | 7 | 0 | 0< | 0 | 0 | 0 | 0 | 128 ]
[ -127 | -2 | 0 | 0 | >0 | 0 | 0 | 0 | 0 | 0 | 0 | 0 | 0 | 7 | 0 | 0 | 0< | 0 | 0 | 0 | 128 ]
[ -127 | -2 | 0 | 0 | 0 | >0 | 0 | 0 | 0 | 0 | 0 | 0 | 0 | 7 | 0 | 0 | 0 | 0< | 0 | 0 | 128 ]
[ -127 | -2 | 0 | 0 | 0 | >1 | 0 | 0 | 0 | 0 | 0 | 0 | 0 | 7 | 0 | 0 | 0 | 0 | 0< | 0 | 128 ]
[ -127 | -2 | 0 | 0 | 0 | >1 | 0 | 0 | 0 | 0 | 0 | 0 | 0 | 7 | 0 | 0 | 0 | 0 | 0 | 0< | 128 ]
[ -127 | -2 | 0 | 0 | 0 | >0 | 0 | 0 | 0 | 0 | 0 | 0 | 0 | 7 | 0 | 0 | 0 | 0 | 0 | 0 | 128< ]
[ -127 | -2 | 0 | 0 | 0 | 0 | >0 | 0 | 0 | 0 | 0 | 0 | 0 | 7 | 0 | 0 | 0 | 0 | 0 | 0< | 128 ]
[ -127 | -2 | 0 | 0 | 0 | 0 | >1 | 0 | 0 | 0 | 0 | 0 | 0 | 7 | 0 | 0 | 0 | 0 | 0 | -1< | 128 ]
[ -127 | -2 | 0 | 0 | 0 | 0 | >1 | 0 | 0 | 0 | 0 | 0 | 0 | 7 | 0 | 0 | 0 | 0 | 0 | -2< | 128 ]
[ -127 | -2 | 0 | 0 | 0 | 0 | >0 | 0 | 0 | 0 | 0 | 0 | 0 | 7 | 0 | 0 | 0 | 0 | 0 | -3< | 128 ]
[ -127 | -2 | 0 | 0 | 0 | 0 | 0 | >0 | 0 | 0 | 0 | 0 | 0 | 7 | 0 | 0 | 0 | 0 | 0 | -4< | 128 ]
[ -127 | -2 | 0 | 0 | 0 | 0 | 0 | >1 | 0 | 0 | 0 | 0 | 0 | 7 | 0 | 0 | 0 | 0 | 0 | -5< | 128 ]
[ -127 | -2 | 0 | 0 | 0 | 0 | 0 | >1 | 0 | 0 | 0 | 0 | 0 | 7 | 0 | 0 | 0 | 0 | 0 | -6< | 128 ]
[ -127 | -2 | 0 | 0 | 0 | 0 | 0 | >0 | 0 | 0 | 0 | 0 | 0 | 7 | 0 | 0 | 0 | 0 | 0 | -7< | 128 ]
[ -127 | -2 | 0 | 0 | 0 | 0 | 0 | 0 | >0 | 0 | 0 | 0 | 0 | 7 | 0 | 0 | 0 | 0 | 0 | -8< | 128 ]
[ -127 | -2 | 0 | 0 | 0 | 0 | 0 | 0 | >1 | 0 | 0 | 0 | 0 | 7 | 0 | 0 | 0 | 0 | 0 | -9< | 128 ]
[ -127 | -2 | 0 | 0 | 0 | 0 | 0 | 0 | >1 | 0 | 0 | 0 | 0 | 7 | 0 | 0 | 0 | 0 | 0 | -10< | 128 ]
[ -127 | -2 | 0 | 0 | 0 | 0 | 0 | 0 | >0 | 0 | 0 | 0 | 0 | 7 | 0 | 0 | 0 | 0 | 0 | -11< | 128 ]
[ -127 | -2 | 0 | 0 | 0 | 0 | 0 | 0 | 0 | >0 | 0 | 0 | 0 | 7 | 0 | 0 | 0 | 0 | 0 | -12< | 128 ]
[ -127 | -2 | 0 | 0 | 0 | 0 | 0 | 0 | 0 | >1 | 0 | 0 | 0 | 7 | 0 | 0 | 0 | 0 | 0 | -13< | 128 ]
[ -127 | -2 | 0 | 0 | 0 | 0 | 0 | 0 | 0 | >1 | 0 | 0 | 0 | 7 | 0 | 0 | 0 | 0 | 0 | -14< | 128 ]
[ -127 | -2 | 0 | 0 | 0 | 0 | 0 | 0 | 0 | >0 | 0 | 0 | 0 | 7 | 0 | 0 | 0 | 0 | 0 | -15< | 128 ]
[ -127 | -2 | 0 | 0 | 0 | 0 | 0 | 0 | 0 | 0 | >0 | 0 | 0 | 7 | 0 | 0 | 0 | 0 | 0 | -16< | 128 ]
[ -127 | -2 | 0 | 0 | 0 | 0 | 0 | 0 | 0 | 0 | >1 | 0 | 0 | 7 | 0 | 0 | 0 | 0 | 0 | -17< | 128 ]
[ -127 | -2 | 0 | 0 | 0 | 0 | 0 | 0 | 0 | 0 | >1 | 0 | 0 | 7 | 0 | 0 | 0 | 0 | 0 | -18< | 128 ]
[ -127 | -2 | 0 | 0 | 0 | 0 | 0 | 0 | 0 | 0 | >0 | 0 | 0 | 7 | 0 | 0 | 0 | 0 | 0< | -18 | 128 ]
[ -127 | -2 | 0 | 0 | 0 | 0 | 0 | 0 | 0 | 0 | 0 | >0 | 0 | 7 | 0 | 0 | 0 | 0< | 0 | -18 | 128 ]
[ -127 | -2 | 0 | 0 | 0 | 0 | 0 | 0 | 0 | 0 | 0 | >1 | 0 | 7 | 0 | 0 | 0< | 0 | 0 | -18 | 128 ]
[ -127 | -2 | 0 | 0 | 0 | 0 | 0 | 0 | 0 | 0 | 0 | >1 | 0 | 7 | 0 | 0 | 1< | 0 | 0 | -18 | 128 ]
[ -127 | -2 | 0 | 0 | 0 | 0 | 0 | 0 | 0 | 0 | 0 | >0 | 0 | 7 | 0 | 0 | 2< | 0 | 0 | -18 | 128 ]
[ -127 | -2 | 0 | 0 | 0 | 0 | 0 | 0 | 0 | 0 | 0 | 0 | >0 | 7 | 0 | 0 | 3< | 0 | 0 | -18 | 128 ]
[ -127 | -2 | 0 | 0 | 0 | 0 | 0 | 0 | 0 | 0 | 0 | 0 | >1 | 7 | 0 | 0 | 4< | 0 | 0 | -18 | 128 ]
[ -127 | -2 | 0 | 0 | 0 | 0 | 0 | 0 | 0 | 0 | 0 | 0 | >1 | 7 | 0 | 0 | 5< | 0 | 0 | -18 | 128 ]
[ -127 | -2 | 0 | 0 | 0 | 0 | 0 | 0 | 0 | 0 | 0 | 0 | >0 | 7 | 0 | 0 | 6< | 0 | 0 | -18 | 128 ]
[ -127 | -2 | 0 | 0 | 0 | 0 | 0 | 0 | 0 | 0 | 0 | 0 | 0 | >7 | 0 | 0 | 7< | 0 | 0 | -18 | 128 ]
[ -127 | -2 | 0 | 0 | 0 | 0 | 0 | 0 | 0 | 0 | 0 | 0 | 0 | >8 | 0 | 0 | 8< | 0 | 0 | -18 | 128 ]
[ -127 | -2 | 0 | 0 | 0 | 0 | 0 | 0 | 0 | 0 | 0 | 0 | 0 | >8 | 0 | 0 | 9< | 0 | 0 | -18 | 128 ]
[ -127 | -2 | 0 | 0 | 0 | 0 | 0 | 0 | 0 | 0 | 0 | 0 | 0 | >7 | 0 | 0 | 10< | 0 | 0 | -18 | 128 ]
[ -127 | -2 | 0 | 0 | 0 | 0 | 0 | 0 | 0 | 0 | 0 | 0 | 0 | 7 | >0 | 0 | 11< | 0 | 0 | -18 | 128 ]
[ -127 | -2 | 0 | 0 | 0 | 0 | 0 | 0 | 0 | 0 | 0 | 0 | 0 | 7 | >1 | 0 | 12< | 0 | 0 | -18 | 128 ]
[ -127 | -2 | 0 | 0 | 0 | 0 | 0 | 0 | 0 | 0 | 0 | 0 | 0 | 7 | >1 | 0 | 13< | 0 | 0 | -18 | 128 ]
[ -127 | -2 | 0 | 0 | 0 | 0 | 0 | 0 | 0 | 0 | 0 | 0 | 0 | 7 | >0 | 0 | 14< | 0 | 0 | -18 | 128 ]
[ -127 | -2 | 0 | 0 | 0 | 0 | 0 | 0 | 0 | 0 | 0 | 0 | 0 | 7 | 0 | >0 | 15< | 0 | 0 | -18 | 128 ]
[ -127 | -2 | 0 | 0 | 0 | 0 | 0 | 0 | 0 | 0 | 0 | 0 | 0 | 7 | 0 | >1 | 16< | 0 | 0 | -18 | 128 ]
[ -127 | -2 | 0 | 0 | 0 | 0 | 0 | 0 | 0 | 0 | 0 | 0 | 0 | 7 | 0 | >1 | 17< | 0 | 0 | -18 | 128 ]
[ -127 | -2 | 0 | 0 | 0 | 0 | 0 | 0 | 0 | 0 | 0 | 0 | 0 | 7 | 0 | >0 | 18< | 0 | 0 | -18 | 128 ]
[ -127 | -2 | 0 | 0 | 0 | 0 | 0 | 0 | 0 | 0 | 0 | 0 | 0 | 7 | 0 | 0 | >19< | 0 | 0 | -18 | 128 ]
[ -127 | -2 | 0 | 0 | 0 | 0 | 0 | 0 | 0 | 0 | 0 | 0 | 0 | 7 | 0 | 0 | >21< | 0 | 0 | -18 | 128 ]
[ -127 | -2 | 0 | 0 | 0 | 0 | 0 | 0 | 0 | 0 | 0 | 0 | 0 | 7 | 0 | 0 | >22< | 0 | 0 | -18 | 128 ]
[ -127 | -2 | 0 | 0 | 0 | 0 | 0 | 0 | 0 | 0 | 0 | 0 | 0 | 7 | 0 | 0 | >22< | 0 | 0 | -18 | 128 ]
[ -127 | -2 | 0 | 0 | 0 | 0 | 0 | 0 | 0 | 0 | 0 | 0 | 0 | 7 | 0 | 0 | 23< | >0 | 0 | -18 | 128 ]
[ -127 | -2 | 0 | 0 | 0 | 0 | 0 | 0 | 0 | 0 | 0 | 0 | 0 | 7 | 0 | 0 | 24< | >1 | 0 | -18 | 128 ]
[ -127 | -2 | 0 | 0 | 0 | 0 | 0 | 0 | 0 | 0 | 0 | 0 | 0 | 7 | 0 | 0 | 25< | >1 | 0 | -18 | 128 ]
[ -127 | -2 | 0 | 0 | 0 | 0 | 0 | 0 | 0 | 0 | 0 | 0 | 0 | 7 | 0 | 0 | 26< | >0 | 0 | -18 | 128 ]
[ -127 | -2 | 0 | 0 | 0 | 0 | 0 | 0 | 0 | 0 | 0 | 0 | 0 | 7 | 0 | 0 | 27< | 0 | >0 | -18 | 128 ]
[ -127 | -2 | 0 | 0 | 0 | 0 | 0 | 0 | 0 | 0 | 0 | 0 | 0 | 7 | 0 | 0 | 28< | 0 | >1 | -18 | 128 ]
[ -127 | -2 | 0 | 0 | 0 | 0 | 0 | 0 | 0 | 0 | 0 | 0 | 0 | 7 | 0 | 0 | 29< | 0 | >1 | -18 | 128 ]
[ -127 | -2 | 0 | 0 | 0 | 0 | 0 | 0 | 0 | 0 | 0 | 0 | 0 | 7 | 0 | 0 | 30< | 0 | >0 | -18 | 128 ]
[ -127 | -2 | 0 | 0 | 0 | 0 | 0 | 0 | 0 | 0 | 0 | 0 | 0 | 7 | 0 | 0 | 31< | 0 | 0 | >-18 | 128 ]
[ -127 | -2 | 0 | 0 | 0 | 0 | 0 | 0 | 0 | 0 | 0 | 0 | 0 | 7 | 0 | 0 | 32< | 0 | 0 | >-17 | 128 ]
[ -127 | -2 | 0 | 0 | 0 | 0 | 0 | 0 | 0 | 0 | 0 | 0 | 0 | 7 | 0 | 0 | 33< | 0 | 0 | >-17 | 128 ]
[ -127 | -2 | 0 | 0 | 0 | 0 | 0 | 0 | 0 | 0 | 0 | 0 | 0 | 7 | 0 | 0 | 34< | 0 | 0 | >-18 | 128 ]
[ -127 | -2 | 0 | 0 | 0 | 0 | 0 | 0 | 0 | 0 | 0 | 0 | 0 | 7 | 0 | 0 | 35< | 0 | 0 | -18 | >128 ]
[ -127 | -2 | 0 | 0 | 0 | 0 | 0 | 0 | 0 | 0 | 0 | 0 | 0 | 7 | 0 | 0 | 36< | 0 | 0 | -18 | >-127 ]
[ -127 | -2 | 0 | 0 | 0 | 0 | 0 | 0 | 0 | 0 | 0 | 0 | 0 | 7 | 0 | 0 | 37< | 0 | 0 | -18 | >-127 ]
[ -127 | -2 | 0 | 0 | 0 | 0 | 0 | 0 | 0 | 0 | 0 | 0 | 0 | 7 | 0 | 0 | 38< | 0 | 0 | -18 | >128 ]
[ >-127 | -2 | 0 | 0 | 0 | 0 | 0 | 0 | 0 | 0 | 0 | 0 | 0 | 7 | 0 | 0 | 39< | 0 | 0 | -18 | 128 ]

===== EndTitled won the battle after 84 cycles =====



===== Starting battle of <MetaJSRandomBot> vs <EndTitled> with memory tape size: 10 =====

[ >128 | 0 | 0 | 0 | 0 | 0 | 0 | 0 | 0 | 128< ]
[ >-127 | 0 | 0 | 0 | 0 | 0 | 0 | 0 | 0 | 128< ]
[ >-127 | 0 | 0 | 0 | 0 | 0 | 0 | 0 | 0 | 128< ]
[ >-127 | 0 | 0 | 0 | 0 | 0 | 0 | 0 | 0< | 128 ]
[ -127 | >0 | 0 | 0 | 0 | 0 | 0 | 0< | 0 | 128 ]
[ -127 | >-1 | 0 | 0 | 0 | 0 | 0< | 0 | 0 | 128 ]
[ -127 | >-1 | 0 | 0 | 0 | 0< | 0 | 0 | 0 | 128 ]
[ -127 | >-2 | 0 | 0 | 0< | 0 | 0 | 0 | 0 | 128 ]
[ -127 | -2 | >0 | 0< | 0 | 0 | 0 | 0 | 0 | 128 ]
[ -127 | -2 | >1< | 0 | 0 | 0 | 0 | 0 | 0 | 128 ]
[ -127 | -2 | >2< | 0 | 0 | 0 | 0 | 0 | 0 | 128 ]
[ -127 | -2 | >2< | 0 | 0 | 0 | 0 | 0 | 0 | 128 ]
[ -127 | -2 | 3< | >0 | 0 | 0 | 0 | 0 | 0 | 128 ]
[ -127 | -2 | 4< | >1 | 0 | 0 | 0 | 0 | 0 | 128 ]
[ -127 | -2 | 5< | >1 | 0 | 0 | 0 | 0 | 0 | 128 ]
[ -127 | -2 | 6< | >0 | 0 | 0 | 0 | 0 | 0 | 128 ]
[ -127 | -2 | 7< | 0 | >0 | 0 | 0 | 0 | 0 | 128 ]
[ -127 | -2 | 7 | 0< | >1 | 0 | 0 | 0 | 0 | 128 ]
[ -127 | -2 | 7 | 0 | >1< | 0 | 0 | 0 | 0 | 128 ]
[ -127 | -2 | 7 | 0 | >0 | 0< | 0 | 0 | 0 | 128 ]
[ -127 | -2 | 7 | 0 | 0 | >0 | 0< | 0 | 0 | 128 ]
[ -127 | -2 | 7 | 0 | 0 | >1 | 0 | 0< | 0 | 128 ]
[ -127 | -2 | 7 | 0 | 0 | >1 | 0 | 0 | 0< | 128 ]
[ -127 | -2 | 7 | 0 | 0 | >0 | 0 | 0 | 0 | 128< ]
[ -127 | -2 | 7 | 0 | 0 | 0 | >0 | 0 | 0< | 128 ]
[ -127 | -2 | 7 | 0 | 0 | 0 | >1 | 0 | -1< | 128 ]
[ -127 | -2 | 7 | 0 | 0 | 0 | >1 | 0 | -2< | 128 ]
[ -127 | -2 | 7 | 0 | 0 | 0 | >0 | 0 | -3< | 128 ]
[ -127 | -2 | 7 | 0 | 0 | 0 | 0 | >0 | -4< | 128 ]
[ -127 | -2 | 7 | 0 | 0 | 0 | 0 | >1 | -5< | 128 ]
[ -127 | -2 | 7 | 0 | 0 | 0 | 0 | >1 | -6< | 128 ]
[ -127 | -2 | 7 | 0 | 0 | 0 | 0 | >0 | -7< | 128 ]
[ -127 | -2 | 7 | 0 | 0 | 0 | 0 | 0 | >-8< | 128 ]
[ -127 | -2 | 7 | 0 | 0 | 0 | 0 | 0 | >-8< | 128 ]
[ -127 | -2 | 7 | 0 | 0 | 0 | 0 | 0 | >-9< | 128 ]
[ -127 | -2 | 7 | 0 | 0 | 0 | 0 | 0 | >-11< | 128 ]
[ -127 | -2 | 7 | 0 | 0 | 0 | 0 | 0 | -12< | >128 ]
[ -127 | -2 | 7 | 0 | 0 | 0 | 0 | 0 | -13< | >-127 ]
[ -127 | -2 | 7 | 0 | 0 | 0 | 0 | 0 | -14< | >-127 ]
[ -127 | -2 | 7 | 0 | 0 | 0 | 0 | 0 | -15< | >128 ]
[ >-127 | -2 | 7 | 0 | 0 | 0 | 0 | 0 | -16< | 128 ]

===== EndTitled won the battle after 40 cycles =====



===== Starting battle of <MetaJSRandomBot> vs <EndTitled> with memory tape size: 15 =====

[ >128 | 0 | 0 | 0 | 0 | 0 | 0 | 0 | 0 | 0 | 0 | 0 | 0 | 0 | 128< ]
[ >-127 | 0 | 0 | 0 | 0 | 0 | 0 | 0 | 0 | 0 | 0 | 0 | 0 | 0 | 128< ]
[ >-127 | 0 | 0 | 0 | 0 | 0 | 0 | 0 | 0 | 0 | 0 | 0 | 0 | 0 | 128< ]
[ >-127 | 0 | 0 | 0 | 0 | 0 | 0 | 0 | 0 | 0 | 0 | 0 | 0 | 0< | 128 ]
[ -127 | >0 | 0 | 0 | 0 | 0 | 0 | 0 | 0 | 0 | 0 | 0 | 0< | 0 | 128 ]
[ -127 | >-1 | 0 | 0 | 0 | 0 | 0 | 0 | 0 | 0 | 0 | 0< | 0 | 0 | 128 ]
[ -127 | >-1 | 0 | 0 | 0 | 0 | 0 | 0 | 0 | 0 | 0< | 0 | 0 | 0 | 128 ]
[ -127 | >-2 | 0 | 0 | 0 | 0 | 0 | 0 | 0 | 0< | 0 | 0 | 0 | 0 | 128 ]
[ -127 | -2 | >0 | 0 | 0 | 0 | 0 | 0 | 0< | 0 | 0 | 0 | 0 | 0 | 128 ]
[ -127 | -2 | >1 | 0 | 0 | 0 | 0 | 0< | 0 | 0 | 0 | 0 | 0 | 0 | 128 ]
[ -127 | -2 | >1 | 0 | 0 | 0 | 0 | 1< | 0 | 0 | 0 | 0 | 0 | 0 | 128 ]
[ -127 | -2 | >0 | 0 | 0 | 0 | 0 | 2< | 0 | 0 | 0 | 0 | 0 | 0 | 128 ]
[ -127 | -2 | 0 | >0 | 0 | 0 | 0 | 3< | 0 | 0 | 0 | 0 | 0 | 0 | 128 ]
[ -127 | -2 | 0 | >1 | 0 | 0 | 0 | 4< | 0 | 0 | 0 | 0 | 0 | 0 | 128 ]
[ -127 | -2 | 0 | >1 | 0 | 0 | 0 | 5< | 0 | 0 | 0 | 0 | 0 | 0 | 128 ]
[ -127 | -2 | 0 | >0 | 0 | 0 | 0 | 6< | 0 | 0 | 0 | 0 | 0 | 0 | 128 ]
[ -127 | -2 | 0 | 0 | >0 | 0 | 0 | 7< | 0 | 0 | 0 | 0 | 0 | 0 | 128 ]
[ -127 | -2 | 0 | 0 | >1 | 0 | 0 | 7 | 0< | 0 | 0 | 0 | 0 | 0 | 128 ]
[ -127 | -2 | 0 | 0 | >1 | 0 | 0 | 7 | 0 | 0< | 0 | 0 | 0 | 0 | 128 ]
[ -127 | -2 | 0 | 0 | >0 | 0 | 0 | 7 | 0 | 0 | 0< | 0 | 0 | 0 | 128 ]
[ -127 | -2 | 0 | 0 | 0 | >0 | 0 | 7 | 0 | 0 | 0 | 0< | 0 | 0 | 128 ]
[ -127 | -2 | 0 | 0 | 0 | >1 | 0 | 7 | 0 | 0 | 0 | 0 | 0< | 0 | 128 ]
[ -127 | -2 | 0 | 0 | 0 | >1 | 0 | 7 | 0 | 0 | 0 | 0 | 0 | 0< | 128 ]
[ -127 | -2 | 0 | 0 | 0 | >0 | 0 | 7 | 0 | 0 | 0 | 0 | 0 | 0 | 128< ]
[ -127 | -2 | 0 | 0 | 0 | 0 | >0 | 7 | 0 | 0 | 0 | 0 | 0 | 0< | 128 ]
[ -127 | -2 | 0 | 0 | 0 | 0 | >1 | 7 | 0 | 0 | 0 | 0 | 0 | -1< | 128 ]
[ -127 | -2 | 0 | 0 | 0 | 0 | >1 | 7 | 0 | 0 | 0 | 0 | 0 | -2< | 128 ]
[ -127 | -2 | 0 | 0 | 0 | 0 | >0 | 7 | 0 | 0 | 0 | 0 | 0 | -3< | 128 ]
[ -127 | -2 | 0 | 0 | 0 | 0 | 0 | >7 | 0 | 0 | 0 | 0 | 0 | -4< | 128 ]
[ -127 | -2 | 0 | 0 | 0 | 0 | 0 | >8 | 0 | 0 | 0 | 0 | 0 | -5< | 128 ]
[ -127 | -2 | 0 | 0 | 0 | 0 | 0 | >8 | 0 | 0 | 0 | 0 | 0 | -6< | 128 ]
[ -127 | -2 | 0 | 0 | 0 | 0 | 0 | >7 | 0 | 0 | 0 | 0 | 0 | -7< | 128 ]
[ -127 | -2 | 0 | 0 | 0 | 0 | 0 | 7 | >0 | 0 | 0 | 0 | 0 | -8< | 128 ]
[ -127 | -2 | 0 | 0 | 0 | 0 | 0 | 7 | >1 | 0 | 0 | 0 | 0 | -9< | 128 ]
[ -127 | -2 | 0 | 0 | 0 | 0 | 0 | 7 | >1 | 0 | 0 | 0 | 0 | -10< | 128 ]
[ -127 | -2 | 0 | 0 | 0 | 0 | 0 | 7 | >0 | 0 | 0 | 0 | 0 | -11< | 128 ]
[ -127 | -2 | 0 | 0 | 0 | 0 | 0 | 7 | 0 | >0 | 0 | 0 | 0 | -12< | 128 ]
[ -127 | -2 | 0 | 0 | 0 | 0 | 0 | 7 | 0 | >1 | 0 | 0 | 0 | -13< | 128 ]
[ -127 | -2 | 0 | 0 | 0 | 0 | 0 | 7 | 0 | >1 | 0 | 0 | 0 | -14< | 128 ]
[ -127 | -2 | 0 | 0 | 0 | 0 | 0 | 7 | 0 | >0 | 0 | 0 | 0 | -15< | 128 ]
[ -127 | -2 | 0 | 0 | 0 | 0 | 0 | 7 | 0 | 0 | >0 | 0 | 0 | -16< | 128 ]
[ -127 | -2 | 0 | 0 | 0 | 0 | 0 | 7 | 0 | 0 | >1 | 0 | 0 | -17< | 128 ]
[ -127 | -2 | 0 | 0 | 0 | 0 | 0 | 7 | 0 | 0 | >1 | 0 | 0 | -18< | 128 ]
[ -127 | -2 | 0 | 0 | 0 | 0 | 0 | 7 | 0 | 0 | >0 | 0 | 0< | -18 | 128 ]
[ -127 | -2 | 0 | 0 | 0 | 0 | 0 | 7 | 0 | 0 | 0 | >0< | 0 | -18 | 128 ]
[ -127 | -2 | 0 | 0 | 0 | 0 | 0 | 7 | 0 | 0 | 0< | >1 | 0 | -18 | 128 ]
[ -127 | -2 | 0 | 0 | 0 | 0 | 0 | 7 | 0 | 0 | 1< | >1 | 0 | -18 | 128 ]
[ -127 | -2 | 0 | 0 | 0 | 0 | 0 | 7 | 0 | 0 | 2< | >0 | 0 | -18 | 128 ]
[ -127 | -2 | 0 | 0 | 0 | 0 | 0 | 7 | 0 | 0 | 3< | 0 | >0 | -18 | 128 ]
[ -127 | -2 | 0 | 0 | 0 | 0 | 0 | 7 | 0 | 0 | 4< | 0 | >1 | -18 | 128 ]
[ -127 | -2 | 0 | 0 | 0 | 0 | 0 | 7 | 0 | 0 | 5< | 0 | >1 | -18 | 128 ]
[ -127 | -2 | 0 | 0 | 0 | 0 | 0 | 7 | 0 | 0 | 6< | 0 | >0 | -18 | 128 ]
[ -127 | -2 | 0 | 0 | 0 | 0 | 0 | 7 | 0 | 0 | 7< | 0 | 0 | >-18 | 128 ]
[ -127 | -2 | 0 | 0 | 0 | 0 | 0 | 7 | 0 | 0 | 8< | 0 | 0 | >-17 | 128 ]
[ -127 | -2 | 0 | 0 | 0 | 0 | 0 | 7 | 0 | 0 | 9< | 0 | 0 | >-17 | 128 ]
[ -127 | -2 | 0 | 0 | 0 | 0 | 0 | 7 | 0 | 0 | 10< | 0 | 0 | >-18 | 128 ]
[ -127 | -2 | 0 | 0 | 0 | 0 | 0 | 7 | 0 | 0 | 11< | 0 | 0 | -18 | >128 ]
[ -127 | -2 | 0 | 0 | 0 | 0 | 0 | 7 | 0 | 0 | 12< | 0 | 0 | -18 | >-127 ]
[ -127 | -2 | 0 | 0 | 0 | 0 | 0 | 7 | 0 | 0 | 13< | 0 | 0 | -18 | >-127 ]
[ -127 | -2 | 0 | 0 | 0 | 0 | 0 | 7 | 0 | 0 | 14< | 0 | 0 | -18 | >128 ]
[ >-127 | -2 | 0 | 0 | 0 | 0 | 0 | 7 | 0 | 0 | 15< | 0 | 0 | -18 | 128 ]

===== EndTitled won the battle after 60 cycles =====



===== Starting battle of <MetaJSRandomBot> vs <EndTitled> with memory tape size: 14 =====

[ >128 | 0 | 0 | 0 | 0 | 0 | 0 | 0 | 0 | 0 | 0 | 0 | 0 | 128< ]
[ >-127 | 0 | 0 | 0 | 0 | 0 | 0 | 0 | 0 | 0 | 0 | 0 | 0 | 128< ]
[ >-127 | 0 | 0 | 0 | 0 | 0 | 0 | 0 | 0 | 0 | 0 | 0 | 0 | 128< ]
[ >-127 | 0 | 0 | 0 | 0 | 0 | 0 | 0 | 0 | 0 | 0 | 0 | 0< | 128 ]
[ -127 | >0 | 0 | 0 | 0 | 0 | 0 | 0 | 0 | 0 | 0 | 0< | 0 | 128 ]
[ -127 | >-1 | 0 | 0 | 0 | 0 | 0 | 0 | 0 | 0 | 0< | 0 | 0 | 128 ]
[ -127 | >-1 | 0 | 0 | 0 | 0 | 0 | 0 | 0 | 0< | 0 | 0 | 0 | 128 ]
[ -127 | >-2 | 0 | 0 | 0 | 0 | 0 | 0 | 0< | 0 | 0 | 0 | 0 | 128 ]
[ -127 | -2 | >0 | 0 | 0 | 0 | 0 | 0< | 0 | 0 | 0 | 0 | 0 | 128 ]
[ -127 | -2 | >1 | 0 | 0 | 0 | 0< | 0 | 0 | 0 | 0 | 0 | 0 | 128 ]
[ -127 | -2 | >1 | 0 | 0 | 0 | 1< | 0 | 0 | 0 | 0 | 0 | 0 | 128 ]
[ -127 | -2 | >0 | 0 | 0 | 0 | 2< | 0 | 0 | 0 | 0 | 0 | 0 | 128 ]
[ -127 | -2 | 0 | >0 | 0 | 0 | 3< | 0 | 0 | 0 | 0 | 0 | 0 | 128 ]
[ -127 | -2 | 0 | >1 | 0 | 0 | 4< | 0 | 0 | 0 | 0 | 0 | 0 | 128 ]
[ -127 | -2 | 0 | >1 | 0 | 0 | 5< | 0 | 0 | 0 | 0 | 0 | 0 | 128 ]
[ -127 | -2 | 0 | >0 | 0 | 0 | 6< | 0 | 0 | 0 | 0 | 0 | 0 | 128 ]
[ -127 | -2 | 0 | 0 | >0 | 0 | 7< | 0 | 0 | 0 | 0 | 0 | 0 | 128 ]
[ -127 | -2 | 0 | 0 | >1 | 0 | 7 | 0< | 0 | 0 | 0 | 0 | 0 | 128 ]
[ -127 | -2 | 0 | 0 | >1 | 0 | 7 | 0 | 0< | 0 | 0 | 0 | 0 | 128 ]
[ -127 | -2 | 0 | 0 | >0 | 0 | 7 | 0 | 0 | 0< | 0 | 0 | 0 | 128 ]
[ -127 | -2 | 0 | 0 | 0 | >0 | 7 | 0 | 0 | 0 | 0< | 0 | 0 | 128 ]
[ -127 | -2 | 0 | 0 | 0 | >1 | 7 | 0 | 0 | 0 | 0 | 0< | 0 | 128 ]
[ -127 | -2 | 0 | 0 | 0 | >1 | 7 | 0 | 0 | 0 | 0 | 0 | 0< | 128 ]
[ -127 | -2 | 0 | 0 | 0 | >0 | 7 | 0 | 0 | 0 | 0 | 0 | 0 | 128< ]
[ -127 | -2 | 0 | 0 | 0 | 0 | >7 | 0 | 0 | 0 | 0 | 0 | 0< | 128 ]
[ -127 | -2 | 0 | 0 | 0 | 0 | >8 | 0 | 0 | 0 | 0 | 0 | -1< | 128 ]
[ -127 | -2 | 0 | 0 | 0 | 0 | >8 | 0 | 0 | 0 | 0 | 0 | -2< | 128 ]
[ -127 | -2 | 0 | 0 | 0 | 0 | >7 | 0 | 0 | 0 | 0 | 0 | -3< | 128 ]
[ -127 | -2 | 0 | 0 | 0 | 0 | 7 | >0 | 0 | 0 | 0 | 0 | -4< | 128 ]
[ -127 | -2 | 0 | 0 | 0 | 0 | 7 | >1 | 0 | 0 | 0 | 0 | -5< | 128 ]
[ -127 | -2 | 0 | 0 | 0 | 0 | 7 | >1 | 0 | 0 | 0 | 0 | -6< | 128 ]
[ -127 | -2 | 0 | 0 | 0 | 0 | 7 | >0 | 0 | 0 | 0 | 0 | -7< | 128 ]
[ -127 | -2 | 0 | 0 | 0 | 0 | 7 | 0 | >0 | 0 | 0 | 0 | -8< | 128 ]
[ -127 | -2 | 0 | 0 | 0 | 0 | 7 | 0 | >1 | 0 | 0 | 0 | -9< | 128 ]
[ -127 | -2 | 0 | 0 | 0 | 0 | 7 | 0 | >1 | 0 | 0 | 0 | -10< | 128 ]
[ -127 | -2 | 0 | 0 | 0 | 0 | 7 | 0 | >0 | 0 | 0 | 0 | -11< | 128 ]
[ -127 | -2 | 0 | 0 | 0 | 0 | 7 | 0 | 0 | >0 | 0 | 0 | -12< | 128 ]
[ -127 | -2 | 0 | 0 | 0 | 0 | 7 | 0 | 0 | >1 | 0 | 0 | -13< | 128 ]
[ -127 | -2 | 0 | 0 | 0 | 0 | 7 | 0 | 0 | >1 | 0 | 0 | -14< | 128 ]
[ -127 | -2 | 0 | 0 | 0 | 0 | 7 | 0 | 0 | >0 | 0 | 0 | -15< | 128 ]
[ -127 | -2 | 0 | 0 | 0 | 0 | 7 | 0 | 0 | 0 | >0 | 0 | -16< | 128 ]
[ -127 | -2 | 0 | 0 | 0 | 0 | 7 | 0 | 0 | 0 | >1 | 0 | -17< | 128 ]
[ -127 | -2 | 0 | 0 | 0 | 0 | 7 | 0 | 0 | 0 | >1 | 0 | -18< | 128 ]
[ -127 | -2 | 0 | 0 | 0 | 0 | 7 | 0 | 0 | 0 | >0 | 0< | -18 | 128 ]
[ -127 | -2 | 0 | 0 | 0 | 0 | 7 | 0 | 0 | 0 | 0< | >0 | -18 | 128 ]
[ -127 | -2 | 0 | 0 | 0 | 0 | 7 | 0 | 0 | 0< | 0 | >1 | -18 | 128 ]
[ -127 | -2 | 0 | 0 | 0 | 0 | 7 | 0 | 0 | 1< | 0 | >1 | -18 | 128 ]
[ -127 | -2 | 0 | 0 | 0 | 0 | 7 | 0 | 0 | 2< | 0 | >0 | -18 | 128 ]
[ -127 | -2 | 0 | 0 | 0 | 0 | 7 | 0 | 0 | 3< | 0 | 0 | >-18 | 128 ]
[ -127 | -2 | 0 | 0 | 0 | 0 | 7 | 0 | 0 | 4< | 0 | 0 | >-17 | 128 ]
[ -127 | -2 | 0 | 0 | 0 | 0 | 7 | 0 | 0 | 5< | 0 | 0 | >-17 | 128 ]
[ -127 | -2 | 0 | 0 | 0 | 0 | 7 | 0 | 0 | 6< | 0 | 0 | >-18 | 128 ]
[ -127 | -2 | 0 | 0 | 0 | 0 | 7 | 0 | 0 | 7< | 0 | 0 | -18 | >128 ]
[ -127 | -2 | 0 | 0 | 0 | 0 | 7 | 0 | 0 | 8< | 0 | 0 | -18 | >-127 ]
[ -127 | -2 | 0 | 0 | 0 | 0 | 7 | 0 | 0 | 9< | 0 | 0 | -18 | >-127 ]
[ -127 | -2 | 0 | 0 | 0 | 0 | 7 | 0 | 0 | 10< | 0 | 0 | -18 | >128 ]
[ >-127 | -2 | 0 | 0 | 0 | 0 | 7 | 0 | 0 | 11< | 0 | 0 | -18 | 128 ]

===== EndTitled won the battle after 56 cycles =====



===== MetaJSRandomBot.bf vs. EndTitled.bf finished with 0:10 =====