===== Starting battle of <MetaJSRandomBot> vs <GetOffMate> with memory tape size: 20 =====

[ >128 | 0 | 0 | 0 | 0 | 0 | 0 | 0 | 0 | 0 | 0 | 0 | 0 | 0 | 0 | 0 | 0 | 0 | 0 | 128< ]
[ >-127 | 0 | 0 | 0 | 0 | 0 | 0 | 0 | 0 | 0 | 0 | 0 | 0 | 0 | 0 | 0 | 0 | 0 | 0< | 128 ]
[ >-127 | 0 | 0 | 0 | 0 | 0 | 0 | 0 | 0 | 0 | 0 | 0 | 0 | 0 | 0 | 0 | 0 | 0< | 0 | 128 ]
[ >-127 | 0 | 0 | 0 | 0 | 0 | 0 | 0 | 0 | 0 | 0 | 0 | 0 | 0 | 0 | 0 | 0< | 0 | 0 | 128 ]
[ -127 | >0 | 0 | 0 | 0 | 0 | 0 | 0 | 0 | 0 | 0 | 0 | 0 | 0 | 0 | 0< | 0 | 0 | 0 | 128 ]
[ -127 | >-1 | 0 | 0 | 0 | 0 | 0 | 0 | 0 | 0 | 0 | 0 | 0 | 0 | 0< | 0 | 0 | 0 | 0 | 128 ]
[ -127 | >-1 | 0 | 0 | 0 | 0 | 0 | 0 | 0 | 0 | 0 | 0 | 0 | 0< | 0 | 0 | 0 | 0 | 0 | 128 ]
[ -127 | >-2 | 0 | 0 | 0 | 0 | 0 | 0 | 0 | 0 | 0 | 0 | 0< | 0 | 0 | 0 | 0 | 0 | 0 | 128 ]
[ -127 | -2 | >0 | 0 | 0 | 0 | 0 | 0 | 0 | 0 | 0 | 0< | 0 | 0 | 0 | 0 | 0 | 0 | 0 | 128 ]
[ -127 | -2 | >1 | 0 | 0 | 0 | 0 | 0 | 0 | 0 | 0< | 0 | 0 | 0 | 0 | 0 | 0 | 0 | 0 | 128 ]
[ -127 | -2 | >1 | 0 | 0 | 0 | 0 | 0 | 0 | 0< | 0 | 0 | 0 | 0 | 0 | 0 | 0 | 0 | 0 | 128 ]
[ -127 | -2 | >0 | 0 | 0 | 0 | 0 | 0 | 0< | 0 | 0 | 0 | 0 | 0 | 0 | 0 | 0 | 0 | 0 | 128 ]
[ -127 | -2 | 0 | >0 | 0 | 0 | 0 | 0< | 0 | 0 | 0 | 0 | 0 | 0 | 0 | 0 | 0 | 0 | 0 | 128 ]
[ -127 | -2 | 0 | >1 | 0 | 0 | 0< | 0 | 0 | 0 | 0 | 0 | 0 | 0 | 0 | 0 | 0 | 0 | 0 | 128 ]
[ -127 | -2 | 0 | >1 | 0 | 0< | 0 | 0 | 0 | 0 | 0 | 0 | 0 | 0 | 0 | 0 | 0 | 0 | 0 | 128 ]
[ -127 | -2 | 0 | >0 | 0< | 0 | 0 | 0 | 0 | 0 | 0 | 0 | 0 | 0 | 0 | 0 | 0 | 0 | 0 | 128 ]
[ -127 | -2 | 0 | 0< | >0 | 0 | 0 | 0 | 0 | 0 | 0 | 0 | 0 | 0 | 0 | 0 | 0 | 0 | 0 | 128 ]
[ -127 | -2 | 0< | 0 | >1 | 0 | 0 | 0 | 0 | 0 | 0 | 0 | 0 | 0 | 0 | 0 | 0 | 0 | 0 | 128 ]
[ -127 | -2< | 0 | 0 | >1 | 0 | 0 | 0 | 0 | 0 | 0 | 0 | 0 | 0 | 0 | 0 | 0 | 0 | 0 | 128 ]
[ -127< | -2 | 0 | 0 | >0 | 0 | 0 | 0 | 0 | 0 | 0 | 0 | 0 | 0 | 0 | 0 | 0 | 0 | 0 | 128 ]
[ -127< | -2 | 0 | 0 | 0 | >0 | 0 | 0 | 0 | 0 | 0 | 0 | 0 | 0 | 0 | 0 | 0 | 0 | 0 | 128 ]
[ -126< | -2 | 0 | 0 | 0 | >1 | 0 | 0 | 0 | 0 | 0 | 0 | 0 | 0 | 0 | 0 | 0 | 0 | 0 | 128 ]
[ -125< | -2 | 0 | 0 | 0 | >1 | 0 | 0 | 0 | 0 | 0 | 0 | 0 | 0 | 0 | 0 | 0 | 0 | 0 | 128 ]
[ -124< | -2 | 0 | 0 | 0 | >0 | 0 | 0 | 0 | 0 | 0 | 0 | 0 | 0 | 0 | 0 | 0 | 0 | 0 | 128 ]
[ -123< | -2 | 0 | 0 | 0 | 0 | >0 | 0 | 0 | 0 | 0 | 0 | 0 | 0 | 0 | 0 | 0 | 0 | 0 | 128 ]
[ -122< | -2 | 0 | 0 | 0 | 0 | >1 | 0 | 0 | 0 | 0 | 0 | 0 | 0 | 0 | 0 | 0 | 0 | 0 | 128 ]
[ -121< | -2 | 0 | 0 | 0 | 0 | >1 | 0 | 0 | 0 | 0 | 0 | 0 | 0 | 0 | 0 | 0 | 0 | 0 | 128 ]
[ -121< | -2 | 0 | 0 | 0 | 0 | >0 | 0 | 0 | 0 | 0 | 0 | 0 | 0 | 0 | 0 | 0 | 0 | 0 | 128 ]
[ -122< | -2 | 0 | 0 | 0 | 0 | 0 | >0 | 0 | 0 | 0 | 0 | 0 | 0 | 0 | 0 | 0 | 0 | 0 | 128 ]
[ -122< | -2 | 0 | 0 | 0 | 0 | 0 | >1 | 0 | 0 | 0 | 0 | 0 | 0 | 0 | 0 | 0 | 0 | 0 | 128 ]
[ -123< | -2 | 0 | 0 | 0 | 0 | 0 | >1 | 0 | 0 | 0 | 0 | 0 | 0 | 0 | 0 | 0 | 0 | 0 | 128 ]
[ -123< | -2 | 0 | 0 | 0 | 0 | 0 | >0 | 0 | 0 | 0 | 0 | 0 | 0 | 0 | 0 | 0 | 0 | 0 | 128 ]
[ -124< | -2 | 0 | 0 | 0 | 0 | 0 | 0 | >0 | 0 | 0 | 0 | 0 | 0 | 0 | 0 | 0 | 0 | 0 | 128 ]
[ -124< | -2 | 0 | 0 | 0 | 0 | 0 | 0 | >1 | 0 | 0 | 0 | 0 | 0 | 0 | 0 | 0 | 0 | 0 | 128 ]
[ -125< | -2 | 0 | 0 | 0 | 0 | 0 | 0 | >1 | 0 | 0 | 0 | 0 | 0 | 0 | 0 | 0 | 0 | 0 | 128 ]
[ -125< | -2 | 0 | 0 | 0 | 0 | 0 | 0 | >0 | 0 | 0 | 0 | 0 | 0 | 0 | 0 | 0 | 0 | 0 | 128 ]
[ -126< | -2 | 0 | 0 | 0 | 0 | 0 | 0 | 0 | >0 | 0 | 0 | 0 | 0 | 0 | 0 | 0 | 0 | 0 | 128 ]
[ -126< | -2 | 0 | 0 | 0 | 0 | 0 | 0 | 0 | >1 | 0 | 0 | 0 | 0 | 0 | 0 | 0 | 0 | 0 | 128 ]
[ -127< | -2 | 0 | 0 | 0 | 0 | 0 | 0 | 0 | >1 | 0 | 0 | 0 | 0 | 0 | 0 | 0 | 0 | 0 | 128 ]
[ -127< | -2 | 0 | 0 | 0 | 0 | 0 | 0 | 0 | >0 | 0 | 0 | 0 | 0 | 0 | 0 | 0 | 0 | 0 | 128 ]
[ 128< | -2 | 0 | 0 | 0 | 0 | 0 | 0 | 0 | 0 | >0 | 0 | 0 | 0 | 0 | 0 | 0 | 0 | 0 | 128 ]
[ 128< | -2 | 0 | 0 | 0 | 0 | 0 | 0 | 0 | 0 | >1 | 0 | 0 | 0 | 0 | 0 | 0 | 0 | 0 | 128 ]
[ 127< | -2 | 0 | 0 | 0 | 0 | 0 | 0 | 0 | 0 | >1 | 0 | 0 | 0 | 0 | 0 | 0 | 0 | 0 | 128 ]
[ 127< | -2 | 0 | 0 | 0 | 0 | 0 | 0 | 0 | 0 | >0 | 0 | 0 | 0 | 0 | 0 | 0 | 0 | 0 | 128 ]
[ 126< | -2 | 0 | 0 | 0 | 0 | 0 | 0 | 0 | 0 | 0 | >0 | 0 | 0 | 0 | 0 | 0 | 0 | 0 | 128 ]
[ 126< | -2 | 0 | 0 | 0 | 0 | 0 | 0 | 0 | 0 | 0 | >1 | 0 | 0 | 0 | 0 | 0 | 0 | 0 | 128 ]
[ 125< | -2 | 0 | 0 | 0 | 0 | 0 | 0 | 0 | 0 | 0 | >1 | 0 | 0 | 0 | 0 | 0 | 0 | 0 | 128 ]
[ 125< | -2 | 0 | 0 | 0 | 0 | 0 | 0 | 0 | 0 | 0 | >0 | 0 | 0 | 0 | 0 | 0 | 0 | 0 | 128 ]
[ 124< | -2 | 0 | 0 | 0 | 0 | 0 | 0 | 0 | 0 | 0 | 0 | >0 | 0 | 0 | 0 | 0 | 0 | 0 | 128 ]
[ 124< | -2 | 0 | 0 | 0 | 0 | 0 | 0 | 0 | 0 | 0 | 0 | >1 | 0 | 0 | 0 | 0 | 0 | 0 | 128 ]
[ 123< | -2 | 0 | 0 | 0 | 0 | 0 | 0 | 0 | 0 | 0 | 0 | >1 | 0 | 0 | 0 | 0 | 0 | 0 | 128 ]
[ 123< | -2 | 0 | 0 | 0 | 0 | 0 | 0 | 0 | 0 | 0 | 0 | >0 | 0 | 0 | 0 | 0 | 0 | 0 | 128 ]
[ 122< | -2 | 0 | 0 | 0 | 0 | 0 | 0 | 0 | 0 | 0 | 0 | 0 | >0 | 0 | 0 | 0 | 0 | 0 | 128 ]
[ 122< | -2 | 0 | 0 | 0 | 0 | 0 | 0 | 0 | 0 | 0 | 0 | 0 | >1 | 0 | 0 | 0 | 0 | 0 | 128 ]
[ 121< | -2 | 0 | 0 | 0 | 0 | 0 | 0 | 0 | 0 | 0 | 0 | 0 | >1 | 0 | 0 | 0 | 0 | 0 | 128 ]
[ 121< | -2 | 0 | 0 | 0 | 0 | 0 | 0 | 0 | 0 | 0 | 0 | 0 | >0 | 0 | 0 | 0 | 0 | 0 | 128 ]
[ 120< | -2 | 0 | 0 | 0 | 0 | 0 | 0 | 0 | 0 | 0 | 0 | 0 | 0 | >0 | 0 | 0 | 0 | 0 | 128 ]
[ 120< | -2 | 0 | 0 | 0 | 0 | 0 | 0 | 0 | 0 | 0 | 0 | 0 | 0 | >1 | 0 | 0 | 0 | 0 | 128 ]
[ 119< | -2 | 0 | 0 | 0 | 0 | 0 | 0 | 0 | 0 | 0 | 0 | 0 | 0 | >1 | 0 | 0 | 0 | 0 | 128 ]
[ 119< | -2 | 0 | 0 | 0 | 0 | 0 | 0 | 0 | 0 | 0 | 0 | 0 | 0 | >0 | 0 | 0 | 0 | 0 | 128 ]
[ 118< | -2 | 0 | 0 | 0 | 0 | 0 | 0 | 0 | 0 | 0 | 0 | 0 | 0 | 0 | >0 | 0 | 0 | 0 | 128 ]
[ 118< | -2 | 0 | 0 | 0 | 0 | 0 | 0 | 0 | 0 | 0 | 0 | 0 | 0 | 0 | >1 | 0 | 0 | 0 | 128 ]
[ 117< | -2 | 0 | 0 | 0 | 0 | 0 | 0 | 0 | 0 | 0 | 0 | 0 | 0 | 0 | >1 | 0 | 0 | 0 | 128 ]
[ 117< | -2 | 0 | 0 | 0 | 0 | 0 | 0 | 0 | 0 | 0 | 0 | 0 | 0 | 0 | >0 | 0 | 0 | 0 | 128 ]
[ 116< | -2 | 0 | 0 | 0 | 0 | 0 | 0 | 0 | 0 | 0 | 0 | 0 | 0 | 0 | 0 | >0 | 0 | 0 | 128 ]
[ 116< | -2 | 0 | 0 | 0 | 0 | 0 | 0 | 0 | 0 | 0 | 0 | 0 | 0 | 0 | 0 | >1 | 0 | 0 | 128 ]
[ 115< | -2 | 0 | 0 | 0 | 0 | 0 | 0 | 0 | 0 | 0 | 0 | 0 | 0 | 0 | 0 | >1 | 0 | 0 | 128 ]
[ 115< | -2 | 0 | 0 | 0 | 0 | 0 | 0 | 0 | 0 | 0 | 0 | 0 | 0 | 0 | 0 | >0 | 0 | 0 | 128 ]
[ 114< | -2 | 0 | 0 | 0 | 0 | 0 | 0 | 0 | 0 | 0 | 0 | 0 | 0 | 0 | 0 | 0 | >0 | 0 | 128 ]
[ 114< | -2 | 0 | 0 | 0 | 0 | 0 | 0 | 0 | 0 | 0 | 0 | 0 | 0 | 0 | 0 | 0 | >1 | 0 | 128 ]
[ 113< | -2 | 0 | 0 | 0 | 0 | 0 | 0 | 0 | 0 | 0 | 0 | 0 | 0 | 0 | 0 | 0 | >1 | 0 | 128 ]
[ 113< | -2 | 0 | 0 | 0 | 0 | 0 | 0 | 0 | 0 | 0 | 0 | 0 | 0 | 0 | 0 | 0 | >0 | 0 | 128 ]
[ 112< | -2 | 0 | 0 | 0 | 0 | 0 | 0 | 0 | 0 | 0 | 0 | 0 | 0 | 0 | 0 | 0 | 0 | >0 | 128 ]
[ 112< | -2 | 0 | 0 | 0 | 0 | 0 | 0 | 0 | 0 | 0 | 0 | 0 | 0 | 0 | 0 | 0 | 0 | >1 | 128 ]
[ 111< | -2 | 0 | 0 | 0 | 0 | 0 | 0 | 0 | 0 | 0 | 0 | 0 | 0 | 0 | 0 | 0 | 0 | >1 | 128 ]
[ 111< | -2 | 0 | 0 | 0 | 0 | 0 | 0 | 0 | 0 | 0 | 0 | 0 | 0 | 0 | 0 | 0 | 0 | >0 | 128 ]
[ 110< | -2 | 0 | 0 | 0 | 0 | 0 | 0 | 0 | 0 | 0 | 0 | 0 | 0 | 0 | 0 | 0 | 0 | 0 | >128 ]
[ 110< | -2 | 0 | 0 | 0 | 0 | 0 | 0 | 0 | 0 | 0 | 0 | 0 | 0 | 0 | 0 | 0 | 0 | 0 | >-127 ]
[ 109< | -2 | 0 | 0 | 0 | 0 | 0 | 0 | 0 | 0 | 0 | 0 | 0 | 0 | 0 | 0 | 0 | 0 | 0 | >-127 ]
[ 109< | -2 | 0 | 0 | 0 | 0 | 0 | 0 | 0 | 0 | 0 | 0 | 0 | 0 | 0 | 0 | 0 | 0 | 0 | >128 ]
[ >108< | -2 | 0 | 0 | 0 | 0 | 0 | 0 | 0 | 0 | 0 | 0 | 0 | 0 | 0 | 0 | 0 | 0 | 0 | 128 ]

===== GetOffMate won the battle after 80 cycles =====



===== Starting battle of <MetaJSRandomBot> vs <GetOffMate> with memory tape size: 25 =====

[ >128 | 0 | 0 | 0 | 0 | 0 | 0 | 0 | 0 | 0 | 0 | 0 | 0 | 0 | 0 | 0 | 0 | 0 | 0 | 0 | 0 | 0 | 0 | 0 | 128< ]
[ >-127 | 0 | 0 | 0 | 0 | 0 | 0 | 0 | 0 | 0 | 0 | 0 | 0 | 0 | 0 | 0 | 0 | 0 | 0 | 0 | 0 | 0 | 0 | 0< | 128 ]
[ >-127 | 0 | 0 | 0 | 0 | 0 | 0 | 0 | 0 | 0 | 0 | 0 | 0 | 0 | 0 | 0 | 0 | 0 | 0 | 0 | 0 | 0 | 0< | 0 | 128 ]
[ >-127 | 0 | 0 | 0 | 0 | 0 | 0 | 0 | 0 | 0 | 0 | 0 | 0 | 0 | 0 | 0 | 0 | 0 | 0 | 0 | 0 | 0< | 0 | 0 | 128 ]
[ -127 | >0 | 0 | 0 | 0 | 0 | 0 | 0 | 0 | 0 | 0 | 0 | 0 | 0 | 0 | 0 | 0 | 0 | 0 | 0 | 0< | 0 | 0 | 0 | 128 ]
[ -127 | >-1 | 0 | 0 | 0 | 0 | 0 | 0 | 0 | 0 | 0 | 0 | 0 | 0 | 0 | 0 | 0 | 0 | 0 | 0< | 0 | 0 | 0 | 0 | 128 ]
[ -127 | >-1 | 0 | 0 | 0 | 0 | 0 | 0 | 0 | 0 | 0 | 0 | 0 | 0 | 0 | 0 | 0 | 0 | 0< | 0 | 0 | 0 | 0 | 0 | 128 ]
[ -127 | >-2 | 0 | 0 | 0 | 0 | 0 | 0 | 0 | 0 | 0 | 0 | 0 | 0 | 0 | 0 | 0 | 0< | 0 | 0 | 0 | 0 | 0 | 0 | 128 ]
[ -127 | -2 | >0 | 0 | 0 | 0 | 0 | 0 | 0 | 0 | 0 | 0 | 0 | 0 | 0 | 0 | 0< | 0 | 0 | 0 | 0 | 0 | 0 | 0 | 128 ]
[ -127 | -2 | >1 | 0 | 0 | 0 | 0 | 0 | 0 | 0 | 0 | 0 | 0 | 0 | 0 | 0< | 0 | 0 | 0 | 0 | 0 | 0 | 0 | 0 | 128 ]
[ -127 | -2 | >1 | 0 | 0 | 0 | 0 | 0 | 0 | 0 | 0 | 0 | 0 | 0 | 0< | 0 | 0 | 0 | 0 | 0 | 0 | 0 | 0 | 0 | 128 ]
[ -127 | -2 | >0 | 0 | 0 | 0 | 0 | 0 | 0 | 0 | 0 | 0 | 0 | 0< | 0 | 0 | 0 | 0 | 0 | 0 | 0 | 0 | 0 | 0 | 128 ]
[ -127 | -2 | 0 | >0 | 0 | 0 | 0 | 0 | 0 | 0 | 0 | 0 | 0< | 0 | 0 | 0 | 0 | 0 | 0 | 0 | 0 | 0 | 0 | 0 | 128 ]
[ -127 | -2 | 0 | >1 | 0 | 0 | 0 | 0 | 0 | 0 | 0 | 0< | 0 | 0 | 0 | 0 | 0 | 0 | 0 | 0 | 0 | 0 | 0 | 0 | 128 ]
[ -127 | -2 | 0 | >1 | 0 | 0 | 0 | 0 | 0 | 0 | 0< | 0 | 0 | 0 | 0 | 0 | 0 | 0 | 0 | 0 | 0 | 0 | 0 | 0 | 128 ]
[ -127 | -2 | 0 | >0 | 0 | 0 | 0 | 0 | 0 | 0< | 0 | 0 | 0 | 0 | 0 | 0 | 0 | 0 | 0 | 0 | 0 | 0 | 0 | 0 | 128 ]
[ -127 | -2 | 0 | 0 | >0 | 0 | 0 | 0 | 0< | 0 | 0 | 0 | 0 | 0 | 0 | 0 | 0 | 0 | 0 | 0 | 0 | 0 | 0 | 0 | 128 ]
[ -127 | -2 | 0 | 0 | >1 | 0 | 0 | 0< | 0 | 0 | 0 | 0 | 0 | 0 | 0 | 0 | 0 | 0 | 0 | 0 | 0 | 0 | 0 | 0 | 128 ]
[ -127 | -2 | 0 | 0 | >1 | 0 | 0< | 0 | 0 | 0 | 0 | 0 | 0 | 0 | 0 | 0 | 0 | 0 | 0 | 0 | 0 | 0 | 0 | 0 | 128 ]
[ -127 | -2 | 0 | 0 | >0 | 0< | 0 | 0 | 0 | 0 | 0 | 0 | 0 | 0 | 0 | 0 | 0 | 0 | 0 | 0 | 0 | 0 | 0 | 0 | 128 ]
[ -127 | -2 | 0 | 0 | 0 | >0< | 0 | 0 | 0 | 0 | 0 | 0 | 0 | 0 | 0 | 0 | 0 | 0 | 0 | 0 | 0 | 0 | 0 | 0 | 128 ]
[ -127 | -2 | 0 | 0 | 0< | >1 | 0 | 0 | 0 | 0 | 0 | 0 | 0 | 0 | 0 | 0 | 0 | 0 | 0 | 0 | 0 | 0 | 0 | 0 | 128 ]
[ -127 | -2 | 0 | 0 | 0< | >1 | 0 | 0 | 0 | 0 | 0 | 0 | 0 | 0 | 0 | 0 | 0 | 0 | 0 | 0 | 0 | 0 | 0 | 0 | 128 ]
[ -127 | -2 | 0 | 0< | 0 | >0 | 0 | 0 | 0 | 0 | 0 | 0 | 0 | 0 | 0 | 0 | 0 | 0 | 0 | 0 | 0 | 0 | 0 | 0 | 128 ]
[ -127 | -2 | 0 | 0< | 0 | 0 | >0 | 0 | 0 | 0 | 0 | 0 | 0 | 0 | 0 | 0 | 0 | 0 | 0 | 0 | 0 | 0 | 0 | 0 | 128 ]
[ -127 | -2 | 0< | 0 | 0 | 0 | >1 | 0 | 0 | 0 | 0 | 0 | 0 | 0 | 0 | 0 | 0 | 0 | 0 | 0 | 0 | 0 | 0 | 0 | 128 ]
[ -127 | -2 | 0< | 0 | 0 | 0 | >1 | 0 | 0 | 0 | 0 | 0 | 0 | 0 | 0 | 0 | 0 | 0 | 0 | 0 | 0 | 0 | 0 | 0 | 128 ]
[ -127 | -2< | 0 | 0 | 0 | 0 | >0 | 0 | 0 | 0 | 0 | 0 | 0 | 0 | 0 | 0 | 0 | 0 | 0 | 0 | 0 | 0 | 0 | 0 | 128 ]
[ -127 | -2< | 0 | 0 | 0 | 0 | 0 | >0 | 0 | 0 | 0 | 0 | 0 | 0 | 0 | 0 | 0 | 0 | 0 | 0 | 0 | 0 | 0 | 0 | 128 ]
[ -127 | -1< | 0 | 0 | 0 | 0 | 0 | >1 | 0 | 0 | 0 | 0 | 0 | 0 | 0 | 0 | 0 | 0 | 0 | 0 | 0 | 0 | 0 | 0 | 128 ]
[ -127 | 0< | 0 | 0 | 0 | 0 | 0 | >1 | 0 | 0 | 0 | 0 | 0 | 0 | 0 | 0 | 0 | 0 | 0 | 0 | 0 | 0 | 0 | 0 | 128 ]
[ -127 | 1< | 0 | 0 | 0 | 0 | 0 | >0 | 0 | 0 | 0 | 0 | 0 | 0 | 0 | 0 | 0 | 0 | 0 | 0 | 0 | 0 | 0 | 0 | 128 ]
[ -127 | 2< | 0 | 0 | 0 | 0 | 0 | 0 | >0 | 0 | 0 | 0 | 0 | 0 | 0 | 0 | 0 | 0 | 0 | 0 | 0 | 0 | 0 | 0 | 128 ]
[ -127 | 3< | 0 | 0 | 0 | 0 | 0 | 0 | >1 | 0 | 0 | 0 | 0 | 0 | 0 | 0 | 0 | 0 | 0 | 0 | 0 | 0 | 0 | 0 | 128 ]
[ -127 | 4< | 0 | 0 | 0 | 0 | 0 | 0 | >1 | 0 | 0 | 0 | 0 | 0 | 0 | 0 | 0 | 0 | 0 | 0 | 0 | 0 | 0 | 0 | 128 ]
[ -127 | 4< | 0 | 0 | 0 | 0 | 0 | 0 | >0 | 0 | 0 | 0 | 0 | 0 | 0 | 0 | 0 | 0 | 0 | 0 | 0 | 0 | 0 | 0 | 128 ]
[ -127 | 3< | 0 | 0 | 0 | 0 | 0 | 0 | 0 | >0 | 0 | 0 | 0 | 0 | 0 | 0 | 0 | 0 | 0 | 0 | 0 | 0 | 0 | 0 | 128 ]
[ -127 | 3< | 0 | 0 | 0 | 0 | 0 | 0 | 0 | >1 | 0 | 0 | 0 | 0 | 0 | 0 | 0 | 0 | 0 | 0 | 0 | 0 | 0 | 0 | 128 ]
[ -127 | 2< | 0 | 0 | 0 | 0 | 0 | 0 | 0 | >1 | 0 | 0 | 0 | 0 | 0 | 0 | 0 | 0 | 0 | 0 | 0 | 0 | 0 | 0 | 128 ]
[ -127 | 2< | 0 | 0 | 0 | 0 | 0 | 0 | 0 | >0 | 0 | 0 | 0 | 0 | 0 | 0 | 0 | 0 | 0 | 0 | 0 | 0 | 0 | 0 | 128 ]
[ -127 | 1< | 0 | 0 | 0 | 0 | 0 | 0 | 0 | 0 | >0 | 0 | 0 | 0 | 0 | 0 | 0 | 0 | 0 | 0 | 0 | 0 | 0 | 0 | 128 ]
[ -127 | 1< | 0 | 0 | 0 | 0 | 0 | 0 | 0 | 0 | >1 | 0 | 0 | 0 | 0 | 0 | 0 | 0 | 0 | 0 | 0 | 0 | 0 | 0 | 128 ]
[ -127 | 0< | 0 | 0 | 0 | 0 | 0 | 0 | 0 | 0 | >1 | 0 | 0 | 0 | 0 | 0 | 0 | 0 | 0 | 0 | 0 | 0 | 0 | 0 | 128 ]
[ -127 | 0< | 0 | 0 | 0 | 0 | 0 | 0 | 0 | 0 | >0 | 0 | 0 | 0 | 0 | 0 | 0 | 0 | 0 | 0 | 0 | 0 | 0 | 0 | 128 ]
[ -127 | 0< | 0 | 0 | 0 | 0 | 0 | 0 | 0 | 0 | 0 | >0 | 0 | 0 | 0 | 0 | 0 | 0 | 0 | 0 | 0 | 0 | 0 | 0 | 128 ]
[ -127< | 0 | 0 | 0 | 0 | 0 | 0 | 0 | 0 | 0 | 0 | >1 | 0 | 0 | 0 | 0 | 0 | 0 | 0 | 0 | 0 | 0 | 0 | 0 | 128 ]
[ -127< | 0 | 0 | 0 | 0 | 0 | 0 | 0 | 0 | 0 | 0 | >1 | 0 | 0 | 0 | 0 | 0 | 0 | 0 | 0 | 0 | 0 | 0 | 0 | 128 ]
[ -126< | 0 | 0 | 0 | 0 | 0 | 0 | 0 | 0 | 0 | 0 | >0 | 0 | 0 | 0 | 0 | 0 | 0 | 0 | 0 | 0 | 0 | 0 | 0 | 128 ]
[ -125< | 0 | 0 | 0 | 0 | 0 | 0 | 0 | 0 | 0 | 0 | 0 | >0 | 0 | 0 | 0 | 0 | 0 | 0 | 0 | 0 | 0 | 0 | 0 | 128 ]
[ -124< | 0 | 0 | 0 | 0 | 0 | 0 | 0 | 0 | 0 | 0 | 0 | >1 | 0 | 0 | 0 | 0 | 0 | 0 | 0 | 0 | 0 | 0 | 0 | 128 ]
[ -123< | 0 | 0 | 0 | 0 | 0 | 0 | 0 | 0 | 0 | 0 | 0 | >1 | 0 | 0 | 0 | 0 | 0 | 0 | 0 | 0 | 0 | 0 | 0 | 128 ]
[ -122< | 0 | 0 | 0 | 0 | 0 | 0 | 0 | 0 | 0 | 0 | 0 | >0 | 0 | 0 | 0 | 0 | 0 | 0 | 0 | 0 | 0 | 0 | 0 | 128 ]
[ -121< | 0 | 0 | 0 | 0 | 0 | 0 | 0 | 0 | 0 | 0 | 0 | 0 | >0 | 0 | 0 | 0 | 0 | 0 | 0 | 0 | 0 | 0 | 0 | 128 ]
[ -121< | 0 | 0 | 0 | 0 | 0 | 0 | 0 | 0 | 0 | 0 | 0 | 0 | >1 | 0 | 0 | 0 | 0 | 0 | 0 | 0 | 0 | 0 | 0 | 128 ]
[ -122< | 0 | 0 | 0 | 0 | 0 | 0 | 0 | 0 | 0 | 0 | 0 | 0 | >1 | 0 | 0 | 0 | 0 | 0 | 0 | 0 | 0 | 0 | 0 | 128 ]
[ -122< | 0 | 0 | 0 | 0 | 0 | 0 | 0 | 0 | 0 | 0 | 0 | 0 | >0 | 0 | 0 | 0 | 0 | 0 | 0 | 0 | 0 | 0 | 0 | 128 ]
[ -123< | 0 | 0 | 0 | 0 | 0 | 0 | 0 | 0 | 0 | 0 | 0 | 0 | 0 | >0 | 0 | 0 | 0 | 0 | 0 | 0 | 0 | 0 | 0 | 128 ]
[ -123< | 0 | 0 | 0 | 0 | 0 | 0 | 0 | 0 | 0 | 0 | 0 | 0 | 0 | >1 | 0 | 0 | 0 | 0 | 0 | 0 | 0 | 0 | 0 | 128 ]
[ -124< | 0 | 0 | 0 | 0 | 0 | 0 | 0 | 0 | 0 | 0 | 0 | 0 | 0 | >1 | 0 | 0 | 0 | 0 | 0 | 0 | 0 | 0 | 0 | 128 ]
[ -124< | 0 | 0 | 0 | 0 | 0 | 0 | 0 | 0 | 0 | 0 | 0 | 0 | 0 | >0 | 0 | 0 | 0 | 0 | 0 | 0 | 0 | 0 | 0 | 128 ]
[ -125< | 0 | 0 | 0 | 0 | 0 | 0 | 0 | 0 | 0 | 0 | 0 | 0 | 0 | 0 | >0 | 0 | 0 | 0 | 0 | 0 | 0 | 0 | 0 | 128 ]
[ -125< | 0 | 0 | 0 | 0 | 0 | 0 | 0 | 0 | 0 | 0 | 0 | 0 | 0 | 0 | >1 | 0 | 0 | 0 | 0 | 0 | 0 | 0 | 0 | 128 ]
[ -126< | 0 | 0 | 0 | 0 | 0 | 0 | 0 | 0 | 0 | 0 | 0 | 0 | 0 | 0 | >1 | 0 | 0 | 0 | 0 | 0 | 0 | 0 | 0 | 128 ]
[ -126< | 0 | 0 | 0 | 0 | 0 | 0 | 0 | 0 | 0 | 0 | 0 | 0 | 0 | 0 | >0 | 0 | 0 | 0 | 0 | 0 | 0 | 0 | 0 | 128 ]
[ -127< | 0 | 0 | 0 | 0 | 0 | 0 | 0 | 0 | 0 | 0 | 0 | 0 | 0 | 0 | 0 | >0 | 0 | 0 | 0 | 0 | 0 | 0 | 0 | 128 ]
[ -127< | 0 | 0 | 0 | 0 | 0 | 0 | 0 | 0 | 0 | 0 | 0 | 0 | 0 | 0 | 0 | >1 | 0 | 0 | 0 | 0 | 0 | 0 | 0 | 128 ]
[ 128< | 0 | 0 | 0 | 0 | 0 | 0 | 0 | 0 | 0 | 0 | 0 | 0 | 0 | 0 | 0 | >1 | 0 | 0 | 0 | 0 | 0 | 0 | 0 | 128 ]
[ 128< | 0 | 0 | 0 | 0 | 0 | 0 | 0 | 0 | 0 | 0 | 0 | 0 | 0 | 0 | 0 | >0 | 0 | 0 | 0 | 0 | 0 | 0 | 0 | 128 ]
[ 127< | 0 | 0 | 0 | 0 | 0 | 0 | 0 | 0 | 0 | 0 | 0 | 0 | 0 | 0 | 0 | 0 | >0 | 0 | 0 | 0 | 0 | 0 | 0 | 128 ]
[ 127< | 0 | 0 | 0 | 0 | 0 | 0 | 0 | 0 | 0 | 0 | 0 | 0 | 0 | 0 | 0 | 0 | >1 | 0 | 0 | 0 | 0 | 0 | 0 | 128 ]
[ 126< | 0 | 0 | 0 | 0 | 0 | 0 | 0 | 0 | 0 | 0 | 0 | 0 | 0 | 0 | 0 | 0 | >1 | 0 | 0 | 0 | 0 | 0 | 0 | 128 ]
[ 126< | 0 | 0 | 0 | 0 | 0 | 0 | 0 | 0 | 0 | 0 | 0 | 0 | 0 | 0 | 0 | 0 | >0 | 0 | 0 | 0 | 0 | 0 | 0 | 128 ]
[ 125< | 0 | 0 | 0 | 0 | 0 | 0 | 0 | 0 | 0 | 0 | 0 | 0 | 0 | 0 | 0 | 0 | 0 | >0 | 0 | 0 | 0 | 0 | 0 | 128 ]
[ 125< | 0 | 0 | 0 | 0 | 0 | 0 | 0 | 0 | 0 | 0 | 0 | 0 | 0 | 0 | 0 | 0 | 0 | >1 | 0 | 0 | 0 | 0 | 0 | 128 ]
[ 124< | 0 | 0 | 0 | 0 | 0 | 0 | 0 | 0 | 0 | 0 | 0 | 0 | 0 | 0 | 0 | 0 | 0 | >1 | 0 | 0 | 0 | 0 | 0 | 128 ]
[ 124< | 0 | 0 | 0 | 0 | 0 | 0 | 0 | 0 | 0 | 0 | 0 | 0 | 0 | 0 | 0 | 0 | 0 | >0 | 0 | 0 | 0 | 0 | 0 | 128 ]
[ 123< | 0 | 0 | 0 | 0 | 0 | 0 | 0 | 0 | 0 | 0 | 0 | 0 | 0 | 0 | 0 | 0 | 0 | 0 | >0 | 0 | 0 | 0 | 0 | 128 ]
[ 123< | 0 | 0 | 0 | 0 | 0 | 0 | 0 | 0 | 0 | 0 | 0 | 0 | 0 | 0 | 0 | 0 | 0 | 0 | >1 | 0 | 0 | 0 | 0 | 128 ]
[ 122< | 0 | 0 | 0 | 0 | 0 | 0 | 0 | 0 | 0 | 0 | 0 | 0 | 0 | 0 | 0 | 0 | 0 | 0 | >1 | 0 | 0 | 0 | 0 | 128 ]
[ 122< | 0 | 0 | 0 | 0 | 0 | 0 | 0 | 0 | 0 | 0 | 0 | 0 | 0 | 0 | 0 | 0 | 0 | 0 | >0 | 0 | 0 | 0 | 0 | 128 ]
[ 121< | 0 | 0 | 0 | 0 | 0 | 0 | 0 | 0 | 0 | 0 | 0 | 0 | 0 | 0 | 0 | 0 | 0 | 0 | 0 | >0 | 0 | 0 | 0 | 128 ]
[ 121< | 0 | 0 | 0 | 0 | 0 | 0 | 0 | 0 | 0 | 0 | 0 | 0 | 0 | 0 | 0 | 0 | 0 | 0 | 0 | >1 | 0 | 0 | 0 | 128 ]
[ 120< | 0 | 0 | 0 | 0 | 0 | 0 | 0 | 0 | 0 | 0 | 0 | 0 | 0 | 0 | 0 | 0 | 0 | 0 | 0 | >1 | 0 | 0 | 0 | 128 ]
[ 120< | 0 | 0 | 0 | 0 | 0 | 0 | 0 | 0 | 0 | 0 | 0 | 0 | 0 | 0 | 0 | 0 | 0 | 0 | 0 | >0 | 0 | 0 | 0 | 128 ]
[ 119< | 0 | 0 | 0 | 0 | 0 | 0 | 0 | 0 | 0 | 0 | 0 | 0 | 0 | 0 | 0 | 0 | 0 | 0 | 0 | 0 | >0 | 0 | 0 | 128 ]
[ 119< | 0 | 0 | 0 | 0 | 0 | 0 | 0 | 0 | 0 | 0 | 0 | 0 | 0 | 0 | 0 | 0 | 0 | 0 | 0 | 0 | >1 | 0 | 0 | 128 ]
[ 118< | 0 | 0 | 0 | 0 | 0 | 0 | 0 | 0 | 0 | 0 | 0 | 0 | 0 | 0 | 0 | 0 | 0 | 0 | 0 | 0 | >1 | 0 | 0 | 128 ]
[ 118< | 0 | 0 | 0 | 0 | 0 | 0 | 0 | 0 | 0 | 0 | 0 | 0 | 0 | 0 | 0 | 0 | 0 | 0 | 0 | 0 | >0 | 0 | 0 | 128 ]
[ 117< | 0 | 0 | 0 | 0 | 0 | 0 | 0 | 0 | 0 | 0 | 0 | 0 | 0 | 0 | 0 | 0 | 0 | 0 | 0 | 0 | 0 | >0 | 0 | 128 ]
[ 117< | 0 | 0 | 0 | 0 | 0 | 0 | 0 | 0 | 0 | 0 | 0 | 0 | 0 | 0 | 0 | 0 | 0 | 0 | 0 | 0 | 0 | >1 | 0 | 128 ]
[ 116< | 0 | 0 | 0 | 0 | 0 | 0 | 0 | 0 | 0 | 0 | 0 | 0 | 0 | 0 | 0 | 0 | 0 | 0 | 0 | 0 | 0 | >1 | 0 | 128 ]
[ 116< | 0 | 0 | 0 | 0 | 0 | 0 | 0 | 0 | 0 | 0 | 0 | 0 | 0 | 0 | 0 | 0 | 0 | 0 | 0 | 0 | 0 | >0 | 0 | 128 ]
[ 115< | 0 | 0 | 0 | 0 | 0 | 0 | 0 | 0 | 0 | 0 | 0 | 0 | 0 | 0 | 0 | 0 | 0 | 0 | 0 | 0 | 0 | 0 | >0 | 128 ]
[ 115< | 0 | 0 | 0 | 0 | 0 | 0 | 0 | 0 | 0 | 0 | 0 | 0 | 0 | 0 | 0 | 0 | 0 | 0 | 0 | 0 | 0 | 0 | >1 | 128 ]
[ 114< | 0 | 0 | 0 | 0 | 0 | 0 | 0 | 0 | 0 | 0 | 0 | 0 | 0 | 0 | 0 | 0 | 0 | 0 | 0 | 0 | 0 | 0 | >1 | 128 ]
[ 114< | 0 | 0 | 0 | 0 | 0 | 0 | 0 | 0 | 0 | 0 | 0 | 0 | 0 | 0 | 0 | 0 | 0 | 0 | 0 | 0 | 0 | 0 | >0 | 128 ]
[ 113< | 0 | 0 | 0 | 0 | 0 | 0 | 0 | 0 | 0 | 0 | 0 | 0 | 0 | 0 | 0 | 0 | 0 | 0 | 0 | 0 | 0 | 0 | 0 | >128 ]
[ 113< | 0 | 0 | 0 | 0 | 0 | 0 | 0 | 0 | 0 | 0 | 0 | 0 | 0 | 0 | 0 | 0 | 0 | 0 | 0 | 0 | 0 | 0 | 0 | >-127 ]
[ 112< | 0 | 0 | 0 | 0 | 0 | 0 | 0 | 0 | 0 | 0 | 0 | 0 | 0 | 0 | 0 | 0 | 0 | 0 | 0 | 0 | 0 | 0 | 0 | >-127 ]
[ 112< | 0 | 0 | 0 | 0 | 0 | 0 | 0 | 0 | 0 | 0 | 0 | 0 | 0 | 0 | 0 | 0 | 0 | 0 | 0 | 0 | 0 | 0 | 0 | >128 ]
[ >111< | 0 | 0 | 0 | 0 | 0 | 0 | 0 | 0 | 0 | 0 | 0 | 0 | 0 | 0 | 0 | 0 | 0 | 0 | 0 | 0 | 0 | 0 | 0 | 128 ]

===== GetOffMate won the battle after 100 cycles =====



===== Starting battle of <MetaJSRandomBot> vs <GetOffMate> with memory tape size: 10 =====

[ >128 | 0 | 0 | 0 | 0 | 0 | 0 | 0 | 0 | 128< ]
[ >-127 | 0 | 0 | 0 | 0 | 0 | 0 | 0 | 0< | 128 ]
[ >-127 | 0 | 0 | 0 | 0 | 0 | 0 | 0< | 0 | 128 ]
[ >-127 | 0 | 0 | 0 | 0 | 0 | 0< | 0 | 0 | 128 ]
[ -127 | >0 | 0 | 0 | 0 | 0< | 0 | 0 | 0 | 128 ]
[ -127 | >-1 | 0 | 0 | 0< | 0 | 0 | 0 | 0 | 128 ]
[ -127 | >-1 | 0 | 0< | 0 | 0 | 0 | 0 | 0 | 128 ]
[ -127 | >-2 | 0< | 0 | 0 | 0 | 0 | 0 | 0 | 128 ]
[ -127 | -2< | >0 | 0 | 0 | 0 | 0 | 0 | 0 | 128 ]
[ -127< | -2 | >1 | 0 | 0 | 0 | 0 | 0 | 0 | 128 ]
[ -127 | -2 | >1 | 0 | 0 | 0 | 0 | 0 | 0 | 128< ]

===== MetaJSRandomBot won the battle after 10 cycles =====



===== Starting battle of <MetaJSRandomBot> vs <GetOffMate> with memory tape size: 20 =====

[ >128 | 0 | 0 | 0 | 0 | 0 | 0 | 0 | 0 | 0 | 0 | 0 | 0 | 0 | 0 | 0 | 0 | 0 | 0 | 128< ]
[ >-127 | 0 | 0 | 0 | 0 | 0 | 0 | 0 | 0 | 0 | 0 | 0 | 0 | 0 | 0 | 0 | 0 | 0 | 0< | 128 ]
[ >-127 | 0 | 0 | 0 | 0 | 0 | 0 | 0 | 0 | 0 | 0 | 0 | 0 | 0 | 0 | 0 | 0 | 0< | 0 | 128 ]
[ >-127 | 0 | 0 | 0 | 0 | 0 | 0 | 0 | 0 | 0 | 0 | 0 | 0 | 0 | 0 | 0 | 0< | 0 | 0 | 128 ]
[ -127 | >0 | 0 | 0 | 0 | 0 | 0 | 0 | 0 | 0 | 0 | 0 | 0 | 0 | 0 | 0< | 0 | 0 | 0 | 128 ]
[ -127 | >-1 | 0 | 0 | 0 | 0 | 0 | 0 | 0 | 0 | 0 | 0 | 0 | 0 | 0< | 0 | 0 | 0 | 0 | 128 ]
[ -127 | >-1 | 0 | 0 | 0 | 0 | 0 | 0 | 0 | 0 | 0 | 0 | 0 | 0< | 0 | 0 | 0 | 0 | 0 | 128 ]
[ -127 | >-2 | 0 | 0 | 0 | 0 | 0 | 0 | 0 | 0 | 0 | 0 | 0< | 0 | 0 | 0 | 0 | 0 | 0 | 128 ]
[ -127 | -2 | >0 | 0 | 0 | 0 | 0 | 0 | 0 | 0 | 0 | 0< | 0 | 0 | 0 | 0 | 0 | 0 | 0 | 128 ]
[ -127 | -2 | >1 | 0 | 0 | 0 | 0 | 0 | 0 | 0 | 0< | 0 | 0 | 0 | 0 | 0 | 0 | 0 | 0 | 128 ]
[ -127 | -2 | >1 | 0 | 0 | 0 | 0 | 0 | 0 | 0< | 0 | 0 | 0 | 0 | 0 | 0 | 0 | 0 | 0 | 128 ]
[ -127 | -2 | >0 | 0 | 0 | 0 | 0 | 0 | 0< | 0 | 0 | 0 | 0 | 0 | 0 | 0 | 0 | 0 | 0 | 128 ]
[ -127 | -2 | 0 | >0 | 0 | 0 | 0 | 0< | 0 | 0 | 0 | 0 | 0 | 0 | 0 | 0 | 0 | 0 | 0 | 128 ]
[ -127 | -2 | 0 | >1 | 0 | 0 | 0< | 0 | 0 | 0 | 0 | 0 | 0 | 0 | 0 | 0 | 0 | 0 | 0 | 128 ]
[ -127 | -2 | 0 | >1 | 0 | 0< | 0 | 0 | 0 | 0 | 0 | 0 | 0 | 0 | 0 | 0 | 0 | 0 | 0 | 128 ]
[ -127 | -2 | 0 | >0 | 0< | 0 | 0 | 0 | 0 | 0 | 0 | 0 | 0 | 0 | 0 | 0 | 0 | 0 | 0 | 128 ]
[ -127 | -2 | 0 | 0< | >0 | 0 | 0 | 0 | 0 | 0 | 0 | 0 | 0 | 0 | 0 | 0 | 0 | 0 | 0 | 128 ]
[ -127 | -2 | 0< | 0 | >1 | 0 | 0 | 0 | 0 | 0 | 0 | 0 | 0 | 0 | 0 | 0 | 0 | 0 | 0 | 128 ]
[ -127 | -2< | 0 | 0 | >1 | 0 | 0 | 0 | 0 | 0 | 0 | 0 | 0 | 0 | 0 | 0 | 0 | 0 | 0 | 128 ]
[ -127< | -2 | 0 | 0 | >0 | 0 | 0 | 0 | 0 | 0 | 0 | 0 | 0 | 0 | 0 | 0 | 0 | 0 | 0 | 128 ]
[ -127< | -2 | 0 | 0 | 0 | >0 | 0 | 0 | 0 | 0 | 0 | 0 | 0 | 0 | 0 | 0 | 0 | 0 | 0 | 128 ]
[ -126< | -2 | 0 | 0 | 0 | >1 | 0 | 0 | 0 | 0 | 0 | 0 | 0 | 0 | 0 | 0 | 0 | 0 | 0 | 128 ]
[ -125< | -2 | 0 | 0 | 0 | >1 | 0 | 0 | 0 | 0 | 0 | 0 | 0 | 0 | 0 | 0 | 0 | 0 | 0 | 128 ]
[ -124< | -2 | 0 | 0 | 0 | >0 | 0 | 0 | 0 | 0 | 0 | 0 | 0 | 0 | 0 | 0 | 0 | 0 | 0 | 128 ]
[ -123< | -2 | 0 | 0 | 0 | 0 | >0 | 0 | 0 | 0 | 0 | 0 | 0 | 0 | 0 | 0 | 0 | 0 | 0 | 128 ]
[ -122< | -2 | 0 | 0 | 0 | 0 | >1 | 0 | 0 | 0 | 0 | 0 | 0 | 0 | 0 | 0 | 0 | 0 | 0 | 128 ]
[ -121< | -2 | 0 | 0 | 0 | 0 | >1 | 0 | 0 | 0 | 0 | 0 | 0 | 0 | 0 | 0 | 0 | 0 | 0 | 128 ]
[ -121< | -2 | 0 | 0 | 0 | 0 | >0 | 0 | 0 | 0 | 0 | 0 | 0 | 0 | 0 | 0 | 0 | 0 | 0 | 128 ]
[ -122< | -2 | 0 | 0 | 0 | 0 | 0 | >0 | 0 | 0 | 0 | 0 | 0 | 0 | 0 | 0 | 0 | 0 | 0 | 128 ]
[ -122< | -2 | 0 | 0 | 0 | 0 | 0 | >1 | 0 | 0 | 0 | 0 | 0 | 0 | 0 | 0 | 0 | 0 | 0 | 128 ]
[ -123< | -2 | 0 | 0 | 0 | 0 | 0 | >1 | 0 | 0 | 0 | 0 | 0 | 0 | 0 | 0 | 0 | 0 | 0 | 128 ]
[ -123< | -2 | 0 | 0 | 0 | 0 | 0 | >0 | 0 | 0 | 0 | 0 | 0 | 0 | 0 | 0 | 0 | 0 | 0 | 128 ]
[ -124< | -2 | 0 | 0 | 0 | 0 | 0 | 0 | >0 | 0 | 0 | 0 | 0 | 0 | 0 | 0 | 0 | 0 | 0 | 128 ]
[ -124< | -2 | 0 | 0 | 0 | 0 | 0 | 0 | >1 | 0 | 0 | 0 | 0 | 0 | 0 | 0 | 0 | 0 | 0 | 128 ]
[ -125< | -2 | 0 | 0 | 0 | 0 | 0 | 0 | >1 | 0 | 0 | 0 | 0 | 0 | 0 | 0 | 0 | 0 | 0 | 128 ]
[ -125< | -2 | 0 | 0 | 0 | 0 | 0 | 0 | >0 | 0 | 0 | 0 | 0 | 0 | 0 | 0 | 0 | 0 | 0 | 128 ]
[ -126< | -2 | 0 | 0 | 0 | 0 | 0 | 0 | 0 | >0 | 0 | 0 | 0 | 0 | 0 | 0 | 0 | 0 | 0 | 128 ]
[ -126< | -2 | 0 | 0 | 0 | 0 | 0 | 0 | 0 | >1 | 0 | 0 | 0 | 0 | 0 | 0 | 0 | 0 | 0 | 128 ]
[ -127< | -2 | 0 | 0 | 0 | 0 | 0 | 0 | 0 | >1 | 0 | 0 | 0 | 0 | 0 | 0 | 0 | 0 | 0 | 128 ]
[ -127< | -2 | 0 | 0 | 0 | 0 | 0 | 0 | 0 | >0 | 0 | 0 | 0 | 0 | 0 | 0 | 0 | 0 | 0 | 128 ]
[ 128< | -2 | 0 | 0 | 0 | 0 | 0 | 0 | 0 | 0 | >0 | 0 | 0 | 0 | 0 | 0 | 0 | 0 | 0 | 128 ]
[ 128< | -2 | 0 | 0 | 0 | 0 | 0 | 0 | 0 | 0 | >1 | 0 | 0 | 0 | 0 | 0 | 0 | 0 | 0 | 128 ]
[ 127< | -2 | 0 | 0 | 0 | 0 | 0 | 0 | 0 | 0 | >1 | 0 | 0 | 0 | 0 | 0 | 0 | 0 | 0 | 128 ]
[ 127< | -2 | 0 | 0 | 0 | 0 | 0 | 0 | 0 | 0 | >0 | 0 | 0 | 0 | 0 | 0 | 0 | 0 | 0 | 128 ]
[ 126< | -2 | 0 | 0 | 0 | 0 | 0 | 0 | 0 | 0 | 0 | >0 | 0 | 0 | 0 | 0 | 0 | 0 | 0 | 128 ]
[ 126< | -2 | 0 | 0 | 0 | 0 | 0 | 0 | 0 | 0 | 0 | >1 | 0 | 0 | 0 | 0 | 0 | 0 | 0 | 128 ]
[ 125< | -2 | 0 | 0 | 0 | 0 | 0 | 0 | 0 | 0 | 0 | >1 | 0 | 0 | 0 | 0 | 0 | 0 | 0 | 128 ]
[ 125< | -2 | 0 | 0 | 0 | 0 | 0 | 0 | 0 | 0 | 0 | >0 | 0 | 0 | 0 | 0 | 0 | 0 | 0 | 128 ]
[ 124< | -2 | 0 | 0 | 0 | 0 | 0 | 0 | 0 | 0 | 0 | 0 | >0 | 0 | 0 | 0 | 0 | 0 | 0 | 128 ]
[ 124< | -2 | 0 | 0 | 0 | 0 | 0 | 0 | 0 | 0 | 0 | 0 | >1 | 0 | 0 | 0 | 0 | 0 | 0 | 128 ]
[ 123< | -2 | 0 | 0 | 0 | 0 | 0 | 0 | 0 | 0 | 0 | 0 | >1 | 0 | 0 | 0 | 0 | 0 | 0 | 128 ]
[ 123< | -2 | 0 | 0 | 0 | 0 | 0 | 0 | 0 | 0 | 0 | 0 | >0 | 0 | 0 | 0 | 0 | 0 | 0 | 128 ]
[ 122< | -2 | 0 | 0 | 0 | 0 | 0 | 0 | 0 | 0 | 0 | 0 | 0 | >0 | 0 | 0 | 0 | 0 | 0 | 128 ]
[ 122< | -2 | 0 | 0 | 0 | 0 | 0 | 0 | 0 | 0 | 0 | 0 | 0 | >1 | 0 | 0 | 0 | 0 | 0 | 128 ]
[ 121< | -2 | 0 | 0 | 0 | 0 | 0 | 0 | 0 | 0 | 0 | 0 | 0 | >1 | 0 | 0 | 0 | 0 | 0 | 128 ]
[ 121< | -2 | 0 | 0 | 0 | 0 | 0 | 0 | 0 | 0 | 0 | 0 | 0 | >0 | 0 | 0 | 0 | 0 | 0 | 128 ]
[ 120< | -2 | 0 | 0 | 0 | 0 | 0 | 0 | 0 | 0 | 0 | 0 | 0 | 0 | >0 | 0 | 0 | 0 | 0 | 128 ]
[ 120< | -2 | 0 | 0 | 0 | 0 | 0 | 0 | 0 | 0 | 0 | 0 | 0 | 0 | >1 | 0 | 0 | 0 | 0 | 128 ]
[ 119< | -2 | 0 | 0 | 0 | 0 | 0 | 0 | 0 | 0 | 0 | 0 | 0 | 0 | >1 | 0 | 0 | 0 | 0 | 128 ]
[ 119< | -2 | 0 | 0 | 0 | 0 | 0 | 0 | 0 | 0 | 0 | 0 | 0 | 0 | >0 | 0 | 0 | 0 | 0 | 128 ]
[ 118< | -2 | 0 | 0 | 0 | 0 | 0 | 0 | 0 | 0 | 0 | 0 | 0 | 0 | 0 | >0 | 0 | 0 | 0 | 128 ]
[ 118< | -2 | 0 | 0 | 0 | 0 | 0 | 0 | 0 | 0 | 0 | 0 | 0 | 0 | 0 | >1 | 0 | 0 | 0 | 128 ]
[ 117< | -2 | 0 | 0 | 0 | 0 | 0 | 0 | 0 | 0 | 0 | 0 | 0 | 0 | 0 | >1 | 0 | 0 | 0 | 128 ]
[ 117< | -2 | 0 | 0 | 0 | 0 | 0 | 0 | 0 | 0 | 0 | 0 | 0 | 0 | 0 | >0 | 0 | 0 | 0 | 128 ]
[ 116< | -2 | 0 | 0 | 0 | 0 | 0 | 0 | 0 | 0 | 0 | 0 | 0 | 0 | 0 | 0 | >0 | 0 | 0 | 128 ]
[ 116< | -2 | 0 | 0 | 0 | 0 | 0 | 0 | 0 | 0 | 0 | 0 | 0 | 0 | 0 | 0 | >1 | 0 | 0 | 128 ]
[ 115< | -2 | 0 | 0 | 0 | 0 | 0 | 0 | 0 | 0 | 0 | 0 | 0 | 0 | 0 | 0 | >1 | 0 | 0 | 128 ]
[ 115< | -2 | 0 | 0 | 0 | 0 | 0 | 0 | 0 | 0 | 0 | 0 | 0 | 0 | 0 | 0 | >0 | 0 | 0 | 128 ]
[ 114< | -2 | 0 | 0 | 0 | 0 | 0 | 0 | 0 | 0 | 0 | 0 | 0 | 0 | 0 | 0 | 0 | >0 | 0 | 128 ]
[ 114< | -2 | 0 | 0 | 0 | 0 | 0 | 0 | 0 | 0 | 0 | 0 | 0 | 0 | 0 | 0 | 0 | >1 | 0 | 128 ]
[ 113< | -2 | 0 | 0 | 0 | 0 | 0 | 0 | 0 | 0 | 0 | 0 | 0 | 0 | 0 | 0 | 0 | >1 | 0 | 128 ]
[ 113< | -2 | 0 | 0 | 0 | 0 | 0 | 0 | 0 | 0 | 0 | 0 | 0 | 0 | 0 | 0 | 0 | >0 | 0 | 128 ]
[ 112< | -2 | 0 | 0 | 0 | 0 | 0 | 0 | 0 | 0 | 0 | 0 | 0 | 0 | 0 | 0 | 0 | 0 | >0 | 128 ]
[ 112< | -2 | 0 | 0 | 0 | 0 | 0 | 0 | 0 | 0 | 0 | 0 | 0 | 0 | 0 | 0 | 0 | 0 | >1 | 128 ]
[ 111< | -2 | 0 | 0 | 0 | 0 | 0 | 0 | 0 | 0 | 0 | 0 | 0 | 0 | 0 | 0 | 0 | 0 | >1 | 128 ]
[ 111< | -2 | 0 | 0 | 0 | 0 | 0 | 0 | 0 | 0 | 0 | 0 | 0 | 0 | 0 | 0 | 0 | 0 | >0 | 128 ]
[ 110< | -2 | 0 | 0 | 0 | 0 | 0 | 0 | 0 | 0 | 0 | 0 | 0 | 0 | 0 | 0 | 0 | 0 | 0 | >128 ]
[ 110< | -2 | 0 | 0 | 0 | 0 | 0 | 0 | 0 | 0 | 0 | 0 | 0 | 0 | 0 | 0 | 0 | 0 | 0 | >-127 ]
[ 109< | -2 | 0 | 0 | 0 | 0 | 0 | 0 | 0 | 0 | 0 | 0 | 0 | 0 | 0 | 0 | 0 | 0 | 0 | >-127 ]
[ 109< | -2 | 0 | 0 | 0 | 0 | 0 | 0 | 0 | 0 | 0 | 0 | 0 | 0 | 0 | 0 | 0 | 0 | 0 | >128 ]
[ >108< | -2 | 0 | 0 | 0 | 0 | 0 | 0 | 0 | 0 | 0 | 0 | 0 | 0 | 0 | 0 | 0 | 0 | 0 | 128 ]

===== GetOffMate won the battle after 80 cycles =====



===== Starting battle of <MetaJSRandomBot> vs <GetOffMate> with memory tape size: 26 =====

[ >128 | 0 | 0 | 0 | 0 | 0 | 0 | 0 | 0 | 0 | 0 | 0 | 0 | 0 | 0 | 0 | 0 | 0 | 0 | 0 | 0 | 0 | 0 | 0 | 0 | 128< ]
[ >-127 | 0 | 0 | 0 | 0 | 0 | 0 | 0 | 0 | 0 | 0 | 0 | 0 | 0 | 0 | 0 | 0 | 0 | 0 | 0 | 0 | 0 | 0 | 0 | 0< | 128 ]
[ >-127 | 0 | 0 | 0 | 0 | 0 | 0 | 0 | 0 | 0 | 0 | 0 | 0 | 0 | 0 | 0 | 0 | 0 | 0 | 0 | 0 | 0 | 0 | 0< | 0 | 128 ]
[ >-127 | 0 | 0 | 0 | 0 | 0 | 0 | 0 | 0 | 0 | 0 | 0 | 0 | 0 | 0 | 0 | 0 | 0 | 0 | 0 | 0 | 0 | 0< | 0 | 0 | 128 ]
[ -127 | >0 | 0 | 0 | 0 | 0 | 0 | 0 | 0 | 0 | 0 | 0 | 0 | 0 | 0 | 0 | 0 | 0 | 0 | 0 | 0 | 0< | 0 | 0 | 0 | 128 ]
[ -127 | >-1 | 0 | 0 | 0 | 0 | 0 | 0 | 0 | 0 | 0 | 0 | 0 | 0 | 0 | 0 | 0 | 0 | 0 | 0 | 0< | 0 | 0 | 0 | 0 | 128 ]
[ -127 | >-1 | 0 | 0 | 0 | 0 | 0 | 0 | 0 | 0 | 0 | 0 | 0 | 0 | 0 | 0 | 0 | 0 | 0 | 0< | 0 | 0 | 0 | 0 | 0 | 128 ]
[ -127 | >-2 | 0 | 0 | 0 | 0 | 0 | 0 | 0 | 0 | 0 | 0 | 0 | 0 | 0 | 0 | 0 | 0 | 0< | 0 | 0 | 0 | 0 | 0 | 0 | 128 ]
[ -127 | -2 | >0 | 0 | 0 | 0 | 0 | 0 | 0 | 0 | 0 | 0 | 0 | 0 | 0 | 0 | 0 | 0< | 0 | 0 | 0 | 0 | 0 | 0 | 0 | 128 ]
[ -127 | -2 | >1 | 0 | 0 | 0 | 0 | 0 | 0 | 0 | 0 | 0 | 0 | 0 | 0 | 0 | 0< | 0 | 0 | 0 | 0 | 0 | 0 | 0 | 0 | 128 ]
[ -127 | -2 | >1 | 0 | 0 | 0 | 0 | 0 | 0 | 0 | 0 | 0 | 0 | 0 | 0 | 0< | 0 | 0 | 0 | 0 | 0 | 0 | 0 | 0 | 0 | 128 ]
[ -127 | -2 | >0 | 0 | 0 | 0 | 0 | 0 | 0 | 0 | 0 | 0 | 0 | 0 | 0< | 0 | 0 | 0 | 0 | 0 | 0 | 0 | 0 | 0 | 0 | 128 ]
[ -127 | -2 | 0 | >0 | 0 | 0 | 0 | 0 | 0 | 0 | 0 | 0 | 0 | 0< | 0 | 0 | 0 | 0 | 0 | 0 | 0 | 0 | 0 | 0 | 0 | 128 ]
[ -127 | -2 | 0 | >1 | 0 | 0 | 0 | 0 | 0 | 0 | 0 | 0 | 0< | 0 | 0 | 0 | 0 | 0 | 0 | 0 | 0 | 0 | 0 | 0 | 0 | 128 ]
[ -127 | -2 | 0 | >1 | 0 | 0 | 0 | 0 | 0 | 0 | 0 | 0< | 0 | 0 | 0 | 0 | 0 | 0 | 0 | 0 | 0 | 0 | 0 | 0 | 0 | 128 ]
[ -127 | -2 | 0 | >0 | 0 | 0 | 0 | 0 | 0 | 0 | 0< | 0 | 0 | 0 | 0 | 0 | 0 | 0 | 0 | 0 | 0 | 0 | 0 | 0 | 0 | 128 ]
[ -127 | -2 | 0 | 0 | >0 | 0 | 0 | 0 | 0 | 0< | 0 | 0 | 0 | 0 | 0 | 0 | 0 | 0 | 0 | 0 | 0 | 0 | 0 | 0 | 0 | 128 ]
[ -127 | -2 | 0 | 0 | >1 | 0 | 0 | 0 | 0< | 0 | 0 | 0 | 0 | 0 | 0 | 0 | 0 | 0 | 0 | 0 | 0 | 0 | 0 | 0 | 0 | 128 ]
[ -127 | -2 | 0 | 0 | >1 | 0 | 0 | 0< | 0 | 0 | 0 | 0 | 0 | 0 | 0 | 0 | 0 | 0 | 0 | 0 | 0 | 0 | 0 | 0 | 0 | 128 ]
[ -127 | -2 | 0 | 0 | >0 | 0 | 0< | 0 | 0 | 0 | 0 | 0 | 0 | 0 | 0 | 0 | 0 | 0 | 0 | 0 | 0 | 0 | 0 | 0 | 0 | 128 ]
[ -127 | -2 | 0 | 0 | 0 | >0 | 0< | 0 | 0 | 0 | 0 | 0 | 0 | 0 | 0 | 0 | 0 | 0 | 0 | 0 | 0 | 0 | 0 | 0 | 0 | 128 ]
[ -127 | -2 | 0 | 0 | 0 | >1< | 0 | 0 | 0 | 0 | 0 | 0 | 0 | 0 | 0 | 0 | 0 | 0 | 0 | 0 | 0 | 0 | 0 | 0 | 0 | 128 ]
[ -127 | -2 | 0 | 0 | 0 | >1< | 0 | 0 | 0 | 0 | 0 | 0 | 0 | 0 | 0 | 0 | 0 | 0 | 0 | 0 | 0 | 0 | 0 | 0 | 0 | 128 ]
[ -127 | -2 | 0 | 0 | 0 | >1< | 0 | 0 | 0 | 0 | 0 | 0 | 0 | 0 | 0 | 0 | 0 | 0 | 0 | 0 | 0 | 0 | 0 | 0 | 0 | 128 ]
[ -127 | -2 | 0 | 0 | 0 | 2< | >0 | 0 | 0 | 0 | 0 | 0 | 0 | 0 | 0 | 0 | 0 | 0 | 0 | 0 | 0 | 0 | 0 | 0 | 0 | 128 ]
[ -127 | -2 | 0 | 0 | 0 | 3< | >1 | 0 | 0 | 0 | 0 | 0 | 0 | 0 | 0 | 0 | 0 | 0 | 0 | 0 | 0 | 0 | 0 | 0 | 0 | 128 ]
[ -127 | -2 | 0 | 0 | 0 | 4< | >1 | 0 | 0 | 0 | 0 | 0 | 0 | 0 | 0 | 0 | 0 | 0 | 0 | 0 | 0 | 0 | 0 | 0 | 0 | 128 ]
[ -127 | -2 | 0 | 0 | 0 | 5< | >0 | 0 | 0 | 0 | 0 | 0 | 0 | 0 | 0 | 0 | 0 | 0 | 0 | 0 | 0 | 0 | 0 | 0 | 0 | 128 ]
[ -127 | -2 | 0 | 0 | 0 | 6< | 0 | >0 | 0 | 0 | 0 | 0 | 0 | 0 | 0 | 0 | 0 | 0 | 0 | 0 | 0 | 0 | 0 | 0 | 0 | 128 ]
[ -127 | -2 | 0 | 0 | 0 | 6< | 0 | >1 | 0 | 0 | 0 | 0 | 0 | 0 | 0 | 0 | 0 | 0 | 0 | 0 | 0 | 0 | 0 | 0 | 0 | 128 ]
[ -127 | -2 | 0 | 0 | 0 | 5< | 0 | >1 | 0 | 0 | 0 | 0 | 0 | 0 | 0 | 0 | 0 | 0 | 0 | 0 | 0 | 0 | 0 | 0 | 0 | 128 ]
[ -127 | -2 | 0 | 0 | 0 | 5< | 0 | >0 | 0 | 0 | 0 | 0 | 0 | 0 | 0 | 0 | 0 | 0 | 0 | 0 | 0 | 0 | 0 | 0 | 0 | 128 ]
[ -127 | -2 | 0 | 0 | 0 | 4< | 0 | 0 | >0 | 0 | 0 | 0 | 0 | 0 | 0 | 0 | 0 | 0 | 0 | 0 | 0 | 0 | 0 | 0 | 0 | 128 ]
[ -127 | -2 | 0 | 0 | 0 | 4< | 0 | 0 | >1 | 0 | 0 | 0 | 0 | 0 | 0 | 0 | 0 | 0 | 0 | 0 | 0 | 0 | 0 | 0 | 0 | 128 ]
[ -127 | -2 | 0 | 0 | 0 | 3< | 0 | 0 | >1 | 0 | 0 | 0 | 0 | 0 | 0 | 0 | 0 | 0 | 0 | 0 | 0 | 0 | 0 | 0 | 0 | 128 ]
[ -127 | -2 | 0 | 0 | 0 | 3< | 0 | 0 | >0 | 0 | 0 | 0 | 0 | 0 | 0 | 0 | 0 | 0 | 0 | 0 | 0 | 0 | 0 | 0 | 0 | 128 ]
[ -127 | -2 | 0 | 0 | 0 | 2< | 0 | 0 | 0 | >0 | 0 | 0 | 0 | 0 | 0 | 0 | 0 | 0 | 0 | 0 | 0 | 0 | 0 | 0 | 0 | 128 ]
[ -127 | -2 | 0 | 0 | 0 | 2< | 0 | 0 | 0 | >1 | 0 | 0 | 0 | 0 | 0 | 0 | 0 | 0 | 0 | 0 | 0 | 0 | 0 | 0 | 0 | 128 ]
[ -127 | -2 | 0 | 0 | 0 | 1< | 0 | 0 | 0 | >1 | 0 | 0 | 0 | 0 | 0 | 0 | 0 | 0 | 0 | 0 | 0 | 0 | 0 | 0 | 0 | 128 ]
[ -127 | -2 | 0 | 0 | 0 | 1< | 0 | 0 | 0 | >0 | 0 | 0 | 0 | 0 | 0 | 0 | 0 | 0 | 0 | 0 | 0 | 0 | 0 | 0 | 0 | 128 ]
[ -127 | -2 | 0 | 0 | 0 | 0< | 0 | 0 | 0 | 0 | >0 | 0 | 0 | 0 | 0 | 0 | 0 | 0 | 0 | 0 | 0 | 0 | 0 | 0 | 0 | 128 ]
[ -127 | -2 | 0 | 0 | 0 | 0< | 0 | 0 | 0 | 0 | >1 | 0 | 0 | 0 | 0 | 0 | 0 | 0 | 0 | 0 | 0 | 0 | 0 | 0 | 0 | 128 ]
[ -127 | -2 | 0 | 0 | 0 | 0< | 0 | 0 | 0 | 0 | >1 | 0 | 0 | 0 | 0 | 0 | 0 | 0 | 0 | 0 | 0 | 0 | 0 | 0 | 0 | 128 ]
[ -127 | -2 | 0 | 0 | 0< | 0 | 0 | 0 | 0 | 0 | >0 | 0 | 0 | 0 | 0 | 0 | 0 | 0 | 0 | 0 | 0 | 0 | 0 | 0 | 0 | 128 ]
[ -127 | -2 | 0 | 0 | 0< | 0 | 0 | 0 | 0 | 0 | 0 | >0 | 0 | 0 | 0 | 0 | 0 | 0 | 0 | 0 | 0 | 0 | 0 | 0 | 0 | 128 ]
[ -127 | -2 | 0 | 0< | 0 | 0 | 0 | 0 | 0 | 0 | 0 | >1 | 0 | 0 | 0 | 0 | 0 | 0 | 0 | 0 | 0 | 0 | 0 | 0 | 0 | 128 ]
[ -127 | -2 | 0 | 0< | 0 | 0 | 0 | 0 | 0 | 0 | 0 | >1 | 0 | 0 | 0 | 0 | 0 | 0 | 0 | 0 | 0 | 0 | 0 | 0 | 0 | 128 ]
[ -127 | -2 | 0< | 0 | 0 | 0 | 0 | 0 | 0 | 0 | 0 | >0 | 0 | 0 | 0 | 0 | 0 | 0 | 0 | 0 | 0 | 0 | 0 | 0 | 0 | 128 ]
[ -127 | -2 | 0< | 0 | 0 | 0 | 0 | 0 | 0 | 0 | 0 | 0 | >0 | 0 | 0 | 0 | 0 | 0 | 0 | 0 | 0 | 0 | 0 | 0 | 0 | 128 ]
[ -127 | -2< | 0 | 0 | 0 | 0 | 0 | 0 | 0 | 0 | 0 | 0 | >1 | 0 | 0 | 0 | 0 | 0 | 0 | 0 | 0 | 0 | 0 | 0 | 0 | 128 ]
[ -127 | -2< | 0 | 0 | 0 | 0 | 0 | 0 | 0 | 0 | 0 | 0 | >1 | 0 | 0 | 0 | 0 | 0 | 0 | 0 | 0 | 0 | 0 | 0 | 0 | 128 ]
[ -127 | -1< | 0 | 0 | 0 | 0 | 0 | 0 | 0 | 0 | 0 | 0 | >0 | 0 | 0 | 0 | 0 | 0 | 0 | 0 | 0 | 0 | 0 | 0 | 0 | 128 ]
[ -127 | 0< | 0 | 0 | 0 | 0 | 0 | 0 | 0 | 0 | 0 | 0 | 0 | >0 | 0 | 0 | 0 | 0 | 0 | 0 | 0 | 0 | 0 | 0 | 0 | 128 ]
[ -127 | 1< | 0 | 0 | 0 | 0 | 0 | 0 | 0 | 0 | 0 | 0 | 0 | >1 | 0 | 0 | 0 | 0 | 0 | 0 | 0 | 0 | 0 | 0 | 0 | 128 ]
[ -127 | 2< | 0 | 0 | 0 | 0 | 0 | 0 | 0 | 0 | 0 | 0 | 0 | >1 | 0 | 0 | 0 | 0 | 0 | 0 | 0 | 0 | 0 | 0 | 0 | 128 ]
[ -127 | 3< | 0 | 0 | 0 | 0 | 0 | 0 | 0 | 0 | 0 | 0 | 0 | >0 | 0 | 0 | 0 | 0 | 0 | 0 | 0 | 0 | 0 | 0 | 0 | 128 ]
[ -127 | 4< | 0 | 0 | 0 | 0 | 0 | 0 | 0 | 0 | 0 | 0 | 0 | 0 | >0 | 0 | 0 | 0 | 0 | 0 | 0 | 0 | 0 | 0 | 0 | 128 ]
[ -127 | 4< | 0 | 0 | 0 | 0 | 0 | 0 | 0 | 0 | 0 | 0 | 0 | 0 | >1 | 0 | 0 | 0 | 0 | 0 | 0 | 0 | 0 | 0 | 0 | 128 ]
[ -127 | 3< | 0 | 0 | 0 | 0 | 0 | 0 | 0 | 0 | 0 | 0 | 0 | 0 | >1 | 0 | 0 | 0 | 0 | 0 | 0 | 0 | 0 | 0 | 0 | 128 ]
[ -127 | 3< | 0 | 0 | 0 | 0 | 0 | 0 | 0 | 0 | 0 | 0 | 0 | 0 | >0 | 0 | 0 | 0 | 0 | 0 | 0 | 0 | 0 | 0 | 0 | 128 ]
[ -127 | 2< | 0 | 0 | 0 | 0 | 0 | 0 | 0 | 0 | 0 | 0 | 0 | 0 | 0 | >0 | 0 | 0 | 0 | 0 | 0 | 0 | 0 | 0 | 0 | 128 ]
[ -127 | 2< | 0 | 0 | 0 | 0 | 0 | 0 | 0 | 0 | 0 | 0 | 0 | 0 | 0 | >1 | 0 | 0 | 0 | 0 | 0 | 0 | 0 | 0 | 0 | 128 ]
[ -127 | 1< | 0 | 0 | 0 | 0 | 0 | 0 | 0 | 0 | 0 | 0 | 0 | 0 | 0 | >1 | 0 | 0 | 0 | 0 | 0 | 0 | 0 | 0 | 0 | 128 ]
[ -127 | 1< | 0 | 0 | 0 | 0 | 0 | 0 | 0 | 0 | 0 | 0 | 0 | 0 | 0 | >0 | 0 | 0 | 0 | 0 | 0 | 0 | 0 | 0 | 0 | 128 ]
[ -127 | 0< | 0 | 0 | 0 | 0 | 0 | 0 | 0 | 0 | 0 | 0 | 0 | 0 | 0 | 0 | >0 | 0 | 0 | 0 | 0 | 0 | 0 | 0 | 0 | 128 ]
[ -127 | 0< | 0 | 0 | 0 | 0 | 0 | 0 | 0 | 0 | 0 | 0 | 0 | 0 | 0 | 0 | >1 | 0 | 0 | 0 | 0 | 0 | 0 | 0 | 0 | 128 ]
[ -127 | 0< | 0 | 0 | 0 | 0 | 0 | 0 | 0 | 0 | 0 | 0 | 0 | 0 | 0 | 0 | >1 | 0 | 0 | 0 | 0 | 0 | 0 | 0 | 0 | 128 ]
[ -127< | 0 | 0 | 0 | 0 | 0 | 0 | 0 | 0 | 0 | 0 | 0 | 0 | 0 | 0 | 0 | >0 | 0 | 0 | 0 | 0 | 0 | 0 | 0 | 0 | 128 ]
[ -127< | 0 | 0 | 0 | 0 | 0 | 0 | 0 | 0 | 0 | 0 | 0 | 0 | 0 | 0 | 0 | 0 | >0 | 0 | 0 | 0 | 0 | 0 | 0 | 0 | 128 ]
[ -126< | 0 | 0 | 0 | 0 | 0 | 0 | 0 | 0 | 0 | 0 | 0 | 0 | 0 | 0 | 0 | 0 | >1 | 0 | 0 | 0 | 0 | 0 | 0 | 0 | 128 ]
[ -125< | 0 | 0 | 0 | 0 | 0 | 0 | 0 | 0 | 0 | 0 | 0 | 0 | 0 | 0 | 0 | 0 | >1 | 0 | 0 | 0 | 0 | 0 | 0 | 0 | 128 ]
[ -124< | 0 | 0 | 0 | 0 | 0 | 0 | 0 | 0 | 0 | 0 | 0 | 0 | 0 | 0 | 0 | 0 | >0 | 0 | 0 | 0 | 0 | 0 | 0 | 0 | 128 ]
[ -123< | 0 | 0 | 0 | 0 | 0 | 0 | 0 | 0 | 0 | 0 | 0 | 0 | 0 | 0 | 0 | 0 | 0 | >0 | 0 | 0 | 0 | 0 | 0 | 0 | 128 ]
[ -122< | 0 | 0 | 0 | 0 | 0 | 0 | 0 | 0 | 0 | 0 | 0 | 0 | 0 | 0 | 0 | 0 | 0 | >1 | 0 | 0 | 0 | 0 | 0 | 0 | 128 ]
[ -121< | 0 | 0 | 0 | 0 | 0 | 0 | 0 | 0 | 0 | 0 | 0 | 0 | 0 | 0 | 0 | 0 | 0 | >1 | 0 | 0 | 0 | 0 | 0 | 0 | 128 ]
[ -121< | 0 | 0 | 0 | 0 | 0 | 0 | 0 | 0 | 0 | 0 | 0 | 0 | 0 | 0 | 0 | 0 | 0 | >0 | 0 | 0 | 0 | 0 | 0 | 0 | 128 ]
[ -122< | 0 | 0 | 0 | 0 | 0 | 0 | 0 | 0 | 0 | 0 | 0 | 0 | 0 | 0 | 0 | 0 | 0 | 0 | >0 | 0 | 0 | 0 | 0 | 0 | 128 ]
[ -122< | 0 | 0 | 0 | 0 | 0 | 0 | 0 | 0 | 0 | 0 | 0 | 0 | 0 | 0 | 0 | 0 | 0 | 0 | >1 | 0 | 0 | 0 | 0 | 0 | 128 ]
[ -123< | 0 | 0 | 0 | 0 | 0 | 0 | 0 | 0 | 0 | 0 | 0 | 0 | 0 | 0 | 0 | 0 | 0 | 0 | >1 | 0 | 0 | 0 | 0 | 0 | 128 ]
[ -123< | 0 | 0 | 0 | 0 | 0 | 0 | 0 | 0 | 0 | 0 | 0 | 0 | 0 | 0 | 0 | 0 | 0 | 0 | >0 | 0 | 0 | 0 | 0 | 0 | 128 ]
[ -124< | 0 | 0 | 0 | 0 | 0 | 0 | 0 | 0 | 0 | 0 | 0 | 0 | 0 | 0 | 0 | 0 | 0 | 0 | 0 | >0 | 0 | 0 | 0 | 0 | 128 ]
[ -124< | 0 | 0 | 0 | 0 | 0 | 0 | 0 | 0 | 0 | 0 | 0 | 0 | 0 | 0 | 0 | 0 | 0 | 0 | 0 | >1 | 0 | 0 | 0 | 0 | 128 ]
[ -125< | 0 | 0 | 0 | 0 | 0 | 0 | 0 | 0 | 0 | 0 | 0 | 0 | 0 | 0 | 0 | 0 | 0 | 0 | 0 | >1 | 0 | 0 | 0 | 0 | 128 ]
[ -125< | 0 | 0 | 0 | 0 | 0 | 0 | 0 | 0 | 0 | 0 | 0 | 0 | 0 | 0 | 0 | 0 | 0 | 0 | 0 | >0 | 0 | 0 | 0 | 0 | 128 ]
[ -126< | 0 | 0 | 0 | 0 | 0 | 0 | 0 | 0 | 0 | 0 | 0 | 0 | 0 | 0 | 0 | 0 | 0 | 0 | 0 | 0 | >0 | 0 | 0 | 0 | 128 ]
[ -126< | 0 | 0 | 0 | 0 | 0 | 0 | 0 | 0 | 0 | 0 | 0 | 0 | 0 | 0 | 0 | 0 | 0 | 0 | 0 | 0 | >1 | 0 | 0 | 0 | 128 ]
[ -127< | 0 | 0 | 0 | 0 | 0 | 0 | 0 | 0 | 0 | 0 | 0 | 0 | 0 | 0 | 0 | 0 | 0 | 0 | 0 | 0 | >1 | 0 | 0 | 0 | 128 ]
[ -127< | 0 | 0 | 0 | 0 | 0 | 0 | 0 | 0 | 0 | 0 | 0 | 0 | 0 | 0 | 0 | 0 | 0 | 0 | 0 | 0 | >0 | 0 | 0 | 0 | 128 ]
[ 128< | 0 | 0 | 0 | 0 | 0 | 0 | 0 | 0 | 0 | 0 | 0 | 0 | 0 | 0 | 0 | 0 | 0 | 0 | 0 | 0 | 0 | >0 | 0 | 0 | 128 ]
[ 128< | 0 | 0 | 0 | 0 | 0 | 0 | 0 | 0 | 0 | 0 | 0 | 0 | 0 | 0 | 0 | 0 | 0 | 0 | 0 | 0 | 0 | >1 | 0 | 0 | 128 ]
[ 127< | 0 | 0 | 0 | 0 | 0 | 0 | 0 | 0 | 0 | 0 | 0 | 0 | 0 | 0 | 0 | 0 | 0 | 0 | 0 | 0 | 0 | >1 | 0 | 0 | 128 ]
[ 127< | 0 | 0 | 0 | 0 | 0 | 0 | 0 | 0 | 0 | 0 | 0 | 0 | 0 | 0 | 0 | 0 | 0 | 0 | 0 | 0 | 0 | >0 | 0 | 0 | 128 ]
[ 126< | 0 | 0 | 0 | 0 | 0 | 0 | 0 | 0 | 0 | 0 | 0 | 0 | 0 | 0 | 0 | 0 | 0 | 0 | 0 | 0 | 0 | 0 | >0 | 0 | 128 ]
[ 126< | 0 | 0 | 0 | 0 | 0 | 0 | 0 | 0 | 0 | 0 | 0 | 0 | 0 | 0 | 0 | 0 | 0 | 0 | 0 | 0 | 0 | 0 | >1 | 0 | 128 ]
[ 125< | 0 | 0 | 0 | 0 | 0 | 0 | 0 | 0 | 0 | 0 | 0 | 0 | 0 | 0 | 0 | 0 | 0 | 0 | 0 | 0 | 0 | 0 | >1 | 0 | 128 ]
[ 125< | 0 | 0 | 0 | 0 | 0 | 0 | 0 | 0 | 0 | 0 | 0 | 0 | 0 | 0 | 0 | 0 | 0 | 0 | 0 | 0 | 0 | 0 | >0 | 0 | 128 ]
[ 124< | 0 | 0 | 0 | 0 | 0 | 0 | 0 | 0 | 0 | 0 | 0 | 0 | 0 | 0 | 0 | 0 | 0 | 0 | 0 | 0 | 0 | 0 | 0 | >0 | 128 ]
[ 124< | 0 | 0 | 0 | 0 | 0 | 0 | 0 | 0 | 0 | 0 | 0 | 0 | 0 | 0 | 0 | 0 | 0 | 0 | 0 | 0 | 0 | 0 | 0 | >1 | 128 ]
[ 123< | 0 | 0 | 0 | 0 | 0 | 0 | 0 | 0 | 0 | 0 | 0 | 0 | 0 | 0 | 0 | 0 | 0 | 0 | 0 | 0 | 0 | 0 | 0 | >1 | 128 ]
[ 123< | 0 | 0 | 0 | 0 | 0 | 0 | 0 | 0 | 0 | 0 | 0 | 0 | 0 | 0 | 0 | 0 | 0 | 0 | 0 | 0 | 0 | 0 | 0 | >0 | 128 ]
[ 122< | 0 | 0 | 0 | 0 | 0 | 0 | 0 | 0 | 0 | 0 | 0 | 0 | 0 | 0 | 0 | 0 | 0 | 0 | 0 | 0 | 0 | 0 | 0 | 0 | >128 ]
[ 122< | 0 | 0 | 0 | 0 | 0 | 0 | 0 | 0 | 0 | 0 | 0 | 0 | 0 | 0 | 0 | 0 | 0 | 0 | 0 | 0 | 0 | 0 | 0 | 0 | >-127 ]
[ 121< | 0 | 0 | 0 | 0 | 0 | 0 | 0 | 0 | 0 | 0 | 0 | 0 | 0 | 0 | 0 | 0 | 0 | 0 | 0 | 0 | 0 | 0 | 0 | 0 | >-127 ]
[ 121< | 0 | 0 | 0 | 0 | 0 | 0 | 0 | 0 | 0 | 0 | 0 | 0 | 0 | 0 | 0 | 0 | 0 | 0 | 0 | 0 | 0 | 0 | 0 | 0 | >128 ]
[ >120< | 0 | 0 | 0 | 0 | 0 | 0 | 0 | 0 | 0 | 0 | 0 | 0 | 0 | 0 | 0 | 0 | 0 | 0 | 0 | 0 | 0 | 0 | 0 | 0 | 128 ]

===== GetOffMate won the battle after 104 cycles =====



===== Starting battle of <MetaJSRandomBot> vs <GetOffMate> with memory tape size: 20 =====

[ >128 | 0 | 0 | 0 | 0 | 0 | 0 | 0 | 0 | 0 | 0 | 0 | 0 | 0 | 0 | 0 | 0 | 0 | 0 | 128< ]
[ >-127 | 0 | 0 | 0 | 0 | 0 | 0 | 0 | 0 | 0 | 0 | 0 | 0 | 0 | 0 | 0 | 0 | 0 | 0< | 128 ]
[ >-127 | 0 | 0 | 0 | 0 | 0 | 0 | 0 | 0 | 0 | 0 | 0 | 0 | 0 | 0 | 0 | 0 | 0< | 0 | 128 ]
[ >-127 | 0 | 0 | 0 | 0 | 0 | 0 | 0 | 0 | 0 | 0 | 0 | 0 | 0 | 0 | 0 | 0< | 0 | 0 | 128 ]
[ -127 | >0 | 0 | 0 | 0 | 0 | 0 | 0 | 0 | 0 | 0 | 0 | 0 | 0 | 0 | 0< | 0 | 0 | 0 | 128 ]
[ -127 | >-1 | 0 | 0 | 0 | 0 | 0 | 0 | 0 | 0 | 0 | 0 | 0 | 0 | 0< | 0 | 0 | 0 | 0 | 128 ]
[ -127 | >-1 | 0 | 0 | 0 | 0 | 0 | 0 | 0 | 0 | 0 | 0 | 0 | 0< | 0 | 0 | 0 | 0 | 0 | 128 ]
[ -127 | >-2 | 0 | 0 | 0 | 0 | 0 | 0 | 0 | 0 | 0 | 0 | 0< | 0 | 0 | 0 | 0 | 0 | 0 | 128 ]
[ -127 | -2 | >0 | 0 | 0 | 0 | 0 | 0 | 0 | 0 | 0 | 0< | 0 | 0 | 0 | 0 | 0 | 0 | 0 | 128 ]
[ -127 | -2 | >1 | 0 | 0 | 0 | 0 | 0 | 0 | 0 | 0< | 0 | 0 | 0 | 0 | 0 | 0 | 0 | 0 | 128 ]
[ -127 | -2 | >1 | 0 | 0 | 0 | 0 | 0 | 0 | 0< | 0 | 0 | 0 | 0 | 0 | 0 | 0 | 0 | 0 | 128 ]
[ -127 | -2 | >0 | 0 | 0 | 0 | 0 | 0 | 0< | 0 | 0 | 0 | 0 | 0 | 0 | 0 | 0 | 0 | 0 | 128 ]
[ -127 | -2 | 0 | >0 | 0 | 0 | 0 | 0< | 0 | 0 | 0 | 0 | 0 | 0 | 0 | 0 | 0 | 0 | 0 | 128 ]
[ -127 | -2 | 0 | >1 | 0 | 0 | 0< | 0 | 0 | 0 | 0 | 0 | 0 | 0 | 0 | 0 | 0 | 0 | 0 | 128 ]
[ -127 | -2 | 0 | >1 | 0 | 0< | 0 | 0 | 0 | 0 | 0 | 0 | 0 | 0 | 0 | 0 | 0 | 0 | 0 | 128 ]
[ -127 | -2 | 0 | >0 | 0< | 0 | 0 | 0 | 0 | 0 | 0 | 0 | 0 | 0 | 0 | 0 | 0 | 0 | 0 | 128 ]
[ -127 | -2 | 0 | 0< | >0 | 0 | 0 | 0 | 0 | 0 | 0 | 0 | 0 | 0 | 0 | 0 | 0 | 0 | 0 | 128 ]
[ -127 | -2 | 0< | 0 | >1 | 0 | 0 | 0 | 0 | 0 | 0 | 0 | 0 | 0 | 0 | 0 | 0 | 0 | 0 | 128 ]
[ -127 | -2< | 0 | 0 | >1 | 0 | 0 | 0 | 0 | 0 | 0 | 0 | 0 | 0 | 0 | 0 | 0 | 0 | 0 | 128 ]
[ -127< | -2 | 0 | 0 | >0 | 0 | 0 | 0 | 0 | 0 | 0 | 0 | 0 | 0 | 0 | 0 | 0 | 0 | 0 | 128 ]
[ -127< | -2 | 0 | 0 | 0 | >0 | 0 | 0 | 0 | 0 | 0 | 0 | 0 | 0 | 0 | 0 | 0 | 0 | 0 | 128 ]
[ -126< | -2 | 0 | 0 | 0 | >1 | 0 | 0 | 0 | 0 | 0 | 0 | 0 | 0 | 0 | 0 | 0 | 0 | 0 | 128 ]
[ -125< | -2 | 0 | 0 | 0 | >1 | 0 | 0 | 0 | 0 | 0 | 0 | 0 | 0 | 0 | 0 | 0 | 0 | 0 | 128 ]
[ -124< | -2 | 0 | 0 | 0 | >0 | 0 | 0 | 0 | 0 | 0 | 0 | 0 | 0 | 0 | 0 | 0 | 0 | 0 | 128 ]
[ -123< | -2 | 0 | 0 | 0 | 0 | >0 | 0 | 0 | 0 | 0 | 0 | 0 | 0 | 0 | 0 | 0 | 0 | 0 | 128 ]
[ -122< | -2 | 0 | 0 | 0 | 0 | >1 | 0 | 0 | 0 | 0 | 0 | 0 | 0 | 0 | 0 | 0 | 0 | 0 | 128 ]
[ -121< | -2 | 0 | 0 | 0 | 0 | >1 | 0 | 0 | 0 | 0 | 0 | 0 | 0 | 0 | 0 | 0 | 0 | 0 | 128 ]
[ -121< | -2 | 0 | 0 | 0 | 0 | >0 | 0 | 0 | 0 | 0 | 0 | 0 | 0 | 0 | 0 | 0 | 0 | 0 | 128 ]
[ -122< | -2 | 0 | 0 | 0 | 0 | 0 | >0 | 0 | 0 | 0 | 0 | 0 | 0 | 0 | 0 | 0 | 0 | 0 | 128 ]
[ -122< | -2 | 0 | 0 | 0 | 0 | 0 | >1 | 0 | 0 | 0 | 0 | 0 | 0 | 0 | 0 | 0 | 0 | 0 | 128 ]
[ -123< | -2 | 0 | 0 | 0 | 0 | 0 | >1 | 0 | 0 | 0 | 0 | 0 | 0 | 0 | 0 | 0 | 0 | 0 | 128 ]
[ -123< | -2 | 0 | 0 | 0 | 0 | 0 | >0 | 0 | 0 | 0 | 0 | 0 | 0 | 0 | 0 | 0 | 0 | 0 | 128 ]
[ -124< | -2 | 0 | 0 | 0 | 0 | 0 | 0 | >0 | 0 | 0 | 0 | 0 | 0 | 0 | 0 | 0 | 0 | 0 | 128 ]
[ -124< | -2 | 0 | 0 | 0 | 0 | 0 | 0 | >1 | 0 | 0 | 0 | 0 | 0 | 0 | 0 | 0 | 0 | 0 | 128 ]
[ -125< | -2 | 0 | 0 | 0 | 0 | 0 | 0 | >1 | 0 | 0 | 0 | 0 | 0 | 0 | 0 | 0 | 0 | 0 | 128 ]
[ -125< | -2 | 0 | 0 | 0 | 0 | 0 | 0 | >0 | 0 | 0 | 0 | 0 | 0 | 0 | 0 | 0 | 0 | 0 | 128 ]
[ -126< | -2 | 0 | 0 | 0 | 0 | 0 | 0 | 0 | >0 | 0 | 0 | 0 | 0 | 0 | 0 | 0 | 0 | 0 | 128 ]
[ -126< | -2 | 0 | 0 | 0 | 0 | 0 | 0 | 0 | >1 | 0 | 0 | 0 | 0 | 0 | 0 | 0 | 0 | 0 | 128 ]
[ -127< | -2 | 0 | 0 | 0 | 0 | 0 | 0 | 0 | >1 | 0 | 0 | 0 | 0 | 0 | 0 | 0 | 0 | 0 | 128 ]
[ -127< | -2 | 0 | 0 | 0 | 0 | 0 | 0 | 0 | >0 | 0 | 0 | 0 | 0 | 0 | 0 | 0 | 0 | 0 | 128 ]
[ 128< | -2 | 0 | 0 | 0 | 0 | 0 | 0 | 0 | 0 | >0 | 0 | 0 | 0 | 0 | 0 | 0 | 0 | 0 | 128 ]
[ 128< | -2 | 0 | 0 | 0 | 0 | 0 | 0 | 0 | 0 | >1 | 0 | 0 | 0 | 0 | 0 | 0 | 0 | 0 | 128 ]
[ 127< | -2 | 0 | 0 | 0 | 0 | 0 | 0 | 0 | 0 | >1 | 0 | 0 | 0 | 0 | 0 | 0 | 0 | 0 | 128 ]
[ 127< | -2 | 0 | 0 | 0 | 0 | 0 | 0 | 0 | 0 | >0 | 0 | 0 | 0 | 0 | 0 | 0 | 0 | 0 | 128 ]
[ 126< | -2 | 0 | 0 | 0 | 0 | 0 | 0 | 0 | 0 | 0 | >0 | 0 | 0 | 0 | 0 | 0 | 0 | 0 | 128 ]
[ 126< | -2 | 0 | 0 | 0 | 0 | 0 | 0 | 0 | 0 | 0 | >1 | 0 | 0 | 0 | 0 | 0 | 0 | 0 | 128 ]
[ 125< | -2 | 0 | 0 | 0 | 0 | 0 | 0 | 0 | 0 | 0 | >1 | 0 | 0 | 0 | 0 | 0 | 0 | 0 | 128 ]
[ 125< | -2 | 0 | 0 | 0 | 0 | 0 | 0 | 0 | 0 | 0 | >0 | 0 | 0 | 0 | 0 | 0 | 0 | 0 | 128 ]
[ 124< | -2 | 0 | 0 | 0 | 0 | 0 | 0 | 0 | 0 | 0 | 0 | >0 | 0 | 0 | 0 | 0 | 0 | 0 | 128 ]
[ 124< | -2 | 0 | 0 | 0 | 0 | 0 | 0 | 0 | 0 | 0 | 0 | >1 | 0 | 0 | 0 | 0 | 0 | 0 | 128 ]
[ 123< | -2 | 0 | 0 | 0 | 0 | 0 | 0 | 0 | 0 | 0 | 0 | >1 | 0 | 0 | 0 | 0 | 0 | 0 | 128 ]
[ 123< | -2 | 0 | 0 | 0 | 0 | 0 | 0 | 0 | 0 | 0 | 0 | >0 | 0 | 0 | 0 | 0 | 0 | 0 | 128 ]
[ 122< | -2 | 0 | 0 | 0 | 0 | 0 | 0 | 0 | 0 | 0 | 0 | 0 | >0 | 0 | 0 | 0 | 0 | 0 | 128 ]
[ 122< | -2 | 0 | 0 | 0 | 0 | 0 | 0 | 0 | 0 | 0 | 0 | 0 | >1 | 0 | 0 | 0 | 0 | 0 | 128 ]
[ 121< | -2 | 0 | 0 | 0 | 0 | 0 | 0 | 0 | 0 | 0 | 0 | 0 | >1 | 0 | 0 | 0 | 0 | 0 | 128 ]
[ 121< | -2 | 0 | 0 | 0 | 0 | 0 | 0 | 0 | 0 | 0 | 0 | 0 | >0 | 0 | 0 | 0 | 0 | 0 | 128 ]
[ 120< | -2 | 0 | 0 | 0 | 0 | 0 | 0 | 0 | 0 | 0 | 0 | 0 | 0 | >0 | 0 | 0 | 0 | 0 | 128 ]
[ 120< | -2 | 0 | 0 | 0 | 0 | 0 | 0 | 0 | 0 | 0 | 0 | 0 | 0 | >1 | 0 | 0 | 0 | 0 | 128 ]
[ 119< | -2 | 0 | 0 | 0 | 0 | 0 | 0 | 0 | 0 | 0 | 0 | 0 | 0 | >1 | 0 | 0 | 0 | 0 | 128 ]
[ 119< | -2 | 0 | 0 | 0 | 0 | 0 | 0 | 0 | 0 | 0 | 0 | 0 | 0 | >0 | 0 | 0 | 0 | 0 | 128 ]
[ 118< | -2 | 0 | 0 | 0 | 0 | 0 | 0 | 0 | 0 | 0 | 0 | 0 | 0 | 0 | >0 | 0 | 0 | 0 | 128 ]
[ 118< | -2 | 0 | 0 | 0 | 0 | 0 | 0 | 0 | 0 | 0 | 0 | 0 | 0 | 0 | >1 | 0 | 0 | 0 | 128 ]
[ 117< | -2 | 0 | 0 | 0 | 0 | 0 | 0 | 0 | 0 | 0 | 0 | 0 | 0 | 0 | >1 | 0 | 0 | 0 | 128 ]
[ 117< | -2 | 0 | 0 | 0 | 0 | 0 | 0 | 0 | 0 | 0 | 0 | 0 | 0 | 0 | >0 | 0 | 0 | 0 | 128 ]
[ 116< | -2 | 0 | 0 | 0 | 0 | 0 | 0 | 0 | 0 | 0 | 0 | 0 | 0 | 0 | 0 | >0 | 0 | 0 | 128 ]
[ 116< | -2 | 0 | 0 | 0 | 0 | 0 | 0 | 0 | 0 | 0 | 0 | 0 | 0 | 0 | 0 | >1 | 0 | 0 | 128 ]
[ 115< | -2 | 0 | 0 | 0 | 0 | 0 | 0 | 0 | 0 | 0 | 0 | 0 | 0 | 0 | 0 | >1 | 0 | 0 | 128 ]
[ 115< | -2 | 0 | 0 | 0 | 0 | 0 | 0 | 0 | 0 | 0 | 0 | 0 | 0 | 0 | 0 | >0 | 0 | 0 | 128 ]
[ 114< | -2 | 0 | 0 | 0 | 0 | 0 | 0 | 0 | 0 | 0 | 0 | 0 | 0 | 0 | 0 | 0 | >0 | 0 | 128 ]
[ 114< | -2 | 0 | 0 | 0 | 0 | 0 | 0 | 0 | 0 | 0 | 0 | 0 | 0 | 0 | 0 | 0 | >1 | 0 | 128 ]
[ 113< | -2 | 0 | 0 | 0 | 0 | 0 | 0 | 0 | 0 | 0 | 0 | 0 | 0 | 0 | 0 | 0 | >1 | 0 | 128 ]
[ 113< | -2 | 0 | 0 | 0 | 0 | 0 | 0 | 0 | 0 | 0 | 0 | 0 | 0 | 0 | 0 | 0 | >0 | 0 | 128 ]
[ 112< | -2 | 0 | 0 | 0 | 0 | 0 | 0 | 0 | 0 | 0 | 0 | 0 | 0 | 0 | 0 | 0 | 0 | >0 | 128 ]
[ 112< | -2 | 0 | 0 | 0 | 0 | 0 | 0 | 0 | 0 | 0 | 0 | 0 | 0 | 0 | 0 | 0 | 0 | >1 | 128 ]
[ 111< | -2 | 0 | 0 | 0 | 0 | 0 | 0 | 0 | 0 | 0 | 0 | 0 | 0 | 0 | 0 | 0 | 0 | >1 | 128 ]
[ 111< | -2 | 0 | 0 | 0 | 0 | 0 | 0 | 0 | 0 | 0 | 0 | 0 | 0 | 0 | 0 | 0 | 0 | >0 | 128 ]
[ 110< | -2 | 0 | 0 | 0 | 0 | 0 | 0 | 0 | 0 | 0 | 0 | 0 | 0 | 0 | 0 | 0 | 0 | 0 | >128 ]
[ 110< | -2 | 0 | 0 | 0 | 0 | 0 | 0 | 0 | 0 | 0 | 0 | 0 | 0 | 0 | 0 | 0 | 0 | 0 | >-127 ]
[ 109< | -2 | 0 | 0 | 0 | 0 | 0 | 0 | 0 | 0 | 0 | 0 | 0 | 0 | 0 | 0 | 0 | 0 | 0 | >-127 ]
[ 109< | -2 | 0 | 0 | 0 | 0 | 0 | 0 | 0 | 0 | 0 | 0 | 0 | 0 | 0 | 0 | 0 | 0 | 0 | >128 ]
[ >108< | -2 | 0 | 0 | 0 | 0 | 0 | 0 | 0 | 0 | 0 | 0 | 0 | 0 | 0 | 0 | 0 | 0 | 0 | 128 ]

===== GetOffMate won the battle after 80 cycles =====



===== Starting battle of <MetaJSRandomBot> vs <GetOffMate> with memory tape size: 17 =====

[ >128 | 0 | 0 | 0 | 0 | 0 | 0 | 0 | 0 | 0 | 0 | 0 | 0 | 0 | 0 | 0 | 128< ]
[ >-127 | 0 | 0 | 0 | 0 | 0 | 0 | 0 | 0 | 0 | 0 | 0 | 0 | 0 | 0 | 0< | 128 ]
[ >-127 | 0 | 0 | 0 | 0 | 0 | 0 | 0 | 0 | 0 | 0 | 0 | 0 | 0 | 0< | 0 | 128 ]
[ >-127 | 0 | 0 | 0 | 0 | 0 | 0 | 0 | 0 | 0 | 0 | 0 | 0 | 0< | 0 | 0 | 128 ]
[ -127 | >0 | 0 | 0 | 0 | 0 | 0 | 0 | 0 | 0 | 0 | 0 | 0< | 0 | 0 | 0 | 128 ]
[ -127 | >-1 | 0 | 0 | 0 | 0 | 0 | 0 | 0 | 0 | 0 | 0< | 0 | 0 | 0 | 0 | 128 ]
[ -127 | >-1 | 0 | 0 | 0 | 0 | 0 | 0 | 0 | 0 | 0< | 0 | 0 | 0 | 0 | 0 | 128 ]
[ -127 | >-2 | 0 | 0 | 0 | 0 | 0 | 0 | 0 | 0< | 0 | 0 | 0 | 0 | 0 | 0 | 128 ]
[ -127 | -2 | >0 | 0 | 0 | 0 | 0 | 0 | 0< | 0 | 0 | 0 | 0 | 0 | 0 | 0 | 128 ]
[ -127 | -2 | >1 | 0 | 0 | 0 | 0 | 0< | 0 | 0 | 0 | 0 | 0 | 0 | 0 | 0 | 128 ]
[ -127 | -2 | >1 | 0 | 0 | 0 | 0< | 0 | 0 | 0 | 0 | 0 | 0 | 0 | 0 | 0 | 128 ]
[ -127 | -2 | >0 | 0 | 0 | 0< | 0 | 0 | 0 | 0 | 0 | 0 | 0 | 0 | 0 | 0 | 128 ]
[ -127 | -2 | 0 | >0 | 0< | 0 | 0 | 0 | 0 | 0 | 0 | 0 | 0 | 0 | 0 | 0 | 128 ]
[ -127 | -2 | 0 | >1< | 0 | 0 | 0 | 0 | 0 | 0 | 0 | 0 | 0 | 0 | 0 | 0 | 128 ]
[ -127 | -2 | 0< | >1 | 0 | 0 | 0 | 0 | 0 | 0 | 0 | 0 | 0 | 0 | 0 | 0 | 128 ]
[ -127 | -2< | 0 | >0 | 0 | 0 | 0 | 0 | 0 | 0 | 0 | 0 | 0 | 0 | 0 | 0 | 128 ]
[ -127< | -2 | 0 | 0 | >0 | 0 | 0 | 0 | 0 | 0 | 0 | 0 | 0 | 0 | 0 | 0 | 128 ]
[ -127 | -2 | 0 | 0 | >1 | 0 | 0 | 0 | 0 | 0 | 0 | 0 | 0 | 0 | 0 | 0 | 128< ]

===== MetaJSRandomBot won the battle after 17 cycles =====



===== Starting battle of <MetaJSRandomBot> vs <GetOffMate> with memory tape size: 21 =====

[ >128 | 0 | 0 | 0 | 0 | 0 | 0 | 0 | 0 | 0 | 0 | 0 | 0 | 0 | 0 | 0 | 0 | 0 | 0 | 0 | 128< ]
[ >-127 | 0 | 0 | 0 | 0 | 0 | 0 | 0 | 0 | 0 | 0 | 0 | 0 | 0 | 0 | 0 | 0 | 0 | 0 | 0< | 128 ]
[ >-127 | 0 | 0 | 0 | 0 | 0 | 0 | 0 | 0 | 0 | 0 | 0 | 0 | 0 | 0 | 0 | 0 | 0 | 0< | 0 | 128 ]
[ >-127 | 0 | 0 | 0 | 0 | 0 | 0 | 0 | 0 | 0 | 0 | 0 | 0 | 0 | 0 | 0 | 0 | 0< | 0 | 0 | 128 ]
[ -127 | >0 | 0 | 0 | 0 | 0 | 0 | 0 | 0 | 0 | 0 | 0 | 0 | 0 | 0 | 0 | 0< | 0 | 0 | 0 | 128 ]
[ -127 | >-1 | 0 | 0 | 0 | 0 | 0 | 0 | 0 | 0 | 0 | 0 | 0 | 0 | 0 | 0< | 0 | 0 | 0 | 0 | 128 ]
[ -127 | >-1 | 0 | 0 | 0 | 0 | 0 | 0 | 0 | 0 | 0 | 0 | 0 | 0 | 0< | 0 | 0 | 0 | 0 | 0 | 128 ]
[ -127 | >-2 | 0 | 0 | 0 | 0 | 0 | 0 | 0 | 0 | 0 | 0 | 0 | 0< | 0 | 0 | 0 | 0 | 0 | 0 | 128 ]
[ -127 | -2 | >0 | 0 | 0 | 0 | 0 | 0 | 0 | 0 | 0 | 0 | 0< | 0 | 0 | 0 | 0 | 0 | 0 | 0 | 128 ]
[ -127 | -2 | >1 | 0 | 0 | 0 | 0 | 0 | 0 | 0 | 0 | 0< | 0 | 0 | 0 | 0 | 0 | 0 | 0 | 0 | 128 ]
[ -127 | -2 | >1 | 0 | 0 | 0 | 0 | 0 | 0 | 0 | 0< | 0 | 0 | 0 | 0 | 0 | 0 | 0 | 0 | 0 | 128 ]
[ -127 | -2 | >0 | 0 | 0 | 0 | 0 | 0 | 0 | 0< | 0 | 0 | 0 | 0 | 0 | 0 | 0 | 0 | 0 | 0 | 128 ]
[ -127 | -2 | 0 | >0 | 0 | 0 | 0 | 0 | 0< | 0 | 0 | 0 | 0 | 0 | 0 | 0 | 0 | 0 | 0 | 0 | 128 ]
[ -127 | -2 | 0 | >1 | 0 | 0 | 0 | 0< | 0 | 0 | 0 | 0 | 0 | 0 | 0 | 0 | 0 | 0 | 0 | 0 | 128 ]
[ -127 | -2 | 0 | >1 | 0 | 0 | 0< | 0 | 0 | 0 | 0 | 0 | 0 | 0 | 0 | 0 | 0 | 0 | 0 | 0 | 128 ]
[ -127 | -2 | 0 | >0 | 0 | 0< | 0 | 0 | 0 | 0 | 0 | 0 | 0 | 0 | 0 | 0 | 0 | 0 | 0 | 0 | 128 ]
[ -127 | -2 | 0 | 0 | >0< | 0 | 0 | 0 | 0 | 0 | 0 | 0 | 0 | 0 | 0 | 0 | 0 | 0 | 0 | 0 | 128 ]
[ -127 | -2 | 0 | 0< | >1 | 0 | 0 | 0 | 0 | 0 | 0 | 0 | 0 | 0 | 0 | 0 | 0 | 0 | 0 | 0 | 128 ]
[ -127 | -2 | 0< | 0 | >1 | 0 | 0 | 0 | 0 | 0 | 0 | 0 | 0 | 0 | 0 | 0 | 0 | 0 | 0 | 0 | 128 ]
[ -127 | -2< | 0 | 0 | >0 | 0 | 0 | 0 | 0 | 0 | 0 | 0 | 0 | 0 | 0 | 0 | 0 | 0 | 0 | 0 | 128 ]
[ -127 | -2< | 0 | 0 | 0 | >0 | 0 | 0 | 0 | 0 | 0 | 0 | 0 | 0 | 0 | 0 | 0 | 0 | 0 | 0 | 128 ]
[ -127 | -1< | 0 | 0 | 0 | >1 | 0 | 0 | 0 | 0 | 0 | 0 | 0 | 0 | 0 | 0 | 0 | 0 | 0 | 0 | 128 ]
[ -127 | 0< | 0 | 0 | 0 | >1 | 0 | 0 | 0 | 0 | 0 | 0 | 0 | 0 | 0 | 0 | 0 | 0 | 0 | 0 | 128 ]
[ -127 | 1< | 0 | 0 | 0 | >0 | 0 | 0 | 0 | 0 | 0 | 0 | 0 | 0 | 0 | 0 | 0 | 0 | 0 | 0 | 128 ]
[ -127 | 2< | 0 | 0 | 0 | 0 | >0 | 0 | 0 | 0 | 0 | 0 | 0 | 0 | 0 | 0 | 0 | 0 | 0 | 0 | 128 ]
[ -127 | 3< | 0 | 0 | 0 | 0 | >1 | 0 | 0 | 0 | 0 | 0 | 0 | 0 | 0 | 0 | 0 | 0 | 0 | 0 | 128 ]
[ -127 | 4< | 0 | 0 | 0 | 0 | >1 | 0 | 0 | 0 | 0 | 0 | 0 | 0 | 0 | 0 | 0 | 0 | 0 | 0 | 128 ]
[ -127 | 4< | 0 | 0 | 0 | 0 | >0 | 0 | 0 | 0 | 0 | 0 | 0 | 0 | 0 | 0 | 0 | 0 | 0 | 0 | 128 ]
[ -127 | 3< | 0 | 0 | 0 | 0 | 0 | >0 | 0 | 0 | 0 | 0 | 0 | 0 | 0 | 0 | 0 | 0 | 0 | 0 | 128 ]
[ -127 | 3< | 0 | 0 | 0 | 0 | 0 | >1 | 0 | 0 | 0 | 0 | 0 | 0 | 0 | 0 | 0 | 0 | 0 | 0 | 128 ]
[ -127 | 2< | 0 | 0 | 0 | 0 | 0 | >1 | 0 | 0 | 0 | 0 | 0 | 0 | 0 | 0 | 0 | 0 | 0 | 0 | 128 ]
[ -127 | 2< | 0 | 0 | 0 | 0 | 0 | >0 | 0 | 0 | 0 | 0 | 0 | 0 | 0 | 0 | 0 | 0 | 0 | 0 | 128 ]
[ -127 | 1< | 0 | 0 | 0 | 0 | 0 | 0 | >0 | 0 | 0 | 0 | 0 | 0 | 0 | 0 | 0 | 0 | 0 | 0 | 128 ]
[ -127 | 1< | 0 | 0 | 0 | 0 | 0 | 0 | >1 | 0 | 0 | 0 | 0 | 0 | 0 | 0 | 0 | 0 | 0 | 0 | 128 ]
[ -127 | 0< | 0 | 0 | 0 | 0 | 0 | 0 | >1 | 0 | 0 | 0 | 0 | 0 | 0 | 0 | 0 | 0 | 0 | 0 | 128 ]
[ -127 | 0< | 0 | 0 | 0 | 0 | 0 | 0 | >0 | 0 | 0 | 0 | 0 | 0 | 0 | 0 | 0 | 0 | 0 | 0 | 128 ]
[ -127 | 0< | 0 | 0 | 0 | 0 | 0 | 0 | 0 | >0 | 0 | 0 | 0 | 0 | 0 | 0 | 0 | 0 | 0 | 0 | 128 ]
[ -127< | 0 | 0 | 0 | 0 | 0 | 0 | 0 | 0 | >1 | 0 | 0 | 0 | 0 | 0 | 0 | 0 | 0 | 0 | 0 | 128 ]
[ -127< | 0 | 0 | 0 | 0 | 0 | 0 | 0 | 0 | >1 | 0 | 0 | 0 | 0 | 0 | 0 | 0 | 0 | 0 | 0 | 128 ]
[ -126< | 0 | 0 | 0 | 0 | 0 | 0 | 0 | 0 | >0 | 0 | 0 | 0 | 0 | 0 | 0 | 0 | 0 | 0 | 0 | 128 ]
[ -125< | 0 | 0 | 0 | 0 | 0 | 0 | 0 | 0 | 0 | >0 | 0 | 0 | 0 | 0 | 0 | 0 | 0 | 0 | 0 | 128 ]
[ -124< | 0 | 0 | 0 | 0 | 0 | 0 | 0 | 0 | 0 | >1 | 0 | 0 | 0 | 0 | 0 | 0 | 0 | 0 | 0 | 128 ]
[ -123< | 0 | 0 | 0 | 0 | 0 | 0 | 0 | 0 | 0 | >1 | 0 | 0 | 0 | 0 | 0 | 0 | 0 | 0 | 0 | 128 ]
[ -122< | 0 | 0 | 0 | 0 | 0 | 0 | 0 | 0 | 0 | >0 | 0 | 0 | 0 | 0 | 0 | 0 | 0 | 0 | 0 | 128 ]
[ -121< | 0 | 0 | 0 | 0 | 0 | 0 | 0 | 0 | 0 | 0 | >0 | 0 | 0 | 0 | 0 | 0 | 0 | 0 | 0 | 128 ]
[ -121< | 0 | 0 | 0 | 0 | 0 | 0 | 0 | 0 | 0 | 0 | >1 | 0 | 0 | 0 | 0 | 0 | 0 | 0 | 0 | 128 ]
[ -122< | 0 | 0 | 0 | 0 | 0 | 0 | 0 | 0 | 0 | 0 | >1 | 0 | 0 | 0 | 0 | 0 | 0 | 0 | 0 | 128 ]
[ -122< | 0 | 0 | 0 | 0 | 0 | 0 | 0 | 0 | 0 | 0 | >0 | 0 | 0 | 0 | 0 | 0 | 0 | 0 | 0 | 128 ]
[ -123< | 0 | 0 | 0 | 0 | 0 | 0 | 0 | 0 | 0 | 0 | 0 | >0 | 0 | 0 | 0 | 0 | 0 | 0 | 0 | 128 ]
[ -123< | 0 | 0 | 0 | 0 | 0 | 0 | 0 | 0 | 0 | 0 | 0 | >1 | 0 | 0 | 0 | 0 | 0 | 0 | 0 | 128 ]
[ -124< | 0 | 0 | 0 | 0 | 0 | 0 | 0 | 0 | 0 | 0 | 0 | >1 | 0 | 0 | 0 | 0 | 0 | 0 | 0 | 128 ]
[ -124< | 0 | 0 | 0 | 0 | 0 | 0 | 0 | 0 | 0 | 0 | 0 | >0 | 0 | 0 | 0 | 0 | 0 | 0 | 0 | 128 ]
[ -125< | 0 | 0 | 0 | 0 | 0 | 0 | 0 | 0 | 0 | 0 | 0 | 0 | >0 | 0 | 0 | 0 | 0 | 0 | 0 | 128 ]
[ -125< | 0 | 0 | 0 | 0 | 0 | 0 | 0 | 0 | 0 | 0 | 0 | 0 | >1 | 0 | 0 | 0 | 0 | 0 | 0 | 128 ]
[ -126< | 0 | 0 | 0 | 0 | 0 | 0 | 0 | 0 | 0 | 0 | 0 | 0 | >1 | 0 | 0 | 0 | 0 | 0 | 0 | 128 ]
[ -126< | 0 | 0 | 0 | 0 | 0 | 0 | 0 | 0 | 0 | 0 | 0 | 0 | >0 | 0 | 0 | 0 | 0 | 0 | 0 | 128 ]
[ -127< | 0 | 0 | 0 | 0 | 0 | 0 | 0 | 0 | 0 | 0 | 0 | 0 | 0 | >0 | 0 | 0 | 0 | 0 | 0 | 128 ]
[ -127< | 0 | 0 | 0 | 0 | 0 | 0 | 0 | 0 | 0 | 0 | 0 | 0 | 0 | >1 | 0 | 0 | 0 | 0 | 0 | 128 ]
[ 128< | 0 | 0 | 0 | 0 | 0 | 0 | 0 | 0 | 0 | 0 | 0 | 0 | 0 | >1 | 0 | 0 | 0 | 0 | 0 | 128 ]
[ 128< | 0 | 0 | 0 | 0 | 0 | 0 | 0 | 0 | 0 | 0 | 0 | 0 | 0 | >0 | 0 | 0 | 0 | 0 | 0 | 128 ]
[ 127< | 0 | 0 | 0 | 0 | 0 | 0 | 0 | 0 | 0 | 0 | 0 | 0 | 0 | 0 | >0 | 0 | 0 | 0 | 0 | 128 ]
[ 127< | 0 | 0 | 0 | 0 | 0 | 0 | 0 | 0 | 0 | 0 | 0 | 0 | 0 | 0 | >1 | 0 | 0 | 0 | 0 | 128 ]
[ 126< | 0 | 0 | 0 | 0 | 0 | 0 | 0 | 0 | 0 | 0 | 0 | 0 | 0 | 0 | >1 | 0 | 0 | 0 | 0 | 128 ]
[ 126< | 0 | 0 | 0 | 0 | 0 | 0 | 0 | 0 | 0 | 0 | 0 | 0 | 0 | 0 | >0 | 0 | 0 | 0 | 0 | 128 ]
[ 125< | 0 | 0 | 0 | 0 | 0 | 0 | 0 | 0 | 0 | 0 | 0 | 0 | 0 | 0 | 0 | >0 | 0 | 0 | 0 | 128 ]
[ 125< | 0 | 0 | 0 | 0 | 0 | 0 | 0 | 0 | 0 | 0 | 0 | 0 | 0 | 0 | 0 | >1 | 0 | 0 | 0 | 128 ]
[ 124< | 0 | 0 | 0 | 0 | 0 | 0 | 0 | 0 | 0 | 0 | 0 | 0 | 0 | 0 | 0 | >1 | 0 | 0 | 0 | 128 ]
[ 124< | 0 | 0 | 0 | 0 | 0 | 0 | 0 | 0 | 0 | 0 | 0 | 0 | 0 | 0 | 0 | >0 | 0 | 0 | 0 | 128 ]
[ 123< | 0 | 0 | 0 | 0 | 0 | 0 | 0 | 0 | 0 | 0 | 0 | 0 | 0 | 0 | 0 | 0 | >0 | 0 | 0 | 128 ]
[ 123< | 0 | 0 | 0 | 0 | 0 | 0 | 0 | 0 | 0 | 0 | 0 | 0 | 0 | 0 | 0 | 0 | >1 | 0 | 0 | 128 ]
[ 122< | 0 | 0 | 0 | 0 | 0 | 0 | 0 | 0 | 0 | 0 | 0 | 0 | 0 | 0 | 0 | 0 | >1 | 0 | 0 | 128 ]
[ 122< | 0 | 0 | 0 | 0 | 0 | 0 | 0 | 0 | 0 | 0 | 0 | 0 | 0 | 0 | 0 | 0 | >0 | 0 | 0 | 128 ]
[ 121< | 0 | 0 | 0 | 0 | 0 | 0 | 0 | 0 | 0 | 0 | 0 | 0 | 0 | 0 | 0 | 0 | 0 | >0 | 0 | 128 ]
[ 121< | 0 | 0 | 0 | 0 | 0 | 0 | 0 | 0 | 0 | 0 | 0 | 0 | 0 | 0 | 0 | 0 | 0 | >1 | 0 | 128 ]
[ 120< | 0 | 0 | 0 | 0 | 0 | 0 | 0 | 0 | 0 | 0 | 0 | 0 | 0 | 0 | 0 | 0 | 0 | >1 | 0 | 128 ]
[ 120< | 0 | 0 | 0 | 0 | 0 | 0 | 0 | 0 | 0 | 0 | 0 | 0 | 0 | 0 | 0 | 0 | 0 | >0 | 0 | 128 ]
[ 119< | 0 | 0 | 0 | 0 | 0 | 0 | 0 | 0 | 0 | 0 | 0 | 0 | 0 | 0 | 0 | 0 | 0 | 0 | >0 | 128 ]
[ 119< | 0 | 0 | 0 | 0 | 0 | 0 | 0 | 0 | 0 | 0 | 0 | 0 | 0 | 0 | 0 | 0 | 0 | 0 | >1 | 128 ]
[ 118< | 0 | 0 | 0 | 0 | 0 | 0 | 0 | 0 | 0 | 0 | 0 | 0 | 0 | 0 | 0 | 0 | 0 | 0 | >1 | 128 ]
[ 118< | 0 | 0 | 0 | 0 | 0 | 0 | 0 | 0 | 0 | 0 | 0 | 0 | 0 | 0 | 0 | 0 | 0 | 0 | >0 | 128 ]
[ 117< | 0 | 0 | 0 | 0 | 0 | 0 | 0 | 0 | 0 | 0 | 0 | 0 | 0 | 0 | 0 | 0 | 0 | 0 | 0 | >128 ]
[ 117< | 0 | 0 | 0 | 0 | 0 | 0 | 0 | 0 | 0 | 0 | 0 | 0 | 0 | 0 | 0 | 0 | 0 | 0 | 0 | >-127 ]
[ 116< | 0 | 0 | 0 | 0 | 0 | 0 | 0 | 0 | 0 | 0 | 0 | 0 | 0 | 0 | 0 | 0 | 0 | 0 | 0 | >-127 ]
[ 116< | 0 | 0 | 0 | 0 | 0 | 0 | 0 | 0 | 0 | 0 | 0 | 0 | 0 | 0 | 0 | 0 | 0 | 0 | 0 | >128 ]
[ >115< | 0 | 0 | 0 | 0 | 0 | 0 | 0 | 0 | 0 | 0 | 0 | 0 | 0 | 0 | 0 | 0 | 0 | 0 | 0 | 128 ]

===== GetOffMate won the battle after 84 cycles =====



===== Starting battle of <MetaJSRandomBot> vs <GetOffMate> with memory tape size: 14 =====

[ >128 | 0 | 0 | 0 | 0 | 0 | 0 | 0 | 0 | 0 | 0 | 0 | 0 | 128< ]
[ >-127 | 0 | 0 | 0 | 0 | 0 | 0 | 0 | 0 | 0 | 0 | 0 | 0< | 128 ]
[ >-127 | 0 | 0 | 0 | 0 | 0 | 0 | 0 | 0 | 0 | 0 | 0< | 0 | 128 ]
[ >-127 | 0 | 0 | 0 | 0 | 0 | 0 | 0 | 0 | 0 | 0< | 0 | 0 | 128 ]
[ -127 | >0 | 0 | 0 | 0 | 0 | 0 | 0 | 0 | 0< | 0 | 0 | 0 | 128 ]
[ -127 | >-1 | 0 | 0 | 0 | 0 | 0 | 0 | 0< | 0 | 0 | 0 | 0 | 128 ]
[ -127 | >-1 | 0 | 0 | 0 | 0 | 0 | 0< | 0 | 0 | 0 | 0 | 0 | 128 ]
[ -127 | >-2 | 0 | 0 | 0 | 0 | 0< | 0 | 0 | 0 | 0 | 0 | 0 | 128 ]
[ -127 | -2 | >0 | 0 | 0 | 0< | 0 | 0 | 0 | 0 | 0 | 0 | 0 | 128 ]
[ -127 | -2 | >1 | 0 | 0< | 0 | 0 | 0 | 0 | 0 | 0 | 0 | 0 | 128 ]
[ -127 | -2 | >1 | 0< | 0 | 0 | 0 | 0 | 0 | 0 | 0 | 0 | 0 | 128 ]
[ -127 | -2 | >0< | 0 | 0 | 0 | 0 | 0 | 0 | 0 | 0 | 0 | 0 | 128 ]
[ -127 | -2< | 0 | >0 | 0 | 0 | 0 | 0 | 0 | 0 | 0 | 0 | 0 | 128 ]
[ -127< | -2 | 0 | >1 | 0 | 0 | 0 | 0 | 0 | 0 | 0 | 0 | 0 | 128 ]
[ -127 | -2 | 0 | >1 | 0 | 0 | 0 | 0 | 0 | 0 | 0 | 0 | 0 | 128< ]

===== MetaJSRandomBot won the battle after 14 cycles =====



===== Starting battle of <MetaJSRandomBot> vs <GetOffMate> with memory tape size: 11 =====

[ >128 | 0 | 0 | 0 | 0 | 0 | 0 | 0 | 0 | 0 | 128< ]
[ >-127 | 0 | 0 | 0 | 0 | 0 | 0 | 0 | 0 | 0< | 128 ]
[ >-127 | 0 | 0 | 0 | 0 | 0 | 0 | 0 | 0< | 0 | 128 ]
[ >-127 | 0 | 0 | 0 | 0 | 0 | 0 | 0< | 0 | 0 | 128 ]
[ -127 | >0 | 0 | 0 | 0 | 0 | 0< | 0 | 0 | 0 | 128 ]
[ -127 | >-1 | 0 | 0 | 0 | 0< | 0 | 0 | 0 | 0 | 128 ]
[ -127 | >-1 | 0 | 0 | 0< | 0 | 0 | 0 | 0 | 0 | 128 ]
[ -127 | >-2 | 0 | 0< | 0 | 0 | 0 | 0 | 0 | 0 | 128 ]
[ -127 | -2 | >0< | 0 | 0 | 0 | 0 | 0 | 0 | 0 | 128 ]
[ -127 | -2< | >1 | 0 | 0 | 0 | 0 | 0 | 0 | 0 | 128 ]
[ -127< | -2 | >1 | 0 | 0 | 0 | 0 | 0 | 0 | 0 | 128 ]
[ -127 | -2 | >0 | 0 | 0 | 0 | 0 | 0 | 0 | 0 | 128< ]

===== MetaJSRandomBot won the battle after 11 cycles =====



===== MetaJSRandomBot.bf vs. GetOffMate.bf finished with 4:6 =====