===== Starting battle of <MetaJSRandomBot> vs <EvoBot2> with memory tape size: 22 =====

[ >128 | 0 | 0 | 0 | 0 | 0 | 0 | 0 | 0 | 0 | 0 | 0 | 0 | 0 | 0 | 0 | 0 | 0 | 0 | 0 | 0 | 128< ]
[ >-127 | 0 | 0 | 0 | 0 | 0 | 0 | 0 | 0 | 0 | 0 | 0 | 0 | 0 | 0 | 0 | 0 | 0 | 0 | 0 | 0< | 128 ]
[ >-127 | 0 | 0 | 0 | 0 | 0 | 0 | 0 | 0 | 0 | 0 | 0 | 0 | 0 | 0 | 0 | 0 | 0 | 0 | 0< | 0 | 128 ]
[ >-127 | 0 | 0 | 0 | 0 | 0 | 0 | 0 | 0 | 0 | 0 | 0 | 0 | 0 | 0 | 0 | 0 | 0 | 0< | 0 | 0 | 128 ]
[ -127 | >0 | 0 | 0 | 0 | 0 | 0 | 0 | 0 | 0 | 0 | 0 | 0 | 0 | 0 | 0 | 0 | 0< | 0 | 0 | 0 | 128 ]
[ -127 | >-1 | 0 | 0 | 0 | 0 | 0 | 0 | 0 | 0 | 0 | 0 | 0 | 0 | 0 | 0 | 0 | -1< | 0 | 0 | 0 | 128 ]
[ -127 | >-1 | 0 | 0 | 0 | 0 | 0 | 0 | 0 | 0 | 0 | 0 | 0 | 0 | 0 | 0 | 0 | -2< | 0 | 0 | 0 | 128 ]
[ -127 | >-2 | 0 | 0 | 0 | 0 | 0 | 0 | 0 | 0 | 0 | 0 | 0 | 0 | 0 | 0 | 0 | -3< | 0 | 0 | 0 | 128 ]
[ -127 | -2 | >0 | 0 | 0 | 0 | 0 | 0 | 0 | 0 | 0 | 0 | 0 | 0 | 0 | 0 | 0 | -4< | 0 | 0 | 0 | 128 ]
[ -127 | -2 | >1 | 0 | 0 | 0 | 0 | 0 | 0 | 0 | 0 | 0 | 0 | 0 | 0 | 0 | 0 | -4 | 0< | 0 | 0 | 128 ]
[ -127 | -2 | >1 | 0 | 0 | 0 | 0 | 0 | 0 | 0 | 0 | 0 | 0 | 0 | 0 | 0 | 0 | -4 | 1< | 0 | 0 | 128 ]
[ -127 | -2 | >0 | 0 | 0 | 0 | 0 | 0 | 0 | 0 | 0 | 0 | 0 | 0 | 0 | 0 | 0 | -4 | 2< | 0 | 0 | 128 ]
[ -127 | -2 | 0 | >0 | 0 | 0 | 0 | 0 | 0 | 0 | 0 | 0 | 0 | 0 | 0 | 0 | 0 | -4 | 3< | 0 | 0 | 128 ]
[ -127 | -2 | 0 | >1 | 0 | 0 | 0 | 0 | 0 | 0 | 0 | 0 | 0 | 0 | 0 | 0 | 0 | -4 | 4< | 0 | 0 | 128 ]
[ -127 | -2 | 0 | >1 | 0 | 0 | 0 | 0 | 0 | 0 | 0 | 0 | 0 | 0 | 0 | 0 | 0 | -4 | 5< | 0 | 0 | 128 ]
[ -127 | -2 | 0 | >0 | 0 | 0 | 0 | 0 | 0 | 0 | 0 | 0 | 0 | 0 | 0 | 0 | 0 | -4 | 6< | 0 | 0 | 128 ]
[ -127 | -2 | 0 | 0 | >0 | 0 | 0 | 0 | 0 | 0 | 0 | 0 | 0 | 0 | 0 | 0 | 0 | -4 | 6 | 0< | 0 | 128 ]
[ -127 | -2 | 0 | 0 | >1 | 0 | 0 | 0 | 0 | 0 | 0 | 0 | 0 | 0 | 0 | 0 | 0 | -4 | 6 | -1< | 0 | 128 ]
[ -127 | -2 | 0 | 0 | >1 | 0 | 0 | 0 | 0 | 0 | 0 | 0 | 0 | 0 | 0 | 0 | 0 | -4 | 6 | -2< | 0 | 128 ]
[ -127 | -2 | 0 | 0 | >0 | 0 | 0 | 0 | 0 | 0 | 0 | 0 | 0 | 0 | 0 | 0 | 0 | -4 | 6 | -3< | 0 | 128 ]
[ -127 | -2 | 0 | 0 | 0 | >0 | 0 | 0 | 0 | 0 | 0 | 0 | 0 | 0 | 0 | 0 | 0 | -4 | 6 | -4< | 0 | 128 ]
[ -127 | -2 | 0 | 0 | 0 | >1 | 0 | 0 | 0 | 0 | 0 | 0 | 0 | 0 | 0 | 0 | 0 | -4 | 6 | -5< | 0 | 128 ]
[ -127 | -2 | 0 | 0 | 0 | >1 | 0 | 0 | 0 | 0 | 0 | 0 | 0 | 0 | 0 | 0 | 0 | -4 | 6 | -6< | 0 | 128 ]
[ -127 | -2 | 0 | 0 | 0 | >0 | 0 | 0 | 0 | 0 | 0 | 0 | 0 | 0 | 0 | 0 | 0 | -4 | 6 | -7< | 0 | 128 ]
[ -127 | -2 | 0 | 0 | 0 | 0 | >0 | 0 | 0 | 0 | 0 | 0 | 0 | 0 | 0 | 0 | 0 | -4 | 6 | -7 | 0< | 128 ]
[ -127 | -2 | 0 | 0 | 0 | 0 | >1 | 0 | 0 | 0 | 0 | 0 | 0 | 0 | 0 | 0 | 0 | -4 | 6 | -7 | 1< | 128 ]
[ -127 | -2 | 0 | 0 | 0 | 0 | >1 | 0 | 0 | 0 | 0 | 0 | 0 | 0 | 0 | 0 | 0 | -4 | 6 | -7 | 2< | 128 ]
[ -127 | -2 | 0 | 0 | 0 | 0 | >0 | 0 | 0 | 0 | 0 | 0 | 0 | 0 | 0 | 0 | 0 | -4 | 6 | -7 | 3< | 128 ]
[ -127 | -2 | 0 | 0 | 0 | 0 | 0 | >0 | 0 | 0 | 0 | 0 | 0 | 0 | 0 | 0 | 0 | -4 | 6 | -7 | 4< | 128 ]
[ -127 | -2 | 0 | 0 | 0 | 0 | 0 | >1 | 0 | 0 | 0 | 0 | 0 | 0 | 0 | 0 | 0 | -4 | 6 | -7 | 5< | 128 ]
[ -127 | -2 | 0 | 0 | 0 | 0 | 0 | >1 | 0 | 0 | 0 | 0 | 0 | 0 | 0 | 0 | 0 | -4 | 6 | -7 | 6< | 128 ]
[ -127 | -2 | 0 | 0 | 0 | 0 | 0 | >0 | 0 | 0 | 0 | 0 | 0 | 0 | 0 | 0 | 0 | -4 | 6 | -7 | 7< | 128 ]
[ -127 | -2 | 0 | 0 | 0 | 0 | 0 | 0 | >0 | 0 | 0 | 0 | 0 | 0 | 0 | 0 | 0 | -4 | 6 | -7 | 8< | 128 ]
[ -127 | -2 | 0 | 0 | 0 | 0 | 0 | 0 | >1 | 0 | 0 | 0 | 0 | 0 | 0 | 0 | 0 | -4 | 6 | -7< | 8 | 128 ]
[ -127 | -2 | 0 | 0 | 0 | 0 | 0 | 0 | >1 | 0 | 0 | 0 | 0 | 0 | 0 | 0 | 0 | -4 | 6< | -7 | 8 | 128 ]
[ -127 | -2 | 0 | 0 | 0 | 0 | 0 | 0 | >0 | 0 | 0 | 0 | 0 | 0 | 0 | 0 | 0 | -4< | 6 | -7 | 8 | 128 ]
[ -127 | -2 | 0 | 0 | 0 | 0 | 0 | 0 | 0 | >0 | 0 | 0 | 0 | 0 | 0 | 0 | 0< | -4 | 6 | -7 | 8 | 128 ]
[ -127 | -2 | 0 | 0 | 0 | 0 | 0 | 0 | 0 | >1 | 0 | 0 | 0 | 0 | 0 | 0< | 0 | -4 | 6 | -7 | 8 | 128 ]
[ -127 | -2 | 0 | 0 | 0 | 0 | 0 | 0 | 0 | >1 | 0 | 0 | 0 | 0 | 0< | 0 | 0 | -4 | 6 | -7 | 8 | 128 ]
[ -127 | -2 | 0 | 0 | 0 | 0 | 0 | 0 | 0 | >0 | 0 | 0 | 0 | 0< | 0 | 0 | 0 | -4 | 6 | -7 | 8 | 128 ]
[ -127 | -2 | 0 | 0 | 0 | 0 | 0 | 0 | 0 | 0 | >0 | 0 | 0< | 0 | 0 | 0 | 0 | -4 | 6 | -7 | 8 | 128 ]
[ -127 | -2 | 0 | 0 | 0 | 0 | 0 | 0 | 0 | 0 | >1 | 0< | 0 | 0 | 0 | 0 | 0 | -4 | 6 | -7 | 8 | 128 ]
[ -127 | -2 | 0 | 0 | 0 | 0 | 0 | 0 | 0 | 0 | >1 | 0< | 0 | 0 | 0 | 0 | 0 | -4 | 6 | -7 | 8 | 128 ]
[ -127 | -2 | 0 | 0 | 0 | 0 | 0 | 0 | 0 | 0 | >0< | 0 | 0 | 0 | 0 | 0 | 0 | -4 | 6 | -7 | 8 | 128 ]
[ -127 | -2 | 0 | 0 | 0 | 0 | 0 | 0 | 0 | 0 | 0< | >0 | 0 | 0 | 0 | 0 | 0 | -4 | 6 | -7 | 8 | 128 ]
[ -127 | -2 | 0 | 0 | 0 | 0 | 0 | 0 | 0 | 0< | 0 | >1 | 0 | 0 | 0 | 0 | 0 | -4 | 6 | -7 | 8 | 128 ]
[ -127 | -2 | 0 | 0 | 0 | 0 | 0 | 0 | 0 | 0< | 0 | >1 | 0 | 0 | 0 | 0 | 0 | -4 | 6 | -7 | 8 | 128 ]
[ -127 | -2 | 0 | 0 | 0 | 0 | 0 | 0 | 0< | 0 | 0 | >0 | 0 | 0 | 0 | 0 | 0 | -4 | 6 | -7 | 8 | 128 ]
[ -127 | -2 | 0 | 0 | 0 | 0 | 0 | 0 | 0< | 0 | 0 | 0 | >0 | 0 | 0 | 0 | 0 | -4 | 6 | -7 | 8 | 128 ]
[ -127 | -2 | 0 | 0 | 0 | 0 | 0 | 0< | 0 | 0 | 0 | 0 | >1 | 0 | 0 | 0 | 0 | -4 | 6 | -7 | 8 | 128 ]
[ -127 | -2 | 0 | 0 | 0 | 0 | 0 | 0< | 0 | 0 | 0 | 0 | >1 | 0 | 0 | 0 | 0 | -4 | 6 | -7 | 8 | 128 ]
[ -127 | -2 | 0 | 0 | 0 | 0 | 0< | 0 | 0 | 0 | 0 | 0 | >0 | 0 | 0 | 0 | 0 | -4 | 6 | -7 | 8 | 128 ]
[ -127 | -2 | 0 | 0 | 0 | 0 | 0< | 0 | 0 | 0 | 0 | 0 | 0 | >0 | 0 | 0 | 0 | -4 | 6 | -7 | 8 | 128 ]
[ -127 | -2 | 0 | 0 | 0 | 0< | 0 | 0 | 0 | 0 | 0 | 0 | 0 | >1 | 0 | 0 | 0 | -4 | 6 | -7 | 8 | 128 ]
[ -127 | -2 | 0 | 0 | 0 | 0< | 0 | 0 | 0 | 0 | 0 | 0 | 0 | >1 | 0 | 0 | 0 | -4 | 6 | -7 | 8 | 128 ]
[ -127 | -2 | 0 | 0 | 0< | 0 | 0 | 0 | 0 | 0 | 0 | 0 | 0 | >0 | 0 | 0 | 0 | -4 | 6 | -7 | 8 | 128 ]
[ -127 | -2 | 0 | 0 | 0< | 0 | 0 | 0 | 0 | 0 | 0 | 0 | 0 | 0 | >0 | 0 | 0 | -4 | 6 | -7 | 8 | 128 ]
[ -127 | -2 | 0 | 0< | 0 | 0 | 0 | 0 | 0 | 0 | 0 | 0 | 0 | 0 | >1 | 0 | 0 | -4 | 6 | -7 | 8 | 128 ]
[ -127 | -2 | 0 | 0< | 0 | 0 | 0 | 0 | 0 | 0 | 0 | 0 | 0 | 0 | >1 | 0 | 0 | -4 | 6 | -7 | 8 | 128 ]
[ -127 | -2 | 0< | 0 | 0 | 0 | 0 | 0 | 0 | 0 | 0 | 0 | 0 | 0 | >0 | 0 | 0 | -4 | 6 | -7 | 8 | 128 ]
[ -127 | -2 | 0< | 0 | 0 | 0 | 0 | 0 | 0 | 0 | 0 | 0 | 0 | 0 | 0 | >0 | 0 | -4 | 6 | -7 | 8 | 128 ]
[ -127 | -2< | 0 | 0 | 0 | 0 | 0 | 0 | 0 | 0 | 0 | 0 | 0 | 0 | 0 | >1 | 0 | -4 | 6 | -7 | 8 | 128 ]
[ -127 | -2< | 0 | 0 | 0 | 0 | 0 | 0 | 0 | 0 | 0 | 0 | 0 | 0 | 0 | >1 | 0 | -4 | 6 | -7 | 8 | 128 ]
[ -127 | -1< | 0 | 0 | 0 | 0 | 0 | 0 | 0 | 0 | 0 | 0 | 0 | 0 | 0 | >0 | 0 | -4 | 6 | -7 | 8 | 128 ]
[ -127 | 0< | 0 | 0 | 0 | 0 | 0 | 0 | 0 | 0 | 0 | 0 | 0 | 0 | 0 | 0 | >0 | -4 | 6 | -7 | 8 | 128 ]
[ -127 | 1< | 0 | 0 | 0 | 0 | 0 | 0 | 0 | 0 | 0 | 0 | 0 | 0 | 0 | 0 | >1 | -4 | 6 | -7 | 8 | 128 ]
[ -127 | 1< | 0 | 0 | 0 | 0 | 0 | 0 | 0 | 0 | 0 | 0 | 0 | 0 | 0 | 0 | >1 | -4 | 6 | -7 | 8 | 128 ]
[ -127 | 0< | 0 | 0 | 0 | 0 | 0 | 0 | 0 | 0 | 0 | 0 | 0 | 0 | 0 | 0 | >0 | -4 | 6 | -7 | 8 | 128 ]
[ -127 | 0< | 0 | 0 | 0 | 0 | 0 | 0 | 0 | 0 | 0 | 0 | 0 | 0 | 0 | 0 | 0 | >-4 | 6 | -7 | 8 | 128 ]
[ -127 | 0< | 0 | 0 | 0 | 0 | 0 | 0 | 0 | 0 | 0 | 0 | 0 | 0 | 0 | 0 | 0 | >-3 | 6 | -7 | 8 | 128 ]
[ -127< | 0 | 0 | 0 | 0 | 0 | 0 | 0 | 0 | 0 | 0 | 0 | 0 | 0 | 0 | 0 | 0 | >-3 | 6 | -7 | 8 | 128 ]
[ -127< | 0 | 0 | 0 | 0 | 0 | 0 | 0 | 0 | 0 | 0 | 0 | 0 | 0 | 0 | 0 | 0 | >-4 | 6 | -7 | 8 | 128 ]
[ -126< | 0 | 0 | 0 | 0 | 0 | 0 | 0 | 0 | 0 | 0 | 0 | 0 | 0 | 0 | 0 | 0 | -4 | >6 | -7 | 8 | 128 ]
[ -125< | 0 | 0 | 0 | 0 | 0 | 0 | 0 | 0 | 0 | 0 | 0 | 0 | 0 | 0 | 0 | 0 | -4 | >7 | -7 | 8 | 128 ]
[ -124< | 0 | 0 | 0 | 0 | 0 | 0 | 0 | 0 | 0 | 0 | 0 | 0 | 0 | 0 | 0 | 0 | -4 | >7 | -7 | 8 | 128 ]
[ -124< | 0 | 0 | 0 | 0 | 0 | 0 | 0 | 0 | 0 | 0 | 0 | 0 | 0 | 0 | 0 | 0 | -4 | >6 | -7 | 8 | 128 ]
[ -125< | 0 | 0 | 0 | 0 | 0 | 0 | 0 | 0 | 0 | 0 | 0 | 0 | 0 | 0 | 0 | 0 | -4 | 6 | >-7 | 8 | 128 ]
[ -125< | 0 | 0 | 0 | 0 | 0 | 0 | 0 | 0 | 0 | 0 | 0 | 0 | 0 | 0 | 0 | 0 | -4 | 6 | >-6 | 8 | 128 ]
[ -126< | 0 | 0 | 0 | 0 | 0 | 0 | 0 | 0 | 0 | 0 | 0 | 0 | 0 | 0 | 0 | 0 | -4 | 6 | >-6 | 8 | 128 ]
[ -126< | 0 | 0 | 0 | 0 | 0 | 0 | 0 | 0 | 0 | 0 | 0 | 0 | 0 | 0 | 0 | 0 | -4 | 6 | >-7 | 8 | 128 ]
[ -127< | 0 | 0 | 0 | 0 | 0 | 0 | 0 | 0 | 0 | 0 | 0 | 0 | 0 | 0 | 0 | 0 | -4 | 6 | -7 | >8 | 128 ]
[ -127< | 0 | 0 | 0 | 0 | 0 | 0 | 0 | 0 | 0 | 0 | 0 | 0 | 0 | 0 | 0 | 0 | -4 | 6 | -7 | >9 | 128 ]
[ 128< | 0 | 0 | 0 | 0 | 0 | 0 | 0 | 0 | 0 | 0 | 0 | 0 | 0 | 0 | 0 | 0 | -4 | 6 | -7 | >9 | 128 ]
[ 128< | 0 | 0 | 0 | 0 | 0 | 0 | 0 | 0 | 0 | 0 | 0 | 0 | 0 | 0 | 0 | 0 | -4 | 6 | -7 | >8 | 128 ]
[ 127< | 0 | 0 | 0 | 0 | 0 | 0 | 0 | 0 | 0 | 0 | 0 | 0 | 0 | 0 | 0 | 0 | -4 | 6 | -7 | 8 | >128 ]
[ 127< | 0 | 0 | 0 | 0 | 0 | 0 | 0 | 0 | 0 | 0 | 0 | 0 | 0 | 0 | 0 | 0 | -4 | 6 | -7 | 8 | >-127 ]
[ 126< | 0 | 0 | 0 | 0 | 0 | 0 | 0 | 0 | 0 | 0 | 0 | 0 | 0 | 0 | 0 | 0 | -4 | 6 | -7 | 8 | >-127 ]
[ 126< | 0 | 0 | 0 | 0 | 0 | 0 | 0 | 0 | 0 | 0 | 0 | 0 | 0 | 0 | 0 | 0 | -4 | 6 | -7 | 8 | >128 ]
[ >125< | 0 | 0 | 0 | 0 | 0 | 0 | 0 | 0 | 0 | 0 | 0 | 0 | 0 | 0 | 0 | 0 | -4 | 6 | -7 | 8 | 128 ]

===== EvoBot2 won the battle after 88 cycles =====



===== Starting battle of <MetaJSRandomBot> vs <EvoBot2> with memory tape size: 21 =====

[ >128 | 0 | 0 | 0 | 0 | 0 | 0 | 0 | 0 | 0 | 0 | 0 | 0 | 0 | 0 | 0 | 0 | 0 | 0 | 0 | 128< ]
[ >-127 | 0 | 0 | 0 | 0 | 0 | 0 | 0 | 0 | 0 | 0 | 0 | 0 | 0 | 0 | 0 | 0 | 0 | 0 | 0< | 128 ]
[ >-127 | 0 | 0 | 0 | 0 | 0 | 0 | 0 | 0 | 0 | 0 | 0 | 0 | 0 | 0 | 0 | 0 | 0 | 0< | 0 | 128 ]
[ >-127 | 0 | 0 | 0 | 0 | 0 | 0 | 0 | 0 | 0 | 0 | 0 | 0 | 0 | 0 | 0 | 0 | 0< | 0 | 0 | 128 ]
[ -127 | >0 | 0 | 0 | 0 | 0 | 0 | 0 | 0 | 0 | 0 | 0 | 0 | 0 | 0 | 0 | 0< | 0 | 0 | 0 | 128 ]
[ -127 | >-1 | 0 | 0 | 0 | 0 | 0 | 0 | 0 | 0 | 0 | 0 | 0 | 0 | 0 | 0 | -1< | 0 | 0 | 0 | 128 ]
[ -127 | >-1 | 0 | 0 | 0 | 0 | 0 | 0 | 0 | 0 | 0 | 0 | 0 | 0 | 0 | 0 | -2< | 0 | 0 | 0 | 128 ]
[ -127 | >-2 | 0 | 0 | 0 | 0 | 0 | 0 | 0 | 0 | 0 | 0 | 0 | 0 | 0 | 0 | -3< | 0 | 0 | 0 | 128 ]
[ -127 | -2 | >0 | 0 | 0 | 0 | 0 | 0 | 0 | 0 | 0 | 0 | 0 | 0 | 0 | 0 | -4< | 0 | 0 | 0 | 128 ]
[ -127 | -2 | >1 | 0 | 0 | 0 | 0 | 0 | 0 | 0 | 0 | 0 | 0 | 0 | 0 | 0 | -4 | 0< | 0 | 0 | 128 ]
[ -127 | -2 | >1 | 0 | 0 | 0 | 0 | 0 | 0 | 0 | 0 | 0 | 0 | 0 | 0 | 0 | -4 | 1< | 0 | 0 | 128 ]
[ -127 | -2 | >0 | 0 | 0 | 0 | 0 | 0 | 0 | 0 | 0 | 0 | 0 | 0 | 0 | 0 | -4 | 2< | 0 | 0 | 128 ]
[ -127 | -2 | 0 | >0 | 0 | 0 | 0 | 0 | 0 | 0 | 0 | 0 | 0 | 0 | 0 | 0 | -4 | 3< | 0 | 0 | 128 ]
[ -127 | -2 | 0 | >1 | 0 | 0 | 0 | 0 | 0 | 0 | 0 | 0 | 0 | 0 | 0 | 0 | -4 | 4< | 0 | 0 | 128 ]
[ -127 | -2 | 0 | >1 | 0 | 0 | 0 | 0 | 0 | 0 | 0 | 0 | 0 | 0 | 0 | 0 | -4 | 5< | 0 | 0 | 128 ]
[ -127 | -2 | 0 | >0 | 0 | 0 | 0 | 0 | 0 | 0 | 0 | 0 | 0 | 0 | 0 | 0 | -4 | 6< | 0 | 0 | 128 ]
[ -127 | -2 | 0 | 0 | >0 | 0 | 0 | 0 | 0 | 0 | 0 | 0 | 0 | 0 | 0 | 0 | -4 | 6 | 0< | 0 | 128 ]
[ -127 | -2 | 0 | 0 | >1 | 0 | 0 | 0 | 0 | 0 | 0 | 0 | 0 | 0 | 0 | 0 | -4 | 6 | -1< | 0 | 128 ]
[ -127 | -2 | 0 | 0 | >1 | 0 | 0 | 0 | 0 | 0 | 0 | 0 | 0 | 0 | 0 | 0 | -4 | 6 | -2< | 0 | 128 ]
[ -127 | -2 | 0 | 0 | >0 | 0 | 0 | 0 | 0 | 0 | 0 | 0 | 0 | 0 | 0 | 0 | -4 | 6 | -3< | 0 | 128 ]
[ -127 | -2 | 0 | 0 | 0 | >0 | 0 | 0 | 0 | 0 | 0 | 0 | 0 | 0 | 0 | 0 | -4 | 6 | -4< | 0 | 128 ]
[ -127 | -2 | 0 | 0 | 0 | >1 | 0 | 0 | 0 | 0 | 0 | 0 | 0 | 0 | 0 | 0 | -4 | 6 | -5< | 0 | 128 ]
[ -127 | -2 | 0 | 0 | 0 | >1 | 0 | 0 | 0 | 0 | 0 | 0 | 0 | 0 | 0 | 0 | -4 | 6 | -6< | 0 | 128 ]
[ -127 | -2 | 0 | 0 | 0 | >0 | 0 | 0 | 0 | 0 | 0 | 0 | 0 | 0 | 0 | 0 | -4 | 6 | -7< | 0 | 128 ]
[ -127 | -2 | 0 | 0 | 0 | 0 | >0 | 0 | 0 | 0 | 0 | 0 | 0 | 0 | 0 | 0 | -4 | 6 | -7 | 0< | 128 ]
[ -127 | -2 | 0 | 0 | 0 | 0 | >1 | 0 | 0 | 0 | 0 | 0 | 0 | 0 | 0 | 0 | -4 | 6 | -7 | 1< | 128 ]
[ -127 | -2 | 0 | 0 | 0 | 0 | >1 | 0 | 0 | 0 | 0 | 0 | 0 | 0 | 0 | 0 | -4 | 6 | -7 | 2< | 128 ]
[ -127 | -2 | 0 | 0 | 0 | 0 | >0 | 0 | 0 | 0 | 0 | 0 | 0 | 0 | 0 | 0 | -4 | 6 | -7 | 3< | 128 ]
[ -127 | -2 | 0 | 0 | 0 | 0 | 0 | >0 | 0 | 0 | 0 | 0 | 0 | 0 | 0 | 0 | -4 | 6 | -7 | 4< | 128 ]
[ -127 | -2 | 0 | 0 | 0 | 0 | 0 | >1 | 0 | 0 | 0 | 0 | 0 | 0 | 0 | 0 | -4 | 6 | -7 | 5< | 128 ]
[ -127 | -2 | 0 | 0 | 0 | 0 | 0 | >1 | 0 | 0 | 0 | 0 | 0 | 0 | 0 | 0 | -4 | 6 | -7 | 6< | 128 ]
[ -127 | -2 | 0 | 0 | 0 | 0 | 0 | >0 | 0 | 0 | 0 | 0 | 0 | 0 | 0 | 0 | -4 | 6 | -7 | 7< | 128 ]
[ -127 | -2 | 0 | 0 | 0 | 0 | 0 | 0 | >0 | 0 | 0 | 0 | 0 | 0 | 0 | 0 | -4 | 6 | -7 | 8< | 128 ]
[ -127 | -2 | 0 | 0 | 0 | 0 | 0 | 0 | >1 | 0 | 0 | 0 | 0 | 0 | 0 | 0 | -4 | 6 | -7< | 8 | 128 ]
[ -127 | -2 | 0 | 0 | 0 | 0 | 0 | 0 | >1 | 0 | 0 | 0 | 0 | 0 | 0 | 0 | -4 | 6< | -7 | 8 | 128 ]
[ -127 | -2 | 0 | 0 | 0 | 0 | 0 | 0 | >0 | 0 | 0 | 0 | 0 | 0 | 0 | 0 | -4< | 6 | -7 | 8 | 128 ]
[ -127 | -2 | 0 | 0 | 0 | 0 | 0 | 0 | 0 | >0 | 0 | 0 | 0 | 0 | 0 | 0< | -4 | 6 | -7 | 8 | 128 ]
[ -127 | -2 | 0 | 0 | 0 | 0 | 0 | 0 | 0 | >1 | 0 | 0 | 0 | 0 | 0< | 0 | -4 | 6 | -7 | 8 | 128 ]
[ -127 | -2 | 0 | 0 | 0 | 0 | 0 | 0 | 0 | >1 | 0 | 0 | 0 | 0< | 0 | 0 | -4 | 6 | -7 | 8 | 128 ]
[ -127 | -2 | 0 | 0 | 0 | 0 | 0 | 0 | 0 | >0 | 0 | 0 | 0< | 0 | 0 | 0 | -4 | 6 | -7 | 8 | 128 ]
[ -127 | -2 | 0 | 0 | 0 | 0 | 0 | 0 | 0 | 0 | >0 | 0< | 0 | 0 | 0 | 0 | -4 | 6 | -7 | 8 | 128 ]
[ -127 | -2 | 0 | 0 | 0 | 0 | 0 | 0 | 0 | 0 | >1< | 0 | 0 | 0 | 0 | 0 | -4 | 6 | -7 | 8 | 128 ]
[ -127 | -2 | 0 | 0 | 0 | 0 | 0 | 0 | 0 | 0 | >1< | 0 | 0 | 0 | 0 | 0 | -4 | 6 | -7 | 8 | 128 ]
[ -127 | -2 | 0 | 0 | 0 | 0 | 0 | 0 | 0 | 0 | >1< | 0 | 0 | 0 | 0 | 0 | -4 | 6 | -7 | 8 | 128 ]
[ -127 | -2 | 0 | 0 | 0 | 0 | 0 | 0 | 0 | 0 | 2< | >0 | 0 | 0 | 0 | 0 | -4 | 6 | -7 | 8 | 128 ]
[ -127 | -2 | 0 | 0 | 0 | 0 | 0 | 0 | 0 | 0 | 3< | >1 | 0 | 0 | 0 | 0 | -4 | 6 | -7 | 8 | 128 ]
[ -127 | -2 | 0 | 0 | 0 | 0 | 0 | 0 | 0 | 0 | 3< | >1 | 0 | 0 | 0 | 0 | -4 | 6 | -7 | 8 | 128 ]
[ -127 | -2 | 0 | 0 | 0 | 0 | 0 | 0 | 0 | 0 | 2< | >0 | 0 | 0 | 0 | 0 | -4 | 6 | -7 | 8 | 128 ]
[ -127 | -2 | 0 | 0 | 0 | 0 | 0 | 0 | 0 | 0 | 2< | 0 | >0 | 0 | 0 | 0 | -4 | 6 | -7 | 8 | 128 ]
[ -127 | -2 | 0 | 0 | 0 | 0 | 0 | 0 | 0 | 0 | 1< | 0 | >1 | 0 | 0 | 0 | -4 | 6 | -7 | 8 | 128 ]
[ -127 | -2 | 0 | 0 | 0 | 0 | 0 | 0 | 0 | 0 | 1< | 0 | >1 | 0 | 0 | 0 | -4 | 6 | -7 | 8 | 128 ]
[ -127 | -2 | 0 | 0 | 0 | 0 | 0 | 0 | 0 | 0 | 0< | 0 | >0 | 0 | 0 | 0 | -4 | 6 | -7 | 8 | 128 ]
[ -127 | -2 | 0 | 0 | 0 | 0 | 0 | 0 | 0 | 0 | 0< | 0 | 0 | >0 | 0 | 0 | -4 | 6 | -7 | 8 | 128 ]
[ -127 | -2 | 0 | 0 | 0 | 0 | 0 | 0 | 0 | 0 | 0< | 0 | 0 | >1 | 0 | 0 | -4 | 6 | -7 | 8 | 128 ]
[ -127 | -2 | 0 | 0 | 0 | 0 | 0 | 0 | 0 | 0< | 0 | 0 | 0 | >1 | 0 | 0 | -4 | 6 | -7 | 8 | 128 ]
[ -127 | -2 | 0 | 0 | 0 | 0 | 0 | 0 | 0 | 0< | 0 | 0 | 0 | >0 | 0 | 0 | -4 | 6 | -7 | 8 | 128 ]
[ -127 | -2 | 0 | 0 | 0 | 0 | 0 | 0 | 0< | 0 | 0 | 0 | 0 | 0 | >0 | 0 | -4 | 6 | -7 | 8 | 128 ]
[ -127 | -2 | 0 | 0 | 0 | 0 | 0 | 0 | 0< | 0 | 0 | 0 | 0 | 0 | >1 | 0 | -4 | 6 | -7 | 8 | 128 ]
[ -127 | -2 | 0 | 0 | 0 | 0 | 0 | 0< | 0 | 0 | 0 | 0 | 0 | 0 | >1 | 0 | -4 | 6 | -7 | 8 | 128 ]
[ -127 | -2 | 0 | 0 | 0 | 0 | 0 | 0< | 0 | 0 | 0 | 0 | 0 | 0 | >0 | 0 | -4 | 6 | -7 | 8 | 128 ]
[ -127 | -2 | 0 | 0 | 0 | 0 | 0< | 0 | 0 | 0 | 0 | 0 | 0 | 0 | 0 | >0 | -4 | 6 | -7 | 8 | 128 ]
[ -127 | -2 | 0 | 0 | 0 | 0 | 0< | 0 | 0 | 0 | 0 | 0 | 0 | 0 | 0 | >1 | -4 | 6 | -7 | 8 | 128 ]
[ -127 | -2 | 0 | 0 | 0 | 0< | 0 | 0 | 0 | 0 | 0 | 0 | 0 | 0 | 0 | >1 | -4 | 6 | -7 | 8 | 128 ]
[ -127 | -2 | 0 | 0 | 0 | 0< | 0 | 0 | 0 | 0 | 0 | 0 | 0 | 0 | 0 | >0 | -4 | 6 | -7 | 8 | 128 ]
[ -127 | -2 | 0 | 0 | 0< | 0 | 0 | 0 | 0 | 0 | 0 | 0 | 0 | 0 | 0 | 0 | >-4 | 6 | -7 | 8 | 128 ]
[ -127 | -2 | 0 | 0 | 0< | 0 | 0 | 0 | 0 | 0 | 0 | 0 | 0 | 0 | 0 | 0 | >-3 | 6 | -7 | 8 | 128 ]
[ -127 | -2 | 0 | 0< | 0 | 0 | 0 | 0 | 0 | 0 | 0 | 0 | 0 | 0 | 0 | 0 | >-3 | 6 | -7 | 8 | 128 ]
[ -127 | -2 | 0 | 0< | 0 | 0 | 0 | 0 | 0 | 0 | 0 | 0 | 0 | 0 | 0 | 0 | >-4 | 6 | -7 | 8 | 128 ]
[ -127 | -2 | 0< | 0 | 0 | 0 | 0 | 0 | 0 | 0 | 0 | 0 | 0 | 0 | 0 | 0 | -4 | >6 | -7 | 8 | 128 ]
[ -127 | -2 | 0< | 0 | 0 | 0 | 0 | 0 | 0 | 0 | 0 | 0 | 0 | 0 | 0 | 0 | -4 | >7 | -7 | 8 | 128 ]
[ -127 | -2< | 0 | 0 | 0 | 0 | 0 | 0 | 0 | 0 | 0 | 0 | 0 | 0 | 0 | 0 | -4 | >7 | -7 | 8 | 128 ]
[ -127 | -2< | 0 | 0 | 0 | 0 | 0 | 0 | 0 | 0 | 0 | 0 | 0 | 0 | 0 | 0 | -4 | >6 | -7 | 8 | 128 ]
[ -127 | -1< | 0 | 0 | 0 | 0 | 0 | 0 | 0 | 0 | 0 | 0 | 0 | 0 | 0 | 0 | -4 | 6 | >-7 | 8 | 128 ]
[ -127 | 0< | 0 | 0 | 0 | 0 | 0 | 0 | 0 | 0 | 0 | 0 | 0 | 0 | 0 | 0 | -4 | 6 | >-6 | 8 | 128 ]
[ -127 | 1< | 0 | 0 | 0 | 0 | 0 | 0 | 0 | 0 | 0 | 0 | 0 | 0 | 0 | 0 | -4 | 6 | >-6 | 8 | 128 ]
[ -127 | 1< | 0 | 0 | 0 | 0 | 0 | 0 | 0 | 0 | 0 | 0 | 0 | 0 | 0 | 0 | -4 | 6 | >-7 | 8 | 128 ]
[ -127 | 0< | 0 | 0 | 0 | 0 | 0 | 0 | 0 | 0 | 0 | 0 | 0 | 0 | 0 | 0 | -4 | 6 | -7 | >8 | 128 ]
[ -127 | 0< | 0 | 0 | 0 | 0 | 0 | 0 | 0 | 0 | 0 | 0 | 0 | 0 | 0 | 0 | -4 | 6 | -7 | >9 | 128 ]
[ -127 | 0< | 0 | 0 | 0 | 0 | 0 | 0 | 0 | 0 | 0 | 0 | 0 | 0 | 0 | 0 | -4 | 6 | -7 | >9 | 128 ]
[ -127< | 0 | 0 | 0 | 0 | 0 | 0 | 0 | 0 | 0 | 0 | 0 | 0 | 0 | 0 | 0 | -4 | 6 | -7 | >8 | 128 ]
[ -127< | 0 | 0 | 0 | 0 | 0 | 0 | 0 | 0 | 0 | 0 | 0 | 0 | 0 | 0 | 0 | -4 | 6 | -7 | 8 | >128 ]
[ -126< | 0 | 0 | 0 | 0 | 0 | 0 | 0 | 0 | 0 | 0 | 0 | 0 | 0 | 0 | 0 | -4 | 6 | -7 | 8 | >-127 ]
[ -125< | 0 | 0 | 0 | 0 | 0 | 0 | 0 | 0 | 0 | 0 | 0 | 0 | 0 | 0 | 0 | -4 | 6 | -7 | 8 | >-127 ]
[ -124< | 0 | 0 | 0 | 0 | 0 | 0 | 0 | 0 | 0 | 0 | 0 | 0 | 0 | 0 | 0 | -4 | 6 | -7 | 8 | >128 ]
[ >-124< | 0 | 0 | 0 | 0 | 0 | 0 | 0 | 0 | 0 | 0 | 0 | 0 | 0 | 0 | 0 | -4 | 6 | -7 | 8 | 128 ]

===== EvoBot2 won the battle after 84 cycles =====



===== Starting battle of <MetaJSRandomBot> vs <EvoBot2> with memory tape size: 22 =====

[ >128 | 0 | 0 | 0 | 0 | 0 | 0 | 0 | 0 | 0 | 0 | 0 | 0 | 0 | 0 | 0 | 0 | 0 | 0 | 0 | 0 | 128< ]
[ >-127 | 0 | 0 | 0 | 0 | 0 | 0 | 0 | 0 | 0 | 0 | 0 | 0 | 0 | 0 | 0 | 0 | 0 | 0 | 0 | 0< | 128 ]
[ >-127 | 0 | 0 | 0 | 0 | 0 | 0 | 0 | 0 | 0 | 0 | 0 | 0 | 0 | 0 | 0 | 0 | 0 | 0 | 0< | 0 | 128 ]
[ >-127 | 0 | 0 | 0 | 0 | 0 | 0 | 0 | 0 | 0 | 0 | 0 | 0 | 0 | 0 | 0 | 0 | 0 | 0< | 0 | 0 | 128 ]
[ -127 | >0 | 0 | 0 | 0 | 0 | 0 | 0 | 0 | 0 | 0 | 0 | 0 | 0 | 0 | 0 | 0 | 0< | 0 | 0 | 0 | 128 ]
[ -127 | >-1 | 0 | 0 | 0 | 0 | 0 | 0 | 0 | 0 | 0 | 0 | 0 | 0 | 0 | 0 | 0 | -1< | 0 | 0 | 0 | 128 ]
[ -127 | >-1 | 0 | 0 | 0 | 0 | 0 | 0 | 0 | 0 | 0 | 0 | 0 | 0 | 0 | 0 | 0 | -2< | 0 | 0 | 0 | 128 ]
[ -127 | >-2 | 0 | 0 | 0 | 0 | 0 | 0 | 0 | 0 | 0 | 0 | 0 | 0 | 0 | 0 | 0 | -3< | 0 | 0 | 0 | 128 ]
[ -127 | -2 | >0 | 0 | 0 | 0 | 0 | 0 | 0 | 0 | 0 | 0 | 0 | 0 | 0 | 0 | 0 | -4< | 0 | 0 | 0 | 128 ]
[ -127 | -2 | >1 | 0 | 0 | 0 | 0 | 0 | 0 | 0 | 0 | 0 | 0 | 0 | 0 | 0 | 0 | -4 | 0< | 0 | 0 | 128 ]
[ -127 | -2 | >1 | 0 | 0 | 0 | 0 | 0 | 0 | 0 | 0 | 0 | 0 | 0 | 0 | 0 | 0 | -4 | 1< | 0 | 0 | 128 ]
[ -127 | -2 | >0 | 0 | 0 | 0 | 0 | 0 | 0 | 0 | 0 | 0 | 0 | 0 | 0 | 0 | 0 | -4 | 2< | 0 | 0 | 128 ]
[ -127 | -2 | 0 | >0 | 0 | 0 | 0 | 0 | 0 | 0 | 0 | 0 | 0 | 0 | 0 | 0 | 0 | -4 | 3< | 0 | 0 | 128 ]
[ -127 | -2 | 0 | >1 | 0 | 0 | 0 | 0 | 0 | 0 | 0 | 0 | 0 | 0 | 0 | 0 | 0 | -4 | 4< | 0 | 0 | 128 ]
[ -127 | -2 | 0 | >1 | 0 | 0 | 0 | 0 | 0 | 0 | 0 | 0 | 0 | 0 | 0 | 0 | 0 | -4 | 5< | 0 | 0 | 128 ]
[ -127 | -2 | 0 | >0 | 0 | 0 | 0 | 0 | 0 | 0 | 0 | 0 | 0 | 0 | 0 | 0 | 0 | -4 | 6< | 0 | 0 | 128 ]
[ -127 | -2 | 0 | 0 | >0 | 0 | 0 | 0 | 0 | 0 | 0 | 0 | 0 | 0 | 0 | 0 | 0 | -4 | 6 | 0< | 0 | 128 ]
[ -127 | -2 | 0 | 0 | >1 | 0 | 0 | 0 | 0 | 0 | 0 | 0 | 0 | 0 | 0 | 0 | 0 | -4 | 6 | -1< | 0 | 128 ]
[ -127 | -2 | 0 | 0 | >1 | 0 | 0 | 0 | 0 | 0 | 0 | 0 | 0 | 0 | 0 | 0 | 0 | -4 | 6 | -2< | 0 | 128 ]
[ -127 | -2 | 0 | 0 | >0 | 0 | 0 | 0 | 0 | 0 | 0 | 0 | 0 | 0 | 0 | 0 | 0 | -4 | 6 | -3< | 0 | 128 ]
[ -127 | -2 | 0 | 0 | 0 | >0 | 0 | 0 | 0 | 0 | 0 | 0 | 0 | 0 | 0 | 0 | 0 | -4 | 6 | -4< | 0 | 128 ]
[ -127 | -2 | 0 | 0 | 0 | >1 | 0 | 0 | 0 | 0 | 0 | 0 | 0 | 0 | 0 | 0 | 0 | -4 | 6 | -5< | 0 | 128 ]
[ -127 | -2 | 0 | 0 | 0 | >1 | 0 | 0 | 0 | 0 | 0 | 0 | 0 | 0 | 0 | 0 | 0 | -4 | 6 | -6< | 0 | 128 ]
[ -127 | -2 | 0 | 0 | 0 | >0 | 0 | 0 | 0 | 0 | 0 | 0 | 0 | 0 | 0 | 0 | 0 | -4 | 6 | -7< | 0 | 128 ]
[ -127 | -2 | 0 | 0 | 0 | 0 | >0 | 0 | 0 | 0 | 0 | 0 | 0 | 0 | 0 | 0 | 0 | -4 | 6 | -7 | 0< | 128 ]
[ -127 | -2 | 0 | 0 | 0 | 0 | >1 | 0 | 0 | 0 | 0 | 0 | 0 | 0 | 0 | 0 | 0 | -4 | 6 | -7 | 1< | 128 ]
[ -127 | -2 | 0 | 0 | 0 | 0 | >1 | 0 | 0 | 0 | 0 | 0 | 0 | 0 | 0 | 0 | 0 | -4 | 6 | -7 | 2< | 128 ]
[ -127 | -2 | 0 | 0 | 0 | 0 | >0 | 0 | 0 | 0 | 0 | 0 | 0 | 0 | 0 | 0 | 0 | -4 | 6 | -7 | 3< | 128 ]
[ -127 | -2 | 0 | 0 | 0 | 0 | 0 | >0 | 0 | 0 | 0 | 0 | 0 | 0 | 0 | 0 | 0 | -4 | 6 | -7 | 4< | 128 ]
[ -127 | -2 | 0 | 0 | 0 | 0 | 0 | >1 | 0 | 0 | 0 | 0 | 0 | 0 | 0 | 0 | 0 | -4 | 6 | -7 | 5< | 128 ]
[ -127 | -2 | 0 | 0 | 0 | 0 | 0 | >1 | 0 | 0 | 0 | 0 | 0 | 0 | 0 | 0 | 0 | -4 | 6 | -7 | 6< | 128 ]
[ -127 | -2 | 0 | 0 | 0 | 0 | 0 | >0 | 0 | 0 | 0 | 0 | 0 | 0 | 0 | 0 | 0 | -4 | 6 | -7 | 7< | 128 ]
[ -127 | -2 | 0 | 0 | 0 | 0 | 0 | 0 | >0 | 0 | 0 | 0 | 0 | 0 | 0 | 0 | 0 | -4 | 6 | -7 | 8< | 128 ]
[ -127 | -2 | 0 | 0 | 0 | 0 | 0 | 0 | >1 | 0 | 0 | 0 | 0 | 0 | 0 | 0 | 0 | -4 | 6 | -7< | 8 | 128 ]
[ -127 | -2 | 0 | 0 | 0 | 0 | 0 | 0 | >1 | 0 | 0 | 0 | 0 | 0 | 0 | 0 | 0 | -4 | 6< | -7 | 8 | 128 ]
[ -127 | -2 | 0 | 0 | 0 | 0 | 0 | 0 | >0 | 0 | 0 | 0 | 0 | 0 | 0 | 0 | 0 | -4< | 6 | -7 | 8 | 128 ]
[ -127 | -2 | 0 | 0 | 0 | 0 | 0 | 0 | 0 | >0 | 0 | 0 | 0 | 0 | 0 | 0 | 0< | -4 | 6 | -7 | 8 | 128 ]
[ -127 | -2 | 0 | 0 | 0 | 0 | 0 | 0 | 0 | >1 | 0 | 0 | 0 | 0 | 0 | 0< | 0 | -4 | 6 | -7 | 8 | 128 ]
[ -127 | -2 | 0 | 0 | 0 | 0 | 0 | 0 | 0 | >1 | 0 | 0 | 0 | 0 | 0< | 0 | 0 | -4 | 6 | -7 | 8 | 128 ]
[ -127 | -2 | 0 | 0 | 0 | 0 | 0 | 0 | 0 | >0 | 0 | 0 | 0 | 0< | 0 | 0 | 0 | -4 | 6 | -7 | 8 | 128 ]
[ -127 | -2 | 0 | 0 | 0 | 0 | 0 | 0 | 0 | 0 | >0 | 0 | 0< | 0 | 0 | 0 | 0 | -4 | 6 | -7 | 8 | 128 ]
[ -127 | -2 | 0 | 0 | 0 | 0 | 0 | 0 | 0 | 0 | >1 | 0< | 0 | 0 | 0 | 0 | 0 | -4 | 6 | -7 | 8 | 128 ]
[ -127 | -2 | 0 | 0 | 0 | 0 | 0 | 0 | 0 | 0 | >1 | 0< | 0 | 0 | 0 | 0 | 0 | -4 | 6 | -7 | 8 | 128 ]
[ -127 | -2 | 0 | 0 | 0 | 0 | 0 | 0 | 0 | 0 | >0< | 0 | 0 | 0 | 0 | 0 | 0 | -4 | 6 | -7 | 8 | 128 ]
[ -127 | -2 | 0 | 0 | 0 | 0 | 0 | 0 | 0 | 0 | 0< | >0 | 0 | 0 | 0 | 0 | 0 | -4 | 6 | -7 | 8 | 128 ]
[ -127 | -2 | 0 | 0 | 0 | 0 | 0 | 0 | 0 | 0< | 0 | >1 | 0 | 0 | 0 | 0 | 0 | -4 | 6 | -7 | 8 | 128 ]
[ -127 | -2 | 0 | 0 | 0 | 0 | 0 | 0 | 0 | 0< | 0 | >1 | 0 | 0 | 0 | 0 | 0 | -4 | 6 | -7 | 8 | 128 ]
[ -127 | -2 | 0 | 0 | 0 | 0 | 0 | 0 | 0< | 0 | 0 | >0 | 0 | 0 | 0 | 0 | 0 | -4 | 6 | -7 | 8 | 128 ]
[ -127 | -2 | 0 | 0 | 0 | 0 | 0 | 0 | 0< | 0 | 0 | 0 | >0 | 0 | 0 | 0 | 0 | -4 | 6 | -7 | 8 | 128 ]
[ -127 | -2 | 0 | 0 | 0 | 0 | 0 | 0< | 0 | 0 | 0 | 0 | >1 | 0 | 0 | 0 | 0 | -4 | 6 | -7 | 8 | 128 ]
[ -127 | -2 | 0 | 0 | 0 | 0 | 0 | 0< | 0 | 0 | 0 | 0 | >1 | 0 | 0 | 0 | 0 | -4 | 6 | -7 | 8 | 128 ]
[ -127 | -2 | 0 | 0 | 0 | 0 | 0< | 0 | 0 | 0 | 0 | 0 | >0 | 0 | 0 | 0 | 0 | -4 | 6 | -7 | 8 | 128 ]
[ -127 | -2 | 0 | 0 | 0 | 0 | 0< | 0 | 0 | 0 | 0 | 0 | 0 | >0 | 0 | 0 | 0 | -4 | 6 | -7 | 8 | 128 ]
[ -127 | -2 | 0 | 0 | 0 | 0< | 0 | 0 | 0 | 0 | 0 | 0 | 0 | >1 | 0 | 0 | 0 | -4 | 6 | -7 | 8 | 128 ]
[ -127 | -2 | 0 | 0 | 0 | 0< | 0 | 0 | 0 | 0 | 0 | 0 | 0 | >1 | 0 | 0 | 0 | -4 | 6 | -7 | 8 | 128 ]
[ -127 | -2 | 0 | 0 | 0< | 0 | 0 | 0 | 0 | 0 | 0 | 0 | 0 | >0 | 0 | 0 | 0 | -4 | 6 | -7 | 8 | 128 ]
[ -127 | -2 | 0 | 0 | 0< | 0 | 0 | 0 | 0 | 0 | 0 | 0 | 0 | 0 | >0 | 0 | 0 | -4 | 6 | -7 | 8 | 128 ]
[ -127 | -2 | 0 | 0< | 0 | 0 | 0 | 0 | 0 | 0 | 0 | 0 | 0 | 0 | >1 | 0 | 0 | -4 | 6 | -7 | 8 | 128 ]
[ -127 | -2 | 0 | 0< | 0 | 0 | 0 | 0 | 0 | 0 | 0 | 0 | 0 | 0 | >1 | 0 | 0 | -4 | 6 | -7 | 8 | 128 ]
[ -127 | -2 | 0< | 0 | 0 | 0 | 0 | 0 | 0 | 0 | 0 | 0 | 0 | 0 | >0 | 0 | 0 | -4 | 6 | -7 | 8 | 128 ]
[ -127 | -2 | 0< | 0 | 0 | 0 | 0 | 0 | 0 | 0 | 0 | 0 | 0 | 0 | 0 | >0 | 0 | -4 | 6 | -7 | 8 | 128 ]
[ -127 | -2< | 0 | 0 | 0 | 0 | 0 | 0 | 0 | 0 | 0 | 0 | 0 | 0 | 0 | >1 | 0 | -4 | 6 | -7 | 8 | 128 ]
[ -127 | -2< | 0 | 0 | 0 | 0 | 0 | 0 | 0 | 0 | 0 | 0 | 0 | 0 | 0 | >1 | 0 | -4 | 6 | -7 | 8 | 128 ]
[ -127 | -1< | 0 | 0 | 0 | 0 | 0 | 0 | 0 | 0 | 0 | 0 | 0 | 0 | 0 | >0 | 0 | -4 | 6 | -7 | 8 | 128 ]
[ -127 | 0< | 0 | 0 | 0 | 0 | 0 | 0 | 0 | 0 | 0 | 0 | 0 | 0 | 0 | 0 | >0 | -4 | 6 | -7 | 8 | 128 ]
[ -127 | 1< | 0 | 0 | 0 | 0 | 0 | 0 | 0 | 0 | 0 | 0 | 0 | 0 | 0 | 0 | >1 | -4 | 6 | -7 | 8 | 128 ]
[ -127 | 1< | 0 | 0 | 0 | 0 | 0 | 0 | 0 | 0 | 0 | 0 | 0 | 0 | 0 | 0 | >1 | -4 | 6 | -7 | 8 | 128 ]
[ -127 | 0< | 0 | 0 | 0 | 0 | 0 | 0 | 0 | 0 | 0 | 0 | 0 | 0 | 0 | 0 | >0 | -4 | 6 | -7 | 8 | 128 ]
[ -127 | 0< | 0 | 0 | 0 | 0 | 0 | 0 | 0 | 0 | 0 | 0 | 0 | 0 | 0 | 0 | 0 | >-4 | 6 | -7 | 8 | 128 ]
[ -127 | 0< | 0 | 0 | 0 | 0 | 0 | 0 | 0 | 0 | 0 | 0 | 0 | 0 | 0 | 0 | 0 | >-3 | 6 | -7 | 8 | 128 ]
[ -127< | 0 | 0 | 0 | 0 | 0 | 0 | 0 | 0 | 0 | 0 | 0 | 0 | 0 | 0 | 0 | 0 | >-3 | 6 | -7 | 8 | 128 ]
[ -127< | 0 | 0 | 0 | 0 | 0 | 0 | 0 | 0 | 0 | 0 | 0 | 0 | 0 | 0 | 0 | 0 | >-4 | 6 | -7 | 8 | 128 ]
[ -126< | 0 | 0 | 0 | 0 | 0 | 0 | 0 | 0 | 0 | 0 | 0 | 0 | 0 | 0 | 0 | 0 | -4 | >6 | -7 | 8 | 128 ]
[ -125< | 0 | 0 | 0 | 0 | 0 | 0 | 0 | 0 | 0 | 0 | 0 | 0 | 0 | 0 | 0 | 0 | -4 | >7 | -7 | 8 | 128 ]
[ -124< | 0 | 0 | 0 | 0 | 0 | 0 | 0 | 0 | 0 | 0 | 0 | 0 | 0 | 0 | 0 | 0 | -4 | >7 | -7 | 8 | 128 ]
[ -124< | 0 | 0 | 0 | 0 | 0 | 0 | 0 | 0 | 0 | 0 | 0 | 0 | 0 | 0 | 0 | 0 | -4 | >6 | -7 | 8 | 128 ]
[ -125< | 0 | 0 | 0 | 0 | 0 | 0 | 0 | 0 | 0 | 0 | 0 | 0 | 0 | 0 | 0 | 0 | -4 | 6 | >-7 | 8 | 128 ]
[ -125< | 0 | 0 | 0 | 0 | 0 | 0 | 0 | 0 | 0 | 0 | 0 | 0 | 0 | 0 | 0 | 0 | -4 | 6 | >-6 | 8 | 128 ]
[ -126< | 0 | 0 | 0 | 0 | 0 | 0 | 0 | 0 | 0 | 0 | 0 | 0 | 0 | 0 | 0 | 0 | -4 | 6 | >-6 | 8 | 128 ]
[ -126< | 0 | 0 | 0 | 0 | 0 | 0 | 0 | 0 | 0 | 0 | 0 | 0 | 0 | 0 | 0 | 0 | -4 | 6 | >-7 | 8 | 128 ]
[ -127< | 0 | 0 | 0 | 0 | 0 | 0 | 0 | 0 | 0 | 0 | 0 | 0 | 0 | 0 | 0 | 0 | -4 | 6 | -7 | >8 | 128 ]
[ -127< | 0 | 0 | 0 | 0 | 0 | 0 | 0 | 0 | 0 | 0 | 0 | 0 | 0 | 0 | 0 | 0 | -4 | 6 | -7 | >9 | 128 ]
[ 128< | 0 | 0 | 0 | 0 | 0 | 0 | 0 | 0 | 0 | 0 | 0 | 0 | 0 | 0 | 0 | 0 | -4 | 6 | -7 | >9 | 128 ]
[ 128< | 0 | 0 | 0 | 0 | 0 | 0 | 0 | 0 | 0 | 0 | 0 | 0 | 0 | 0 | 0 | 0 | -4 | 6 | -7 | >8 | 128 ]
[ 127< | 0 | 0 | 0 | 0 | 0 | 0 | 0 | 0 | 0 | 0 | 0 | 0 | 0 | 0 | 0 | 0 | -4 | 6 | -7 | 8 | >128 ]
[ 127< | 0 | 0 | 0 | 0 | 0 | 0 | 0 | 0 | 0 | 0 | 0 | 0 | 0 | 0 | 0 | 0 | -4 | 6 | -7 | 8 | >-127 ]
[ 126< | 0 | 0 | 0 | 0 | 0 | 0 | 0 | 0 | 0 | 0 | 0 | 0 | 0 | 0 | 0 | 0 | -4 | 6 | -7 | 8 | >-127 ]
[ 126< | 0 | 0 | 0 | 0 | 0 | 0 | 0 | 0 | 0 | 0 | 0 | 0 | 0 | 0 | 0 | 0 | -4 | 6 | -7 | 8 | >128 ]
[ >125< | 0 | 0 | 0 | 0 | 0 | 0 | 0 | 0 | 0 | 0 | 0 | 0 | 0 | 0 | 0 | 0 | -4 | 6 | -7 | 8 | 128 ]

===== EvoBot2 won the battle after 88 cycles =====



===== Starting battle of <MetaJSRandomBot> vs <EvoBot2> with memory tape size: 27 =====

[ >128 | 0 | 0 | 0 | 0 | 0 | 0 | 0 | 0 | 0 | 0 | 0 | 0 | 0 | 0 | 0 | 0 | 0 | 0 | 0 | 0 | 0 | 0 | 0 | 0 | 0 | 128< ]
[ >-127 | 0 | 0 | 0 | 0 | 0 | 0 | 0 | 0 | 0 | 0 | 0 | 0 | 0 | 0 | 0 | 0 | 0 | 0 | 0 | 0 | 0 | 0 | 0 | 0 | 0< | 128 ]
[ >-127 | 0 | 0 | 0 | 0 | 0 | 0 | 0 | 0 | 0 | 0 | 0 | 0 | 0 | 0 | 0 | 0 | 0 | 0 | 0 | 0 | 0 | 0 | 0 | 0< | 0 | 128 ]
[ >-127 | 0 | 0 | 0 | 0 | 0 | 0 | 0 | 0 | 0 | 0 | 0 | 0 | 0 | 0 | 0 | 0 | 0 | 0 | 0 | 0 | 0 | 0 | 0< | 0 | 0 | 128 ]
[ -127 | >0 | 0 | 0 | 0 | 0 | 0 | 0 | 0 | 0 | 0 | 0 | 0 | 0 | 0 | 0 | 0 | 0 | 0 | 0 | 0 | 0 | 0< | 0 | 0 | 0 | 128 ]
[ -127 | >-1 | 0 | 0 | 0 | 0 | 0 | 0 | 0 | 0 | 0 | 0 | 0 | 0 | 0 | 0 | 0 | 0 | 0 | 0 | 0 | 0 | -1< | 0 | 0 | 0 | 128 ]
[ -127 | >-1 | 0 | 0 | 0 | 0 | 0 | 0 | 0 | 0 | 0 | 0 | 0 | 0 | 0 | 0 | 0 | 0 | 0 | 0 | 0 | 0 | -2< | 0 | 0 | 0 | 128 ]
[ -127 | >-2 | 0 | 0 | 0 | 0 | 0 | 0 | 0 | 0 | 0 | 0 | 0 | 0 | 0 | 0 | 0 | 0 | 0 | 0 | 0 | 0 | -3< | 0 | 0 | 0 | 128 ]
[ -127 | -2 | >0 | 0 | 0 | 0 | 0 | 0 | 0 | 0 | 0 | 0 | 0 | 0 | 0 | 0 | 0 | 0 | 0 | 0 | 0 | 0 | -4< | 0 | 0 | 0 | 128 ]
[ -127 | -2 | >1 | 0 | 0 | 0 | 0 | 0 | 0 | 0 | 0 | 0 | 0 | 0 | 0 | 0 | 0 | 0 | 0 | 0 | 0 | 0 | -4 | 0< | 0 | 0 | 128 ]
[ -127 | -2 | >1 | 0 | 0 | 0 | 0 | 0 | 0 | 0 | 0 | 0 | 0 | 0 | 0 | 0 | 0 | 0 | 0 | 0 | 0 | 0 | -4 | 1< | 0 | 0 | 128 ]
[ -127 | -2 | >0 | 0 | 0 | 0 | 0 | 0 | 0 | 0 | 0 | 0 | 0 | 0 | 0 | 0 | 0 | 0 | 0 | 0 | 0 | 0 | -4 | 2< | 0 | 0 | 128 ]
[ -127 | -2 | 0 | >0 | 0 | 0 | 0 | 0 | 0 | 0 | 0 | 0 | 0 | 0 | 0 | 0 | 0 | 0 | 0 | 0 | 0 | 0 | -4 | 3< | 0 | 0 | 128 ]
[ -127 | -2 | 0 | >1 | 0 | 0 | 0 | 0 | 0 | 0 | 0 | 0 | 0 | 0 | 0 | 0 | 0 | 0 | 0 | 0 | 0 | 0 | -4 | 4< | 0 | 0 | 128 ]
[ -127 | -2 | 0 | >1 | 0 | 0 | 0 | 0 | 0 | 0 | 0 | 0 | 0 | 0 | 0 | 0 | 0 | 0 | 0 | 0 | 0 | 0 | -4 | 5< | 0 | 0 | 128 ]
[ -127 | -2 | 0 | >0 | 0 | 0 | 0 | 0 | 0 | 0 | 0 | 0 | 0 | 0 | 0 | 0 | 0 | 0 | 0 | 0 | 0 | 0 | -4 | 6< | 0 | 0 | 128 ]
[ -127 | -2 | 0 | 0 | >0 | 0 | 0 | 0 | 0 | 0 | 0 | 0 | 0 | 0 | 0 | 0 | 0 | 0 | 0 | 0 | 0 | 0 | -4 | 6 | 0< | 0 | 128 ]
[ -127 | -2 | 0 | 0 | >1 | 0 | 0 | 0 | 0 | 0 | 0 | 0 | 0 | 0 | 0 | 0 | 0 | 0 | 0 | 0 | 0 | 0 | -4 | 6 | -1< | 0 | 128 ]
[ -127 | -2 | 0 | 0 | >1 | 0 | 0 | 0 | 0 | 0 | 0 | 0 | 0 | 0 | 0 | 0 | 0 | 0 | 0 | 0 | 0 | 0 | -4 | 6 | -2< | 0 | 128 ]
[ -127 | -2 | 0 | 0 | >0 | 0 | 0 | 0 | 0 | 0 | 0 | 0 | 0 | 0 | 0 | 0 | 0 | 0 | 0 | 0 | 0 | 0 | -4 | 6 | -3< | 0 | 128 ]
[ -127 | -2 | 0 | 0 | 0 | >0 | 0 | 0 | 0 | 0 | 0 | 0 | 0 | 0 | 0 | 0 | 0 | 0 | 0 | 0 | 0 | 0 | -4 | 6 | -4< | 0 | 128 ]
[ -127 | -2 | 0 | 0 | 0 | >1 | 0 | 0 | 0 | 0 | 0 | 0 | 0 | 0 | 0 | 0 | 0 | 0 | 0 | 0 | 0 | 0 | -4 | 6 | -5< | 0 | 128 ]
[ -127 | -2 | 0 | 0 | 0 | >1 | 0 | 0 | 0 | 0 | 0 | 0 | 0 | 0 | 0 | 0 | 0 | 0 | 0 | 0 | 0 | 0 | -4 | 6 | -6< | 0 | 128 ]
[ -127 | -2 | 0 | 0 | 0 | >0 | 0 | 0 | 0 | 0 | 0 | 0 | 0 | 0 | 0 | 0 | 0 | 0 | 0 | 0 | 0 | 0 | -4 | 6 | -7< | 0 | 128 ]
[ -127 | -2 | 0 | 0 | 0 | 0 | >0 | 0 | 0 | 0 | 0 | 0 | 0 | 0 | 0 | 0 | 0 | 0 | 0 | 0 | 0 | 0 | -4 | 6 | -7 | 0< | 128 ]
[ -127 | -2 | 0 | 0 | 0 | 0 | >1 | 0 | 0 | 0 | 0 | 0 | 0 | 0 | 0 | 0 | 0 | 0 | 0 | 0 | 0 | 0 | -4 | 6 | -7 | 1< | 128 ]
[ -127 | -2 | 0 | 0 | 0 | 0 | >1 | 0 | 0 | 0 | 0 | 0 | 0 | 0 | 0 | 0 | 0 | 0 | 0 | 0 | 0 | 0 | -4 | 6 | -7 | 2< | 128 ]
[ -127 | -2 | 0 | 0 | 0 | 0 | >0 | 0 | 0 | 0 | 0 | 0 | 0 | 0 | 0 | 0 | 0 | 0 | 0 | 0 | 0 | 0 | -4 | 6 | -7 | 3< | 128 ]
[ -127 | -2 | 0 | 0 | 0 | 0 | 0 | >0 | 0 | 0 | 0 | 0 | 0 | 0 | 0 | 0 | 0 | 0 | 0 | 0 | 0 | 0 | -4 | 6 | -7 | 4< | 128 ]
[ -127 | -2 | 0 | 0 | 0 | 0 | 0 | >1 | 0 | 0 | 0 | 0 | 0 | 0 | 0 | 0 | 0 | 0 | 0 | 0 | 0 | 0 | -4 | 6 | -7 | 5< | 128 ]
[ -127 | -2 | 0 | 0 | 0 | 0 | 0 | >1 | 0 | 0 | 0 | 0 | 0 | 0 | 0 | 0 | 0 | 0 | 0 | 0 | 0 | 0 | -4 | 6 | -7 | 6< | 128 ]
[ -127 | -2 | 0 | 0 | 0 | 0 | 0 | >0 | 0 | 0 | 0 | 0 | 0 | 0 | 0 | 0 | 0 | 0 | 0 | 0 | 0 | 0 | -4 | 6 | -7 | 7< | 128 ]
[ -127 | -2 | 0 | 0 | 0 | 0 | 0 | 0 | >0 | 0 | 0 | 0 | 0 | 0 | 0 | 0 | 0 | 0 | 0 | 0 | 0 | 0 | -4 | 6 | -7 | 8< | 128 ]
[ -127 | -2 | 0 | 0 | 0 | 0 | 0 | 0 | >1 | 0 | 0 | 0 | 0 | 0 | 0 | 0 | 0 | 0 | 0 | 0 | 0 | 0 | -4 | 6 | -7< | 8 | 128 ]
[ -127 | -2 | 0 | 0 | 0 | 0 | 0 | 0 | >1 | 0 | 0 | 0 | 0 | 0 | 0 | 0 | 0 | 0 | 0 | 0 | 0 | 0 | -4 | 6< | -7 | 8 | 128 ]
[ -127 | -2 | 0 | 0 | 0 | 0 | 0 | 0 | >0 | 0 | 0 | 0 | 0 | 0 | 0 | 0 | 0 | 0 | 0 | 0 | 0 | 0 | -4< | 6 | -7 | 8 | 128 ]
[ -127 | -2 | 0 | 0 | 0 | 0 | 0 | 0 | 0 | >0 | 0 | 0 | 0 | 0 | 0 | 0 | 0 | 0 | 0 | 0 | 0 | 0< | -4 | 6 | -7 | 8 | 128 ]
[ -127 | -2 | 0 | 0 | 0 | 0 | 0 | 0 | 0 | >1 | 0 | 0 | 0 | 0 | 0 | 0 | 0 | 0 | 0 | 0 | 0< | 0 | -4 | 6 | -7 | 8 | 128 ]
[ -127 | -2 | 0 | 0 | 0 | 0 | 0 | 0 | 0 | >1 | 0 | 0 | 0 | 0 | 0 | 0 | 0 | 0 | 0 | 0< | 0 | 0 | -4 | 6 | -7 | 8 | 128 ]
[ -127 | -2 | 0 | 0 | 0 | 0 | 0 | 0 | 0 | >0 | 0 | 0 | 0 | 0 | 0 | 0 | 0 | 0 | 0< | 0 | 0 | 0 | -4 | 6 | -7 | 8 | 128 ]
[ -127 | -2 | 0 | 0 | 0 | 0 | 0 | 0 | 0 | 0 | >0 | 0 | 0 | 0 | 0 | 0 | 0 | 0< | 0 | 0 | 0 | 0 | -4 | 6 | -7 | 8 | 128 ]
[ -127 | -2 | 0 | 0 | 0 | 0 | 0 | 0 | 0 | 0 | >1 | 0 | 0 | 0 | 0 | 0 | 0< | 0 | 0 | 0 | 0 | 0 | -4 | 6 | -7 | 8 | 128 ]
[ -127 | -2 | 0 | 0 | 0 | 0 | 0 | 0 | 0 | 0 | >1 | 0 | 0 | 0 | 0 | 0 | 0< | 0 | 0 | 0 | 0 | 0 | -4 | 6 | -7 | 8 | 128 ]
[ -127 | -2 | 0 | 0 | 0 | 0 | 0 | 0 | 0 | 0 | >0 | 0 | 0 | 0 | 0 | 0< | 0 | 0 | 0 | 0 | 0 | 0 | -4 | 6 | -7 | 8 | 128 ]
[ -127 | -2 | 0 | 0 | 0 | 0 | 0 | 0 | 0 | 0 | 0 | >0 | 0 | 0 | 0 | 0< | 0 | 0 | 0 | 0 | 0 | 0 | -4 | 6 | -7 | 8 | 128 ]
[ -127 | -2 | 0 | 0 | 0 | 0 | 0 | 0 | 0 | 0 | 0 | >1 | 0 | 0 | 0< | 0 | 0 | 0 | 0 | 0 | 0 | 0 | -4 | 6 | -7 | 8 | 128 ]
[ -127 | -2 | 0 | 0 | 0 | 0 | 0 | 0 | 0 | 0 | 0 | >1 | 0 | 0 | 0< | 0 | 0 | 0 | 0 | 0 | 0 | 0 | -4 | 6 | -7 | 8 | 128 ]
[ -127 | -2 | 0 | 0 | 0 | 0 | 0 | 0 | 0 | 0 | 0 | >0 | 0 | 0< | 0 | 0 | 0 | 0 | 0 | 0 | 0 | 0 | -4 | 6 | -7 | 8 | 128 ]
[ -127 | -2 | 0 | 0 | 0 | 0 | 0 | 0 | 0 | 0 | 0 | 0 | >0 | 0< | 0 | 0 | 0 | 0 | 0 | 0 | 0 | 0 | -4 | 6 | -7 | 8 | 128 ]
[ -127 | -2 | 0 | 0 | 0 | 0 | 0 | 0 | 0 | 0 | 0 | 0 | >1< | 0 | 0 | 0 | 0 | 0 | 0 | 0 | 0 | 0 | -4 | 6 | -7 | 8 | 128 ]
[ -127 | -2 | 0 | 0 | 0 | 0 | 0 | 0 | 0 | 0 | 0 | 0 | >1< | 0 | 0 | 0 | 0 | 0 | 0 | 0 | 0 | 0 | -4 | 6 | -7 | 8 | 128 ]
[ -127 | -2 | 0 | 0 | 0 | 0 | 0 | 0 | 0 | 0 | 0 | 0 | >1< | 0 | 0 | 0 | 0 | 0 | 0 | 0 | 0 | 0 | -4 | 6 | -7 | 8 | 128 ]
[ -127 | -2 | 0 | 0 | 0 | 0 | 0 | 0 | 0 | 0 | 0 | 0 | 2< | >0 | 0 | 0 | 0 | 0 | 0 | 0 | 0 | 0 | -4 | 6 | -7 | 8 | 128 ]
[ -127 | -2 | 0 | 0 | 0 | 0 | 0 | 0 | 0 | 0 | 0 | 0 | 3< | >1 | 0 | 0 | 0 | 0 | 0 | 0 | 0 | 0 | -4 | 6 | -7 | 8 | 128 ]
[ -127 | -2 | 0 | 0 | 0 | 0 | 0 | 0 | 0 | 0 | 0 | 0 | 3< | >1 | 0 | 0 | 0 | 0 | 0 | 0 | 0 | 0 | -4 | 6 | -7 | 8 | 128 ]
[ -127 | -2 | 0 | 0 | 0 | 0 | 0 | 0 | 0 | 0 | 0 | 0 | 2< | >0 | 0 | 0 | 0 | 0 | 0 | 0 | 0 | 0 | -4 | 6 | -7 | 8 | 128 ]
[ -127 | -2 | 0 | 0 | 0 | 0 | 0 | 0 | 0 | 0 | 0 | 0 | 2< | 0 | >0 | 0 | 0 | 0 | 0 | 0 | 0 | 0 | -4 | 6 | -7 | 8 | 128 ]
[ -127 | -2 | 0 | 0 | 0 | 0 | 0 | 0 | 0 | 0 | 0 | 0 | 1< | 0 | >1 | 0 | 0 | 0 | 0 | 0 | 0 | 0 | -4 | 6 | -7 | 8 | 128 ]
[ -127 | -2 | 0 | 0 | 0 | 0 | 0 | 0 | 0 | 0 | 0 | 0 | 1< | 0 | >1 | 0 | 0 | 0 | 0 | 0 | 0 | 0 | -4 | 6 | -7 | 8 | 128 ]
[ -127 | -2 | 0 | 0 | 0 | 0 | 0 | 0 | 0 | 0 | 0 | 0 | 0< | 0 | >0 | 0 | 0 | 0 | 0 | 0 | 0 | 0 | -4 | 6 | -7 | 8 | 128 ]
[ -127 | -2 | 0 | 0 | 0 | 0 | 0 | 0 | 0 | 0 | 0 | 0 | 0< | 0 | 0 | >0 | 0 | 0 | 0 | 0 | 0 | 0 | -4 | 6 | -7 | 8 | 128 ]
[ -127 | -2 | 0 | 0 | 0 | 0 | 0 | 0 | 0 | 0 | 0 | 0 | 0< | 0 | 0 | >1 | 0 | 0 | 0 | 0 | 0 | 0 | -4 | 6 | -7 | 8 | 128 ]
[ -127 | -2 | 0 | 0 | 0 | 0 | 0 | 0 | 0 | 0 | 0 | 0< | 0 | 0 | 0 | >1 | 0 | 0 | 0 | 0 | 0 | 0 | -4 | 6 | -7 | 8 | 128 ]
[ -127 | -2 | 0 | 0 | 0 | 0 | 0 | 0 | 0 | 0 | 0 | 0< | 0 | 0 | 0 | >0 | 0 | 0 | 0 | 0 | 0 | 0 | -4 | 6 | -7 | 8 | 128 ]
[ -127 | -2 | 0 | 0 | 0 | 0 | 0 | 0 | 0 | 0 | 0< | 0 | 0 | 0 | 0 | 0 | >0 | 0 | 0 | 0 | 0 | 0 | -4 | 6 | -7 | 8 | 128 ]
[ -127 | -2 | 0 | 0 | 0 | 0 | 0 | 0 | 0 | 0 | 0< | 0 | 0 | 0 | 0 | 0 | >1 | 0 | 0 | 0 | 0 | 0 | -4 | 6 | -7 | 8 | 128 ]
[ -127 | -2 | 0 | 0 | 0 | 0 | 0 | 0 | 0 | 0< | 0 | 0 | 0 | 0 | 0 | 0 | >1 | 0 | 0 | 0 | 0 | 0 | -4 | 6 | -7 | 8 | 128 ]
[ -127 | -2 | 0 | 0 | 0 | 0 | 0 | 0 | 0 | 0< | 0 | 0 | 0 | 0 | 0 | 0 | >0 | 0 | 0 | 0 | 0 | 0 | -4 | 6 | -7 | 8 | 128 ]
[ -127 | -2 | 0 | 0 | 0 | 0 | 0 | 0 | 0< | 0 | 0 | 0 | 0 | 0 | 0 | 0 | 0 | >0 | 0 | 0 | 0 | 0 | -4 | 6 | -7 | 8 | 128 ]
[ -127 | -2 | 0 | 0 | 0 | 0 | 0 | 0 | 0< | 0 | 0 | 0 | 0 | 0 | 0 | 0 | 0 | >1 | 0 | 0 | 0 | 0 | -4 | 6 | -7 | 8 | 128 ]
[ -127 | -2 | 0 | 0 | 0 | 0 | 0 | 0< | 0 | 0 | 0 | 0 | 0 | 0 | 0 | 0 | 0 | >1 | 0 | 0 | 0 | 0 | -4 | 6 | -7 | 8 | 128 ]
[ -127 | -2 | 0 | 0 | 0 | 0 | 0 | 0< | 0 | 0 | 0 | 0 | 0 | 0 | 0 | 0 | 0 | >0 | 0 | 0 | 0 | 0 | -4 | 6 | -7 | 8 | 128 ]
[ -127 | -2 | 0 | 0 | 0 | 0 | 0< | 0 | 0 | 0 | 0 | 0 | 0 | 0 | 0 | 0 | 0 | 0 | >0 | 0 | 0 | 0 | -4 | 6 | -7 | 8 | 128 ]
[ -127 | -2 | 0 | 0 | 0 | 0 | 0< | 0 | 0 | 0 | 0 | 0 | 0 | 0 | 0 | 0 | 0 | 0 | >1 | 0 | 0 | 0 | -4 | 6 | -7 | 8 | 128 ]
[ -127 | -2 | 0 | 0 | 0 | 0< | 0 | 0 | 0 | 0 | 0 | 0 | 0 | 0 | 0 | 0 | 0 | 0 | >1 | 0 | 0 | 0 | -4 | 6 | -7 | 8 | 128 ]
[ -127 | -2 | 0 | 0 | 0 | 0< | 0 | 0 | 0 | 0 | 0 | 0 | 0 | 0 | 0 | 0 | 0 | 0 | >0 | 0 | 0 | 0 | -4 | 6 | -7 | 8 | 128 ]
[ -127 | -2 | 0 | 0 | 0< | 0 | 0 | 0 | 0 | 0 | 0 | 0 | 0 | 0 | 0 | 0 | 0 | 0 | 0 | >0 | 0 | 0 | -4 | 6 | -7 | 8 | 128 ]
[ -127 | -2 | 0 | 0 | 0< | 0 | 0 | 0 | 0 | 0 | 0 | 0 | 0 | 0 | 0 | 0 | 0 | 0 | 0 | >1 | 0 | 0 | -4 | 6 | -7 | 8 | 128 ]
[ -127 | -2 | 0 | 0< | 0 | 0 | 0 | 0 | 0 | 0 | 0 | 0 | 0 | 0 | 0 | 0 | 0 | 0 | 0 | >1 | 0 | 0 | -4 | 6 | -7 | 8 | 128 ]
[ -127 | -2 | 0 | 0< | 0 | 0 | 0 | 0 | 0 | 0 | 0 | 0 | 0 | 0 | 0 | 0 | 0 | 0 | 0 | >0 | 0 | 0 | -4 | 6 | -7 | 8 | 128 ]
[ -127 | -2 | 0< | 0 | 0 | 0 | 0 | 0 | 0 | 0 | 0 | 0 | 0 | 0 | 0 | 0 | 0 | 0 | 0 | 0 | >0 | 0 | -4 | 6 | -7 | 8 | 128 ]
[ -127 | -2 | 0< | 0 | 0 | 0 | 0 | 0 | 0 | 0 | 0 | 0 | 0 | 0 | 0 | 0 | 0 | 0 | 0 | 0 | >1 | 0 | -4 | 6 | -7 | 8 | 128 ]
[ -127 | -2< | 0 | 0 | 0 | 0 | 0 | 0 | 0 | 0 | 0 | 0 | 0 | 0 | 0 | 0 | 0 | 0 | 0 | 0 | >1 | 0 | -4 | 6 | -7 | 8 | 128 ]
[ -127 | -2< | 0 | 0 | 0 | 0 | 0 | 0 | 0 | 0 | 0 | 0 | 0 | 0 | 0 | 0 | 0 | 0 | 0 | 0 | >0 | 0 | -4 | 6 | -7 | 8 | 128 ]
[ -127 | -1< | 0 | 0 | 0 | 0 | 0 | 0 | 0 | 0 | 0 | 0 | 0 | 0 | 0 | 0 | 0 | 0 | 0 | 0 | 0 | >0 | -4 | 6 | -7 | 8 | 128 ]
[ -127 | 0< | 0 | 0 | 0 | 0 | 0 | 0 | 0 | 0 | 0 | 0 | 0 | 0 | 0 | 0 | 0 | 0 | 0 | 0 | 0 | >1 | -4 | 6 | -7 | 8 | 128 ]
[ -127 | 1< | 0 | 0 | 0 | 0 | 0 | 0 | 0 | 0 | 0 | 0 | 0 | 0 | 0 | 0 | 0 | 0 | 0 | 0 | 0 | >1 | -4 | 6 | -7 | 8 | 128 ]
[ -127 | 1< | 0 | 0 | 0 | 0 | 0 | 0 | 0 | 0 | 0 | 0 | 0 | 0 | 0 | 0 | 0 | 0 | 0 | 0 | 0 | >0 | -4 | 6 | -7 | 8 | 128 ]
[ -127 | 0< | 0 | 0 | 0 | 0 | 0 | 0 | 0 | 0 | 0 | 0 | 0 | 0 | 0 | 0 | 0 | 0 | 0 | 0 | 0 | 0 | >-4 | 6 | -7 | 8 | 128 ]
[ -127 | 0< | 0 | 0 | 0 | 0 | 0 | 0 | 0 | 0 | 0 | 0 | 0 | 0 | 0 | 0 | 0 | 0 | 0 | 0 | 0 | 0 | >-3 | 6 | -7 | 8 | 128 ]
[ -127 | 0< | 0 | 0 | 0 | 0 | 0 | 0 | 0 | 0 | 0 | 0 | 0 | 0 | 0 | 0 | 0 | 0 | 0 | 0 | 0 | 0 | >-3 | 6 | -7 | 8 | 128 ]
[ -127< | 0 | 0 | 0 | 0 | 0 | 0 | 0 | 0 | 0 | 0 | 0 | 0 | 0 | 0 | 0 | 0 | 0 | 0 | 0 | 0 | 0 | >-4 | 6 | -7 | 8 | 128 ]
[ -127< | 0 | 0 | 0 | 0 | 0 | 0 | 0 | 0 | 0 | 0 | 0 | 0 | 0 | 0 | 0 | 0 | 0 | 0 | 0 | 0 | 0 | -4 | >6 | -7 | 8 | 128 ]
[ -126< | 0 | 0 | 0 | 0 | 0 | 0 | 0 | 0 | 0 | 0 | 0 | 0 | 0 | 0 | 0 | 0 | 0 | 0 | 0 | 0 | 0 | -4 | >7 | -7 | 8 | 128 ]
[ -125< | 0 | 0 | 0 | 0 | 0 | 0 | 0 | 0 | 0 | 0 | 0 | 0 | 0 | 0 | 0 | 0 | 0 | 0 | 0 | 0 | 0 | -4 | >7 | -7 | 8 | 128 ]
[ -124< | 0 | 0 | 0 | 0 | 0 | 0 | 0 | 0 | 0 | 0 | 0 | 0 | 0 | 0 | 0 | 0 | 0 | 0 | 0 | 0 | 0 | -4 | >6 | -7 | 8 | 128 ]
[ -124< | 0 | 0 | 0 | 0 | 0 | 0 | 0 | 0 | 0 | 0 | 0 | 0 | 0 | 0 | 0 | 0 | 0 | 0 | 0 | 0 | 0 | -4 | 6 | >-7 | 8 | 128 ]
[ -125< | 0 | 0 | 0 | 0 | 0 | 0 | 0 | 0 | 0 | 0 | 0 | 0 | 0 | 0 | 0 | 0 | 0 | 0 | 0 | 0 | 0 | -4 | 6 | >-6 | 8 | 128 ]
[ -125< | 0 | 0 | 0 | 0 | 0 | 0 | 0 | 0 | 0 | 0 | 0 | 0 | 0 | 0 | 0 | 0 | 0 | 0 | 0 | 0 | 0 | -4 | 6 | >-6 | 8 | 128 ]
[ -126< | 0 | 0 | 0 | 0 | 0 | 0 | 0 | 0 | 0 | 0 | 0 | 0 | 0 | 0 | 0 | 0 | 0 | 0 | 0 | 0 | 0 | -4 | 6 | >-7 | 8 | 128 ]
[ -126< | 0 | 0 | 0 | 0 | 0 | 0 | 0 | 0 | 0 | 0 | 0 | 0 | 0 | 0 | 0 | 0 | 0 | 0 | 0 | 0 | 0 | -4 | 6 | -7 | >8 | 128 ]
[ -127< | 0 | 0 | 0 | 0 | 0 | 0 | 0 | 0 | 0 | 0 | 0 | 0 | 0 | 0 | 0 | 0 | 0 | 0 | 0 | 0 | 0 | -4 | 6 | -7 | >9 | 128 ]
[ -127< | 0 | 0 | 0 | 0 | 0 | 0 | 0 | 0 | 0 | 0 | 0 | 0 | 0 | 0 | 0 | 0 | 0 | 0 | 0 | 0 | 0 | -4 | 6 | -7 | >9 | 128 ]
[ 128< | 0 | 0 | 0 | 0 | 0 | 0 | 0 | 0 | 0 | 0 | 0 | 0 | 0 | 0 | 0 | 0 | 0 | 0 | 0 | 0 | 0 | -4 | 6 | -7 | >8 | 128 ]
[ 128< | 0 | 0 | 0 | 0 | 0 | 0 | 0 | 0 | 0 | 0 | 0 | 0 | 0 | 0 | 0 | 0 | 0 | 0 | 0 | 0 | 0 | -4 | 6 | -7 | 8 | >128 ]
[ 127< | 0 | 0 | 0 | 0 | 0 | 0 | 0 | 0 | 0 | 0 | 0 | 0 | 0 | 0 | 0 | 0 | 0 | 0 | 0 | 0 | 0 | -4 | 6 | -7 | 8 | >-127 ]
[ 127< | 0 | 0 | 0 | 0 | 0 | 0 | 0 | 0 | 0 | 0 | 0 | 0 | 0 | 0 | 0 | 0 | 0 | 0 | 0 | 0 | 0 | -4 | 6 | -7 | 8 | >-127 ]
[ 126< | 0 | 0 | 0 | 0 | 0 | 0 | 0 | 0 | 0 | 0 | 0 | 0 | 0 | 0 | 0 | 0 | 0 | 0 | 0 | 0 | 0 | -4 | 6 | -7 | 8 | >128 ]
[ >126< | 0 | 0 | 0 | 0 | 0 | 0 | 0 | 0 | 0 | 0 | 0 | 0 | 0 | 0 | 0 | 0 | 0 | 0 | 0 | 0 | 0 | -4 | 6 | -7 | 8 | 128 ]

===== EvoBot2 won the battle after 108 cycles =====



===== Starting battle of <MetaJSRandomBot> vs <EvoBot2> with memory tape size: 13 =====

[ >128 | 0 | 0 | 0 | 0 | 0 | 0 | 0 | 0 | 0 | 0 | 0 | 128< ]
[ >-127 | 0 | 0 | 0 | 0 | 0 | 0 | 0 | 0 | 0 | 0 | 0< | 128 ]
[ >-127 | 0 | 0 | 0 | 0 | 0 | 0 | 0 | 0 | 0 | 0< | 0 | 128 ]
[ >-127 | 0 | 0 | 0 | 0 | 0 | 0 | 0 | 0 | 0< | 0 | 0 | 128 ]
[ -127 | >0 | 0 | 0 | 0 | 0 | 0 | 0 | 0< | 0 | 0 | 0 | 128 ]
[ -127 | >-1 | 0 | 0 | 0 | 0 | 0 | 0 | -1< | 0 | 0 | 0 | 128 ]
[ -127 | >-1 | 0 | 0 | 0 | 0 | 0 | 0 | -2< | 0 | 0 | 0 | 128 ]
[ -127 | >-2 | 0 | 0 | 0 | 0 | 0 | 0 | -3< | 0 | 0 | 0 | 128 ]
[ -127 | -2 | >0 | 0 | 0 | 0 | 0 | 0 | -4< | 0 | 0 | 0 | 128 ]
[ -127 | -2 | >1 | 0 | 0 | 0 | 0 | 0 | -4 | 0< | 0 | 0 | 128 ]
[ -127 | -2 | >1 | 0 | 0 | 0 | 0 | 0 | -4 | 1< | 0 | 0 | 128 ]
[ -127 | -2 | >0 | 0 | 0 | 0 | 0 | 0 | -4 | 2< | 0 | 0 | 128 ]
[ -127 | -2 | 0 | >0 | 0 | 0 | 0 | 0 | -4 | 3< | 0 | 0 | 128 ]
[ -127 | -2 | 0 | >1 | 0 | 0 | 0 | 0 | -4 | 4< | 0 | 0 | 128 ]
[ -127 | -2 | 0 | >1 | 0 | 0 | 0 | 0 | -4 | 5< | 0 | 0 | 128 ]
[ -127 | -2 | 0 | >0 | 0 | 0 | 0 | 0 | -4 | 6< | 0 | 0 | 128 ]
[ -127 | -2 | 0 | 0 | >0 | 0 | 0 | 0 | -4 | 6 | 0< | 0 | 128 ]
[ -127 | -2 | 0 | 0 | >1 | 0 | 0 | 0 | -4 | 6 | -1< | 0 | 128 ]
[ -127 | -2 | 0 | 0 | >1 | 0 | 0 | 0 | -4 | 6 | -2< | 0 | 128 ]
[ -127 | -2 | 0 | 0 | >0 | 0 | 0 | 0 | -4 | 6 | -3< | 0 | 128 ]
[ -127 | -2 | 0 | 0 | 0 | >0 | 0 | 0 | -4 | 6 | -4< | 0 | 128 ]
[ -127 | -2 | 0 | 0 | 0 | >1 | 0 | 0 | -4 | 6 | -5< | 0 | 128 ]
[ -127 | -2 | 0 | 0 | 0 | >1 | 0 | 0 | -4 | 6 | -6< | 0 | 128 ]
[ -127 | -2 | 0 | 0 | 0 | >0 | 0 | 0 | -4 | 6 | -7< | 0 | 128 ]
[ -127 | -2 | 0 | 0 | 0 | 0 | >0 | 0 | -4 | 6 | -7 | 0< | 128 ]
[ -127 | -2 | 0 | 0 | 0 | 0 | >1 | 0 | -4 | 6 | -7 | 1< | 128 ]
[ -127 | -2 | 0 | 0 | 0 | 0 | >1 | 0 | -4 | 6 | -7 | 2< | 128 ]
[ -127 | -2 | 0 | 0 | 0 | 0 | >0 | 0 | -4 | 6 | -7 | 3< | 128 ]
[ -127 | -2 | 0 | 0 | 0 | 0 | 0 | >0 | -4 | 6 | -7 | 4< | 128 ]
[ -127 | -2 | 0 | 0 | 0 | 0 | 0 | >1 | -4 | 6 | -7 | 5< | 128 ]
[ -127 | -2 | 0 | 0 | 0 | 0 | 0 | >1 | -4 | 6 | -7 | 6< | 128 ]
[ -127 | -2 | 0 | 0 | 0 | 0 | 0 | >0 | -4 | 6 | -7 | 7< | 128 ]
[ -127 | -2 | 0 | 0 | 0 | 0 | 0 | 0 | >-4 | 6 | -7 | 8< | 128 ]
[ -127 | -2 | 0 | 0 | 0 | 0 | 0 | 0 | >-3 | 6 | -7< | 8 | 128 ]
[ -127 | -2 | 0 | 0 | 0 | 0 | 0 | 0 | >-3 | 6< | -7 | 8 | 128 ]
[ -127 | -2 | 0 | 0 | 0 | 0 | 0 | 0 | >-4< | 6 | -7 | 8 | 128 ]
[ -127 | -2 | 0 | 0 | 0 | 0 | 0 | 0< | -4 | >6 | -7 | 8 | 128 ]
[ -127 | -2 | 0 | 0 | 0 | 0 | 0< | 0 | -4 | >7 | -7 | 8 | 128 ]
[ -127 | -2 | 0 | 0 | 0 | 0< | 0 | 0 | -4 | >7 | -7 | 8 | 128 ]
[ -127 | -2 | 0 | 0 | 0< | 0 | 0 | 0 | -4 | >6 | -7 | 8 | 128 ]
[ -127 | -2 | 0 | 0< | 0 | 0 | 0 | 0 | -4 | 6 | >-7 | 8 | 128 ]
[ -127 | -2 | 0< | 0 | 0 | 0 | 0 | 0 | -4 | 6 | >-6 | 8 | 128 ]
[ -127 | -2 | 0< | 0 | 0 | 0 | 0 | 0 | -4 | 6 | >-6 | 8 | 128 ]
[ -127 | -2< | 0 | 0 | 0 | 0 | 0 | 0 | -4 | 6 | >-7 | 8 | 128 ]
[ -127 | -2< | 0 | 0 | 0 | 0 | 0 | 0 | -4 | 6 | -7 | >8 | 128 ]
[ -127 | -1< | 0 | 0 | 0 | 0 | 0 | 0 | -4 | 6 | -7 | >9 | 128 ]
[ -127 | 0< | 0 | 0 | 0 | 0 | 0 | 0 | -4 | 6 | -7 | >9 | 128 ]
[ -127 | 1< | 0 | 0 | 0 | 0 | 0 | 0 | -4 | 6 | -7 | >8 | 128 ]
[ -127 | 1< | 0 | 0 | 0 | 0 | 0 | 0 | -4 | 6 | -7 | 8 | >128 ]
[ -127 | 0< | 0 | 0 | 0 | 0 | 0 | 0 | -4 | 6 | -7 | 8 | >-127 ]
[ -127 | 0< | 0 | 0 | 0 | 0 | 0 | 0 | -4 | 6 | -7 | 8 | >-127 ]
[ -127 | 0< | 0 | 0 | 0 | 0 | 0 | 0 | -4 | 6 | -7 | 8 | >128 ]
[ >-127< | 0 | 0 | 0 | 0 | 0 | 0 | 0 | -4 | 6 | -7 | 8 | 128 ]

===== EvoBot2 won the battle after 52 cycles =====



===== Starting battle of <MetaJSRandomBot> vs <EvoBot2> with memory tape size: 16 =====

[ >128 | 0 | 0 | 0 | 0 | 0 | 0 | 0 | 0 | 0 | 0 | 0 | 0 | 0 | 0 | 128< ]
[ >-127 | 0 | 0 | 0 | 0 | 0 | 0 | 0 | 0 | 0 | 0 | 0 | 0 | 0 | 0< | 128 ]
[ >-127 | 0 | 0 | 0 | 0 | 0 | 0 | 0 | 0 | 0 | 0 | 0 | 0 | 0< | 0 | 128 ]
[ >-127 | 0 | 0 | 0 | 0 | 0 | 0 | 0 | 0 | 0 | 0 | 0 | 0< | 0 | 0 | 128 ]
[ -127 | >0 | 0 | 0 | 0 | 0 | 0 | 0 | 0 | 0 | 0 | 0< | 0 | 0 | 0 | 128 ]
[ -127 | >-1 | 0 | 0 | 0 | 0 | 0 | 0 | 0 | 0 | 0 | -1< | 0 | 0 | 0 | 128 ]
[ -127 | >-1 | 0 | 0 | 0 | 0 | 0 | 0 | 0 | 0 | 0 | -2< | 0 | 0 | 0 | 128 ]
[ -127 | >-2 | 0 | 0 | 0 | 0 | 0 | 0 | 0 | 0 | 0 | -3< | 0 | 0 | 0 | 128 ]
[ -127 | -2 | >0 | 0 | 0 | 0 | 0 | 0 | 0 | 0 | 0 | -4< | 0 | 0 | 0 | 128 ]
[ -127 | -2 | >1 | 0 | 0 | 0 | 0 | 0 | 0 | 0 | 0 | -4 | 0< | 0 | 0 | 128 ]
[ -127 | -2 | >1 | 0 | 0 | 0 | 0 | 0 | 0 | 0 | 0 | -4 | 1< | 0 | 0 | 128 ]
[ -127 | -2 | >0 | 0 | 0 | 0 | 0 | 0 | 0 | 0 | 0 | -4 | 2< | 0 | 0 | 128 ]
[ -127 | -2 | 0 | >0 | 0 | 0 | 0 | 0 | 0 | 0 | 0 | -4 | 3< | 0 | 0 | 128 ]
[ -127 | -2 | 0 | >1 | 0 | 0 | 0 | 0 | 0 | 0 | 0 | -4 | 4< | 0 | 0 | 128 ]
[ -127 | -2 | 0 | >1 | 0 | 0 | 0 | 0 | 0 | 0 | 0 | -4 | 5< | 0 | 0 | 128 ]
[ -127 | -2 | 0 | >0 | 0 | 0 | 0 | 0 | 0 | 0 | 0 | -4 | 6< | 0 | 0 | 128 ]
[ -127 | -2 | 0 | 0 | >0 | 0 | 0 | 0 | 0 | 0 | 0 | -4 | 6 | 0< | 0 | 128 ]
[ -127 | -2 | 0 | 0 | >1 | 0 | 0 | 0 | 0 | 0 | 0 | -4 | 6 | -1< | 0 | 128 ]
[ -127 | -2 | 0 | 0 | >1 | 0 | 0 | 0 | 0 | 0 | 0 | -4 | 6 | -2< | 0 | 128 ]
[ -127 | -2 | 0 | 0 | >0 | 0 | 0 | 0 | 0 | 0 | 0 | -4 | 6 | -3< | 0 | 128 ]
[ -127 | -2 | 0 | 0 | 0 | >0 | 0 | 0 | 0 | 0 | 0 | -4 | 6 | -4< | 0 | 128 ]
[ -127 | -2 | 0 | 0 | 0 | >1 | 0 | 0 | 0 | 0 | 0 | -4 | 6 | -5< | 0 | 128 ]
[ -127 | -2 | 0 | 0 | 0 | >1 | 0 | 0 | 0 | 0 | 0 | -4 | 6 | -6< | 0 | 128 ]
[ -127 | -2 | 0 | 0 | 0 | >0 | 0 | 0 | 0 | 0 | 0 | -4 | 6 | -7< | 0 | 128 ]
[ -127 | -2 | 0 | 0 | 0 | 0 | >0 | 0 | 0 | 0 | 0 | -4 | 6 | -7 | 0< | 128 ]
[ -127 | -2 | 0 | 0 | 0 | 0 | >1 | 0 | 0 | 0 | 0 | -4 | 6 | -7 | 1< | 128 ]
[ -127 | -2 | 0 | 0 | 0 | 0 | >1 | 0 | 0 | 0 | 0 | -4 | 6 | -7 | 2< | 128 ]
[ -127 | -2 | 0 | 0 | 0 | 0 | >0 | 0 | 0 | 0 | 0 | -4 | 6 | -7 | 3< | 128 ]
[ -127 | -2 | 0 | 0 | 0 | 0 | 0 | >0 | 0 | 0 | 0 | -4 | 6 | -7 | 4< | 128 ]
[ -127 | -2 | 0 | 0 | 0 | 0 | 0 | >1 | 0 | 0 | 0 | -4 | 6 | -7 | 5< | 128 ]
[ -127 | -2 | 0 | 0 | 0 | 0 | 0 | >1 | 0 | 0 | 0 | -4 | 6 | -7 | 6< | 128 ]
[ -127 | -2 | 0 | 0 | 0 | 0 | 0 | >0 | 0 | 0 | 0 | -4 | 6 | -7 | 7< | 128 ]
[ -127 | -2 | 0 | 0 | 0 | 0 | 0 | 0 | >0 | 0 | 0 | -4 | 6 | -7 | 8< | 128 ]
[ -127 | -2 | 0 | 0 | 0 | 0 | 0 | 0 | >1 | 0 | 0 | -4 | 6 | -7< | 8 | 128 ]
[ -127 | -2 | 0 | 0 | 0 | 0 | 0 | 0 | >1 | 0 | 0 | -4 | 6< | -7 | 8 | 128 ]
[ -127 | -2 | 0 | 0 | 0 | 0 | 0 | 0 | >0 | 0 | 0 | -4< | 6 | -7 | 8 | 128 ]
[ -127 | -2 | 0 | 0 | 0 | 0 | 0 | 0 | 0 | >0 | 0< | -4 | 6 | -7 | 8 | 128 ]
[ -127 | -2 | 0 | 0 | 0 | 0 | 0 | 0 | 0 | >1< | 0 | -4 | 6 | -7 | 8 | 128 ]
[ -127 | -2 | 0 | 0 | 0 | 0 | 0 | 0 | 0< | >1 | 0 | -4 | 6 | -7 | 8 | 128 ]
[ -127 | -2 | 0 | 0 | 0 | 0 | 0 | 0< | 0 | >0 | 0 | -4 | 6 | -7 | 8 | 128 ]
[ -127 | -2 | 0 | 0 | 0 | 0 | 0< | 0 | 0 | 0 | >0 | -4 | 6 | -7 | 8 | 128 ]
[ -127 | -2 | 0 | 0 | 0 | 0< | 0 | 0 | 0 | 0 | >1 | -4 | 6 | -7 | 8 | 128 ]
[ -127 | -2 | 0 | 0 | 0 | 0< | 0 | 0 | 0 | 0 | >1 | -4 | 6 | -7 | 8 | 128 ]
[ -127 | -2 | 0 | 0 | 0< | 0 | 0 | 0 | 0 | 0 | >0 | -4 | 6 | -7 | 8 | 128 ]
[ -127 | -2 | 0 | 0 | 0< | 0 | 0 | 0 | 0 | 0 | 0 | >-4 | 6 | -7 | 8 | 128 ]
[ -127 | -2 | 0 | 0< | 0 | 0 | 0 | 0 | 0 | 0 | 0 | >-3 | 6 | -7 | 8 | 128 ]
[ -127 | -2 | 0 | 0< | 0 | 0 | 0 | 0 | 0 | 0 | 0 | >-3 | 6 | -7 | 8 | 128 ]
[ -127 | -2 | 0< | 0 | 0 | 0 | 0 | 0 | 0 | 0 | 0 | >-4 | 6 | -7 | 8 | 128 ]
[ -127 | -2 | 0< | 0 | 0 | 0 | 0 | 0 | 0 | 0 | 0 | -4 | >6 | -7 | 8 | 128 ]
[ -127 | -2< | 0 | 0 | 0 | 0 | 0 | 0 | 0 | 0 | 0 | -4 | >7 | -7 | 8 | 128 ]
[ -127 | -2< | 0 | 0 | 0 | 0 | 0 | 0 | 0 | 0 | 0 | -4 | >7 | -7 | 8 | 128 ]
[ -127 | -1< | 0 | 0 | 0 | 0 | 0 | 0 | 0 | 0 | 0 | -4 | >6 | -7 | 8 | 128 ]
[ -127 | 0< | 0 | 0 | 0 | 0 | 0 | 0 | 0 | 0 | 0 | -4 | 6 | >-7 | 8 | 128 ]
[ -127 | 1< | 0 | 0 | 0 | 0 | 0 | 0 | 0 | 0 | 0 | -4 | 6 | >-6 | 8 | 128 ]
[ -127 | 1< | 0 | 0 | 0 | 0 | 0 | 0 | 0 | 0 | 0 | -4 | 6 | >-6 | 8 | 128 ]
[ -127 | 0< | 0 | 0 | 0 | 0 | 0 | 0 | 0 | 0 | 0 | -4 | 6 | >-7 | 8 | 128 ]
[ -127 | 0< | 0 | 0 | 0 | 0 | 0 | 0 | 0 | 0 | 0 | -4 | 6 | -7 | >8 | 128 ]
[ -127 | 0< | 0 | 0 | 0 | 0 | 0 | 0 | 0 | 0 | 0 | -4 | 6 | -7 | >9 | 128 ]
[ -127< | 0 | 0 | 0 | 0 | 0 | 0 | 0 | 0 | 0 | 0 | -4 | 6 | -7 | >9 | 128 ]
[ -127< | 0 | 0 | 0 | 0 | 0 | 0 | 0 | 0 | 0 | 0 | -4 | 6 | -7 | >8 | 128 ]
[ -126< | 0 | 0 | 0 | 0 | 0 | 0 | 0 | 0 | 0 | 0 | -4 | 6 | -7 | 8 | >128 ]
[ -125< | 0 | 0 | 0 | 0 | 0 | 0 | 0 | 0 | 0 | 0 | -4 | 6 | -7 | 8 | >-127 ]
[ -124< | 0 | 0 | 0 | 0 | 0 | 0 | 0 | 0 | 0 | 0 | -4 | 6 | -7 | 8 | >-127 ]
[ -124< | 0 | 0 | 0 | 0 | 0 | 0 | 0 | 0 | 0 | 0 | -4 | 6 | -7 | 8 | >128 ]
[ >-125< | 0 | 0 | 0 | 0 | 0 | 0 | 0 | 0 | 0 | 0 | -4 | 6 | -7 | 8 | 128 ]

===== EvoBot2 won the battle after 64 cycles =====



===== Starting battle of <MetaJSRandomBot> vs <EvoBot2> with memory tape size: 16 =====

[ >128 | 0 | 0 | 0 | 0 | 0 | 0 | 0 | 0 | 0 | 0 | 0 | 0 | 0 | 0 | 128< ]
[ >-127 | 0 | 0 | 0 | 0 | 0 | 0 | 0 | 0 | 0 | 0 | 0 | 0 | 0 | 0< | 128 ]
[ >-127 | 0 | 0 | 0 | 0 | 0 | 0 | 0 | 0 | 0 | 0 | 0 | 0 | 0< | 0 | 128 ]
[ >-127 | 0 | 0 | 0 | 0 | 0 | 0 | 0 | 0 | 0 | 0 | 0 | 0< | 0 | 0 | 128 ]
[ -127 | >0 | 0 | 0 | 0 | 0 | 0 | 0 | 0 | 0 | 0 | 0< | 0 | 0 | 0 | 128 ]
[ -127 | >-1 | 0 | 0 | 0 | 0 | 0 | 0 | 0 | 0 | 0 | -1< | 0 | 0 | 0 | 128 ]
[ -127 | >-1 | 0 | 0 | 0 | 0 | 0 | 0 | 0 | 0 | 0 | -2< | 0 | 0 | 0 | 128 ]
[ -127 | >-2 | 0 | 0 | 0 | 0 | 0 | 0 | 0 | 0 | 0 | -3< | 0 | 0 | 0 | 128 ]
[ -127 | -2 | >0 | 0 | 0 | 0 | 0 | 0 | 0 | 0 | 0 | -4< | 0 | 0 | 0 | 128 ]
[ -127 | -2 | >1 | 0 | 0 | 0 | 0 | 0 | 0 | 0 | 0 | -4 | 0< | 0 | 0 | 128 ]
[ -127 | -2 | >1 | 0 | 0 | 0 | 0 | 0 | 0 | 0 | 0 | -4 | 1< | 0 | 0 | 128 ]
[ -127 | -2 | >0 | 0 | 0 | 0 | 0 | 0 | 0 | 0 | 0 | -4 | 2< | 0 | 0 | 128 ]
[ -127 | -2 | 0 | >0 | 0 | 0 | 0 | 0 | 0 | 0 | 0 | -4 | 3< | 0 | 0 | 128 ]
[ -127 | -2 | 0 | >1 | 0 | 0 | 0 | 0 | 0 | 0 | 0 | -4 | 4< | 0 | 0 | 128 ]
[ -127 | -2 | 0 | >1 | 0 | 0 | 0 | 0 | 0 | 0 | 0 | -4 | 5< | 0 | 0 | 128 ]
[ -127 | -2 | 0 | >0 | 0 | 0 | 0 | 0 | 0 | 0 | 0 | -4 | 6< | 0 | 0 | 128 ]
[ -127 | -2 | 0 | 0 | >0 | 0 | 0 | 0 | 0 | 0 | 0 | -4 | 6 | 0< | 0 | 128 ]
[ -127 | -2 | 0 | 0 | >1 | 0 | 0 | 0 | 0 | 0 | 0 | -4 | 6 | -1< | 0 | 128 ]
[ -127 | -2 | 0 | 0 | >1 | 0 | 0 | 0 | 0 | 0 | 0 | -4 | 6 | -2< | 0 | 128 ]
[ -127 | -2 | 0 | 0 | >0 | 0 | 0 | 0 | 0 | 0 | 0 | -4 | 6 | -3< | 0 | 128 ]
[ -127 | -2 | 0 | 0 | 0 | >0 | 0 | 0 | 0 | 0 | 0 | -4 | 6 | -4< | 0 | 128 ]
[ -127 | -2 | 0 | 0 | 0 | >1 | 0 | 0 | 0 | 0 | 0 | -4 | 6 | -5< | 0 | 128 ]
[ -127 | -2 | 0 | 0 | 0 | >1 | 0 | 0 | 0 | 0 | 0 | -4 | 6 | -6< | 0 | 128 ]
[ -127 | -2 | 0 | 0 | 0 | >0 | 0 | 0 | 0 | 0 | 0 | -4 | 6 | -7< | 0 | 128 ]
[ -127 | -2 | 0 | 0 | 0 | 0 | >0 | 0 | 0 | 0 | 0 | -4 | 6 | -7 | 0< | 128 ]
[ -127 | -2 | 0 | 0 | 0 | 0 | >1 | 0 | 0 | 0 | 0 | -4 | 6 | -7 | 1< | 128 ]
[ -127 | -2 | 0 | 0 | 0 | 0 | >1 | 0 | 0 | 0 | 0 | -4 | 6 | -7 | 2< | 128 ]
[ -127 | -2 | 0 | 0 | 0 | 0 | >0 | 0 | 0 | 0 | 0 | -4 | 6 | -7 | 3< | 128 ]
[ -127 | -2 | 0 | 0 | 0 | 0 | 0 | >0 | 0 | 0 | 0 | -4 | 6 | -7 | 4< | 128 ]
[ -127 | -2 | 0 | 0 | 0 | 0 | 0 | >1 | 0 | 0 | 0 | -4 | 6 | -7 | 5< | 128 ]
[ -127 | -2 | 0 | 0 | 0 | 0 | 0 | >1 | 0 | 0 | 0 | -4 | 6 | -7 | 6< | 128 ]
[ -127 | -2 | 0 | 0 | 0 | 0 | 0 | >0 | 0 | 0 | 0 | -4 | 6 | -7 | 7< | 128 ]
[ -127 | -2 | 0 | 0 | 0 | 0 | 0 | 0 | >0 | 0 | 0 | -4 | 6 | -7 | 8< | 128 ]
[ -127 | -2 | 0 | 0 | 0 | 0 | 0 | 0 | >1 | 0 | 0 | -4 | 6 | -7< | 8 | 128 ]
[ -127 | -2 | 0 | 0 | 0 | 0 | 0 | 0 | >1 | 0 | 0 | -4 | 6< | -7 | 8 | 128 ]
[ -127 | -2 | 0 | 0 | 0 | 0 | 0 | 0 | >0 | 0 | 0 | -4< | 6 | -7 | 8 | 128 ]
[ -127 | -2 | 0 | 0 | 0 | 0 | 0 | 0 | 0 | >0 | 0< | -4 | 6 | -7 | 8 | 128 ]
[ -127 | -2 | 0 | 0 | 0 | 0 | 0 | 0 | 0 | >1< | 0 | -4 | 6 | -7 | 8 | 128 ]
[ -127 | -2 | 0 | 0 | 0 | 0 | 0 | 0 | 0< | >1 | 0 | -4 | 6 | -7 | 8 | 128 ]
[ -127 | -2 | 0 | 0 | 0 | 0 | 0 | 0< | 0 | >0 | 0 | -4 | 6 | -7 | 8 | 128 ]
[ -127 | -2 | 0 | 0 | 0 | 0 | 0< | 0 | 0 | 0 | >0 | -4 | 6 | -7 | 8 | 128 ]
[ -127 | -2 | 0 | 0 | 0 | 0< | 0 | 0 | 0 | 0 | >1 | -4 | 6 | -7 | 8 | 128 ]
[ -127 | -2 | 0 | 0 | 0 | 0< | 0 | 0 | 0 | 0 | >1 | -4 | 6 | -7 | 8 | 128 ]
[ -127 | -2 | 0 | 0 | 0< | 0 | 0 | 0 | 0 | 0 | >0 | -4 | 6 | -7 | 8 | 128 ]
[ -127 | -2 | 0 | 0 | 0< | 0 | 0 | 0 | 0 | 0 | 0 | >-4 | 6 | -7 | 8 | 128 ]
[ -127 | -2 | 0 | 0< | 0 | 0 | 0 | 0 | 0 | 0 | 0 | >-3 | 6 | -7 | 8 | 128 ]
[ -127 | -2 | 0 | 0< | 0 | 0 | 0 | 0 | 0 | 0 | 0 | >-3 | 6 | -7 | 8 | 128 ]
[ -127 | -2 | 0< | 0 | 0 | 0 | 0 | 0 | 0 | 0 | 0 | >-4 | 6 | -7 | 8 | 128 ]
[ -127 | -2 | 0< | 0 | 0 | 0 | 0 | 0 | 0 | 0 | 0 | -4 | >6 | -7 | 8 | 128 ]
[ -127 | -2< | 0 | 0 | 0 | 0 | 0 | 0 | 0 | 0 | 0 | -4 | >7 | -7 | 8 | 128 ]
[ -127 | -2< | 0 | 0 | 0 | 0 | 0 | 0 | 0 | 0 | 0 | -4 | >7 | -7 | 8 | 128 ]
[ -127 | -1< | 0 | 0 | 0 | 0 | 0 | 0 | 0 | 0 | 0 | -4 | >6 | -7 | 8 | 128 ]
[ -127 | 0< | 0 | 0 | 0 | 0 | 0 | 0 | 0 | 0 | 0 | -4 | 6 | >-7 | 8 | 128 ]
[ -127 | 1< | 0 | 0 | 0 | 0 | 0 | 0 | 0 | 0 | 0 | -4 | 6 | >-6 | 8 | 128 ]
[ -127 | 1< | 0 | 0 | 0 | 0 | 0 | 0 | 0 | 0 | 0 | -4 | 6 | >-6 | 8 | 128 ]
[ -127 | 0< | 0 | 0 | 0 | 0 | 0 | 0 | 0 | 0 | 0 | -4 | 6 | >-7 | 8 | 128 ]
[ -127 | 0< | 0 | 0 | 0 | 0 | 0 | 0 | 0 | 0 | 0 | -4 | 6 | -7 | >8 | 128 ]
[ -127 | 0< | 0 | 0 | 0 | 0 | 0 | 0 | 0 | 0 | 0 | -4 | 6 | -7 | >9 | 128 ]
[ -127< | 0 | 0 | 0 | 0 | 0 | 0 | 0 | 0 | 0 | 0 | -4 | 6 | -7 | >9 | 128 ]
[ -127< | 0 | 0 | 0 | 0 | 0 | 0 | 0 | 0 | 0 | 0 | -4 | 6 | -7 | >8 | 128 ]
[ -126< | 0 | 0 | 0 | 0 | 0 | 0 | 0 | 0 | 0 | 0 | -4 | 6 | -7 | 8 | >128 ]
[ -125< | 0 | 0 | 0 | 0 | 0 | 0 | 0 | 0 | 0 | 0 | -4 | 6 | -7 | 8 | >-127 ]
[ -124< | 0 | 0 | 0 | 0 | 0 | 0 | 0 | 0 | 0 | 0 | -4 | 6 | -7 | 8 | >-127 ]
[ -124< | 0 | 0 | 0 | 0 | 0 | 0 | 0 | 0 | 0 | 0 | -4 | 6 | -7 | 8 | >128 ]
[ >-125< | 0 | 0 | 0 | 0 | 0 | 0 | 0 | 0 | 0 | 0 | -4 | 6 | -7 | 8 | 128 ]

===== EvoBot2 won the battle after 64 cycles =====



===== Starting battle of <MetaJSRandomBot> vs <EvoBot2> with memory tape size: 22 =====

[ >128 | 0 | 0 | 0 | 0 | 0 | 0 | 0 | 0 | 0 | 0 | 0 | 0 | 0 | 0 | 0 | 0 | 0 | 0 | 0 | 0 | 128< ]
[ >-127 | 0 | 0 | 0 | 0 | 0 | 0 | 0 | 0 | 0 | 0 | 0 | 0 | 0 | 0 | 0 | 0 | 0 | 0 | 0 | 0< | 128 ]
[ >-127 | 0 | 0 | 0 | 0 | 0 | 0 | 0 | 0 | 0 | 0 | 0 | 0 | 0 | 0 | 0 | 0 | 0 | 0 | 0< | 0 | 128 ]
[ >-127 | 0 | 0 | 0 | 0 | 0 | 0 | 0 | 0 | 0 | 0 | 0 | 0 | 0 | 0 | 0 | 0 | 0 | 0< | 0 | 0 | 128 ]
[ -127 | >0 | 0 | 0 | 0 | 0 | 0 | 0 | 0 | 0 | 0 | 0 | 0 | 0 | 0 | 0 | 0 | 0< | 0 | 0 | 0 | 128 ]
[ -127 | >-1 | 0 | 0 | 0 | 0 | 0 | 0 | 0 | 0 | 0 | 0 | 0 | 0 | 0 | 0 | 0 | -1< | 0 | 0 | 0 | 128 ]
[ -127 | >-1 | 0 | 0 | 0 | 0 | 0 | 0 | 0 | 0 | 0 | 0 | 0 | 0 | 0 | 0 | 0 | -2< | 0 | 0 | 0 | 128 ]
[ -127 | >-2 | 0 | 0 | 0 | 0 | 0 | 0 | 0 | 0 | 0 | 0 | 0 | 0 | 0 | 0 | 0 | -3< | 0 | 0 | 0 | 128 ]
[ -127 | -2 | >0 | 0 | 0 | 0 | 0 | 0 | 0 | 0 | 0 | 0 | 0 | 0 | 0 | 0 | 0 | -4< | 0 | 0 | 0 | 128 ]
[ -127 | -2 | >1 | 0 | 0 | 0 | 0 | 0 | 0 | 0 | 0 | 0 | 0 | 0 | 0 | 0 | 0 | -4 | 0< | 0 | 0 | 128 ]
[ -127 | -2 | >1 | 0 | 0 | 0 | 0 | 0 | 0 | 0 | 0 | 0 | 0 | 0 | 0 | 0 | 0 | -4 | 1< | 0 | 0 | 128 ]
[ -127 | -2 | >0 | 0 | 0 | 0 | 0 | 0 | 0 | 0 | 0 | 0 | 0 | 0 | 0 | 0 | 0 | -4 | 2< | 0 | 0 | 128 ]
[ -127 | -2 | 0 | >0 | 0 | 0 | 0 | 0 | 0 | 0 | 0 | 0 | 0 | 0 | 0 | 0 | 0 | -4 | 3< | 0 | 0 | 128 ]
[ -127 | -2 | 0 | >1 | 0 | 0 | 0 | 0 | 0 | 0 | 0 | 0 | 0 | 0 | 0 | 0 | 0 | -4 | 4< | 0 | 0 | 128 ]
[ -127 | -2 | 0 | >1 | 0 | 0 | 0 | 0 | 0 | 0 | 0 | 0 | 0 | 0 | 0 | 0 | 0 | -4 | 5< | 0 | 0 | 128 ]
[ -127 | -2 | 0 | >0 | 0 | 0 | 0 | 0 | 0 | 0 | 0 | 0 | 0 | 0 | 0 | 0 | 0 | -4 | 6< | 0 | 0 | 128 ]
[ -127 | -2 | 0 | 0 | >0 | 0 | 0 | 0 | 0 | 0 | 0 | 0 | 0 | 0 | 0 | 0 | 0 | -4 | 6 | 0< | 0 | 128 ]
[ -127 | -2 | 0 | 0 | >1 | 0 | 0 | 0 | 0 | 0 | 0 | 0 | 0 | 0 | 0 | 0 | 0 | -4 | 6 | -1< | 0 | 128 ]
[ -127 | -2 | 0 | 0 | >1 | 0 | 0 | 0 | 0 | 0 | 0 | 0 | 0 | 0 | 0 | 0 | 0 | -4 | 6 | -2< | 0 | 128 ]
[ -127 | -2 | 0 | 0 | >0 | 0 | 0 | 0 | 0 | 0 | 0 | 0 | 0 | 0 | 0 | 0 | 0 | -4 | 6 | -3< | 0 | 128 ]
[ -127 | -2 | 0 | 0 | 0 | >0 | 0 | 0 | 0 | 0 | 0 | 0 | 0 | 0 | 0 | 0 | 0 | -4 | 6 | -4< | 0 | 128 ]
[ -127 | -2 | 0 | 0 | 0 | >1 | 0 | 0 | 0 | 0 | 0 | 0 | 0 | 0 | 0 | 0 | 0 | -4 | 6 | -5< | 0 | 128 ]
[ -127 | -2 | 0 | 0 | 0 | >1 | 0 | 0 | 0 | 0 | 0 | 0 | 0 | 0 | 0 | 0 | 0 | -4 | 6 | -6< | 0 | 128 ]
[ -127 | -2 | 0 | 0 | 0 | >0 | 0 | 0 | 0 | 0 | 0 | 0 | 0 | 0 | 0 | 0 | 0 | -4 | 6 | -7< | 0 | 128 ]
[ -127 | -2 | 0 | 0 | 0 | 0 | >0 | 0 | 0 | 0 | 0 | 0 | 0 | 0 | 0 | 0 | 0 | -4 | 6 | -7 | 0< | 128 ]
[ -127 | -2 | 0 | 0 | 0 | 0 | >1 | 0 | 0 | 0 | 0 | 0 | 0 | 0 | 0 | 0 | 0 | -4 | 6 | -7 | 1< | 128 ]
[ -127 | -2 | 0 | 0 | 0 | 0 | >1 | 0 | 0 | 0 | 0 | 0 | 0 | 0 | 0 | 0 | 0 | -4 | 6 | -7 | 2< | 128 ]
[ -127 | -2 | 0 | 0 | 0 | 0 | >0 | 0 | 0 | 0 | 0 | 0 | 0 | 0 | 0 | 0 | 0 | -4 | 6 | -7 | 3< | 128 ]
[ -127 | -2 | 0 | 0 | 0 | 0 | 0 | >0 | 0 | 0 | 0 | 0 | 0 | 0 | 0 | 0 | 0 | -4 | 6 | -7 | 4< | 128 ]
[ -127 | -2 | 0 | 0 | 0 | 0 | 0 | >1 | 0 | 0 | 0 | 0 | 0 | 0 | 0 | 0 | 0 | -4 | 6 | -7 | 5< | 128 ]
[ -127 | -2 | 0 | 0 | 0 | 0 | 0 | >1 | 0 | 0 | 0 | 0 | 0 | 0 | 0 | 0 | 0 | -4 | 6 | -7 | 6< | 128 ]
[ -127 | -2 | 0 | 0 | 0 | 0 | 0 | >0 | 0 | 0 | 0 | 0 | 0 | 0 | 0 | 0 | 0 | -4 | 6 | -7 | 7< | 128 ]
[ -127 | -2 | 0 | 0 | 0 | 0 | 0 | 0 | >0 | 0 | 0 | 0 | 0 | 0 | 0 | 0 | 0 | -4 | 6 | -7 | 8< | 128 ]
[ -127 | -2 | 0 | 0 | 0 | 0 | 0 | 0 | >1 | 0 | 0 | 0 | 0 | 0 | 0 | 0 | 0 | -4 | 6 | -7< | 8 | 128 ]
[ -127 | -2 | 0 | 0 | 0 | 0 | 0 | 0 | >1 | 0 | 0 | 0 | 0 | 0 | 0 | 0 | 0 | -4 | 6< | -7 | 8 | 128 ]
[ -127 | -2 | 0 | 0 | 0 | 0 | 0 | 0 | >0 | 0 | 0 | 0 | 0 | 0 | 0 | 0 | 0 | -4< | 6 | -7 | 8 | 128 ]
[ -127 | -2 | 0 | 0 | 0 | 0 | 0 | 0 | 0 | >0 | 0 | 0 | 0 | 0 | 0 | 0 | 0< | -4 | 6 | -7 | 8 | 128 ]
[ -127 | -2 | 0 | 0 | 0 | 0 | 0 | 0 | 0 | >1 | 0 | 0 | 0 | 0 | 0 | 0< | 0 | -4 | 6 | -7 | 8 | 128 ]
[ -127 | -2 | 0 | 0 | 0 | 0 | 0 | 0 | 0 | >1 | 0 | 0 | 0 | 0 | 0< | 0 | 0 | -4 | 6 | -7 | 8 | 128 ]
[ -127 | -2 | 0 | 0 | 0 | 0 | 0 | 0 | 0 | >0 | 0 | 0 | 0 | 0< | 0 | 0 | 0 | -4 | 6 | -7 | 8 | 128 ]
[ -127 | -2 | 0 | 0 | 0 | 0 | 0 | 0 | 0 | 0 | >0 | 0 | 0< | 0 | 0 | 0 | 0 | -4 | 6 | -7 | 8 | 128 ]
[ -127 | -2 | 0 | 0 | 0 | 0 | 0 | 0 | 0 | 0 | >1 | 0< | 0 | 0 | 0 | 0 | 0 | -4 | 6 | -7 | 8 | 128 ]
[ -127 | -2 | 0 | 0 | 0 | 0 | 0 | 0 | 0 | 0 | >1 | 0< | 0 | 0 | 0 | 0 | 0 | -4 | 6 | -7 | 8 | 128 ]
[ -127 | -2 | 0 | 0 | 0 | 0 | 0 | 0 | 0 | 0 | >0< | 0 | 0 | 0 | 0 | 0 | 0 | -4 | 6 | -7 | 8 | 128 ]
[ -127 | -2 | 0 | 0 | 0 | 0 | 0 | 0 | 0 | 0 | 0< | >0 | 0 | 0 | 0 | 0 | 0 | -4 | 6 | -7 | 8 | 128 ]
[ -127 | -2 | 0 | 0 | 0 | 0 | 0 | 0 | 0 | 0< | 0 | >1 | 0 | 0 | 0 | 0 | 0 | -4 | 6 | -7 | 8 | 128 ]
[ -127 | -2 | 0 | 0 | 0 | 0 | 0 | 0 | 0 | 0< | 0 | >1 | 0 | 0 | 0 | 0 | 0 | -4 | 6 | -7 | 8 | 128 ]
[ -127 | -2 | 0 | 0 | 0 | 0 | 0 | 0 | 0< | 0 | 0 | >0 | 0 | 0 | 0 | 0 | 0 | -4 | 6 | -7 | 8 | 128 ]
[ -127 | -2 | 0 | 0 | 0 | 0 | 0 | 0 | 0< | 0 | 0 | 0 | >0 | 0 | 0 | 0 | 0 | -4 | 6 | -7 | 8 | 128 ]
[ -127 | -2 | 0 | 0 | 0 | 0 | 0 | 0< | 0 | 0 | 0 | 0 | >1 | 0 | 0 | 0 | 0 | -4 | 6 | -7 | 8 | 128 ]
[ -127 | -2 | 0 | 0 | 0 | 0 | 0 | 0< | 0 | 0 | 0 | 0 | >1 | 0 | 0 | 0 | 0 | -4 | 6 | -7 | 8 | 128 ]
[ -127 | -2 | 0 | 0 | 0 | 0 | 0< | 0 | 0 | 0 | 0 | 0 | >0 | 0 | 0 | 0 | 0 | -4 | 6 | -7 | 8 | 128 ]
[ -127 | -2 | 0 | 0 | 0 | 0 | 0< | 0 | 0 | 0 | 0 | 0 | 0 | >0 | 0 | 0 | 0 | -4 | 6 | -7 | 8 | 128 ]
[ -127 | -2 | 0 | 0 | 0 | 0< | 0 | 0 | 0 | 0 | 0 | 0 | 0 | >1 | 0 | 0 | 0 | -4 | 6 | -7 | 8 | 128 ]
[ -127 | -2 | 0 | 0 | 0 | 0< | 0 | 0 | 0 | 0 | 0 | 0 | 0 | >1 | 0 | 0 | 0 | -4 | 6 | -7 | 8 | 128 ]
[ -127 | -2 | 0 | 0 | 0< | 0 | 0 | 0 | 0 | 0 | 0 | 0 | 0 | >0 | 0 | 0 | 0 | -4 | 6 | -7 | 8 | 128 ]
[ -127 | -2 | 0 | 0 | 0< | 0 | 0 | 0 | 0 | 0 | 0 | 0 | 0 | 0 | >0 | 0 | 0 | -4 | 6 | -7 | 8 | 128 ]
[ -127 | -2 | 0 | 0< | 0 | 0 | 0 | 0 | 0 | 0 | 0 | 0 | 0 | 0 | >1 | 0 | 0 | -4 | 6 | -7 | 8 | 128 ]
[ -127 | -2 | 0 | 0< | 0 | 0 | 0 | 0 | 0 | 0 | 0 | 0 | 0 | 0 | >1 | 0 | 0 | -4 | 6 | -7 | 8 | 128 ]
[ -127 | -2 | 0< | 0 | 0 | 0 | 0 | 0 | 0 | 0 | 0 | 0 | 0 | 0 | >0 | 0 | 0 | -4 | 6 | -7 | 8 | 128 ]
[ -127 | -2 | 0< | 0 | 0 | 0 | 0 | 0 | 0 | 0 | 0 | 0 | 0 | 0 | 0 | >0 | 0 | -4 | 6 | -7 | 8 | 128 ]
[ -127 | -2< | 0 | 0 | 0 | 0 | 0 | 0 | 0 | 0 | 0 | 0 | 0 | 0 | 0 | >1 | 0 | -4 | 6 | -7 | 8 | 128 ]
[ -127 | -2< | 0 | 0 | 0 | 0 | 0 | 0 | 0 | 0 | 0 | 0 | 0 | 0 | 0 | >1 | 0 | -4 | 6 | -7 | 8 | 128 ]
[ -127 | -1< | 0 | 0 | 0 | 0 | 0 | 0 | 0 | 0 | 0 | 0 | 0 | 0 | 0 | >0 | 0 | -4 | 6 | -7 | 8 | 128 ]
[ -127 | 0< | 0 | 0 | 0 | 0 | 0 | 0 | 0 | 0 | 0 | 0 | 0 | 0 | 0 | 0 | >0 | -4 | 6 | -7 | 8 | 128 ]
[ -127 | 1< | 0 | 0 | 0 | 0 | 0 | 0 | 0 | 0 | 0 | 0 | 0 | 0 | 0 | 0 | >1 | -4 | 6 | -7 | 8 | 128 ]
[ -127 | 1< | 0 | 0 | 0 | 0 | 0 | 0 | 0 | 0 | 0 | 0 | 0 | 0 | 0 | 0 | >1 | -4 | 6 | -7 | 8 | 128 ]
[ -127 | 0< | 0 | 0 | 0 | 0 | 0 | 0 | 0 | 0 | 0 | 0 | 0 | 0 | 0 | 0 | >0 | -4 | 6 | -7 | 8 | 128 ]
[ -127 | 0< | 0 | 0 | 0 | 0 | 0 | 0 | 0 | 0 | 0 | 0 | 0 | 0 | 0 | 0 | 0 | >-4 | 6 | -7 | 8 | 128 ]
[ -127 | 0< | 0 | 0 | 0 | 0 | 0 | 0 | 0 | 0 | 0 | 0 | 0 | 0 | 0 | 0 | 0 | >-3 | 6 | -7 | 8 | 128 ]
[ -127< | 0 | 0 | 0 | 0 | 0 | 0 | 0 | 0 | 0 | 0 | 0 | 0 | 0 | 0 | 0 | 0 | >-3 | 6 | -7 | 8 | 128 ]
[ -127< | 0 | 0 | 0 | 0 | 0 | 0 | 0 | 0 | 0 | 0 | 0 | 0 | 0 | 0 | 0 | 0 | >-4 | 6 | -7 | 8 | 128 ]
[ -126< | 0 | 0 | 0 | 0 | 0 | 0 | 0 | 0 | 0 | 0 | 0 | 0 | 0 | 0 | 0 | 0 | -4 | >6 | -7 | 8 | 128 ]
[ -125< | 0 | 0 | 0 | 0 | 0 | 0 | 0 | 0 | 0 | 0 | 0 | 0 | 0 | 0 | 0 | 0 | -4 | >7 | -7 | 8 | 128 ]
[ -124< | 0 | 0 | 0 | 0 | 0 | 0 | 0 | 0 | 0 | 0 | 0 | 0 | 0 | 0 | 0 | 0 | -4 | >7 | -7 | 8 | 128 ]
[ -124< | 0 | 0 | 0 | 0 | 0 | 0 | 0 | 0 | 0 | 0 | 0 | 0 | 0 | 0 | 0 | 0 | -4 | >6 | -7 | 8 | 128 ]
[ -125< | 0 | 0 | 0 | 0 | 0 | 0 | 0 | 0 | 0 | 0 | 0 | 0 | 0 | 0 | 0 | 0 | -4 | 6 | >-7 | 8 | 128 ]
[ -125< | 0 | 0 | 0 | 0 | 0 | 0 | 0 | 0 | 0 | 0 | 0 | 0 | 0 | 0 | 0 | 0 | -4 | 6 | >-6 | 8 | 128 ]
[ -126< | 0 | 0 | 0 | 0 | 0 | 0 | 0 | 0 | 0 | 0 | 0 | 0 | 0 | 0 | 0 | 0 | -4 | 6 | >-6 | 8 | 128 ]
[ -126< | 0 | 0 | 0 | 0 | 0 | 0 | 0 | 0 | 0 | 0 | 0 | 0 | 0 | 0 | 0 | 0 | -4 | 6 | >-7 | 8 | 128 ]
[ -127< | 0 | 0 | 0 | 0 | 0 | 0 | 0 | 0 | 0 | 0 | 0 | 0 | 0 | 0 | 0 | 0 | -4 | 6 | -7 | >8 | 128 ]
[ -127< | 0 | 0 | 0 | 0 | 0 | 0 | 0 | 0 | 0 | 0 | 0 | 0 | 0 | 0 | 0 | 0 | -4 | 6 | -7 | >9 | 128 ]
[ 128< | 0 | 0 | 0 | 0 | 0 | 0 | 0 | 0 | 0 | 0 | 0 | 0 | 0 | 0 | 0 | 0 | -4 | 6 | -7 | >9 | 128 ]
[ 128< | 0 | 0 | 0 | 0 | 0 | 0 | 0 | 0 | 0 | 0 | 0 | 0 | 0 | 0 | 0 | 0 | -4 | 6 | -7 | >8 | 128 ]
[ 127< | 0 | 0 | 0 | 0 | 0 | 0 | 0 | 0 | 0 | 0 | 0 | 0 | 0 | 0 | 0 | 0 | -4 | 6 | -7 | 8 | >128 ]
[ 127< | 0 | 0 | 0 | 0 | 0 | 0 | 0 | 0 | 0 | 0 | 0 | 0 | 0 | 0 | 0 | 0 | -4 | 6 | -7 | 8 | >-127 ]
[ 126< | 0 | 0 | 0 | 0 | 0 | 0 | 0 | 0 | 0 | 0 | 0 | 0 | 0 | 0 | 0 | 0 | -4 | 6 | -7 | 8 | >-127 ]
[ 126< | 0 | 0 | 0 | 0 | 0 | 0 | 0 | 0 | 0 | 0 | 0 | 0 | 0 | 0 | 0 | 0 | -4 | 6 | -7 | 8 | >128 ]
[ >125< | 0 | 0 | 0 | 0 | 0 | 0 | 0 | 0 | 0 | 0 | 0 | 0 | 0 | 0 | 0 | 0 | -4 | 6 | -7 | 8 | 128 ]

===== EvoBot2 won the battle after 88 cycles =====



===== Starting battle of <MetaJSRandomBot> vs <EvoBot2> with memory tape size: 15 =====

[ >128 | 0 | 0 | 0 | 0 | 0 | 0 | 0 | 0 | 0 | 0 | 0 | 0 | 0 | 128< ]
[ >-127 | 0 | 0 | 0 | 0 | 0 | 0 | 0 | 0 | 0 | 0 | 0 | 0 | 0< | 128 ]
[ >-127 | 0 | 0 | 0 | 0 | 0 | 0 | 0 | 0 | 0 | 0 | 0 | 0< | 0 | 128 ]
[ >-127 | 0 | 0 | 0 | 0 | 0 | 0 | 0 | 0 | 0 | 0 | 0< | 0 | 0 | 128 ]
[ -127 | >0 | 0 | 0 | 0 | 0 | 0 | 0 | 0 | 0 | 0< | 0 | 0 | 0 | 128 ]
[ -127 | >-1 | 0 | 0 | 0 | 0 | 0 | 0 | 0 | 0 | -1< | 0 | 0 | 0 | 128 ]
[ -127 | >-1 | 0 | 0 | 0 | 0 | 0 | 0 | 0 | 0 | -2< | 0 | 0 | 0 | 128 ]
[ -127 | >-2 | 0 | 0 | 0 | 0 | 0 | 0 | 0 | 0 | -3< | 0 | 0 | 0 | 128 ]
[ -127 | -2 | >0 | 0 | 0 | 0 | 0 | 0 | 0 | 0 | -4< | 0 | 0 | 0 | 128 ]
[ -127 | -2 | >1 | 0 | 0 | 0 | 0 | 0 | 0 | 0 | -4 | 0< | 0 | 0 | 128 ]
[ -127 | -2 | >1 | 0 | 0 | 0 | 0 | 0 | 0 | 0 | -4 | 1< | 0 | 0 | 128 ]
[ -127 | -2 | >0 | 0 | 0 | 0 | 0 | 0 | 0 | 0 | -4 | 2< | 0 | 0 | 128 ]
[ -127 | -2 | 0 | >0 | 0 | 0 | 0 | 0 | 0 | 0 | -4 | 3< | 0 | 0 | 128 ]
[ -127 | -2 | 0 | >1 | 0 | 0 | 0 | 0 | 0 | 0 | -4 | 4< | 0 | 0 | 128 ]
[ -127 | -2 | 0 | >1 | 0 | 0 | 0 | 0 | 0 | 0 | -4 | 5< | 0 | 0 | 128 ]
[ -127 | -2 | 0 | >0 | 0 | 0 | 0 | 0 | 0 | 0 | -4 | 6< | 0 | 0 | 128 ]
[ -127 | -2 | 0 | 0 | >0 | 0 | 0 | 0 | 0 | 0 | -4 | 6 | 0< | 0 | 128 ]
[ -127 | -2 | 0 | 0 | >1 | 0 | 0 | 0 | 0 | 0 | -4 | 6 | -1< | 0 | 128 ]
[ -127 | -2 | 0 | 0 | >1 | 0 | 0 | 0 | 0 | 0 | -4 | 6 | -2< | 0 | 128 ]
[ -127 | -2 | 0 | 0 | >0 | 0 | 0 | 0 | 0 | 0 | -4 | 6 | -3< | 0 | 128 ]
[ -127 | -2 | 0 | 0 | 0 | >0 | 0 | 0 | 0 | 0 | -4 | 6 | -4< | 0 | 128 ]
[ -127 | -2 | 0 | 0 | 0 | >1 | 0 | 0 | 0 | 0 | -4 | 6 | -5< | 0 | 128 ]
[ -127 | -2 | 0 | 0 | 0 | >1 | 0 | 0 | 0 | 0 | -4 | 6 | -6< | 0 | 128 ]
[ -127 | -2 | 0 | 0 | 0 | >0 | 0 | 0 | 0 | 0 | -4 | 6 | -7< | 0 | 128 ]
[ -127 | -2 | 0 | 0 | 0 | 0 | >0 | 0 | 0 | 0 | -4 | 6 | -7 | 0< | 128 ]
[ -127 | -2 | 0 | 0 | 0 | 0 | >1 | 0 | 0 | 0 | -4 | 6 | -7 | 1< | 128 ]
[ -127 | -2 | 0 | 0 | 0 | 0 | >1 | 0 | 0 | 0 | -4 | 6 | -7 | 2< | 128 ]
[ -127 | -2 | 0 | 0 | 0 | 0 | >0 | 0 | 0 | 0 | -4 | 6 | -7 | 3< | 128 ]
[ -127 | -2 | 0 | 0 | 0 | 0 | 0 | >0 | 0 | 0 | -4 | 6 | -7 | 4< | 128 ]
[ -127 | -2 | 0 | 0 | 0 | 0 | 0 | >1 | 0 | 0 | -4 | 6 | -7 | 5< | 128 ]
[ -127 | -2 | 0 | 0 | 0 | 0 | 0 | >1 | 0 | 0 | -4 | 6 | -7 | 6< | 128 ]
[ -127 | -2 | 0 | 0 | 0 | 0 | 0 | >0 | 0 | 0 | -4 | 6 | -7 | 7< | 128 ]
[ -127 | -2 | 0 | 0 | 0 | 0 | 0 | 0 | >0 | 0 | -4 | 6 | -7 | 8< | 128 ]
[ -127 | -2 | 0 | 0 | 0 | 0 | 0 | 0 | >1 | 0 | -4 | 6 | -7< | 8 | 128 ]
[ -127 | -2 | 0 | 0 | 0 | 0 | 0 | 0 | >1 | 0 | -4 | 6< | -7 | 8 | 128 ]
[ -127 | -2 | 0 | 0 | 0 | 0 | 0 | 0 | >0 | 0 | -4< | 6 | -7 | 8 | 128 ]
[ -127 | -2 | 0 | 0 | 0 | 0 | 0 | 0 | 0 | >0< | -4 | 6 | -7 | 8 | 128 ]
[ -127 | -2 | 0 | 0 | 0 | 0 | 0 | 0 | 0< | >1 | -4 | 6 | -7 | 8 | 128 ]
[ -127 | -2 | 0 | 0 | 0 | 0 | 0 | 0< | 0 | >1 | -4 | 6 | -7 | 8 | 128 ]
[ -127 | -2 | 0 | 0 | 0 | 0 | 0< | 0 | 0 | >0 | -4 | 6 | -7 | 8 | 128 ]
[ -127 | -2 | 0 | 0 | 0 | 0< | 0 | 0 | 0 | 0 | >-4 | 6 | -7 | 8 | 128 ]
[ -127 | -2 | 0 | 0 | 0< | 0 | 0 | 0 | 0 | 0 | >-3 | 6 | -7 | 8 | 128 ]
[ -127 | -2 | 0 | 0 | 0< | 0 | 0 | 0 | 0 | 0 | >-3 | 6 | -7 | 8 | 128 ]
[ -127 | -2 | 0 | 0< | 0 | 0 | 0 | 0 | 0 | 0 | >-4 | 6 | -7 | 8 | 128 ]
[ -127 | -2 | 0 | 0< | 0 | 0 | 0 | 0 | 0 | 0 | -4 | >6 | -7 | 8 | 128 ]
[ -127 | -2 | 0< | 0 | 0 | 0 | 0 | 0 | 0 | 0 | -4 | >7 | -7 | 8 | 128 ]
[ -127 | -2 | 0< | 0 | 0 | 0 | 0 | 0 | 0 | 0 | -4 | >7 | -7 | 8 | 128 ]
[ -127 | -2< | 0 | 0 | 0 | 0 | 0 | 0 | 0 | 0 | -4 | >6 | -7 | 8 | 128 ]
[ -127 | -2< | 0 | 0 | 0 | 0 | 0 | 0 | 0 | 0 | -4 | 6 | >-7 | 8 | 128 ]
[ -127 | -1< | 0 | 0 | 0 | 0 | 0 | 0 | 0 | 0 | -4 | 6 | >-6 | 8 | 128 ]
[ -127 | 0< | 0 | 0 | 0 | 0 | 0 | 0 | 0 | 0 | -4 | 6 | >-6 | 8 | 128 ]
[ -127 | 1< | 0 | 0 | 0 | 0 | 0 | 0 | 0 | 0 | -4 | 6 | >-7 | 8 | 128 ]
[ -127 | 1< | 0 | 0 | 0 | 0 | 0 | 0 | 0 | 0 | -4 | 6 | -7 | >8 | 128 ]
[ -127 | 0< | 0 | 0 | 0 | 0 | 0 | 0 | 0 | 0 | -4 | 6 | -7 | >9 | 128 ]
[ -127 | 0< | 0 | 0 | 0 | 0 | 0 | 0 | 0 | 0 | -4 | 6 | -7 | >9 | 128 ]
[ -127 | 0< | 0 | 0 | 0 | 0 | 0 | 0 | 0 | 0 | -4 | 6 | -7 | >8 | 128 ]
[ -127< | 0 | 0 | 0 | 0 | 0 | 0 | 0 | 0 | 0 | -4 | 6 | -7 | 8 | >128 ]
[ -127< | 0 | 0 | 0 | 0 | 0 | 0 | 0 | 0 | 0 | -4 | 6 | -7 | 8 | >-127 ]
[ -126< | 0 | 0 | 0 | 0 | 0 | 0 | 0 | 0 | 0 | -4 | 6 | -7 | 8 | >-127 ]
[ -125< | 0 | 0 | 0 | 0 | 0 | 0 | 0 | 0 | 0 | -4 | 6 | -7 | 8 | >128 ]
[ >-124< | 0 | 0 | 0 | 0 | 0 | 0 | 0 | 0 | 0 | -4 | 6 | -7 | 8 | 128 ]

===== EvoBot2 won the battle after 60 cycles =====



===== Starting battle of <MetaJSRandomBot> vs <EvoBot2> with memory tape size: 30 =====

[ >128 | 0 | 0 | 0 | 0 | 0 | 0 | 0 | 0 | 0 | 0 | 0 | 0 | 0 | 0 | 0 | 0 | 0 | 0 | 0 | 0 | 0 | 0 | 0 | 0 | 0 | 0 | 0 | 0 | 128< ]
[ >-127 | 0 | 0 | 0 | 0 | 0 | 0 | 0 | 0 | 0 | 0 | 0 | 0 | 0 | 0 | 0 | 0 | 0 | 0 | 0 | 0 | 0 | 0 | 0 | 0 | 0 | 0 | 0 | 0< | 128 ]
[ >-127 | 0 | 0 | 0 | 0 | 0 | 0 | 0 | 0 | 0 | 0 | 0 | 0 | 0 | 0 | 0 | 0 | 0 | 0 | 0 | 0 | 0 | 0 | 0 | 0 | 0 | 0 | 0< | 0 | 128 ]
[ >-127 | 0 | 0 | 0 | 0 | 0 | 0 | 0 | 0 | 0 | 0 | 0 | 0 | 0 | 0 | 0 | 0 | 0 | 0 | 0 | 0 | 0 | 0 | 0 | 0 | 0 | 0< | 0 | 0 | 128 ]
[ -127 | >0 | 0 | 0 | 0 | 0 | 0 | 0 | 0 | 0 | 0 | 0 | 0 | 0 | 0 | 0 | 0 | 0 | 0 | 0 | 0 | 0 | 0 | 0 | 0 | 0< | 0 | 0 | 0 | 128 ]
[ -127 | >-1 | 0 | 0 | 0 | 0 | 0 | 0 | 0 | 0 | 0 | 0 | 0 | 0 | 0 | 0 | 0 | 0 | 0 | 0 | 0 | 0 | 0 | 0 | 0 | -1< | 0 | 0 | 0 | 128 ]
[ -127 | >-1 | 0 | 0 | 0 | 0 | 0 | 0 | 0 | 0 | 0 | 0 | 0 | 0 | 0 | 0 | 0 | 0 | 0 | 0 | 0 | 0 | 0 | 0 | 0 | -2< | 0 | 0 | 0 | 128 ]
[ -127 | >-2 | 0 | 0 | 0 | 0 | 0 | 0 | 0 | 0 | 0 | 0 | 0 | 0 | 0 | 0 | 0 | 0 | 0 | 0 | 0 | 0 | 0 | 0 | 0 | -3< | 0 | 0 | 0 | 128 ]
[ -127 | -2 | >0 | 0 | 0 | 0 | 0 | 0 | 0 | 0 | 0 | 0 | 0 | 0 | 0 | 0 | 0 | 0 | 0 | 0 | 0 | 0 | 0 | 0 | 0 | -4< | 0 | 0 | 0 | 128 ]
[ -127 | -2 | >1 | 0 | 0 | 0 | 0 | 0 | 0 | 0 | 0 | 0 | 0 | 0 | 0 | 0 | 0 | 0 | 0 | 0 | 0 | 0 | 0 | 0 | 0 | -4 | 0< | 0 | 0 | 128 ]
[ -127 | -2 | >1 | 0 | 0 | 0 | 0 | 0 | 0 | 0 | 0 | 0 | 0 | 0 | 0 | 0 | 0 | 0 | 0 | 0 | 0 | 0 | 0 | 0 | 0 | -4 | 1< | 0 | 0 | 128 ]
[ -127 | -2 | >0 | 0 | 0 | 0 | 0 | 0 | 0 | 0 | 0 | 0 | 0 | 0 | 0 | 0 | 0 | 0 | 0 | 0 | 0 | 0 | 0 | 0 | 0 | -4 | 2< | 0 | 0 | 128 ]
[ -127 | -2 | 0 | >0 | 0 | 0 | 0 | 0 | 0 | 0 | 0 | 0 | 0 | 0 | 0 | 0 | 0 | 0 | 0 | 0 | 0 | 0 | 0 | 0 | 0 | -4 | 3< | 0 | 0 | 128 ]
[ -127 | -2 | 0 | >1 | 0 | 0 | 0 | 0 | 0 | 0 | 0 | 0 | 0 | 0 | 0 | 0 | 0 | 0 | 0 | 0 | 0 | 0 | 0 | 0 | 0 | -4 | 4< | 0 | 0 | 128 ]
[ -127 | -2 | 0 | >1 | 0 | 0 | 0 | 0 | 0 | 0 | 0 | 0 | 0 | 0 | 0 | 0 | 0 | 0 | 0 | 0 | 0 | 0 | 0 | 0 | 0 | -4 | 5< | 0 | 0 | 128 ]
[ -127 | -2 | 0 | >0 | 0 | 0 | 0 | 0 | 0 | 0 | 0 | 0 | 0 | 0 | 0 | 0 | 0 | 0 | 0 | 0 | 0 | 0 | 0 | 0 | 0 | -4 | 6< | 0 | 0 | 128 ]
[ -127 | -2 | 0 | 0 | >0 | 0 | 0 | 0 | 0 | 0 | 0 | 0 | 0 | 0 | 0 | 0 | 0 | 0 | 0 | 0 | 0 | 0 | 0 | 0 | 0 | -4 | 6 | 0< | 0 | 128 ]
[ -127 | -2 | 0 | 0 | >1 | 0 | 0 | 0 | 0 | 0 | 0 | 0 | 0 | 0 | 0 | 0 | 0 | 0 | 0 | 0 | 0 | 0 | 0 | 0 | 0 | -4 | 6 | -1< | 0 | 128 ]
[ -127 | -2 | 0 | 0 | >1 | 0 | 0 | 0 | 0 | 0 | 0 | 0 | 0 | 0 | 0 | 0 | 0 | 0 | 0 | 0 | 0 | 0 | 0 | 0 | 0 | -4 | 6 | -2< | 0 | 128 ]
[ -127 | -2 | 0 | 0 | >0 | 0 | 0 | 0 | 0 | 0 | 0 | 0 | 0 | 0 | 0 | 0 | 0 | 0 | 0 | 0 | 0 | 0 | 0 | 0 | 0 | -4 | 6 | -3< | 0 | 128 ]
[ -127 | -2 | 0 | 0 | 0 | >0 | 0 | 0 | 0 | 0 | 0 | 0 | 0 | 0 | 0 | 0 | 0 | 0 | 0 | 0 | 0 | 0 | 0 | 0 | 0 | -4 | 6 | -4< | 0 | 128 ]
[ -127 | -2 | 0 | 0 | 0 | >1 | 0 | 0 | 0 | 0 | 0 | 0 | 0 | 0 | 0 | 0 | 0 | 0 | 0 | 0 | 0 | 0 | 0 | 0 | 0 | -4 | 6 | -5< | 0 | 128 ]
[ -127 | -2 | 0 | 0 | 0 | >1 | 0 | 0 | 0 | 0 | 0 | 0 | 0 | 0 | 0 | 0 | 0 | 0 | 0 | 0 | 0 | 0 | 0 | 0 | 0 | -4 | 6 | -6< | 0 | 128 ]
[ -127 | -2 | 0 | 0 | 0 | >0 | 0 | 0 | 0 | 0 | 0 | 0 | 0 | 0 | 0 | 0 | 0 | 0 | 0 | 0 | 0 | 0 | 0 | 0 | 0 | -4 | 6 | -7< | 0 | 128 ]
[ -127 | -2 | 0 | 0 | 0 | 0 | >0 | 0 | 0 | 0 | 0 | 0 | 0 | 0 | 0 | 0 | 0 | 0 | 0 | 0 | 0 | 0 | 0 | 0 | 0 | -4 | 6 | -7 | 0< | 128 ]
[ -127 | -2 | 0 | 0 | 0 | 0 | >1 | 0 | 0 | 0 | 0 | 0 | 0 | 0 | 0 | 0 | 0 | 0 | 0 | 0 | 0 | 0 | 0 | 0 | 0 | -4 | 6 | -7 | 1< | 128 ]
[ -127 | -2 | 0 | 0 | 0 | 0 | >1 | 0 | 0 | 0 | 0 | 0 | 0 | 0 | 0 | 0 | 0 | 0 | 0 | 0 | 0 | 0 | 0 | 0 | 0 | -4 | 6 | -7 | 2< | 128 ]
[ -127 | -2 | 0 | 0 | 0 | 0 | >0 | 0 | 0 | 0 | 0 | 0 | 0 | 0 | 0 | 0 | 0 | 0 | 0 | 0 | 0 | 0 | 0 | 0 | 0 | -4 | 6 | -7 | 3< | 128 ]
[ -127 | -2 | 0 | 0 | 0 | 0 | 0 | >0 | 0 | 0 | 0 | 0 | 0 | 0 | 0 | 0 | 0 | 0 | 0 | 0 | 0 | 0 | 0 | 0 | 0 | -4 | 6 | -7 | 4< | 128 ]
[ -127 | -2 | 0 | 0 | 0 | 0 | 0 | >1 | 0 | 0 | 0 | 0 | 0 | 0 | 0 | 0 | 0 | 0 | 0 | 0 | 0 | 0 | 0 | 0 | 0 | -4 | 6 | -7 | 5< | 128 ]
[ -127 | -2 | 0 | 0 | 0 | 0 | 0 | >1 | 0 | 0 | 0 | 0 | 0 | 0 | 0 | 0 | 0 | 0 | 0 | 0 | 0 | 0 | 0 | 0 | 0 | -4 | 6 | -7 | 6< | 128 ]
[ -127 | -2 | 0 | 0 | 0 | 0 | 0 | >0 | 0 | 0 | 0 | 0 | 0 | 0 | 0 | 0 | 0 | 0 | 0 | 0 | 0 | 0 | 0 | 0 | 0 | -4 | 6 | -7 | 7< | 128 ]
[ -127 | -2 | 0 | 0 | 0 | 0 | 0 | 0 | >0 | 0 | 0 | 0 | 0 | 0 | 0 | 0 | 0 | 0 | 0 | 0 | 0 | 0 | 0 | 0 | 0 | -4 | 6 | -7 | 8< | 128 ]
[ -127 | -2 | 0 | 0 | 0 | 0 | 0 | 0 | >1 | 0 | 0 | 0 | 0 | 0 | 0 | 0 | 0 | 0 | 0 | 0 | 0 | 0 | 0 | 0 | 0 | -4 | 6 | -7< | 8 | 128 ]
[ -127 | -2 | 0 | 0 | 0 | 0 | 0 | 0 | >1 | 0 | 0 | 0 | 0 | 0 | 0 | 0 | 0 | 0 | 0 | 0 | 0 | 0 | 0 | 0 | 0 | -4 | 6< | -7 | 8 | 128 ]
[ -127 | -2 | 0 | 0 | 0 | 0 | 0 | 0 | >0 | 0 | 0 | 0 | 0 | 0 | 0 | 0 | 0 | 0 | 0 | 0 | 0 | 0 | 0 | 0 | 0 | -4< | 6 | -7 | 8 | 128 ]
[ -127 | -2 | 0 | 0 | 0 | 0 | 0 | 0 | 0 | >0 | 0 | 0 | 0 | 0 | 0 | 0 | 0 | 0 | 0 | 0 | 0 | 0 | 0 | 0 | 0< | -4 | 6 | -7 | 8 | 128 ]
[ -127 | -2 | 0 | 0 | 0 | 0 | 0 | 0 | 0 | >1 | 0 | 0 | 0 | 0 | 0 | 0 | 0 | 0 | 0 | 0 | 0 | 0 | 0 | 0< | 0 | -4 | 6 | -7 | 8 | 128 ]
[ -127 | -2 | 0 | 0 | 0 | 0 | 0 | 0 | 0 | >1 | 0 | 0 | 0 | 0 | 0 | 0 | 0 | 0 | 0 | 0 | 0 | 0 | 0< | 0 | 0 | -4 | 6 | -7 | 8 | 128 ]
[ -127 | -2 | 0 | 0 | 0 | 0 | 0 | 0 | 0 | >0 | 0 | 0 | 0 | 0 | 0 | 0 | 0 | 0 | 0 | 0 | 0 | 0< | 0 | 0 | 0 | -4 | 6 | -7 | 8 | 128 ]
[ -127 | -2 | 0 | 0 | 0 | 0 | 0 | 0 | 0 | 0 | >0 | 0 | 0 | 0 | 0 | 0 | 0 | 0 | 0 | 0 | 0< | 0 | 0 | 0 | 0 | -4 | 6 | -7 | 8 | 128 ]
[ -127 | -2 | 0 | 0 | 0 | 0 | 0 | 0 | 0 | 0 | >1 | 0 | 0 | 0 | 0 | 0 | 0 | 0 | 0 | 0< | 0 | 0 | 0 | 0 | 0 | -4 | 6 | -7 | 8 | 128 ]
[ -127 | -2 | 0 | 0 | 0 | 0 | 0 | 0 | 0 | 0 | >1 | 0 | 0 | 0 | 0 | 0 | 0 | 0 | 0 | 0< | 0 | 0 | 0 | 0 | 0 | -4 | 6 | -7 | 8 | 128 ]
[ -127 | -2 | 0 | 0 | 0 | 0 | 0 | 0 | 0 | 0 | >0 | 0 | 0 | 0 | 0 | 0 | 0 | 0 | 0< | 0 | 0 | 0 | 0 | 0 | 0 | -4 | 6 | -7 | 8 | 128 ]
[ -127 | -2 | 0 | 0 | 0 | 0 | 0 | 0 | 0 | 0 | 0 | >0 | 0 | 0 | 0 | 0 | 0 | 0 | 0< | 0 | 0 | 0 | 0 | 0 | 0 | -4 | 6 | -7 | 8 | 128 ]
[ -127 | -2 | 0 | 0 | 0 | 0 | 0 | 0 | 0 | 0 | 0 | >1 | 0 | 0 | 0 | 0 | 0 | 0< | 0 | 0 | 0 | 0 | 0 | 0 | 0 | -4 | 6 | -7 | 8 | 128 ]
[ -127 | -2 | 0 | 0 | 0 | 0 | 0 | 0 | 0 | 0 | 0 | >1 | 0 | 0 | 0 | 0 | 0 | 0< | 0 | 0 | 0 | 0 | 0 | 0 | 0 | -4 | 6 | -7 | 8 | 128 ]
[ -127 | -2 | 0 | 0 | 0 | 0 | 0 | 0 | 0 | 0 | 0 | >0 | 0 | 0 | 0 | 0 | 0< | 0 | 0 | 0 | 0 | 0 | 0 | 0 | 0 | -4 | 6 | -7 | 8 | 128 ]
[ -127 | -2 | 0 | 0 | 0 | 0 | 0 | 0 | 0 | 0 | 0 | 0 | >0 | 0 | 0 | 0 | 0< | 0 | 0 | 0 | 0 | 0 | 0 | 0 | 0 | -4 | 6 | -7 | 8 | 128 ]
[ -127 | -2 | 0 | 0 | 0 | 0 | 0 | 0 | 0 | 0 | 0 | 0 | >1 | 0 | 0 | 0< | 0 | 0 | 0 | 0 | 0 | 0 | 0 | 0 | 0 | -4 | 6 | -7 | 8 | 128 ]
[ -127 | -2 | 0 | 0 | 0 | 0 | 0 | 0 | 0 | 0 | 0 | 0 | >1 | 0 | 0 | 0< | 0 | 0 | 0 | 0 | 0 | 0 | 0 | 0 | 0 | -4 | 6 | -7 | 8 | 128 ]
[ -127 | -2 | 0 | 0 | 0 | 0 | 0 | 0 | 0 | 0 | 0 | 0 | >0 | 0 | 0< | 0 | 0 | 0 | 0 | 0 | 0 | 0 | 0 | 0 | 0 | -4 | 6 | -7 | 8 | 128 ]
[ -127 | -2 | 0 | 0 | 0 | 0 | 0 | 0 | 0 | 0 | 0 | 0 | 0 | >0 | 0< | 0 | 0 | 0 | 0 | 0 | 0 | 0 | 0 | 0 | 0 | -4 | 6 | -7 | 8 | 128 ]
[ -127 | -2 | 0 | 0 | 0 | 0 | 0 | 0 | 0 | 0 | 0 | 0 | 0 | >1< | 0 | 0 | 0 | 0 | 0 | 0 | 0 | 0 | 0 | 0 | 0 | -4 | 6 | -7 | 8 | 128 ]
[ -127 | -2 | 0 | 0 | 0 | 0 | 0 | 0 | 0 | 0 | 0 | 0 | 0 | >1< | 0 | 0 | 0 | 0 | 0 | 0 | 0 | 0 | 0 | 0 | 0 | -4 | 6 | -7 | 8 | 128 ]
[ -127 | -2 | 0 | 0 | 0 | 0 | 0 | 0 | 0 | 0 | 0 | 0 | 0 | >1< | 0 | 0 | 0 | 0 | 0 | 0 | 0 | 0 | 0 | 0 | 0 | -4 | 6 | -7 | 8 | 128 ]
[ -127 | -2 | 0 | 0 | 0 | 0 | 0 | 0 | 0 | 0 | 0 | 0 | 0 | 2< | >0 | 0 | 0 | 0 | 0 | 0 | 0 | 0 | 0 | 0 | 0 | -4 | 6 | -7 | 8 | 128 ]
[ -127 | -2 | 0 | 0 | 0 | 0 | 0 | 0 | 0 | 0 | 0 | 0 | 0 | 3< | >1 | 0 | 0 | 0 | 0 | 0 | 0 | 0 | 0 | 0 | 0 | -4 | 6 | -7 | 8 | 128 ]
[ -127 | -2 | 0 | 0 | 0 | 0 | 0 | 0 | 0 | 0 | 0 | 0 | 0 | 3< | >1 | 0 | 0 | 0 | 0 | 0 | 0 | 0 | 0 | 0 | 0 | -4 | 6 | -7 | 8 | 128 ]
[ -127 | -2 | 0 | 0 | 0 | 0 | 0 | 0 | 0 | 0 | 0 | 0 | 0 | 2< | >0 | 0 | 0 | 0 | 0 | 0 | 0 | 0 | 0 | 0 | 0 | -4 | 6 | -7 | 8 | 128 ]
[ -127 | -2 | 0 | 0 | 0 | 0 | 0 | 0 | 0 | 0 | 0 | 0 | 0 | 2< | 0 | >0 | 0 | 0 | 0 | 0 | 0 | 0 | 0 | 0 | 0 | -4 | 6 | -7 | 8 | 128 ]
[ -127 | -2 | 0 | 0 | 0 | 0 | 0 | 0 | 0 | 0 | 0 | 0 | 0 | 1< | 0 | >1 | 0 | 0 | 0 | 0 | 0 | 0 | 0 | 0 | 0 | -4 | 6 | -7 | 8 | 128 ]
[ -127 | -2 | 0 | 0 | 0 | 0 | 0 | 0 | 0 | 0 | 0 | 0 | 0 | 1< | 0 | >1 | 0 | 0 | 0 | 0 | 0 | 0 | 0 | 0 | 0 | -4 | 6 | -7 | 8 | 128 ]
[ -127 | -2 | 0 | 0 | 0 | 0 | 0 | 0 | 0 | 0 | 0 | 0 | 0 | 0< | 0 | >0 | 0 | 0 | 0 | 0 | 0 | 0 | 0 | 0 | 0 | -4 | 6 | -7 | 8 | 128 ]
[ -127 | -2 | 0 | 0 | 0 | 0 | 0 | 0 | 0 | 0 | 0 | 0 | 0 | 0< | 0 | 0 | >0 | 0 | 0 | 0 | 0 | 0 | 0 | 0 | 0 | -4 | 6 | -7 | 8 | 128 ]
[ -127 | -2 | 0 | 0 | 0 | 0 | 0 | 0 | 0 | 0 | 0 | 0 | 0 | 0< | 0 | 0 | >1 | 0 | 0 | 0 | 0 | 0 | 0 | 0 | 0 | -4 | 6 | -7 | 8 | 128 ]
[ -127 | -2 | 0 | 0 | 0 | 0 | 0 | 0 | 0 | 0 | 0 | 0 | 0< | 0 | 0 | 0 | >1 | 0 | 0 | 0 | 0 | 0 | 0 | 0 | 0 | -4 | 6 | -7 | 8 | 128 ]
[ -127 | -2 | 0 | 0 | 0 | 0 | 0 | 0 | 0 | 0 | 0 | 0 | 0< | 0 | 0 | 0 | >0 | 0 | 0 | 0 | 0 | 0 | 0 | 0 | 0 | -4 | 6 | -7 | 8 | 128 ]
[ -127 | -2 | 0 | 0 | 0 | 0 | 0 | 0 | 0 | 0 | 0 | 0< | 0 | 0 | 0 | 0 | 0 | >0 | 0 | 0 | 0 | 0 | 0 | 0 | 0 | -4 | 6 | -7 | 8 | 128 ]
[ -127 | -2 | 0 | 0 | 0 | 0 | 0 | 0 | 0 | 0 | 0 | 0< | 0 | 0 | 0 | 0 | 0 | >1 | 0 | 0 | 0 | 0 | 0 | 0 | 0 | -4 | 6 | -7 | 8 | 128 ]
[ -127 | -2 | 0 | 0 | 0 | 0 | 0 | 0 | 0 | 0 | 0< | 0 | 0 | 0 | 0 | 0 | 0 | >1 | 0 | 0 | 0 | 0 | 0 | 0 | 0 | -4 | 6 | -7 | 8 | 128 ]
[ -127 | -2 | 0 | 0 | 0 | 0 | 0 | 0 | 0 | 0 | 0< | 0 | 0 | 0 | 0 | 0 | 0 | >0 | 0 | 0 | 0 | 0 | 0 | 0 | 0 | -4 | 6 | -7 | 8 | 128 ]
[ -127 | -2 | 0 | 0 | 0 | 0 | 0 | 0 | 0 | 0< | 0 | 0 | 0 | 0 | 0 | 0 | 0 | 0 | >0 | 0 | 0 | 0 | 0 | 0 | 0 | -4 | 6 | -7 | 8 | 128 ]
[ -127 | -2 | 0 | 0 | 0 | 0 | 0 | 0 | 0 | 0< | 0 | 0 | 0 | 0 | 0 | 0 | 0 | 0 | >1 | 0 | 0 | 0 | 0 | 0 | 0 | -4 | 6 | -7 | 8 | 128 ]
[ -127 | -2 | 0 | 0 | 0 | 0 | 0 | 0 | 0< | 0 | 0 | 0 | 0 | 0 | 0 | 0 | 0 | 0 | >1 | 0 | 0 | 0 | 0 | 0 | 0 | -4 | 6 | -7 | 8 | 128 ]
[ -127 | -2 | 0 | 0 | 0 | 0 | 0 | 0 | 0< | 0 | 0 | 0 | 0 | 0 | 0 | 0 | 0 | 0 | >0 | 0 | 0 | 0 | 0 | 0 | 0 | -4 | 6 | -7 | 8 | 128 ]
[ -127 | -2 | 0 | 0 | 0 | 0 | 0 | 0< | 0 | 0 | 0 | 0 | 0 | 0 | 0 | 0 | 0 | 0 | 0 | >0 | 0 | 0 | 0 | 0 | 0 | -4 | 6 | -7 | 8 | 128 ]
[ -127 | -2 | 0 | 0 | 0 | 0 | 0 | 0< | 0 | 0 | 0 | 0 | 0 | 0 | 0 | 0 | 0 | 0 | 0 | >1 | 0 | 0 | 0 | 0 | 0 | -4 | 6 | -7 | 8 | 128 ]
[ -127 | -2 | 0 | 0 | 0 | 0 | 0< | 0 | 0 | 0 | 0 | 0 | 0 | 0 | 0 | 0 | 0 | 0 | 0 | >1 | 0 | 0 | 0 | 0 | 0 | -4 | 6 | -7 | 8 | 128 ]
[ -127 | -2 | 0 | 0 | 0 | 0 | 0< | 0 | 0 | 0 | 0 | 0 | 0 | 0 | 0 | 0 | 0 | 0 | 0 | >0 | 0 | 0 | 0 | 0 | 0 | -4 | 6 | -7 | 8 | 128 ]
[ -127 | -2 | 0 | 0 | 0 | 0< | 0 | 0 | 0 | 0 | 0 | 0 | 0 | 0 | 0 | 0 | 0 | 0 | 0 | 0 | >0 | 0 | 0 | 0 | 0 | -4 | 6 | -7 | 8 | 128 ]
[ -127 | -2 | 0 | 0 | 0 | 0< | 0 | 0 | 0 | 0 | 0 | 0 | 0 | 0 | 0 | 0 | 0 | 0 | 0 | 0 | >1 | 0 | 0 | 0 | 0 | -4 | 6 | -7 | 8 | 128 ]
[ -127 | -2 | 0 | 0 | 0< | 0 | 0 | 0 | 0 | 0 | 0 | 0 | 0 | 0 | 0 | 0 | 0 | 0 | 0 | 0 | >1 | 0 | 0 | 0 | 0 | -4 | 6 | -7 | 8 | 128 ]
[ -127 | -2 | 0 | 0 | 0< | 0 | 0 | 0 | 0 | 0 | 0 | 0 | 0 | 0 | 0 | 0 | 0 | 0 | 0 | 0 | >0 | 0 | 0 | 0 | 0 | -4 | 6 | -7 | 8 | 128 ]
[ -127 | -2 | 0 | 0< | 0 | 0 | 0 | 0 | 0 | 0 | 0 | 0 | 0 | 0 | 0 | 0 | 0 | 0 | 0 | 0 | 0 | >0 | 0 | 0 | 0 | -4 | 6 | -7 | 8 | 128 ]
[ -127 | -2 | 0 | 0< | 0 | 0 | 0 | 0 | 0 | 0 | 0 | 0 | 0 | 0 | 0 | 0 | 0 | 0 | 0 | 0 | 0 | >1 | 0 | 0 | 0 | -4 | 6 | -7 | 8 | 128 ]
[ -127 | -2 | 0< | 0 | 0 | 0 | 0 | 0 | 0 | 0 | 0 | 0 | 0 | 0 | 0 | 0 | 0 | 0 | 0 | 0 | 0 | >1 | 0 | 0 | 0 | -4 | 6 | -7 | 8 | 128 ]
[ -127 | -2 | 0< | 0 | 0 | 0 | 0 | 0 | 0 | 0 | 0 | 0 | 0 | 0 | 0 | 0 | 0 | 0 | 0 | 0 | 0 | >0 | 0 | 0 | 0 | -4 | 6 | -7 | 8 | 128 ]
[ -127 | -2< | 0 | 0 | 0 | 0 | 0 | 0 | 0 | 0 | 0 | 0 | 0 | 0 | 0 | 0 | 0 | 0 | 0 | 0 | 0 | 0 | >0 | 0 | 0 | -4 | 6 | -7 | 8 | 128 ]
[ -127 | -2< | 0 | 0 | 0 | 0 | 0 | 0 | 0 | 0 | 0 | 0 | 0 | 0 | 0 | 0 | 0 | 0 | 0 | 0 | 0 | 0 | >1 | 0 | 0 | -4 | 6 | -7 | 8 | 128 ]
[ -127 | -1< | 0 | 0 | 0 | 0 | 0 | 0 | 0 | 0 | 0 | 0 | 0 | 0 | 0 | 0 | 0 | 0 | 0 | 0 | 0 | 0 | >1 | 0 | 0 | -4 | 6 | -7 | 8 | 128 ]
[ -127 | 0< | 0 | 0 | 0 | 0 | 0 | 0 | 0 | 0 | 0 | 0 | 0 | 0 | 0 | 0 | 0 | 0 | 0 | 0 | 0 | 0 | >0 | 0 | 0 | -4 | 6 | -7 | 8 | 128 ]
[ -127 | 1< | 0 | 0 | 0 | 0 | 0 | 0 | 0 | 0 | 0 | 0 | 0 | 0 | 0 | 0 | 0 | 0 | 0 | 0 | 0 | 0 | 0 | >0 | 0 | -4 | 6 | -7 | 8 | 128 ]
[ -127 | 1< | 0 | 0 | 0 | 0 | 0 | 0 | 0 | 0 | 0 | 0 | 0 | 0 | 0 | 0 | 0 | 0 | 0 | 0 | 0 | 0 | 0 | >1 | 0 | -4 | 6 | -7 | 8 | 128 ]
[ -127 | 0< | 0 | 0 | 0 | 0 | 0 | 0 | 0 | 0 | 0 | 0 | 0 | 0 | 0 | 0 | 0 | 0 | 0 | 0 | 0 | 0 | 0 | >1 | 0 | -4 | 6 | -7 | 8 | 128 ]
[ -127 | 0< | 0 | 0 | 0 | 0 | 0 | 0 | 0 | 0 | 0 | 0 | 0 | 0 | 0 | 0 | 0 | 0 | 0 | 0 | 0 | 0 | 0 | >0 | 0 | -4 | 6 | -7 | 8 | 128 ]
[ -127 | 0< | 0 | 0 | 0 | 0 | 0 | 0 | 0 | 0 | 0 | 0 | 0 | 0 | 0 | 0 | 0 | 0 | 0 | 0 | 0 | 0 | 0 | 0 | >0 | -4 | 6 | -7 | 8 | 128 ]
[ -127< | 0 | 0 | 0 | 0 | 0 | 0 | 0 | 0 | 0 | 0 | 0 | 0 | 0 | 0 | 0 | 0 | 0 | 0 | 0 | 0 | 0 | 0 | 0 | >1 | -4 | 6 | -7 | 8 | 128 ]
[ -127< | 0 | 0 | 0 | 0 | 0 | 0 | 0 | 0 | 0 | 0 | 0 | 0 | 0 | 0 | 0 | 0 | 0 | 0 | 0 | 0 | 0 | 0 | 0 | >1 | -4 | 6 | -7 | 8 | 128 ]
[ -126< | 0 | 0 | 0 | 0 | 0 | 0 | 0 | 0 | 0 | 0 | 0 | 0 | 0 | 0 | 0 | 0 | 0 | 0 | 0 | 0 | 0 | 0 | 0 | >0 | -4 | 6 | -7 | 8 | 128 ]
[ -125< | 0 | 0 | 0 | 0 | 0 | 0 | 0 | 0 | 0 | 0 | 0 | 0 | 0 | 0 | 0 | 0 | 0 | 0 | 0 | 0 | 0 | 0 | 0 | 0 | >-4 | 6 | -7 | 8 | 128 ]
[ -124< | 0 | 0 | 0 | 0 | 0 | 0 | 0 | 0 | 0 | 0 | 0 | 0 | 0 | 0 | 0 | 0 | 0 | 0 | 0 | 0 | 0 | 0 | 0 | 0 | >-3 | 6 | -7 | 8 | 128 ]
[ -124< | 0 | 0 | 0 | 0 | 0 | 0 | 0 | 0 | 0 | 0 | 0 | 0 | 0 | 0 | 0 | 0 | 0 | 0 | 0 | 0 | 0 | 0 | 0 | 0 | >-3 | 6 | -7 | 8 | 128 ]
[ -125< | 0 | 0 | 0 | 0 | 0 | 0 | 0 | 0 | 0 | 0 | 0 | 0 | 0 | 0 | 0 | 0 | 0 | 0 | 0 | 0 | 0 | 0 | 0 | 0 | >-4 | 6 | -7 | 8 | 128 ]
[ -125< | 0 | 0 | 0 | 0 | 0 | 0 | 0 | 0 | 0 | 0 | 0 | 0 | 0 | 0 | 0 | 0 | 0 | 0 | 0 | 0 | 0 | 0 | 0 | 0 | -4 | >6 | -7 | 8 | 128 ]
[ -126< | 0 | 0 | 0 | 0 | 0 | 0 | 0 | 0 | 0 | 0 | 0 | 0 | 0 | 0 | 0 | 0 | 0 | 0 | 0 | 0 | 0 | 0 | 0 | 0 | -4 | >7 | -7 | 8 | 128 ]
[ -126< | 0 | 0 | 0 | 0 | 0 | 0 | 0 | 0 | 0 | 0 | 0 | 0 | 0 | 0 | 0 | 0 | 0 | 0 | 0 | 0 | 0 | 0 | 0 | 0 | -4 | >7 | -7 | 8 | 128 ]
[ -127< | 0 | 0 | 0 | 0 | 0 | 0 | 0 | 0 | 0 | 0 | 0 | 0 | 0 | 0 | 0 | 0 | 0 | 0 | 0 | 0 | 0 | 0 | 0 | 0 | -4 | >6 | -7 | 8 | 128 ]
[ -127< | 0 | 0 | 0 | 0 | 0 | 0 | 0 | 0 | 0 | 0 | 0 | 0 | 0 | 0 | 0 | 0 | 0 | 0 | 0 | 0 | 0 | 0 | 0 | 0 | -4 | 6 | >-7 | 8 | 128 ]
[ 128< | 0 | 0 | 0 | 0 | 0 | 0 | 0 | 0 | 0 | 0 | 0 | 0 | 0 | 0 | 0 | 0 | 0 | 0 | 0 | 0 | 0 | 0 | 0 | 0 | -4 | 6 | >-6 | 8 | 128 ]
[ 128< | 0 | 0 | 0 | 0 | 0 | 0 | 0 | 0 | 0 | 0 | 0 | 0 | 0 | 0 | 0 | 0 | 0 | 0 | 0 | 0 | 0 | 0 | 0 | 0 | -4 | 6 | >-6 | 8 | 128 ]
[ 127< | 0 | 0 | 0 | 0 | 0 | 0 | 0 | 0 | 0 | 0 | 0 | 0 | 0 | 0 | 0 | 0 | 0 | 0 | 0 | 0 | 0 | 0 | 0 | 0 | -4 | 6 | >-7 | 8 | 128 ]
[ 127< | 0 | 0 | 0 | 0 | 0 | 0 | 0 | 0 | 0 | 0 | 0 | 0 | 0 | 0 | 0 | 0 | 0 | 0 | 0 | 0 | 0 | 0 | 0 | 0 | -4 | 6 | -7 | >8 | 128 ]
[ 126< | 0 | 0 | 0 | 0 | 0 | 0 | 0 | 0 | 0 | 0 | 0 | 0 | 0 | 0 | 0 | 0 | 0 | 0 | 0 | 0 | 0 | 0 | 0 | 0 | -4 | 6 | -7 | >9 | 128 ]
[ 126< | 0 | 0 | 0 | 0 | 0 | 0 | 0 | 0 | 0 | 0 | 0 | 0 | 0 | 0 | 0 | 0 | 0 | 0 | 0 | 0 | 0 | 0 | 0 | 0 | -4 | 6 | -7 | >9 | 128 ]
[ 125< | 0 | 0 | 0 | 0 | 0 | 0 | 0 | 0 | 0 | 0 | 0 | 0 | 0 | 0 | 0 | 0 | 0 | 0 | 0 | 0 | 0 | 0 | 0 | 0 | -4 | 6 | -7 | >8 | 128 ]
[ 125< | 0 | 0 | 0 | 0 | 0 | 0 | 0 | 0 | 0 | 0 | 0 | 0 | 0 | 0 | 0 | 0 | 0 | 0 | 0 | 0 | 0 | 0 | 0 | 0 | -4 | 6 | -7 | 8 | >128 ]
[ 124< | 0 | 0 | 0 | 0 | 0 | 0 | 0 | 0 | 0 | 0 | 0 | 0 | 0 | 0 | 0 | 0 | 0 | 0 | 0 | 0 | 0 | 0 | 0 | 0 | -4 | 6 | -7 | 8 | >-127 ]
[ 124< | 0 | 0 | 0 | 0 | 0 | 0 | 0 | 0 | 0 | 0 | 0 | 0 | 0 | 0 | 0 | 0 | 0 | 0 | 0 | 0 | 0 | 0 | 0 | 0 | -4 | 6 | -7 | 8 | >-127 ]
[ 123< | 0 | 0 | 0 | 0 | 0 | 0 | 0 | 0 | 0 | 0 | 0 | 0 | 0 | 0 | 0 | 0 | 0 | 0 | 0 | 0 | 0 | 0 | 0 | 0 | -4 | 6 | -7 | 8 | >128 ]
[ >123< | 0 | 0 | 0 | 0 | 0 | 0 | 0 | 0 | 0 | 0 | 0 | 0 | 0 | 0 | 0 | 0 | 0 | 0 | 0 | 0 | 0 | 0 | 0 | 0 | -4 | 6 | -7 | 8 | 128 ]

===== EvoBot2 won the battle after 120 cycles =====



===== MetaJSRandomBot.bf vs. EvoBot2.bf finished with 0:10 =====