===== Starting battle of <MetaJSRandomBot> vs <TerribleThor> with memory tape size: 20 =====

[ >128 | 0 | 0 | 0 | 0 | 0 | 0 | 0 | 0 | 0 | 0 | 0 | 0 | 0 | 0 | 0 | 0 | 0 | 0 | 128< ]
[ >-127 | 0 | 0 | 0 | 0 | 0 | 0 | 0 | 0 | 0 | 0 | 0 | 0 | 0 | 0 | 0 | 0 | 0 | 0< | 128 ]
[ >-127 | 0 | 0 | 0 | 0 | 0 | 0 | 0 | 0 | 0 | 0 | 0 | 0 | 0 | 0 | 0 | 0 | 0 | -1< | 128 ]
[ >-127 | 0 | 0 | 0 | 0 | 0 | 0 | 0 | 0 | 0 | 0 | 0 | 0 | 0 | 0 | 0 | 0 | 0 | -2< | 128 ]
[ -127 | >0 | 0 | 0 | 0 | 0 | 0 | 0 | 0 | 0 | 0 | 0 | 0 | 0 | 0 | 0 | 0 | 0< | -2 | 128 ]
[ -127 | >-1 | 0 | 0 | 0 | 0 | 0 | 0 | 0 | 0 | 0 | 0 | 0 | 0 | 0 | 0 | 0< | 0 | -2 | 128 ]
[ -127 | >-1 | 0 | 0 | 0 | 0 | 0 | 0 | 0 | 0 | 0 | 0 | 0 | 0 | 0 | 0 | -1< | 0 | -2 | 128 ]
[ -127 | >-2 | 0 | 0 | 0 | 0 | 0 | 0 | 0 | 0 | 0 | 0 | 0 | 0 | 0 | 0 | -2< | 0 | -2 | 128 ]
[ -127 | -2 | >0 | 0 | 0 | 0 | 0 | 0 | 0 | 0 | 0 | 0 | 0 | 0 | 0 | 0< | -2 | 0 | -2 | 128 ]
[ -127 | -2 | >1 | 0 | 0 | 0 | 0 | 0 | 0 | 0 | 0 | 0 | 0 | 0 | 0< | 0 | -2 | 0 | -2 | 128 ]
[ -127 | -2 | >1 | 0 | 0 | 0 | 0 | 0 | 0 | 0 | 0 | 0 | 0 | 0 | -1< | 0 | -2 | 0 | -2 | 128 ]
[ -127 | -2 | >0 | 0 | 0 | 0 | 0 | 0 | 0 | 0 | 0 | 0 | 0 | 0 | -2< | 0 | -2 | 0 | -2 | 128 ]
[ -127 | -2 | 0 | >0 | 0 | 0 | 0 | 0 | 0 | 0 | 0 | 0 | 0 | 0< | -2 | 0 | -2 | 0 | -2 | 128 ]
[ -127 | -2 | 0 | >1 | 0 | 0 | 0 | 0 | 0 | 0 | 0 | 0 | 0< | 0 | -2 | 0 | -2 | 0 | -2 | 128 ]
[ -127 | -2 | 0 | >1 | 0 | 0 | 0 | 0 | 0 | 0 | 0 | 0 | -1< | 0 | -2 | 0 | -2 | 0 | -2 | 128 ]
[ -127 | -2 | 0 | >0 | 0 | 0 | 0 | 0 | 0 | 0 | 0 | 0 | -2< | 0 | -2 | 0 | -2 | 0 | -2 | 128 ]
[ -127 | -2 | 0 | 0 | >0 | 0 | 0 | 0 | 0 | 0 | 0 | 0< | -2 | 0 | -2 | 0 | -2 | 0 | -2 | 128 ]
[ -127 | -2 | 0 | 0 | >1 | 0 | 0 | 0 | 0 | 0 | 0< | 0 | -2 | 0 | -2 | 0 | -2 | 0 | -2 | 128 ]
[ -127 | -2 | 0 | 0 | >1 | 0 | 0 | 0 | 0 | 0 | 0< | 0 | -2 | 0 | -2 | 0 | -2 | 0 | -2 | 128 ]
[ -127 | -2 | 0 | 0 | >0 | 0 | 0 | 0 | 0 | 0< | 0 | 0 | -2 | 0 | -2 | 0 | -2 | 0 | -2 | 128 ]
[ -127 | -2 | 0 | 0 | 0 | >0 | 0 | 0 | 0 | 0< | 0 | 0 | -2 | 0 | -2 | 0 | -2 | 0 | -2 | 128 ]
[ -127 | -2 | 0 | 0 | 0 | >1 | 0 | 0 | 0< | 0 | 0 | 0 | -2 | 0 | -2 | 0 | -2 | 0 | -2 | 128 ]
[ -127 | -2 | 0 | 0 | 0 | >1 | 0 | 0 | 0< | 0 | 0 | 0 | -2 | 0 | -2 | 0 | -2 | 0 | -2 | 128 ]
[ -127 | -2 | 0 | 0 | 0 | >0 | 0 | 0< | 0 | 0 | 0 | 0 | -2 | 0 | -2 | 0 | -2 | 0 | -2 | 128 ]
[ -127 | -2 | 0 | 0 | 0 | 0 | >0 | 0< | 0 | 0 | 0 | 0 | -2 | 0 | -2 | 0 | -2 | 0 | -2 | 128 ]
[ -127 | -2 | 0 | 0 | 0 | 0 | >1< | 0 | 0 | 0 | 0 | 0 | -2 | 0 | -2 | 0 | -2 | 0 | -2 | 128 ]
[ -127 | -2 | 0 | 0 | 0 | 0 | >1< | 0 | 0 | 0 | 0 | 0 | -2 | 0 | -2 | 0 | -2 | 0 | -2 | 128 ]
[ -127 | -2 | 0 | 0 | 0 | 0 | >1< | 0 | 0 | 0 | 0 | 0 | -2 | 0 | -2 | 0 | -2 | 0 | -2 | 128 ]
[ -127 | -2 | 0 | 0 | 0 | 0 | 1< | >0 | 0 | 0 | 0 | 0 | -2 | 0 | -2 | 0 | -2 | 0 | -2 | 128 ]
[ -127 | -2 | 0 | 0 | 0 | 0 | 2< | >1 | 0 | 0 | 0 | 0 | -2 | 0 | -2 | 0 | -2 | 0 | -2 | 128 ]
[ -127 | -2 | 0 | 0 | 0 | 0 | 2< | >1 | 0 | 0 | 0 | 0 | -2 | 0 | -2 | 0 | -2 | 0 | -2 | 128 ]
[ -127 | -2 | 0 | 0 | 0 | 0 | 3< | >0 | 0 | 0 | 0 | 0 | -2 | 0 | -2 | 0 | -2 | 0 | -2 | 128 ]
[ -127 | -2 | 0 | 0 | 0 | 0 | 3< | 0 | >0 | 0 | 0 | 0 | -2 | 0 | -2 | 0 | -2 | 0 | -2 | 128 ]
[ -127 | -2 | 0 | 0 | 0 | 0 | 4< | 0 | >1 | 0 | 0 | 0 | -2 | 0 | -2 | 0 | -2 | 0 | -2 | 128 ]
[ -127 | -2 | 0 | 0 | 0 | 0 | 4< | 0 | >1 | 0 | 0 | 0 | -2 | 0 | -2 | 0 | -2 | 0 | -2 | 128 ]
[ -127 | -2 | 0 | 0 | 0 | 0 | 5< | 0 | >0 | 0 | 0 | 0 | -2 | 0 | -2 | 0 | -2 | 0 | -2 | 128 ]
[ -127 | -2 | 0 | 0 | 0 | 0 | 5< | 0 | 0 | >0 | 0 | 0 | -2 | 0 | -2 | 0 | -2 | 0 | -2 | 128 ]
[ -127 | -2 | 0 | 0 | 0 | 0 | 6< | 0 | 0 | >1 | 0 | 0 | -2 | 0 | -2 | 0 | -2 | 0 | -2 | 128 ]
[ -127 | -2 | 0 | 0 | 0 | 0 | 6< | 0 | 0 | >1 | 0 | 0 | -2 | 0 | -2 | 0 | -2 | 0 | -2 | 128 ]
[ -127 | -2 | 0 | 0 | 0 | 0 | 7< | 0 | 0 | >0 | 0 | 0 | -2 | 0 | -2 | 0 | -2 | 0 | -2 | 128 ]
[ -127 | -2 | 0 | 0 | 0 | 0 | 7< | 0 | 0 | 0 | >0 | 0 | -2 | 0 | -2 | 0 | -2 | 0 | -2 | 128 ]
[ -127 | -2 | 0 | 0 | 0 | 0 | 8< | 0 | 0 | 0 | >1 | 0 | -2 | 0 | -2 | 0 | -2 | 0 | -2 | 128 ]
[ -127 | -2 | 0 | 0 | 0 | 0 | 8< | 0 | 0 | 0 | >1 | 0 | -2 | 0 | -2 | 0 | -2 | 0 | -2 | 128 ]
[ -127 | -2 | 0 | 0 | 0 | 0 | 9< | 0 | 0 | 0 | >0 | 0 | -2 | 0 | -2 | 0 | -2 | 0 | -2 | 128 ]
[ -127 | -2 | 0 | 0 | 0 | 0 | 9< | 0 | 0 | 0 | 0 | >0 | -2 | 0 | -2 | 0 | -2 | 0 | -2 | 128 ]
[ -127 | -2 | 0 | 0 | 0 | 0 | 10< | 0 | 0 | 0 | 0 | >1 | -2 | 0 | -2 | 0 | -2 | 0 | -2 | 128 ]
[ -127 | -2 | 0 | 0 | 0 | 0 | 10< | 0 | 0 | 0 | 0 | >1 | -2 | 0 | -2 | 0 | -2 | 0 | -2 | 128 ]
[ -127 | -2 | 0 | 0 | 0 | 0 | 11< | 0 | 0 | 0 | 0 | >0 | -2 | 0 | -2 | 0 | -2 | 0 | -2 | 128 ]
[ -127 | -2 | 0 | 0 | 0 | 0 | 11< | 0 | 0 | 0 | 0 | 0 | >-2 | 0 | -2 | 0 | -2 | 0 | -2 | 128 ]
[ -127 | -2 | 0 | 0 | 0 | 0 | 12< | 0 | 0 | 0 | 0 | 0 | >-1 | 0 | -2 | 0 | -2 | 0 | -2 | 128 ]
[ -127 | -2 | 0 | 0 | 0 | 0 | 12< | 0 | 0 | 0 | 0 | 0 | >-1 | 0 | -2 | 0 | -2 | 0 | -2 | 128 ]
[ -127 | -2 | 0 | 0 | 0 | 0 | 13< | 0 | 0 | 0 | 0 | 0 | >-2 | 0 | -2 | 0 | -2 | 0 | -2 | 128 ]
[ -127 | -2 | 0 | 0 | 0 | 0 | 13< | 0 | 0 | 0 | 0 | 0 | -2 | >0 | -2 | 0 | -2 | 0 | -2 | 128 ]
[ -127 | -2 | 0 | 0 | 0 | 0 | 14< | 0 | 0 | 0 | 0 | 0 | -2 | >1 | -2 | 0 | -2 | 0 | -2 | 128 ]
[ -127 | -2 | 0 | 0 | 0 | 0 | 14< | 0 | 0 | 0 | 0 | 0 | -2 | >1 | -2 | 0 | -2 | 0 | -2 | 128 ]
[ -127 | -2 | 0 | 0 | 0 | 0 | 15< | 0 | 0 | 0 | 0 | 0 | -2 | >0 | -2 | 0 | -2 | 0 | -2 | 128 ]
[ -127 | -2 | 0 | 0 | 0 | 0 | 15< | 0 | 0 | 0 | 0 | 0 | -2 | 0 | >-2 | 0 | -2 | 0 | -2 | 128 ]
[ -127 | -2 | 0 | 0 | 0 | 0 | 16< | 0 | 0 | 0 | 0 | 0 | -2 | 0 | >-1 | 0 | -2 | 0 | -2 | 128 ]
[ -127 | -2 | 0 | 0 | 0 | 0 | 16< | 0 | 0 | 0 | 0 | 0 | -2 | 0 | >-1 | 0 | -2 | 0 | -2 | 128 ]
[ -127 | -2 | 0 | 0 | 0 | 0 | 17< | 0 | 0 | 0 | 0 | 0 | -2 | 0 | >-2 | 0 | -2 | 0 | -2 | 128 ]
[ -127 | -2 | 0 | 0 | 0 | 0 | 17< | 0 | 0 | 0 | 0 | 0 | -2 | 0 | -2 | >0 | -2 | 0 | -2 | 128 ]
[ -127 | -2 | 0 | 0 | 0 | 0 | 18< | 0 | 0 | 0 | 0 | 0 | -2 | 0 | -2 | >1 | -2 | 0 | -2 | 128 ]
[ -127 | -2 | 0 | 0 | 0 | 0 | 18< | 0 | 0 | 0 | 0 | 0 | -2 | 0 | -2 | >1 | -2 | 0 | -2 | 128 ]
[ -127 | -2 | 0 | 0 | 0 | 0 | 19< | 0 | 0 | 0 | 0 | 0 | -2 | 0 | -2 | >0 | -2 | 0 | -2 | 128 ]
[ -127 | -2 | 0 | 0 | 0 | 0 | 19< | 0 | 0 | 0 | 0 | 0 | -2 | 0 | -2 | 0 | >-2 | 0 | -2 | 128 ]
[ -127 | -2 | 0 | 0 | 0 | 0 | 20< | 0 | 0 | 0 | 0 | 0 | -2 | 0 | -2 | 0 | >-1 | 0 | -2 | 128 ]
[ -127 | -2 | 0 | 0 | 0 | 0 | 20< | 0 | 0 | 0 | 0 | 0 | -2 | 0 | -2 | 0 | >-1 | 0 | -2 | 128 ]
[ -127 | -2 | 0 | 0 | 0 | 0 | 21< | 0 | 0 | 0 | 0 | 0 | -2 | 0 | -2 | 0 | >-2 | 0 | -2 | 128 ]
[ -127 | -2 | 0 | 0 | 0 | 0 | 21< | 0 | 0 | 0 | 0 | 0 | -2 | 0 | -2 | 0 | -2 | >0 | -2 | 128 ]
[ -127 | -2 | 0 | 0 | 0 | 0 | 22< | 0 | 0 | 0 | 0 | 0 | -2 | 0 | -2 | 0 | -2 | >1 | -2 | 128 ]
[ -127 | -2 | 0 | 0 | 0 | 0 | 22< | 0 | 0 | 0 | 0 | 0 | -2 | 0 | -2 | 0 | -2 | >1 | -2 | 128 ]
[ -127 | -2 | 0 | 0 | 0 | 0 | 23< | 0 | 0 | 0 | 0 | 0 | -2 | 0 | -2 | 0 | -2 | >0 | -2 | 128 ]
[ -127 | -2 | 0 | 0 | 0 | 0 | 23< | 0 | 0 | 0 | 0 | 0 | -2 | 0 | -2 | 0 | -2 | 0 | >-2 | 128 ]
[ -127 | -2 | 0 | 0 | 0 | 0 | 24< | 0 | 0 | 0 | 0 | 0 | -2 | 0 | -2 | 0 | -2 | 0 | >-1 | 128 ]
[ -127 | -2 | 0 | 0 | 0 | 0 | 24< | 0 | 0 | 0 | 0 | 0 | -2 | 0 | -2 | 0 | -2 | 0 | >-1 | 128 ]
[ -127 | -2 | 0 | 0 | 0 | 0 | 25< | 0 | 0 | 0 | 0 | 0 | -2 | 0 | -2 | 0 | -2 | 0 | >-2 | 128 ]
[ -127 | -2 | 0 | 0 | 0 | 0 | 25< | 0 | 0 | 0 | 0 | 0 | -2 | 0 | -2 | 0 | -2 | 0 | -2 | >128 ]
[ -127 | -2 | 0 | 0 | 0 | 0 | 26< | 0 | 0 | 0 | 0 | 0 | -2 | 0 | -2 | 0 | -2 | 0 | -2 | >-127 ]
[ -127 | -2 | 0 | 0 | 0 | 0 | 26< | 0 | 0 | 0 | 0 | 0 | -2 | 0 | -2 | 0 | -2 | 0 | -2 | >-127 ]
[ -127 | -2 | 0 | 0 | 0 | 0 | 27< | 0 | 0 | 0 | 0 | 0 | -2 | 0 | -2 | 0 | -2 | 0 | -2 | >128 ]
[ >-127 | -2 | 0 | 0 | 0 | 0 | 27< | 0 | 0 | 0 | 0 | 0 | -2 | 0 | -2 | 0 | -2 | 0 | -2 | 128 ]

===== TerribleThor won the battle after 80 cycles =====



===== Starting battle of <MetaJSRandomBot> vs <TerribleThor> with memory tape size: 10 =====

[ >128 | 0 | 0 | 0 | 0 | 0 | 0 | 0 | 0 | 128< ]
[ >-127 | 0 | 0 | 0 | 0 | 0 | 0 | 0 | 0< | 128 ]
[ >-127 | 0 | 0 | 0 | 0 | 0 | 0 | 0 | -1< | 128 ]
[ >-127 | 0 | 0 | 0 | 0 | 0 | 0 | 0 | -2< | 128 ]
[ -127 | >0 | 0 | 0 | 0 | 0 | 0 | 0< | -2 | 128 ]
[ -127 | >-1 | 0 | 0 | 0 | 0 | 0< | 0 | -2 | 128 ]
[ -127 | >-1 | 0 | 0 | 0 | 0 | -1< | 0 | -2 | 128 ]
[ -127 | >-2 | 0 | 0 | 0 | 0 | -2< | 0 | -2 | 128 ]
[ -127 | -2 | >0 | 0 | 0 | 0< | -2 | 0 | -2 | 128 ]
[ -127 | -2 | >1 | 0 | 0< | 0 | -2 | 0 | -2 | 128 ]
[ -127 | -2 | >1 | 0 | -1< | 0 | -2 | 0 | -2 | 128 ]
[ -127 | -2 | >0 | 0 | -2< | 0 | -2 | 0 | -2 | 128 ]
[ -127 | -2 | 0 | >0< | -2 | 0 | -2 | 0 | -2 | 128 ]
[ -127 | -2 | 0< | >1 | -2 | 0 | -2 | 0 | -2 | 128 ]
[ -127 | -2 | -1< | >1 | -2 | 0 | -2 | 0 | -2 | 128 ]
[ -127 | -2 | -2< | >0 | -2 | 0 | -2 | 0 | -2 | 128 ]
[ -127 | -2< | -2 | 0 | >-2 | 0 | -2 | 0 | -2 | 128 ]
[ -127< | -2 | -2 | 0 | >-1 | 0 | -2 | 0 | -2 | 128 ]
[ -127< | -2 | -2 | 0 | >-1 | 0 | -2 | 0 | -2 | 128 ]
[ -126< | -2 | -2 | 0 | >-2 | 0 | -2 | 0 | -2 | 128 ]
[ -126< | -2 | -2 | 0 | -2 | >0 | -2 | 0 | -2 | 128 ]
[ -125< | -2 | -2 | 0 | -2 | >1 | -2 | 0 | -2 | 128 ]
[ -125< | -2 | -2 | 0 | -2 | >1 | -2 | 0 | -2 | 128 ]
[ -124< | -2 | -2 | 0 | -2 | >0 | -2 | 0 | -2 | 128 ]
[ -124< | -2 | -2 | 0 | -2 | 0 | >-2 | 0 | -2 | 128 ]
[ -123< | -2 | -2 | 0 | -2 | 0 | >-1 | 0 | -2 | 128 ]
[ -123< | -2 | -2 | 0 | -2 | 0 | >-1 | 0 | -2 | 128 ]
[ -122< | -2 | -2 | 0 | -2 | 0 | >-2 | 0 | -2 | 128 ]
[ -122< | -2 | -2 | 0 | -2 | 0 | -2 | >0 | -2 | 128 ]
[ -121< | -2 | -2 | 0 | -2 | 0 | -2 | >1 | -2 | 128 ]
[ -121< | -2 | -2 | 0 | -2 | 0 | -2 | >1 | -2 | 128 ]
[ -120< | -2 | -2 | 0 | -2 | 0 | -2 | >0 | -2 | 128 ]
[ -120< | -2 | -2 | 0 | -2 | 0 | -2 | 0 | >-2 | 128 ]
[ -119< | -2 | -2 | 0 | -2 | 0 | -2 | 0 | >-1 | 128 ]
[ -119< | -2 | -2 | 0 | -2 | 0 | -2 | 0 | >-1 | 128 ]
[ -118< | -2 | -2 | 0 | -2 | 0 | -2 | 0 | >-2 | 128 ]
[ -118< | -2 | -2 | 0 | -2 | 0 | -2 | 0 | -2 | >128 ]
[ -117< | -2 | -2 | 0 | -2 | 0 | -2 | 0 | -2 | >-127 ]
[ -117< | -2 | -2 | 0 | -2 | 0 | -2 | 0 | -2 | >-127 ]
[ -116< | -2 | -2 | 0 | -2 | 0 | -2 | 0 | -2 | >128 ]
[ >-116< | -2 | -2 | 0 | -2 | 0 | -2 | 0 | -2 | 128 ]

===== TerribleThor won the battle after 40 cycles =====



===== Starting battle of <MetaJSRandomBot> vs <TerribleThor> with memory tape size: 23 =====

[ >128 | 0 | 0 | 0 | 0 | 0 | 0 | 0 | 0 | 0 | 0 | 0 | 0 | 0 | 0 | 0 | 0 | 0 | 0 | 0 | 0 | 0 | 128< ]
[ >-127 | 0 | 0 | 0 | 0 | 0 | 0 | 0 | 0 | 0 | 0 | 0 | 0 | 0 | 0 | 0 | 0 | 0 | 0 | 0 | 0 | 0< | 128 ]
[ >-127 | 0 | 0 | 0 | 0 | 0 | 0 | 0 | 0 | 0 | 0 | 0 | 0 | 0 | 0 | 0 | 0 | 0 | 0 | 0 | 0 | -1< | 128 ]
[ >-127 | 0 | 0 | 0 | 0 | 0 | 0 | 0 | 0 | 0 | 0 | 0 | 0 | 0 | 0 | 0 | 0 | 0 | 0 | 0 | 0 | -2< | 128 ]
[ -127 | >0 | 0 | 0 | 0 | 0 | 0 | 0 | 0 | 0 | 0 | 0 | 0 | 0 | 0 | 0 | 0 | 0 | 0 | 0 | 0< | -2 | 128 ]
[ -127 | >-1 | 0 | 0 | 0 | 0 | 0 | 0 | 0 | 0 | 0 | 0 | 0 | 0 | 0 | 0 | 0 | 0 | 0 | 0< | 0 | -2 | 128 ]
[ -127 | >-1 | 0 | 0 | 0 | 0 | 0 | 0 | 0 | 0 | 0 | 0 | 0 | 0 | 0 | 0 | 0 | 0 | 0 | -1< | 0 | -2 | 128 ]
[ -127 | >-2 | 0 | 0 | 0 | 0 | 0 | 0 | 0 | 0 | 0 | 0 | 0 | 0 | 0 | 0 | 0 | 0 | 0 | -2< | 0 | -2 | 128 ]
[ -127 | -2 | >0 | 0 | 0 | 0 | 0 | 0 | 0 | 0 | 0 | 0 | 0 | 0 | 0 | 0 | 0 | 0 | 0< | -2 | 0 | -2 | 128 ]
[ -127 | -2 | >1 | 0 | 0 | 0 | 0 | 0 | 0 | 0 | 0 | 0 | 0 | 0 | 0 | 0 | 0 | 0< | 0 | -2 | 0 | -2 | 128 ]
[ -127 | -2 | >1 | 0 | 0 | 0 | 0 | 0 | 0 | 0 | 0 | 0 | 0 | 0 | 0 | 0 | 0 | -1< | 0 | -2 | 0 | -2 | 128 ]
[ -127 | -2 | >0 | 0 | 0 | 0 | 0 | 0 | 0 | 0 | 0 | 0 | 0 | 0 | 0 | 0 | 0 | -2< | 0 | -2 | 0 | -2 | 128 ]
[ -127 | -2 | 0 | >0 | 0 | 0 | 0 | 0 | 0 | 0 | 0 | 0 | 0 | 0 | 0 | 0 | 0< | -2 | 0 | -2 | 0 | -2 | 128 ]
[ -127 | -2 | 0 | >1 | 0 | 0 | 0 | 0 | 0 | 0 | 0 | 0 | 0 | 0 | 0 | 0< | 0 | -2 | 0 | -2 | 0 | -2 | 128 ]
[ -127 | -2 | 0 | >1 | 0 | 0 | 0 | 0 | 0 | 0 | 0 | 0 | 0 | 0 | 0 | -1< | 0 | -2 | 0 | -2 | 0 | -2 | 128 ]
[ -127 | -2 | 0 | >0 | 0 | 0 | 0 | 0 | 0 | 0 | 0 | 0 | 0 | 0 | 0 | -2< | 0 | -2 | 0 | -2 | 0 | -2 | 128 ]
[ -127 | -2 | 0 | 0 | >0 | 0 | 0 | 0 | 0 | 0 | 0 | 0 | 0 | 0 | 0< | -2 | 0 | -2 | 0 | -2 | 0 | -2 | 128 ]
[ -127 | -2 | 0 | 0 | >1 | 0 | 0 | 0 | 0 | 0 | 0 | 0 | 0 | 0< | 0 | -2 | 0 | -2 | 0 | -2 | 0 | -2 | 128 ]
[ -127 | -2 | 0 | 0 | >1 | 0 | 0 | 0 | 0 | 0 | 0 | 0 | 0 | 0< | 0 | -2 | 0 | -2 | 0 | -2 | 0 | -2 | 128 ]
[ -127 | -2 | 0 | 0 | >0 | 0 | 0 | 0 | 0 | 0 | 0 | 0 | 0< | 0 | 0 | -2 | 0 | -2 | 0 | -2 | 0 | -2 | 128 ]
[ -127 | -2 | 0 | 0 | 0 | >0 | 0 | 0 | 0 | 0 | 0 | 0 | 0< | 0 | 0 | -2 | 0 | -2 | 0 | -2 | 0 | -2 | 128 ]
[ -127 | -2 | 0 | 0 | 0 | >1 | 0 | 0 | 0 | 0 | 0 | 0< | 0 | 0 | 0 | -2 | 0 | -2 | 0 | -2 | 0 | -2 | 128 ]
[ -127 | -2 | 0 | 0 | 0 | >1 | 0 | 0 | 0 | 0 | 0 | 0< | 0 | 0 | 0 | -2 | 0 | -2 | 0 | -2 | 0 | -2 | 128 ]
[ -127 | -2 | 0 | 0 | 0 | >0 | 0 | 0 | 0 | 0 | 0< | 0 | 0 | 0 | 0 | -2 | 0 | -2 | 0 | -2 | 0 | -2 | 128 ]
[ -127 | -2 | 0 | 0 | 0 | 0 | >0 | 0 | 0 | 0 | 0< | 0 | 0 | 0 | 0 | -2 | 0 | -2 | 0 | -2 | 0 | -2 | 128 ]
[ -127 | -2 | 0 | 0 | 0 | 0 | >1 | 0 | 0 | 0< | 0 | 0 | 0 | 0 | 0 | -2 | 0 | -2 | 0 | -2 | 0 | -2 | 128 ]
[ -127 | -2 | 0 | 0 | 0 | 0 | >1 | 0 | 0 | 0< | 0 | 0 | 0 | 0 | 0 | -2 | 0 | -2 | 0 | -2 | 0 | -2 | 128 ]
[ -127 | -2 | 0 | 0 | 0 | 0 | >0 | 0 | 0< | 0 | 0 | 0 | 0 | 0 | 0 | -2 | 0 | -2 | 0 | -2 | 0 | -2 | 128 ]
[ -127 | -2 | 0 | 0 | 0 | 0 | 0 | >0 | 0< | 0 | 0 | 0 | 0 | 0 | 0 | -2 | 0 | -2 | 0 | -2 | 0 | -2 | 128 ]
[ -127 | -2 | 0 | 0 | 0 | 0 | 0 | >1< | 0 | 0 | 0 | 0 | 0 | 0 | 0 | -2 | 0 | -2 | 0 | -2 | 0 | -2 | 128 ]
[ -127 | -2 | 0 | 0 | 0 | 0 | 0 | >1< | 0 | 0 | 0 | 0 | 0 | 0 | 0 | -2 | 0 | -2 | 0 | -2 | 0 | -2 | 128 ]
[ -127 | -2 | 0 | 0 | 0 | 0 | 0 | >1< | 0 | 0 | 0 | 0 | 0 | 0 | 0 | -2 | 0 | -2 | 0 | -2 | 0 | -2 | 128 ]
[ -127 | -2 | 0 | 0 | 0 | 0 | 0 | 1< | >0 | 0 | 0 | 0 | 0 | 0 | 0 | -2 | 0 | -2 | 0 | -2 | 0 | -2 | 128 ]
[ -127 | -2 | 0 | 0 | 0 | 0 | 0 | 2< | >1 | 0 | 0 | 0 | 0 | 0 | 0 | -2 | 0 | -2 | 0 | -2 | 0 | -2 | 128 ]
[ -127 | -2 | 0 | 0 | 0 | 0 | 0 | 2< | >1 | 0 | 0 | 0 | 0 | 0 | 0 | -2 | 0 | -2 | 0 | -2 | 0 | -2 | 128 ]
[ -127 | -2 | 0 | 0 | 0 | 0 | 0 | 3< | >0 | 0 | 0 | 0 | 0 | 0 | 0 | -2 | 0 | -2 | 0 | -2 | 0 | -2 | 128 ]
[ -127 | -2 | 0 | 0 | 0 | 0 | 0 | 3< | 0 | >0 | 0 | 0 | 0 | 0 | 0 | -2 | 0 | -2 | 0 | -2 | 0 | -2 | 128 ]
[ -127 | -2 | 0 | 0 | 0 | 0 | 0 | 4< | 0 | >1 | 0 | 0 | 0 | 0 | 0 | -2 | 0 | -2 | 0 | -2 | 0 | -2 | 128 ]
[ -127 | -2 | 0 | 0 | 0 | 0 | 0 | 4< | 0 | >1 | 0 | 0 | 0 | 0 | 0 | -2 | 0 | -2 | 0 | -2 | 0 | -2 | 128 ]
[ -127 | -2 | 0 | 0 | 0 | 0 | 0 | 5< | 0 | >0 | 0 | 0 | 0 | 0 | 0 | -2 | 0 | -2 | 0 | -2 | 0 | -2 | 128 ]
[ -127 | -2 | 0 | 0 | 0 | 0 | 0 | 5< | 0 | 0 | >0 | 0 | 0 | 0 | 0 | -2 | 0 | -2 | 0 | -2 | 0 | -2 | 128 ]
[ -127 | -2 | 0 | 0 | 0 | 0 | 0 | 6< | 0 | 0 | >1 | 0 | 0 | 0 | 0 | -2 | 0 | -2 | 0 | -2 | 0 | -2 | 128 ]
[ -127 | -2 | 0 | 0 | 0 | 0 | 0 | 6< | 0 | 0 | >1 | 0 | 0 | 0 | 0 | -2 | 0 | -2 | 0 | -2 | 0 | -2 | 128 ]
[ -127 | -2 | 0 | 0 | 0 | 0 | 0 | 7< | 0 | 0 | >0 | 0 | 0 | 0 | 0 | -2 | 0 | -2 | 0 | -2 | 0 | -2 | 128 ]
[ -127 | -2 | 0 | 0 | 0 | 0 | 0 | 7< | 0 | 0 | 0 | >0 | 0 | 0 | 0 | -2 | 0 | -2 | 0 | -2 | 0 | -2 | 128 ]
[ -127 | -2 | 0 | 0 | 0 | 0 | 0 | 8< | 0 | 0 | 0 | >1 | 0 | 0 | 0 | -2 | 0 | -2 | 0 | -2 | 0 | -2 | 128 ]
[ -127 | -2 | 0 | 0 | 0 | 0 | 0 | 8< | 0 | 0 | 0 | >1 | 0 | 0 | 0 | -2 | 0 | -2 | 0 | -2 | 0 | -2 | 128 ]
[ -127 | -2 | 0 | 0 | 0 | 0 | 0 | 9< | 0 | 0 | 0 | >0 | 0 | 0 | 0 | -2 | 0 | -2 | 0 | -2 | 0 | -2 | 128 ]
[ -127 | -2 | 0 | 0 | 0 | 0 | 0 | 9< | 0 | 0 | 0 | 0 | >0 | 0 | 0 | -2 | 0 | -2 | 0 | -2 | 0 | -2 | 128 ]
[ -127 | -2 | 0 | 0 | 0 | 0 | 0 | 10< | 0 | 0 | 0 | 0 | >1 | 0 | 0 | -2 | 0 | -2 | 0 | -2 | 0 | -2 | 128 ]
[ -127 | -2 | 0 | 0 | 0 | 0 | 0 | 10< | 0 | 0 | 0 | 0 | >1 | 0 | 0 | -2 | 0 | -2 | 0 | -2 | 0 | -2 | 128 ]
[ -127 | -2 | 0 | 0 | 0 | 0 | 0 | 11< | 0 | 0 | 0 | 0 | >0 | 0 | 0 | -2 | 0 | -2 | 0 | -2 | 0 | -2 | 128 ]
[ -127 | -2 | 0 | 0 | 0 | 0 | 0 | 11< | 0 | 0 | 0 | 0 | 0 | >0 | 0 | -2 | 0 | -2 | 0 | -2 | 0 | -2 | 128 ]
[ -127 | -2 | 0 | 0 | 0 | 0 | 0 | 12< | 0 | 0 | 0 | 0 | 0 | >1 | 0 | -2 | 0 | -2 | 0 | -2 | 0 | -2 | 128 ]
[ -127 | -2 | 0 | 0 | 0 | 0 | 0 | 12< | 0 | 0 | 0 | 0 | 0 | >1 | 0 | -2 | 0 | -2 | 0 | -2 | 0 | -2 | 128 ]
[ -127 | -2 | 0 | 0 | 0 | 0 | 0 | 13< | 0 | 0 | 0 | 0 | 0 | >0 | 0 | -2 | 0 | -2 | 0 | -2 | 0 | -2 | 128 ]
[ -127 | -2 | 0 | 0 | 0 | 0 | 0 | 13< | 0 | 0 | 0 | 0 | 0 | 0 | >0 | -2 | 0 | -2 | 0 | -2 | 0 | -2 | 128 ]
[ -127 | -2 | 0 | 0 | 0 | 0 | 0 | 14< | 0 | 0 | 0 | 0 | 0 | 0 | >1 | -2 | 0 | -2 | 0 | -2 | 0 | -2 | 128 ]
[ -127 | -2 | 0 | 0 | 0 | 0 | 0 | 14< | 0 | 0 | 0 | 0 | 0 | 0 | >1 | -2 | 0 | -2 | 0 | -2 | 0 | -2 | 128 ]
[ -127 | -2 | 0 | 0 | 0 | 0 | 0 | 15< | 0 | 0 | 0 | 0 | 0 | 0 | >0 | -2 | 0 | -2 | 0 | -2 | 0 | -2 | 128 ]
[ -127 | -2 | 0 | 0 | 0 | 0 | 0 | 15< | 0 | 0 | 0 | 0 | 0 | 0 | 0 | >-2 | 0 | -2 | 0 | -2 | 0 | -2 | 128 ]
[ -127 | -2 | 0 | 0 | 0 | 0 | 0 | 16< | 0 | 0 | 0 | 0 | 0 | 0 | 0 | >-1 | 0 | -2 | 0 | -2 | 0 | -2 | 128 ]
[ -127 | -2 | 0 | 0 | 0 | 0 | 0 | 16< | 0 | 0 | 0 | 0 | 0 | 0 | 0 | >-1 | 0 | -2 | 0 | -2 | 0 | -2 | 128 ]
[ -127 | -2 | 0 | 0 | 0 | 0 | 0 | 17< | 0 | 0 | 0 | 0 | 0 | 0 | 0 | >-2 | 0 | -2 | 0 | -2 | 0 | -2 | 128 ]
[ -127 | -2 | 0 | 0 | 0 | 0 | 0 | 17< | 0 | 0 | 0 | 0 | 0 | 0 | 0 | -2 | >0 | -2 | 0 | -2 | 0 | -2 | 128 ]
[ -127 | -2 | 0 | 0 | 0 | 0 | 0 | 18< | 0 | 0 | 0 | 0 | 0 | 0 | 0 | -2 | >1 | -2 | 0 | -2 | 0 | -2 | 128 ]
[ -127 | -2 | 0 | 0 | 0 | 0 | 0 | 18< | 0 | 0 | 0 | 0 | 0 | 0 | 0 | -2 | >1 | -2 | 0 | -2 | 0 | -2 | 128 ]
[ -127 | -2 | 0 | 0 | 0 | 0 | 0 | 19< | 0 | 0 | 0 | 0 | 0 | 0 | 0 | -2 | >0 | -2 | 0 | -2 | 0 | -2 | 128 ]
[ -127 | -2 | 0 | 0 | 0 | 0 | 0 | 19< | 0 | 0 | 0 | 0 | 0 | 0 | 0 | -2 | 0 | >-2 | 0 | -2 | 0 | -2 | 128 ]
[ -127 | -2 | 0 | 0 | 0 | 0 | 0 | 20< | 0 | 0 | 0 | 0 | 0 | 0 | 0 | -2 | 0 | >-1 | 0 | -2 | 0 | -2 | 128 ]
[ -127 | -2 | 0 | 0 | 0 | 0 | 0 | 20< | 0 | 0 | 0 | 0 | 0 | 0 | 0 | -2 | 0 | >-1 | 0 | -2 | 0 | -2 | 128 ]
[ -127 | -2 | 0 | 0 | 0 | 0 | 0 | 21< | 0 | 0 | 0 | 0 | 0 | 0 | 0 | -2 | 0 | >-2 | 0 | -2 | 0 | -2 | 128 ]
[ -127 | -2 | 0 | 0 | 0 | 0 | 0 | 21< | 0 | 0 | 0 | 0 | 0 | 0 | 0 | -2 | 0 | -2 | >0 | -2 | 0 | -2 | 128 ]
[ -127 | -2 | 0 | 0 | 0 | 0 | 0 | 22< | 0 | 0 | 0 | 0 | 0 | 0 | 0 | -2 | 0 | -2 | >1 | -2 | 0 | -2 | 128 ]
[ -127 | -2 | 0 | 0 | 0 | 0 | 0 | 22< | 0 | 0 | 0 | 0 | 0 | 0 | 0 | -2 | 0 | -2 | >1 | -2 | 0 | -2 | 128 ]
[ -127 | -2 | 0 | 0 | 0 | 0 | 0 | 23< | 0 | 0 | 0 | 0 | 0 | 0 | 0 | -2 | 0 | -2 | >0 | -2 | 0 | -2 | 128 ]
[ -127 | -2 | 0 | 0 | 0 | 0 | 0 | 23< | 0 | 0 | 0 | 0 | 0 | 0 | 0 | -2 | 0 | -2 | 0 | >-2 | 0 | -2 | 128 ]
[ -127 | -2 | 0 | 0 | 0 | 0 | 0 | 24< | 0 | 0 | 0 | 0 | 0 | 0 | 0 | -2 | 0 | -2 | 0 | >-1 | 0 | -2 | 128 ]
[ -127 | -2 | 0 | 0 | 0 | 0 | 0 | 24< | 0 | 0 | 0 | 0 | 0 | 0 | 0 | -2 | 0 | -2 | 0 | >-1 | 0 | -2 | 128 ]
[ -127 | -2 | 0 | 0 | 0 | 0 | 0 | 25< | 0 | 0 | 0 | 0 | 0 | 0 | 0 | -2 | 0 | -2 | 0 | >-2 | 0 | -2 | 128 ]
[ -127 | -2 | 0 | 0 | 0 | 0 | 0 | 25< | 0 | 0 | 0 | 0 | 0 | 0 | 0 | -2 | 0 | -2 | 0 | -2 | >0 | -2 | 128 ]
[ -127 | -2 | 0 | 0 | 0 | 0 | 0 | 26< | 0 | 0 | 0 | 0 | 0 | 0 | 0 | -2 | 0 | -2 | 0 | -2 | >1 | -2 | 128 ]
[ -127 | -2 | 0 | 0 | 0 | 0 | 0 | 26< | 0 | 0 | 0 | 0 | 0 | 0 | 0 | -2 | 0 | -2 | 0 | -2 | >1 | -2 | 128 ]
[ -127 | -2 | 0 | 0 | 0 | 0 | 0 | 27< | 0 | 0 | 0 | 0 | 0 | 0 | 0 | -2 | 0 | -2 | 0 | -2 | >0 | -2 | 128 ]
[ -127 | -2 | 0 | 0 | 0 | 0 | 0 | 27< | 0 | 0 | 0 | 0 | 0 | 0 | 0 | -2 | 0 | -2 | 0 | -2 | 0 | >-2 | 128 ]
[ -127 | -2 | 0 | 0 | 0 | 0 | 0 | 28< | 0 | 0 | 0 | 0 | 0 | 0 | 0 | -2 | 0 | -2 | 0 | -2 | 0 | >-1 | 128 ]
[ -127 | -2 | 0 | 0 | 0 | 0 | 0 | 28< | 0 | 0 | 0 | 0 | 0 | 0 | 0 | -2 | 0 | -2 | 0 | -2 | 0 | >-1 | 128 ]
[ -127 | -2 | 0 | 0 | 0 | 0 | 0 | 29< | 0 | 0 | 0 | 0 | 0 | 0 | 0 | -2 | 0 | -2 | 0 | -2 | 0 | >-2 | 128 ]
[ -127 | -2 | 0 | 0 | 0 | 0 | 0 | 29< | 0 | 0 | 0 | 0 | 0 | 0 | 0 | -2 | 0 | -2 | 0 | -2 | 0 | -2 | >128 ]
[ -127 | -2 | 0 | 0 | 0 | 0 | 0 | 30< | 0 | 0 | 0 | 0 | 0 | 0 | 0 | -2 | 0 | -2 | 0 | -2 | 0 | -2 | >-127 ]
[ -127 | -2 | 0 | 0 | 0 | 0 | 0 | 30< | 0 | 0 | 0 | 0 | 0 | 0 | 0 | -2 | 0 | -2 | 0 | -2 | 0 | -2 | >-127 ]
[ -127 | -2 | 0 | 0 | 0 | 0 | 0 | 31< | 0 | 0 | 0 | 0 | 0 | 0 | 0 | -2 | 0 | -2 | 0 | -2 | 0 | -2 | >128 ]
[ >-127 | -2 | 0 | 0 | 0 | 0 | 0 | 31< | 0 | 0 | 0 | 0 | 0 | 0 | 0 | -2 | 0 | -2 | 0 | -2 | 0 | -2 | 128 ]

===== TerribleThor won the battle after 92 cycles =====



===== Starting battle of <MetaJSRandomBot> vs <TerribleThor> with memory tape size: 22 =====

[ >128 | 0 | 0 | 0 | 0 | 0 | 0 | 0 | 0 | 0 | 0 | 0 | 0 | 0 | 0 | 0 | 0 | 0 | 0 | 0 | 0 | 128< ]
[ >-127 | 0 | 0 | 0 | 0 | 0 | 0 | 0 | 0 | 0 | 0 | 0 | 0 | 0 | 0 | 0 | 0 | 0 | 0 | 0 | 0< | 128 ]
[ >-127 | 0 | 0 | 0 | 0 | 0 | 0 | 0 | 0 | 0 | 0 | 0 | 0 | 0 | 0 | 0 | 0 | 0 | 0 | 0 | -1< | 128 ]
[ >-127 | 0 | 0 | 0 | 0 | 0 | 0 | 0 | 0 | 0 | 0 | 0 | 0 | 0 | 0 | 0 | 0 | 0 | 0 | 0 | -2< | 128 ]
[ -127 | >0 | 0 | 0 | 0 | 0 | 0 | 0 | 0 | 0 | 0 | 0 | 0 | 0 | 0 | 0 | 0 | 0 | 0 | 0< | -2 | 128 ]
[ -127 | >-1 | 0 | 0 | 0 | 0 | 0 | 0 | 0 | 0 | 0 | 0 | 0 | 0 | 0 | 0 | 0 | 0 | 0< | 0 | -2 | 128 ]
[ -127 | >-1 | 0 | 0 | 0 | 0 | 0 | 0 | 0 | 0 | 0 | 0 | 0 | 0 | 0 | 0 | 0 | 0 | -1< | 0 | -2 | 128 ]
[ -127 | >-2 | 0 | 0 | 0 | 0 | 0 | 0 | 0 | 0 | 0 | 0 | 0 | 0 | 0 | 0 | 0 | 0 | -2< | 0 | -2 | 128 ]
[ -127 | -2 | >0 | 0 | 0 | 0 | 0 | 0 | 0 | 0 | 0 | 0 | 0 | 0 | 0 | 0 | 0 | 0< | -2 | 0 | -2 | 128 ]
[ -127 | -2 | >1 | 0 | 0 | 0 | 0 | 0 | 0 | 0 | 0 | 0 | 0 | 0 | 0 | 0 | 0< | 0 | -2 | 0 | -2 | 128 ]
[ -127 | -2 | >1 | 0 | 0 | 0 | 0 | 0 | 0 | 0 | 0 | 0 | 0 | 0 | 0 | 0 | -1< | 0 | -2 | 0 | -2 | 128 ]
[ -127 | -2 | >0 | 0 | 0 | 0 | 0 | 0 | 0 | 0 | 0 | 0 | 0 | 0 | 0 | 0 | -2< | 0 | -2 | 0 | -2 | 128 ]
[ -127 | -2 | 0 | >0 | 0 | 0 | 0 | 0 | 0 | 0 | 0 | 0 | 0 | 0 | 0 | 0< | -2 | 0 | -2 | 0 | -2 | 128 ]
[ -127 | -2 | 0 | >1 | 0 | 0 | 0 | 0 | 0 | 0 | 0 | 0 | 0 | 0 | 0< | 0 | -2 | 0 | -2 | 0 | -2 | 128 ]
[ -127 | -2 | 0 | >1 | 0 | 0 | 0 | 0 | 0 | 0 | 0 | 0 | 0 | 0 | -1< | 0 | -2 | 0 | -2 | 0 | -2 | 128 ]
[ -127 | -2 | 0 | >0 | 0 | 0 | 0 | 0 | 0 | 0 | 0 | 0 | 0 | 0 | -2< | 0 | -2 | 0 | -2 | 0 | -2 | 128 ]
[ -127 | -2 | 0 | 0 | >0 | 0 | 0 | 0 | 0 | 0 | 0 | 0 | 0 | 0< | -2 | 0 | -2 | 0 | -2 | 0 | -2 | 128 ]
[ -127 | -2 | 0 | 0 | >1 | 0 | 0 | 0 | 0 | 0 | 0 | 0 | 0< | 0 | -2 | 0 | -2 | 0 | -2 | 0 | -2 | 128 ]
[ -127 | -2 | 0 | 0 | >1 | 0 | 0 | 0 | 0 | 0 | 0 | 0 | 0< | 0 | -2 | 0 | -2 | 0 | -2 | 0 | -2 | 128 ]
[ -127 | -2 | 0 | 0 | >0 | 0 | 0 | 0 | 0 | 0 | 0 | 0< | 0 | 0 | -2 | 0 | -2 | 0 | -2 | 0 | -2 | 128 ]
[ -127 | -2 | 0 | 0 | 0 | >0 | 0 | 0 | 0 | 0 | 0 | 0< | 0 | 0 | -2 | 0 | -2 | 0 | -2 | 0 | -2 | 128 ]
[ -127 | -2 | 0 | 0 | 0 | >1 | 0 | 0 | 0 | 0 | 0< | 0 | 0 | 0 | -2 | 0 | -2 | 0 | -2 | 0 | -2 | 128 ]
[ -127 | -2 | 0 | 0 | 0 | >1 | 0 | 0 | 0 | 0 | 0< | 0 | 0 | 0 | -2 | 0 | -2 | 0 | -2 | 0 | -2 | 128 ]
[ -127 | -2 | 0 | 0 | 0 | >0 | 0 | 0 | 0 | 0< | 0 | 0 | 0 | 0 | -2 | 0 | -2 | 0 | -2 | 0 | -2 | 128 ]
[ -127 | -2 | 0 | 0 | 0 | 0 | >0 | 0 | 0 | 0< | 0 | 0 | 0 | 0 | -2 | 0 | -2 | 0 | -2 | 0 | -2 | 128 ]
[ -127 | -2 | 0 | 0 | 0 | 0 | >1 | 0 | 0< | 0 | 0 | 0 | 0 | 0 | -2 | 0 | -2 | 0 | -2 | 0 | -2 | 128 ]
[ -127 | -2 | 0 | 0 | 0 | 0 | >1 | 0 | 0< | 0 | 0 | 0 | 0 | 0 | -2 | 0 | -2 | 0 | -2 | 0 | -2 | 128 ]
[ -127 | -2 | 0 | 0 | 0 | 0 | >0 | 0< | 0 | 0 | 0 | 0 | 0 | 0 | -2 | 0 | -2 | 0 | -2 | 0 | -2 | 128 ]
[ -127 | -2 | 0 | 0 | 0 | 0 | 0 | >0< | 0 | 0 | 0 | 0 | 0 | 0 | -2 | 0 | -2 | 0 | -2 | 0 | -2 | 128 ]
[ -127 | -2 | 0 | 0 | 0 | 0 | 0< | >1 | 0 | 0 | 0 | 0 | 0 | 0 | -2 | 0 | -2 | 0 | -2 | 0 | -2 | 128 ]
[ -127 | -2 | 0 | 0 | 0 | 0 | 0< | >1 | 0 | 0 | 0 | 0 | 0 | 0 | -2 | 0 | -2 | 0 | -2 | 0 | -2 | 128 ]
[ -127 | -2 | 0 | 0 | 0 | 0< | 0 | >0 | 0 | 0 | 0 | 0 | 0 | 0 | -2 | 0 | -2 | 0 | -2 | 0 | -2 | 128 ]
[ -127 | -2 | 0 | 0 | 0 | 0< | 0 | 0 | >0 | 0 | 0 | 0 | 0 | 0 | -2 | 0 | -2 | 0 | -2 | 0 | -2 | 128 ]
[ -127 | -2 | 0 | 0 | 0< | 0 | 0 | 0 | >1 | 0 | 0 | 0 | 0 | 0 | -2 | 0 | -2 | 0 | -2 | 0 | -2 | 128 ]
[ -127 | -2 | 0 | 0 | 0< | 0 | 0 | 0 | >1 | 0 | 0 | 0 | 0 | 0 | -2 | 0 | -2 | 0 | -2 | 0 | -2 | 128 ]
[ -127 | -2 | 0 | 0< | 0 | 0 | 0 | 0 | >0 | 0 | 0 | 0 | 0 | 0 | -2 | 0 | -2 | 0 | -2 | 0 | -2 | 128 ]
[ -127 | -2 | 0 | 0< | 0 | 0 | 0 | 0 | 0 | >0 | 0 | 0 | 0 | 0 | -2 | 0 | -2 | 0 | -2 | 0 | -2 | 128 ]
[ -127 | -2 | 0< | 0 | 0 | 0 | 0 | 0 | 0 | >1 | 0 | 0 | 0 | 0 | -2 | 0 | -2 | 0 | -2 | 0 | -2 | 128 ]
[ -127 | -2 | 0< | 0 | 0 | 0 | 0 | 0 | 0 | >1 | 0 | 0 | 0 | 0 | -2 | 0 | -2 | 0 | -2 | 0 | -2 | 128 ]
[ -127 | -2< | 0 | 0 | 0 | 0 | 0 | 0 | 0 | >0 | 0 | 0 | 0 | 0 | -2 | 0 | -2 | 0 | -2 | 0 | -2 | 128 ]
[ -127 | -2< | 0 | 0 | 0 | 0 | 0 | 0 | 0 | 0 | >0 | 0 | 0 | 0 | -2 | 0 | -2 | 0 | -2 | 0 | -2 | 128 ]
[ -127 | -3< | 0 | 0 | 0 | 0 | 0 | 0 | 0 | 0 | >1 | 0 | 0 | 0 | -2 | 0 | -2 | 0 | -2 | 0 | -2 | 128 ]
[ -127 | -3< | 0 | 0 | 0 | 0 | 0 | 0 | 0 | 0 | >1 | 0 | 0 | 0 | -2 | 0 | -2 | 0 | -2 | 0 | -2 | 128 ]
[ -127 | -4< | 0 | 0 | 0 | 0 | 0 | 0 | 0 | 0 | >0 | 0 | 0 | 0 | -2 | 0 | -2 | 0 | -2 | 0 | -2 | 128 ]
[ -127 | -4< | 0 | 0 | 0 | 0 | 0 | 0 | 0 | 0 | 0 | >0 | 0 | 0 | -2 | 0 | -2 | 0 | -2 | 0 | -2 | 128 ]
[ -127 | -5< | 0 | 0 | 0 | 0 | 0 | 0 | 0 | 0 | 0 | >1 | 0 | 0 | -2 | 0 | -2 | 0 | -2 | 0 | -2 | 128 ]
[ -127 | -5< | 0 | 0 | 0 | 0 | 0 | 0 | 0 | 0 | 0 | >1 | 0 | 0 | -2 | 0 | -2 | 0 | -2 | 0 | -2 | 128 ]
[ -127 | -6< | 0 | 0 | 0 | 0 | 0 | 0 | 0 | 0 | 0 | >0 | 0 | 0 | -2 | 0 | -2 | 0 | -2 | 0 | -2 | 128 ]
[ -127 | -6< | 0 | 0 | 0 | 0 | 0 | 0 | 0 | 0 | 0 | 0 | >0 | 0 | -2 | 0 | -2 | 0 | -2 | 0 | -2 | 128 ]
[ -127 | -7< | 0 | 0 | 0 | 0 | 0 | 0 | 0 | 0 | 0 | 0 | >1 | 0 | -2 | 0 | -2 | 0 | -2 | 0 | -2 | 128 ]
[ -127 | -7< | 0 | 0 | 0 | 0 | 0 | 0 | 0 | 0 | 0 | 0 | >1 | 0 | -2 | 0 | -2 | 0 | -2 | 0 | -2 | 128 ]
[ -127 | -8< | 0 | 0 | 0 | 0 | 0 | 0 | 0 | 0 | 0 | 0 | >0 | 0 | -2 | 0 | -2 | 0 | -2 | 0 | -2 | 128 ]
[ -127 | -8< | 0 | 0 | 0 | 0 | 0 | 0 | 0 | 0 | 0 | 0 | 0 | >0 | -2 | 0 | -2 | 0 | -2 | 0 | -2 | 128 ]
[ -127 | -9< | 0 | 0 | 0 | 0 | 0 | 0 | 0 | 0 | 0 | 0 | 0 | >1 | -2 | 0 | -2 | 0 | -2 | 0 | -2 | 128 ]
[ -127 | -9< | 0 | 0 | 0 | 0 | 0 | 0 | 0 | 0 | 0 | 0 | 0 | >1 | -2 | 0 | -2 | 0 | -2 | 0 | -2 | 128 ]
[ -127 | -10< | 0 | 0 | 0 | 0 | 0 | 0 | 0 | 0 | 0 | 0 | 0 | >0 | -2 | 0 | -2 | 0 | -2 | 0 | -2 | 128 ]
[ -127 | -10< | 0 | 0 | 0 | 0 | 0 | 0 | 0 | 0 | 0 | 0 | 0 | 0 | >-2 | 0 | -2 | 0 | -2 | 0 | -2 | 128 ]
[ -127 | -11< | 0 | 0 | 0 | 0 | 0 | 0 | 0 | 0 | 0 | 0 | 0 | 0 | >-1 | 0 | -2 | 0 | -2 | 0 | -2 | 128 ]
[ -127 | -11< | 0 | 0 | 0 | 0 | 0 | 0 | 0 | 0 | 0 | 0 | 0 | 0 | >-1 | 0 | -2 | 0 | -2 | 0 | -2 | 128 ]
[ -127 | -12< | 0 | 0 | 0 | 0 | 0 | 0 | 0 | 0 | 0 | 0 | 0 | 0 | >-2 | 0 | -2 | 0 | -2 | 0 | -2 | 128 ]
[ -127 | -12< | 0 | 0 | 0 | 0 | 0 | 0 | 0 | 0 | 0 | 0 | 0 | 0 | -2 | >0 | -2 | 0 | -2 | 0 | -2 | 128 ]
[ -127 | -13< | 0 | 0 | 0 | 0 | 0 | 0 | 0 | 0 | 0 | 0 | 0 | 0 | -2 | >1 | -2 | 0 | -2 | 0 | -2 | 128 ]
[ -127 | -13< | 0 | 0 | 0 | 0 | 0 | 0 | 0 | 0 | 0 | 0 | 0 | 0 | -2 | >1 | -2 | 0 | -2 | 0 | -2 | 128 ]
[ -127 | -14< | 0 | 0 | 0 | 0 | 0 | 0 | 0 | 0 | 0 | 0 | 0 | 0 | -2 | >0 | -2 | 0 | -2 | 0 | -2 | 128 ]
[ -127 | -14< | 0 | 0 | 0 | 0 | 0 | 0 | 0 | 0 | 0 | 0 | 0 | 0 | -2 | 0 | >-2 | 0 | -2 | 0 | -2 | 128 ]
[ -127 | -15< | 0 | 0 | 0 | 0 | 0 | 0 | 0 | 0 | 0 | 0 | 0 | 0 | -2 | 0 | >-1 | 0 | -2 | 0 | -2 | 128 ]
[ -127 | -15< | 0 | 0 | 0 | 0 | 0 | 0 | 0 | 0 | 0 | 0 | 0 | 0 | -2 | 0 | >-1 | 0 | -2 | 0 | -2 | 128 ]
[ -127 | -16< | 0 | 0 | 0 | 0 | 0 | 0 | 0 | 0 | 0 | 0 | 0 | 0 | -2 | 0 | >-2 | 0 | -2 | 0 | -2 | 128 ]
[ -127 | -16< | 0 | 0 | 0 | 0 | 0 | 0 | 0 | 0 | 0 | 0 | 0 | 0 | -2 | 0 | -2 | >0 | -2 | 0 | -2 | 128 ]
[ -127 | -17< | 0 | 0 | 0 | 0 | 0 | 0 | 0 | 0 | 0 | 0 | 0 | 0 | -2 | 0 | -2 | >1 | -2 | 0 | -2 | 128 ]
[ -127 | -17< | 0 | 0 | 0 | 0 | 0 | 0 | 0 | 0 | 0 | 0 | 0 | 0 | -2 | 0 | -2 | >1 | -2 | 0 | -2 | 128 ]
[ -127 | -18< | 0 | 0 | 0 | 0 | 0 | 0 | 0 | 0 | 0 | 0 | 0 | 0 | -2 | 0 | -2 | >0 | -2 | 0 | -2 | 128 ]
[ -127 | -18< | 0 | 0 | 0 | 0 | 0 | 0 | 0 | 0 | 0 | 0 | 0 | 0 | -2 | 0 | -2 | 0 | >-2 | 0 | -2 | 128 ]
[ -127 | -19< | 0 | 0 | 0 | 0 | 0 | 0 | 0 | 0 | 0 | 0 | 0 | 0 | -2 | 0 | -2 | 0 | >-1 | 0 | -2 | 128 ]
[ -127 | -19< | 0 | 0 | 0 | 0 | 0 | 0 | 0 | 0 | 0 | 0 | 0 | 0 | -2 | 0 | -2 | 0 | >-1 | 0 | -2 | 128 ]
[ -127 | -20< | 0 | 0 | 0 | 0 | 0 | 0 | 0 | 0 | 0 | 0 | 0 | 0 | -2 | 0 | -2 | 0 | >-2 | 0 | -2 | 128 ]
[ -127 | -20< | 0 | 0 | 0 | 0 | 0 | 0 | 0 | 0 | 0 | 0 | 0 | 0 | -2 | 0 | -2 | 0 | -2 | >0 | -2 | 128 ]
[ -127 | -21< | 0 | 0 | 0 | 0 | 0 | 0 | 0 | 0 | 0 | 0 | 0 | 0 | -2 | 0 | -2 | 0 | -2 | >1 | -2 | 128 ]
[ -127 | -21< | 0 | 0 | 0 | 0 | 0 | 0 | 0 | 0 | 0 | 0 | 0 | 0 | -2 | 0 | -2 | 0 | -2 | >1 | -2 | 128 ]
[ -127 | -22< | 0 | 0 | 0 | 0 | 0 | 0 | 0 | 0 | 0 | 0 | 0 | 0 | -2 | 0 | -2 | 0 | -2 | >0 | -2 | 128 ]
[ -127 | -22< | 0 | 0 | 0 | 0 | 0 | 0 | 0 | 0 | 0 | 0 | 0 | 0 | -2 | 0 | -2 | 0 | -2 | 0 | >-2 | 128 ]
[ -127 | -23< | 0 | 0 | 0 | 0 | 0 | 0 | 0 | 0 | 0 | 0 | 0 | 0 | -2 | 0 | -2 | 0 | -2 | 0 | >-1 | 128 ]
[ -127 | -23< | 0 | 0 | 0 | 0 | 0 | 0 | 0 | 0 | 0 | 0 | 0 | 0 | -2 | 0 | -2 | 0 | -2 | 0 | >-1 | 128 ]
[ -127 | -24< | 0 | 0 | 0 | 0 | 0 | 0 | 0 | 0 | 0 | 0 | 0 | 0 | -2 | 0 | -2 | 0 | -2 | 0 | >-2 | 128 ]
[ -127 | -24< | 0 | 0 | 0 | 0 | 0 | 0 | 0 | 0 | 0 | 0 | 0 | 0 | -2 | 0 | -2 | 0 | -2 | 0 | -2 | >128 ]
[ -127 | -25< | 0 | 0 | 0 | 0 | 0 | 0 | 0 | 0 | 0 | 0 | 0 | 0 | -2 | 0 | -2 | 0 | -2 | 0 | -2 | >-127 ]
[ -127 | -25< | 0 | 0 | 0 | 0 | 0 | 0 | 0 | 0 | 0 | 0 | 0 | 0 | -2 | 0 | -2 | 0 | -2 | 0 | -2 | >-127 ]
[ -127 | -26< | 0 | 0 | 0 | 0 | 0 | 0 | 0 | 0 | 0 | 0 | 0 | 0 | -2 | 0 | -2 | 0 | -2 | 0 | -2 | >128 ]
[ >-127 | -26< | 0 | 0 | 0 | 0 | 0 | 0 | 0 | 0 | 0 | 0 | 0 | 0 | -2 | 0 | -2 | 0 | -2 | 0 | -2 | 128 ]

===== TerribleThor won the battle after 88 cycles =====



===== Starting battle of <MetaJSRandomBot> vs <TerribleThor> with memory tape size: 22 =====

[ >128 | 0 | 0 | 0 | 0 | 0 | 0 | 0 | 0 | 0 | 0 | 0 | 0 | 0 | 0 | 0 | 0 | 0 | 0 | 0 | 0 | 128< ]
[ >-127 | 0 | 0 | 0 | 0 | 0 | 0 | 0 | 0 | 0 | 0 | 0 | 0 | 0 | 0 | 0 | 0 | 0 | 0 | 0 | 0< | 128 ]
[ >-127 | 0 | 0 | 0 | 0 | 0 | 0 | 0 | 0 | 0 | 0 | 0 | 0 | 0 | 0 | 0 | 0 | 0 | 0 | 0 | -1< | 128 ]
[ >-127 | 0 | 0 | 0 | 0 | 0 | 0 | 0 | 0 | 0 | 0 | 0 | 0 | 0 | 0 | 0 | 0 | 0 | 0 | 0 | -2< | 128 ]
[ -127 | >0 | 0 | 0 | 0 | 0 | 0 | 0 | 0 | 0 | 0 | 0 | 0 | 0 | 0 | 0 | 0 | 0 | 0 | 0< | -2 | 128 ]
[ -127 | >-1 | 0 | 0 | 0 | 0 | 0 | 0 | 0 | 0 | 0 | 0 | 0 | 0 | 0 | 0 | 0 | 0 | 0< | 0 | -2 | 128 ]
[ -127 | >-1 | 0 | 0 | 0 | 0 | 0 | 0 | 0 | 0 | 0 | 0 | 0 | 0 | 0 | 0 | 0 | 0 | -1< | 0 | -2 | 128 ]
[ -127 | >-2 | 0 | 0 | 0 | 0 | 0 | 0 | 0 | 0 | 0 | 0 | 0 | 0 | 0 | 0 | 0 | 0 | -2< | 0 | -2 | 128 ]
[ -127 | -2 | >0 | 0 | 0 | 0 | 0 | 0 | 0 | 0 | 0 | 0 | 0 | 0 | 0 | 0 | 0 | 0< | -2 | 0 | -2 | 128 ]
[ -127 | -2 | >1 | 0 | 0 | 0 | 0 | 0 | 0 | 0 | 0 | 0 | 0 | 0 | 0 | 0 | 0< | 0 | -2 | 0 | -2 | 128 ]
[ -127 | -2 | >1 | 0 | 0 | 0 | 0 | 0 | 0 | 0 | 0 | 0 | 0 | 0 | 0 | 0 | -1< | 0 | -2 | 0 | -2 | 128 ]
[ -127 | -2 | >0 | 0 | 0 | 0 | 0 | 0 | 0 | 0 | 0 | 0 | 0 | 0 | 0 | 0 | -2< | 0 | -2 | 0 | -2 | 128 ]
[ -127 | -2 | 0 | >0 | 0 | 0 | 0 | 0 | 0 | 0 | 0 | 0 | 0 | 0 | 0 | 0< | -2 | 0 | -2 | 0 | -2 | 128 ]
[ -127 | -2 | 0 | >1 | 0 | 0 | 0 | 0 | 0 | 0 | 0 | 0 | 0 | 0 | 0< | 0 | -2 | 0 | -2 | 0 | -2 | 128 ]
[ -127 | -2 | 0 | >1 | 0 | 0 | 0 | 0 | 0 | 0 | 0 | 0 | 0 | 0 | -1< | 0 | -2 | 0 | -2 | 0 | -2 | 128 ]
[ -127 | -2 | 0 | >0 | 0 | 0 | 0 | 0 | 0 | 0 | 0 | 0 | 0 | 0 | -2< | 0 | -2 | 0 | -2 | 0 | -2 | 128 ]
[ -127 | -2 | 0 | 0 | >0 | 0 | 0 | 0 | 0 | 0 | 0 | 0 | 0 | 0< | -2 | 0 | -2 | 0 | -2 | 0 | -2 | 128 ]
[ -127 | -2 | 0 | 0 | >1 | 0 | 0 | 0 | 0 | 0 | 0 | 0 | 0< | 0 | -2 | 0 | -2 | 0 | -2 | 0 | -2 | 128 ]
[ -127 | -2 | 0 | 0 | >1 | 0 | 0 | 0 | 0 | 0 | 0 | 0 | 0< | 0 | -2 | 0 | -2 | 0 | -2 | 0 | -2 | 128 ]
[ -127 | -2 | 0 | 0 | >0 | 0 | 0 | 0 | 0 | 0 | 0 | 0< | 0 | 0 | -2 | 0 | -2 | 0 | -2 | 0 | -2 | 128 ]
[ -127 | -2 | 0 | 0 | 0 | >0 | 0 | 0 | 0 | 0 | 0 | 0< | 0 | 0 | -2 | 0 | -2 | 0 | -2 | 0 | -2 | 128 ]
[ -127 | -2 | 0 | 0 | 0 | >1 | 0 | 0 | 0 | 0 | 0< | 0 | 0 | 0 | -2 | 0 | -2 | 0 | -2 | 0 | -2 | 128 ]
[ -127 | -2 | 0 | 0 | 0 | >1 | 0 | 0 | 0 | 0 | 0< | 0 | 0 | 0 | -2 | 0 | -2 | 0 | -2 | 0 | -2 | 128 ]
[ -127 | -2 | 0 | 0 | 0 | >0 | 0 | 0 | 0 | 0< | 0 | 0 | 0 | 0 | -2 | 0 | -2 | 0 | -2 | 0 | -2 | 128 ]
[ -127 | -2 | 0 | 0 | 0 | 0 | >0 | 0 | 0 | 0< | 0 | 0 | 0 | 0 | -2 | 0 | -2 | 0 | -2 | 0 | -2 | 128 ]
[ -127 | -2 | 0 | 0 | 0 | 0 | >1 | 0 | 0< | 0 | 0 | 0 | 0 | 0 | -2 | 0 | -2 | 0 | -2 | 0 | -2 | 128 ]
[ -127 | -2 | 0 | 0 | 0 | 0 | >1 | 0 | 0< | 0 | 0 | 0 | 0 | 0 | -2 | 0 | -2 | 0 | -2 | 0 | -2 | 128 ]
[ -127 | -2 | 0 | 0 | 0 | 0 | >0 | 0< | 0 | 0 | 0 | 0 | 0 | 0 | -2 | 0 | -2 | 0 | -2 | 0 | -2 | 128 ]
[ -127 | -2 | 0 | 0 | 0 | 0 | 0 | >0< | 0 | 0 | 0 | 0 | 0 | 0 | -2 | 0 | -2 | 0 | -2 | 0 | -2 | 128 ]
[ -127 | -2 | 0 | 0 | 0 | 0 | 0< | >1 | 0 | 0 | 0 | 0 | 0 | 0 | -2 | 0 | -2 | 0 | -2 | 0 | -2 | 128 ]
[ -127 | -2 | 0 | 0 | 0 | 0 | 0< | >1 | 0 | 0 | 0 | 0 | 0 | 0 | -2 | 0 | -2 | 0 | -2 | 0 | -2 | 128 ]
[ -127 | -2 | 0 | 0 | 0 | 0< | 0 | >0 | 0 | 0 | 0 | 0 | 0 | 0 | -2 | 0 | -2 | 0 | -2 | 0 | -2 | 128 ]
[ -127 | -2 | 0 | 0 | 0 | 0< | 0 | 0 | >0 | 0 | 0 | 0 | 0 | 0 | -2 | 0 | -2 | 0 | -2 | 0 | -2 | 128 ]
[ -127 | -2 | 0 | 0 | 0< | 0 | 0 | 0 | >1 | 0 | 0 | 0 | 0 | 0 | -2 | 0 | -2 | 0 | -2 | 0 | -2 | 128 ]
[ -127 | -2 | 0 | 0 | 0< | 0 | 0 | 0 | >1 | 0 | 0 | 0 | 0 | 0 | -2 | 0 | -2 | 0 | -2 | 0 | -2 | 128 ]
[ -127 | -2 | 0 | 0< | 0 | 0 | 0 | 0 | >0 | 0 | 0 | 0 | 0 | 0 | -2 | 0 | -2 | 0 | -2 | 0 | -2 | 128 ]
[ -127 | -2 | 0 | 0< | 0 | 0 | 0 | 0 | 0 | >0 | 0 | 0 | 0 | 0 | -2 | 0 | -2 | 0 | -2 | 0 | -2 | 128 ]
[ -127 | -2 | 0< | 0 | 0 | 0 | 0 | 0 | 0 | >1 | 0 | 0 | 0 | 0 | -2 | 0 | -2 | 0 | -2 | 0 | -2 | 128 ]
[ -127 | -2 | 0< | 0 | 0 | 0 | 0 | 0 | 0 | >1 | 0 | 0 | 0 | 0 | -2 | 0 | -2 | 0 | -2 | 0 | -2 | 128 ]
[ -127 | -2< | 0 | 0 | 0 | 0 | 0 | 0 | 0 | >0 | 0 | 0 | 0 | 0 | -2 | 0 | -2 | 0 | -2 | 0 | -2 | 128 ]
[ -127 | -2< | 0 | 0 | 0 | 0 | 0 | 0 | 0 | 0 | >0 | 0 | 0 | 0 | -2 | 0 | -2 | 0 | -2 | 0 | -2 | 128 ]
[ -127 | -3< | 0 | 0 | 0 | 0 | 0 | 0 | 0 | 0 | >1 | 0 | 0 | 0 | -2 | 0 | -2 | 0 | -2 | 0 | -2 | 128 ]
[ -127 | -3< | 0 | 0 | 0 | 0 | 0 | 0 | 0 | 0 | >1 | 0 | 0 | 0 | -2 | 0 | -2 | 0 | -2 | 0 | -2 | 128 ]
[ -127 | -4< | 0 | 0 | 0 | 0 | 0 | 0 | 0 | 0 | >0 | 0 | 0 | 0 | -2 | 0 | -2 | 0 | -2 | 0 | -2 | 128 ]
[ -127 | -4< | 0 | 0 | 0 | 0 | 0 | 0 | 0 | 0 | 0 | >0 | 0 | 0 | -2 | 0 | -2 | 0 | -2 | 0 | -2 | 128 ]
[ -127 | -5< | 0 | 0 | 0 | 0 | 0 | 0 | 0 | 0 | 0 | >1 | 0 | 0 | -2 | 0 | -2 | 0 | -2 | 0 | -2 | 128 ]
[ -127 | -5< | 0 | 0 | 0 | 0 | 0 | 0 | 0 | 0 | 0 | >1 | 0 | 0 | -2 | 0 | -2 | 0 | -2 | 0 | -2 | 128 ]
[ -127 | -6< | 0 | 0 | 0 | 0 | 0 | 0 | 0 | 0 | 0 | >0 | 0 | 0 | -2 | 0 | -2 | 0 | -2 | 0 | -2 | 128 ]
[ -127 | -6< | 0 | 0 | 0 | 0 | 0 | 0 | 0 | 0 | 0 | 0 | >0 | 0 | -2 | 0 | -2 | 0 | -2 | 0 | -2 | 128 ]
[ -127 | -7< | 0 | 0 | 0 | 0 | 0 | 0 | 0 | 0 | 0 | 0 | >1 | 0 | -2 | 0 | -2 | 0 | -2 | 0 | -2 | 128 ]
[ -127 | -7< | 0 | 0 | 0 | 0 | 0 | 0 | 0 | 0 | 0 | 0 | >1 | 0 | -2 | 0 | -2 | 0 | -2 | 0 | -2 | 128 ]
[ -127 | -8< | 0 | 0 | 0 | 0 | 0 | 0 | 0 | 0 | 0 | 0 | >0 | 0 | -2 | 0 | -2 | 0 | -2 | 0 | -2 | 128 ]
[ -127 | -8< | 0 | 0 | 0 | 0 | 0 | 0 | 0 | 0 | 0 | 0 | 0 | >0 | -2 | 0 | -2 | 0 | -2 | 0 | -2 | 128 ]
[ -127 | -9< | 0 | 0 | 0 | 0 | 0 | 0 | 0 | 0 | 0 | 0 | 0 | >1 | -2 | 0 | -2 | 0 | -2 | 0 | -2 | 128 ]
[ -127 | -9< | 0 | 0 | 0 | 0 | 0 | 0 | 0 | 0 | 0 | 0 | 0 | >1 | -2 | 0 | -2 | 0 | -2 | 0 | -2 | 128 ]
[ -127 | -10< | 0 | 0 | 0 | 0 | 0 | 0 | 0 | 0 | 0 | 0 | 0 | >0 | -2 | 0 | -2 | 0 | -2 | 0 | -2 | 128 ]
[ -127 | -10< | 0 | 0 | 0 | 0 | 0 | 0 | 0 | 0 | 0 | 0 | 0 | 0 | >-2 | 0 | -2 | 0 | -2 | 0 | -2 | 128 ]
[ -127 | -11< | 0 | 0 | 0 | 0 | 0 | 0 | 0 | 0 | 0 | 0 | 0 | 0 | >-1 | 0 | -2 | 0 | -2 | 0 | -2 | 128 ]
[ -127 | -11< | 0 | 0 | 0 | 0 | 0 | 0 | 0 | 0 | 0 | 0 | 0 | 0 | >-1 | 0 | -2 | 0 | -2 | 0 | -2 | 128 ]
[ -127 | -12< | 0 | 0 | 0 | 0 | 0 | 0 | 0 | 0 | 0 | 0 | 0 | 0 | >-2 | 0 | -2 | 0 | -2 | 0 | -2 | 128 ]
[ -127 | -12< | 0 | 0 | 0 | 0 | 0 | 0 | 0 | 0 | 0 | 0 | 0 | 0 | -2 | >0 | -2 | 0 | -2 | 0 | -2 | 128 ]
[ -127 | -13< | 0 | 0 | 0 | 0 | 0 | 0 | 0 | 0 | 0 | 0 | 0 | 0 | -2 | >1 | -2 | 0 | -2 | 0 | -2 | 128 ]
[ -127 | -13< | 0 | 0 | 0 | 0 | 0 | 0 | 0 | 0 | 0 | 0 | 0 | 0 | -2 | >1 | -2 | 0 | -2 | 0 | -2 | 128 ]
[ -127 | -14< | 0 | 0 | 0 | 0 | 0 | 0 | 0 | 0 | 0 | 0 | 0 | 0 | -2 | >0 | -2 | 0 | -2 | 0 | -2 | 128 ]
[ -127 | -14< | 0 | 0 | 0 | 0 | 0 | 0 | 0 | 0 | 0 | 0 | 0 | 0 | -2 | 0 | >-2 | 0 | -2 | 0 | -2 | 128 ]
[ -127 | -15< | 0 | 0 | 0 | 0 | 0 | 0 | 0 | 0 | 0 | 0 | 0 | 0 | -2 | 0 | >-1 | 0 | -2 | 0 | -2 | 128 ]
[ -127 | -15< | 0 | 0 | 0 | 0 | 0 | 0 | 0 | 0 | 0 | 0 | 0 | 0 | -2 | 0 | >-1 | 0 | -2 | 0 | -2 | 128 ]
[ -127 | -16< | 0 | 0 | 0 | 0 | 0 | 0 | 0 | 0 | 0 | 0 | 0 | 0 | -2 | 0 | >-2 | 0 | -2 | 0 | -2 | 128 ]
[ -127 | -16< | 0 | 0 | 0 | 0 | 0 | 0 | 0 | 0 | 0 | 0 | 0 | 0 | -2 | 0 | -2 | >0 | -2 | 0 | -2 | 128 ]
[ -127 | -17< | 0 | 0 | 0 | 0 | 0 | 0 | 0 | 0 | 0 | 0 | 0 | 0 | -2 | 0 | -2 | >1 | -2 | 0 | -2 | 128 ]
[ -127 | -17< | 0 | 0 | 0 | 0 | 0 | 0 | 0 | 0 | 0 | 0 | 0 | 0 | -2 | 0 | -2 | >1 | -2 | 0 | -2 | 128 ]
[ -127 | -18< | 0 | 0 | 0 | 0 | 0 | 0 | 0 | 0 | 0 | 0 | 0 | 0 | -2 | 0 | -2 | >0 | -2 | 0 | -2 | 128 ]
[ -127 | -18< | 0 | 0 | 0 | 0 | 0 | 0 | 0 | 0 | 0 | 0 | 0 | 0 | -2 | 0 | -2 | 0 | >-2 | 0 | -2 | 128 ]
[ -127 | -19< | 0 | 0 | 0 | 0 | 0 | 0 | 0 | 0 | 0 | 0 | 0 | 0 | -2 | 0 | -2 | 0 | >-1 | 0 | -2 | 128 ]
[ -127 | -19< | 0 | 0 | 0 | 0 | 0 | 0 | 0 | 0 | 0 | 0 | 0 | 0 | -2 | 0 | -2 | 0 | >-1 | 0 | -2 | 128 ]
[ -127 | -20< | 0 | 0 | 0 | 0 | 0 | 0 | 0 | 0 | 0 | 0 | 0 | 0 | -2 | 0 | -2 | 0 | >-2 | 0 | -2 | 128 ]
[ -127 | -20< | 0 | 0 | 0 | 0 | 0 | 0 | 0 | 0 | 0 | 0 | 0 | 0 | -2 | 0 | -2 | 0 | -2 | >0 | -2 | 128 ]
[ -127 | -21< | 0 | 0 | 0 | 0 | 0 | 0 | 0 | 0 | 0 | 0 | 0 | 0 | -2 | 0 | -2 | 0 | -2 | >1 | -2 | 128 ]
[ -127 | -21< | 0 | 0 | 0 | 0 | 0 | 0 | 0 | 0 | 0 | 0 | 0 | 0 | -2 | 0 | -2 | 0 | -2 | >1 | -2 | 128 ]
[ -127 | -22< | 0 | 0 | 0 | 0 | 0 | 0 | 0 | 0 | 0 | 0 | 0 | 0 | -2 | 0 | -2 | 0 | -2 | >0 | -2 | 128 ]
[ -127 | -22< | 0 | 0 | 0 | 0 | 0 | 0 | 0 | 0 | 0 | 0 | 0 | 0 | -2 | 0 | -2 | 0 | -2 | 0 | >-2 | 128 ]
[ -127 | -23< | 0 | 0 | 0 | 0 | 0 | 0 | 0 | 0 | 0 | 0 | 0 | 0 | -2 | 0 | -2 | 0 | -2 | 0 | >-1 | 128 ]
[ -127 | -23< | 0 | 0 | 0 | 0 | 0 | 0 | 0 | 0 | 0 | 0 | 0 | 0 | -2 | 0 | -2 | 0 | -2 | 0 | >-1 | 128 ]
[ -127 | -24< | 0 | 0 | 0 | 0 | 0 | 0 | 0 | 0 | 0 | 0 | 0 | 0 | -2 | 0 | -2 | 0 | -2 | 0 | >-2 | 128 ]
[ -127 | -24< | 0 | 0 | 0 | 0 | 0 | 0 | 0 | 0 | 0 | 0 | 0 | 0 | -2 | 0 | -2 | 0 | -2 | 0 | -2 | >128 ]
[ -127 | -25< | 0 | 0 | 0 | 0 | 0 | 0 | 0 | 0 | 0 | 0 | 0 | 0 | -2 | 0 | -2 | 0 | -2 | 0 | -2 | >-127 ]
[ -127 | -25< | 0 | 0 | 0 | 0 | 0 | 0 | 0 | 0 | 0 | 0 | 0 | 0 | -2 | 0 | -2 | 0 | -2 | 0 | -2 | >-127 ]
[ -127 | -26< | 0 | 0 | 0 | 0 | 0 | 0 | 0 | 0 | 0 | 0 | 0 | 0 | -2 | 0 | -2 | 0 | -2 | 0 | -2 | >128 ]
[ >-127 | -26< | 0 | 0 | 0 | 0 | 0 | 0 | 0 | 0 | 0 | 0 | 0 | 0 | -2 | 0 | -2 | 0 | -2 | 0 | -2 | 128 ]

===== TerribleThor won the battle after 88 cycles =====



===== Starting battle of <MetaJSRandomBot> vs <TerribleThor> with memory tape size: 30 =====

[ >128 | 0 | 0 | 0 | 0 | 0 | 0 | 0 | 0 | 0 | 0 | 0 | 0 | 0 | 0 | 0 | 0 | 0 | 0 | 0 | 0 | 0 | 0 | 0 | 0 | 0 | 0 | 0 | 0 | 128< ]
[ >-127 | 0 | 0 | 0 | 0 | 0 | 0 | 0 | 0 | 0 | 0 | 0 | 0 | 0 | 0 | 0 | 0 | 0 | 0 | 0 | 0 | 0 | 0 | 0 | 0 | 0 | 0 | 0 | 0< | 128 ]
[ >-127 | 0 | 0 | 0 | 0 | 0 | 0 | 0 | 0 | 0 | 0 | 0 | 0 | 0 | 0 | 0 | 0 | 0 | 0 | 0 | 0 | 0 | 0 | 0 | 0 | 0 | 0 | 0 | -1< | 128 ]
[ >-127 | 0 | 0 | 0 | 0 | 0 | 0 | 0 | 0 | 0 | 0 | 0 | 0 | 0 | 0 | 0 | 0 | 0 | 0 | 0 | 0 | 0 | 0 | 0 | 0 | 0 | 0 | 0 | -2< | 128 ]
[ -127 | >0 | 0 | 0 | 0 | 0 | 0 | 0 | 0 | 0 | 0 | 0 | 0 | 0 | 0 | 0 | 0 | 0 | 0 | 0 | 0 | 0 | 0 | 0 | 0 | 0 | 0 | 0< | -2 | 128 ]
[ -127 | >-1 | 0 | 0 | 0 | 0 | 0 | 0 | 0 | 0 | 0 | 0 | 0 | 0 | 0 | 0 | 0 | 0 | 0 | 0 | 0 | 0 | 0 | 0 | 0 | 0 | 0< | 0 | -2 | 128 ]
[ -127 | >-1 | 0 | 0 | 0 | 0 | 0 | 0 | 0 | 0 | 0 | 0 | 0 | 0 | 0 | 0 | 0 | 0 | 0 | 0 | 0 | 0 | 0 | 0 | 0 | 0 | -1< | 0 | -2 | 128 ]
[ -127 | >-2 | 0 | 0 | 0 | 0 | 0 | 0 | 0 | 0 | 0 | 0 | 0 | 0 | 0 | 0 | 0 | 0 | 0 | 0 | 0 | 0 | 0 | 0 | 0 | 0 | -2< | 0 | -2 | 128 ]
[ -127 | -2 | >0 | 0 | 0 | 0 | 0 | 0 | 0 | 0 | 0 | 0 | 0 | 0 | 0 | 0 | 0 | 0 | 0 | 0 | 0 | 0 | 0 | 0 | 0 | 0< | -2 | 0 | -2 | 128 ]
[ -127 | -2 | >1 | 0 | 0 | 0 | 0 | 0 | 0 | 0 | 0 | 0 | 0 | 0 | 0 | 0 | 0 | 0 | 0 | 0 | 0 | 0 | 0 | 0 | 0< | 0 | -2 | 0 | -2 | 128 ]
[ -127 | -2 | >1 | 0 | 0 | 0 | 0 | 0 | 0 | 0 | 0 | 0 | 0 | 0 | 0 | 0 | 0 | 0 | 0 | 0 | 0 | 0 | 0 | 0 | -1< | 0 | -2 | 0 | -2 | 128 ]
[ -127 | -2 | >0 | 0 | 0 | 0 | 0 | 0 | 0 | 0 | 0 | 0 | 0 | 0 | 0 | 0 | 0 | 0 | 0 | 0 | 0 | 0 | 0 | 0 | -2< | 0 | -2 | 0 | -2 | 128 ]
[ -127 | -2 | 0 | >0 | 0 | 0 | 0 | 0 | 0 | 0 | 0 | 0 | 0 | 0 | 0 | 0 | 0 | 0 | 0 | 0 | 0 | 0 | 0 | 0< | -2 | 0 | -2 | 0 | -2 | 128 ]
[ -127 | -2 | 0 | >1 | 0 | 0 | 0 | 0 | 0 | 0 | 0 | 0 | 0 | 0 | 0 | 0 | 0 | 0 | 0 | 0 | 0 | 0 | 0< | 0 | -2 | 0 | -2 | 0 | -2 | 128 ]
[ -127 | -2 | 0 | >1 | 0 | 0 | 0 | 0 | 0 | 0 | 0 | 0 | 0 | 0 | 0 | 0 | 0 | 0 | 0 | 0 | 0 | 0 | -1< | 0 | -2 | 0 | -2 | 0 | -2 | 128 ]
[ -127 | -2 | 0 | >0 | 0 | 0 | 0 | 0 | 0 | 0 | 0 | 0 | 0 | 0 | 0 | 0 | 0 | 0 | 0 | 0 | 0 | 0 | -2< | 0 | -2 | 0 | -2 | 0 | -2 | 128 ]
[ -127 | -2 | 0 | 0 | >0 | 0 | 0 | 0 | 0 | 0 | 0 | 0 | 0 | 0 | 0 | 0 | 0 | 0 | 0 | 0 | 0 | 0< | -2 | 0 | -2 | 0 | -2 | 0 | -2 | 128 ]
[ -127 | -2 | 0 | 0 | >1 | 0 | 0 | 0 | 0 | 0 | 0 | 0 | 0 | 0 | 0 | 0 | 0 | 0 | 0 | 0 | 0< | 0 | -2 | 0 | -2 | 0 | -2 | 0 | -2 | 128 ]
[ -127 | -2 | 0 | 0 | >1 | 0 | 0 | 0 | 0 | 0 | 0 | 0 | 0 | 0 | 0 | 0 | 0 | 0 | 0 | 0 | 0< | 0 | -2 | 0 | -2 | 0 | -2 | 0 | -2 | 128 ]
[ -127 | -2 | 0 | 0 | >0 | 0 | 0 | 0 | 0 | 0 | 0 | 0 | 0 | 0 | 0 | 0 | 0 | 0 | 0 | 0< | 0 | 0 | -2 | 0 | -2 | 0 | -2 | 0 | -2 | 128 ]
[ -127 | -2 | 0 | 0 | 0 | >0 | 0 | 0 | 0 | 0 | 0 | 0 | 0 | 0 | 0 | 0 | 0 | 0 | 0 | 0< | 0 | 0 | -2 | 0 | -2 | 0 | -2 | 0 | -2 | 128 ]
[ -127 | -2 | 0 | 0 | 0 | >1 | 0 | 0 | 0 | 0 | 0 | 0 | 0 | 0 | 0 | 0 | 0 | 0 | 0< | 0 | 0 | 0 | -2 | 0 | -2 | 0 | -2 | 0 | -2 | 128 ]
[ -127 | -2 | 0 | 0 | 0 | >1 | 0 | 0 | 0 | 0 | 0 | 0 | 0 | 0 | 0 | 0 | 0 | 0 | 0< | 0 | 0 | 0 | -2 | 0 | -2 | 0 | -2 | 0 | -2 | 128 ]
[ -127 | -2 | 0 | 0 | 0 | >0 | 0 | 0 | 0 | 0 | 0 | 0 | 0 | 0 | 0 | 0 | 0 | 0< | 0 | 0 | 0 | 0 | -2 | 0 | -2 | 0 | -2 | 0 | -2 | 128 ]
[ -127 | -2 | 0 | 0 | 0 | 0 | >0 | 0 | 0 | 0 | 0 | 0 | 0 | 0 | 0 | 0 | 0 | 0< | 0 | 0 | 0 | 0 | -2 | 0 | -2 | 0 | -2 | 0 | -2 | 128 ]
[ -127 | -2 | 0 | 0 | 0 | 0 | >1 | 0 | 0 | 0 | 0 | 0 | 0 | 0 | 0 | 0 | 0< | 0 | 0 | 0 | 0 | 0 | -2 | 0 | -2 | 0 | -2 | 0 | -2 | 128 ]
[ -127 | -2 | 0 | 0 | 0 | 0 | >1 | 0 | 0 | 0 | 0 | 0 | 0 | 0 | 0 | 0 | 0< | 0 | 0 | 0 | 0 | 0 | -2 | 0 | -2 | 0 | -2 | 0 | -2 | 128 ]
[ -127 | -2 | 0 | 0 | 0 | 0 | >0 | 0 | 0 | 0 | 0 | 0 | 0 | 0 | 0 | 0< | 0 | 0 | 0 | 0 | 0 | 0 | -2 | 0 | -2 | 0 | -2 | 0 | -2 | 128 ]
[ -127 | -2 | 0 | 0 | 0 | 0 | 0 | >0 | 0 | 0 | 0 | 0 | 0 | 0 | 0 | 0< | 0 | 0 | 0 | 0 | 0 | 0 | -2 | 0 | -2 | 0 | -2 | 0 | -2 | 128 ]
[ -127 | -2 | 0 | 0 | 0 | 0 | 0 | >1 | 0 | 0 | 0 | 0 | 0 | 0 | 0< | 0 | 0 | 0 | 0 | 0 | 0 | 0 | -2 | 0 | -2 | 0 | -2 | 0 | -2 | 128 ]
[ -127 | -2 | 0 | 0 | 0 | 0 | 0 | >1 | 0 | 0 | 0 | 0 | 0 | 0 | 0< | 0 | 0 | 0 | 0 | 0 | 0 | 0 | -2 | 0 | -2 | 0 | -2 | 0 | -2 | 128 ]
[ -127 | -2 | 0 | 0 | 0 | 0 | 0 | >0 | 0 | 0 | 0 | 0 | 0 | 0< | 0 | 0 | 0 | 0 | 0 | 0 | 0 | 0 | -2 | 0 | -2 | 0 | -2 | 0 | -2 | 128 ]
[ -127 | -2 | 0 | 0 | 0 | 0 | 0 | 0 | >0 | 0 | 0 | 0 | 0 | 0< | 0 | 0 | 0 | 0 | 0 | 0 | 0 | 0 | -2 | 0 | -2 | 0 | -2 | 0 | -2 | 128 ]
[ -127 | -2 | 0 | 0 | 0 | 0 | 0 | 0 | >1 | 0 | 0 | 0 | 0< | 0 | 0 | 0 | 0 | 0 | 0 | 0 | 0 | 0 | -2 | 0 | -2 | 0 | -2 | 0 | -2 | 128 ]
[ -127 | -2 | 0 | 0 | 0 | 0 | 0 | 0 | >1 | 0 | 0 | 0 | 0< | 0 | 0 | 0 | 0 | 0 | 0 | 0 | 0 | 0 | -2 | 0 | -2 | 0 | -2 | 0 | -2 | 128 ]
[ -127 | -2 | 0 | 0 | 0 | 0 | 0 | 0 | >0 | 0 | 0 | 0< | 0 | 0 | 0 | 0 | 0 | 0 | 0 | 0 | 0 | 0 | -2 | 0 | -2 | 0 | -2 | 0 | -2 | 128 ]
[ -127 | -2 | 0 | 0 | 0 | 0 | 0 | 0 | 0 | >0 | 0 | 0< | 0 | 0 | 0 | 0 | 0 | 0 | 0 | 0 | 0 | 0 | -2 | 0 | -2 | 0 | -2 | 0 | -2 | 128 ]
[ -127 | -2 | 0 | 0 | 0 | 0 | 0 | 0 | 0 | >1 | 0< | 0 | 0 | 0 | 0 | 0 | 0 | 0 | 0 | 0 | 0 | 0 | -2 | 0 | -2 | 0 | -2 | 0 | -2 | 128 ]
[ -127 | -2 | 0 | 0 | 0 | 0 | 0 | 0 | 0 | >1 | 0< | 0 | 0 | 0 | 0 | 0 | 0 | 0 | 0 | 0 | 0 | 0 | -2 | 0 | -2 | 0 | -2 | 0 | -2 | 128 ]
[ -127 | -2 | 0 | 0 | 0 | 0 | 0 | 0 | 0 | >0< | 0 | 0 | 0 | 0 | 0 | 0 | 0 | 0 | 0 | 0 | 0 | 0 | -2 | 0 | -2 | 0 | -2 | 0 | -2 | 128 ]
[ -127 | -2 | 0 | 0 | 0 | 0 | 0 | 0 | 0 | 0< | >0 | 0 | 0 | 0 | 0 | 0 | 0 | 0 | 0 | 0 | 0 | 0 | -2 | 0 | -2 | 0 | -2 | 0 | -2 | 128 ]
[ -127 | -2 | 0 | 0 | 0 | 0 | 0 | 0 | 0< | 0 | >1 | 0 | 0 | 0 | 0 | 0 | 0 | 0 | 0 | 0 | 0 | 0 | -2 | 0 | -2 | 0 | -2 | 0 | -2 | 128 ]
[ -127 | -2 | 0 | 0 | 0 | 0 | 0 | 0 | 0< | 0 | >1 | 0 | 0 | 0 | 0 | 0 | 0 | 0 | 0 | 0 | 0 | 0 | -2 | 0 | -2 | 0 | -2 | 0 | -2 | 128 ]
[ -127 | -2 | 0 | 0 | 0 | 0 | 0 | 0< | 0 | 0 | >0 | 0 | 0 | 0 | 0 | 0 | 0 | 0 | 0 | 0 | 0 | 0 | -2 | 0 | -2 | 0 | -2 | 0 | -2 | 128 ]
[ -127 | -2 | 0 | 0 | 0 | 0 | 0 | 0< | 0 | 0 | 0 | >0 | 0 | 0 | 0 | 0 | 0 | 0 | 0 | 0 | 0 | 0 | -2 | 0 | -2 | 0 | -2 | 0 | -2 | 128 ]
[ -127 | -2 | 0 | 0 | 0 | 0 | 0< | 0 | 0 | 0 | 0 | >1 | 0 | 0 | 0 | 0 | 0 | 0 | 0 | 0 | 0 | 0 | -2 | 0 | -2 | 0 | -2 | 0 | -2 | 128 ]
[ -127 | -2 | 0 | 0 | 0 | 0 | 0< | 0 | 0 | 0 | 0 | >1 | 0 | 0 | 0 | 0 | 0 | 0 | 0 | 0 | 0 | 0 | -2 | 0 | -2 | 0 | -2 | 0 | -2 | 128 ]
[ -127 | -2 | 0 | 0 | 0 | 0< | 0 | 0 | 0 | 0 | 0 | >0 | 0 | 0 | 0 | 0 | 0 | 0 | 0 | 0 | 0 | 0 | -2 | 0 | -2 | 0 | -2 | 0 | -2 | 128 ]
[ -127 | -2 | 0 | 0 | 0 | 0< | 0 | 0 | 0 | 0 | 0 | 0 | >0 | 0 | 0 | 0 | 0 | 0 | 0 | 0 | 0 | 0 | -2 | 0 | -2 | 0 | -2 | 0 | -2 | 128 ]
[ -127 | -2 | 0 | 0 | 0< | 0 | 0 | 0 | 0 | 0 | 0 | 0 | >1 | 0 | 0 | 0 | 0 | 0 | 0 | 0 | 0 | 0 | -2 | 0 | -2 | 0 | -2 | 0 | -2 | 128 ]
[ -127 | -2 | 0 | 0 | 0< | 0 | 0 | 0 | 0 | 0 | 0 | 0 | >1 | 0 | 0 | 0 | 0 | 0 | 0 | 0 | 0 | 0 | -2 | 0 | -2 | 0 | -2 | 0 | -2 | 128 ]
[ -127 | -2 | 0 | 0< | 0 | 0 | 0 | 0 | 0 | 0 | 0 | 0 | >0 | 0 | 0 | 0 | 0 | 0 | 0 | 0 | 0 | 0 | -2 | 0 | -2 | 0 | -2 | 0 | -2 | 128 ]
[ -127 | -2 | 0 | 0< | 0 | 0 | 0 | 0 | 0 | 0 | 0 | 0 | 0 | >0 | 0 | 0 | 0 | 0 | 0 | 0 | 0 | 0 | -2 | 0 | -2 | 0 | -2 | 0 | -2 | 128 ]
[ -127 | -2 | 0< | 0 | 0 | 0 | 0 | 0 | 0 | 0 | 0 | 0 | 0 | >1 | 0 | 0 | 0 | 0 | 0 | 0 | 0 | 0 | -2 | 0 | -2 | 0 | -2 | 0 | -2 | 128 ]
[ -127 | -2 | 0< | 0 | 0 | 0 | 0 | 0 | 0 | 0 | 0 | 0 | 0 | >1 | 0 | 0 | 0 | 0 | 0 | 0 | 0 | 0 | -2 | 0 | -2 | 0 | -2 | 0 | -2 | 128 ]
[ -127 | -2< | 0 | 0 | 0 | 0 | 0 | 0 | 0 | 0 | 0 | 0 | 0 | >0 | 0 | 0 | 0 | 0 | 0 | 0 | 0 | 0 | -2 | 0 | -2 | 0 | -2 | 0 | -2 | 128 ]
[ -127 | -2< | 0 | 0 | 0 | 0 | 0 | 0 | 0 | 0 | 0 | 0 | 0 | 0 | >0 | 0 | 0 | 0 | 0 | 0 | 0 | 0 | -2 | 0 | -2 | 0 | -2 | 0 | -2 | 128 ]
[ -127 | -3< | 0 | 0 | 0 | 0 | 0 | 0 | 0 | 0 | 0 | 0 | 0 | 0 | >1 | 0 | 0 | 0 | 0 | 0 | 0 | 0 | -2 | 0 | -2 | 0 | -2 | 0 | -2 | 128 ]
[ -127 | -3< | 0 | 0 | 0 | 0 | 0 | 0 | 0 | 0 | 0 | 0 | 0 | 0 | >1 | 0 | 0 | 0 | 0 | 0 | 0 | 0 | -2 | 0 | -2 | 0 | -2 | 0 | -2 | 128 ]
[ -127 | -4< | 0 | 0 | 0 | 0 | 0 | 0 | 0 | 0 | 0 | 0 | 0 | 0 | >0 | 0 | 0 | 0 | 0 | 0 | 0 | 0 | -2 | 0 | -2 | 0 | -2 | 0 | -2 | 128 ]
[ -127 | -4< | 0 | 0 | 0 | 0 | 0 | 0 | 0 | 0 | 0 | 0 | 0 | 0 | 0 | >0 | 0 | 0 | 0 | 0 | 0 | 0 | -2 | 0 | -2 | 0 | -2 | 0 | -2 | 128 ]
[ -127 | -5< | 0 | 0 | 0 | 0 | 0 | 0 | 0 | 0 | 0 | 0 | 0 | 0 | 0 | >1 | 0 | 0 | 0 | 0 | 0 | 0 | -2 | 0 | -2 | 0 | -2 | 0 | -2 | 128 ]
[ -127 | -5< | 0 | 0 | 0 | 0 | 0 | 0 | 0 | 0 | 0 | 0 | 0 | 0 | 0 | >1 | 0 | 0 | 0 | 0 | 0 | 0 | -2 | 0 | -2 | 0 | -2 | 0 | -2 | 128 ]
[ -127 | -6< | 0 | 0 | 0 | 0 | 0 | 0 | 0 | 0 | 0 | 0 | 0 | 0 | 0 | >0 | 0 | 0 | 0 | 0 | 0 | 0 | -2 | 0 | -2 | 0 | -2 | 0 | -2 | 128 ]
[ -127 | -6< | 0 | 0 | 0 | 0 | 0 | 0 | 0 | 0 | 0 | 0 | 0 | 0 | 0 | 0 | >0 | 0 | 0 | 0 | 0 | 0 | -2 | 0 | -2 | 0 | -2 | 0 | -2 | 128 ]
[ -127 | -7< | 0 | 0 | 0 | 0 | 0 | 0 | 0 | 0 | 0 | 0 | 0 | 0 | 0 | 0 | >1 | 0 | 0 | 0 | 0 | 0 | -2 | 0 | -2 | 0 | -2 | 0 | -2 | 128 ]
[ -127 | -7< | 0 | 0 | 0 | 0 | 0 | 0 | 0 | 0 | 0 | 0 | 0 | 0 | 0 | 0 | >1 | 0 | 0 | 0 | 0 | 0 | -2 | 0 | -2 | 0 | -2 | 0 | -2 | 128 ]
[ -127 | -8< | 0 | 0 | 0 | 0 | 0 | 0 | 0 | 0 | 0 | 0 | 0 | 0 | 0 | 0 | >0 | 0 | 0 | 0 | 0 | 0 | -2 | 0 | -2 | 0 | -2 | 0 | -2 | 128 ]
[ -127 | -8< | 0 | 0 | 0 | 0 | 0 | 0 | 0 | 0 | 0 | 0 | 0 | 0 | 0 | 0 | 0 | >0 | 0 | 0 | 0 | 0 | -2 | 0 | -2 | 0 | -2 | 0 | -2 | 128 ]
[ -127 | -9< | 0 | 0 | 0 | 0 | 0 | 0 | 0 | 0 | 0 | 0 | 0 | 0 | 0 | 0 | 0 | >1 | 0 | 0 | 0 | 0 | -2 | 0 | -2 | 0 | -2 | 0 | -2 | 128 ]
[ -127 | -9< | 0 | 0 | 0 | 0 | 0 | 0 | 0 | 0 | 0 | 0 | 0 | 0 | 0 | 0 | 0 | >1 | 0 | 0 | 0 | 0 | -2 | 0 | -2 | 0 | -2 | 0 | -2 | 128 ]
[ -127 | -10< | 0 | 0 | 0 | 0 | 0 | 0 | 0 | 0 | 0 | 0 | 0 | 0 | 0 | 0 | 0 | >0 | 0 | 0 | 0 | 0 | -2 | 0 | -2 | 0 | -2 | 0 | -2 | 128 ]
[ -127 | -10< | 0 | 0 | 0 | 0 | 0 | 0 | 0 | 0 | 0 | 0 | 0 | 0 | 0 | 0 | 0 | 0 | >0 | 0 | 0 | 0 | -2 | 0 | -2 | 0 | -2 | 0 | -2 | 128 ]
[ -127 | -11< | 0 | 0 | 0 | 0 | 0 | 0 | 0 | 0 | 0 | 0 | 0 | 0 | 0 | 0 | 0 | 0 | >1 | 0 | 0 | 0 | -2 | 0 | -2 | 0 | -2 | 0 | -2 | 128 ]
[ -127 | -11< | 0 | 0 | 0 | 0 | 0 | 0 | 0 | 0 | 0 | 0 | 0 | 0 | 0 | 0 | 0 | 0 | >1 | 0 | 0 | 0 | -2 | 0 | -2 | 0 | -2 | 0 | -2 | 128 ]
[ -127 | -12< | 0 | 0 | 0 | 0 | 0 | 0 | 0 | 0 | 0 | 0 | 0 | 0 | 0 | 0 | 0 | 0 | >0 | 0 | 0 | 0 | -2 | 0 | -2 | 0 | -2 | 0 | -2 | 128 ]
[ -127 | -12< | 0 | 0 | 0 | 0 | 0 | 0 | 0 | 0 | 0 | 0 | 0 | 0 | 0 | 0 | 0 | 0 | 0 | >0 | 0 | 0 | -2 | 0 | -2 | 0 | -2 | 0 | -2 | 128 ]
[ -127 | -13< | 0 | 0 | 0 | 0 | 0 | 0 | 0 | 0 | 0 | 0 | 0 | 0 | 0 | 0 | 0 | 0 | 0 | >1 | 0 | 0 | -2 | 0 | -2 | 0 | -2 | 0 | -2 | 128 ]
[ -127 | -13< | 0 | 0 | 0 | 0 | 0 | 0 | 0 | 0 | 0 | 0 | 0 | 0 | 0 | 0 | 0 | 0 | 0 | >1 | 0 | 0 | -2 | 0 | -2 | 0 | -2 | 0 | -2 | 128 ]
[ -127 | -14< | 0 | 0 | 0 | 0 | 0 | 0 | 0 | 0 | 0 | 0 | 0 | 0 | 0 | 0 | 0 | 0 | 0 | >0 | 0 | 0 | -2 | 0 | -2 | 0 | -2 | 0 | -2 | 128 ]
[ -127 | -14< | 0 | 0 | 0 | 0 | 0 | 0 | 0 | 0 | 0 | 0 | 0 | 0 | 0 | 0 | 0 | 0 | 0 | 0 | >0 | 0 | -2 | 0 | -2 | 0 | -2 | 0 | -2 | 128 ]
[ -127 | -15< | 0 | 0 | 0 | 0 | 0 | 0 | 0 | 0 | 0 | 0 | 0 | 0 | 0 | 0 | 0 | 0 | 0 | 0 | >1 | 0 | -2 | 0 | -2 | 0 | -2 | 0 | -2 | 128 ]
[ -127 | -15< | 0 | 0 | 0 | 0 | 0 | 0 | 0 | 0 | 0 | 0 | 0 | 0 | 0 | 0 | 0 | 0 | 0 | 0 | >1 | 0 | -2 | 0 | -2 | 0 | -2 | 0 | -2 | 128 ]
[ -127 | -16< | 0 | 0 | 0 | 0 | 0 | 0 | 0 | 0 | 0 | 0 | 0 | 0 | 0 | 0 | 0 | 0 | 0 | 0 | >0 | 0 | -2 | 0 | -2 | 0 | -2 | 0 | -2 | 128 ]
[ -127 | -16< | 0 | 0 | 0 | 0 | 0 | 0 | 0 | 0 | 0 | 0 | 0 | 0 | 0 | 0 | 0 | 0 | 0 | 0 | 0 | >0 | -2 | 0 | -2 | 0 | -2 | 0 | -2 | 128 ]
[ -127 | -17< | 0 | 0 | 0 | 0 | 0 | 0 | 0 | 0 | 0 | 0 | 0 | 0 | 0 | 0 | 0 | 0 | 0 | 0 | 0 | >1 | -2 | 0 | -2 | 0 | -2 | 0 | -2 | 128 ]
[ -127 | -17< | 0 | 0 | 0 | 0 | 0 | 0 | 0 | 0 | 0 | 0 | 0 | 0 | 0 | 0 | 0 | 0 | 0 | 0 | 0 | >1 | -2 | 0 | -2 | 0 | -2 | 0 | -2 | 128 ]
[ -127 | -18< | 0 | 0 | 0 | 0 | 0 | 0 | 0 | 0 | 0 | 0 | 0 | 0 | 0 | 0 | 0 | 0 | 0 | 0 | 0 | >0 | -2 | 0 | -2 | 0 | -2 | 0 | -2 | 128 ]
[ -127 | -18< | 0 | 0 | 0 | 0 | 0 | 0 | 0 | 0 | 0 | 0 | 0 | 0 | 0 | 0 | 0 | 0 | 0 | 0 | 0 | 0 | >-2 | 0 | -2 | 0 | -2 | 0 | -2 | 128 ]
[ -127 | -19< | 0 | 0 | 0 | 0 | 0 | 0 | 0 | 0 | 0 | 0 | 0 | 0 | 0 | 0 | 0 | 0 | 0 | 0 | 0 | 0 | >-1 | 0 | -2 | 0 | -2 | 0 | -2 | 128 ]
[ -127 | -19< | 0 | 0 | 0 | 0 | 0 | 0 | 0 | 0 | 0 | 0 | 0 | 0 | 0 | 0 | 0 | 0 | 0 | 0 | 0 | 0 | >-1 | 0 | -2 | 0 | -2 | 0 | -2 | 128 ]
[ -127 | -20< | 0 | 0 | 0 | 0 | 0 | 0 | 0 | 0 | 0 | 0 | 0 | 0 | 0 | 0 | 0 | 0 | 0 | 0 | 0 | 0 | >-2 | 0 | -2 | 0 | -2 | 0 | -2 | 128 ]
[ -127 | -20< | 0 | 0 | 0 | 0 | 0 | 0 | 0 | 0 | 0 | 0 | 0 | 0 | 0 | 0 | 0 | 0 | 0 | 0 | 0 | 0 | -2 | >0 | -2 | 0 | -2 | 0 | -2 | 128 ]
[ -127 | -21< | 0 | 0 | 0 | 0 | 0 | 0 | 0 | 0 | 0 | 0 | 0 | 0 | 0 | 0 | 0 | 0 | 0 | 0 | 0 | 0 | -2 | >1 | -2 | 0 | -2 | 0 | -2 | 128 ]
[ -127 | -21< | 0 | 0 | 0 | 0 | 0 | 0 | 0 | 0 | 0 | 0 | 0 | 0 | 0 | 0 | 0 | 0 | 0 | 0 | 0 | 0 | -2 | >1 | -2 | 0 | -2 | 0 | -2 | 128 ]
[ -127 | -22< | 0 | 0 | 0 | 0 | 0 | 0 | 0 | 0 | 0 | 0 | 0 | 0 | 0 | 0 | 0 | 0 | 0 | 0 | 0 | 0 | -2 | >0 | -2 | 0 | -2 | 0 | -2 | 128 ]
[ -127 | -22< | 0 | 0 | 0 | 0 | 0 | 0 | 0 | 0 | 0 | 0 | 0 | 0 | 0 | 0 | 0 | 0 | 0 | 0 | 0 | 0 | -2 | 0 | >-2 | 0 | -2 | 0 | -2 | 128 ]
[ -127 | -23< | 0 | 0 | 0 | 0 | 0 | 0 | 0 | 0 | 0 | 0 | 0 | 0 | 0 | 0 | 0 | 0 | 0 | 0 | 0 | 0 | -2 | 0 | >-1 | 0 | -2 | 0 | -2 | 128 ]
[ -127 | -23< | 0 | 0 | 0 | 0 | 0 | 0 | 0 | 0 | 0 | 0 | 0 | 0 | 0 | 0 | 0 | 0 | 0 | 0 | 0 | 0 | -2 | 0 | >-1 | 0 | -2 | 0 | -2 | 128 ]
[ -127 | -24< | 0 | 0 | 0 | 0 | 0 | 0 | 0 | 0 | 0 | 0 | 0 | 0 | 0 | 0 | 0 | 0 | 0 | 0 | 0 | 0 | -2 | 0 | >-2 | 0 | -2 | 0 | -2 | 128 ]
[ -127 | -24< | 0 | 0 | 0 | 0 | 0 | 0 | 0 | 0 | 0 | 0 | 0 | 0 | 0 | 0 | 0 | 0 | 0 | 0 | 0 | 0 | -2 | 0 | -2 | >0 | -2 | 0 | -2 | 128 ]
[ -127 | -25< | 0 | 0 | 0 | 0 | 0 | 0 | 0 | 0 | 0 | 0 | 0 | 0 | 0 | 0 | 0 | 0 | 0 | 0 | 0 | 0 | -2 | 0 | -2 | >1 | -2 | 0 | -2 | 128 ]
[ -127 | -25< | 0 | 0 | 0 | 0 | 0 | 0 | 0 | 0 | 0 | 0 | 0 | 0 | 0 | 0 | 0 | 0 | 0 | 0 | 0 | 0 | -2 | 0 | -2 | >1 | -2 | 0 | -2 | 128 ]
[ -127 | -26< | 0 | 0 | 0 | 0 | 0 | 0 | 0 | 0 | 0 | 0 | 0 | 0 | 0 | 0 | 0 | 0 | 0 | 0 | 0 | 0 | -2 | 0 | -2 | >0 | -2 | 0 | -2 | 128 ]
[ -127 | -26< | 0 | 0 | 0 | 0 | 0 | 0 | 0 | 0 | 0 | 0 | 0 | 0 | 0 | 0 | 0 | 0 | 0 | 0 | 0 | 0 | -2 | 0 | -2 | 0 | >-2 | 0 | -2 | 128 ]
[ -127 | -27< | 0 | 0 | 0 | 0 | 0 | 0 | 0 | 0 | 0 | 0 | 0 | 0 | 0 | 0 | 0 | 0 | 0 | 0 | 0 | 0 | -2 | 0 | -2 | 0 | >-1 | 0 | -2 | 128 ]
[ -127 | -27< | 0 | 0 | 0 | 0 | 0 | 0 | 0 | 0 | 0 | 0 | 0 | 0 | 0 | 0 | 0 | 0 | 0 | 0 | 0 | 0 | -2 | 0 | -2 | 0 | >-1 | 0 | -2 | 128 ]
[ -127 | -28< | 0 | 0 | 0 | 0 | 0 | 0 | 0 | 0 | 0 | 0 | 0 | 0 | 0 | 0 | 0 | 0 | 0 | 0 | 0 | 0 | -2 | 0 | -2 | 0 | >-2 | 0 | -2 | 128 ]
[ -127 | -28< | 0 | 0 | 0 | 0 | 0 | 0 | 0 | 0 | 0 | 0 | 0 | 0 | 0 | 0 | 0 | 0 | 0 | 0 | 0 | 0 | -2 | 0 | -2 | 0 | -2 | >0 | -2 | 128 ]
[ -127 | -29< | 0 | 0 | 0 | 0 | 0 | 0 | 0 | 0 | 0 | 0 | 0 | 0 | 0 | 0 | 0 | 0 | 0 | 0 | 0 | 0 | -2 | 0 | -2 | 0 | -2 | >1 | -2 | 128 ]
[ -127 | -29< | 0 | 0 | 0 | 0 | 0 | 0 | 0 | 0 | 0 | 0 | 0 | 0 | 0 | 0 | 0 | 0 | 0 | 0 | 0 | 0 | -2 | 0 | -2 | 0 | -2 | >1 | -2 | 128 ]
[ -127 | -30< | 0 | 0 | 0 | 0 | 0 | 0 | 0 | 0 | 0 | 0 | 0 | 0 | 0 | 0 | 0 | 0 | 0 | 0 | 0 | 0 | -2 | 0 | -2 | 0 | -2 | >0 | -2 | 128 ]
[ -127 | -30< | 0 | 0 | 0 | 0 | 0 | 0 | 0 | 0 | 0 | 0 | 0 | 0 | 0 | 0 | 0 | 0 | 0 | 0 | 0 | 0 | -2 | 0 | -2 | 0 | -2 | 0 | >-2 | 128 ]
[ -127 | -31< | 0 | 0 | 0 | 0 | 0 | 0 | 0 | 0 | 0 | 0 | 0 | 0 | 0 | 0 | 0 | 0 | 0 | 0 | 0 | 0 | -2 | 0 | -2 | 0 | -2 | 0 | >-1 | 128 ]
[ -127 | -31< | 0 | 0 | 0 | 0 | 0 | 0 | 0 | 0 | 0 | 0 | 0 | 0 | 0 | 0 | 0 | 0 | 0 | 0 | 0 | 0 | -2 | 0 | -2 | 0 | -2 | 0 | >-1 | 128 ]
[ -127 | -32< | 0 | 0 | 0 | 0 | 0 | 0 | 0 | 0 | 0 | 0 | 0 | 0 | 0 | 0 | 0 | 0 | 0 | 0 | 0 | 0 | -2 | 0 | -2 | 0 | -2 | 0 | >-2 | 128 ]
[ -127 | -32< | 0 | 0 | 0 | 0 | 0 | 0 | 0 | 0 | 0 | 0 | 0 | 0 | 0 | 0 | 0 | 0 | 0 | 0 | 0 | 0 | -2 | 0 | -2 | 0 | -2 | 0 | -2 | >128 ]
[ -127 | -33< | 0 | 0 | 0 | 0 | 0 | 0 | 0 | 0 | 0 | 0 | 0 | 0 | 0 | 0 | 0 | 0 | 0 | 0 | 0 | 0 | -2 | 0 | -2 | 0 | -2 | 0 | -2 | >-127 ]
[ -127 | -33< | 0 | 0 | 0 | 0 | 0 | 0 | 0 | 0 | 0 | 0 | 0 | 0 | 0 | 0 | 0 | 0 | 0 | 0 | 0 | 0 | -2 | 0 | -2 | 0 | -2 | 0 | -2 | >-127 ]
[ -127 | -34< | 0 | 0 | 0 | 0 | 0 | 0 | 0 | 0 | 0 | 0 | 0 | 0 | 0 | 0 | 0 | 0 | 0 | 0 | 0 | 0 | -2 | 0 | -2 | 0 | -2 | 0 | -2 | >128 ]
[ >-127 | -34< | 0 | 0 | 0 | 0 | 0 | 0 | 0 | 0 | 0 | 0 | 0 | 0 | 0 | 0 | 0 | 0 | 0 | 0 | 0 | 0 | -2 | 0 | -2 | 0 | -2 | 0 | -2 | 128 ]

===== TerribleThor won the battle after 120 cycles =====



===== Starting battle of <MetaJSRandomBot> vs <TerribleThor> with memory tape size: 10 =====

[ >128 | 0 | 0 | 0 | 0 | 0 | 0 | 0 | 0 | 128< ]
[ >-127 | 0 | 0 | 0 | 0 | 0 | 0 | 0 | 0< | 128 ]
[ >-127 | 0 | 0 | 0 | 0 | 0 | 0 | 0 | -1< | 128 ]
[ >-127 | 0 | 0 | 0 | 0 | 0 | 0 | 0 | -2< | 128 ]
[ -127 | >0 | 0 | 0 | 0 | 0 | 0 | 0< | -2 | 128 ]
[ -127 | >-1 | 0 | 0 | 0 | 0 | 0< | 0 | -2 | 128 ]
[ -127 | >-1 | 0 | 0 | 0 | 0 | -1< | 0 | -2 | 128 ]
[ -127 | >-2 | 0 | 0 | 0 | 0 | -2< | 0 | -2 | 128 ]
[ -127 | -2 | >0 | 0 | 0 | 0< | -2 | 0 | -2 | 128 ]
[ -127 | -2 | >1 | 0 | 0< | 0 | -2 | 0 | -2 | 128 ]
[ -127 | -2 | >1 | 0 | -1< | 0 | -2 | 0 | -2 | 128 ]
[ -127 | -2 | >0 | 0 | -2< | 0 | -2 | 0 | -2 | 128 ]
[ -127 | -2 | 0 | >0< | -2 | 0 | -2 | 0 | -2 | 128 ]
[ -127 | -2 | 0< | >1 | -2 | 0 | -2 | 0 | -2 | 128 ]
[ -127 | -2 | -1< | >1 | -2 | 0 | -2 | 0 | -2 | 128 ]
[ -127 | -2 | -2< | >0 | -2 | 0 | -2 | 0 | -2 | 128 ]
[ -127 | -2< | -2 | 0 | >-2 | 0 | -2 | 0 | -2 | 128 ]
[ -127< | -2 | -2 | 0 | >-1 | 0 | -2 | 0 | -2 | 128 ]
[ -127< | -2 | -2 | 0 | >-1 | 0 | -2 | 0 | -2 | 128 ]
[ -126< | -2 | -2 | 0 | >-2 | 0 | -2 | 0 | -2 | 128 ]
[ -126< | -2 | -2 | 0 | -2 | >0 | -2 | 0 | -2 | 128 ]
[ -125< | -2 | -2 | 0 | -2 | >1 | -2 | 0 | -2 | 128 ]
[ -125< | -2 | -2 | 0 | -2 | >1 | -2 | 0 | -2 | 128 ]
[ -124< | -2 | -2 | 0 | -2 | >0 | -2 | 0 | -2 | 128 ]
[ -124< | -2 | -2 | 0 | -2 | 0 | >-2 | 0 | -2 | 128 ]
[ -123< | -2 | -2 | 0 | -2 | 0 | >-1 | 0 | -2 | 128 ]
[ -123< | -2 | -2 | 0 | -2 | 0 | >-1 | 0 | -2 | 128 ]
[ -122< | -2 | -2 | 0 | -2 | 0 | >-2 | 0 | -2 | 128 ]
[ -122< | -2 | -2 | 0 | -2 | 0 | -2 | >0 | -2 | 128 ]
[ -121< | -2 | -2 | 0 | -2 | 0 | -2 | >1 | -2 | 128 ]
[ -121< | -2 | -2 | 0 | -2 | 0 | -2 | >1 | -2 | 128 ]
[ -120< | -2 | -2 | 0 | -2 | 0 | -2 | >0 | -2 | 128 ]
[ -120< | -2 | -2 | 0 | -2 | 0 | -2 | 0 | >-2 | 128 ]
[ -119< | -2 | -2 | 0 | -2 | 0 | -2 | 0 | >-1 | 128 ]
[ -119< | -2 | -2 | 0 | -2 | 0 | -2 | 0 | >-1 | 128 ]
[ -118< | -2 | -2 | 0 | -2 | 0 | -2 | 0 | >-2 | 128 ]
[ -118< | -2 | -2 | 0 | -2 | 0 | -2 | 0 | -2 | >128 ]
[ -117< | -2 | -2 | 0 | -2 | 0 | -2 | 0 | -2 | >-127 ]
[ -117< | -2 | -2 | 0 | -2 | 0 | -2 | 0 | -2 | >-127 ]
[ -116< | -2 | -2 | 0 | -2 | 0 | -2 | 0 | -2 | >128 ]
[ >-116< | -2 | -2 | 0 | -2 | 0 | -2 | 0 | -2 | 128 ]

===== TerribleThor won the battle after 40 cycles =====



===== Starting battle of <MetaJSRandomBot> vs <TerribleThor> with memory tape size: 27 =====

[ >128 | 0 | 0 | 0 | 0 | 0 | 0 | 0 | 0 | 0 | 0 | 0 | 0 | 0 | 0 | 0 | 0 | 0 | 0 | 0 | 0 | 0 | 0 | 0 | 0 | 0 | 128< ]
[ >-127 | 0 | 0 | 0 | 0 | 0 | 0 | 0 | 0 | 0 | 0 | 0 | 0 | 0 | 0 | 0 | 0 | 0 | 0 | 0 | 0 | 0 | 0 | 0 | 0 | 0< | 128 ]
[ >-127 | 0 | 0 | 0 | 0 | 0 | 0 | 0 | 0 | 0 | 0 | 0 | 0 | 0 | 0 | 0 | 0 | 0 | 0 | 0 | 0 | 0 | 0 | 0 | 0 | -1< | 128 ]
[ >-127 | 0 | 0 | 0 | 0 | 0 | 0 | 0 | 0 | 0 | 0 | 0 | 0 | 0 | 0 | 0 | 0 | 0 | 0 | 0 | 0 | 0 | 0 | 0 | 0 | -2< | 128 ]
[ -127 | >0 | 0 | 0 | 0 | 0 | 0 | 0 | 0 | 0 | 0 | 0 | 0 | 0 | 0 | 0 | 0 | 0 | 0 | 0 | 0 | 0 | 0 | 0 | 0< | -2 | 128 ]
[ -127 | >-1 | 0 | 0 | 0 | 0 | 0 | 0 | 0 | 0 | 0 | 0 | 0 | 0 | 0 | 0 | 0 | 0 | 0 | 0 | 0 | 0 | 0 | 0< | 0 | -2 | 128 ]
[ -127 | >-1 | 0 | 0 | 0 | 0 | 0 | 0 | 0 | 0 | 0 | 0 | 0 | 0 | 0 | 0 | 0 | 0 | 0 | 0 | 0 | 0 | 0 | -1< | 0 | -2 | 128 ]
[ -127 | >-2 | 0 | 0 | 0 | 0 | 0 | 0 | 0 | 0 | 0 | 0 | 0 | 0 | 0 | 0 | 0 | 0 | 0 | 0 | 0 | 0 | 0 | -2< | 0 | -2 | 128 ]
[ -127 | -2 | >0 | 0 | 0 | 0 | 0 | 0 | 0 | 0 | 0 | 0 | 0 | 0 | 0 | 0 | 0 | 0 | 0 | 0 | 0 | 0 | 0< | -2 | 0 | -2 | 128 ]
[ -127 | -2 | >1 | 0 | 0 | 0 | 0 | 0 | 0 | 0 | 0 | 0 | 0 | 0 | 0 | 0 | 0 | 0 | 0 | 0 | 0 | 0< | 0 | -2 | 0 | -2 | 128 ]
[ -127 | -2 | >1 | 0 | 0 | 0 | 0 | 0 | 0 | 0 | 0 | 0 | 0 | 0 | 0 | 0 | 0 | 0 | 0 | 0 | 0 | -1< | 0 | -2 | 0 | -2 | 128 ]
[ -127 | -2 | >0 | 0 | 0 | 0 | 0 | 0 | 0 | 0 | 0 | 0 | 0 | 0 | 0 | 0 | 0 | 0 | 0 | 0 | 0 | -2< | 0 | -2 | 0 | -2 | 128 ]
[ -127 | -2 | 0 | >0 | 0 | 0 | 0 | 0 | 0 | 0 | 0 | 0 | 0 | 0 | 0 | 0 | 0 | 0 | 0 | 0 | 0< | -2 | 0 | -2 | 0 | -2 | 128 ]
[ -127 | -2 | 0 | >1 | 0 | 0 | 0 | 0 | 0 | 0 | 0 | 0 | 0 | 0 | 0 | 0 | 0 | 0 | 0 | 0< | 0 | -2 | 0 | -2 | 0 | -2 | 128 ]
[ -127 | -2 | 0 | >1 | 0 | 0 | 0 | 0 | 0 | 0 | 0 | 0 | 0 | 0 | 0 | 0 | 0 | 0 | 0 | -1< | 0 | -2 | 0 | -2 | 0 | -2 | 128 ]
[ -127 | -2 | 0 | >0 | 0 | 0 | 0 | 0 | 0 | 0 | 0 | 0 | 0 | 0 | 0 | 0 | 0 | 0 | 0 | -2< | 0 | -2 | 0 | -2 | 0 | -2 | 128 ]
[ -127 | -2 | 0 | 0 | >0 | 0 | 0 | 0 | 0 | 0 | 0 | 0 | 0 | 0 | 0 | 0 | 0 | 0 | 0< | -2 | 0 | -2 | 0 | -2 | 0 | -2 | 128 ]
[ -127 | -2 | 0 | 0 | >1 | 0 | 0 | 0 | 0 | 0 | 0 | 0 | 0 | 0 | 0 | 0 | 0 | 0< | 0 | -2 | 0 | -2 | 0 | -2 | 0 | -2 | 128 ]
[ -127 | -2 | 0 | 0 | >1 | 0 | 0 | 0 | 0 | 0 | 0 | 0 | 0 | 0 | 0 | 0 | 0 | 0< | 0 | -2 | 0 | -2 | 0 | -2 | 0 | -2 | 128 ]
[ -127 | -2 | 0 | 0 | >0 | 0 | 0 | 0 | 0 | 0 | 0 | 0 | 0 | 0 | 0 | 0 | 0< | 0 | 0 | -2 | 0 | -2 | 0 | -2 | 0 | -2 | 128 ]
[ -127 | -2 | 0 | 0 | 0 | >0 | 0 | 0 | 0 | 0 | 0 | 0 | 0 | 0 | 0 | 0 | 0< | 0 | 0 | -2 | 0 | -2 | 0 | -2 | 0 | -2 | 128 ]
[ -127 | -2 | 0 | 0 | 0 | >1 | 0 | 0 | 0 | 0 | 0 | 0 | 0 | 0 | 0 | 0< | 0 | 0 | 0 | -2 | 0 | -2 | 0 | -2 | 0 | -2 | 128 ]
[ -127 | -2 | 0 | 0 | 0 | >1 | 0 | 0 | 0 | 0 | 0 | 0 | 0 | 0 | 0 | 0< | 0 | 0 | 0 | -2 | 0 | -2 | 0 | -2 | 0 | -2 | 128 ]
[ -127 | -2 | 0 | 0 | 0 | >0 | 0 | 0 | 0 | 0 | 0 | 0 | 0 | 0 | 0< | 0 | 0 | 0 | 0 | -2 | 0 | -2 | 0 | -2 | 0 | -2 | 128 ]
[ -127 | -2 | 0 | 0 | 0 | 0 | >0 | 0 | 0 | 0 | 0 | 0 | 0 | 0 | 0< | 0 | 0 | 0 | 0 | -2 | 0 | -2 | 0 | -2 | 0 | -2 | 128 ]
[ -127 | -2 | 0 | 0 | 0 | 0 | >1 | 0 | 0 | 0 | 0 | 0 | 0 | 0< | 0 | 0 | 0 | 0 | 0 | -2 | 0 | -2 | 0 | -2 | 0 | -2 | 128 ]
[ -127 | -2 | 0 | 0 | 0 | 0 | >1 | 0 | 0 | 0 | 0 | 0 | 0 | 0< | 0 | 0 | 0 | 0 | 0 | -2 | 0 | -2 | 0 | -2 | 0 | -2 | 128 ]
[ -127 | -2 | 0 | 0 | 0 | 0 | >0 | 0 | 0 | 0 | 0 | 0 | 0< | 0 | 0 | 0 | 0 | 0 | 0 | -2 | 0 | -2 | 0 | -2 | 0 | -2 | 128 ]
[ -127 | -2 | 0 | 0 | 0 | 0 | 0 | >0 | 0 | 0 | 0 | 0 | 0< | 0 | 0 | 0 | 0 | 0 | 0 | -2 | 0 | -2 | 0 | -2 | 0 | -2 | 128 ]
[ -127 | -2 | 0 | 0 | 0 | 0 | 0 | >1 | 0 | 0 | 0 | 0< | 0 | 0 | 0 | 0 | 0 | 0 | 0 | -2 | 0 | -2 | 0 | -2 | 0 | -2 | 128 ]
[ -127 | -2 | 0 | 0 | 0 | 0 | 0 | >1 | 0 | 0 | 0 | 0< | 0 | 0 | 0 | 0 | 0 | 0 | 0 | -2 | 0 | -2 | 0 | -2 | 0 | -2 | 128 ]
[ -127 | -2 | 0 | 0 | 0 | 0 | 0 | >0 | 0 | 0 | 0< | 0 | 0 | 0 | 0 | 0 | 0 | 0 | 0 | -2 | 0 | -2 | 0 | -2 | 0 | -2 | 128 ]
[ -127 | -2 | 0 | 0 | 0 | 0 | 0 | 0 | >0 | 0 | 0< | 0 | 0 | 0 | 0 | 0 | 0 | 0 | 0 | -2 | 0 | -2 | 0 | -2 | 0 | -2 | 128 ]
[ -127 | -2 | 0 | 0 | 0 | 0 | 0 | 0 | >1 | 0< | 0 | 0 | 0 | 0 | 0 | 0 | 0 | 0 | 0 | -2 | 0 | -2 | 0 | -2 | 0 | -2 | 128 ]
[ -127 | -2 | 0 | 0 | 0 | 0 | 0 | 0 | >1 | 0< | 0 | 0 | 0 | 0 | 0 | 0 | 0 | 0 | 0 | -2 | 0 | -2 | 0 | -2 | 0 | -2 | 128 ]
[ -127 | -2 | 0 | 0 | 0 | 0 | 0 | 0 | >0< | 0 | 0 | 0 | 0 | 0 | 0 | 0 | 0 | 0 | 0 | -2 | 0 | -2 | 0 | -2 | 0 | -2 | 128 ]
[ -127 | -2 | 0 | 0 | 0 | 0 | 0 | 0 | 0< | >0 | 0 | 0 | 0 | 0 | 0 | 0 | 0 | 0 | 0 | -2 | 0 | -2 | 0 | -2 | 0 | -2 | 128 ]
[ -127 | -2 | 0 | 0 | 0 | 0 | 0 | 0< | 0 | >1 | 0 | 0 | 0 | 0 | 0 | 0 | 0 | 0 | 0 | -2 | 0 | -2 | 0 | -2 | 0 | -2 | 128 ]
[ -127 | -2 | 0 | 0 | 0 | 0 | 0 | 0< | 0 | >1 | 0 | 0 | 0 | 0 | 0 | 0 | 0 | 0 | 0 | -2 | 0 | -2 | 0 | -2 | 0 | -2 | 128 ]
[ -127 | -2 | 0 | 0 | 0 | 0 | 0< | 0 | 0 | >0 | 0 | 0 | 0 | 0 | 0 | 0 | 0 | 0 | 0 | -2 | 0 | -2 | 0 | -2 | 0 | -2 | 128 ]
[ -127 | -2 | 0 | 0 | 0 | 0 | 0< | 0 | 0 | 0 | >0 | 0 | 0 | 0 | 0 | 0 | 0 | 0 | 0 | -2 | 0 | -2 | 0 | -2 | 0 | -2 | 128 ]
[ -127 | -2 | 0 | 0 | 0 | 0< | 0 | 0 | 0 | 0 | >1 | 0 | 0 | 0 | 0 | 0 | 0 | 0 | 0 | -2 | 0 | -2 | 0 | -2 | 0 | -2 | 128 ]
[ -127 | -2 | 0 | 0 | 0 | 0< | 0 | 0 | 0 | 0 | >1 | 0 | 0 | 0 | 0 | 0 | 0 | 0 | 0 | -2 | 0 | -2 | 0 | -2 | 0 | -2 | 128 ]
[ -127 | -2 | 0 | 0 | 0< | 0 | 0 | 0 | 0 | 0 | >0 | 0 | 0 | 0 | 0 | 0 | 0 | 0 | 0 | -2 | 0 | -2 | 0 | -2 | 0 | -2 | 128 ]
[ -127 | -2 | 0 | 0 | 0< | 0 | 0 | 0 | 0 | 0 | 0 | >0 | 0 | 0 | 0 | 0 | 0 | 0 | 0 | -2 | 0 | -2 | 0 | -2 | 0 | -2 | 128 ]
[ -127 | -2 | 0 | 0< | 0 | 0 | 0 | 0 | 0 | 0 | 0 | >1 | 0 | 0 | 0 | 0 | 0 | 0 | 0 | -2 | 0 | -2 | 0 | -2 | 0 | -2 | 128 ]
[ -127 | -2 | 0 | 0< | 0 | 0 | 0 | 0 | 0 | 0 | 0 | >1 | 0 | 0 | 0 | 0 | 0 | 0 | 0 | -2 | 0 | -2 | 0 | -2 | 0 | -2 | 128 ]
[ -127 | -2 | 0< | 0 | 0 | 0 | 0 | 0 | 0 | 0 | 0 | >0 | 0 | 0 | 0 | 0 | 0 | 0 | 0 | -2 | 0 | -2 | 0 | -2 | 0 | -2 | 128 ]
[ -127 | -2 | 0< | 0 | 0 | 0 | 0 | 0 | 0 | 0 | 0 | 0 | >0 | 0 | 0 | 0 | 0 | 0 | 0 | -2 | 0 | -2 | 0 | -2 | 0 | -2 | 128 ]
[ -127 | -2< | 0 | 0 | 0 | 0 | 0 | 0 | 0 | 0 | 0 | 0 | >1 | 0 | 0 | 0 | 0 | 0 | 0 | -2 | 0 | -2 | 0 | -2 | 0 | -2 | 128 ]
[ -127 | -2< | 0 | 0 | 0 | 0 | 0 | 0 | 0 | 0 | 0 | 0 | >1 | 0 | 0 | 0 | 0 | 0 | 0 | -2 | 0 | -2 | 0 | -2 | 0 | -2 | 128 ]
[ -127 | -1< | 0 | 0 | 0 | 0 | 0 | 0 | 0 | 0 | 0 | 0 | >0 | 0 | 0 | 0 | 0 | 0 | 0 | -2 | 0 | -2 | 0 | -2 | 0 | -2 | 128 ]
[ -127 | -1< | 0 | 0 | 0 | 0 | 0 | 0 | 0 | 0 | 0 | 0 | 0 | >0 | 0 | 0 | 0 | 0 | 0 | -2 | 0 | -2 | 0 | -2 | 0 | -2 | 128 ]
[ -127 | 0< | 0 | 0 | 0 | 0 | 0 | 0 | 0 | 0 | 0 | 0 | 0 | >1 | 0 | 0 | 0 | 0 | 0 | -2 | 0 | -2 | 0 | -2 | 0 | -2 | 128 ]
[ -127 | 0< | 0 | 0 | 0 | 0 | 0 | 0 | 0 | 0 | 0 | 0 | 0 | >1 | 0 | 0 | 0 | 0 | 0 | -2 | 0 | -2 | 0 | -2 | 0 | -2 | 128 ]
[ -127< | 0 | 0 | 0 | 0 | 0 | 0 | 0 | 0 | 0 | 0 | 0 | 0 | >0 | 0 | 0 | 0 | 0 | 0 | -2 | 0 | -2 | 0 | -2 | 0 | -2 | 128 ]
[ -127< | 0 | 0 | 0 | 0 | 0 | 0 | 0 | 0 | 0 | 0 | 0 | 0 | 0 | >0 | 0 | 0 | 0 | 0 | -2 | 0 | -2 | 0 | -2 | 0 | -2 | 128 ]
[ 128< | 0 | 0 | 0 | 0 | 0 | 0 | 0 | 0 | 0 | 0 | 0 | 0 | 0 | >1 | 0 | 0 | 0 | 0 | -2 | 0 | -2 | 0 | -2 | 0 | -2 | 128 ]
[ 128< | 0 | 0 | 0 | 0 | 0 | 0 | 0 | 0 | 0 | 0 | 0 | 0 | 0 | >1 | 0 | 0 | 0 | 0 | -2 | 0 | -2 | 0 | -2 | 0 | -2 | 128 ]
[ 127< | 0 | 0 | 0 | 0 | 0 | 0 | 0 | 0 | 0 | 0 | 0 | 0 | 0 | >0 | 0 | 0 | 0 | 0 | -2 | 0 | -2 | 0 | -2 | 0 | -2 | 128 ]
[ 127< | 0 | 0 | 0 | 0 | 0 | 0 | 0 | 0 | 0 | 0 | 0 | 0 | 0 | 0 | >0 | 0 | 0 | 0 | -2 | 0 | -2 | 0 | -2 | 0 | -2 | 128 ]
[ 126< | 0 | 0 | 0 | 0 | 0 | 0 | 0 | 0 | 0 | 0 | 0 | 0 | 0 | 0 | >1 | 0 | 0 | 0 | -2 | 0 | -2 | 0 | -2 | 0 | -2 | 128 ]
[ 126< | 0 | 0 | 0 | 0 | 0 | 0 | 0 | 0 | 0 | 0 | 0 | 0 | 0 | 0 | >1 | 0 | 0 | 0 | -2 | 0 | -2 | 0 | -2 | 0 | -2 | 128 ]
[ 125< | 0 | 0 | 0 | 0 | 0 | 0 | 0 | 0 | 0 | 0 | 0 | 0 | 0 | 0 | >0 | 0 | 0 | 0 | -2 | 0 | -2 | 0 | -2 | 0 | -2 | 128 ]
[ 125< | 0 | 0 | 0 | 0 | 0 | 0 | 0 | 0 | 0 | 0 | 0 | 0 | 0 | 0 | 0 | >0 | 0 | 0 | -2 | 0 | -2 | 0 | -2 | 0 | -2 | 128 ]
[ 124< | 0 | 0 | 0 | 0 | 0 | 0 | 0 | 0 | 0 | 0 | 0 | 0 | 0 | 0 | 0 | >1 | 0 | 0 | -2 | 0 | -2 | 0 | -2 | 0 | -2 | 128 ]
[ 124< | 0 | 0 | 0 | 0 | 0 | 0 | 0 | 0 | 0 | 0 | 0 | 0 | 0 | 0 | 0 | >1 | 0 | 0 | -2 | 0 | -2 | 0 | -2 | 0 | -2 | 128 ]
[ 123< | 0 | 0 | 0 | 0 | 0 | 0 | 0 | 0 | 0 | 0 | 0 | 0 | 0 | 0 | 0 | >0 | 0 | 0 | -2 | 0 | -2 | 0 | -2 | 0 | -2 | 128 ]
[ 123< | 0 | 0 | 0 | 0 | 0 | 0 | 0 | 0 | 0 | 0 | 0 | 0 | 0 | 0 | 0 | 0 | >0 | 0 | -2 | 0 | -2 | 0 | -2 | 0 | -2 | 128 ]
[ 122< | 0 | 0 | 0 | 0 | 0 | 0 | 0 | 0 | 0 | 0 | 0 | 0 | 0 | 0 | 0 | 0 | >1 | 0 | -2 | 0 | -2 | 0 | -2 | 0 | -2 | 128 ]
[ 122< | 0 | 0 | 0 | 0 | 0 | 0 | 0 | 0 | 0 | 0 | 0 | 0 | 0 | 0 | 0 | 0 | >1 | 0 | -2 | 0 | -2 | 0 | -2 | 0 | -2 | 128 ]
[ 121< | 0 | 0 | 0 | 0 | 0 | 0 | 0 | 0 | 0 | 0 | 0 | 0 | 0 | 0 | 0 | 0 | >0 | 0 | -2 | 0 | -2 | 0 | -2 | 0 | -2 | 128 ]
[ 121< | 0 | 0 | 0 | 0 | 0 | 0 | 0 | 0 | 0 | 0 | 0 | 0 | 0 | 0 | 0 | 0 | 0 | >0 | -2 | 0 | -2 | 0 | -2 | 0 | -2 | 128 ]
[ 120< | 0 | 0 | 0 | 0 | 0 | 0 | 0 | 0 | 0 | 0 | 0 | 0 | 0 | 0 | 0 | 0 | 0 | >1 | -2 | 0 | -2 | 0 | -2 | 0 | -2 | 128 ]
[ 120< | 0 | 0 | 0 | 0 | 0 | 0 | 0 | 0 | 0 | 0 | 0 | 0 | 0 | 0 | 0 | 0 | 0 | >1 | -2 | 0 | -2 | 0 | -2 | 0 | -2 | 128 ]
[ 119< | 0 | 0 | 0 | 0 | 0 | 0 | 0 | 0 | 0 | 0 | 0 | 0 | 0 | 0 | 0 | 0 | 0 | >0 | -2 | 0 | -2 | 0 | -2 | 0 | -2 | 128 ]
[ 119< | 0 | 0 | 0 | 0 | 0 | 0 | 0 | 0 | 0 | 0 | 0 | 0 | 0 | 0 | 0 | 0 | 0 | 0 | >-2 | 0 | -2 | 0 | -2 | 0 | -2 | 128 ]
[ 118< | 0 | 0 | 0 | 0 | 0 | 0 | 0 | 0 | 0 | 0 | 0 | 0 | 0 | 0 | 0 | 0 | 0 | 0 | >-1 | 0 | -2 | 0 | -2 | 0 | -2 | 128 ]
[ 118< | 0 | 0 | 0 | 0 | 0 | 0 | 0 | 0 | 0 | 0 | 0 | 0 | 0 | 0 | 0 | 0 | 0 | 0 | >-1 | 0 | -2 | 0 | -2 | 0 | -2 | 128 ]
[ 117< | 0 | 0 | 0 | 0 | 0 | 0 | 0 | 0 | 0 | 0 | 0 | 0 | 0 | 0 | 0 | 0 | 0 | 0 | >-2 | 0 | -2 | 0 | -2 | 0 | -2 | 128 ]
[ 117< | 0 | 0 | 0 | 0 | 0 | 0 | 0 | 0 | 0 | 0 | 0 | 0 | 0 | 0 | 0 | 0 | 0 | 0 | -2 | >0 | -2 | 0 | -2 | 0 | -2 | 128 ]
[ 116< | 0 | 0 | 0 | 0 | 0 | 0 | 0 | 0 | 0 | 0 | 0 | 0 | 0 | 0 | 0 | 0 | 0 | 0 | -2 | >1 | -2 | 0 | -2 | 0 | -2 | 128 ]
[ 116< | 0 | 0 | 0 | 0 | 0 | 0 | 0 | 0 | 0 | 0 | 0 | 0 | 0 | 0 | 0 | 0 | 0 | 0 | -2 | >1 | -2 | 0 | -2 | 0 | -2 | 128 ]
[ 115< | 0 | 0 | 0 | 0 | 0 | 0 | 0 | 0 | 0 | 0 | 0 | 0 | 0 | 0 | 0 | 0 | 0 | 0 | -2 | >0 | -2 | 0 | -2 | 0 | -2 | 128 ]
[ 115< | 0 | 0 | 0 | 0 | 0 | 0 | 0 | 0 | 0 | 0 | 0 | 0 | 0 | 0 | 0 | 0 | 0 | 0 | -2 | 0 | >-2 | 0 | -2 | 0 | -2 | 128 ]
[ 114< | 0 | 0 | 0 | 0 | 0 | 0 | 0 | 0 | 0 | 0 | 0 | 0 | 0 | 0 | 0 | 0 | 0 | 0 | -2 | 0 | >-1 | 0 | -2 | 0 | -2 | 128 ]
[ 114< | 0 | 0 | 0 | 0 | 0 | 0 | 0 | 0 | 0 | 0 | 0 | 0 | 0 | 0 | 0 | 0 | 0 | 0 | -2 | 0 | >-1 | 0 | -2 | 0 | -2 | 128 ]
[ 113< | 0 | 0 | 0 | 0 | 0 | 0 | 0 | 0 | 0 | 0 | 0 | 0 | 0 | 0 | 0 | 0 | 0 | 0 | -2 | 0 | >-2 | 0 | -2 | 0 | -2 | 128 ]
[ 113< | 0 | 0 | 0 | 0 | 0 | 0 | 0 | 0 | 0 | 0 | 0 | 0 | 0 | 0 | 0 | 0 | 0 | 0 | -2 | 0 | -2 | >0 | -2 | 0 | -2 | 128 ]
[ 112< | 0 | 0 | 0 | 0 | 0 | 0 | 0 | 0 | 0 | 0 | 0 | 0 | 0 | 0 | 0 | 0 | 0 | 0 | -2 | 0 | -2 | >1 | -2 | 0 | -2 | 128 ]
[ 112< | 0 | 0 | 0 | 0 | 0 | 0 | 0 | 0 | 0 | 0 | 0 | 0 | 0 | 0 | 0 | 0 | 0 | 0 | -2 | 0 | -2 | >1 | -2 | 0 | -2 | 128 ]
[ 111< | 0 | 0 | 0 | 0 | 0 | 0 | 0 | 0 | 0 | 0 | 0 | 0 | 0 | 0 | 0 | 0 | 0 | 0 | -2 | 0 | -2 | >0 | -2 | 0 | -2 | 128 ]
[ 111< | 0 | 0 | 0 | 0 | 0 | 0 | 0 | 0 | 0 | 0 | 0 | 0 | 0 | 0 | 0 | 0 | 0 | 0 | -2 | 0 | -2 | 0 | >-2 | 0 | -2 | 128 ]
[ 110< | 0 | 0 | 0 | 0 | 0 | 0 | 0 | 0 | 0 | 0 | 0 | 0 | 0 | 0 | 0 | 0 | 0 | 0 | -2 | 0 | -2 | 0 | >-1 | 0 | -2 | 128 ]
[ 110< | 0 | 0 | 0 | 0 | 0 | 0 | 0 | 0 | 0 | 0 | 0 | 0 | 0 | 0 | 0 | 0 | 0 | 0 | -2 | 0 | -2 | 0 | >-1 | 0 | -2 | 128 ]
[ 109< | 0 | 0 | 0 | 0 | 0 | 0 | 0 | 0 | 0 | 0 | 0 | 0 | 0 | 0 | 0 | 0 | 0 | 0 | -2 | 0 | -2 | 0 | >-2 | 0 | -2 | 128 ]
[ 109< | 0 | 0 | 0 | 0 | 0 | 0 | 0 | 0 | 0 | 0 | 0 | 0 | 0 | 0 | 0 | 0 | 0 | 0 | -2 | 0 | -2 | 0 | -2 | >0 | -2 | 128 ]
[ 108< | 0 | 0 | 0 | 0 | 0 | 0 | 0 | 0 | 0 | 0 | 0 | 0 | 0 | 0 | 0 | 0 | 0 | 0 | -2 | 0 | -2 | 0 | -2 | >1 | -2 | 128 ]
[ 108< | 0 | 0 | 0 | 0 | 0 | 0 | 0 | 0 | 0 | 0 | 0 | 0 | 0 | 0 | 0 | 0 | 0 | 0 | -2 | 0 | -2 | 0 | -2 | >1 | -2 | 128 ]
[ 107< | 0 | 0 | 0 | 0 | 0 | 0 | 0 | 0 | 0 | 0 | 0 | 0 | 0 | 0 | 0 | 0 | 0 | 0 | -2 | 0 | -2 | 0 | -2 | >0 | -2 | 128 ]
[ 107< | 0 | 0 | 0 | 0 | 0 | 0 | 0 | 0 | 0 | 0 | 0 | 0 | 0 | 0 | 0 | 0 | 0 | 0 | -2 | 0 | -2 | 0 | -2 | 0 | >-2 | 128 ]
[ 106< | 0 | 0 | 0 | 0 | 0 | 0 | 0 | 0 | 0 | 0 | 0 | 0 | 0 | 0 | 0 | 0 | 0 | 0 | -2 | 0 | -2 | 0 | -2 | 0 | >-1 | 128 ]
[ 106< | 0 | 0 | 0 | 0 | 0 | 0 | 0 | 0 | 0 | 0 | 0 | 0 | 0 | 0 | 0 | 0 | 0 | 0 | -2 | 0 | -2 | 0 | -2 | 0 | >-1 | 128 ]
[ 105< | 0 | 0 | 0 | 0 | 0 | 0 | 0 | 0 | 0 | 0 | 0 | 0 | 0 | 0 | 0 | 0 | 0 | 0 | -2 | 0 | -2 | 0 | -2 | 0 | >-2 | 128 ]
[ 105< | 0 | 0 | 0 | 0 | 0 | 0 | 0 | 0 | 0 | 0 | 0 | 0 | 0 | 0 | 0 | 0 | 0 | 0 | -2 | 0 | -2 | 0 | -2 | 0 | -2 | >128 ]
[ 104< | 0 | 0 | 0 | 0 | 0 | 0 | 0 | 0 | 0 | 0 | 0 | 0 | 0 | 0 | 0 | 0 | 0 | 0 | -2 | 0 | -2 | 0 | -2 | 0 | -2 | >-127 ]
[ 104< | 0 | 0 | 0 | 0 | 0 | 0 | 0 | 0 | 0 | 0 | 0 | 0 | 0 | 0 | 0 | 0 | 0 | 0 | -2 | 0 | -2 | 0 | -2 | 0 | -2 | >-127 ]
[ 103< | 0 | 0 | 0 | 0 | 0 | 0 | 0 | 0 | 0 | 0 | 0 | 0 | 0 | 0 | 0 | 0 | 0 | 0 | -2 | 0 | -2 | 0 | -2 | 0 | -2 | >128 ]
[ >103< | 0 | 0 | 0 | 0 | 0 | 0 | 0 | 0 | 0 | 0 | 0 | 0 | 0 | 0 | 0 | 0 | 0 | 0 | -2 | 0 | -2 | 0 | -2 | 0 | -2 | 128 ]

===== TerribleThor won the battle after 108 cycles =====



===== Starting battle of <MetaJSRandomBot> vs <TerribleThor> with memory tape size: 29 =====

[ >128 | 0 | 0 | 0 | 0 | 0 | 0 | 0 | 0 | 0 | 0 | 0 | 0 | 0 | 0 | 0 | 0 | 0 | 0 | 0 | 0 | 0 | 0 | 0 | 0 | 0 | 0 | 0 | 128< ]
[ >-127 | 0 | 0 | 0 | 0 | 0 | 0 | 0 | 0 | 0 | 0 | 0 | 0 | 0 | 0 | 0 | 0 | 0 | 0 | 0 | 0 | 0 | 0 | 0 | 0 | 0 | 0 | 0< | 128 ]
[ >-127 | 0 | 0 | 0 | 0 | 0 | 0 | 0 | 0 | 0 | 0 | 0 | 0 | 0 | 0 | 0 | 0 | 0 | 0 | 0 | 0 | 0 | 0 | 0 | 0 | 0 | 0 | -1< | 128 ]
[ >-127 | 0 | 0 | 0 | 0 | 0 | 0 | 0 | 0 | 0 | 0 | 0 | 0 | 0 | 0 | 0 | 0 | 0 | 0 | 0 | 0 | 0 | 0 | 0 | 0 | 0 | 0 | -2< | 128 ]
[ -127 | >0 | 0 | 0 | 0 | 0 | 0 | 0 | 0 | 0 | 0 | 0 | 0 | 0 | 0 | 0 | 0 | 0 | 0 | 0 | 0 | 0 | 0 | 0 | 0 | 0 | 0< | -2 | 128 ]
[ -127 | >-1 | 0 | 0 | 0 | 0 | 0 | 0 | 0 | 0 | 0 | 0 | 0 | 0 | 0 | 0 | 0 | 0 | 0 | 0 | 0 | 0 | 0 | 0 | 0 | 0< | 0 | -2 | 128 ]
[ -127 | >-1 | 0 | 0 | 0 | 0 | 0 | 0 | 0 | 0 | 0 | 0 | 0 | 0 | 0 | 0 | 0 | 0 | 0 | 0 | 0 | 0 | 0 | 0 | 0 | -1< | 0 | -2 | 128 ]
[ -127 | >-2 | 0 | 0 | 0 | 0 | 0 | 0 | 0 | 0 | 0 | 0 | 0 | 0 | 0 | 0 | 0 | 0 | 0 | 0 | 0 | 0 | 0 | 0 | 0 | -2< | 0 | -2 | 128 ]
[ -127 | -2 | >0 | 0 | 0 | 0 | 0 | 0 | 0 | 0 | 0 | 0 | 0 | 0 | 0 | 0 | 0 | 0 | 0 | 0 | 0 | 0 | 0 | 0 | 0< | -2 | 0 | -2 | 128 ]
[ -127 | -2 | >1 | 0 | 0 | 0 | 0 | 0 | 0 | 0 | 0 | 0 | 0 | 0 | 0 | 0 | 0 | 0 | 0 | 0 | 0 | 0 | 0 | 0< | 0 | -2 | 0 | -2 | 128 ]
[ -127 | -2 | >1 | 0 | 0 | 0 | 0 | 0 | 0 | 0 | 0 | 0 | 0 | 0 | 0 | 0 | 0 | 0 | 0 | 0 | 0 | 0 | 0 | -1< | 0 | -2 | 0 | -2 | 128 ]
[ -127 | -2 | >0 | 0 | 0 | 0 | 0 | 0 | 0 | 0 | 0 | 0 | 0 | 0 | 0 | 0 | 0 | 0 | 0 | 0 | 0 | 0 | 0 | -2< | 0 | -2 | 0 | -2 | 128 ]
[ -127 | -2 | 0 | >0 | 0 | 0 | 0 | 0 | 0 | 0 | 0 | 0 | 0 | 0 | 0 | 0 | 0 | 0 | 0 | 0 | 0 | 0 | 0< | -2 | 0 | -2 | 0 | -2 | 128 ]
[ -127 | -2 | 0 | >1 | 0 | 0 | 0 | 0 | 0 | 0 | 0 | 0 | 0 | 0 | 0 | 0 | 0 | 0 | 0 | 0 | 0 | 0< | 0 | -2 | 0 | -2 | 0 | -2 | 128 ]
[ -127 | -2 | 0 | >1 | 0 | 0 | 0 | 0 | 0 | 0 | 0 | 0 | 0 | 0 | 0 | 0 | 0 | 0 | 0 | 0 | 0 | -1< | 0 | -2 | 0 | -2 | 0 | -2 | 128 ]
[ -127 | -2 | 0 | >0 | 0 | 0 | 0 | 0 | 0 | 0 | 0 | 0 | 0 | 0 | 0 | 0 | 0 | 0 | 0 | 0 | 0 | -2< | 0 | -2 | 0 | -2 | 0 | -2 | 128 ]
[ -127 | -2 | 0 | 0 | >0 | 0 | 0 | 0 | 0 | 0 | 0 | 0 | 0 | 0 | 0 | 0 | 0 | 0 | 0 | 0 | 0< | -2 | 0 | -2 | 0 | -2 | 0 | -2 | 128 ]
[ -127 | -2 | 0 | 0 | >1 | 0 | 0 | 0 | 0 | 0 | 0 | 0 | 0 | 0 | 0 | 0 | 0 | 0 | 0 | 0< | 0 | -2 | 0 | -2 | 0 | -2 | 0 | -2 | 128 ]
[ -127 | -2 | 0 | 0 | >1 | 0 | 0 | 0 | 0 | 0 | 0 | 0 | 0 | 0 | 0 | 0 | 0 | 0 | 0 | 0< | 0 | -2 | 0 | -2 | 0 | -2 | 0 | -2 | 128 ]
[ -127 | -2 | 0 | 0 | >0 | 0 | 0 | 0 | 0 | 0 | 0 | 0 | 0 | 0 | 0 | 0 | 0 | 0 | 0< | 0 | 0 | -2 | 0 | -2 | 0 | -2 | 0 | -2 | 128 ]
[ -127 | -2 | 0 | 0 | 0 | >0 | 0 | 0 | 0 | 0 | 0 | 0 | 0 | 0 | 0 | 0 | 0 | 0 | 0< | 0 | 0 | -2 | 0 | -2 | 0 | -2 | 0 | -2 | 128 ]
[ -127 | -2 | 0 | 0 | 0 | >1 | 0 | 0 | 0 | 0 | 0 | 0 | 0 | 0 | 0 | 0 | 0 | 0< | 0 | 0 | 0 | -2 | 0 | -2 | 0 | -2 | 0 | -2 | 128 ]
[ -127 | -2 | 0 | 0 | 0 | >1 | 0 | 0 | 0 | 0 | 0 | 0 | 0 | 0 | 0 | 0 | 0 | 0< | 0 | 0 | 0 | -2 | 0 | -2 | 0 | -2 | 0 | -2 | 128 ]
[ -127 | -2 | 0 | 0 | 0 | >0 | 0 | 0 | 0 | 0 | 0 | 0 | 0 | 0 | 0 | 0 | 0< | 0 | 0 | 0 | 0 | -2 | 0 | -2 | 0 | -2 | 0 | -2 | 128 ]
[ -127 | -2 | 0 | 0 | 0 | 0 | >0 | 0 | 0 | 0 | 0 | 0 | 0 | 0 | 0 | 0 | 0< | 0 | 0 | 0 | 0 | -2 | 0 | -2 | 0 | -2 | 0 | -2 | 128 ]
[ -127 | -2 | 0 | 0 | 0 | 0 | >1 | 0 | 0 | 0 | 0 | 0 | 0 | 0 | 0 | 0< | 0 | 0 | 0 | 0 | 0 | -2 | 0 | -2 | 0 | -2 | 0 | -2 | 128 ]
[ -127 | -2 | 0 | 0 | 0 | 0 | >1 | 0 | 0 | 0 | 0 | 0 | 0 | 0 | 0 | 0< | 0 | 0 | 0 | 0 | 0 | -2 | 0 | -2 | 0 | -2 | 0 | -2 | 128 ]
[ -127 | -2 | 0 | 0 | 0 | 0 | >0 | 0 | 0 | 0 | 0 | 0 | 0 | 0 | 0< | 0 | 0 | 0 | 0 | 0 | 0 | -2 | 0 | -2 | 0 | -2 | 0 | -2 | 128 ]
[ -127 | -2 | 0 | 0 | 0 | 0 | 0 | >0 | 0 | 0 | 0 | 0 | 0 | 0 | 0< | 0 | 0 | 0 | 0 | 0 | 0 | -2 | 0 | -2 | 0 | -2 | 0 | -2 | 128 ]
[ -127 | -2 | 0 | 0 | 0 | 0 | 0 | >1 | 0 | 0 | 0 | 0 | 0 | 0< | 0 | 0 | 0 | 0 | 0 | 0 | 0 | -2 | 0 | -2 | 0 | -2 | 0 | -2 | 128 ]
[ -127 | -2 | 0 | 0 | 0 | 0 | 0 | >1 | 0 | 0 | 0 | 0 | 0 | 0< | 0 | 0 | 0 | 0 | 0 | 0 | 0 | -2 | 0 | -2 | 0 | -2 | 0 | -2 | 128 ]
[ -127 | -2 | 0 | 0 | 0 | 0 | 0 | >0 | 0 | 0 | 0 | 0 | 0< | 0 | 0 | 0 | 0 | 0 | 0 | 0 | 0 | -2 | 0 | -2 | 0 | -2 | 0 | -2 | 128 ]
[ -127 | -2 | 0 | 0 | 0 | 0 | 0 | 0 | >0 | 0 | 0 | 0 | 0< | 0 | 0 | 0 | 0 | 0 | 0 | 0 | 0 | -2 | 0 | -2 | 0 | -2 | 0 | -2 | 128 ]
[ -127 | -2 | 0 | 0 | 0 | 0 | 0 | 0 | >1 | 0 | 0 | 0< | 0 | 0 | 0 | 0 | 0 | 0 | 0 | 0 | 0 | -2 | 0 | -2 | 0 | -2 | 0 | -2 | 128 ]
[ -127 | -2 | 0 | 0 | 0 | 0 | 0 | 0 | >1 | 0 | 0 | 0< | 0 | 0 | 0 | 0 | 0 | 0 | 0 | 0 | 0 | -2 | 0 | -2 | 0 | -2 | 0 | -2 | 128 ]
[ -127 | -2 | 0 | 0 | 0 | 0 | 0 | 0 | >0 | 0 | 0< | 0 | 0 | 0 | 0 | 0 | 0 | 0 | 0 | 0 | 0 | -2 | 0 | -2 | 0 | -2 | 0 | -2 | 128 ]
[ -127 | -2 | 0 | 0 | 0 | 0 | 0 | 0 | 0 | >0 | 0< | 0 | 0 | 0 | 0 | 0 | 0 | 0 | 0 | 0 | 0 | -2 | 0 | -2 | 0 | -2 | 0 | -2 | 128 ]
[ -127 | -2 | 0 | 0 | 0 | 0 | 0 | 0 | 0 | >1< | 0 | 0 | 0 | 0 | 0 | 0 | 0 | 0 | 0 | 0 | 0 | -2 | 0 | -2 | 0 | -2 | 0 | -2 | 128 ]
[ -127 | -2 | 0 | 0 | 0 | 0 | 0 | 0 | 0 | >1< | 0 | 0 | 0 | 0 | 0 | 0 | 0 | 0 | 0 | 0 | 0 | -2 | 0 | -2 | 0 | -2 | 0 | -2 | 128 ]
[ -127 | -2 | 0 | 0 | 0 | 0 | 0 | 0 | 0 | >1< | 0 | 0 | 0 | 0 | 0 | 0 | 0 | 0 | 0 | 0 | 0 | -2 | 0 | -2 | 0 | -2 | 0 | -2 | 128 ]
[ -127 | -2 | 0 | 0 | 0 | 0 | 0 | 0 | 0 | 1< | >0 | 0 | 0 | 0 | 0 | 0 | 0 | 0 | 0 | 0 | 0 | -2 | 0 | -2 | 0 | -2 | 0 | -2 | 128 ]
[ -127 | -2 | 0 | 0 | 0 | 0 | 0 | 0 | 0 | 2< | >1 | 0 | 0 | 0 | 0 | 0 | 0 | 0 | 0 | 0 | 0 | -2 | 0 | -2 | 0 | -2 | 0 | -2 | 128 ]
[ -127 | -2 | 0 | 0 | 0 | 0 | 0 | 0 | 0 | 2< | >1 | 0 | 0 | 0 | 0 | 0 | 0 | 0 | 0 | 0 | 0 | -2 | 0 | -2 | 0 | -2 | 0 | -2 | 128 ]
[ -127 | -2 | 0 | 0 | 0 | 0 | 0 | 0 | 0 | 3< | >0 | 0 | 0 | 0 | 0 | 0 | 0 | 0 | 0 | 0 | 0 | -2 | 0 | -2 | 0 | -2 | 0 | -2 | 128 ]
[ -127 | -2 | 0 | 0 | 0 | 0 | 0 | 0 | 0 | 3< | 0 | >0 | 0 | 0 | 0 | 0 | 0 | 0 | 0 | 0 | 0 | -2 | 0 | -2 | 0 | -2 | 0 | -2 | 128 ]
[ -127 | -2 | 0 | 0 | 0 | 0 | 0 | 0 | 0 | 4< | 0 | >1 | 0 | 0 | 0 | 0 | 0 | 0 | 0 | 0 | 0 | -2 | 0 | -2 | 0 | -2 | 0 | -2 | 128 ]
[ -127 | -2 | 0 | 0 | 0 | 0 | 0 | 0 | 0 | 4< | 0 | >1 | 0 | 0 | 0 | 0 | 0 | 0 | 0 | 0 | 0 | -2 | 0 | -2 | 0 | -2 | 0 | -2 | 128 ]
[ -127 | -2 | 0 | 0 | 0 | 0 | 0 | 0 | 0 | 5< | 0 | >0 | 0 | 0 | 0 | 0 | 0 | 0 | 0 | 0 | 0 | -2 | 0 | -2 | 0 | -2 | 0 | -2 | 128 ]
[ -127 | -2 | 0 | 0 | 0 | 0 | 0 | 0 | 0 | 5< | 0 | 0 | >0 | 0 | 0 | 0 | 0 | 0 | 0 | 0 | 0 | -2 | 0 | -2 | 0 | -2 | 0 | -2 | 128 ]
[ -127 | -2 | 0 | 0 | 0 | 0 | 0 | 0 | 0 | 6< | 0 | 0 | >1 | 0 | 0 | 0 | 0 | 0 | 0 | 0 | 0 | -2 | 0 | -2 | 0 | -2 | 0 | -2 | 128 ]
[ -127 | -2 | 0 | 0 | 0 | 0 | 0 | 0 | 0 | 6< | 0 | 0 | >1 | 0 | 0 | 0 | 0 | 0 | 0 | 0 | 0 | -2 | 0 | -2 | 0 | -2 | 0 | -2 | 128 ]
[ -127 | -2 | 0 | 0 | 0 | 0 | 0 | 0 | 0 | 7< | 0 | 0 | >0 | 0 | 0 | 0 | 0 | 0 | 0 | 0 | 0 | -2 | 0 | -2 | 0 | -2 | 0 | -2 | 128 ]
[ -127 | -2 | 0 | 0 | 0 | 0 | 0 | 0 | 0 | 7< | 0 | 0 | 0 | >0 | 0 | 0 | 0 | 0 | 0 | 0 | 0 | -2 | 0 | -2 | 0 | -2 | 0 | -2 | 128 ]
[ -127 | -2 | 0 | 0 | 0 | 0 | 0 | 0 | 0 | 8< | 0 | 0 | 0 | >1 | 0 | 0 | 0 | 0 | 0 | 0 | 0 | -2 | 0 | -2 | 0 | -2 | 0 | -2 | 128 ]
[ -127 | -2 | 0 | 0 | 0 | 0 | 0 | 0 | 0 | 8< | 0 | 0 | 0 | >1 | 0 | 0 | 0 | 0 | 0 | 0 | 0 | -2 | 0 | -2 | 0 | -2 | 0 | -2 | 128 ]
[ -127 | -2 | 0 | 0 | 0 | 0 | 0 | 0 | 0 | 9< | 0 | 0 | 0 | >0 | 0 | 0 | 0 | 0 | 0 | 0 | 0 | -2 | 0 | -2 | 0 | -2 | 0 | -2 | 128 ]
[ -127 | -2 | 0 | 0 | 0 | 0 | 0 | 0 | 0 | 9< | 0 | 0 | 0 | 0 | >0 | 0 | 0 | 0 | 0 | 0 | 0 | -2 | 0 | -2 | 0 | -2 | 0 | -2 | 128 ]
[ -127 | -2 | 0 | 0 | 0 | 0 | 0 | 0 | 0 | 10< | 0 | 0 | 0 | 0 | >1 | 0 | 0 | 0 | 0 | 0 | 0 | -2 | 0 | -2 | 0 | -2 | 0 | -2 | 128 ]
[ -127 | -2 | 0 | 0 | 0 | 0 | 0 | 0 | 0 | 10< | 0 | 0 | 0 | 0 | >1 | 0 | 0 | 0 | 0 | 0 | 0 | -2 | 0 | -2 | 0 | -2 | 0 | -2 | 128 ]
[ -127 | -2 | 0 | 0 | 0 | 0 | 0 | 0 | 0 | 11< | 0 | 0 | 0 | 0 | >0 | 0 | 0 | 0 | 0 | 0 | 0 | -2 | 0 | -2 | 0 | -2 | 0 | -2 | 128 ]
[ -127 | -2 | 0 | 0 | 0 | 0 | 0 | 0 | 0 | 11< | 0 | 0 | 0 | 0 | 0 | >0 | 0 | 0 | 0 | 0 | 0 | -2 | 0 | -2 | 0 | -2 | 0 | -2 | 128 ]
[ -127 | -2 | 0 | 0 | 0 | 0 | 0 | 0 | 0 | 12< | 0 | 0 | 0 | 0 | 0 | >1 | 0 | 0 | 0 | 0 | 0 | -2 | 0 | -2 | 0 | -2 | 0 | -2 | 128 ]
[ -127 | -2 | 0 | 0 | 0 | 0 | 0 | 0 | 0 | 12< | 0 | 0 | 0 | 0 | 0 | >1 | 0 | 0 | 0 | 0 | 0 | -2 | 0 | -2 | 0 | -2 | 0 | -2 | 128 ]
[ -127 | -2 | 0 | 0 | 0 | 0 | 0 | 0 | 0 | 13< | 0 | 0 | 0 | 0 | 0 | >0 | 0 | 0 | 0 | 0 | 0 | -2 | 0 | -2 | 0 | -2 | 0 | -2 | 128 ]
[ -127 | -2 | 0 | 0 | 0 | 0 | 0 | 0 | 0 | 13< | 0 | 0 | 0 | 0 | 0 | 0 | >0 | 0 | 0 | 0 | 0 | -2 | 0 | -2 | 0 | -2 | 0 | -2 | 128 ]
[ -127 | -2 | 0 | 0 | 0 | 0 | 0 | 0 | 0 | 14< | 0 | 0 | 0 | 0 | 0 | 0 | >1 | 0 | 0 | 0 | 0 | -2 | 0 | -2 | 0 | -2 | 0 | -2 | 128 ]
[ -127 | -2 | 0 | 0 | 0 | 0 | 0 | 0 | 0 | 14< | 0 | 0 | 0 | 0 | 0 | 0 | >1 | 0 | 0 | 0 | 0 | -2 | 0 | -2 | 0 | -2 | 0 | -2 | 128 ]
[ -127 | -2 | 0 | 0 | 0 | 0 | 0 | 0 | 0 | 15< | 0 | 0 | 0 | 0 | 0 | 0 | >0 | 0 | 0 | 0 | 0 | -2 | 0 | -2 | 0 | -2 | 0 | -2 | 128 ]
[ -127 | -2 | 0 | 0 | 0 | 0 | 0 | 0 | 0 | 15< | 0 | 0 | 0 | 0 | 0 | 0 | 0 | >0 | 0 | 0 | 0 | -2 | 0 | -2 | 0 | -2 | 0 | -2 | 128 ]
[ -127 | -2 | 0 | 0 | 0 | 0 | 0 | 0 | 0 | 16< | 0 | 0 | 0 | 0 | 0 | 0 | 0 | >1 | 0 | 0 | 0 | -2 | 0 | -2 | 0 | -2 | 0 | -2 | 128 ]
[ -127 | -2 | 0 | 0 | 0 | 0 | 0 | 0 | 0 | 16< | 0 | 0 | 0 | 0 | 0 | 0 | 0 | >1 | 0 | 0 | 0 | -2 | 0 | -2 | 0 | -2 | 0 | -2 | 128 ]
[ -127 | -2 | 0 | 0 | 0 | 0 | 0 | 0 | 0 | 17< | 0 | 0 | 0 | 0 | 0 | 0 | 0 | >0 | 0 | 0 | 0 | -2 | 0 | -2 | 0 | -2 | 0 | -2 | 128 ]
[ -127 | -2 | 0 | 0 | 0 | 0 | 0 | 0 | 0 | 17< | 0 | 0 | 0 | 0 | 0 | 0 | 0 | 0 | >0 | 0 | 0 | -2 | 0 | -2 | 0 | -2 | 0 | -2 | 128 ]
[ -127 | -2 | 0 | 0 | 0 | 0 | 0 | 0 | 0 | 18< | 0 | 0 | 0 | 0 | 0 | 0 | 0 | 0 | >1 | 0 | 0 | -2 | 0 | -2 | 0 | -2 | 0 | -2 | 128 ]
[ -127 | -2 | 0 | 0 | 0 | 0 | 0 | 0 | 0 | 18< | 0 | 0 | 0 | 0 | 0 | 0 | 0 | 0 | >1 | 0 | 0 | -2 | 0 | -2 | 0 | -2 | 0 | -2 | 128 ]
[ -127 | -2 | 0 | 0 | 0 | 0 | 0 | 0 | 0 | 19< | 0 | 0 | 0 | 0 | 0 | 0 | 0 | 0 | >0 | 0 | 0 | -2 | 0 | -2 | 0 | -2 | 0 | -2 | 128 ]
[ -127 | -2 | 0 | 0 | 0 | 0 | 0 | 0 | 0 | 19< | 0 | 0 | 0 | 0 | 0 | 0 | 0 | 0 | 0 | >0 | 0 | -2 | 0 | -2 | 0 | -2 | 0 | -2 | 128 ]
[ -127 | -2 | 0 | 0 | 0 | 0 | 0 | 0 | 0 | 20< | 0 | 0 | 0 | 0 | 0 | 0 | 0 | 0 | 0 | >1 | 0 | -2 | 0 | -2 | 0 | -2 | 0 | -2 | 128 ]
[ -127 | -2 | 0 | 0 | 0 | 0 | 0 | 0 | 0 | 20< | 0 | 0 | 0 | 0 | 0 | 0 | 0 | 0 | 0 | >1 | 0 | -2 | 0 | -2 | 0 | -2 | 0 | -2 | 128 ]
[ -127 | -2 | 0 | 0 | 0 | 0 | 0 | 0 | 0 | 21< | 0 | 0 | 0 | 0 | 0 | 0 | 0 | 0 | 0 | >0 | 0 | -2 | 0 | -2 | 0 | -2 | 0 | -2 | 128 ]
[ -127 | -2 | 0 | 0 | 0 | 0 | 0 | 0 | 0 | 21< | 0 | 0 | 0 | 0 | 0 | 0 | 0 | 0 | 0 | 0 | >0 | -2 | 0 | -2 | 0 | -2 | 0 | -2 | 128 ]
[ -127 | -2 | 0 | 0 | 0 | 0 | 0 | 0 | 0 | 22< | 0 | 0 | 0 | 0 | 0 | 0 | 0 | 0 | 0 | 0 | >1 | -2 | 0 | -2 | 0 | -2 | 0 | -2 | 128 ]
[ -127 | -2 | 0 | 0 | 0 | 0 | 0 | 0 | 0 | 22< | 0 | 0 | 0 | 0 | 0 | 0 | 0 | 0 | 0 | 0 | >1 | -2 | 0 | -2 | 0 | -2 | 0 | -2 | 128 ]
[ -127 | -2 | 0 | 0 | 0 | 0 | 0 | 0 | 0 | 23< | 0 | 0 | 0 | 0 | 0 | 0 | 0 | 0 | 0 | 0 | >0 | -2 | 0 | -2 | 0 | -2 | 0 | -2 | 128 ]
[ -127 | -2 | 0 | 0 | 0 | 0 | 0 | 0 | 0 | 23< | 0 | 0 | 0 | 0 | 0 | 0 | 0 | 0 | 0 | 0 | 0 | >-2 | 0 | -2 | 0 | -2 | 0 | -2 | 128 ]
[ -127 | -2 | 0 | 0 | 0 | 0 | 0 | 0 | 0 | 24< | 0 | 0 | 0 | 0 | 0 | 0 | 0 | 0 | 0 | 0 | 0 | >-1 | 0 | -2 | 0 | -2 | 0 | -2 | 128 ]
[ -127 | -2 | 0 | 0 | 0 | 0 | 0 | 0 | 0 | 24< | 0 | 0 | 0 | 0 | 0 | 0 | 0 | 0 | 0 | 0 | 0 | >-1 | 0 | -2 | 0 | -2 | 0 | -2 | 128 ]
[ -127 | -2 | 0 | 0 | 0 | 0 | 0 | 0 | 0 | 25< | 0 | 0 | 0 | 0 | 0 | 0 | 0 | 0 | 0 | 0 | 0 | >-2 | 0 | -2 | 0 | -2 | 0 | -2 | 128 ]
[ -127 | -2 | 0 | 0 | 0 | 0 | 0 | 0 | 0 | 25< | 0 | 0 | 0 | 0 | 0 | 0 | 0 | 0 | 0 | 0 | 0 | -2 | >0 | -2 | 0 | -2 | 0 | -2 | 128 ]
[ -127 | -2 | 0 | 0 | 0 | 0 | 0 | 0 | 0 | 26< | 0 | 0 | 0 | 0 | 0 | 0 | 0 | 0 | 0 | 0 | 0 | -2 | >1 | -2 | 0 | -2 | 0 | -2 | 128 ]
[ -127 | -2 | 0 | 0 | 0 | 0 | 0 | 0 | 0 | 26< | 0 | 0 | 0 | 0 | 0 | 0 | 0 | 0 | 0 | 0 | 0 | -2 | >1 | -2 | 0 | -2 | 0 | -2 | 128 ]
[ -127 | -2 | 0 | 0 | 0 | 0 | 0 | 0 | 0 | 27< | 0 | 0 | 0 | 0 | 0 | 0 | 0 | 0 | 0 | 0 | 0 | -2 | >0 | -2 | 0 | -2 | 0 | -2 | 128 ]
[ -127 | -2 | 0 | 0 | 0 | 0 | 0 | 0 | 0 | 27< | 0 | 0 | 0 | 0 | 0 | 0 | 0 | 0 | 0 | 0 | 0 | -2 | 0 | >-2 | 0 | -2 | 0 | -2 | 128 ]
[ -127 | -2 | 0 | 0 | 0 | 0 | 0 | 0 | 0 | 28< | 0 | 0 | 0 | 0 | 0 | 0 | 0 | 0 | 0 | 0 | 0 | -2 | 0 | >-1 | 0 | -2 | 0 | -2 | 128 ]
[ -127 | -2 | 0 | 0 | 0 | 0 | 0 | 0 | 0 | 28< | 0 | 0 | 0 | 0 | 0 | 0 | 0 | 0 | 0 | 0 | 0 | -2 | 0 | >-1 | 0 | -2 | 0 | -2 | 128 ]
[ -127 | -2 | 0 | 0 | 0 | 0 | 0 | 0 | 0 | 29< | 0 | 0 | 0 | 0 | 0 | 0 | 0 | 0 | 0 | 0 | 0 | -2 | 0 | >-2 | 0 | -2 | 0 | -2 | 128 ]
[ -127 | -2 | 0 | 0 | 0 | 0 | 0 | 0 | 0 | 29< | 0 | 0 | 0 | 0 | 0 | 0 | 0 | 0 | 0 | 0 | 0 | -2 | 0 | -2 | >0 | -2 | 0 | -2 | 128 ]
[ -127 | -2 | 0 | 0 | 0 | 0 | 0 | 0 | 0 | 30< | 0 | 0 | 0 | 0 | 0 | 0 | 0 | 0 | 0 | 0 | 0 | -2 | 0 | -2 | >1 | -2 | 0 | -2 | 128 ]
[ -127 | -2 | 0 | 0 | 0 | 0 | 0 | 0 | 0 | 30< | 0 | 0 | 0 | 0 | 0 | 0 | 0 | 0 | 0 | 0 | 0 | -2 | 0 | -2 | >1 | -2 | 0 | -2 | 128 ]
[ -127 | -2 | 0 | 0 | 0 | 0 | 0 | 0 | 0 | 31< | 0 | 0 | 0 | 0 | 0 | 0 | 0 | 0 | 0 | 0 | 0 | -2 | 0 | -2 | >0 | -2 | 0 | -2 | 128 ]
[ -127 | -2 | 0 | 0 | 0 | 0 | 0 | 0 | 0 | 31< | 0 | 0 | 0 | 0 | 0 | 0 | 0 | 0 | 0 | 0 | 0 | -2 | 0 | -2 | 0 | >-2 | 0 | -2 | 128 ]
[ -127 | -2 | 0 | 0 | 0 | 0 | 0 | 0 | 0 | 32< | 0 | 0 | 0 | 0 | 0 | 0 | 0 | 0 | 0 | 0 | 0 | -2 | 0 | -2 | 0 | >-1 | 0 | -2 | 128 ]
[ -127 | -2 | 0 | 0 | 0 | 0 | 0 | 0 | 0 | 32< | 0 | 0 | 0 | 0 | 0 | 0 | 0 | 0 | 0 | 0 | 0 | -2 | 0 | -2 | 0 | >-1 | 0 | -2 | 128 ]
[ -127 | -2 | 0 | 0 | 0 | 0 | 0 | 0 | 0 | 33< | 0 | 0 | 0 | 0 | 0 | 0 | 0 | 0 | 0 | 0 | 0 | -2 | 0 | -2 | 0 | >-2 | 0 | -2 | 128 ]
[ -127 | -2 | 0 | 0 | 0 | 0 | 0 | 0 | 0 | 33< | 0 | 0 | 0 | 0 | 0 | 0 | 0 | 0 | 0 | 0 | 0 | -2 | 0 | -2 | 0 | -2 | >0 | -2 | 128 ]
[ -127 | -2 | 0 | 0 | 0 | 0 | 0 | 0 | 0 | 34< | 0 | 0 | 0 | 0 | 0 | 0 | 0 | 0 | 0 | 0 | 0 | -2 | 0 | -2 | 0 | -2 | >1 | -2 | 128 ]
[ -127 | -2 | 0 | 0 | 0 | 0 | 0 | 0 | 0 | 34< | 0 | 0 | 0 | 0 | 0 | 0 | 0 | 0 | 0 | 0 | 0 | -2 | 0 | -2 | 0 | -2 | >1 | -2 | 128 ]
[ -127 | -2 | 0 | 0 | 0 | 0 | 0 | 0 | 0 | 35< | 0 | 0 | 0 | 0 | 0 | 0 | 0 | 0 | 0 | 0 | 0 | -2 | 0 | -2 | 0 | -2 | >0 | -2 | 128 ]
[ -127 | -2 | 0 | 0 | 0 | 0 | 0 | 0 | 0 | 35< | 0 | 0 | 0 | 0 | 0 | 0 | 0 | 0 | 0 | 0 | 0 | -2 | 0 | -2 | 0 | -2 | 0 | >-2 | 128 ]
[ -127 | -2 | 0 | 0 | 0 | 0 | 0 | 0 | 0 | 36< | 0 | 0 | 0 | 0 | 0 | 0 | 0 | 0 | 0 | 0 | 0 | -2 | 0 | -2 | 0 | -2 | 0 | >-1 | 128 ]
[ -127 | -2 | 0 | 0 | 0 | 0 | 0 | 0 | 0 | 36< | 0 | 0 | 0 | 0 | 0 | 0 | 0 | 0 | 0 | 0 | 0 | -2 | 0 | -2 | 0 | -2 | 0 | >-1 | 128 ]
[ -127 | -2 | 0 | 0 | 0 | 0 | 0 | 0 | 0 | 37< | 0 | 0 | 0 | 0 | 0 | 0 | 0 | 0 | 0 | 0 | 0 | -2 | 0 | -2 | 0 | -2 | 0 | >-2 | 128 ]
[ -127 | -2 | 0 | 0 | 0 | 0 | 0 | 0 | 0 | 37< | 0 | 0 | 0 | 0 | 0 | 0 | 0 | 0 | 0 | 0 | 0 | -2 | 0 | -2 | 0 | -2 | 0 | -2 | >128 ]
[ -127 | -2 | 0 | 0 | 0 | 0 | 0 | 0 | 0 | 38< | 0 | 0 | 0 | 0 | 0 | 0 | 0 | 0 | 0 | 0 | 0 | -2 | 0 | -2 | 0 | -2 | 0 | -2 | >-127 ]
[ -127 | -2 | 0 | 0 | 0 | 0 | 0 | 0 | 0 | 38< | 0 | 0 | 0 | 0 | 0 | 0 | 0 | 0 | 0 | 0 | 0 | -2 | 0 | -2 | 0 | -2 | 0 | -2 | >-127 ]
[ -127 | -2 | 0 | 0 | 0 | 0 | 0 | 0 | 0 | 39< | 0 | 0 | 0 | 0 | 0 | 0 | 0 | 0 | 0 | 0 | 0 | -2 | 0 | -2 | 0 | -2 | 0 | -2 | >128 ]
[ >-127 | -2 | 0 | 0 | 0 | 0 | 0 | 0 | 0 | 39< | 0 | 0 | 0 | 0 | 0 | 0 | 0 | 0 | 0 | 0 | 0 | -2 | 0 | -2 | 0 | -2 | 0 | -2 | 128 ]

===== TerribleThor won the battle after 116 cycles =====



===== Starting battle of <MetaJSRandomBot> vs <TerribleThor> with memory tape size: 12 =====

[ >128 | 0 | 0 | 0 | 0 | 0 | 0 | 0 | 0 | 0 | 0 | 128< ]
[ >-127 | 0 | 0 | 0 | 0 | 0 | 0 | 0 | 0 | 0 | 0< | 128 ]
[ >-127 | 0 | 0 | 0 | 0 | 0 | 0 | 0 | 0 | 0 | -1< | 128 ]
[ >-127 | 0 | 0 | 0 | 0 | 0 | 0 | 0 | 0 | 0 | -2< | 128 ]
[ -127 | >0 | 0 | 0 | 0 | 0 | 0 | 0 | 0 | 0< | -2 | 128 ]
[ -127 | >-1 | 0 | 0 | 0 | 0 | 0 | 0 | 0< | 0 | -2 | 128 ]
[ -127 | >-1 | 0 | 0 | 0 | 0 | 0 | 0 | -1< | 0 | -2 | 128 ]
[ -127 | >-2 | 0 | 0 | 0 | 0 | 0 | 0 | -2< | 0 | -2 | 128 ]
[ -127 | -2 | >0 | 0 | 0 | 0 | 0 | 0< | -2 | 0 | -2 | 128 ]
[ -127 | -2 | >1 | 0 | 0 | 0 | 0< | 0 | -2 | 0 | -2 | 128 ]
[ -127 | -2 | >1 | 0 | 0 | 0 | -1< | 0 | -2 | 0 | -2 | 128 ]
[ -127 | -2 | >0 | 0 | 0 | 0 | -2< | 0 | -2 | 0 | -2 | 128 ]
[ -127 | -2 | 0 | >0 | 0 | 0< | -2 | 0 | -2 | 0 | -2 | 128 ]
[ -127 | -2 | 0 | >1 | 0< | 0 | -2 | 0 | -2 | 0 | -2 | 128 ]
[ -127 | -2 | 0 | >1 | -1< | 0 | -2 | 0 | -2 | 0 | -2 | 128 ]
[ -127 | -2 | 0 | >0 | -2< | 0 | -2 | 0 | -2 | 0 | -2 | 128 ]
[ -127 | -2 | 0 | 0< | >-2 | 0 | -2 | 0 | -2 | 0 | -2 | 128 ]
[ -127 | -2 | 0< | 0 | >-1 | 0 | -2 | 0 | -2 | 0 | -2 | 128 ]
[ -127 | -2 | 0< | 0 | >-1 | 0 | -2 | 0 | -2 | 0 | -2 | 128 ]
[ -127 | -2< | 0 | 0 | >-2 | 0 | -2 | 0 | -2 | 0 | -2 | 128 ]
[ -127 | -2< | 0 | 0 | -2 | >0 | -2 | 0 | -2 | 0 | -2 | 128 ]
[ -127 | -3< | 0 | 0 | -2 | >1 | -2 | 0 | -2 | 0 | -2 | 128 ]
[ -127 | -3< | 0 | 0 | -2 | >1 | -2 | 0 | -2 | 0 | -2 | 128 ]
[ -127 | -4< | 0 | 0 | -2 | >0 | -2 | 0 | -2 | 0 | -2 | 128 ]
[ -127 | -4< | 0 | 0 | -2 | 0 | >-2 | 0 | -2 | 0 | -2 | 128 ]
[ -127 | -5< | 0 | 0 | -2 | 0 | >-1 | 0 | -2 | 0 | -2 | 128 ]
[ -127 | -5< | 0 | 0 | -2 | 0 | >-1 | 0 | -2 | 0 | -2 | 128 ]
[ -127 | -6< | 0 | 0 | -2 | 0 | >-2 | 0 | -2 | 0 | -2 | 128 ]
[ -127 | -6< | 0 | 0 | -2 | 0 | -2 | >0 | -2 | 0 | -2 | 128 ]
[ -127 | -7< | 0 | 0 | -2 | 0 | -2 | >1 | -2 | 0 | -2 | 128 ]
[ -127 | -7< | 0 | 0 | -2 | 0 | -2 | >1 | -2 | 0 | -2 | 128 ]
[ -127 | -8< | 0 | 0 | -2 | 0 | -2 | >0 | -2 | 0 | -2 | 128 ]
[ -127 | -8< | 0 | 0 | -2 | 0 | -2 | 0 | >-2 | 0 | -2 | 128 ]
[ -127 | -9< | 0 | 0 | -2 | 0 | -2 | 0 | >-1 | 0 | -2 | 128 ]
[ -127 | -9< | 0 | 0 | -2 | 0 | -2 | 0 | >-1 | 0 | -2 | 128 ]
[ -127 | -10< | 0 | 0 | -2 | 0 | -2 | 0 | >-2 | 0 | -2 | 128 ]
[ -127 | -10< | 0 | 0 | -2 | 0 | -2 | 0 | -2 | >0 | -2 | 128 ]
[ -127 | -11< | 0 | 0 | -2 | 0 | -2 | 0 | -2 | >1 | -2 | 128 ]
[ -127 | -11< | 0 | 0 | -2 | 0 | -2 | 0 | -2 | >1 | -2 | 128 ]
[ -127 | -12< | 0 | 0 | -2 | 0 | -2 | 0 | -2 | >0 | -2 | 128 ]
[ -127 | -12< | 0 | 0 | -2 | 0 | -2 | 0 | -2 | 0 | >-2 | 128 ]
[ -127 | -13< | 0 | 0 | -2 | 0 | -2 | 0 | -2 | 0 | >-1 | 128 ]
[ -127 | -13< | 0 | 0 | -2 | 0 | -2 | 0 | -2 | 0 | >-1 | 128 ]
[ -127 | -14< | 0 | 0 | -2 | 0 | -2 | 0 | -2 | 0 | >-2 | 128 ]
[ -127 | -14< | 0 | 0 | -2 | 0 | -2 | 0 | -2 | 0 | -2 | >128 ]
[ -127 | -15< | 0 | 0 | -2 | 0 | -2 | 0 | -2 | 0 | -2 | >-127 ]
[ -127 | -15< | 0 | 0 | -2 | 0 | -2 | 0 | -2 | 0 | -2 | >-127 ]
[ -127 | -16< | 0 | 0 | -2 | 0 | -2 | 0 | -2 | 0 | -2 | >128 ]
[ >-127 | -16< | 0 | 0 | -2 | 0 | -2 | 0 | -2 | 0 | -2 | 128 ]

===== TerribleThor won the battle after 48 cycles =====



===== MetaJSRandomBot.bf vs. TerribleThor.bf finished with 0:10 =====