===== Starting battle of <MetaJSRandomBot> vs <Plodder> with memory tape size: 20 =====

[ >128 | 0 | 0 | 0 | 0 | 0 | 0 | 0 | 0 | 0 | 0 | 0 | 0 | 0 | 0 | 0 | 0 | 0 | 0 | 128< ]
[ >-127 | 0 | 0 | 0 | 0 | 0 | 0 | 0 | 0 | 0 | 0 | 0 | 0 | 0 | 0 | 0 | 0 | 0 | 0< | 128 ]
[ >-127 | 0 | 0 | 0 | 0 | 0 | 0 | 0 | 0 | 0 | 0 | 0 | 0 | 0 | 0 | 0 | 0 | 0 | -1< | 128 ]
[ >-127 | 0 | 0 | 0 | 0 | 0 | 0 | 0 | 0 | 0 | 0 | 0 | 0 | 0 | 0 | 0 | 0 | 0 | -2< | 128 ]
[ -127 | >0 | 0 | 0 | 0 | 0 | 0 | 0 | 0 | 0 | 0 | 0 | 0 | 0 | 0 | 0 | 0 | 0 | -3< | 128 ]
[ -127 | >-1 | 0 | 0 | 0 | 0 | 0 | 0 | 0 | 0 | 0 | 0 | 0 | 0 | 0 | 0 | 0 | 0 | -4< | 128 ]
[ -127 | >-1 | 0 | 0 | 0 | 0 | 0 | 0 | 0 | 0 | 0 | 0 | 0 | 0 | 0 | 0 | 0 | 0< | -4 | 128 ]
[ -127 | >-2 | 0 | 0 | 0 | 0 | 0 | 0 | 0 | 0 | 0 | 0 | 0 | 0 | 0 | 0 | 0 | -1< | -4 | 128 ]
[ -127 | -2 | >0 | 0 | 0 | 0 | 0 | 0 | 0 | 0 | 0 | 0 | 0 | 0 | 0 | 0 | 0 | -2< | -4 | 128 ]
[ -127 | -2 | >1 | 0 | 0 | 0 | 0 | 0 | 0 | 0 | 0 | 0 | 0 | 0 | 0 | 0 | 0 | -3< | -4 | 128 ]
[ -127 | -2 | >1 | 0 | 0 | 0 | 0 | 0 | 0 | 0 | 0 | 0 | 0 | 0 | 0 | 0 | 0 | -4< | -4 | 128 ]
[ -127 | -2 | >0 | 0 | 0 | 0 | 0 | 0 | 0 | 0 | 0 | 0 | 0 | 0 | 0 | 0 | 0< | -4 | -4 | 128 ]
[ -127 | -2 | 0 | >0 | 0 | 0 | 0 | 0 | 0 | 0 | 0 | 0 | 0 | 0 | 0 | 0 | -1< | -4 | -4 | 128 ]
[ -127 | -2 | 0 | >1 | 0 | 0 | 0 | 0 | 0 | 0 | 0 | 0 | 0 | 0 | 0 | 0 | -2< | -4 | -4 | 128 ]
[ -127 | -2 | 0 | >1 | 0 | 0 | 0 | 0 | 0 | 0 | 0 | 0 | 0 | 0 | 0 | 0 | -3< | -4 | -4 | 128 ]
[ -127 | -2 | 0 | >0 | 0 | 0 | 0 | 0 | 0 | 0 | 0 | 0 | 0 | 0 | 0 | 0 | -4< | -4 | -4 | 128 ]
[ -127 | -2 | 0 | 0 | >0 | 0 | 0 | 0 | 0 | 0 | 0 | 0 | 0 | 0 | 0 | 0< | -4 | -4 | -4 | 128 ]
[ -127 | -2 | 0 | 0 | >1 | 0 | 0 | 0 | 0 | 0 | 0 | 0 | 0 | 0 | 0 | 1< | -4 | -4 | -4 | 128 ]
[ -127 | -2 | 0 | 0 | >1 | 0 | 0 | 0 | 0 | 0 | 0 | 0 | 0 | 0 | 0 | 2< | -4 | -4 | -4 | 128 ]
[ -127 | -2 | 0 | 0 | >0 | 0 | 0 | 0 | 0 | 0 | 0 | 0 | 0 | 0 | 0< | 2 | -4 | -4 | -4 | 128 ]
[ -127 | -2 | 0 | 0 | 0 | >0 | 0 | 0 | 0 | 0 | 0 | 0 | 0 | 0 | -1< | 2 | -4 | -4 | -4 | 128 ]
[ -127 | -2 | 0 | 0 | 0 | >1 | 0 | 0 | 0 | 0 | 0 | 0 | 0 | 0 | -2< | 2 | -4 | -4 | -4 | 128 ]
[ -127 | -2 | 0 | 0 | 0 | >1 | 0 | 0 | 0 | 0 | 0 | 0 | 0 | 0< | -2 | 2 | -4 | -4 | -4 | 128 ]
[ -127 | -2 | 0 | 0 | 0 | >0 | 0 | 0 | 0 | 0 | 0 | 0 | 0 | 1< | -2 | 2 | -4 | -4 | -4 | 128 ]
[ -127 | -2 | 0 | 0 | 0 | 0 | >0 | 0 | 0 | 0 | 0 | 0 | 0< | 1 | -2 | 2 | -4 | -4 | -4 | 128 ]
[ -127 | -2 | 0 | 0 | 0 | 0 | >1 | 0 | 0 | 0 | 0 | 0 | -1< | 1 | -2 | 2 | -4 | -4 | -4 | 128 ]
[ -127 | -2 | 0 | 0 | 0 | 0 | >1 | 0 | 0 | 0 | 0 | 0 | -1 | 1< | -2 | 2 | -4 | -4 | -4 | 128 ]
[ -127 | -2 | 0 | 0 | 0 | 0 | >0 | 0 | 0 | 0 | 0 | 0 | -1 | 1 | -2< | 2 | -4 | -4 | -4 | 128 ]
[ -127 | -2 | 0 | 0 | 0 | 0 | 0 | >0 | 0 | 0 | 0 | 0 | -1 | 1 | -3< | 2 | -4 | -4 | -4 | 128 ]
[ -127 | -2 | 0 | 0 | 0 | 0 | 0 | >1 | 0 | 0 | 0 | 0 | -1 | 1 | -4< | 2 | -4 | -4 | -4 | 128 ]
[ -127 | -2 | 0 | 0 | 0 | 0 | 0 | >1 | 0 | 0 | 0 | 0 | -1 | 1< | -4 | 2 | -4 | -4 | -4 | 128 ]
[ -127 | -2 | 0 | 0 | 0 | 0 | 0 | >0 | 0 | 0 | 0 | 0 | -1 | 2< | -4 | 2 | -4 | -4 | -4 | 128 ]
[ -127 | -2 | 0 | 0 | 0 | 0 | 0 | 0 | >0 | 0 | 0 | 0 | -1< | 2 | -4 | 2 | -4 | -4 | -4 | 128 ]
[ -127 | -2 | 0 | 0 | 0 | 0 | 0 | 0 | >1 | 0 | 0 | 0 | -2< | 2 | -4 | 2 | -4 | -4 | -4 | 128 ]
[ -127 | -2 | 0 | 0 | 0 | 0 | 0 | 0 | >1 | 0 | 0 | 0 | -3< | 2 | -4 | 2 | -4 | -4 | -4 | 128 ]
[ -127 | -2 | 0 | 0 | 0 | 0 | 0 | 0 | >0 | 0 | 0 | 0 | -4< | 2 | -4 | 2 | -4 | -4 | -4 | 128 ]
[ -127 | -2 | 0 | 0 | 0 | 0 | 0 | 0 | 0 | >0 | 0 | 0< | -4 | 2 | -4 | 2 | -4 | -4 | -4 | 128 ]
[ -127 | -2 | 0 | 0 | 0 | 0 | 0 | 0 | 0 | >1 | 0 | 1< | -4 | 2 | -4 | 2 | -4 | -4 | -4 | 128 ]
[ -127 | -2 | 0 | 0 | 0 | 0 | 0 | 0 | 0 | >1 | 0< | 1 | -4 | 2 | -4 | 2 | -4 | -4 | -4 | 128 ]
[ -127 | -2 | 0 | 0 | 0 | 0 | 0 | 0 | 0 | >0 | -1< | 1 | -4 | 2 | -4 | 2 | -4 | -4 | -4 | 128 ]
[ -127 | -2 | 0 | 0 | 0 | 0 | 0 | 0 | 0 | 0 | >-1< | 1 | -4 | 2 | -4 | 2 | -4 | -4 | -4 | 128 ]
[ -127 | -2 | 0 | 0 | 0 | 0 | 0 | 0 | 0 | 0 | >1< | 1 | -4 | 2 | -4 | 2 | -4 | -4 | -4 | 128 ]
[ -127 | -2 | 0 | 0 | 0 | 0 | 0 | 0 | 0 | 0 | >2< | 1 | -4 | 2 | -4 | 2 | -4 | -4 | -4 | 128 ]
[ -127 | -2 | 0 | 0 | 0 | 0 | 0 | 0 | 0 | 0 | >2< | 1 | -4 | 2 | -4 | 2 | -4 | -4 | -4 | 128 ]
[ -127 | -2 | 0 | 0 | 0 | 0 | 0 | 0 | 0 | 0 | 3< | >1 | -4 | 2 | -4 | 2 | -4 | -4 | -4 | 128 ]
[ -127 | -2 | 0 | 0 | 0 | 0 | 0 | 0 | 0 | 0 | 4< | >2 | -4 | 2 | -4 | 2 | -4 | -4 | -4 | 128 ]
[ -127 | -2 | 0 | 0 | 0 | 0 | 0 | 0 | 0 | 0 | 5< | >2 | -4 | 2 | -4 | 2 | -4 | -4 | -4 | 128 ]
[ -127 | -2 | 0 | 0 | 0 | 0 | 0 | 0 | 0 | 0 | 6< | >1 | -4 | 2 | -4 | 2 | -4 | -4 | -4 | 128 ]
[ -127 | -2 | 0 | 0 | 0 | 0 | 0 | 0 | 0 | 0 | 7< | 1 | >-4 | 2 | -4 | 2 | -4 | -4 | -4 | 128 ]
[ -127 | -2 | 0 | 0 | 0 | 0 | 0 | 0 | 0 | 0 | 8< | 1 | >-3 | 2 | -4 | 2 | -4 | -4 | -4 | 128 ]
[ -127 | -2 | 0 | 0 | 0 | 0 | 0 | 0 | 0 | 0 | 9< | 1 | >-3 | 2 | -4 | 2 | -4 | -4 | -4 | 128 ]
[ -127 | -2 | 0 | 0 | 0 | 0 | 0 | 0 | 0 | 0 | 10< | 1 | >-4 | 2 | -4 | 2 | -4 | -4 | -4 | 128 ]
[ -127 | -2 | 0 | 0 | 0 | 0 | 0 | 0 | 0 | 0 | 11< | 1 | -4 | >2 | -4 | 2 | -4 | -4 | -4 | 128 ]
[ -127 | -2 | 0 | 0 | 0 | 0 | 0 | 0 | 0 | 0 | 12< | 1 | -4 | >3 | -4 | 2 | -4 | -4 | -4 | 128 ]
[ -127 | -2 | 0 | 0 | 0 | 0 | 0 | 0 | 0 | 0 | 13< | 1 | -4 | >3 | -4 | 2 | -4 | -4 | -4 | 128 ]
[ -127 | -2 | 0 | 0 | 0 | 0 | 0 | 0 | 0 | 0 | 14< | 1 | -4 | >2 | -4 | 2 | -4 | -4 | -4 | 128 ]
[ -127 | -2 | 0 | 0 | 0 | 0 | 0 | 0 | 0 | 0 | 15< | 1 | -4 | 2 | >-4 | 2 | -4 | -4 | -4 | 128 ]
[ -127 | -2 | 0 | 0 | 0 | 0 | 0 | 0 | 0 | 0 | 16< | 1 | -4 | 2 | >-3 | 2 | -4 | -4 | -4 | 128 ]
[ -127 | -2 | 0 | 0 | 0 | 0 | 0 | 0 | 0 | 0 | 17< | 1 | -4 | 2 | >-3 | 2 | -4 | -4 | -4 | 128 ]
[ -127 | -2 | 0 | 0 | 0 | 0 | 0 | 0 | 0 | 0 | 18< | 1 | -4 | 2 | >-4 | 2 | -4 | -4 | -4 | 128 ]
[ -127 | -2 | 0 | 0 | 0 | 0 | 0 | 0 | 0 | 0 | 19< | 1 | -4 | 2 | -4 | >2 | -4 | -4 | -4 | 128 ]
[ -127 | -2 | 0 | 0 | 0 | 0 | 0 | 0 | 0 | 0 | 20< | 1 | -4 | 2 | -4 | >3 | -4 | -4 | -4 | 128 ]
[ -127 | -2 | 0 | 0 | 0 | 0 | 0 | 0 | 0 | 0 | 21< | 1 | -4 | 2 | -4 | >3 | -4 | -4 | -4 | 128 ]
[ -127 | -2 | 0 | 0 | 0 | 0 | 0 | 0 | 0 | 0 | 22< | 1 | -4 | 2 | -4 | >2 | -4 | -4 | -4 | 128 ]
[ -127 | -2 | 0 | 0 | 0 | 0 | 0 | 0 | 0 | 0 | 23< | 1 | -4 | 2 | -4 | 2 | >-4 | -4 | -4 | 128 ]
[ -127 | -2 | 0 | 0 | 0 | 0 | 0 | 0 | 0 | 0 | 24< | 1 | -4 | 2 | -4 | 2 | >-3 | -4 | -4 | 128 ]
[ -127 | -2 | 0 | 0 | 0 | 0 | 0 | 0 | 0 | 0 | 25< | 1 | -4 | 2 | -4 | 2 | >-3 | -4 | -4 | 128 ]
[ -127 | -2 | 0 | 0 | 0 | 0 | 0 | 0 | 0 | 0 | 26< | 1 | -4 | 2 | -4 | 2 | >-4 | -4 | -4 | 128 ]
[ -127 | -2 | 0 | 0 | 0 | 0 | 0 | 0 | 0 | 0 | 27< | 1 | -4 | 2 | -4 | 2 | -4 | >-4 | -4 | 128 ]
[ -127 | -2 | 0 | 0 | 0 | 0 | 0 | 0 | 0 | 0 | 28< | 1 | -4 | 2 | -4 | 2 | -4 | >-3 | -4 | 128 ]
[ -127 | -2 | 0 | 0 | 0 | 0 | 0 | 0 | 0 | 0 | 29< | 1 | -4 | 2 | -4 | 2 | -4 | >-3 | -4 | 128 ]
[ -127 | -2 | 0 | 0 | 0 | 0 | 0 | 0 | 0 | 0 | 30< | 1 | -4 | 2 | -4 | 2 | -4 | >-4 | -4 | 128 ]
[ -127 | -2 | 0 | 0 | 0 | 0 | 0 | 0 | 0 | 0 | 31< | 1 | -4 | 2 | -4 | 2 | -4 | -4 | >-4 | 128 ]
[ -127 | -2 | 0 | 0 | 0 | 0 | 0 | 0 | 0 | 0 | 32< | 1 | -4 | 2 | -4 | 2 | -4 | -4 | >-3 | 128 ]
[ -127 | -2 | 0 | 0 | 0 | 0 | 0 | 0 | 0 | 0 | 33< | 1 | -4 | 2 | -4 | 2 | -4 | -4 | >-3 | 128 ]
[ -127 | -2 | 0 | 0 | 0 | 0 | 0 | 0 | 0 | 0 | 34< | 1 | -4 | 2 | -4 | 2 | -4 | -4 | >-4 | 128 ]
[ -127 | -2 | 0 | 0 | 0 | 0 | 0 | 0 | 0 | 0 | 35< | 1 | -4 | 2 | -4 | 2 | -4 | -4 | -4 | >128 ]
[ -127 | -2 | 0 | 0 | 0 | 0 | 0 | 0 | 0 | 0 | 36< | 1 | -4 | 2 | -4 | 2 | -4 | -4 | -4 | >-127 ]
[ -127 | -2 | 0 | 0 | 0 | 0 | 0 | 0 | 0 | 0 | 37< | 1 | -4 | 2 | -4 | 2 | -4 | -4 | -4 | >-127 ]
[ -127 | -2 | 0 | 0 | 0 | 0 | 0 | 0 | 0 | 0 | 38< | 1 | -4 | 2 | -4 | 2 | -4 | -4 | -4 | >128 ]
[ >-127 | -2 | 0 | 0 | 0 | 0 | 0 | 0 | 0 | 0 | 39< | 1 | -4 | 2 | -4 | 2 | -4 | -4 | -4 | 128 ]

===== Plodder won the battle after 80 cycles =====



===== Starting battle of <MetaJSRandomBot> vs <Plodder> with memory tape size: 29 =====

[ >128 | 0 | 0 | 0 | 0 | 0 | 0 | 0 | 0 | 0 | 0 | 0 | 0 | 0 | 0 | 0 | 0 | 0 | 0 | 0 | 0 | 0 | 0 | 0 | 0 | 0 | 0 | 0 | 128< ]
[ >-127 | 0 | 0 | 0 | 0 | 0 | 0 | 0 | 0 | 0 | 0 | 0 | 0 | 0 | 0 | 0 | 0 | 0 | 0 | 0 | 0 | 0 | 0 | 0 | 0 | 0 | 0 | 0< | 128 ]
[ >-127 | 0 | 0 | 0 | 0 | 0 | 0 | 0 | 0 | 0 | 0 | 0 | 0 | 0 | 0 | 0 | 0 | 0 | 0 | 0 | 0 | 0 | 0 | 0 | 0 | 0 | 0 | -1< | 128 ]
[ >-127 | 0 | 0 | 0 | 0 | 0 | 0 | 0 | 0 | 0 | 0 | 0 | 0 | 0 | 0 | 0 | 0 | 0 | 0 | 0 | 0 | 0 | 0 | 0 | 0 | 0 | 0 | -2< | 128 ]
[ -127 | >0 | 0 | 0 | 0 | 0 | 0 | 0 | 0 | 0 | 0 | 0 | 0 | 0 | 0 | 0 | 0 | 0 | 0 | 0 | 0 | 0 | 0 | 0 | 0 | 0 | 0 | -3< | 128 ]
[ -127 | >-1 | 0 | 0 | 0 | 0 | 0 | 0 | 0 | 0 | 0 | 0 | 0 | 0 | 0 | 0 | 0 | 0 | 0 | 0 | 0 | 0 | 0 | 0 | 0 | 0 | 0 | -4< | 128 ]
[ -127 | >-1 | 0 | 0 | 0 | 0 | 0 | 0 | 0 | 0 | 0 | 0 | 0 | 0 | 0 | 0 | 0 | 0 | 0 | 0 | 0 | 0 | 0 | 0 | 0 | 0 | 0< | -4 | 128 ]
[ -127 | >-2 | 0 | 0 | 0 | 0 | 0 | 0 | 0 | 0 | 0 | 0 | 0 | 0 | 0 | 0 | 0 | 0 | 0 | 0 | 0 | 0 | 0 | 0 | 0 | 0 | -1< | -4 | 128 ]
[ -127 | -2 | >0 | 0 | 0 | 0 | 0 | 0 | 0 | 0 | 0 | 0 | 0 | 0 | 0 | 0 | 0 | 0 | 0 | 0 | 0 | 0 | 0 | 0 | 0 | 0 | -2< | -4 | 128 ]
[ -127 | -2 | >1 | 0 | 0 | 0 | 0 | 0 | 0 | 0 | 0 | 0 | 0 | 0 | 0 | 0 | 0 | 0 | 0 | 0 | 0 | 0 | 0 | 0 | 0 | 0 | -3< | -4 | 128 ]
[ -127 | -2 | >1 | 0 | 0 | 0 | 0 | 0 | 0 | 0 | 0 | 0 | 0 | 0 | 0 | 0 | 0 | 0 | 0 | 0 | 0 | 0 | 0 | 0 | 0 | 0 | -4< | -4 | 128 ]
[ -127 | -2 | >0 | 0 | 0 | 0 | 0 | 0 | 0 | 0 | 0 | 0 | 0 | 0 | 0 | 0 | 0 | 0 | 0 | 0 | 0 | 0 | 0 | 0 | 0 | 0< | -4 | -4 | 128 ]
[ -127 | -2 | 0 | >0 | 0 | 0 | 0 | 0 | 0 | 0 | 0 | 0 | 0 | 0 | 0 | 0 | 0 | 0 | 0 | 0 | 0 | 0 | 0 | 0 | 0 | -1< | -4 | -4 | 128 ]
[ -127 | -2 | 0 | >1 | 0 | 0 | 0 | 0 | 0 | 0 | 0 | 0 | 0 | 0 | 0 | 0 | 0 | 0 | 0 | 0 | 0 | 0 | 0 | 0 | 0 | -2< | -4 | -4 | 128 ]
[ -127 | -2 | 0 | >1 | 0 | 0 | 0 | 0 | 0 | 0 | 0 | 0 | 0 | 0 | 0 | 0 | 0 | 0 | 0 | 0 | 0 | 0 | 0 | 0 | 0 | -3< | -4 | -4 | 128 ]
[ -127 | -2 | 0 | >0 | 0 | 0 | 0 | 0 | 0 | 0 | 0 | 0 | 0 | 0 | 0 | 0 | 0 | 0 | 0 | 0 | 0 | 0 | 0 | 0 | 0 | -4< | -4 | -4 | 128 ]
[ -127 | -2 | 0 | 0 | >0 | 0 | 0 | 0 | 0 | 0 | 0 | 0 | 0 | 0 | 0 | 0 | 0 | 0 | 0 | 0 | 0 | 0 | 0 | 0 | 0< | -4 | -4 | -4 | 128 ]
[ -127 | -2 | 0 | 0 | >1 | 0 | 0 | 0 | 0 | 0 | 0 | 0 | 0 | 0 | 0 | 0 | 0 | 0 | 0 | 0 | 0 | 0 | 0 | 0 | 1< | -4 | -4 | -4 | 128 ]
[ -127 | -2 | 0 | 0 | >1 | 0 | 0 | 0 | 0 | 0 | 0 | 0 | 0 | 0 | 0 | 0 | 0 | 0 | 0 | 0 | 0 | 0 | 0 | 0 | 2< | -4 | -4 | -4 | 128 ]
[ -127 | -2 | 0 | 0 | >0 | 0 | 0 | 0 | 0 | 0 | 0 | 0 | 0 | 0 | 0 | 0 | 0 | 0 | 0 | 0 | 0 | 0 | 0 | 0< | 2 | -4 | -4 | -4 | 128 ]
[ -127 | -2 | 0 | 0 | 0 | >0 | 0 | 0 | 0 | 0 | 0 | 0 | 0 | 0 | 0 | 0 | 0 | 0 | 0 | 0 | 0 | 0 | 0 | -1< | 2 | -4 | -4 | -4 | 128 ]
[ -127 | -2 | 0 | 0 | 0 | >1 | 0 | 0 | 0 | 0 | 0 | 0 | 0 | 0 | 0 | 0 | 0 | 0 | 0 | 0 | 0 | 0 | 0 | -2< | 2 | -4 | -4 | -4 | 128 ]
[ -127 | -2 | 0 | 0 | 0 | >1 | 0 | 0 | 0 | 0 | 0 | 0 | 0 | 0 | 0 | 0 | 0 | 0 | 0 | 0 | 0 | 0 | 0< | -2 | 2 | -4 | -4 | -4 | 128 ]
[ -127 | -2 | 0 | 0 | 0 | >0 | 0 | 0 | 0 | 0 | 0 | 0 | 0 | 0 | 0 | 0 | 0 | 0 | 0 | 0 | 0 | 0 | 1< | -2 | 2 | -4 | -4 | -4 | 128 ]
[ -127 | -2 | 0 | 0 | 0 | 0 | >0 | 0 | 0 | 0 | 0 | 0 | 0 | 0 | 0 | 0 | 0 | 0 | 0 | 0 | 0 | 0< | 1 | -2 | 2 | -4 | -4 | -4 | 128 ]
[ -127 | -2 | 0 | 0 | 0 | 0 | >1 | 0 | 0 | 0 | 0 | 0 | 0 | 0 | 0 | 0 | 0 | 0 | 0 | 0 | 0 | -1< | 1 | -2 | 2 | -4 | -4 | -4 | 128 ]
[ -127 | -2 | 0 | 0 | 0 | 0 | >1 | 0 | 0 | 0 | 0 | 0 | 0 | 0 | 0 | 0 | 0 | 0 | 0 | 0 | 0 | -1 | 1< | -2 | 2 | -4 | -4 | -4 | 128 ]
[ -127 | -2 | 0 | 0 | 0 | 0 | >0 | 0 | 0 | 0 | 0 | 0 | 0 | 0 | 0 | 0 | 0 | 0 | 0 | 0 | 0 | -1 | 1 | -2< | 2 | -4 | -4 | -4 | 128 ]
[ -127 | -2 | 0 | 0 | 0 | 0 | 0 | >0 | 0 | 0 | 0 | 0 | 0 | 0 | 0 | 0 | 0 | 0 | 0 | 0 | 0 | -1 | 1 | -3< | 2 | -4 | -4 | -4 | 128 ]
[ -127 | -2 | 0 | 0 | 0 | 0 | 0 | >1 | 0 | 0 | 0 | 0 | 0 | 0 | 0 | 0 | 0 | 0 | 0 | 0 | 0 | -1 | 1 | -4< | 2 | -4 | -4 | -4 | 128 ]
[ -127 | -2 | 0 | 0 | 0 | 0 | 0 | >1 | 0 | 0 | 0 | 0 | 0 | 0 | 0 | 0 | 0 | 0 | 0 | 0 | 0 | -1 | 1< | -4 | 2 | -4 | -4 | -4 | 128 ]
[ -127 | -2 | 0 | 0 | 0 | 0 | 0 | >0 | 0 | 0 | 0 | 0 | 0 | 0 | 0 | 0 | 0 | 0 | 0 | 0 | 0 | -1 | 2< | -4 | 2 | -4 | -4 | -4 | 128 ]
[ -127 | -2 | 0 | 0 | 0 | 0 | 0 | 0 | >0 | 0 | 0 | 0 | 0 | 0 | 0 | 0 | 0 | 0 | 0 | 0 | 0 | -1< | 2 | -4 | 2 | -4 | -4 | -4 | 128 ]
[ -127 | -2 | 0 | 0 | 0 | 0 | 0 | 0 | >1 | 0 | 0 | 0 | 0 | 0 | 0 | 0 | 0 | 0 | 0 | 0 | 0 | -2< | 2 | -4 | 2 | -4 | -4 | -4 | 128 ]
[ -127 | -2 | 0 | 0 | 0 | 0 | 0 | 0 | >1 | 0 | 0 | 0 | 0 | 0 | 0 | 0 | 0 | 0 | 0 | 0 | 0 | -3< | 2 | -4 | 2 | -4 | -4 | -4 | 128 ]
[ -127 | -2 | 0 | 0 | 0 | 0 | 0 | 0 | >0 | 0 | 0 | 0 | 0 | 0 | 0 | 0 | 0 | 0 | 0 | 0 | 0 | -4< | 2 | -4 | 2 | -4 | -4 | -4 | 128 ]
[ -127 | -2 | 0 | 0 | 0 | 0 | 0 | 0 | 0 | >0 | 0 | 0 | 0 | 0 | 0 | 0 | 0 | 0 | 0 | 0 | 0< | -4 | 2 | -4 | 2 | -4 | -4 | -4 | 128 ]
[ -127 | -2 | 0 | 0 | 0 | 0 | 0 | 0 | 0 | >1 | 0 | 0 | 0 | 0 | 0 | 0 | 0 | 0 | 0 | 0 | 1< | -4 | 2 | -4 | 2 | -4 | -4 | -4 | 128 ]
[ -127 | -2 | 0 | 0 | 0 | 0 | 0 | 0 | 0 | >1 | 0 | 0 | 0 | 0 | 0 | 0 | 0 | 0 | 0 | 0< | 1 | -4 | 2 | -4 | 2 | -4 | -4 | -4 | 128 ]
[ -127 | -2 | 0 | 0 | 0 | 0 | 0 | 0 | 0 | >0 | 0 | 0 | 0 | 0 | 0 | 0 | 0 | 0 | 0 | -1< | 1 | -4 | 2 | -4 | 2 | -4 | -4 | -4 | 128 ]
[ -127 | -2 | 0 | 0 | 0 | 0 | 0 | 0 | 0 | 0 | >0 | 0 | 0 | 0 | 0 | 0 | 0 | 0 | 0 | -1< | 1 | -4 | 2 | -4 | 2 | -4 | -4 | -4 | 128 ]
[ -127 | -2 | 0 | 0 | 0 | 0 | 0 | 0 | 0 | 0 | >1 | 0 | 0 | 0 | 0 | 0 | 0 | 0 | 0 | 0< | 1 | -4 | 2 | -4 | 2 | -4 | -4 | -4 | 128 ]
[ -127 | -2 | 0 | 0 | 0 | 0 | 0 | 0 | 0 | 0 | >1 | 0 | 0 | 0 | 0 | 0 | 0 | 0 | 0 | 1< | 1 | -4 | 2 | -4 | 2 | -4 | -4 | -4 | 128 ]
[ -127 | -2 | 0 | 0 | 0 | 0 | 0 | 0 | 0 | 0 | >0 | 0 | 0 | 0 | 0 | 0 | 0 | 0 | 0 | 2< | 1 | -4 | 2 | -4 | 2 | -4 | -4 | -4 | 128 ]
[ -127 | -2 | 0 | 0 | 0 | 0 | 0 | 0 | 0 | 0 | 0 | >0 | 0 | 0 | 0 | 0 | 0 | 0 | 0 | 3< | 1 | -4 | 2 | -4 | 2 | -4 | -4 | -4 | 128 ]
[ -127 | -2 | 0 | 0 | 0 | 0 | 0 | 0 | 0 | 0 | 0 | >1 | 0 | 0 | 0 | 0 | 0 | 0 | 0 | 4< | 1 | -4 | 2 | -4 | 2 | -4 | -4 | -4 | 128 ]
[ -127 | -2 | 0 | 0 | 0 | 0 | 0 | 0 | 0 | 0 | 0 | >1 | 0 | 0 | 0 | 0 | 0 | 0 | 0 | 5< | 1 | -4 | 2 | -4 | 2 | -4 | -4 | -4 | 128 ]
[ -127 | -2 | 0 | 0 | 0 | 0 | 0 | 0 | 0 | 0 | 0 | >0 | 0 | 0 | 0 | 0 | 0 | 0 | 0 | 6< | 1 | -4 | 2 | -4 | 2 | -4 | -4 | -4 | 128 ]
[ -127 | -2 | 0 | 0 | 0 | 0 | 0 | 0 | 0 | 0 | 0 | 0 | >0 | 0 | 0 | 0 | 0 | 0 | 0 | 7< | 1 | -4 | 2 | -4 | 2 | -4 | -4 | -4 | 128 ]
[ -127 | -2 | 0 | 0 | 0 | 0 | 0 | 0 | 0 | 0 | 0 | 0 | >1 | 0 | 0 | 0 | 0 | 0 | 0 | 8< | 1 | -4 | 2 | -4 | 2 | -4 | -4 | -4 | 128 ]
[ -127 | -2 | 0 | 0 | 0 | 0 | 0 | 0 | 0 | 0 | 0 | 0 | >1 | 0 | 0 | 0 | 0 | 0 | 0 | 9< | 1 | -4 | 2 | -4 | 2 | -4 | -4 | -4 | 128 ]
[ -127 | -2 | 0 | 0 | 0 | 0 | 0 | 0 | 0 | 0 | 0 | 0 | >0 | 0 | 0 | 0 | 0 | 0 | 0 | 10< | 1 | -4 | 2 | -4 | 2 | -4 | -4 | -4 | 128 ]
[ -127 | -2 | 0 | 0 | 0 | 0 | 0 | 0 | 0 | 0 | 0 | 0 | 0 | >0 | 0 | 0 | 0 | 0 | 0 | 11< | 1 | -4 | 2 | -4 | 2 | -4 | -4 | -4 | 128 ]
[ -127 | -2 | 0 | 0 | 0 | 0 | 0 | 0 | 0 | 0 | 0 | 0 | 0 | >1 | 0 | 0 | 0 | 0 | 0 | 12< | 1 | -4 | 2 | -4 | 2 | -4 | -4 | -4 | 128 ]
[ -127 | -2 | 0 | 0 | 0 | 0 | 0 | 0 | 0 | 0 | 0 | 0 | 0 | >1 | 0 | 0 | 0 | 0 | 0 | 13< | 1 | -4 | 2 | -4 | 2 | -4 | -4 | -4 | 128 ]
[ -127 | -2 | 0 | 0 | 0 | 0 | 0 | 0 | 0 | 0 | 0 | 0 | 0 | >0 | 0 | 0 | 0 | 0 | 0 | 14< | 1 | -4 | 2 | -4 | 2 | -4 | -4 | -4 | 128 ]
[ -127 | -2 | 0 | 0 | 0 | 0 | 0 | 0 | 0 | 0 | 0 | 0 | 0 | 0 | >0 | 0 | 0 | 0 | 0 | 15< | 1 | -4 | 2 | -4 | 2 | -4 | -4 | -4 | 128 ]
[ -127 | -2 | 0 | 0 | 0 | 0 | 0 | 0 | 0 | 0 | 0 | 0 | 0 | 0 | >1 | 0 | 0 | 0 | 0 | 16< | 1 | -4 | 2 | -4 | 2 | -4 | -4 | -4 | 128 ]
[ -127 | -2 | 0 | 0 | 0 | 0 | 0 | 0 | 0 | 0 | 0 | 0 | 0 | 0 | >1 | 0 | 0 | 0 | 0 | 17< | 1 | -4 | 2 | -4 | 2 | -4 | -4 | -4 | 128 ]
[ -127 | -2 | 0 | 0 | 0 | 0 | 0 | 0 | 0 | 0 | 0 | 0 | 0 | 0 | >0 | 0 | 0 | 0 | 0 | 18< | 1 | -4 | 2 | -4 | 2 | -4 | -4 | -4 | 128 ]
[ -127 | -2 | 0 | 0 | 0 | 0 | 0 | 0 | 0 | 0 | 0 | 0 | 0 | 0 | 0 | >0 | 0 | 0 | 0 | 19< | 1 | -4 | 2 | -4 | 2 | -4 | -4 | -4 | 128 ]
[ -127 | -2 | 0 | 0 | 0 | 0 | 0 | 0 | 0 | 0 | 0 | 0 | 0 | 0 | 0 | >1 | 0 | 0 | 0 | 20< | 1 | -4 | 2 | -4 | 2 | -4 | -4 | -4 | 128 ]
[ -127 | -2 | 0 | 0 | 0 | 0 | 0 | 0 | 0 | 0 | 0 | 0 | 0 | 0 | 0 | >1 | 0 | 0 | 0 | 21< | 1 | -4 | 2 | -4 | 2 | -4 | -4 | -4 | 128 ]
[ -127 | -2 | 0 | 0 | 0 | 0 | 0 | 0 | 0 | 0 | 0 | 0 | 0 | 0 | 0 | >0 | 0 | 0 | 0 | 22< | 1 | -4 | 2 | -4 | 2 | -4 | -4 | -4 | 128 ]
[ -127 | -2 | 0 | 0 | 0 | 0 | 0 | 0 | 0 | 0 | 0 | 0 | 0 | 0 | 0 | 0 | >0 | 0 | 0 | 23< | 1 | -4 | 2 | -4 | 2 | -4 | -4 | -4 | 128 ]
[ -127 | -2 | 0 | 0 | 0 | 0 | 0 | 0 | 0 | 0 | 0 | 0 | 0 | 0 | 0 | 0 | >1 | 0 | 0 | 24< | 1 | -4 | 2 | -4 | 2 | -4 | -4 | -4 | 128 ]
[ -127 | -2 | 0 | 0 | 0 | 0 | 0 | 0 | 0 | 0 | 0 | 0 | 0 | 0 | 0 | 0 | >1 | 0 | 0 | 25< | 1 | -4 | 2 | -4 | 2 | -4 | -4 | -4 | 128 ]
[ -127 | -2 | 0 | 0 | 0 | 0 | 0 | 0 | 0 | 0 | 0 | 0 | 0 | 0 | 0 | 0 | >0 | 0 | 0 | 26< | 1 | -4 | 2 | -4 | 2 | -4 | -4 | -4 | 128 ]
[ -127 | -2 | 0 | 0 | 0 | 0 | 0 | 0 | 0 | 0 | 0 | 0 | 0 | 0 | 0 | 0 | 0 | >0 | 0 | 27< | 1 | -4 | 2 | -4 | 2 | -4 | -4 | -4 | 128 ]
[ -127 | -2 | 0 | 0 | 0 | 0 | 0 | 0 | 0 | 0 | 0 | 0 | 0 | 0 | 0 | 0 | 0 | >1 | 0 | 28< | 1 | -4 | 2 | -4 | 2 | -4 | -4 | -4 | 128 ]
[ -127 | -2 | 0 | 0 | 0 | 0 | 0 | 0 | 0 | 0 | 0 | 0 | 0 | 0 | 0 | 0 | 0 | >1 | 0 | 29< | 1 | -4 | 2 | -4 | 2 | -4 | -4 | -4 | 128 ]
[ -127 | -2 | 0 | 0 | 0 | 0 | 0 | 0 | 0 | 0 | 0 | 0 | 0 | 0 | 0 | 0 | 0 | >0 | 0 | 30< | 1 | -4 | 2 | -4 | 2 | -4 | -4 | -4 | 128 ]
[ -127 | -2 | 0 | 0 | 0 | 0 | 0 | 0 | 0 | 0 | 0 | 0 | 0 | 0 | 0 | 0 | 0 | 0 | >0 | 31< | 1 | -4 | 2 | -4 | 2 | -4 | -4 | -4 | 128 ]
[ -127 | -2 | 0 | 0 | 0 | 0 | 0 | 0 | 0 | 0 | 0 | 0 | 0 | 0 | 0 | 0 | 0 | 0 | >1 | 32< | 1 | -4 | 2 | -4 | 2 | -4 | -4 | -4 | 128 ]
[ -127 | -2 | 0 | 0 | 0 | 0 | 0 | 0 | 0 | 0 | 0 | 0 | 0 | 0 | 0 | 0 | 0 | 0 | >1 | 33< | 1 | -4 | 2 | -4 | 2 | -4 | -4 | -4 | 128 ]
[ -127 | -2 | 0 | 0 | 0 | 0 | 0 | 0 | 0 | 0 | 0 | 0 | 0 | 0 | 0 | 0 | 0 | 0 | >0 | 34< | 1 | -4 | 2 | -4 | 2 | -4 | -4 | -4 | 128 ]
[ -127 | -2 | 0 | 0 | 0 | 0 | 0 | 0 | 0 | 0 | 0 | 0 | 0 | 0 | 0 | 0 | 0 | 0 | 0 | >35< | 1 | -4 | 2 | -4 | 2 | -4 | -4 | -4 | 128 ]
[ -127 | -2 | 0 | 0 | 0 | 0 | 0 | 0 | 0 | 0 | 0 | 0 | 0 | 0 | 0 | 0 | 0 | 0 | 0 | >37< | 1 | -4 | 2 | -4 | 2 | -4 | -4 | -4 | 128 ]
[ -127 | -2 | 0 | 0 | 0 | 0 | 0 | 0 | 0 | 0 | 0 | 0 | 0 | 0 | 0 | 0 | 0 | 0 | 0 | >38< | 1 | -4 | 2 | -4 | 2 | -4 | -4 | -4 | 128 ]
[ -127 | -2 | 0 | 0 | 0 | 0 | 0 | 0 | 0 | 0 | 0 | 0 | 0 | 0 | 0 | 0 | 0 | 0 | 0 | >38< | 1 | -4 | 2 | -4 | 2 | -4 | -4 | -4 | 128 ]
[ -127 | -2 | 0 | 0 | 0 | 0 | 0 | 0 | 0 | 0 | 0 | 0 | 0 | 0 | 0 | 0 | 0 | 0 | 0 | 39< | >1 | -4 | 2 | -4 | 2 | -4 | -4 | -4 | 128 ]
[ -127 | -2 | 0 | 0 | 0 | 0 | 0 | 0 | 0 | 0 | 0 | 0 | 0 | 0 | 0 | 0 | 0 | 0 | 0 | 40< | >2 | -4 | 2 | -4 | 2 | -4 | -4 | -4 | 128 ]
[ -127 | -2 | 0 | 0 | 0 | 0 | 0 | 0 | 0 | 0 | 0 | 0 | 0 | 0 | 0 | 0 | 0 | 0 | 0 | 41< | >2 | -4 | 2 | -4 | 2 | -4 | -4 | -4 | 128 ]
[ -127 | -2 | 0 | 0 | 0 | 0 | 0 | 0 | 0 | 0 | 0 | 0 | 0 | 0 | 0 | 0 | 0 | 0 | 0 | 42< | >1 | -4 | 2 | -4 | 2 | -4 | -4 | -4 | 128 ]
[ -127 | -2 | 0 | 0 | 0 | 0 | 0 | 0 | 0 | 0 | 0 | 0 | 0 | 0 | 0 | 0 | 0 | 0 | 0 | 43< | 1 | >-4 | 2 | -4 | 2 | -4 | -4 | -4 | 128 ]
[ -127 | -2 | 0 | 0 | 0 | 0 | 0 | 0 | 0 | 0 | 0 | 0 | 0 | 0 | 0 | 0 | 0 | 0 | 0 | 44< | 1 | >-3 | 2 | -4 | 2 | -4 | -4 | -4 | 128 ]
[ -127 | -2 | 0 | 0 | 0 | 0 | 0 | 0 | 0 | 0 | 0 | 0 | 0 | 0 | 0 | 0 | 0 | 0 | 0 | 45< | 1 | >-3 | 2 | -4 | 2 | -4 | -4 | -4 | 128 ]
[ -127 | -2 | 0 | 0 | 0 | 0 | 0 | 0 | 0 | 0 | 0 | 0 | 0 | 0 | 0 | 0 | 0 | 0 | 0 | 46< | 1 | >-4 | 2 | -4 | 2 | -4 | -4 | -4 | 128 ]
[ -127 | -2 | 0 | 0 | 0 | 0 | 0 | 0 | 0 | 0 | 0 | 0 | 0 | 0 | 0 | 0 | 0 | 0 | 0 | 47< | 1 | -4 | >2 | -4 | 2 | -4 | -4 | -4 | 128 ]
[ -127 | -2 | 0 | 0 | 0 | 0 | 0 | 0 | 0 | 0 | 0 | 0 | 0 | 0 | 0 | 0 | 0 | 0 | 0 | 48< | 1 | -4 | >3 | -4 | 2 | -4 | -4 | -4 | 128 ]
[ -127 | -2 | 0 | 0 | 0 | 0 | 0 | 0 | 0 | 0 | 0 | 0 | 0 | 0 | 0 | 0 | 0 | 0 | 0 | 49< | 1 | -4 | >3 | -4 | 2 | -4 | -4 | -4 | 128 ]
[ -127 | -2 | 0 | 0 | 0 | 0 | 0 | 0 | 0 | 0 | 0 | 0 | 0 | 0 | 0 | 0 | 0 | 0 | 0 | 50< | 1 | -4 | >2 | -4 | 2 | -4 | -4 | -4 | 128 ]
[ -127 | -2 | 0 | 0 | 0 | 0 | 0 | 0 | 0 | 0 | 0 | 0 | 0 | 0 | 0 | 0 | 0 | 0 | 0 | 51< | 1 | -4 | 2 | >-4 | 2 | -4 | -4 | -4 | 128 ]
[ -127 | -2 | 0 | 0 | 0 | 0 | 0 | 0 | 0 | 0 | 0 | 0 | 0 | 0 | 0 | 0 | 0 | 0 | 0 | 52< | 1 | -4 | 2 | >-3 | 2 | -4 | -4 | -4 | 128 ]
[ -127 | -2 | 0 | 0 | 0 | 0 | 0 | 0 | 0 | 0 | 0 | 0 | 0 | 0 | 0 | 0 | 0 | 0 | 0 | 53< | 1 | -4 | 2 | >-3 | 2 | -4 | -4 | -4 | 128 ]
[ -127 | -2 | 0 | 0 | 0 | 0 | 0 | 0 | 0 | 0 | 0 | 0 | 0 | 0 | 0 | 0 | 0 | 0 | 0 | 54< | 1 | -4 | 2 | >-4 | 2 | -4 | -4 | -4 | 128 ]
[ -127 | -2 | 0 | 0 | 0 | 0 | 0 | 0 | 0 | 0 | 0 | 0 | 0 | 0 | 0 | 0 | 0 | 0 | 0 | 55< | 1 | -4 | 2 | -4 | >2 | -4 | -4 | -4 | 128 ]
[ -127 | -2 | 0 | 0 | 0 | 0 | 0 | 0 | 0 | 0 | 0 | 0 | 0 | 0 | 0 | 0 | 0 | 0 | 0 | 56< | 1 | -4 | 2 | -4 | >3 | -4 | -4 | -4 | 128 ]
[ -127 | -2 | 0 | 0 | 0 | 0 | 0 | 0 | 0 | 0 | 0 | 0 | 0 | 0 | 0 | 0 | 0 | 0 | 0 | 57< | 1 | -4 | 2 | -4 | >3 | -4 | -4 | -4 | 128 ]
[ -127 | -2 | 0 | 0 | 0 | 0 | 0 | 0 | 0 | 0 | 0 | 0 | 0 | 0 | 0 | 0 | 0 | 0 | 0 | 58< | 1 | -4 | 2 | -4 | >2 | -4 | -4 | -4 | 128 ]
[ -127 | -2 | 0 | 0 | 0 | 0 | 0 | 0 | 0 | 0 | 0 | 0 | 0 | 0 | 0 | 0 | 0 | 0 | 0 | 59< | 1 | -4 | 2 | -4 | 2 | >-4 | -4 | -4 | 128 ]
[ -127 | -2 | 0 | 0 | 0 | 0 | 0 | 0 | 0 | 0 | 0 | 0 | 0 | 0 | 0 | 0 | 0 | 0 | 0 | 60< | 1 | -4 | 2 | -4 | 2 | >-3 | -4 | -4 | 128 ]
[ -127 | -2 | 0 | 0 | 0 | 0 | 0 | 0 | 0 | 0 | 0 | 0 | 0 | 0 | 0 | 0 | 0 | 0 | 0 | 61< | 1 | -4 | 2 | -4 | 2 | >-3 | -4 | -4 | 128 ]
[ -127 | -2 | 0 | 0 | 0 | 0 | 0 | 0 | 0 | 0 | 0 | 0 | 0 | 0 | 0 | 0 | 0 | 0 | 0 | 62< | 1 | -4 | 2 | -4 | 2 | >-4 | -4 | -4 | 128 ]
[ -127 | -2 | 0 | 0 | 0 | 0 | 0 | 0 | 0 | 0 | 0 | 0 | 0 | 0 | 0 | 0 | 0 | 0 | 0 | 63< | 1 | -4 | 2 | -4 | 2 | -4 | >-4 | -4 | 128 ]
[ -127 | -2 | 0 | 0 | 0 | 0 | 0 | 0 | 0 | 0 | 0 | 0 | 0 | 0 | 0 | 0 | 0 | 0 | 0 | 64< | 1 | -4 | 2 | -4 | 2 | -4 | >-3 | -4 | 128 ]
[ -127 | -2 | 0 | 0 | 0 | 0 | 0 | 0 | 0 | 0 | 0 | 0 | 0 | 0 | 0 | 0 | 0 | 0 | 0 | 65< | 1 | -4 | 2 | -4 | 2 | -4 | >-3 | -4 | 128 ]
[ -127 | -2 | 0 | 0 | 0 | 0 | 0 | 0 | 0 | 0 | 0 | 0 | 0 | 0 | 0 | 0 | 0 | 0 | 0 | 66< | 1 | -4 | 2 | -4 | 2 | -4 | >-4 | -4 | 128 ]
[ -127 | -2 | 0 | 0 | 0 | 0 | 0 | 0 | 0 | 0 | 0 | 0 | 0 | 0 | 0 | 0 | 0 | 0 | 0 | 67< | 1 | -4 | 2 | -4 | 2 | -4 | -4 | >-4 | 128 ]
[ -127 | -2 | 0 | 0 | 0 | 0 | 0 | 0 | 0 | 0 | 0 | 0 | 0 | 0 | 0 | 0 | 0 | 0 | 0 | 68< | 1 | -4 | 2 | -4 | 2 | -4 | -4 | >-3 | 128 ]
[ -127 | -2 | 0 | 0 | 0 | 0 | 0 | 0 | 0 | 0 | 0 | 0 | 0 | 0 | 0 | 0 | 0 | 0 | 0 | 69< | 1 | -4 | 2 | -4 | 2 | -4 | -4 | >-3 | 128 ]
[ -127 | -2 | 0 | 0 | 0 | 0 | 0 | 0 | 0 | 0 | 0 | 0 | 0 | 0 | 0 | 0 | 0 | 0 | 0 | 70< | 1 | -4 | 2 | -4 | 2 | -4 | -4 | >-4 | 128 ]
[ -127 | -2 | 0 | 0 | 0 | 0 | 0 | 0 | 0 | 0 | 0 | 0 | 0 | 0 | 0 | 0 | 0 | 0 | 0 | 71< | 1 | -4 | 2 | -4 | 2 | -4 | -4 | -4 | >128 ]
[ -127 | -2 | 0 | 0 | 0 | 0 | 0 | 0 | 0 | 0 | 0 | 0 | 0 | 0 | 0 | 0 | 0 | 0 | 0 | 72< | 1 | -4 | 2 | -4 | 2 | -4 | -4 | -4 | >-127 ]
[ -127 | -2 | 0 | 0 | 0 | 0 | 0 | 0 | 0 | 0 | 0 | 0 | 0 | 0 | 0 | 0 | 0 | 0 | 0 | 73< | 1 | -4 | 2 | -4 | 2 | -4 | -4 | -4 | >-127 ]
[ -127 | -2 | 0 | 0 | 0 | 0 | 0 | 0 | 0 | 0 | 0 | 0 | 0 | 0 | 0 | 0 | 0 | 0 | 0 | 74< | 1 | -4 | 2 | -4 | 2 | -4 | -4 | -4 | >128 ]
[ >-127 | -2 | 0 | 0 | 0 | 0 | 0 | 0 | 0 | 0 | 0 | 0 | 0 | 0 | 0 | 0 | 0 | 0 | 0 | 75< | 1 | -4 | 2 | -4 | 2 | -4 | -4 | -4 | 128 ]

===== Plodder won the battle after 116 cycles =====



===== Starting battle of <MetaJSRandomBot> vs <Plodder> with memory tape size: 18 =====

[ >128 | 0 | 0 | 0 | 0 | 0 | 0 | 0 | 0 | 0 | 0 | 0 | 0 | 0 | 0 | 0 | 0 | 128< ]
[ >-127 | 0 | 0 | 0 | 0 | 0 | 0 | 0 | 0 | 0 | 0 | 0 | 0 | 0 | 0 | 0 | 0< | 128 ]
[ >-127 | 0 | 0 | 0 | 0 | 0 | 0 | 0 | 0 | 0 | 0 | 0 | 0 | 0 | 0 | 0 | -1< | 128 ]
[ >-127 | 0 | 0 | 0 | 0 | 0 | 0 | 0 | 0 | 0 | 0 | 0 | 0 | 0 | 0 | 0 | -2< | 128 ]
[ -127 | >0 | 0 | 0 | 0 | 0 | 0 | 0 | 0 | 0 | 0 | 0 | 0 | 0 | 0 | 0 | -3< | 128 ]
[ -127 | >-1 | 0 | 0 | 0 | 0 | 0 | 0 | 0 | 0 | 0 | 0 | 0 | 0 | 0 | 0 | -4< | 128 ]
[ -127 | >-1 | 0 | 0 | 0 | 0 | 0 | 0 | 0 | 0 | 0 | 0 | 0 | 0 | 0 | 0< | -4 | 128 ]
[ -127 | >-2 | 0 | 0 | 0 | 0 | 0 | 0 | 0 | 0 | 0 | 0 | 0 | 0 | 0 | -1< | -4 | 128 ]
[ -127 | -2 | >0 | 0 | 0 | 0 | 0 | 0 | 0 | 0 | 0 | 0 | 0 | 0 | 0 | -2< | -4 | 128 ]
[ -127 | -2 | >1 | 0 | 0 | 0 | 0 | 0 | 0 | 0 | 0 | 0 | 0 | 0 | 0 | -3< | -4 | 128 ]
[ -127 | -2 | >1 | 0 | 0 | 0 | 0 | 0 | 0 | 0 | 0 | 0 | 0 | 0 | 0 | -4< | -4 | 128 ]
[ -127 | -2 | >0 | 0 | 0 | 0 | 0 | 0 | 0 | 0 | 0 | 0 | 0 | 0 | 0< | -4 | -4 | 128 ]
[ -127 | -2 | 0 | >0 | 0 | 0 | 0 | 0 | 0 | 0 | 0 | 0 | 0 | 0 | -1< | -4 | -4 | 128 ]
[ -127 | -2 | 0 | >1 | 0 | 0 | 0 | 0 | 0 | 0 | 0 | 0 | 0 | 0 | -2< | -4 | -4 | 128 ]
[ -127 | -2 | 0 | >1 | 0 | 0 | 0 | 0 | 0 | 0 | 0 | 0 | 0 | 0 | -3< | -4 | -4 | 128 ]
[ -127 | -2 | 0 | >0 | 0 | 0 | 0 | 0 | 0 | 0 | 0 | 0 | 0 | 0 | -4< | -4 | -4 | 128 ]
[ -127 | -2 | 0 | 0 | >0 | 0 | 0 | 0 | 0 | 0 | 0 | 0 | 0 | 0< | -4 | -4 | -4 | 128 ]
[ -127 | -2 | 0 | 0 | >1 | 0 | 0 | 0 | 0 | 0 | 0 | 0 | 0 | 1< | -4 | -4 | -4 | 128 ]
[ -127 | -2 | 0 | 0 | >1 | 0 | 0 | 0 | 0 | 0 | 0 | 0 | 0 | 2< | -4 | -4 | -4 | 128 ]
[ -127 | -2 | 0 | 0 | >0 | 0 | 0 | 0 | 0 | 0 | 0 | 0 | 0< | 2 | -4 | -4 | -4 | 128 ]
[ -127 | -2 | 0 | 0 | 0 | >0 | 0 | 0 | 0 | 0 | 0 | 0 | -1< | 2 | -4 | -4 | -4 | 128 ]
[ -127 | -2 | 0 | 0 | 0 | >1 | 0 | 0 | 0 | 0 | 0 | 0 | -2< | 2 | -4 | -4 | -4 | 128 ]
[ -127 | -2 | 0 | 0 | 0 | >1 | 0 | 0 | 0 | 0 | 0 | 0< | -2 | 2 | -4 | -4 | -4 | 128 ]
[ -127 | -2 | 0 | 0 | 0 | >0 | 0 | 0 | 0 | 0 | 0 | 1< | -2 | 2 | -4 | -4 | -4 | 128 ]
[ -127 | -2 | 0 | 0 | 0 | 0 | >0 | 0 | 0 | 0 | 0< | 1 | -2 | 2 | -4 | -4 | -4 | 128 ]
[ -127 | -2 | 0 | 0 | 0 | 0 | >1 | 0 | 0 | 0 | -1< | 1 | -2 | 2 | -4 | -4 | -4 | 128 ]
[ -127 | -2 | 0 | 0 | 0 | 0 | >1 | 0 | 0 | 0 | -1 | 1< | -2 | 2 | -4 | -4 | -4 | 128 ]
[ -127 | -2 | 0 | 0 | 0 | 0 | >0 | 0 | 0 | 0 | -1 | 1 | -2< | 2 | -4 | -4 | -4 | 128 ]
[ -127 | -2 | 0 | 0 | 0 | 0 | 0 | >0 | 0 | 0 | -1 | 1 | -3< | 2 | -4 | -4 | -4 | 128 ]
[ -127 | -2 | 0 | 0 | 0 | 0 | 0 | >1 | 0 | 0 | -1 | 1 | -4< | 2 | -4 | -4 | -4 | 128 ]
[ -127 | -2 | 0 | 0 | 0 | 0 | 0 | >1 | 0 | 0 | -1 | 1< | -4 | 2 | -4 | -4 | -4 | 128 ]
[ -127 | -2 | 0 | 0 | 0 | 0 | 0 | >0 | 0 | 0 | -1 | 2< | -4 | 2 | -4 | -4 | -4 | 128 ]
[ -127 | -2 | 0 | 0 | 0 | 0 | 0 | 0 | >0 | 0 | -1< | 2 | -4 | 2 | -4 | -4 | -4 | 128 ]
[ -127 | -2 | 0 | 0 | 0 | 0 | 0 | 0 | >1 | 0 | -2< | 2 | -4 | 2 | -4 | -4 | -4 | 128 ]
[ -127 | -2 | 0 | 0 | 0 | 0 | 0 | 0 | >1 | 0 | -3< | 2 | -4 | 2 | -4 | -4 | -4 | 128 ]
[ -127 | -2 | 0 | 0 | 0 | 0 | 0 | 0 | >0 | 0 | -4< | 2 | -4 | 2 | -4 | -4 | -4 | 128 ]
[ -127 | -2 | 0 | 0 | 0 | 0 | 0 | 0 | 0 | >0< | -4 | 2 | -4 | 2 | -4 | -4 | -4 | 128 ]
[ -127 | -2 | 0 | 0 | 0 | 0 | 0 | 0 | 0 | >2< | -4 | 2 | -4 | 2 | -4 | -4 | -4 | 128 ]
[ -127 | -2 | 0 | 0 | 0 | 0 | 0 | 0 | 0< | >2 | -4 | 2 | -4 | 2 | -4 | -4 | -4 | 128 ]
[ -127 | -2 | 0 | 0 | 0 | 0 | 0 | 0 | -1< | >1 | -4 | 2 | -4 | 2 | -4 | -4 | -4 | 128 ]
[ -127 | -2 | 0 | 0 | 0 | 0 | 0 | 0 | -1< | 1 | >-4 | 2 | -4 | 2 | -4 | -4 | -4 | 128 ]
[ -127 | -2 | 0 | 0 | 0 | 0 | 0 | 0 | 0< | 1 | >-3 | 2 | -4 | 2 | -4 | -4 | -4 | 128 ]
[ -127 | -2 | 0 | 0 | 0 | 0 | 0 | 0 | 1< | 1 | >-3 | 2 | -4 | 2 | -4 | -4 | -4 | 128 ]
[ -127 | -2 | 0 | 0 | 0 | 0 | 0 | 0 | 2< | 1 | >-4 | 2 | -4 | 2 | -4 | -4 | -4 | 128 ]
[ -127 | -2 | 0 | 0 | 0 | 0 | 0 | 0 | 3< | 1 | -4 | >2 | -4 | 2 | -4 | -4 | -4 | 128 ]
[ -127 | -2 | 0 | 0 | 0 | 0 | 0 | 0 | 4< | 1 | -4 | >3 | -4 | 2 | -4 | -4 | -4 | 128 ]
[ -127 | -2 | 0 | 0 | 0 | 0 | 0 | 0 | 5< | 1 | -4 | >3 | -4 | 2 | -4 | -4 | -4 | 128 ]
[ -127 | -2 | 0 | 0 | 0 | 0 | 0 | 0 | 6< | 1 | -4 | >2 | -4 | 2 | -4 | -4 | -4 | 128 ]
[ -127 | -2 | 0 | 0 | 0 | 0 | 0 | 0 | 7< | 1 | -4 | 2 | >-4 | 2 | -4 | -4 | -4 | 128 ]
[ -127 | -2 | 0 | 0 | 0 | 0 | 0 | 0 | 8< | 1 | -4 | 2 | >-3 | 2 | -4 | -4 | -4 | 128 ]
[ -127 | -2 | 0 | 0 | 0 | 0 | 0 | 0 | 9< | 1 | -4 | 2 | >-3 | 2 | -4 | -4 | -4 | 128 ]
[ -127 | -2 | 0 | 0 | 0 | 0 | 0 | 0 | 10< | 1 | -4 | 2 | >-4 | 2 | -4 | -4 | -4 | 128 ]
[ -127 | -2 | 0 | 0 | 0 | 0 | 0 | 0 | 11< | 1 | -4 | 2 | -4 | >2 | -4 | -4 | -4 | 128 ]
[ -127 | -2 | 0 | 0 | 0 | 0 | 0 | 0 | 12< | 1 | -4 | 2 | -4 | >3 | -4 | -4 | -4 | 128 ]
[ -127 | -2 | 0 | 0 | 0 | 0 | 0 | 0 | 13< | 1 | -4 | 2 | -4 | >3 | -4 | -4 | -4 | 128 ]
[ -127 | -2 | 0 | 0 | 0 | 0 | 0 | 0 | 14< | 1 | -4 | 2 | -4 | >2 | -4 | -4 | -4 | 128 ]
[ -127 | -2 | 0 | 0 | 0 | 0 | 0 | 0 | 15< | 1 | -4 | 2 | -4 | 2 | >-4 | -4 | -4 | 128 ]
[ -127 | -2 | 0 | 0 | 0 | 0 | 0 | 0 | 16< | 1 | -4 | 2 | -4 | 2 | >-3 | -4 | -4 | 128 ]
[ -127 | -2 | 0 | 0 | 0 | 0 | 0 | 0 | 17< | 1 | -4 | 2 | -4 | 2 | >-3 | -4 | -4 | 128 ]
[ -127 | -2 | 0 | 0 | 0 | 0 | 0 | 0 | 18< | 1 | -4 | 2 | -4 | 2 | >-4 | -4 | -4 | 128 ]
[ -127 | -2 | 0 | 0 | 0 | 0 | 0 | 0 | 19< | 1 | -4 | 2 | -4 | 2 | -4 | >-4 | -4 | 128 ]
[ -127 | -2 | 0 | 0 | 0 | 0 | 0 | 0 | 20< | 1 | -4 | 2 | -4 | 2 | -4 | >-3 | -4 | 128 ]
[ -127 | -2 | 0 | 0 | 0 | 0 | 0 | 0 | 21< | 1 | -4 | 2 | -4 | 2 | -4 | >-3 | -4 | 128 ]
[ -127 | -2 | 0 | 0 | 0 | 0 | 0 | 0 | 22< | 1 | -4 | 2 | -4 | 2 | -4 | >-4 | -4 | 128 ]
[ -127 | -2 | 0 | 0 | 0 | 0 | 0 | 0 | 23< | 1 | -4 | 2 | -4 | 2 | -4 | -4 | >-4 | 128 ]
[ -127 | -2 | 0 | 0 | 0 | 0 | 0 | 0 | 24< | 1 | -4 | 2 | -4 | 2 | -4 | -4 | >-3 | 128 ]
[ -127 | -2 | 0 | 0 | 0 | 0 | 0 | 0 | 25< | 1 | -4 | 2 | -4 | 2 | -4 | -4 | >-3 | 128 ]
[ -127 | -2 | 0 | 0 | 0 | 0 | 0 | 0 | 26< | 1 | -4 | 2 | -4 | 2 | -4 | -4 | >-4 | 128 ]
[ -127 | -2 | 0 | 0 | 0 | 0 | 0 | 0 | 27< | 1 | -4 | 2 | -4 | 2 | -4 | -4 | -4 | >128 ]
[ -127 | -2 | 0 | 0 | 0 | 0 | 0 | 0 | 28< | 1 | -4 | 2 | -4 | 2 | -4 | -4 | -4 | >-127 ]
[ -127 | -2 | 0 | 0 | 0 | 0 | 0 | 0 | 29< | 1 | -4 | 2 | -4 | 2 | -4 | -4 | -4 | >-127 ]
[ -127 | -2 | 0 | 0 | 0 | 0 | 0 | 0 | 30< | 1 | -4 | 2 | -4 | 2 | -4 | -4 | -4 | >128 ]
[ >-127 | -2 | 0 | 0 | 0 | 0 | 0 | 0 | 31< | 1 | -4 | 2 | -4 | 2 | -4 | -4 | -4 | 128 ]

===== Plodder won the battle after 72 cycles =====



===== Starting battle of <MetaJSRandomBot> vs <Plodder> with memory tape size: 27 =====

[ >128 | 0 | 0 | 0 | 0 | 0 | 0 | 0 | 0 | 0 | 0 | 0 | 0 | 0 | 0 | 0 | 0 | 0 | 0 | 0 | 0 | 0 | 0 | 0 | 0 | 0 | 128< ]
[ >-127 | 0 | 0 | 0 | 0 | 0 | 0 | 0 | 0 | 0 | 0 | 0 | 0 | 0 | 0 | 0 | 0 | 0 | 0 | 0 | 0 | 0 | 0 | 0 | 0 | 0< | 128 ]
[ >-127 | 0 | 0 | 0 | 0 | 0 | 0 | 0 | 0 | 0 | 0 | 0 | 0 | 0 | 0 | 0 | 0 | 0 | 0 | 0 | 0 | 0 | 0 | 0 | 0 | -1< | 128 ]
[ >-127 | 0 | 0 | 0 | 0 | 0 | 0 | 0 | 0 | 0 | 0 | 0 | 0 | 0 | 0 | 0 | 0 | 0 | 0 | 0 | 0 | 0 | 0 | 0 | 0 | -2< | 128 ]
[ -127 | >0 | 0 | 0 | 0 | 0 | 0 | 0 | 0 | 0 | 0 | 0 | 0 | 0 | 0 | 0 | 0 | 0 | 0 | 0 | 0 | 0 | 0 | 0 | 0 | -3< | 128 ]
[ -127 | >-1 | 0 | 0 | 0 | 0 | 0 | 0 | 0 | 0 | 0 | 0 | 0 | 0 | 0 | 0 | 0 | 0 | 0 | 0 | 0 | 0 | 0 | 0 | 0 | -4< | 128 ]
[ -127 | >-1 | 0 | 0 | 0 | 0 | 0 | 0 | 0 | 0 | 0 | 0 | 0 | 0 | 0 | 0 | 0 | 0 | 0 | 0 | 0 | 0 | 0 | 0 | 0< | -4 | 128 ]
[ -127 | >-2 | 0 | 0 | 0 | 0 | 0 | 0 | 0 | 0 | 0 | 0 | 0 | 0 | 0 | 0 | 0 | 0 | 0 | 0 | 0 | 0 | 0 | 0 | -1< | -4 | 128 ]
[ -127 | -2 | >0 | 0 | 0 | 0 | 0 | 0 | 0 | 0 | 0 | 0 | 0 | 0 | 0 | 0 | 0 | 0 | 0 | 0 | 0 | 0 | 0 | 0 | -2< | -4 | 128 ]
[ -127 | -2 | >1 | 0 | 0 | 0 | 0 | 0 | 0 | 0 | 0 | 0 | 0 | 0 | 0 | 0 | 0 | 0 | 0 | 0 | 0 | 0 | 0 | 0 | -3< | -4 | 128 ]
[ -127 | -2 | >1 | 0 | 0 | 0 | 0 | 0 | 0 | 0 | 0 | 0 | 0 | 0 | 0 | 0 | 0 | 0 | 0 | 0 | 0 | 0 | 0 | 0 | -4< | -4 | 128 ]
[ -127 | -2 | >0 | 0 | 0 | 0 | 0 | 0 | 0 | 0 | 0 | 0 | 0 | 0 | 0 | 0 | 0 | 0 | 0 | 0 | 0 | 0 | 0 | 0< | -4 | -4 | 128 ]
[ -127 | -2 | 0 | >0 | 0 | 0 | 0 | 0 | 0 | 0 | 0 | 0 | 0 | 0 | 0 | 0 | 0 | 0 | 0 | 0 | 0 | 0 | 0 | -1< | -4 | -4 | 128 ]
[ -127 | -2 | 0 | >1 | 0 | 0 | 0 | 0 | 0 | 0 | 0 | 0 | 0 | 0 | 0 | 0 | 0 | 0 | 0 | 0 | 0 | 0 | 0 | -2< | -4 | -4 | 128 ]
[ -127 | -2 | 0 | >1 | 0 | 0 | 0 | 0 | 0 | 0 | 0 | 0 | 0 | 0 | 0 | 0 | 0 | 0 | 0 | 0 | 0 | 0 | 0 | -3< | -4 | -4 | 128 ]
[ -127 | -2 | 0 | >0 | 0 | 0 | 0 | 0 | 0 | 0 | 0 | 0 | 0 | 0 | 0 | 0 | 0 | 0 | 0 | 0 | 0 | 0 | 0 | -4< | -4 | -4 | 128 ]
[ -127 | -2 | 0 | 0 | >0 | 0 | 0 | 0 | 0 | 0 | 0 | 0 | 0 | 0 | 0 | 0 | 0 | 0 | 0 | 0 | 0 | 0 | 0< | -4 | -4 | -4 | 128 ]
[ -127 | -2 | 0 | 0 | >1 | 0 | 0 | 0 | 0 | 0 | 0 | 0 | 0 | 0 | 0 | 0 | 0 | 0 | 0 | 0 | 0 | 0 | 1< | -4 | -4 | -4 | 128 ]
[ -127 | -2 | 0 | 0 | >1 | 0 | 0 | 0 | 0 | 0 | 0 | 0 | 0 | 0 | 0 | 0 | 0 | 0 | 0 | 0 | 0 | 0 | 2< | -4 | -4 | -4 | 128 ]
[ -127 | -2 | 0 | 0 | >0 | 0 | 0 | 0 | 0 | 0 | 0 | 0 | 0 | 0 | 0 | 0 | 0 | 0 | 0 | 0 | 0 | 0< | 2 | -4 | -4 | -4 | 128 ]
[ -127 | -2 | 0 | 0 | 0 | >0 | 0 | 0 | 0 | 0 | 0 | 0 | 0 | 0 | 0 | 0 | 0 | 0 | 0 | 0 | 0 | -1< | 2 | -4 | -4 | -4 | 128 ]
[ -127 | -2 | 0 | 0 | 0 | >1 | 0 | 0 | 0 | 0 | 0 | 0 | 0 | 0 | 0 | 0 | 0 | 0 | 0 | 0 | 0 | -2< | 2 | -4 | -4 | -4 | 128 ]
[ -127 | -2 | 0 | 0 | 0 | >1 | 0 | 0 | 0 | 0 | 0 | 0 | 0 | 0 | 0 | 0 | 0 | 0 | 0 | 0 | 0< | -2 | 2 | -4 | -4 | -4 | 128 ]
[ -127 | -2 | 0 | 0 | 0 | >0 | 0 | 0 | 0 | 0 | 0 | 0 | 0 | 0 | 0 | 0 | 0 | 0 | 0 | 0 | 1< | -2 | 2 | -4 | -4 | -4 | 128 ]
[ -127 | -2 | 0 | 0 | 0 | 0 | >0 | 0 | 0 | 0 | 0 | 0 | 0 | 0 | 0 | 0 | 0 | 0 | 0 | 0< | 1 | -2 | 2 | -4 | -4 | -4 | 128 ]
[ -127 | -2 | 0 | 0 | 0 | 0 | >1 | 0 | 0 | 0 | 0 | 0 | 0 | 0 | 0 | 0 | 0 | 0 | 0 | -1< | 1 | -2 | 2 | -4 | -4 | -4 | 128 ]
[ -127 | -2 | 0 | 0 | 0 | 0 | >1 | 0 | 0 | 0 | 0 | 0 | 0 | 0 | 0 | 0 | 0 | 0 | 0 | -1 | 1< | -2 | 2 | -4 | -4 | -4 | 128 ]
[ -127 | -2 | 0 | 0 | 0 | 0 | >0 | 0 | 0 | 0 | 0 | 0 | 0 | 0 | 0 | 0 | 0 | 0 | 0 | -1 | 1 | -2< | 2 | -4 | -4 | -4 | 128 ]
[ -127 | -2 | 0 | 0 | 0 | 0 | 0 | >0 | 0 | 0 | 0 | 0 | 0 | 0 | 0 | 0 | 0 | 0 | 0 | -1 | 1 | -3< | 2 | -4 | -4 | -4 | 128 ]
[ -127 | -2 | 0 | 0 | 0 | 0 | 0 | >1 | 0 | 0 | 0 | 0 | 0 | 0 | 0 | 0 | 0 | 0 | 0 | -1 | 1 | -4< | 2 | -4 | -4 | -4 | 128 ]
[ -127 | -2 | 0 | 0 | 0 | 0 | 0 | >1 | 0 | 0 | 0 | 0 | 0 | 0 | 0 | 0 | 0 | 0 | 0 | -1 | 1< | -4 | 2 | -4 | -4 | -4 | 128 ]
[ -127 | -2 | 0 | 0 | 0 | 0 | 0 | >0 | 0 | 0 | 0 | 0 | 0 | 0 | 0 | 0 | 0 | 0 | 0 | -1 | 2< | -4 | 2 | -4 | -4 | -4 | 128 ]
[ -127 | -2 | 0 | 0 | 0 | 0 | 0 | 0 | >0 | 0 | 0 | 0 | 0 | 0 | 0 | 0 | 0 | 0 | 0 | -1< | 2 | -4 | 2 | -4 | -4 | -4 | 128 ]
[ -127 | -2 | 0 | 0 | 0 | 0 | 0 | 0 | >1 | 0 | 0 | 0 | 0 | 0 | 0 | 0 | 0 | 0 | 0 | -2< | 2 | -4 | 2 | -4 | -4 | -4 | 128 ]
[ -127 | -2 | 0 | 0 | 0 | 0 | 0 | 0 | >1 | 0 | 0 | 0 | 0 | 0 | 0 | 0 | 0 | 0 | 0 | -3< | 2 | -4 | 2 | -4 | -4 | -4 | 128 ]
[ -127 | -2 | 0 | 0 | 0 | 0 | 0 | 0 | >0 | 0 | 0 | 0 | 0 | 0 | 0 | 0 | 0 | 0 | 0 | -4< | 2 | -4 | 2 | -4 | -4 | -4 | 128 ]
[ -127 | -2 | 0 | 0 | 0 | 0 | 0 | 0 | 0 | >0 | 0 | 0 | 0 | 0 | 0 | 0 | 0 | 0 | 0< | -4 | 2 | -4 | 2 | -4 | -4 | -4 | 128 ]
[ -127 | -2 | 0 | 0 | 0 | 0 | 0 | 0 | 0 | >1 | 0 | 0 | 0 | 0 | 0 | 0 | 0 | 0 | 1< | -4 | 2 | -4 | 2 | -4 | -4 | -4 | 128 ]
[ -127 | -2 | 0 | 0 | 0 | 0 | 0 | 0 | 0 | >1 | 0 | 0 | 0 | 0 | 0 | 0 | 0 | 0< | 1 | -4 | 2 | -4 | 2 | -4 | -4 | -4 | 128 ]
[ -127 | -2 | 0 | 0 | 0 | 0 | 0 | 0 | 0 | >0 | 0 | 0 | 0 | 0 | 0 | 0 | 0 | -1< | 1 | -4 | 2 | -4 | 2 | -4 | -4 | -4 | 128 ]
[ -127 | -2 | 0 | 0 | 0 | 0 | 0 | 0 | 0 | 0 | >0 | 0 | 0 | 0 | 0 | 0 | 0 | -1< | 1 | -4 | 2 | -4 | 2 | -4 | -4 | -4 | 128 ]
[ -127 | -2 | 0 | 0 | 0 | 0 | 0 | 0 | 0 | 0 | >1 | 0 | 0 | 0 | 0 | 0 | 0 | 0< | 1 | -4 | 2 | -4 | 2 | -4 | -4 | -4 | 128 ]
[ -127 | -2 | 0 | 0 | 0 | 0 | 0 | 0 | 0 | 0 | >1 | 0 | 0 | 0 | 0 | 0 | 0 | 1< | 1 | -4 | 2 | -4 | 2 | -4 | -4 | -4 | 128 ]
[ -127 | -2 | 0 | 0 | 0 | 0 | 0 | 0 | 0 | 0 | >0 | 0 | 0 | 0 | 0 | 0 | 0 | 2< | 1 | -4 | 2 | -4 | 2 | -4 | -4 | -4 | 128 ]
[ -127 | -2 | 0 | 0 | 0 | 0 | 0 | 0 | 0 | 0 | 0 | >0 | 0 | 0 | 0 | 0 | 0 | 3< | 1 | -4 | 2 | -4 | 2 | -4 | -4 | -4 | 128 ]
[ -127 | -2 | 0 | 0 | 0 | 0 | 0 | 0 | 0 | 0 | 0 | >1 | 0 | 0 | 0 | 0 | 0 | 4< | 1 | -4 | 2 | -4 | 2 | -4 | -4 | -4 | 128 ]
[ -127 | -2 | 0 | 0 | 0 | 0 | 0 | 0 | 0 | 0 | 0 | >1 | 0 | 0 | 0 | 0 | 0 | 5< | 1 | -4 | 2 | -4 | 2 | -4 | -4 | -4 | 128 ]
[ -127 | -2 | 0 | 0 | 0 | 0 | 0 | 0 | 0 | 0 | 0 | >0 | 0 | 0 | 0 | 0 | 0 | 6< | 1 | -4 | 2 | -4 | 2 | -4 | -4 | -4 | 128 ]
[ -127 | -2 | 0 | 0 | 0 | 0 | 0 | 0 | 0 | 0 | 0 | 0 | >0 | 0 | 0 | 0 | 0 | 7< | 1 | -4 | 2 | -4 | 2 | -4 | -4 | -4 | 128 ]
[ -127 | -2 | 0 | 0 | 0 | 0 | 0 | 0 | 0 | 0 | 0 | 0 | >1 | 0 | 0 | 0 | 0 | 8< | 1 | -4 | 2 | -4 | 2 | -4 | -4 | -4 | 128 ]
[ -127 | -2 | 0 | 0 | 0 | 0 | 0 | 0 | 0 | 0 | 0 | 0 | >1 | 0 | 0 | 0 | 0 | 9< | 1 | -4 | 2 | -4 | 2 | -4 | -4 | -4 | 128 ]
[ -127 | -2 | 0 | 0 | 0 | 0 | 0 | 0 | 0 | 0 | 0 | 0 | >0 | 0 | 0 | 0 | 0 | 10< | 1 | -4 | 2 | -4 | 2 | -4 | -4 | -4 | 128 ]
[ -127 | -2 | 0 | 0 | 0 | 0 | 0 | 0 | 0 | 0 | 0 | 0 | 0 | >0 | 0 | 0 | 0 | 11< | 1 | -4 | 2 | -4 | 2 | -4 | -4 | -4 | 128 ]
[ -127 | -2 | 0 | 0 | 0 | 0 | 0 | 0 | 0 | 0 | 0 | 0 | 0 | >1 | 0 | 0 | 0 | 12< | 1 | -4 | 2 | -4 | 2 | -4 | -4 | -4 | 128 ]
[ -127 | -2 | 0 | 0 | 0 | 0 | 0 | 0 | 0 | 0 | 0 | 0 | 0 | >1 | 0 | 0 | 0 | 13< | 1 | -4 | 2 | -4 | 2 | -4 | -4 | -4 | 128 ]
[ -127 | -2 | 0 | 0 | 0 | 0 | 0 | 0 | 0 | 0 | 0 | 0 | 0 | >0 | 0 | 0 | 0 | 14< | 1 | -4 | 2 | -4 | 2 | -4 | -4 | -4 | 128 ]
[ -127 | -2 | 0 | 0 | 0 | 0 | 0 | 0 | 0 | 0 | 0 | 0 | 0 | 0 | >0 | 0 | 0 | 15< | 1 | -4 | 2 | -4 | 2 | -4 | -4 | -4 | 128 ]
[ -127 | -2 | 0 | 0 | 0 | 0 | 0 | 0 | 0 | 0 | 0 | 0 | 0 | 0 | >1 | 0 | 0 | 16< | 1 | -4 | 2 | -4 | 2 | -4 | -4 | -4 | 128 ]
[ -127 | -2 | 0 | 0 | 0 | 0 | 0 | 0 | 0 | 0 | 0 | 0 | 0 | 0 | >1 | 0 | 0 | 17< | 1 | -4 | 2 | -4 | 2 | -4 | -4 | -4 | 128 ]
[ -127 | -2 | 0 | 0 | 0 | 0 | 0 | 0 | 0 | 0 | 0 | 0 | 0 | 0 | >0 | 0 | 0 | 18< | 1 | -4 | 2 | -4 | 2 | -4 | -4 | -4 | 128 ]
[ -127 | -2 | 0 | 0 | 0 | 0 | 0 | 0 | 0 | 0 | 0 | 0 | 0 | 0 | 0 | >0 | 0 | 19< | 1 | -4 | 2 | -4 | 2 | -4 | -4 | -4 | 128 ]
[ -127 | -2 | 0 | 0 | 0 | 0 | 0 | 0 | 0 | 0 | 0 | 0 | 0 | 0 | 0 | >1 | 0 | 20< | 1 | -4 | 2 | -4 | 2 | -4 | -4 | -4 | 128 ]
[ -127 | -2 | 0 | 0 | 0 | 0 | 0 | 0 | 0 | 0 | 0 | 0 | 0 | 0 | 0 | >1 | 0 | 21< | 1 | -4 | 2 | -4 | 2 | -4 | -4 | -4 | 128 ]
[ -127 | -2 | 0 | 0 | 0 | 0 | 0 | 0 | 0 | 0 | 0 | 0 | 0 | 0 | 0 | >0 | 0 | 22< | 1 | -4 | 2 | -4 | 2 | -4 | -4 | -4 | 128 ]
[ -127 | -2 | 0 | 0 | 0 | 0 | 0 | 0 | 0 | 0 | 0 | 0 | 0 | 0 | 0 | 0 | >0 | 23< | 1 | -4 | 2 | -4 | 2 | -4 | -4 | -4 | 128 ]
[ -127 | -2 | 0 | 0 | 0 | 0 | 0 | 0 | 0 | 0 | 0 | 0 | 0 | 0 | 0 | 0 | >1 | 24< | 1 | -4 | 2 | -4 | 2 | -4 | -4 | -4 | 128 ]
[ -127 | -2 | 0 | 0 | 0 | 0 | 0 | 0 | 0 | 0 | 0 | 0 | 0 | 0 | 0 | 0 | >1 | 25< | 1 | -4 | 2 | -4 | 2 | -4 | -4 | -4 | 128 ]
[ -127 | -2 | 0 | 0 | 0 | 0 | 0 | 0 | 0 | 0 | 0 | 0 | 0 | 0 | 0 | 0 | >0 | 26< | 1 | -4 | 2 | -4 | 2 | -4 | -4 | -4 | 128 ]
[ -127 | -2 | 0 | 0 | 0 | 0 | 0 | 0 | 0 | 0 | 0 | 0 | 0 | 0 | 0 | 0 | 0 | >27< | 1 | -4 | 2 | -4 | 2 | -4 | -4 | -4 | 128 ]
[ -127 | -2 | 0 | 0 | 0 | 0 | 0 | 0 | 0 | 0 | 0 | 0 | 0 | 0 | 0 | 0 | 0 | >29< | 1 | -4 | 2 | -4 | 2 | -4 | -4 | -4 | 128 ]
[ -127 | -2 | 0 | 0 | 0 | 0 | 0 | 0 | 0 | 0 | 0 | 0 | 0 | 0 | 0 | 0 | 0 | >30< | 1 | -4 | 2 | -4 | 2 | -4 | -4 | -4 | 128 ]
[ -127 | -2 | 0 | 0 | 0 | 0 | 0 | 0 | 0 | 0 | 0 | 0 | 0 | 0 | 0 | 0 | 0 | >30< | 1 | -4 | 2 | -4 | 2 | -4 | -4 | -4 | 128 ]
[ -127 | -2 | 0 | 0 | 0 | 0 | 0 | 0 | 0 | 0 | 0 | 0 | 0 | 0 | 0 | 0 | 0 | 31< | >1 | -4 | 2 | -4 | 2 | -4 | -4 | -4 | 128 ]
[ -127 | -2 | 0 | 0 | 0 | 0 | 0 | 0 | 0 | 0 | 0 | 0 | 0 | 0 | 0 | 0 | 0 | 32< | >2 | -4 | 2 | -4 | 2 | -4 | -4 | -4 | 128 ]
[ -127 | -2 | 0 | 0 | 0 | 0 | 0 | 0 | 0 | 0 | 0 | 0 | 0 | 0 | 0 | 0 | 0 | 33< | >2 | -4 | 2 | -4 | 2 | -4 | -4 | -4 | 128 ]
[ -127 | -2 | 0 | 0 | 0 | 0 | 0 | 0 | 0 | 0 | 0 | 0 | 0 | 0 | 0 | 0 | 0 | 34< | >1 | -4 | 2 | -4 | 2 | -4 | -4 | -4 | 128 ]
[ -127 | -2 | 0 | 0 | 0 | 0 | 0 | 0 | 0 | 0 | 0 | 0 | 0 | 0 | 0 | 0 | 0 | 35< | 1 | >-4 | 2 | -4 | 2 | -4 | -4 | -4 | 128 ]
[ -127 | -2 | 0 | 0 | 0 | 0 | 0 | 0 | 0 | 0 | 0 | 0 | 0 | 0 | 0 | 0 | 0 | 36< | 1 | >-3 | 2 | -4 | 2 | -4 | -4 | -4 | 128 ]
[ -127 | -2 | 0 | 0 | 0 | 0 | 0 | 0 | 0 | 0 | 0 | 0 | 0 | 0 | 0 | 0 | 0 | 37< | 1 | >-3 | 2 | -4 | 2 | -4 | -4 | -4 | 128 ]
[ -127 | -2 | 0 | 0 | 0 | 0 | 0 | 0 | 0 | 0 | 0 | 0 | 0 | 0 | 0 | 0 | 0 | 38< | 1 | >-4 | 2 | -4 | 2 | -4 | -4 | -4 | 128 ]
[ -127 | -2 | 0 | 0 | 0 | 0 | 0 | 0 | 0 | 0 | 0 | 0 | 0 | 0 | 0 | 0 | 0 | 39< | 1 | -4 | >2 | -4 | 2 | -4 | -4 | -4 | 128 ]
[ -127 | -2 | 0 | 0 | 0 | 0 | 0 | 0 | 0 | 0 | 0 | 0 | 0 | 0 | 0 | 0 | 0 | 40< | 1 | -4 | >3 | -4 | 2 | -4 | -4 | -4 | 128 ]
[ -127 | -2 | 0 | 0 | 0 | 0 | 0 | 0 | 0 | 0 | 0 | 0 | 0 | 0 | 0 | 0 | 0 | 41< | 1 | -4 | >3 | -4 | 2 | -4 | -4 | -4 | 128 ]
[ -127 | -2 | 0 | 0 | 0 | 0 | 0 | 0 | 0 | 0 | 0 | 0 | 0 | 0 | 0 | 0 | 0 | 42< | 1 | -4 | >2 | -4 | 2 | -4 | -4 | -4 | 128 ]
[ -127 | -2 | 0 | 0 | 0 | 0 | 0 | 0 | 0 | 0 | 0 | 0 | 0 | 0 | 0 | 0 | 0 | 43< | 1 | -4 | 2 | >-4 | 2 | -4 | -4 | -4 | 128 ]
[ -127 | -2 | 0 | 0 | 0 | 0 | 0 | 0 | 0 | 0 | 0 | 0 | 0 | 0 | 0 | 0 | 0 | 44< | 1 | -4 | 2 | >-3 | 2 | -4 | -4 | -4 | 128 ]
[ -127 | -2 | 0 | 0 | 0 | 0 | 0 | 0 | 0 | 0 | 0 | 0 | 0 | 0 | 0 | 0 | 0 | 45< | 1 | -4 | 2 | >-3 | 2 | -4 | -4 | -4 | 128 ]
[ -127 | -2 | 0 | 0 | 0 | 0 | 0 | 0 | 0 | 0 | 0 | 0 | 0 | 0 | 0 | 0 | 0 | 46< | 1 | -4 | 2 | >-4 | 2 | -4 | -4 | -4 | 128 ]
[ -127 | -2 | 0 | 0 | 0 | 0 | 0 | 0 | 0 | 0 | 0 | 0 | 0 | 0 | 0 | 0 | 0 | 47< | 1 | -4 | 2 | -4 | >2 | -4 | -4 | -4 | 128 ]
[ -127 | -2 | 0 | 0 | 0 | 0 | 0 | 0 | 0 | 0 | 0 | 0 | 0 | 0 | 0 | 0 | 0 | 48< | 1 | -4 | 2 | -4 | >3 | -4 | -4 | -4 | 128 ]
[ -127 | -2 | 0 | 0 | 0 | 0 | 0 | 0 | 0 | 0 | 0 | 0 | 0 | 0 | 0 | 0 | 0 | 49< | 1 | -4 | 2 | -4 | >3 | -4 | -4 | -4 | 128 ]
[ -127 | -2 | 0 | 0 | 0 | 0 | 0 | 0 | 0 | 0 | 0 | 0 | 0 | 0 | 0 | 0 | 0 | 50< | 1 | -4 | 2 | -4 | >2 | -4 | -4 | -4 | 128 ]
[ -127 | -2 | 0 | 0 | 0 | 0 | 0 | 0 | 0 | 0 | 0 | 0 | 0 | 0 | 0 | 0 | 0 | 51< | 1 | -4 | 2 | -4 | 2 | >-4 | -4 | -4 | 128 ]
[ -127 | -2 | 0 | 0 | 0 | 0 | 0 | 0 | 0 | 0 | 0 | 0 | 0 | 0 | 0 | 0 | 0 | 52< | 1 | -4 | 2 | -4 | 2 | >-3 | -4 | -4 | 128 ]
[ -127 | -2 | 0 | 0 | 0 | 0 | 0 | 0 | 0 | 0 | 0 | 0 | 0 | 0 | 0 | 0 | 0 | 53< | 1 | -4 | 2 | -4 | 2 | >-3 | -4 | -4 | 128 ]
[ -127 | -2 | 0 | 0 | 0 | 0 | 0 | 0 | 0 | 0 | 0 | 0 | 0 | 0 | 0 | 0 | 0 | 54< | 1 | -4 | 2 | -4 | 2 | >-4 | -4 | -4 | 128 ]
[ -127 | -2 | 0 | 0 | 0 | 0 | 0 | 0 | 0 | 0 | 0 | 0 | 0 | 0 | 0 | 0 | 0 | 55< | 1 | -4 | 2 | -4 | 2 | -4 | >-4 | -4 | 128 ]
[ -127 | -2 | 0 | 0 | 0 | 0 | 0 | 0 | 0 | 0 | 0 | 0 | 0 | 0 | 0 | 0 | 0 | 56< | 1 | -4 | 2 | -4 | 2 | -4 | >-3 | -4 | 128 ]
[ -127 | -2 | 0 | 0 | 0 | 0 | 0 | 0 | 0 | 0 | 0 | 0 | 0 | 0 | 0 | 0 | 0 | 57< | 1 | -4 | 2 | -4 | 2 | -4 | >-3 | -4 | 128 ]
[ -127 | -2 | 0 | 0 | 0 | 0 | 0 | 0 | 0 | 0 | 0 | 0 | 0 | 0 | 0 | 0 | 0 | 58< | 1 | -4 | 2 | -4 | 2 | -4 | >-4 | -4 | 128 ]
[ -127 | -2 | 0 | 0 | 0 | 0 | 0 | 0 | 0 | 0 | 0 | 0 | 0 | 0 | 0 | 0 | 0 | 59< | 1 | -4 | 2 | -4 | 2 | -4 | -4 | >-4 | 128 ]
[ -127 | -2 | 0 | 0 | 0 | 0 | 0 | 0 | 0 | 0 | 0 | 0 | 0 | 0 | 0 | 0 | 0 | 60< | 1 | -4 | 2 | -4 | 2 | -4 | -4 | >-3 | 128 ]
[ -127 | -2 | 0 | 0 | 0 | 0 | 0 | 0 | 0 | 0 | 0 | 0 | 0 | 0 | 0 | 0 | 0 | 61< | 1 | -4 | 2 | -4 | 2 | -4 | -4 | >-3 | 128 ]
[ -127 | -2 | 0 | 0 | 0 | 0 | 0 | 0 | 0 | 0 | 0 | 0 | 0 | 0 | 0 | 0 | 0 | 62< | 1 | -4 | 2 | -4 | 2 | -4 | -4 | >-4 | 128 ]
[ -127 | -2 | 0 | 0 | 0 | 0 | 0 | 0 | 0 | 0 | 0 | 0 | 0 | 0 | 0 | 0 | 0 | 63< | 1 | -4 | 2 | -4 | 2 | -4 | -4 | -4 | >128 ]
[ -127 | -2 | 0 | 0 | 0 | 0 | 0 | 0 | 0 | 0 | 0 | 0 | 0 | 0 | 0 | 0 | 0 | 64< | 1 | -4 | 2 | -4 | 2 | -4 | -4 | -4 | >-127 ]
[ -127 | -2 | 0 | 0 | 0 | 0 | 0 | 0 | 0 | 0 | 0 | 0 | 0 | 0 | 0 | 0 | 0 | 65< | 1 | -4 | 2 | -4 | 2 | -4 | -4 | -4 | >-127 ]
[ -127 | -2 | 0 | 0 | 0 | 0 | 0 | 0 | 0 | 0 | 0 | 0 | 0 | 0 | 0 | 0 | 0 | 66< | 1 | -4 | 2 | -4 | 2 | -4 | -4 | -4 | >128 ]
[ >-127 | -2 | 0 | 0 | 0 | 0 | 0 | 0 | 0 | 0 | 0 | 0 | 0 | 0 | 0 | 0 | 0 | 67< | 1 | -4 | 2 | -4 | 2 | -4 | -4 | -4 | 128 ]

===== Plodder won the battle after 108 cycles =====



===== Starting battle of <MetaJSRandomBot> vs <Plodder> with memory tape size: 28 =====

[ >128 | 0 | 0 | 0 | 0 | 0 | 0 | 0 | 0 | 0 | 0 | 0 | 0 | 0 | 0 | 0 | 0 | 0 | 0 | 0 | 0 | 0 | 0 | 0 | 0 | 0 | 0 | 128< ]
[ >-127 | 0 | 0 | 0 | 0 | 0 | 0 | 0 | 0 | 0 | 0 | 0 | 0 | 0 | 0 | 0 | 0 | 0 | 0 | 0 | 0 | 0 | 0 | 0 | 0 | 0 | 0< | 128 ]
[ >-127 | 0 | 0 | 0 | 0 | 0 | 0 | 0 | 0 | 0 | 0 | 0 | 0 | 0 | 0 | 0 | 0 | 0 | 0 | 0 | 0 | 0 | 0 | 0 | 0 | 0 | -1< | 128 ]
[ >-127 | 0 | 0 | 0 | 0 | 0 | 0 | 0 | 0 | 0 | 0 | 0 | 0 | 0 | 0 | 0 | 0 | 0 | 0 | 0 | 0 | 0 | 0 | 0 | 0 | 0 | -2< | 128 ]
[ -127 | >0 | 0 | 0 | 0 | 0 | 0 | 0 | 0 | 0 | 0 | 0 | 0 | 0 | 0 | 0 | 0 | 0 | 0 | 0 | 0 | 0 | 0 | 0 | 0 | 0 | -3< | 128 ]
[ -127 | >-1 | 0 | 0 | 0 | 0 | 0 | 0 | 0 | 0 | 0 | 0 | 0 | 0 | 0 | 0 | 0 | 0 | 0 | 0 | 0 | 0 | 0 | 0 | 0 | 0 | -4< | 128 ]
[ -127 | >-1 | 0 | 0 | 0 | 0 | 0 | 0 | 0 | 0 | 0 | 0 | 0 | 0 | 0 | 0 | 0 | 0 | 0 | 0 | 0 | 0 | 0 | 0 | 0 | 0< | -4 | 128 ]
[ -127 | >-2 | 0 | 0 | 0 | 0 | 0 | 0 | 0 | 0 | 0 | 0 | 0 | 0 | 0 | 0 | 0 | 0 | 0 | 0 | 0 | 0 | 0 | 0 | 0 | -1< | -4 | 128 ]
[ -127 | -2 | >0 | 0 | 0 | 0 | 0 | 0 | 0 | 0 | 0 | 0 | 0 | 0 | 0 | 0 | 0 | 0 | 0 | 0 | 0 | 0 | 0 | 0 | 0 | -2< | -4 | 128 ]
[ -127 | -2 | >1 | 0 | 0 | 0 | 0 | 0 | 0 | 0 | 0 | 0 | 0 | 0 | 0 | 0 | 0 | 0 | 0 | 0 | 0 | 0 | 0 | 0 | 0 | -3< | -4 | 128 ]
[ -127 | -2 | >1 | 0 | 0 | 0 | 0 | 0 | 0 | 0 | 0 | 0 | 0 | 0 | 0 | 0 | 0 | 0 | 0 | 0 | 0 | 0 | 0 | 0 | 0 | -4< | -4 | 128 ]
[ -127 | -2 | >0 | 0 | 0 | 0 | 0 | 0 | 0 | 0 | 0 | 0 | 0 | 0 | 0 | 0 | 0 | 0 | 0 | 0 | 0 | 0 | 0 | 0 | 0< | -4 | -4 | 128 ]
[ -127 | -2 | 0 | >0 | 0 | 0 | 0 | 0 | 0 | 0 | 0 | 0 | 0 | 0 | 0 | 0 | 0 | 0 | 0 | 0 | 0 | 0 | 0 | 0 | -1< | -4 | -4 | 128 ]
[ -127 | -2 | 0 | >1 | 0 | 0 | 0 | 0 | 0 | 0 | 0 | 0 | 0 | 0 | 0 | 0 | 0 | 0 | 0 | 0 | 0 | 0 | 0 | 0 | -2< | -4 | -4 | 128 ]
[ -127 | -2 | 0 | >1 | 0 | 0 | 0 | 0 | 0 | 0 | 0 | 0 | 0 | 0 | 0 | 0 | 0 | 0 | 0 | 0 | 0 | 0 | 0 | 0 | -3< | -4 | -4 | 128 ]
[ -127 | -2 | 0 | >0 | 0 | 0 | 0 | 0 | 0 | 0 | 0 | 0 | 0 | 0 | 0 | 0 | 0 | 0 | 0 | 0 | 0 | 0 | 0 | 0 | -4< | -4 | -4 | 128 ]
[ -127 | -2 | 0 | 0 | >0 | 0 | 0 | 0 | 0 | 0 | 0 | 0 | 0 | 0 | 0 | 0 | 0 | 0 | 0 | 0 | 0 | 0 | 0 | 0< | -4 | -4 | -4 | 128 ]
[ -127 | -2 | 0 | 0 | >1 | 0 | 0 | 0 | 0 | 0 | 0 | 0 | 0 | 0 | 0 | 0 | 0 | 0 | 0 | 0 | 0 | 0 | 0 | 1< | -4 | -4 | -4 | 128 ]
[ -127 | -2 | 0 | 0 | >1 | 0 | 0 | 0 | 0 | 0 | 0 | 0 | 0 | 0 | 0 | 0 | 0 | 0 | 0 | 0 | 0 | 0 | 0 | 2< | -4 | -4 | -4 | 128 ]
[ -127 | -2 | 0 | 0 | >0 | 0 | 0 | 0 | 0 | 0 | 0 | 0 | 0 | 0 | 0 | 0 | 0 | 0 | 0 | 0 | 0 | 0 | 0< | 2 | -4 | -4 | -4 | 128 ]
[ -127 | -2 | 0 | 0 | 0 | >0 | 0 | 0 | 0 | 0 | 0 | 0 | 0 | 0 | 0 | 0 | 0 | 0 | 0 | 0 | 0 | 0 | -1< | 2 | -4 | -4 | -4 | 128 ]
[ -127 | -2 | 0 | 0 | 0 | >1 | 0 | 0 | 0 | 0 | 0 | 0 | 0 | 0 | 0 | 0 | 0 | 0 | 0 | 0 | 0 | 0 | -2< | 2 | -4 | -4 | -4 | 128 ]
[ -127 | -2 | 0 | 0 | 0 | >1 | 0 | 0 | 0 | 0 | 0 | 0 | 0 | 0 | 0 | 0 | 0 | 0 | 0 | 0 | 0 | 0< | -2 | 2 | -4 | -4 | -4 | 128 ]
[ -127 | -2 | 0 | 0 | 0 | >0 | 0 | 0 | 0 | 0 | 0 | 0 | 0 | 0 | 0 | 0 | 0 | 0 | 0 | 0 | 0 | 1< | -2 | 2 | -4 | -4 | -4 | 128 ]
[ -127 | -2 | 0 | 0 | 0 | 0 | >0 | 0 | 0 | 0 | 0 | 0 | 0 | 0 | 0 | 0 | 0 | 0 | 0 | 0 | 0< | 1 | -2 | 2 | -4 | -4 | -4 | 128 ]
[ -127 | -2 | 0 | 0 | 0 | 0 | >1 | 0 | 0 | 0 | 0 | 0 | 0 | 0 | 0 | 0 | 0 | 0 | 0 | 0 | -1< | 1 | -2 | 2 | -4 | -4 | -4 | 128 ]
[ -127 | -2 | 0 | 0 | 0 | 0 | >1 | 0 | 0 | 0 | 0 | 0 | 0 | 0 | 0 | 0 | 0 | 0 | 0 | 0 | -1 | 1< | -2 | 2 | -4 | -4 | -4 | 128 ]
[ -127 | -2 | 0 | 0 | 0 | 0 | >0 | 0 | 0 | 0 | 0 | 0 | 0 | 0 | 0 | 0 | 0 | 0 | 0 | 0 | -1 | 1 | -2< | 2 | -4 | -4 | -4 | 128 ]
[ -127 | -2 | 0 | 0 | 0 | 0 | 0 | >0 | 0 | 0 | 0 | 0 | 0 | 0 | 0 | 0 | 0 | 0 | 0 | 0 | -1 | 1 | -3< | 2 | -4 | -4 | -4 | 128 ]
[ -127 | -2 | 0 | 0 | 0 | 0 | 0 | >1 | 0 | 0 | 0 | 0 | 0 | 0 | 0 | 0 | 0 | 0 | 0 | 0 | -1 | 1 | -4< | 2 | -4 | -4 | -4 | 128 ]
[ -127 | -2 | 0 | 0 | 0 | 0 | 0 | >1 | 0 | 0 | 0 | 0 | 0 | 0 | 0 | 0 | 0 | 0 | 0 | 0 | -1 | 1< | -4 | 2 | -4 | -4 | -4 | 128 ]
[ -127 | -2 | 0 | 0 | 0 | 0 | 0 | >0 | 0 | 0 | 0 | 0 | 0 | 0 | 0 | 0 | 0 | 0 | 0 | 0 | -1 | 2< | -4 | 2 | -4 | -4 | -4 | 128 ]
[ -127 | -2 | 0 | 0 | 0 | 0 | 0 | 0 | >0 | 0 | 0 | 0 | 0 | 0 | 0 | 0 | 0 | 0 | 0 | 0 | -1< | 2 | -4 | 2 | -4 | -4 | -4 | 128 ]
[ -127 | -2 | 0 | 0 | 0 | 0 | 0 | 0 | >1 | 0 | 0 | 0 | 0 | 0 | 0 | 0 | 0 | 0 | 0 | 0 | -2< | 2 | -4 | 2 | -4 | -4 | -4 | 128 ]
[ -127 | -2 | 0 | 0 | 0 | 0 | 0 | 0 | >1 | 0 | 0 | 0 | 0 | 0 | 0 | 0 | 0 | 0 | 0 | 0 | -3< | 2 | -4 | 2 | -4 | -4 | -4 | 128 ]
[ -127 | -2 | 0 | 0 | 0 | 0 | 0 | 0 | >0 | 0 | 0 | 0 | 0 | 0 | 0 | 0 | 0 | 0 | 0 | 0 | -4< | 2 | -4 | 2 | -4 | -4 | -4 | 128 ]
[ -127 | -2 | 0 | 0 | 0 | 0 | 0 | 0 | 0 | >0 | 0 | 0 | 0 | 0 | 0 | 0 | 0 | 0 | 0 | 0< | -4 | 2 | -4 | 2 | -4 | -4 | -4 | 128 ]
[ -127 | -2 | 0 | 0 | 0 | 0 | 0 | 0 | 0 | >1 | 0 | 0 | 0 | 0 | 0 | 0 | 0 | 0 | 0 | 1< | -4 | 2 | -4 | 2 | -4 | -4 | -4 | 128 ]
[ -127 | -2 | 0 | 0 | 0 | 0 | 0 | 0 | 0 | >1 | 0 | 0 | 0 | 0 | 0 | 0 | 0 | 0 | 0< | 1 | -4 | 2 | -4 | 2 | -4 | -4 | -4 | 128 ]
[ -127 | -2 | 0 | 0 | 0 | 0 | 0 | 0 | 0 | >0 | 0 | 0 | 0 | 0 | 0 | 0 | 0 | 0 | -1< | 1 | -4 | 2 | -4 | 2 | -4 | -4 | -4 | 128 ]
[ -127 | -2 | 0 | 0 | 0 | 0 | 0 | 0 | 0 | 0 | >0 | 0 | 0 | 0 | 0 | 0 | 0 | 0 | -1< | 1 | -4 | 2 | -4 | 2 | -4 | -4 | -4 | 128 ]
[ -127 | -2 | 0 | 0 | 0 | 0 | 0 | 0 | 0 | 0 | >1 | 0 | 0 | 0 | 0 | 0 | 0 | 0 | 0< | 1 | -4 | 2 | -4 | 2 | -4 | -4 | -4 | 128 ]
[ -127 | -2 | 0 | 0 | 0 | 0 | 0 | 0 | 0 | 0 | >1 | 0 | 0 | 0 | 0 | 0 | 0 | 0 | 1< | 1 | -4 | 2 | -4 | 2 | -4 | -4 | -4 | 128 ]
[ -127 | -2 | 0 | 0 | 0 | 0 | 0 | 0 | 0 | 0 | >0 | 0 | 0 | 0 | 0 | 0 | 0 | 0 | 2< | 1 | -4 | 2 | -4 | 2 | -4 | -4 | -4 | 128 ]
[ -127 | -2 | 0 | 0 | 0 | 0 | 0 | 0 | 0 | 0 | 0 | >0 | 0 | 0 | 0 | 0 | 0 | 0 | 3< | 1 | -4 | 2 | -4 | 2 | -4 | -4 | -4 | 128 ]
[ -127 | -2 | 0 | 0 | 0 | 0 | 0 | 0 | 0 | 0 | 0 | >1 | 0 | 0 | 0 | 0 | 0 | 0 | 4< | 1 | -4 | 2 | -4 | 2 | -4 | -4 | -4 | 128 ]
[ -127 | -2 | 0 | 0 | 0 | 0 | 0 | 0 | 0 | 0 | 0 | >1 | 0 | 0 | 0 | 0 | 0 | 0 | 5< | 1 | -4 | 2 | -4 | 2 | -4 | -4 | -4 | 128 ]
[ -127 | -2 | 0 | 0 | 0 | 0 | 0 | 0 | 0 | 0 | 0 | >0 | 0 | 0 | 0 | 0 | 0 | 0 | 6< | 1 | -4 | 2 | -4 | 2 | -4 | -4 | -4 | 128 ]
[ -127 | -2 | 0 | 0 | 0 | 0 | 0 | 0 | 0 | 0 | 0 | 0 | >0 | 0 | 0 | 0 | 0 | 0 | 7< | 1 | -4 | 2 | -4 | 2 | -4 | -4 | -4 | 128 ]
[ -127 | -2 | 0 | 0 | 0 | 0 | 0 | 0 | 0 | 0 | 0 | 0 | >1 | 0 | 0 | 0 | 0 | 0 | 8< | 1 | -4 | 2 | -4 | 2 | -4 | -4 | -4 | 128 ]
[ -127 | -2 | 0 | 0 | 0 | 0 | 0 | 0 | 0 | 0 | 0 | 0 | >1 | 0 | 0 | 0 | 0 | 0 | 9< | 1 | -4 | 2 | -4 | 2 | -4 | -4 | -4 | 128 ]
[ -127 | -2 | 0 | 0 | 0 | 0 | 0 | 0 | 0 | 0 | 0 | 0 | >0 | 0 | 0 | 0 | 0 | 0 | 10< | 1 | -4 | 2 | -4 | 2 | -4 | -4 | -4 | 128 ]
[ -127 | -2 | 0 | 0 | 0 | 0 | 0 | 0 | 0 | 0 | 0 | 0 | 0 | >0 | 0 | 0 | 0 | 0 | 11< | 1 | -4 | 2 | -4 | 2 | -4 | -4 | -4 | 128 ]
[ -127 | -2 | 0 | 0 | 0 | 0 | 0 | 0 | 0 | 0 | 0 | 0 | 0 | >1 | 0 | 0 | 0 | 0 | 12< | 1 | -4 | 2 | -4 | 2 | -4 | -4 | -4 | 128 ]
[ -127 | -2 | 0 | 0 | 0 | 0 | 0 | 0 | 0 | 0 | 0 | 0 | 0 | >1 | 0 | 0 | 0 | 0 | 13< | 1 | -4 | 2 | -4 | 2 | -4 | -4 | -4 | 128 ]
[ -127 | -2 | 0 | 0 | 0 | 0 | 0 | 0 | 0 | 0 | 0 | 0 | 0 | >0 | 0 | 0 | 0 | 0 | 14< | 1 | -4 | 2 | -4 | 2 | -4 | -4 | -4 | 128 ]
[ -127 | -2 | 0 | 0 | 0 | 0 | 0 | 0 | 0 | 0 | 0 | 0 | 0 | 0 | >0 | 0 | 0 | 0 | 15< | 1 | -4 | 2 | -4 | 2 | -4 | -4 | -4 | 128 ]
[ -127 | -2 | 0 | 0 | 0 | 0 | 0 | 0 | 0 | 0 | 0 | 0 | 0 | 0 | >1 | 0 | 0 | 0 | 16< | 1 | -4 | 2 | -4 | 2 | -4 | -4 | -4 | 128 ]
[ -127 | -2 | 0 | 0 | 0 | 0 | 0 | 0 | 0 | 0 | 0 | 0 | 0 | 0 | >1 | 0 | 0 | 0 | 17< | 1 | -4 | 2 | -4 | 2 | -4 | -4 | -4 | 128 ]
[ -127 | -2 | 0 | 0 | 0 | 0 | 0 | 0 | 0 | 0 | 0 | 0 | 0 | 0 | >0 | 0 | 0 | 0 | 18< | 1 | -4 | 2 | -4 | 2 | -4 | -4 | -4 | 128 ]
[ -127 | -2 | 0 | 0 | 0 | 0 | 0 | 0 | 0 | 0 | 0 | 0 | 0 | 0 | 0 | >0 | 0 | 0 | 19< | 1 | -4 | 2 | -4 | 2 | -4 | -4 | -4 | 128 ]
[ -127 | -2 | 0 | 0 | 0 | 0 | 0 | 0 | 0 | 0 | 0 | 0 | 0 | 0 | 0 | >1 | 0 | 0 | 20< | 1 | -4 | 2 | -4 | 2 | -4 | -4 | -4 | 128 ]
[ -127 | -2 | 0 | 0 | 0 | 0 | 0 | 0 | 0 | 0 | 0 | 0 | 0 | 0 | 0 | >1 | 0 | 0 | 21< | 1 | -4 | 2 | -4 | 2 | -4 | -4 | -4 | 128 ]
[ -127 | -2 | 0 | 0 | 0 | 0 | 0 | 0 | 0 | 0 | 0 | 0 | 0 | 0 | 0 | >0 | 0 | 0 | 22< | 1 | -4 | 2 | -4 | 2 | -4 | -4 | -4 | 128 ]
[ -127 | -2 | 0 | 0 | 0 | 0 | 0 | 0 | 0 | 0 | 0 | 0 | 0 | 0 | 0 | 0 | >0 | 0 | 23< | 1 | -4 | 2 | -4 | 2 | -4 | -4 | -4 | 128 ]
[ -127 | -2 | 0 | 0 | 0 | 0 | 0 | 0 | 0 | 0 | 0 | 0 | 0 | 0 | 0 | 0 | >1 | 0 | 24< | 1 | -4 | 2 | -4 | 2 | -4 | -4 | -4 | 128 ]
[ -127 | -2 | 0 | 0 | 0 | 0 | 0 | 0 | 0 | 0 | 0 | 0 | 0 | 0 | 0 | 0 | >1 | 0 | 25< | 1 | -4 | 2 | -4 | 2 | -4 | -4 | -4 | 128 ]
[ -127 | -2 | 0 | 0 | 0 | 0 | 0 | 0 | 0 | 0 | 0 | 0 | 0 | 0 | 0 | 0 | >0 | 0 | 26< | 1 | -4 | 2 | -4 | 2 | -4 | -4 | -4 | 128 ]
[ -127 | -2 | 0 | 0 | 0 | 0 | 0 | 0 | 0 | 0 | 0 | 0 | 0 | 0 | 0 | 0 | 0 | >0 | 27< | 1 | -4 | 2 | -4 | 2 | -4 | -4 | -4 | 128 ]
[ -127 | -2 | 0 | 0 | 0 | 0 | 0 | 0 | 0 | 0 | 0 | 0 | 0 | 0 | 0 | 0 | 0 | >1 | 28< | 1 | -4 | 2 | -4 | 2 | -4 | -4 | -4 | 128 ]
[ -127 | -2 | 0 | 0 | 0 | 0 | 0 | 0 | 0 | 0 | 0 | 0 | 0 | 0 | 0 | 0 | 0 | >1 | 29< | 1 | -4 | 2 | -4 | 2 | -4 | -4 | -4 | 128 ]
[ -127 | -2 | 0 | 0 | 0 | 0 | 0 | 0 | 0 | 0 | 0 | 0 | 0 | 0 | 0 | 0 | 0 | >0 | 30< | 1 | -4 | 2 | -4 | 2 | -4 | -4 | -4 | 128 ]
[ -127 | -2 | 0 | 0 | 0 | 0 | 0 | 0 | 0 | 0 | 0 | 0 | 0 | 0 | 0 | 0 | 0 | 0 | >31< | 1 | -4 | 2 | -4 | 2 | -4 | -4 | -4 | 128 ]
[ -127 | -2 | 0 | 0 | 0 | 0 | 0 | 0 | 0 | 0 | 0 | 0 | 0 | 0 | 0 | 0 | 0 | 0 | >33< | 1 | -4 | 2 | -4 | 2 | -4 | -4 | -4 | 128 ]
[ -127 | -2 | 0 | 0 | 0 | 0 | 0 | 0 | 0 | 0 | 0 | 0 | 0 | 0 | 0 | 0 | 0 | 0 | >34< | 1 | -4 | 2 | -4 | 2 | -4 | -4 | -4 | 128 ]
[ -127 | -2 | 0 | 0 | 0 | 0 | 0 | 0 | 0 | 0 | 0 | 0 | 0 | 0 | 0 | 0 | 0 | 0 | >34< | 1 | -4 | 2 | -4 | 2 | -4 | -4 | -4 | 128 ]
[ -127 | -2 | 0 | 0 | 0 | 0 | 0 | 0 | 0 | 0 | 0 | 0 | 0 | 0 | 0 | 0 | 0 | 0 | 35< | >1 | -4 | 2 | -4 | 2 | -4 | -4 | -4 | 128 ]
[ -127 | -2 | 0 | 0 | 0 | 0 | 0 | 0 | 0 | 0 | 0 | 0 | 0 | 0 | 0 | 0 | 0 | 0 | 36< | >2 | -4 | 2 | -4 | 2 | -4 | -4 | -4 | 128 ]
[ -127 | -2 | 0 | 0 | 0 | 0 | 0 | 0 | 0 | 0 | 0 | 0 | 0 | 0 | 0 | 0 | 0 | 0 | 37< | >2 | -4 | 2 | -4 | 2 | -4 | -4 | -4 | 128 ]
[ -127 | -2 | 0 | 0 | 0 | 0 | 0 | 0 | 0 | 0 | 0 | 0 | 0 | 0 | 0 | 0 | 0 | 0 | 38< | >1 | -4 | 2 | -4 | 2 | -4 | -4 | -4 | 128 ]
[ -127 | -2 | 0 | 0 | 0 | 0 | 0 | 0 | 0 | 0 | 0 | 0 | 0 | 0 | 0 | 0 | 0 | 0 | 39< | 1 | >-4 | 2 | -4 | 2 | -4 | -4 | -4 | 128 ]
[ -127 | -2 | 0 | 0 | 0 | 0 | 0 | 0 | 0 | 0 | 0 | 0 | 0 | 0 | 0 | 0 | 0 | 0 | 40< | 1 | >-3 | 2 | -4 | 2 | -4 | -4 | -4 | 128 ]
[ -127 | -2 | 0 | 0 | 0 | 0 | 0 | 0 | 0 | 0 | 0 | 0 | 0 | 0 | 0 | 0 | 0 | 0 | 41< | 1 | >-3 | 2 | -4 | 2 | -4 | -4 | -4 | 128 ]
[ -127 | -2 | 0 | 0 | 0 | 0 | 0 | 0 | 0 | 0 | 0 | 0 | 0 | 0 | 0 | 0 | 0 | 0 | 42< | 1 | >-4 | 2 | -4 | 2 | -4 | -4 | -4 | 128 ]
[ -127 | -2 | 0 | 0 | 0 | 0 | 0 | 0 | 0 | 0 | 0 | 0 | 0 | 0 | 0 | 0 | 0 | 0 | 43< | 1 | -4 | >2 | -4 | 2 | -4 | -4 | -4 | 128 ]
[ -127 | -2 | 0 | 0 | 0 | 0 | 0 | 0 | 0 | 0 | 0 | 0 | 0 | 0 | 0 | 0 | 0 | 0 | 44< | 1 | -4 | >3 | -4 | 2 | -4 | -4 | -4 | 128 ]
[ -127 | -2 | 0 | 0 | 0 | 0 | 0 | 0 | 0 | 0 | 0 | 0 | 0 | 0 | 0 | 0 | 0 | 0 | 45< | 1 | -4 | >3 | -4 | 2 | -4 | -4 | -4 | 128 ]
[ -127 | -2 | 0 | 0 | 0 | 0 | 0 | 0 | 0 | 0 | 0 | 0 | 0 | 0 | 0 | 0 | 0 | 0 | 46< | 1 | -4 | >2 | -4 | 2 | -4 | -4 | -4 | 128 ]
[ -127 | -2 | 0 | 0 | 0 | 0 | 0 | 0 | 0 | 0 | 0 | 0 | 0 | 0 | 0 | 0 | 0 | 0 | 47< | 1 | -4 | 2 | >-4 | 2 | -4 | -4 | -4 | 128 ]
[ -127 | -2 | 0 | 0 | 0 | 0 | 0 | 0 | 0 | 0 | 0 | 0 | 0 | 0 | 0 | 0 | 0 | 0 | 48< | 1 | -4 | 2 | >-3 | 2 | -4 | -4 | -4 | 128 ]
[ -127 | -2 | 0 | 0 | 0 | 0 | 0 | 0 | 0 | 0 | 0 | 0 | 0 | 0 | 0 | 0 | 0 | 0 | 49< | 1 | -4 | 2 | >-3 | 2 | -4 | -4 | -4 | 128 ]
[ -127 | -2 | 0 | 0 | 0 | 0 | 0 | 0 | 0 | 0 | 0 | 0 | 0 | 0 | 0 | 0 | 0 | 0 | 50< | 1 | -4 | 2 | >-4 | 2 | -4 | -4 | -4 | 128 ]
[ -127 | -2 | 0 | 0 | 0 | 0 | 0 | 0 | 0 | 0 | 0 | 0 | 0 | 0 | 0 | 0 | 0 | 0 | 51< | 1 | -4 | 2 | -4 | >2 | -4 | -4 | -4 | 128 ]
[ -127 | -2 | 0 | 0 | 0 | 0 | 0 | 0 | 0 | 0 | 0 | 0 | 0 | 0 | 0 | 0 | 0 | 0 | 52< | 1 | -4 | 2 | -4 | >3 | -4 | -4 | -4 | 128 ]
[ -127 | -2 | 0 | 0 | 0 | 0 | 0 | 0 | 0 | 0 | 0 | 0 | 0 | 0 | 0 | 0 | 0 | 0 | 53< | 1 | -4 | 2 | -4 | >3 | -4 | -4 | -4 | 128 ]
[ -127 | -2 | 0 | 0 | 0 | 0 | 0 | 0 | 0 | 0 | 0 | 0 | 0 | 0 | 0 | 0 | 0 | 0 | 54< | 1 | -4 | 2 | -4 | >2 | -4 | -4 | -4 | 128 ]
[ -127 | -2 | 0 | 0 | 0 | 0 | 0 | 0 | 0 | 0 | 0 | 0 | 0 | 0 | 0 | 0 | 0 | 0 | 55< | 1 | -4 | 2 | -4 | 2 | >-4 | -4 | -4 | 128 ]
[ -127 | -2 | 0 | 0 | 0 | 0 | 0 | 0 | 0 | 0 | 0 | 0 | 0 | 0 | 0 | 0 | 0 | 0 | 56< | 1 | -4 | 2 | -4 | 2 | >-3 | -4 | -4 | 128 ]
[ -127 | -2 | 0 | 0 | 0 | 0 | 0 | 0 | 0 | 0 | 0 | 0 | 0 | 0 | 0 | 0 | 0 | 0 | 57< | 1 | -4 | 2 | -4 | 2 | >-3 | -4 | -4 | 128 ]
[ -127 | -2 | 0 | 0 | 0 | 0 | 0 | 0 | 0 | 0 | 0 | 0 | 0 | 0 | 0 | 0 | 0 | 0 | 58< | 1 | -4 | 2 | -4 | 2 | >-4 | -4 | -4 | 128 ]
[ -127 | -2 | 0 | 0 | 0 | 0 | 0 | 0 | 0 | 0 | 0 | 0 | 0 | 0 | 0 | 0 | 0 | 0 | 59< | 1 | -4 | 2 | -4 | 2 | -4 | >-4 | -4 | 128 ]
[ -127 | -2 | 0 | 0 | 0 | 0 | 0 | 0 | 0 | 0 | 0 | 0 | 0 | 0 | 0 | 0 | 0 | 0 | 60< | 1 | -4 | 2 | -4 | 2 | -4 | >-3 | -4 | 128 ]
[ -127 | -2 | 0 | 0 | 0 | 0 | 0 | 0 | 0 | 0 | 0 | 0 | 0 | 0 | 0 | 0 | 0 | 0 | 61< | 1 | -4 | 2 | -4 | 2 | -4 | >-3 | -4 | 128 ]
[ -127 | -2 | 0 | 0 | 0 | 0 | 0 | 0 | 0 | 0 | 0 | 0 | 0 | 0 | 0 | 0 | 0 | 0 | 62< | 1 | -4 | 2 | -4 | 2 | -4 | >-4 | -4 | 128 ]
[ -127 | -2 | 0 | 0 | 0 | 0 | 0 | 0 | 0 | 0 | 0 | 0 | 0 | 0 | 0 | 0 | 0 | 0 | 63< | 1 | -4 | 2 | -4 | 2 | -4 | -4 | >-4 | 128 ]
[ -127 | -2 | 0 | 0 | 0 | 0 | 0 | 0 | 0 | 0 | 0 | 0 | 0 | 0 | 0 | 0 | 0 | 0 | 64< | 1 | -4 | 2 | -4 | 2 | -4 | -4 | >-3 | 128 ]
[ -127 | -2 | 0 | 0 | 0 | 0 | 0 | 0 | 0 | 0 | 0 | 0 | 0 | 0 | 0 | 0 | 0 | 0 | 65< | 1 | -4 | 2 | -4 | 2 | -4 | -4 | >-3 | 128 ]
[ -127 | -2 | 0 | 0 | 0 | 0 | 0 | 0 | 0 | 0 | 0 | 0 | 0 | 0 | 0 | 0 | 0 | 0 | 66< | 1 | -4 | 2 | -4 | 2 | -4 | -4 | >-4 | 128 ]
[ -127 | -2 | 0 | 0 | 0 | 0 | 0 | 0 | 0 | 0 | 0 | 0 | 0 | 0 | 0 | 0 | 0 | 0 | 67< | 1 | -4 | 2 | -4 | 2 | -4 | -4 | -4 | >128 ]
[ -127 | -2 | 0 | 0 | 0 | 0 | 0 | 0 | 0 | 0 | 0 | 0 | 0 | 0 | 0 | 0 | 0 | 0 | 68< | 1 | -4 | 2 | -4 | 2 | -4 | -4 | -4 | >-127 ]
[ -127 | -2 | 0 | 0 | 0 | 0 | 0 | 0 | 0 | 0 | 0 | 0 | 0 | 0 | 0 | 0 | 0 | 0 | 69< | 1 | -4 | 2 | -4 | 2 | -4 | -4 | -4 | >-127 ]
[ -127 | -2 | 0 | 0 | 0 | 0 | 0 | 0 | 0 | 0 | 0 | 0 | 0 | 0 | 0 | 0 | 0 | 0 | 70< | 1 | -4 | 2 | -4 | 2 | -4 | -4 | -4 | >128 ]
[ >-127 | -2 | 0 | 0 | 0 | 0 | 0 | 0 | 0 | 0 | 0 | 0 | 0 | 0 | 0 | 0 | 0 | 0 | 71< | 1 | -4 | 2 | -4 | 2 | -4 | -4 | -4 | 128 ]

===== Plodder won the battle after 112 cycles =====



===== Starting battle of <MetaJSRandomBot> vs <Plodder> with memory tape size: 12 =====

[ >128 | 0 | 0 | 0 | 0 | 0 | 0 | 0 | 0 | 0 | 0 | 128< ]
[ >-127 | 0 | 0 | 0 | 0 | 0 | 0 | 0 | 0 | 0 | 0< | 128 ]
[ >-127 | 0 | 0 | 0 | 0 | 0 | 0 | 0 | 0 | 0 | -1< | 128 ]
[ >-127 | 0 | 0 | 0 | 0 | 0 | 0 | 0 | 0 | 0 | -2< | 128 ]
[ -127 | >0 | 0 | 0 | 0 | 0 | 0 | 0 | 0 | 0 | -3< | 128 ]
[ -127 | >-1 | 0 | 0 | 0 | 0 | 0 | 0 | 0 | 0 | -4< | 128 ]
[ -127 | >-1 | 0 | 0 | 0 | 0 | 0 | 0 | 0 | 0< | -4 | 128 ]
[ -127 | >-2 | 0 | 0 | 0 | 0 | 0 | 0 | 0 | -1< | -4 | 128 ]
[ -127 | -2 | >0 | 0 | 0 | 0 | 0 | 0 | 0 | -2< | -4 | 128 ]
[ -127 | -2 | >1 | 0 | 0 | 0 | 0 | 0 | 0 | -3< | -4 | 128 ]
[ -127 | -2 | >1 | 0 | 0 | 0 | 0 | 0 | 0 | -4< | -4 | 128 ]
[ -127 | -2 | >0 | 0 | 0 | 0 | 0 | 0 | 0< | -4 | -4 | 128 ]
[ -127 | -2 | 0 | >0 | 0 | 0 | 0 | 0 | -1< | -4 | -4 | 128 ]
[ -127 | -2 | 0 | >1 | 0 | 0 | 0 | 0 | -2< | -4 | -4 | 128 ]
[ -127 | -2 | 0 | >1 | 0 | 0 | 0 | 0 | -3< | -4 | -4 | 128 ]
[ -127 | -2 | 0 | >0 | 0 | 0 | 0 | 0 | -4< | -4 | -4 | 128 ]
[ -127 | -2 | 0 | 0 | >0 | 0 | 0 | 0< | -4 | -4 | -4 | 128 ]
[ -127 | -2 | 0 | 0 | >1 | 0 | 0 | 1< | -4 | -4 | -4 | 128 ]
[ -127 | -2 | 0 | 0 | >1 | 0 | 0 | 2< | -4 | -4 | -4 | 128 ]
[ -127 | -2 | 0 | 0 | >0 | 0 | 0< | 2 | -4 | -4 | -4 | 128 ]
[ -127 | -2 | 0 | 0 | 0 | >0 | -1< | 2 | -4 | -4 | -4 | 128 ]
[ -127 | -2 | 0 | 0 | 0 | >1 | -2< | 2 | -4 | -4 | -4 | 128 ]
[ -127 | -2 | 0 | 0 | 0 | >1< | -2 | 2 | -4 | -4 | -4 | 128 ]
[ -127 | -2 | 0 | 0 | 0 | >1< | -2 | 2 | -4 | -4 | -4 | 128 ]
[ -127 | -2 | 0 | 0 | 0< | 1 | >-2 | 2 | -4 | -4 | -4 | 128 ]
[ -127 | -2 | 0 | 0 | -1< | 1 | >-1 | 2 | -4 | -4 | -4 | 128 ]
[ -127 | -2 | 0 | 0 | -1 | 1< | >-1 | 2 | -4 | -4 | -4 | 128 ]
[ -127 | -2 | 0 | 0 | -1 | 1 | >-2< | 2 | -4 | -4 | -4 | 128 ]
[ -127 | -2 | 0 | 0 | -1 | 1 | -3< | >2 | -4 | -4 | -4 | 128 ]
[ -127 | -2 | 0 | 0 | -1 | 1 | -4< | >3 | -4 | -4 | -4 | 128 ]
[ -127 | -2 | 0 | 0 | -1 | 1< | -4 | >3 | -4 | -4 | -4 | 128 ]
[ -127 | -2 | 0 | 0 | -1 | 2< | -4 | >2 | -4 | -4 | -4 | 128 ]
[ -127 | -2 | 0 | 0 | -1< | 2 | -4 | 2 | >-4 | -4 | -4 | 128 ]
[ -127 | -2 | 0 | 0 | -2< | 2 | -4 | 2 | >-3 | -4 | -4 | 128 ]
[ -127 | -2 | 0 | 0 | -3< | 2 | -4 | 2 | >-3 | -4 | -4 | 128 ]
[ -127 | -2 | 0 | 0 | -4< | 2 | -4 | 2 | >-4 | -4 | -4 | 128 ]
[ -127 | -2 | 0 | 0< | -4 | 2 | -4 | 2 | -4 | >-4 | -4 | 128 ]
[ -127 | -2 | 0 | 1< | -4 | 2 | -4 | 2 | -4 | >-3 | -4 | 128 ]
[ -127 | -2 | 0< | 1 | -4 | 2 | -4 | 2 | -4 | >-3 | -4 | 128 ]
[ -127 | -2 | -1< | 1 | -4 | 2 | -4 | 2 | -4 | >-4 | -4 | 128 ]
[ -127 | -2 | -1< | 1 | -4 | 2 | -4 | 2 | -4 | -4 | >-4 | 128 ]
[ -127 | -2 | 0< | 1 | -4 | 2 | -4 | 2 | -4 | -4 | >-3 | 128 ]
[ -127 | -2 | 1< | 1 | -4 | 2 | -4 | 2 | -4 | -4 | >-3 | 128 ]
[ -127 | -2 | 2< | 1 | -4 | 2 | -4 | 2 | -4 | -4 | >-4 | 128 ]
[ -127 | -2 | 3< | 1 | -4 | 2 | -4 | 2 | -4 | -4 | -4 | >128 ]
[ -127 | -2 | 4< | 1 | -4 | 2 | -4 | 2 | -4 | -4 | -4 | >-127 ]
[ -127 | -2 | 5< | 1 | -4 | 2 | -4 | 2 | -4 | -4 | -4 | >-127 ]
[ -127 | -2 | 6< | 1 | -4 | 2 | -4 | 2 | -4 | -4 | -4 | >128 ]
[ >-127 | -2 | 7< | 1 | -4 | 2 | -4 | 2 | -4 | -4 | -4 | 128 ]

===== Plodder won the battle after 48 cycles =====



===== Starting battle of <MetaJSRandomBot> vs <Plodder> with memory tape size: 26 =====

[ >128 | 0 | 0 | 0 | 0 | 0 | 0 | 0 | 0 | 0 | 0 | 0 | 0 | 0 | 0 | 0 | 0 | 0 | 0 | 0 | 0 | 0 | 0 | 0 | 0 | 128< ]
[ >-127 | 0 | 0 | 0 | 0 | 0 | 0 | 0 | 0 | 0 | 0 | 0 | 0 | 0 | 0 | 0 | 0 | 0 | 0 | 0 | 0 | 0 | 0 | 0 | 0< | 128 ]
[ >-127 | 0 | 0 | 0 | 0 | 0 | 0 | 0 | 0 | 0 | 0 | 0 | 0 | 0 | 0 | 0 | 0 | 0 | 0 | 0 | 0 | 0 | 0 | 0 | -1< | 128 ]
[ >-127 | 0 | 0 | 0 | 0 | 0 | 0 | 0 | 0 | 0 | 0 | 0 | 0 | 0 | 0 | 0 | 0 | 0 | 0 | 0 | 0 | 0 | 0 | 0 | -2< | 128 ]
[ -127 | >0 | 0 | 0 | 0 | 0 | 0 | 0 | 0 | 0 | 0 | 0 | 0 | 0 | 0 | 0 | 0 | 0 | 0 | 0 | 0 | 0 | 0 | 0 | -3< | 128 ]
[ -127 | >-1 | 0 | 0 | 0 | 0 | 0 | 0 | 0 | 0 | 0 | 0 | 0 | 0 | 0 | 0 | 0 | 0 | 0 | 0 | 0 | 0 | 0 | 0 | -4< | 128 ]
[ -127 | >-1 | 0 | 0 | 0 | 0 | 0 | 0 | 0 | 0 | 0 | 0 | 0 | 0 | 0 | 0 | 0 | 0 | 0 | 0 | 0 | 0 | 0 | 0< | -4 | 128 ]
[ -127 | >-2 | 0 | 0 | 0 | 0 | 0 | 0 | 0 | 0 | 0 | 0 | 0 | 0 | 0 | 0 | 0 | 0 | 0 | 0 | 0 | 0 | 0 | -1< | -4 | 128 ]
[ -127 | -2 | >0 | 0 | 0 | 0 | 0 | 0 | 0 | 0 | 0 | 0 | 0 | 0 | 0 | 0 | 0 | 0 | 0 | 0 | 0 | 0 | 0 | -2< | -4 | 128 ]
[ -127 | -2 | >1 | 0 | 0 | 0 | 0 | 0 | 0 | 0 | 0 | 0 | 0 | 0 | 0 | 0 | 0 | 0 | 0 | 0 | 0 | 0 | 0 | -3< | -4 | 128 ]
[ -127 | -2 | >1 | 0 | 0 | 0 | 0 | 0 | 0 | 0 | 0 | 0 | 0 | 0 | 0 | 0 | 0 | 0 | 0 | 0 | 0 | 0 | 0 | -4< | -4 | 128 ]
[ -127 | -2 | >0 | 0 | 0 | 0 | 0 | 0 | 0 | 0 | 0 | 0 | 0 | 0 | 0 | 0 | 0 | 0 | 0 | 0 | 0 | 0 | 0< | -4 | -4 | 128 ]
[ -127 | -2 | 0 | >0 | 0 | 0 | 0 | 0 | 0 | 0 | 0 | 0 | 0 | 0 | 0 | 0 | 0 | 0 | 0 | 0 | 0 | 0 | -1< | -4 | -4 | 128 ]
[ -127 | -2 | 0 | >1 | 0 | 0 | 0 | 0 | 0 | 0 | 0 | 0 | 0 | 0 | 0 | 0 | 0 | 0 | 0 | 0 | 0 | 0 | -2< | -4 | -4 | 128 ]
[ -127 | -2 | 0 | >1 | 0 | 0 | 0 | 0 | 0 | 0 | 0 | 0 | 0 | 0 | 0 | 0 | 0 | 0 | 0 | 0 | 0 | 0 | -3< | -4 | -4 | 128 ]
[ -127 | -2 | 0 | >0 | 0 | 0 | 0 | 0 | 0 | 0 | 0 | 0 | 0 | 0 | 0 | 0 | 0 | 0 | 0 | 0 | 0 | 0 | -4< | -4 | -4 | 128 ]
[ -127 | -2 | 0 | 0 | >0 | 0 | 0 | 0 | 0 | 0 | 0 | 0 | 0 | 0 | 0 | 0 | 0 | 0 | 0 | 0 | 0 | 0< | -4 | -4 | -4 | 128 ]
[ -127 | -2 | 0 | 0 | >1 | 0 | 0 | 0 | 0 | 0 | 0 | 0 | 0 | 0 | 0 | 0 | 0 | 0 | 0 | 0 | 0 | 1< | -4 | -4 | -4 | 128 ]
[ -127 | -2 | 0 | 0 | >1 | 0 | 0 | 0 | 0 | 0 | 0 | 0 | 0 | 0 | 0 | 0 | 0 | 0 | 0 | 0 | 0 | 2< | -4 | -4 | -4 | 128 ]
[ -127 | -2 | 0 | 0 | >0 | 0 | 0 | 0 | 0 | 0 | 0 | 0 | 0 | 0 | 0 | 0 | 0 | 0 | 0 | 0 | 0< | 2 | -4 | -4 | -4 | 128 ]
[ -127 | -2 | 0 | 0 | 0 | >0 | 0 | 0 | 0 | 0 | 0 | 0 | 0 | 0 | 0 | 0 | 0 | 0 | 0 | 0 | -1< | 2 | -4 | -4 | -4 | 128 ]
[ -127 | -2 | 0 | 0 | 0 | >1 | 0 | 0 | 0 | 0 | 0 | 0 | 0 | 0 | 0 | 0 | 0 | 0 | 0 | 0 | -2< | 2 | -4 | -4 | -4 | 128 ]
[ -127 | -2 | 0 | 0 | 0 | >1 | 0 | 0 | 0 | 0 | 0 | 0 | 0 | 0 | 0 | 0 | 0 | 0 | 0 | 0< | -2 | 2 | -4 | -4 | -4 | 128 ]
[ -127 | -2 | 0 | 0 | 0 | >0 | 0 | 0 | 0 | 0 | 0 | 0 | 0 | 0 | 0 | 0 | 0 | 0 | 0 | 1< | -2 | 2 | -4 | -4 | -4 | 128 ]
[ -127 | -2 | 0 | 0 | 0 | 0 | >0 | 0 | 0 | 0 | 0 | 0 | 0 | 0 | 0 | 0 | 0 | 0 | 0< | 1 | -2 | 2 | -4 | -4 | -4 | 128 ]
[ -127 | -2 | 0 | 0 | 0 | 0 | >1 | 0 | 0 | 0 | 0 | 0 | 0 | 0 | 0 | 0 | 0 | 0 | -1< | 1 | -2 | 2 | -4 | -4 | -4 | 128 ]
[ -127 | -2 | 0 | 0 | 0 | 0 | >1 | 0 | 0 | 0 | 0 | 0 | 0 | 0 | 0 | 0 | 0 | 0 | -1 | 1< | -2 | 2 | -4 | -4 | -4 | 128 ]
[ -127 | -2 | 0 | 0 | 0 | 0 | >0 | 0 | 0 | 0 | 0 | 0 | 0 | 0 | 0 | 0 | 0 | 0 | -1 | 1 | -2< | 2 | -4 | -4 | -4 | 128 ]
[ -127 | -2 | 0 | 0 | 0 | 0 | 0 | >0 | 0 | 0 | 0 | 0 | 0 | 0 | 0 | 0 | 0 | 0 | -1 | 1 | -3< | 2 | -4 | -4 | -4 | 128 ]
[ -127 | -2 | 0 | 0 | 0 | 0 | 0 | >1 | 0 | 0 | 0 | 0 | 0 | 0 | 0 | 0 | 0 | 0 | -1 | 1 | -4< | 2 | -4 | -4 | -4 | 128 ]
[ -127 | -2 | 0 | 0 | 0 | 0 | 0 | >1 | 0 | 0 | 0 | 0 | 0 | 0 | 0 | 0 | 0 | 0 | -1 | 1< | -4 | 2 | -4 | -4 | -4 | 128 ]
[ -127 | -2 | 0 | 0 | 0 | 0 | 0 | >0 | 0 | 0 | 0 | 0 | 0 | 0 | 0 | 0 | 0 | 0 | -1 | 2< | -4 | 2 | -4 | -4 | -4 | 128 ]
[ -127 | -2 | 0 | 0 | 0 | 0 | 0 | 0 | >0 | 0 | 0 | 0 | 0 | 0 | 0 | 0 | 0 | 0 | -1< | 2 | -4 | 2 | -4 | -4 | -4 | 128 ]
[ -127 | -2 | 0 | 0 | 0 | 0 | 0 | 0 | >1 | 0 | 0 | 0 | 0 | 0 | 0 | 0 | 0 | 0 | -2< | 2 | -4 | 2 | -4 | -4 | -4 | 128 ]
[ -127 | -2 | 0 | 0 | 0 | 0 | 0 | 0 | >1 | 0 | 0 | 0 | 0 | 0 | 0 | 0 | 0 | 0 | -3< | 2 | -4 | 2 | -4 | -4 | -4 | 128 ]
[ -127 | -2 | 0 | 0 | 0 | 0 | 0 | 0 | >0 | 0 | 0 | 0 | 0 | 0 | 0 | 0 | 0 | 0 | -4< | 2 | -4 | 2 | -4 | -4 | -4 | 128 ]
[ -127 | -2 | 0 | 0 | 0 | 0 | 0 | 0 | 0 | >0 | 0 | 0 | 0 | 0 | 0 | 0 | 0 | 0< | -4 | 2 | -4 | 2 | -4 | -4 | -4 | 128 ]
[ -127 | -2 | 0 | 0 | 0 | 0 | 0 | 0 | 0 | >1 | 0 | 0 | 0 | 0 | 0 | 0 | 0 | 1< | -4 | 2 | -4 | 2 | -4 | -4 | -4 | 128 ]
[ -127 | -2 | 0 | 0 | 0 | 0 | 0 | 0 | 0 | >1 | 0 | 0 | 0 | 0 | 0 | 0 | 0< | 1 | -4 | 2 | -4 | 2 | -4 | -4 | -4 | 128 ]
[ -127 | -2 | 0 | 0 | 0 | 0 | 0 | 0 | 0 | >0 | 0 | 0 | 0 | 0 | 0 | 0 | -1< | 1 | -4 | 2 | -4 | 2 | -4 | -4 | -4 | 128 ]
[ -127 | -2 | 0 | 0 | 0 | 0 | 0 | 0 | 0 | 0 | >0 | 0 | 0 | 0 | 0 | 0 | -1< | 1 | -4 | 2 | -4 | 2 | -4 | -4 | -4 | 128 ]
[ -127 | -2 | 0 | 0 | 0 | 0 | 0 | 0 | 0 | 0 | >1 | 0 | 0 | 0 | 0 | 0 | 0< | 1 | -4 | 2 | -4 | 2 | -4 | -4 | -4 | 128 ]
[ -127 | -2 | 0 | 0 | 0 | 0 | 0 | 0 | 0 | 0 | >1 | 0 | 0 | 0 | 0 | 0 | 1< | 1 | -4 | 2 | -4 | 2 | -4 | -4 | -4 | 128 ]
[ -127 | -2 | 0 | 0 | 0 | 0 | 0 | 0 | 0 | 0 | >0 | 0 | 0 | 0 | 0 | 0 | 2< | 1 | -4 | 2 | -4 | 2 | -4 | -4 | -4 | 128 ]
[ -127 | -2 | 0 | 0 | 0 | 0 | 0 | 0 | 0 | 0 | 0 | >0 | 0 | 0 | 0 | 0 | 3< | 1 | -4 | 2 | -4 | 2 | -4 | -4 | -4 | 128 ]
[ -127 | -2 | 0 | 0 | 0 | 0 | 0 | 0 | 0 | 0 | 0 | >1 | 0 | 0 | 0 | 0 | 4< | 1 | -4 | 2 | -4 | 2 | -4 | -4 | -4 | 128 ]
[ -127 | -2 | 0 | 0 | 0 | 0 | 0 | 0 | 0 | 0 | 0 | >1 | 0 | 0 | 0 | 0 | 5< | 1 | -4 | 2 | -4 | 2 | -4 | -4 | -4 | 128 ]
[ -127 | -2 | 0 | 0 | 0 | 0 | 0 | 0 | 0 | 0 | 0 | >0 | 0 | 0 | 0 | 0 | 6< | 1 | -4 | 2 | -4 | 2 | -4 | -4 | -4 | 128 ]
[ -127 | -2 | 0 | 0 | 0 | 0 | 0 | 0 | 0 | 0 | 0 | 0 | >0 | 0 | 0 | 0 | 7< | 1 | -4 | 2 | -4 | 2 | -4 | -4 | -4 | 128 ]
[ -127 | -2 | 0 | 0 | 0 | 0 | 0 | 0 | 0 | 0 | 0 | 0 | >1 | 0 | 0 | 0 | 8< | 1 | -4 | 2 | -4 | 2 | -4 | -4 | -4 | 128 ]
[ -127 | -2 | 0 | 0 | 0 | 0 | 0 | 0 | 0 | 0 | 0 | 0 | >1 | 0 | 0 | 0 | 9< | 1 | -4 | 2 | -4 | 2 | -4 | -4 | -4 | 128 ]
[ -127 | -2 | 0 | 0 | 0 | 0 | 0 | 0 | 0 | 0 | 0 | 0 | >0 | 0 | 0 | 0 | 10< | 1 | -4 | 2 | -4 | 2 | -4 | -4 | -4 | 128 ]
[ -127 | -2 | 0 | 0 | 0 | 0 | 0 | 0 | 0 | 0 | 0 | 0 | 0 | >0 | 0 | 0 | 11< | 1 | -4 | 2 | -4 | 2 | -4 | -4 | -4 | 128 ]
[ -127 | -2 | 0 | 0 | 0 | 0 | 0 | 0 | 0 | 0 | 0 | 0 | 0 | >1 | 0 | 0 | 12< | 1 | -4 | 2 | -4 | 2 | -4 | -4 | -4 | 128 ]
[ -127 | -2 | 0 | 0 | 0 | 0 | 0 | 0 | 0 | 0 | 0 | 0 | 0 | >1 | 0 | 0 | 13< | 1 | -4 | 2 | -4 | 2 | -4 | -4 | -4 | 128 ]
[ -127 | -2 | 0 | 0 | 0 | 0 | 0 | 0 | 0 | 0 | 0 | 0 | 0 | >0 | 0 | 0 | 14< | 1 | -4 | 2 | -4 | 2 | -4 | -4 | -4 | 128 ]
[ -127 | -2 | 0 | 0 | 0 | 0 | 0 | 0 | 0 | 0 | 0 | 0 | 0 | 0 | >0 | 0 | 15< | 1 | -4 | 2 | -4 | 2 | -4 | -4 | -4 | 128 ]
[ -127 | -2 | 0 | 0 | 0 | 0 | 0 | 0 | 0 | 0 | 0 | 0 | 0 | 0 | >1 | 0 | 16< | 1 | -4 | 2 | -4 | 2 | -4 | -4 | -4 | 128 ]
[ -127 | -2 | 0 | 0 | 0 | 0 | 0 | 0 | 0 | 0 | 0 | 0 | 0 | 0 | >1 | 0 | 17< | 1 | -4 | 2 | -4 | 2 | -4 | -4 | -4 | 128 ]
[ -127 | -2 | 0 | 0 | 0 | 0 | 0 | 0 | 0 | 0 | 0 | 0 | 0 | 0 | >0 | 0 | 18< | 1 | -4 | 2 | -4 | 2 | -4 | -4 | -4 | 128 ]
[ -127 | -2 | 0 | 0 | 0 | 0 | 0 | 0 | 0 | 0 | 0 | 0 | 0 | 0 | 0 | >0 | 19< | 1 | -4 | 2 | -4 | 2 | -4 | -4 | -4 | 128 ]
[ -127 | -2 | 0 | 0 | 0 | 0 | 0 | 0 | 0 | 0 | 0 | 0 | 0 | 0 | 0 | >1 | 20< | 1 | -4 | 2 | -4 | 2 | -4 | -4 | -4 | 128 ]
[ -127 | -2 | 0 | 0 | 0 | 0 | 0 | 0 | 0 | 0 | 0 | 0 | 0 | 0 | 0 | >1 | 21< | 1 | -4 | 2 | -4 | 2 | -4 | -4 | -4 | 128 ]
[ -127 | -2 | 0 | 0 | 0 | 0 | 0 | 0 | 0 | 0 | 0 | 0 | 0 | 0 | 0 | >0 | 22< | 1 | -4 | 2 | -4 | 2 | -4 | -4 | -4 | 128 ]
[ -127 | -2 | 0 | 0 | 0 | 0 | 0 | 0 | 0 | 0 | 0 | 0 | 0 | 0 | 0 | 0 | >23< | 1 | -4 | 2 | -4 | 2 | -4 | -4 | -4 | 128 ]
[ -127 | -2 | 0 | 0 | 0 | 0 | 0 | 0 | 0 | 0 | 0 | 0 | 0 | 0 | 0 | 0 | >25< | 1 | -4 | 2 | -4 | 2 | -4 | -4 | -4 | 128 ]
[ -127 | -2 | 0 | 0 | 0 | 0 | 0 | 0 | 0 | 0 | 0 | 0 | 0 | 0 | 0 | 0 | >26< | 1 | -4 | 2 | -4 | 2 | -4 | -4 | -4 | 128 ]
[ -127 | -2 | 0 | 0 | 0 | 0 | 0 | 0 | 0 | 0 | 0 | 0 | 0 | 0 | 0 | 0 | >26< | 1 | -4 | 2 | -4 | 2 | -4 | -4 | -4 | 128 ]
[ -127 | -2 | 0 | 0 | 0 | 0 | 0 | 0 | 0 | 0 | 0 | 0 | 0 | 0 | 0 | 0 | 27< | >1 | -4 | 2 | -4 | 2 | -4 | -4 | -4 | 128 ]
[ -127 | -2 | 0 | 0 | 0 | 0 | 0 | 0 | 0 | 0 | 0 | 0 | 0 | 0 | 0 | 0 | 28< | >2 | -4 | 2 | -4 | 2 | -4 | -4 | -4 | 128 ]
[ -127 | -2 | 0 | 0 | 0 | 0 | 0 | 0 | 0 | 0 | 0 | 0 | 0 | 0 | 0 | 0 | 29< | >2 | -4 | 2 | -4 | 2 | -4 | -4 | -4 | 128 ]
[ -127 | -2 | 0 | 0 | 0 | 0 | 0 | 0 | 0 | 0 | 0 | 0 | 0 | 0 | 0 | 0 | 30< | >1 | -4 | 2 | -4 | 2 | -4 | -4 | -4 | 128 ]
[ -127 | -2 | 0 | 0 | 0 | 0 | 0 | 0 | 0 | 0 | 0 | 0 | 0 | 0 | 0 | 0 | 31< | 1 | >-4 | 2 | -4 | 2 | -4 | -4 | -4 | 128 ]
[ -127 | -2 | 0 | 0 | 0 | 0 | 0 | 0 | 0 | 0 | 0 | 0 | 0 | 0 | 0 | 0 | 32< | 1 | >-3 | 2 | -4 | 2 | -4 | -4 | -4 | 128 ]
[ -127 | -2 | 0 | 0 | 0 | 0 | 0 | 0 | 0 | 0 | 0 | 0 | 0 | 0 | 0 | 0 | 33< | 1 | >-3 | 2 | -4 | 2 | -4 | -4 | -4 | 128 ]
[ -127 | -2 | 0 | 0 | 0 | 0 | 0 | 0 | 0 | 0 | 0 | 0 | 0 | 0 | 0 | 0 | 34< | 1 | >-4 | 2 | -4 | 2 | -4 | -4 | -4 | 128 ]
[ -127 | -2 | 0 | 0 | 0 | 0 | 0 | 0 | 0 | 0 | 0 | 0 | 0 | 0 | 0 | 0 | 35< | 1 | -4 | >2 | -4 | 2 | -4 | -4 | -4 | 128 ]
[ -127 | -2 | 0 | 0 | 0 | 0 | 0 | 0 | 0 | 0 | 0 | 0 | 0 | 0 | 0 | 0 | 36< | 1 | -4 | >3 | -4 | 2 | -4 | -4 | -4 | 128 ]
[ -127 | -2 | 0 | 0 | 0 | 0 | 0 | 0 | 0 | 0 | 0 | 0 | 0 | 0 | 0 | 0 | 37< | 1 | -4 | >3 | -4 | 2 | -4 | -4 | -4 | 128 ]
[ -127 | -2 | 0 | 0 | 0 | 0 | 0 | 0 | 0 | 0 | 0 | 0 | 0 | 0 | 0 | 0 | 38< | 1 | -4 | >2 | -4 | 2 | -4 | -4 | -4 | 128 ]
[ -127 | -2 | 0 | 0 | 0 | 0 | 0 | 0 | 0 | 0 | 0 | 0 | 0 | 0 | 0 | 0 | 39< | 1 | -4 | 2 | >-4 | 2 | -4 | -4 | -4 | 128 ]
[ -127 | -2 | 0 | 0 | 0 | 0 | 0 | 0 | 0 | 0 | 0 | 0 | 0 | 0 | 0 | 0 | 40< | 1 | -4 | 2 | >-3 | 2 | -4 | -4 | -4 | 128 ]
[ -127 | -2 | 0 | 0 | 0 | 0 | 0 | 0 | 0 | 0 | 0 | 0 | 0 | 0 | 0 | 0 | 41< | 1 | -4 | 2 | >-3 | 2 | -4 | -4 | -4 | 128 ]
[ -127 | -2 | 0 | 0 | 0 | 0 | 0 | 0 | 0 | 0 | 0 | 0 | 0 | 0 | 0 | 0 | 42< | 1 | -4 | 2 | >-4 | 2 | -4 | -4 | -4 | 128 ]
[ -127 | -2 | 0 | 0 | 0 | 0 | 0 | 0 | 0 | 0 | 0 | 0 | 0 | 0 | 0 | 0 | 43< | 1 | -4 | 2 | -4 | >2 | -4 | -4 | -4 | 128 ]
[ -127 | -2 | 0 | 0 | 0 | 0 | 0 | 0 | 0 | 0 | 0 | 0 | 0 | 0 | 0 | 0 | 44< | 1 | -4 | 2 | -4 | >3 | -4 | -4 | -4 | 128 ]
[ -127 | -2 | 0 | 0 | 0 | 0 | 0 | 0 | 0 | 0 | 0 | 0 | 0 | 0 | 0 | 0 | 45< | 1 | -4 | 2 | -4 | >3 | -4 | -4 | -4 | 128 ]
[ -127 | -2 | 0 | 0 | 0 | 0 | 0 | 0 | 0 | 0 | 0 | 0 | 0 | 0 | 0 | 0 | 46< | 1 | -4 | 2 | -4 | >2 | -4 | -4 | -4 | 128 ]
[ -127 | -2 | 0 | 0 | 0 | 0 | 0 | 0 | 0 | 0 | 0 | 0 | 0 | 0 | 0 | 0 | 47< | 1 | -4 | 2 | -4 | 2 | >-4 | -4 | -4 | 128 ]
[ -127 | -2 | 0 | 0 | 0 | 0 | 0 | 0 | 0 | 0 | 0 | 0 | 0 | 0 | 0 | 0 | 48< | 1 | -4 | 2 | -4 | 2 | >-3 | -4 | -4 | 128 ]
[ -127 | -2 | 0 | 0 | 0 | 0 | 0 | 0 | 0 | 0 | 0 | 0 | 0 | 0 | 0 | 0 | 49< | 1 | -4 | 2 | -4 | 2 | >-3 | -4 | -4 | 128 ]
[ -127 | -2 | 0 | 0 | 0 | 0 | 0 | 0 | 0 | 0 | 0 | 0 | 0 | 0 | 0 | 0 | 50< | 1 | -4 | 2 | -4 | 2 | >-4 | -4 | -4 | 128 ]
[ -127 | -2 | 0 | 0 | 0 | 0 | 0 | 0 | 0 | 0 | 0 | 0 | 0 | 0 | 0 | 0 | 51< | 1 | -4 | 2 | -4 | 2 | -4 | >-4 | -4 | 128 ]
[ -127 | -2 | 0 | 0 | 0 | 0 | 0 | 0 | 0 | 0 | 0 | 0 | 0 | 0 | 0 | 0 | 52< | 1 | -4 | 2 | -4 | 2 | -4 | >-3 | -4 | 128 ]
[ -127 | -2 | 0 | 0 | 0 | 0 | 0 | 0 | 0 | 0 | 0 | 0 | 0 | 0 | 0 | 0 | 53< | 1 | -4 | 2 | -4 | 2 | -4 | >-3 | -4 | 128 ]
[ -127 | -2 | 0 | 0 | 0 | 0 | 0 | 0 | 0 | 0 | 0 | 0 | 0 | 0 | 0 | 0 | 54< | 1 | -4 | 2 | -4 | 2 | -4 | >-4 | -4 | 128 ]
[ -127 | -2 | 0 | 0 | 0 | 0 | 0 | 0 | 0 | 0 | 0 | 0 | 0 | 0 | 0 | 0 | 55< | 1 | -4 | 2 | -4 | 2 | -4 | -4 | >-4 | 128 ]
[ -127 | -2 | 0 | 0 | 0 | 0 | 0 | 0 | 0 | 0 | 0 | 0 | 0 | 0 | 0 | 0 | 56< | 1 | -4 | 2 | -4 | 2 | -4 | -4 | >-3 | 128 ]
[ -127 | -2 | 0 | 0 | 0 | 0 | 0 | 0 | 0 | 0 | 0 | 0 | 0 | 0 | 0 | 0 | 57< | 1 | -4 | 2 | -4 | 2 | -4 | -4 | >-3 | 128 ]
[ -127 | -2 | 0 | 0 | 0 | 0 | 0 | 0 | 0 | 0 | 0 | 0 | 0 | 0 | 0 | 0 | 58< | 1 | -4 | 2 | -4 | 2 | -4 | -4 | >-4 | 128 ]
[ -127 | -2 | 0 | 0 | 0 | 0 | 0 | 0 | 0 | 0 | 0 | 0 | 0 | 0 | 0 | 0 | 59< | 1 | -4 | 2 | -4 | 2 | -4 | -4 | -4 | >128 ]
[ -127 | -2 | 0 | 0 | 0 | 0 | 0 | 0 | 0 | 0 | 0 | 0 | 0 | 0 | 0 | 0 | 60< | 1 | -4 | 2 | -4 | 2 | -4 | -4 | -4 | >-127 ]
[ -127 | -2 | 0 | 0 | 0 | 0 | 0 | 0 | 0 | 0 | 0 | 0 | 0 | 0 | 0 | 0 | 61< | 1 | -4 | 2 | -4 | 2 | -4 | -4 | -4 | >-127 ]
[ -127 | -2 | 0 | 0 | 0 | 0 | 0 | 0 | 0 | 0 | 0 | 0 | 0 | 0 | 0 | 0 | 62< | 1 | -4 | 2 | -4 | 2 | -4 | -4 | -4 | >128 ]
[ >-127 | -2 | 0 | 0 | 0 | 0 | 0 | 0 | 0 | 0 | 0 | 0 | 0 | 0 | 0 | 0 | 63< | 1 | -4 | 2 | -4 | 2 | -4 | -4 | -4 | 128 ]

===== Plodder won the battle after 104 cycles =====



===== Starting battle of <MetaJSRandomBot> vs <Plodder> with memory tape size: 12 =====

[ >128 | 0 | 0 | 0 | 0 | 0 | 0 | 0 | 0 | 0 | 0 | 128< ]
[ >-127 | 0 | 0 | 0 | 0 | 0 | 0 | 0 | 0 | 0 | 0< | 128 ]
[ >-127 | 0 | 0 | 0 | 0 | 0 | 0 | 0 | 0 | 0 | -1< | 128 ]
[ >-127 | 0 | 0 | 0 | 0 | 0 | 0 | 0 | 0 | 0 | -2< | 128 ]
[ -127 | >0 | 0 | 0 | 0 | 0 | 0 | 0 | 0 | 0 | -3< | 128 ]
[ -127 | >-1 | 0 | 0 | 0 | 0 | 0 | 0 | 0 | 0 | -4< | 128 ]
[ -127 | >-1 | 0 | 0 | 0 | 0 | 0 | 0 | 0 | 0< | -4 | 128 ]
[ -127 | >-2 | 0 | 0 | 0 | 0 | 0 | 0 | 0 | -1< | -4 | 128 ]
[ -127 | -2 | >0 | 0 | 0 | 0 | 0 | 0 | 0 | -2< | -4 | 128 ]
[ -127 | -2 | >1 | 0 | 0 | 0 | 0 | 0 | 0 | -3< | -4 | 128 ]
[ -127 | -2 | >1 | 0 | 0 | 0 | 0 | 0 | 0 | -4< | -4 | 128 ]
[ -127 | -2 | >0 | 0 | 0 | 0 | 0 | 0 | 0< | -4 | -4 | 128 ]
[ -127 | -2 | 0 | >0 | 0 | 0 | 0 | 0 | -1< | -4 | -4 | 128 ]
[ -127 | -2 | 0 | >1 | 0 | 0 | 0 | 0 | -2< | -4 | -4 | 128 ]
[ -127 | -2 | 0 | >1 | 0 | 0 | 0 | 0 | -3< | -4 | -4 | 128 ]
[ -127 | -2 | 0 | >0 | 0 | 0 | 0 | 0 | -4< | -4 | -4 | 128 ]
[ -127 | -2 | 0 | 0 | >0 | 0 | 0 | 0< | -4 | -4 | -4 | 128 ]
[ -127 | -2 | 0 | 0 | >1 | 0 | 0 | 1< | -4 | -4 | -4 | 128 ]
[ -127 | -2 | 0 | 0 | >1 | 0 | 0 | 2< | -4 | -4 | -4 | 128 ]
[ -127 | -2 | 0 | 0 | >0 | 0 | 0< | 2 | -4 | -4 | -4 | 128 ]
[ -127 | -2 | 0 | 0 | 0 | >0 | -1< | 2 | -4 | -4 | -4 | 128 ]
[ -127 | -2 | 0 | 0 | 0 | >1 | -2< | 2 | -4 | -4 | -4 | 128 ]
[ -127 | -2 | 0 | 0 | 0 | >1< | -2 | 2 | -4 | -4 | -4 | 128 ]
[ -127 | -2 | 0 | 0 | 0 | >1< | -2 | 2 | -4 | -4 | -4 | 128 ]
[ -127 | -2 | 0 | 0 | 0< | 1 | >-2 | 2 | -4 | -4 | -4 | 128 ]
[ -127 | -2 | 0 | 0 | -1< | 1 | >-1 | 2 | -4 | -4 | -4 | 128 ]
[ -127 | -2 | 0 | 0 | -1 | 1< | >-1 | 2 | -4 | -4 | -4 | 128 ]
[ -127 | -2 | 0 | 0 | -1 | 1 | >-2< | 2 | -4 | -4 | -4 | 128 ]
[ -127 | -2 | 0 | 0 | -1 | 1 | -3< | >2 | -4 | -4 | -4 | 128 ]
[ -127 | -2 | 0 | 0 | -1 | 1 | -4< | >3 | -4 | -4 | -4 | 128 ]
[ -127 | -2 | 0 | 0 | -1 | 1< | -4 | >3 | -4 | -4 | -4 | 128 ]
[ -127 | -2 | 0 | 0 | -1 | 2< | -4 | >2 | -4 | -4 | -4 | 128 ]
[ -127 | -2 | 0 | 0 | -1< | 2 | -4 | 2 | >-4 | -4 | -4 | 128 ]
[ -127 | -2 | 0 | 0 | -2< | 2 | -4 | 2 | >-3 | -4 | -4 | 128 ]
[ -127 | -2 | 0 | 0 | -3< | 2 | -4 | 2 | >-3 | -4 | -4 | 128 ]
[ -127 | -2 | 0 | 0 | -4< | 2 | -4 | 2 | >-4 | -4 | -4 | 128 ]
[ -127 | -2 | 0 | 0< | -4 | 2 | -4 | 2 | -4 | >-4 | -4 | 128 ]
[ -127 | -2 | 0 | 1< | -4 | 2 | -4 | 2 | -4 | >-3 | -4 | 128 ]
[ -127 | -2 | 0< | 1 | -4 | 2 | -4 | 2 | -4 | >-3 | -4 | 128 ]
[ -127 | -2 | -1< | 1 | -4 | 2 | -4 | 2 | -4 | >-4 | -4 | 128 ]
[ -127 | -2 | -1< | 1 | -4 | 2 | -4 | 2 | -4 | -4 | >-4 | 128 ]
[ -127 | -2 | 0< | 1 | -4 | 2 | -4 | 2 | -4 | -4 | >-3 | 128 ]
[ -127 | -2 | 1< | 1 | -4 | 2 | -4 | 2 | -4 | -4 | >-3 | 128 ]
[ -127 | -2 | 2< | 1 | -4 | 2 | -4 | 2 | -4 | -4 | >-4 | 128 ]
[ -127 | -2 | 3< | 1 | -4 | 2 | -4 | 2 | -4 | -4 | -4 | >128 ]
[ -127 | -2 | 4< | 1 | -4 | 2 | -4 | 2 | -4 | -4 | -4 | >-127 ]
[ -127 | -2 | 5< | 1 | -4 | 2 | -4 | 2 | -4 | -4 | -4 | >-127 ]
[ -127 | -2 | 6< | 1 | -4 | 2 | -4 | 2 | -4 | -4 | -4 | >128 ]
[ >-127 | -2 | 7< | 1 | -4 | 2 | -4 | 2 | -4 | -4 | -4 | 128 ]

===== Plodder won the battle after 48 cycles =====



===== Starting battle of <MetaJSRandomBot> vs <Plodder> with memory tape size: 16 =====

[ >128 | 0 | 0 | 0 | 0 | 0 | 0 | 0 | 0 | 0 | 0 | 0 | 0 | 0 | 0 | 128< ]
[ >-127 | 0 | 0 | 0 | 0 | 0 | 0 | 0 | 0 | 0 | 0 | 0 | 0 | 0 | 0< | 128 ]
[ >-127 | 0 | 0 | 0 | 0 | 0 | 0 | 0 | 0 | 0 | 0 | 0 | 0 | 0 | -1< | 128 ]
[ >-127 | 0 | 0 | 0 | 0 | 0 | 0 | 0 | 0 | 0 | 0 | 0 | 0 | 0 | -2< | 128 ]
[ -127 | >0 | 0 | 0 | 0 | 0 | 0 | 0 | 0 | 0 | 0 | 0 | 0 | 0 | -3< | 128 ]
[ -127 | >-1 | 0 | 0 | 0 | 0 | 0 | 0 | 0 | 0 | 0 | 0 | 0 | 0 | -4< | 128 ]
[ -127 | >-1 | 0 | 0 | 0 | 0 | 0 | 0 | 0 | 0 | 0 | 0 | 0 | 0< | -4 | 128 ]
[ -127 | >-2 | 0 | 0 | 0 | 0 | 0 | 0 | 0 | 0 | 0 | 0 | 0 | -1< | -4 | 128 ]
[ -127 | -2 | >0 | 0 | 0 | 0 | 0 | 0 | 0 | 0 | 0 | 0 | 0 | -2< | -4 | 128 ]
[ -127 | -2 | >1 | 0 | 0 | 0 | 0 | 0 | 0 | 0 | 0 | 0 | 0 | -3< | -4 | 128 ]
[ -127 | -2 | >1 | 0 | 0 | 0 | 0 | 0 | 0 | 0 | 0 | 0 | 0 | -4< | -4 | 128 ]
[ -127 | -2 | >0 | 0 | 0 | 0 | 0 | 0 | 0 | 0 | 0 | 0 | 0< | -4 | -4 | 128 ]
[ -127 | -2 | 0 | >0 | 0 | 0 | 0 | 0 | 0 | 0 | 0 | 0 | -1< | -4 | -4 | 128 ]
[ -127 | -2 | 0 | >1 | 0 | 0 | 0 | 0 | 0 | 0 | 0 | 0 | -2< | -4 | -4 | 128 ]
[ -127 | -2 | 0 | >1 | 0 | 0 | 0 | 0 | 0 | 0 | 0 | 0 | -3< | -4 | -4 | 128 ]
[ -127 | -2 | 0 | >0 | 0 | 0 | 0 | 0 | 0 | 0 | 0 | 0 | -4< | -4 | -4 | 128 ]
[ -127 | -2 | 0 | 0 | >0 | 0 | 0 | 0 | 0 | 0 | 0 | 0< | -4 | -4 | -4 | 128 ]
[ -127 | -2 | 0 | 0 | >1 | 0 | 0 | 0 | 0 | 0 | 0 | 1< | -4 | -4 | -4 | 128 ]
[ -127 | -2 | 0 | 0 | >1 | 0 | 0 | 0 | 0 | 0 | 0 | 2< | -4 | -4 | -4 | 128 ]
[ -127 | -2 | 0 | 0 | >0 | 0 | 0 | 0 | 0 | 0 | 0< | 2 | -4 | -4 | -4 | 128 ]
[ -127 | -2 | 0 | 0 | 0 | >0 | 0 | 0 | 0 | 0 | -1< | 2 | -4 | -4 | -4 | 128 ]
[ -127 | -2 | 0 | 0 | 0 | >1 | 0 | 0 | 0 | 0 | -2< | 2 | -4 | -4 | -4 | 128 ]
[ -127 | -2 | 0 | 0 | 0 | >1 | 0 | 0 | 0 | 0< | -2 | 2 | -4 | -4 | -4 | 128 ]
[ -127 | -2 | 0 | 0 | 0 | >0 | 0 | 0 | 0 | 1< | -2 | 2 | -4 | -4 | -4 | 128 ]
[ -127 | -2 | 0 | 0 | 0 | 0 | >0 | 0 | 0< | 1 | -2 | 2 | -4 | -4 | -4 | 128 ]
[ -127 | -2 | 0 | 0 | 0 | 0 | >1 | 0 | -1< | 1 | -2 | 2 | -4 | -4 | -4 | 128 ]
[ -127 | -2 | 0 | 0 | 0 | 0 | >1 | 0 | -1 | 1< | -2 | 2 | -4 | -4 | -4 | 128 ]
[ -127 | -2 | 0 | 0 | 0 | 0 | >0 | 0 | -1 | 1 | -2< | 2 | -4 | -4 | -4 | 128 ]
[ -127 | -2 | 0 | 0 | 0 | 0 | 0 | >0 | -1 | 1 | -3< | 2 | -4 | -4 | -4 | 128 ]
[ -127 | -2 | 0 | 0 | 0 | 0 | 0 | >1 | -1 | 1 | -4< | 2 | -4 | -4 | -4 | 128 ]
[ -127 | -2 | 0 | 0 | 0 | 0 | 0 | >1 | -1 | 1< | -4 | 2 | -4 | -4 | -4 | 128 ]
[ -127 | -2 | 0 | 0 | 0 | 0 | 0 | >0 | -1 | 2< | -4 | 2 | -4 | -4 | -4 | 128 ]
[ -127 | -2 | 0 | 0 | 0 | 0 | 0 | 0 | >-1< | 2 | -4 | 2 | -4 | -4 | -4 | 128 ]
[ -127 | -2 | 0 | 0 | 0 | 0 | 0 | 0 | >-1< | 2 | -4 | 2 | -4 | -4 | -4 | 128 ]
[ -127 | -2 | 0 | 0 | 0 | 0 | 0 | 0 | >-2< | 2 | -4 | 2 | -4 | -4 | -4 | 128 ]
[ -127 | -2 | 0 | 0 | 0 | 0 | 0 | 0 | >-4< | 2 | -4 | 2 | -4 | -4 | -4 | 128 ]
[ -127 | -2 | 0 | 0 | 0 | 0 | 0 | 0< | -4 | >2 | -4 | 2 | -4 | -4 | -4 | 128 ]
[ -127 | -2 | 0 | 0 | 0 | 0 | 0 | 1< | -4 | >3 | -4 | 2 | -4 | -4 | -4 | 128 ]
[ -127 | -2 | 0 | 0 | 0 | 0 | 0< | 1 | -4 | >3 | -4 | 2 | -4 | -4 | -4 | 128 ]
[ -127 | -2 | 0 | 0 | 0 | 0 | -1< | 1 | -4 | >2 | -4 | 2 | -4 | -4 | -4 | 128 ]
[ -127 | -2 | 0 | 0 | 0 | 0 | -1< | 1 | -4 | 2 | >-4 | 2 | -4 | -4 | -4 | 128 ]
[ -127 | -2 | 0 | 0 | 0 | 0 | 0< | 1 | -4 | 2 | >-3 | 2 | -4 | -4 | -4 | 128 ]
[ -127 | -2 | 0 | 0 | 0 | 0 | 1< | 1 | -4 | 2 | >-3 | 2 | -4 | -4 | -4 | 128 ]
[ -127 | -2 | 0 | 0 | 0 | 0 | 2< | 1 | -4 | 2 | >-4 | 2 | -4 | -4 | -4 | 128 ]
[ -127 | -2 | 0 | 0 | 0 | 0 | 3< | 1 | -4 | 2 | -4 | >2 | -4 | -4 | -4 | 128 ]
[ -127 | -2 | 0 | 0 | 0 | 0 | 4< | 1 | -4 | 2 | -4 | >3 | -4 | -4 | -4 | 128 ]
[ -127 | -2 | 0 | 0 | 0 | 0 | 5< | 1 | -4 | 2 | -4 | >3 | -4 | -4 | -4 | 128 ]
[ -127 | -2 | 0 | 0 | 0 | 0 | 6< | 1 | -4 | 2 | -4 | >2 | -4 | -4 | -4 | 128 ]
[ -127 | -2 | 0 | 0 | 0 | 0 | 7< | 1 | -4 | 2 | -4 | 2 | >-4 | -4 | -4 | 128 ]
[ -127 | -2 | 0 | 0 | 0 | 0 | 8< | 1 | -4 | 2 | -4 | 2 | >-3 | -4 | -4 | 128 ]
[ -127 | -2 | 0 | 0 | 0 | 0 | 9< | 1 | -4 | 2 | -4 | 2 | >-3 | -4 | -4 | 128 ]
[ -127 | -2 | 0 | 0 | 0 | 0 | 10< | 1 | -4 | 2 | -4 | 2 | >-4 | -4 | -4 | 128 ]
[ -127 | -2 | 0 | 0 | 0 | 0 | 11< | 1 | -4 | 2 | -4 | 2 | -4 | >-4 | -4 | 128 ]
[ -127 | -2 | 0 | 0 | 0 | 0 | 12< | 1 | -4 | 2 | -4 | 2 | -4 | >-3 | -4 | 128 ]
[ -127 | -2 | 0 | 0 | 0 | 0 | 13< | 1 | -4 | 2 | -4 | 2 | -4 | >-3 | -4 | 128 ]
[ -127 | -2 | 0 | 0 | 0 | 0 | 14< | 1 | -4 | 2 | -4 | 2 | -4 | >-4 | -4 | 128 ]
[ -127 | -2 | 0 | 0 | 0 | 0 | 15< | 1 | -4 | 2 | -4 | 2 | -4 | -4 | >-4 | 128 ]
[ -127 | -2 | 0 | 0 | 0 | 0 | 16< | 1 | -4 | 2 | -4 | 2 | -4 | -4 | >-3 | 128 ]
[ -127 | -2 | 0 | 0 | 0 | 0 | 17< | 1 | -4 | 2 | -4 | 2 | -4 | -4 | >-3 | 128 ]
[ -127 | -2 | 0 | 0 | 0 | 0 | 18< | 1 | -4 | 2 | -4 | 2 | -4 | -4 | >-4 | 128 ]
[ -127 | -2 | 0 | 0 | 0 | 0 | 19< | 1 | -4 | 2 | -4 | 2 | -4 | -4 | -4 | >128 ]
[ -127 | -2 | 0 | 0 | 0 | 0 | 20< | 1 | -4 | 2 | -4 | 2 | -4 | -4 | -4 | >-127 ]
[ -127 | -2 | 0 | 0 | 0 | 0 | 21< | 1 | -4 | 2 | -4 | 2 | -4 | -4 | -4 | >-127 ]
[ -127 | -2 | 0 | 0 | 0 | 0 | 22< | 1 | -4 | 2 | -4 | 2 | -4 | -4 | -4 | >128 ]
[ >-127 | -2 | 0 | 0 | 0 | 0 | 23< | 1 | -4 | 2 | -4 | 2 | -4 | -4 | -4 | 128 ]

===== Plodder won the battle after 64 cycles =====



===== Starting battle of <MetaJSRandomBot> vs <Plodder> with memory tape size: 19 =====

[ >128 | 0 | 0 | 0 | 0 | 0 | 0 | 0 | 0 | 0 | 0 | 0 | 0 | 0 | 0 | 0 | 0 | 0 | 128< ]
[ >-127 | 0 | 0 | 0 | 0 | 0 | 0 | 0 | 0 | 0 | 0 | 0 | 0 | 0 | 0 | 0 | 0 | 0< | 128 ]
[ >-127 | 0 | 0 | 0 | 0 | 0 | 0 | 0 | 0 | 0 | 0 | 0 | 0 | 0 | 0 | 0 | 0 | -1< | 128 ]
[ >-127 | 0 | 0 | 0 | 0 | 0 | 0 | 0 | 0 | 0 | 0 | 0 | 0 | 0 | 0 | 0 | 0 | -2< | 128 ]
[ -127 | >0 | 0 | 0 | 0 | 0 | 0 | 0 | 0 | 0 | 0 | 0 | 0 | 0 | 0 | 0 | 0 | -3< | 128 ]
[ -127 | >-1 | 0 | 0 | 0 | 0 | 0 | 0 | 0 | 0 | 0 | 0 | 0 | 0 | 0 | 0 | 0 | -4< | 128 ]
[ -127 | >-1 | 0 | 0 | 0 | 0 | 0 | 0 | 0 | 0 | 0 | 0 | 0 | 0 | 0 | 0 | 0< | -4 | 128 ]
[ -127 | >-2 | 0 | 0 | 0 | 0 | 0 | 0 | 0 | 0 | 0 | 0 | 0 | 0 | 0 | 0 | -1< | -4 | 128 ]
[ -127 | -2 | >0 | 0 | 0 | 0 | 0 | 0 | 0 | 0 | 0 | 0 | 0 | 0 | 0 | 0 | -2< | -4 | 128 ]
[ -127 | -2 | >1 | 0 | 0 | 0 | 0 | 0 | 0 | 0 | 0 | 0 | 0 | 0 | 0 | 0 | -3< | -4 | 128 ]
[ -127 | -2 | >1 | 0 | 0 | 0 | 0 | 0 | 0 | 0 | 0 | 0 | 0 | 0 | 0 | 0 | -4< | -4 | 128 ]
[ -127 | -2 | >0 | 0 | 0 | 0 | 0 | 0 | 0 | 0 | 0 | 0 | 0 | 0 | 0 | 0< | -4 | -4 | 128 ]
[ -127 | -2 | 0 | >0 | 0 | 0 | 0 | 0 | 0 | 0 | 0 | 0 | 0 | 0 | 0 | -1< | -4 | -4 | 128 ]
[ -127 | -2 | 0 | >1 | 0 | 0 | 0 | 0 | 0 | 0 | 0 | 0 | 0 | 0 | 0 | -2< | -4 | -4 | 128 ]
[ -127 | -2 | 0 | >1 | 0 | 0 | 0 | 0 | 0 | 0 | 0 | 0 | 0 | 0 | 0 | -3< | -4 | -4 | 128 ]
[ -127 | -2 | 0 | >0 | 0 | 0 | 0 | 0 | 0 | 0 | 0 | 0 | 0 | 0 | 0 | -4< | -4 | -4 | 128 ]
[ -127 | -2 | 0 | 0 | >0 | 0 | 0 | 0 | 0 | 0 | 0 | 0 | 0 | 0 | 0< | -4 | -4 | -4 | 128 ]
[ -127 | -2 | 0 | 0 | >1 | 0 | 0 | 0 | 0 | 0 | 0 | 0 | 0 | 0 | 1< | -4 | -4 | -4 | 128 ]
[ -127 | -2 | 0 | 0 | >1 | 0 | 0 | 0 | 0 | 0 | 0 | 0 | 0 | 0 | 2< | -4 | -4 | -4 | 128 ]
[ -127 | -2 | 0 | 0 | >0 | 0 | 0 | 0 | 0 | 0 | 0 | 0 | 0 | 0< | 2 | -4 | -4 | -4 | 128 ]
[ -127 | -2 | 0 | 0 | 0 | >0 | 0 | 0 | 0 | 0 | 0 | 0 | 0 | -1< | 2 | -4 | -4 | -4 | 128 ]
[ -127 | -2 | 0 | 0 | 0 | >1 | 0 | 0 | 0 | 0 | 0 | 0 | 0 | -2< | 2 | -4 | -4 | -4 | 128 ]
[ -127 | -2 | 0 | 0 | 0 | >1 | 0 | 0 | 0 | 0 | 0 | 0 | 0< | -2 | 2 | -4 | -4 | -4 | 128 ]
[ -127 | -2 | 0 | 0 | 0 | >0 | 0 | 0 | 0 | 0 | 0 | 0 | 1< | -2 | 2 | -4 | -4 | -4 | 128 ]
[ -127 | -2 | 0 | 0 | 0 | 0 | >0 | 0 | 0 | 0 | 0 | 0< | 1 | -2 | 2 | -4 | -4 | -4 | 128 ]
[ -127 | -2 | 0 | 0 | 0 | 0 | >1 | 0 | 0 | 0 | 0 | -1< | 1 | -2 | 2 | -4 | -4 | -4 | 128 ]
[ -127 | -2 | 0 | 0 | 0 | 0 | >1 | 0 | 0 | 0 | 0 | -1 | 1< | -2 | 2 | -4 | -4 | -4 | 128 ]
[ -127 | -2 | 0 | 0 | 0 | 0 | >0 | 0 | 0 | 0 | 0 | -1 | 1 | -2< | 2 | -4 | -4 | -4 | 128 ]
[ -127 | -2 | 0 | 0 | 0 | 0 | 0 | >0 | 0 | 0 | 0 | -1 | 1 | -3< | 2 | -4 | -4 | -4 | 128 ]
[ -127 | -2 | 0 | 0 | 0 | 0 | 0 | >1 | 0 | 0 | 0 | -1 | 1 | -4< | 2 | -4 | -4 | -4 | 128 ]
[ -127 | -2 | 0 | 0 | 0 | 0 | 0 | >1 | 0 | 0 | 0 | -1 | 1< | -4 | 2 | -4 | -4 | -4 | 128 ]
[ -127 | -2 | 0 | 0 | 0 | 0 | 0 | >0 | 0 | 0 | 0 | -1 | 2< | -4 | 2 | -4 | -4 | -4 | 128 ]
[ -127 | -2 | 0 | 0 | 0 | 0 | 0 | 0 | >0 | 0 | 0 | -1< | 2 | -4 | 2 | -4 | -4 | -4 | 128 ]
[ -127 | -2 | 0 | 0 | 0 | 0 | 0 | 0 | >1 | 0 | 0 | -2< | 2 | -4 | 2 | -4 | -4 | -4 | 128 ]
[ -127 | -2 | 0 | 0 | 0 | 0 | 0 | 0 | >1 | 0 | 0 | -3< | 2 | -4 | 2 | -4 | -4 | -4 | 128 ]
[ -127 | -2 | 0 | 0 | 0 | 0 | 0 | 0 | >0 | 0 | 0 | -4< | 2 | -4 | 2 | -4 | -4 | -4 | 128 ]
[ -127 | -2 | 0 | 0 | 0 | 0 | 0 | 0 | 0 | >0 | 0< | -4 | 2 | -4 | 2 | -4 | -4 | -4 | 128 ]
[ -127 | -2 | 0 | 0 | 0 | 0 | 0 | 0 | 0 | >1 | 1< | -4 | 2 | -4 | 2 | -4 | -4 | -4 | 128 ]
[ -127 | -2 | 0 | 0 | 0 | 0 | 0 | 0 | 0 | >1< | 1 | -4 | 2 | -4 | 2 | -4 | -4 | -4 | 128 ]
[ -127 | -2 | 0 | 0 | 0 | 0 | 0 | 0 | 0 | >-1< | 1 | -4 | 2 | -4 | 2 | -4 | -4 | -4 | 128 ]
[ -127 | -2 | 0 | 0 | 0 | 0 | 0 | 0 | 0 | -1< | >1 | -4 | 2 | -4 | 2 | -4 | -4 | -4 | 128 ]
[ -127 | -2 | 0 | 0 | 0 | 0 | 0 | 0 | 0 | 0< | >2 | -4 | 2 | -4 | 2 | -4 | -4 | -4 | 128 ]
[ -127 | -2 | 0 | 0 | 0 | 0 | 0 | 0 | 0 | 1< | >2 | -4 | 2 | -4 | 2 | -4 | -4 | -4 | 128 ]
[ -127 | -2 | 0 | 0 | 0 | 0 | 0 | 0 | 0 | 2< | >1 | -4 | 2 | -4 | 2 | -4 | -4 | -4 | 128 ]
[ -127 | -2 | 0 | 0 | 0 | 0 | 0 | 0 | 0 | 3< | 1 | >-4 | 2 | -4 | 2 | -4 | -4 | -4 | 128 ]
[ -127 | -2 | 0 | 0 | 0 | 0 | 0 | 0 | 0 | 4< | 1 | >-3 | 2 | -4 | 2 | -4 | -4 | -4 | 128 ]
[ -127 | -2 | 0 | 0 | 0 | 0 | 0 | 0 | 0 | 5< | 1 | >-3 | 2 | -4 | 2 | -4 | -4 | -4 | 128 ]
[ -127 | -2 | 0 | 0 | 0 | 0 | 0 | 0 | 0 | 6< | 1 | >-4 | 2 | -4 | 2 | -4 | -4 | -4 | 128 ]
[ -127 | -2 | 0 | 0 | 0 | 0 | 0 | 0 | 0 | 7< | 1 | -4 | >2 | -4 | 2 | -4 | -4 | -4 | 128 ]
[ -127 | -2 | 0 | 0 | 0 | 0 | 0 | 0 | 0 | 8< | 1 | -4 | >3 | -4 | 2 | -4 | -4 | -4 | 128 ]
[ -127 | -2 | 0 | 0 | 0 | 0 | 0 | 0 | 0 | 9< | 1 | -4 | >3 | -4 | 2 | -4 | -4 | -4 | 128 ]
[ -127 | -2 | 0 | 0 | 0 | 0 | 0 | 0 | 0 | 10< | 1 | -4 | >2 | -4 | 2 | -4 | -4 | -4 | 128 ]
[ -127 | -2 | 0 | 0 | 0 | 0 | 0 | 0 | 0 | 11< | 1 | -4 | 2 | >-4 | 2 | -4 | -4 | -4 | 128 ]
[ -127 | -2 | 0 | 0 | 0 | 0 | 0 | 0 | 0 | 12< | 1 | -4 | 2 | >-3 | 2 | -4 | -4 | -4 | 128 ]
[ -127 | -2 | 0 | 0 | 0 | 0 | 0 | 0 | 0 | 13< | 1 | -4 | 2 | >-3 | 2 | -4 | -4 | -4 | 128 ]
[ -127 | -2 | 0 | 0 | 0 | 0 | 0 | 0 | 0 | 14< | 1 | -4 | 2 | >-4 | 2 | -4 | -4 | -4 | 128 ]
[ -127 | -2 | 0 | 0 | 0 | 0 | 0 | 0 | 0 | 15< | 1 | -4 | 2 | -4 | >2 | -4 | -4 | -4 | 128 ]
[ -127 | -2 | 0 | 0 | 0 | 0 | 0 | 0 | 0 | 16< | 1 | -4 | 2 | -4 | >3 | -4 | -4 | -4 | 128 ]
[ -127 | -2 | 0 | 0 | 0 | 0 | 0 | 0 | 0 | 17< | 1 | -4 | 2 | -4 | >3 | -4 | -4 | -4 | 128 ]
[ -127 | -2 | 0 | 0 | 0 | 0 | 0 | 0 | 0 | 18< | 1 | -4 | 2 | -4 | >2 | -4 | -4 | -4 | 128 ]
[ -127 | -2 | 0 | 0 | 0 | 0 | 0 | 0 | 0 | 19< | 1 | -4 | 2 | -4 | 2 | >-4 | -4 | -4 | 128 ]
[ -127 | -2 | 0 | 0 | 0 | 0 | 0 | 0 | 0 | 20< | 1 | -4 | 2 | -4 | 2 | >-3 | -4 | -4 | 128 ]
[ -127 | -2 | 0 | 0 | 0 | 0 | 0 | 0 | 0 | 21< | 1 | -4 | 2 | -4 | 2 | >-3 | -4 | -4 | 128 ]
[ -127 | -2 | 0 | 0 | 0 | 0 | 0 | 0 | 0 | 22< | 1 | -4 | 2 | -4 | 2 | >-4 | -4 | -4 | 128 ]
[ -127 | -2 | 0 | 0 | 0 | 0 | 0 | 0 | 0 | 23< | 1 | -4 | 2 | -4 | 2 | -4 | >-4 | -4 | 128 ]
[ -127 | -2 | 0 | 0 | 0 | 0 | 0 | 0 | 0 | 24< | 1 | -4 | 2 | -4 | 2 | -4 | >-3 | -4 | 128 ]
[ -127 | -2 | 0 | 0 | 0 | 0 | 0 | 0 | 0 | 25< | 1 | -4 | 2 | -4 | 2 | -4 | >-3 | -4 | 128 ]
[ -127 | -2 | 0 | 0 | 0 | 0 | 0 | 0 | 0 | 26< | 1 | -4 | 2 | -4 | 2 | -4 | >-4 | -4 | 128 ]
[ -127 | -2 | 0 | 0 | 0 | 0 | 0 | 0 | 0 | 27< | 1 | -4 | 2 | -4 | 2 | -4 | -4 | >-4 | 128 ]
[ -127 | -2 | 0 | 0 | 0 | 0 | 0 | 0 | 0 | 28< | 1 | -4 | 2 | -4 | 2 | -4 | -4 | >-3 | 128 ]
[ -127 | -2 | 0 | 0 | 0 | 0 | 0 | 0 | 0 | 29< | 1 | -4 | 2 | -4 | 2 | -4 | -4 | >-3 | 128 ]
[ -127 | -2 | 0 | 0 | 0 | 0 | 0 | 0 | 0 | 30< | 1 | -4 | 2 | -4 | 2 | -4 | -4 | >-4 | 128 ]
[ -127 | -2 | 0 | 0 | 0 | 0 | 0 | 0 | 0 | 31< | 1 | -4 | 2 | -4 | 2 | -4 | -4 | -4 | >128 ]
[ -127 | -2 | 0 | 0 | 0 | 0 | 0 | 0 | 0 | 32< | 1 | -4 | 2 | -4 | 2 | -4 | -4 | -4 | >-127 ]
[ -127 | -2 | 0 | 0 | 0 | 0 | 0 | 0 | 0 | 33< | 1 | -4 | 2 | -4 | 2 | -4 | -4 | -4 | >-127 ]
[ -127 | -2 | 0 | 0 | 0 | 0 | 0 | 0 | 0 | 34< | 1 | -4 | 2 | -4 | 2 | -4 | -4 | -4 | >128 ]
[ >-127 | -2 | 0 | 0 | 0 | 0 | 0 | 0 | 0 | 35< | 1 | -4 | 2 | -4 | 2 | -4 | -4 | -4 | 128 ]

===== Plodder won the battle after 76 cycles =====



===== MetaJSRandomBot.bf vs. Plodder.bf finished with 0:10 =====