===== Starting battle of <MetaJSRandomBot> vs <ScaredyBot> with memory tape size: 14 =====

[ >128 | 0 | 0 | 0 | 0 | 0 | 0 | 0 | 0 | 0 | 0 | 0 | 0 | 128< ]
[ >-127 | 0 | 0 | 0 | 0 | 0 | 0 | 0 | 0 | 0 | 0 | 0 | 0< | 128 ]
[ >-127 | 0 | 0 | 0 | 0 | 0 | 0 | 0 | 0 | 0 | 0 | 0 | 1< | 128 ]
[ >-127 | 0 | 0 | 0 | 0 | 0 | 0 | 0 | 0 | 0 | 0 | 0< | 1 | 128 ]
[ -127 | >0 | 0 | 0 | 0 | 0 | 0 | 0 | 0 | 0 | 0 | -1< | 1 | 128 ]
[ -127 | >-1 | 0 | 0 | 0 | 0 | 0 | 0 | 0 | 0 | 0 | -2< | 1 | 128 ]
[ -127 | >-1 | 0 | 0 | 0 | 0 | 0 | 0 | 0 | 0 | 0 | -3< | 1 | 128 ]
[ -127 | >-2 | 0 | 0 | 0 | 0 | 0 | 0 | 0 | 0 | 0 | -4< | 1 | 128 ]
[ -127 | -2 | >0 | 0 | 0 | 0 | 0 | 0 | 0 | 0 | 0 | -5< | 1 | 128 ]
[ -127 | -2 | >1 | 0 | 0 | 0 | 0 | 0 | 0 | 0 | 0 | -6< | 1 | 128 ]
[ -127 | -2 | >1 | 0 | 0 | 0 | 0 | 0 | 0 | 0 | 0 | -7< | 1 | 128 ]
[ -127 | -2 | >0 | 0 | 0 | 0 | 0 | 0 | 0 | 0 | 0 | -8< | 1 | 128 ]
[ -127 | -2 | 0 | >0 | 0 | 0 | 0 | 0 | 0 | 0 | 0< | -8 | 1 | 128 ]
[ -127 | -2 | 0 | >1 | 0 | 0 | 0 | 0 | 0 | 0 | 1< | -8 | 1 | 128 ]
[ -127 | -2 | 0 | >1 | 0 | 0 | 0 | 0 | 0 | 0 | 2< | -8 | 1 | 128 ]
[ -127 | -2 | 0 | >0 | 0 | 0 | 0 | 0 | 0 | 0 | 3< | -8 | 1 | 128 ]
[ -127 | -2 | 0 | 0 | >0 | 0 | 0 | 0 | 0 | 0 | 4< | -8 | 1 | 128 ]
[ -127 | -2 | 0 | 0 | >1 | 0 | 0 | 0 | 0 | 0 | 5< | -8 | 1 | 128 ]
[ -127 | -2 | 0 | 0 | >1 | 0 | 0 | 0 | 0 | 0 | 6< | -8 | 1 | 128 ]
[ -127 | -2 | 0 | 0 | >0 | 0 | 0 | 0 | 0 | 0 | 7< | -8 | 1 | 128 ]
[ -127 | -2 | 0 | 0 | 0 | >0 | 0 | 0 | 0 | 0 | 7 | -8< | 1 | 128 ]
[ -127 | -2 | 0 | 0 | 0 | >1 | 0 | 0 | 0 | 0 | 7 | -8 | 1< | 128 ]
[ -127 | -2 | 0 | 0 | 0 | >1 | 0 | 0 | 0 | 0 | 7 | -8 | 2< | 128 ]
[ -127 | -2 | 0 | 0 | 0 | >0 | 0 | 0 | 0 | 0 | 7 | -8 | 3< | 128 ]
[ -127 | -2 | 0 | 0 | 0 | 0 | >0 | 0 | 0 | 0 | 7 | -8 | 4< | 128 ]
[ -127 | -2 | 0 | 0 | 0 | 0 | >1 | 0 | 0 | 0 | 7 | -8 | 5< | 128 ]
[ -127 | -2 | 0 | 0 | 0 | 0 | >1 | 0 | 0 | 0 | 7 | -8 | 6< | 128 ]
[ -127 | -2 | 0 | 0 | 0 | 0 | >0 | 0 | 0 | 0 | 7 | -8 | 7< | 128 ]
[ -127 | -2 | 0 | 0 | 0 | 0 | 0 | >0 | 0 | 0 | 7 | -8 | 8< | 128 ]
[ -127 | -2 | 0 | 0 | 0 | 0 | 0 | >1 | 0 | 0 | 7 | -8 | 9< | 128 ]
[ -127 | -2 | 0 | 0 | 0 | 0 | 0 | >1 | 0 | 0 | 7 | -8 | 10< | 128 ]
[ -127 | -2 | 0 | 0 | 0 | 0 | 0 | >0 | 0 | 0 | 7 | -8 | 11< | 128 ]
[ -127 | -2 | 0 | 0 | 0 | 0 | 0 | 0 | >0 | 0 | 7 | -8 | 12< | 128 ]
[ -127 | -2 | 0 | 0 | 0 | 0 | 0 | 0 | >1 | 0 | 7 | -8 | 13< | 128 ]
[ -127 | -2 | 0 | 0 | 0 | 0 | 0 | 0 | >1 | 0 | 7 | -8 | 14< | 128 ]
[ -127 | -2 | 0 | 0 | 0 | 0 | 0 | 0 | >0 | 0 | 7 | -8 | 15< | 128 ]
[ -127 | -2 | 0 | 0 | 0 | 0 | 0 | 0 | 0 | >0 | 7 | -8 | 16< | 128 ]
[ -127 | -2 | 0 | 0 | 0 | 0 | 0 | 0 | 0 | >1 | 7 | -8 | 17< | 128 ]
[ -127 | -2 | 0 | 0 | 0 | 0 | 0 | 0 | 0 | >1 | 7 | -8 | 18< | 128 ]
[ -127 | -2 | 0 | 0 | 0 | 0 | 0 | 0 | 0 | >0 | 7 | -8 | 19< | 128 ]
[ -127 | -2 | 0 | 0 | 0 | 0 | 0 | 0 | 0 | 0 | >7 | -8 | 20< | 128 ]
[ -127 | -2 | 0 | 0 | 0 | 0 | 0 | 0 | 0 | 0 | >8 | -8 | 21< | 128 ]
[ -127 | -2 | 0 | 0 | 0 | 0 | 0 | 0 | 0 | 0 | >8 | -8 | 22< | 128 ]
[ -127 | -2 | 0 | 0 | 0 | 0 | 0 | 0 | 0 | 0 | >7 | -8 | 23< | 128 ]
[ -127 | -2 | 0 | 0 | 0 | 0 | 0 | 0 | 0 | 0 | 7 | >-8 | 24< | 128 ]
[ -127 | -2 | 0 | 0 | 0 | 0 | 0 | 0 | 0 | 0 | 7 | >-7 | 25< | 128 ]
[ -127 | -2 | 0 | 0 | 0 | 0 | 0 | 0 | 0 | 0 | 7 | >-7 | 26< | 128 ]
[ -127 | -2 | 0 | 0 | 0 | 0 | 0 | 0 | 0 | 0 | 7 | >-8 | 27< | 128 ]
[ -127 | -2 | 0 | 0 | 0 | 0 | 0 | 0 | 0 | 0 | 7 | -8 | >28< | 128 ]
[ -127 | -2 | 0 | 0 | 0 | 0 | 0 | 0 | 0 | 0 | 7 | -8 | >30< | 128 ]
[ -127 | -2 | 0 | 0 | 0 | 0 | 0 | 0 | 0 | 0 | 7 | -8 | >31< | 128 ]
[ -127 | -2 | 0 | 0 | 0 | 0 | 0 | 0 | 0 | 0 | 7 | -8 | >31< | 128 ]
[ -127 | -2 | 0 | 0 | 0 | 0 | 0 | 0 | 0 | 0 | 7 | -8 | 32< | >128 ]
[ -127 | -2 | 0 | 0 | 0 | 0 | 0 | 0 | 0 | 0 | 7 | -8 | 33< | >-127 ]
[ -127 | -2 | 0 | 0 | 0 | 0 | 0 | 0 | 0 | 0 | 7 | -8 | 34< | >-127 ]
[ -127 | -2 | 0 | 0 | 0 | 0 | 0 | 0 | 0 | 0 | 7 | -8 | 35< | >128 ]
[ >-127 | -2 | 0 | 0 | 0 | 0 | 0 | 0 | 0 | 0 | 7 | -8 | 36< | 128 ]

===== ScaredyBot won the battle after 56 cycles =====



===== Starting battle of <MetaJSRandomBot> vs <ScaredyBot> with memory tape size: 12 =====

[ >128 | 0 | 0 | 0 | 0 | 0 | 0 | 0 | 0 | 0 | 0 | 128< ]
[ >-127 | 0 | 0 | 0 | 0 | 0 | 0 | 0 | 0 | 0 | 0< | 128 ]
[ >-127 | 0 | 0 | 0 | 0 | 0 | 0 | 0 | 0 | 0 | 1< | 128 ]
[ >-127 | 0 | 0 | 0 | 0 | 0 | 0 | 0 | 0 | 0< | 1 | 128 ]
[ -127 | >0 | 0 | 0 | 0 | 0 | 0 | 0 | 0 | -1< | 1 | 128 ]
[ -127 | >-1 | 0 | 0 | 0 | 0 | 0 | 0 | 0 | -2< | 1 | 128 ]
[ -127 | >-1 | 0 | 0 | 0 | 0 | 0 | 0 | 0 | -3< | 1 | 128 ]
[ -127 | >-2 | 0 | 0 | 0 | 0 | 0 | 0 | 0 | -4< | 1 | 128 ]
[ -127 | -2 | >0 | 0 | 0 | 0 | 0 | 0 | 0 | -5< | 1 | 128 ]
[ -127 | -2 | >1 | 0 | 0 | 0 | 0 | 0 | 0 | -6< | 1 | 128 ]
[ -127 | -2 | >1 | 0 | 0 | 0 | 0 | 0 | 0 | -7< | 1 | 128 ]
[ -127 | -2 | >0 | 0 | 0 | 0 | 0 | 0 | 0 | -8< | 1 | 128 ]
[ -127 | -2 | 0 | >0 | 0 | 0 | 0 | 0 | 0< | -8 | 1 | 128 ]
[ -127 | -2 | 0 | >1 | 0 | 0 | 0 | 0 | 1< | -8 | 1 | 128 ]
[ -127 | -2 | 0 | >1 | 0 | 0 | 0 | 0 | 2< | -8 | 1 | 128 ]
[ -127 | -2 | 0 | >0 | 0 | 0 | 0 | 0 | 3< | -8 | 1 | 128 ]
[ -127 | -2 | 0 | 0 | >0 | 0 | 0 | 0 | 4< | -8 | 1 | 128 ]
[ -127 | -2 | 0 | 0 | >1 | 0 | 0 | 0 | 5< | -8 | 1 | 128 ]
[ -127 | -2 | 0 | 0 | >1 | 0 | 0 | 0 | 6< | -8 | 1 | 128 ]
[ -127 | -2 | 0 | 0 | >0 | 0 | 0 | 0 | 7< | -8 | 1 | 128 ]
[ -127 | -2 | 0 | 0 | 0 | >0 | 0 | 0 | 7 | -8< | 1 | 128 ]
[ -127 | -2 | 0 | 0 | 0 | >1 | 0 | 0 | 7 | -8 | 1< | 128 ]
[ -127 | -2 | 0 | 0 | 0 | >1 | 0 | 0 | 7 | -8 | 2< | 128 ]
[ -127 | -2 | 0 | 0 | 0 | >0 | 0 | 0 | 7 | -8 | 3< | 128 ]
[ -127 | -2 | 0 | 0 | 0 | 0 | >0 | 0 | 7 | -8 | 4< | 128 ]
[ -127 | -2 | 0 | 0 | 0 | 0 | >1 | 0 | 7 | -8 | 5< | 128 ]
[ -127 | -2 | 0 | 0 | 0 | 0 | >1 | 0 | 7 | -8 | 6< | 128 ]
[ -127 | -2 | 0 | 0 | 0 | 0 | >0 | 0 | 7 | -8 | 7< | 128 ]
[ -127 | -2 | 0 | 0 | 0 | 0 | 0 | >0 | 7 | -8 | 8< | 128 ]
[ -127 | -2 | 0 | 0 | 0 | 0 | 0 | >1 | 7 | -8 | 9< | 128 ]
[ -127 | -2 | 0 | 0 | 0 | 0 | 0 | >1 | 7 | -8 | 10< | 128 ]
[ -127 | -2 | 0 | 0 | 0 | 0 | 0 | >0 | 7 | -8 | 11< | 128 ]
[ -127 | -2 | 0 | 0 | 0 | 0 | 0 | 0 | >7 | -8 | 12< | 128 ]
[ -127 | -2 | 0 | 0 | 0 | 0 | 0 | 0 | >8 | -8 | 13< | 128 ]
[ -127 | -2 | 0 | 0 | 0 | 0 | 0 | 0 | >8 | -8 | 14< | 128 ]
[ -127 | -2 | 0 | 0 | 0 | 0 | 0 | 0 | >7 | -8 | 15< | 128 ]
[ -127 | -2 | 0 | 0 | 0 | 0 | 0 | 0 | 7 | >-8 | 16< | 128 ]
[ -127 | -2 | 0 | 0 | 0 | 0 | 0 | 0 | 7 | >-7 | 17< | 128 ]
[ -127 | -2 | 0 | 0 | 0 | 0 | 0 | 0 | 7 | >-7 | 18< | 128 ]
[ -127 | -2 | 0 | 0 | 0 | 0 | 0 | 0 | 7 | >-8 | 19< | 128 ]
[ -127 | -2 | 0 | 0 | 0 | 0 | 0 | 0 | 7 | -8 | >20< | 128 ]
[ -127 | -2 | 0 | 0 | 0 | 0 | 0 | 0 | 7 | -8 | >22< | 128 ]
[ -127 | -2 | 0 | 0 | 0 | 0 | 0 | 0 | 7 | -8 | >23< | 128 ]
[ -127 | -2 | 0 | 0 | 0 | 0 | 0 | 0 | 7 | -8 | >23< | 128 ]
[ -127 | -2 | 0 | 0 | 0 | 0 | 0 | 0 | 7 | -8 | 24< | >128 ]
[ -127 | -2 | 0 | 0 | 0 | 0 | 0 | 0 | 7 | -8 | 25< | >-127 ]
[ -127 | -2 | 0 | 0 | 0 | 0 | 0 | 0 | 7 | -8 | 26< | >-127 ]
[ -127 | -2 | 0 | 0 | 0 | 0 | 0 | 0 | 7 | -8 | 27< | >128 ]
[ >-127 | -2 | 0 | 0 | 0 | 0 | 0 | 0 | 7 | -8 | 28< | 128 ]

===== ScaredyBot won the battle after 48 cycles =====



===== Starting battle of <MetaJSRandomBot> vs <ScaredyBot> with memory tape size: 13 =====

[ >128 | 0 | 0 | 0 | 0 | 0 | 0 | 0 | 0 | 0 | 0 | 0 | 128< ]
[ >-127 | 0 | 0 | 0 | 0 | 0 | 0 | 0 | 0 | 0 | 0 | 0< | 128 ]
[ >-127 | 0 | 0 | 0 | 0 | 0 | 0 | 0 | 0 | 0 | 0 | 1< | 128 ]
[ >-127 | 0 | 0 | 0 | 0 | 0 | 0 | 0 | 0 | 0 | 0< | 1 | 128 ]
[ -127 | >0 | 0 | 0 | 0 | 0 | 0 | 0 | 0 | 0 | -1< | 1 | 128 ]
[ -127 | >-1 | 0 | 0 | 0 | 0 | 0 | 0 | 0 | 0 | -2< | 1 | 128 ]
[ -127 | >-1 | 0 | 0 | 0 | 0 | 0 | 0 | 0 | 0 | -3< | 1 | 128 ]
[ -127 | >-2 | 0 | 0 | 0 | 0 | 0 | 0 | 0 | 0 | -4< | 1 | 128 ]
[ -127 | -2 | >0 | 0 | 0 | 0 | 0 | 0 | 0 | 0 | -5< | 1 | 128 ]
[ -127 | -2 | >1 | 0 | 0 | 0 | 0 | 0 | 0 | 0 | -6< | 1 | 128 ]
[ -127 | -2 | >1 | 0 | 0 | 0 | 0 | 0 | 0 | 0 | -7< | 1 | 128 ]
[ -127 | -2 | >0 | 0 | 0 | 0 | 0 | 0 | 0 | 0 | -8< | 1 | 128 ]
[ -127 | -2 | 0 | >0 | 0 | 0 | 0 | 0 | 0 | 0< | -8 | 1 | 128 ]
[ -127 | -2 | 0 | >1 | 0 | 0 | 0 | 0 | 0 | 1< | -8 | 1 | 128 ]
[ -127 | -2 | 0 | >1 | 0 | 0 | 0 | 0 | 0 | 2< | -8 | 1 | 128 ]
[ -127 | -2 | 0 | >0 | 0 | 0 | 0 | 0 | 0 | 3< | -8 | 1 | 128 ]
[ -127 | -2 | 0 | 0 | >0 | 0 | 0 | 0 | 0 | 4< | -8 | 1 | 128 ]
[ -127 | -2 | 0 | 0 | >1 | 0 | 0 | 0 | 0 | 5< | -8 | 1 | 128 ]
[ -127 | -2 | 0 | 0 | >1 | 0 | 0 | 0 | 0 | 6< | -8 | 1 | 128 ]
[ -127 | -2 | 0 | 0 | >0 | 0 | 0 | 0 | 0 | 7< | -8 | 1 | 128 ]
[ -127 | -2 | 0 | 0 | 0 | >0 | 0 | 0 | 0 | 7 | -8< | 1 | 128 ]
[ -127 | -2 | 0 | 0 | 0 | >1 | 0 | 0 | 0 | 7 | -8 | 1< | 128 ]
[ -127 | -2 | 0 | 0 | 0 | >1 | 0 | 0 | 0 | 7 | -8 | 2< | 128 ]
[ -127 | -2 | 0 | 0 | 0 | >0 | 0 | 0 | 0 | 7 | -8 | 3< | 128 ]
[ -127 | -2 | 0 | 0 | 0 | 0 | >0 | 0 | 0 | 7 | -8 | 4< | 128 ]
[ -127 | -2 | 0 | 0 | 0 | 0 | >1 | 0 | 0 | 7 | -8 | 5< | 128 ]
[ -127 | -2 | 0 | 0 | 0 | 0 | >1 | 0 | 0 | 7 | -8 | 6< | 128 ]
[ -127 | -2 | 0 | 0 | 0 | 0 | >0 | 0 | 0 | 7 | -8 | 7< | 128 ]
[ -127 | -2 | 0 | 0 | 0 | 0 | 0 | >0 | 0 | 7 | -8 | 8< | 128 ]
[ -127 | -2 | 0 | 0 | 0 | 0 | 0 | >1 | 0 | 7 | -8 | 9< | 128 ]
[ -127 | -2 | 0 | 0 | 0 | 0 | 0 | >1 | 0 | 7 | -8 | 10< | 128 ]
[ -127 | -2 | 0 | 0 | 0 | 0 | 0 | >0 | 0 | 7 | -8 | 11< | 128 ]
[ -127 | -2 | 0 | 0 | 0 | 0 | 0 | 0 | >0 | 7 | -8 | 12< | 128 ]
[ -127 | -2 | 0 | 0 | 0 | 0 | 0 | 0 | >1 | 7 | -8 | 13< | 128 ]
[ -127 | -2 | 0 | 0 | 0 | 0 | 0 | 0 | >1 | 7 | -8 | 14< | 128 ]
[ -127 | -2 | 0 | 0 | 0 | 0 | 0 | 0 | >0 | 7 | -8 | 15< | 128 ]
[ -127 | -2 | 0 | 0 | 0 | 0 | 0 | 0 | 0 | >7 | -8 | 16< | 128 ]
[ -127 | -2 | 0 | 0 | 0 | 0 | 0 | 0 | 0 | >8 | -8 | 17< | 128 ]
[ -127 | -2 | 0 | 0 | 0 | 0 | 0 | 0 | 0 | >8 | -8 | 18< | 128 ]
[ -127 | -2 | 0 | 0 | 0 | 0 | 0 | 0 | 0 | >7 | -8 | 19< | 128 ]
[ -127 | -2 | 0 | 0 | 0 | 0 | 0 | 0 | 0 | 7 | >-8 | 20< | 128 ]
[ -127 | -2 | 0 | 0 | 0 | 0 | 0 | 0 | 0 | 7 | >-7 | 21< | 128 ]
[ -127 | -2 | 0 | 0 | 0 | 0 | 0 | 0 | 0 | 7 | >-7 | 22< | 128 ]
[ -127 | -2 | 0 | 0 | 0 | 0 | 0 | 0 | 0 | 7 | >-8 | 23< | 128 ]
[ -127 | -2 | 0 | 0 | 0 | 0 | 0 | 0 | 0 | 7 | -8 | >24< | 128 ]
[ -127 | -2 | 0 | 0 | 0 | 0 | 0 | 0 | 0 | 7 | -8 | >26< | 128 ]
[ -127 | -2 | 0 | 0 | 0 | 0 | 0 | 0 | 0 | 7 | -8 | >27< | 128 ]
[ -127 | -2 | 0 | 0 | 0 | 0 | 0 | 0 | 0 | 7 | -8 | >27< | 128 ]
[ -127 | -2 | 0 | 0 | 0 | 0 | 0 | 0 | 0 | 7 | -8 | 28< | >128 ]
[ -127 | -2 | 0 | 0 | 0 | 0 | 0 | 0 | 0 | 7 | -8 | 29< | >-127 ]
[ -127 | -2 | 0 | 0 | 0 | 0 | 0 | 0 | 0 | 7 | -8 | 30< | >-127 ]
[ -127 | -2 | 0 | 0 | 0 | 0 | 0 | 0 | 0 | 7 | -8 | 31< | >128 ]
[ >-127 | -2 | 0 | 0 | 0 | 0 | 0 | 0 | 0 | 7 | -8 | 32< | 128 ]

===== ScaredyBot won the battle after 52 cycles =====



===== Starting battle of <MetaJSRandomBot> vs <ScaredyBot> with memory tape size: 13 =====

[ >128 | 0 | 0 | 0 | 0 | 0 | 0 | 0 | 0 | 0 | 0 | 0 | 128< ]
[ >-127 | 0 | 0 | 0 | 0 | 0 | 0 | 0 | 0 | 0 | 0 | 0< | 128 ]
[ >-127 | 0 | 0 | 0 | 0 | 0 | 0 | 0 | 0 | 0 | 0 | 1< | 128 ]
[ >-127 | 0 | 0 | 0 | 0 | 0 | 0 | 0 | 0 | 0 | 0< | 1 | 128 ]
[ -127 | >0 | 0 | 0 | 0 | 0 | 0 | 0 | 0 | 0 | -1< | 1 | 128 ]
[ -127 | >-1 | 0 | 0 | 0 | 0 | 0 | 0 | 0 | 0 | -2< | 1 | 128 ]
[ -127 | >-1 | 0 | 0 | 0 | 0 | 0 | 0 | 0 | 0 | -3< | 1 | 128 ]
[ -127 | >-2 | 0 | 0 | 0 | 0 | 0 | 0 | 0 | 0 | -4< | 1 | 128 ]
[ -127 | -2 | >0 | 0 | 0 | 0 | 0 | 0 | 0 | 0 | -5< | 1 | 128 ]
[ -127 | -2 | >1 | 0 | 0 | 0 | 0 | 0 | 0 | 0 | -6< | 1 | 128 ]
[ -127 | -2 | >1 | 0 | 0 | 0 | 0 | 0 | 0 | 0 | -7< | 1 | 128 ]
[ -127 | -2 | >0 | 0 | 0 | 0 | 0 | 0 | 0 | 0 | -8< | 1 | 128 ]
[ -127 | -2 | 0 | >0 | 0 | 0 | 0 | 0 | 0 | 0< | -8 | 1 | 128 ]
[ -127 | -2 | 0 | >1 | 0 | 0 | 0 | 0 | 0 | 1< | -8 | 1 | 128 ]
[ -127 | -2 | 0 | >1 | 0 | 0 | 0 | 0 | 0 | 2< | -8 | 1 | 128 ]
[ -127 | -2 | 0 | >0 | 0 | 0 | 0 | 0 | 0 | 3< | -8 | 1 | 128 ]
[ -127 | -2 | 0 | 0 | >0 | 0 | 0 | 0 | 0 | 4< | -8 | 1 | 128 ]
[ -127 | -2 | 0 | 0 | >1 | 0 | 0 | 0 | 0 | 5< | -8 | 1 | 128 ]
[ -127 | -2 | 0 | 0 | >1 | 0 | 0 | 0 | 0 | 6< | -8 | 1 | 128 ]
[ -127 | -2 | 0 | 0 | >0 | 0 | 0 | 0 | 0 | 7< | -8 | 1 | 128 ]
[ -127 | -2 | 0 | 0 | 0 | >0 | 0 | 0 | 0 | 7 | -8< | 1 | 128 ]
[ -127 | -2 | 0 | 0 | 0 | >1 | 0 | 0 | 0 | 7 | -8 | 1< | 128 ]
[ -127 | -2 | 0 | 0 | 0 | >1 | 0 | 0 | 0 | 7 | -8 | 2< | 128 ]
[ -127 | -2 | 0 | 0 | 0 | >0 | 0 | 0 | 0 | 7 | -8 | 3< | 128 ]
[ -127 | -2 | 0 | 0 | 0 | 0 | >0 | 0 | 0 | 7 | -8 | 4< | 128 ]
[ -127 | -2 | 0 | 0 | 0 | 0 | >1 | 0 | 0 | 7 | -8 | 5< | 128 ]
[ -127 | -2 | 0 | 0 | 0 | 0 | >1 | 0 | 0 | 7 | -8 | 6< | 128 ]
[ -127 | -2 | 0 | 0 | 0 | 0 | >0 | 0 | 0 | 7 | -8 | 7< | 128 ]
[ -127 | -2 | 0 | 0 | 0 | 0 | 0 | >0 | 0 | 7 | -8 | 8< | 128 ]
[ -127 | -2 | 0 | 0 | 0 | 0 | 0 | >1 | 0 | 7 | -8 | 9< | 128 ]
[ -127 | -2 | 0 | 0 | 0 | 0 | 0 | >1 | 0 | 7 | -8 | 10< | 128 ]
[ -127 | -2 | 0 | 0 | 0 | 0 | 0 | >0 | 0 | 7 | -8 | 11< | 128 ]
[ -127 | -2 | 0 | 0 | 0 | 0 | 0 | 0 | >0 | 7 | -8 | 12< | 128 ]
[ -127 | -2 | 0 | 0 | 0 | 0 | 0 | 0 | >1 | 7 | -8 | 13< | 128 ]
[ -127 | -2 | 0 | 0 | 0 | 0 | 0 | 0 | >1 | 7 | -8 | 14< | 128 ]
[ -127 | -2 | 0 | 0 | 0 | 0 | 0 | 0 | >0 | 7 | -8 | 15< | 128 ]
[ -127 | -2 | 0 | 0 | 0 | 0 | 0 | 0 | 0 | >7 | -8 | 16< | 128 ]
[ -127 | -2 | 0 | 0 | 0 | 0 | 0 | 0 | 0 | >8 | -8 | 17< | 128 ]
[ -127 | -2 | 0 | 0 | 0 | 0 | 0 | 0 | 0 | >8 | -8 | 18< | 128 ]
[ -127 | -2 | 0 | 0 | 0 | 0 | 0 | 0 | 0 | >7 | -8 | 19< | 128 ]
[ -127 | -2 | 0 | 0 | 0 | 0 | 0 | 0 | 0 | 7 | >-8 | 20< | 128 ]
[ -127 | -2 | 0 | 0 | 0 | 0 | 0 | 0 | 0 | 7 | >-7 | 21< | 128 ]
[ -127 | -2 | 0 | 0 | 0 | 0 | 0 | 0 | 0 | 7 | >-7 | 22< | 128 ]
[ -127 | -2 | 0 | 0 | 0 | 0 | 0 | 0 | 0 | 7 | >-8 | 23< | 128 ]
[ -127 | -2 | 0 | 0 | 0 | 0 | 0 | 0 | 0 | 7 | -8 | >24< | 128 ]
[ -127 | -2 | 0 | 0 | 0 | 0 | 0 | 0 | 0 | 7 | -8 | >26< | 128 ]
[ -127 | -2 | 0 | 0 | 0 | 0 | 0 | 0 | 0 | 7 | -8 | >27< | 128 ]
[ -127 | -2 | 0 | 0 | 0 | 0 | 0 | 0 | 0 | 7 | -8 | >27< | 128 ]
[ -127 | -2 | 0 | 0 | 0 | 0 | 0 | 0 | 0 | 7 | -8 | 28< | >128 ]
[ -127 | -2 | 0 | 0 | 0 | 0 | 0 | 0 | 0 | 7 | -8 | 29< | >-127 ]
[ -127 | -2 | 0 | 0 | 0 | 0 | 0 | 0 | 0 | 7 | -8 | 30< | >-127 ]
[ -127 | -2 | 0 | 0 | 0 | 0 | 0 | 0 | 0 | 7 | -8 | 31< | >128 ]
[ >-127 | -2 | 0 | 0 | 0 | 0 | 0 | 0 | 0 | 7 | -8 | 32< | 128 ]

===== ScaredyBot won the battle after 52 cycles =====



===== Starting battle of <MetaJSRandomBot> vs <ScaredyBot> with memory tape size: 27 =====

[ >128 | 0 | 0 | 0 | 0 | 0 | 0 | 0 | 0 | 0 | 0 | 0 | 0 | 0 | 0 | 0 | 0 | 0 | 0 | 0 | 0 | 0 | 0 | 0 | 0 | 0 | 128< ]
[ >-127 | 0 | 0 | 0 | 0 | 0 | 0 | 0 | 0 | 0 | 0 | 0 | 0 | 0 | 0 | 0 | 0 | 0 | 0 | 0 | 0 | 0 | 0 | 0 | 0 | 0< | 128 ]
[ >-127 | 0 | 0 | 0 | 0 | 0 | 0 | 0 | 0 | 0 | 0 | 0 | 0 | 0 | 0 | 0 | 0 | 0 | 0 | 0 | 0 | 0 | 0 | 0 | 0 | 1< | 128 ]
[ >-127 | 0 | 0 | 0 | 0 | 0 | 0 | 0 | 0 | 0 | 0 | 0 | 0 | 0 | 0 | 0 | 0 | 0 | 0 | 0 | 0 | 0 | 0 | 0 | 0< | 1 | 128 ]
[ -127 | >0 | 0 | 0 | 0 | 0 | 0 | 0 | 0 | 0 | 0 | 0 | 0 | 0 | 0 | 0 | 0 | 0 | 0 | 0 | 0 | 0 | 0 | 0 | -1< | 1 | 128 ]
[ -127 | >-1 | 0 | 0 | 0 | 0 | 0 | 0 | 0 | 0 | 0 | 0 | 0 | 0 | 0 | 0 | 0 | 0 | 0 | 0 | 0 | 0 | 0 | 0 | -2< | 1 | 128 ]
[ -127 | >-1 | 0 | 0 | 0 | 0 | 0 | 0 | 0 | 0 | 0 | 0 | 0 | 0 | 0 | 0 | 0 | 0 | 0 | 0 | 0 | 0 | 0 | 0 | -3< | 1 | 128 ]
[ -127 | >-2 | 0 | 0 | 0 | 0 | 0 | 0 | 0 | 0 | 0 | 0 | 0 | 0 | 0 | 0 | 0 | 0 | 0 | 0 | 0 | 0 | 0 | 0 | -4< | 1 | 128 ]
[ -127 | -2 | >0 | 0 | 0 | 0 | 0 | 0 | 0 | 0 | 0 | 0 | 0 | 0 | 0 | 0 | 0 | 0 | 0 | 0 | 0 | 0 | 0 | 0 | -5< | 1 | 128 ]
[ -127 | -2 | >1 | 0 | 0 | 0 | 0 | 0 | 0 | 0 | 0 | 0 | 0 | 0 | 0 | 0 | 0 | 0 | 0 | 0 | 0 | 0 | 0 | 0 | -6< | 1 | 128 ]
[ -127 | -2 | >1 | 0 | 0 | 0 | 0 | 0 | 0 | 0 | 0 | 0 | 0 | 0 | 0 | 0 | 0 | 0 | 0 | 0 | 0 | 0 | 0 | 0 | -7< | 1 | 128 ]
[ -127 | -2 | >0 | 0 | 0 | 0 | 0 | 0 | 0 | 0 | 0 | 0 | 0 | 0 | 0 | 0 | 0 | 0 | 0 | 0 | 0 | 0 | 0 | 0 | -8< | 1 | 128 ]
[ -127 | -2 | 0 | >0 | 0 | 0 | 0 | 0 | 0 | 0 | 0 | 0 | 0 | 0 | 0 | 0 | 0 | 0 | 0 | 0 | 0 | 0 | 0 | 0< | -8 | 1 | 128 ]
[ -127 | -2 | 0 | >1 | 0 | 0 | 0 | 0 | 0 | 0 | 0 | 0 | 0 | 0 | 0 | 0 | 0 | 0 | 0 | 0 | 0 | 0 | 0 | 1< | -8 | 1 | 128 ]
[ -127 | -2 | 0 | >1 | 0 | 0 | 0 | 0 | 0 | 0 | 0 | 0 | 0 | 0 | 0 | 0 | 0 | 0 | 0 | 0 | 0 | 0 | 0 | 2< | -8 | 1 | 128 ]
[ -127 | -2 | 0 | >0 | 0 | 0 | 0 | 0 | 0 | 0 | 0 | 0 | 0 | 0 | 0 | 0 | 0 | 0 | 0 | 0 | 0 | 0 | 0 | 3< | -8 | 1 | 128 ]
[ -127 | -2 | 0 | 0 | >0 | 0 | 0 | 0 | 0 | 0 | 0 | 0 | 0 | 0 | 0 | 0 | 0 | 0 | 0 | 0 | 0 | 0 | 0 | 4< | -8 | 1 | 128 ]
[ -127 | -2 | 0 | 0 | >1 | 0 | 0 | 0 | 0 | 0 | 0 | 0 | 0 | 0 | 0 | 0 | 0 | 0 | 0 | 0 | 0 | 0 | 0 | 5< | -8 | 1 | 128 ]
[ -127 | -2 | 0 | 0 | >1 | 0 | 0 | 0 | 0 | 0 | 0 | 0 | 0 | 0 | 0 | 0 | 0 | 0 | 0 | 0 | 0 | 0 | 0 | 6< | -8 | 1 | 128 ]
[ -127 | -2 | 0 | 0 | >0 | 0 | 0 | 0 | 0 | 0 | 0 | 0 | 0 | 0 | 0 | 0 | 0 | 0 | 0 | 0 | 0 | 0 | 0 | 7< | -8 | 1 | 128 ]
[ -127 | -2 | 0 | 0 | 0 | >0 | 0 | 0 | 0 | 0 | 0 | 0 | 0 | 0 | 0 | 0 | 0 | 0 | 0 | 0 | 0 | 0 | 0 | 7 | -8< | 1 | 128 ]
[ -127 | -2 | 0 | 0 | 0 | >1 | 0 | 0 | 0 | 0 | 0 | 0 | 0 | 0 | 0 | 0 | 0 | 0 | 0 | 0 | 0 | 0 | 0 | 7 | -8 | 1< | 128 ]
[ -127 | -2 | 0 | 0 | 0 | >1 | 0 | 0 | 0 | 0 | 0 | 0 | 0 | 0 | 0 | 0 | 0 | 0 | 0 | 0 | 0 | 0 | 0 | 7 | -8 | 2< | 128 ]
[ -127 | -2 | 0 | 0 | 0 | >0 | 0 | 0 | 0 | 0 | 0 | 0 | 0 | 0 | 0 | 0 | 0 | 0 | 0 | 0 | 0 | 0 | 0 | 7 | -8 | 3< | 128 ]
[ -127 | -2 | 0 | 0 | 0 | 0 | >0 | 0 | 0 | 0 | 0 | 0 | 0 | 0 | 0 | 0 | 0 | 0 | 0 | 0 | 0 | 0 | 0 | 7 | -8 | 4< | 128 ]
[ -127 | -2 | 0 | 0 | 0 | 0 | >1 | 0 | 0 | 0 | 0 | 0 | 0 | 0 | 0 | 0 | 0 | 0 | 0 | 0 | 0 | 0 | 0 | 7 | -8 | 5< | 128 ]
[ -127 | -2 | 0 | 0 | 0 | 0 | >1 | 0 | 0 | 0 | 0 | 0 | 0 | 0 | 0 | 0 | 0 | 0 | 0 | 0 | 0 | 0 | 0 | 7 | -8 | 6< | 128 ]
[ -127 | -2 | 0 | 0 | 0 | 0 | >0 | 0 | 0 | 0 | 0 | 0 | 0 | 0 | 0 | 0 | 0 | 0 | 0 | 0 | 0 | 0 | 0 | 7 | -8 | 7< | 128 ]
[ -127 | -2 | 0 | 0 | 0 | 0 | 0 | >0 | 0 | 0 | 0 | 0 | 0 | 0 | 0 | 0 | 0 | 0 | 0 | 0 | 0 | 0 | 0 | 7 | -8 | 8< | 128 ]
[ -127 | -2 | 0 | 0 | 0 | 0 | 0 | >1 | 0 | 0 | 0 | 0 | 0 | 0 | 0 | 0 | 0 | 0 | 0 | 0 | 0 | 0 | 0 | 7 | -8 | 9< | 128 ]
[ -127 | -2 | 0 | 0 | 0 | 0 | 0 | >1 | 0 | 0 | 0 | 0 | 0 | 0 | 0 | 0 | 0 | 0 | 0 | 0 | 0 | 0 | 0 | 7 | -8 | 10< | 128 ]
[ -127 | -2 | 0 | 0 | 0 | 0 | 0 | >0 | 0 | 0 | 0 | 0 | 0 | 0 | 0 | 0 | 0 | 0 | 0 | 0 | 0 | 0 | 0 | 7 | -8 | 11< | 128 ]
[ -127 | -2 | 0 | 0 | 0 | 0 | 0 | 0 | >0 | 0 | 0 | 0 | 0 | 0 | 0 | 0 | 0 | 0 | 0 | 0 | 0 | 0 | 0 | 7 | -8 | 12< | 128 ]
[ -127 | -2 | 0 | 0 | 0 | 0 | 0 | 0 | >1 | 0 | 0 | 0 | 0 | 0 | 0 | 0 | 0 | 0 | 0 | 0 | 0 | 0 | 0 | 7 | -8 | 13< | 128 ]
[ -127 | -2 | 0 | 0 | 0 | 0 | 0 | 0 | >1 | 0 | 0 | 0 | 0 | 0 | 0 | 0 | 0 | 0 | 0 | 0 | 0 | 0 | 0 | 7 | -8 | 14< | 128 ]
[ -127 | -2 | 0 | 0 | 0 | 0 | 0 | 0 | >0 | 0 | 0 | 0 | 0 | 0 | 0 | 0 | 0 | 0 | 0 | 0 | 0 | 0 | 0 | 7 | -8 | 15< | 128 ]
[ -127 | -2 | 0 | 0 | 0 | 0 | 0 | 0 | 0 | >0 | 0 | 0 | 0 | 0 | 0 | 0 | 0 | 0 | 0 | 0 | 0 | 0 | 0 | 7 | -8 | 16< | 128 ]
[ -127 | -2 | 0 | 0 | 0 | 0 | 0 | 0 | 0 | >1 | 0 | 0 | 0 | 0 | 0 | 0 | 0 | 0 | 0 | 0 | 0 | 0 | 0 | 7 | -8 | 17< | 128 ]
[ -127 | -2 | 0 | 0 | 0 | 0 | 0 | 0 | 0 | >1 | 0 | 0 | 0 | 0 | 0 | 0 | 0 | 0 | 0 | 0 | 0 | 0 | 0 | 7 | -8 | 18< | 128 ]
[ -127 | -2 | 0 | 0 | 0 | 0 | 0 | 0 | 0 | >0 | 0 | 0 | 0 | 0 | 0 | 0 | 0 | 0 | 0 | 0 | 0 | 0 | 0 | 7 | -8 | 19< | 128 ]
[ -127 | -2 | 0 | 0 | 0 | 0 | 0 | 0 | 0 | 0 | >0 | 0 | 0 | 0 | 0 | 0 | 0 | 0 | 0 | 0 | 0 | 0 | 0 | 7 | -8 | 20< | 128 ]
[ -127 | -2 | 0 | 0 | 0 | 0 | 0 | 0 | 0 | 0 | >1 | 0 | 0 | 0 | 0 | 0 | 0 | 0 | 0 | 0 | 0 | 0 | 0 | 7 | -8 | 21< | 128 ]
[ -127 | -2 | 0 | 0 | 0 | 0 | 0 | 0 | 0 | 0 | >1 | 0 | 0 | 0 | 0 | 0 | 0 | 0 | 0 | 0 | 0 | 0 | 0 | 7 | -8 | 22< | 128 ]
[ -127 | -2 | 0 | 0 | 0 | 0 | 0 | 0 | 0 | 0 | >0 | 0 | 0 | 0 | 0 | 0 | 0 | 0 | 0 | 0 | 0 | 0 | 0 | 7 | -8 | 23< | 128 ]
[ -127 | -2 | 0 | 0 | 0 | 0 | 0 | 0 | 0 | 0 | 0 | >0 | 0 | 0 | 0 | 0 | 0 | 0 | 0 | 0 | 0 | 0 | 0 | 7 | -8 | 24< | 128 ]
[ -127 | -2 | 0 | 0 | 0 | 0 | 0 | 0 | 0 | 0 | 0 | >1 | 0 | 0 | 0 | 0 | 0 | 0 | 0 | 0 | 0 | 0 | 0 | 7 | -8 | 25< | 128 ]
[ -127 | -2 | 0 | 0 | 0 | 0 | 0 | 0 | 0 | 0 | 0 | >1 | 0 | 0 | 0 | 0 | 0 | 0 | 0 | 0 | 0 | 0 | 0 | 7 | -8 | 26< | 128 ]
[ -127 | -2 | 0 | 0 | 0 | 0 | 0 | 0 | 0 | 0 | 0 | >0 | 0 | 0 | 0 | 0 | 0 | 0 | 0 | 0 | 0 | 0 | 0 | 7 | -8 | 27< | 128 ]
[ -127 | -2 | 0 | 0 | 0 | 0 | 0 | 0 | 0 | 0 | 0 | 0 | >0 | 0 | 0 | 0 | 0 | 0 | 0 | 0 | 0 | 0 | 0 | 7 | -8 | 28< | 128 ]
[ -127 | -2 | 0 | 0 | 0 | 0 | 0 | 0 | 0 | 0 | 0 | 0 | >1 | 0 | 0 | 0 | 0 | 0 | 0 | 0 | 0 | 0 | 0 | 7 | -8 | 29< | 128 ]
[ -127 | -2 | 0 | 0 | 0 | 0 | 0 | 0 | 0 | 0 | 0 | 0 | >1 | 0 | 0 | 0 | 0 | 0 | 0 | 0 | 0 | 0 | 0 | 7 | -8 | 30< | 128 ]
[ -127 | -2 | 0 | 0 | 0 | 0 | 0 | 0 | 0 | 0 | 0 | 0 | >0 | 0 | 0 | 0 | 0 | 0 | 0 | 0 | 0 | 0 | 0 | 7 | -8 | 31< | 128 ]
[ -127 | -2 | 0 | 0 | 0 | 0 | 0 | 0 | 0 | 0 | 0 | 0 | 0 | >0 | 0 | 0 | 0 | 0 | 0 | 0 | 0 | 0 | 0 | 7 | -8 | 32< | 128 ]
[ -127 | -2 | 0 | 0 | 0 | 0 | 0 | 0 | 0 | 0 | 0 | 0 | 0 | >1 | 0 | 0 | 0 | 0 | 0 | 0 | 0 | 0 | 0 | 7 | -8 | 33< | 128 ]
[ -127 | -2 | 0 | 0 | 0 | 0 | 0 | 0 | 0 | 0 | 0 | 0 | 0 | >1 | 0 | 0 | 0 | 0 | 0 | 0 | 0 | 0 | 0 | 7 | -8 | 34< | 128 ]
[ -127 | -2 | 0 | 0 | 0 | 0 | 0 | 0 | 0 | 0 | 0 | 0 | 0 | >0 | 0 | 0 | 0 | 0 | 0 | 0 | 0 | 0 | 0 | 7 | -8 | 35< | 128 ]
[ -127 | -2 | 0 | 0 | 0 | 0 | 0 | 0 | 0 | 0 | 0 | 0 | 0 | 0 | >0 | 0 | 0 | 0 | 0 | 0 | 0 | 0 | 0 | 7 | -8 | 36< | 128 ]
[ -127 | -2 | 0 | 0 | 0 | 0 | 0 | 0 | 0 | 0 | 0 | 0 | 0 | 0 | >1 | 0 | 0 | 0 | 0 | 0 | 0 | 0 | 0 | 7 | -8 | 37< | 128 ]
[ -127 | -2 | 0 | 0 | 0 | 0 | 0 | 0 | 0 | 0 | 0 | 0 | 0 | 0 | >1 | 0 | 0 | 0 | 0 | 0 | 0 | 0 | 0 | 7 | -8 | 38< | 128 ]
[ -127 | -2 | 0 | 0 | 0 | 0 | 0 | 0 | 0 | 0 | 0 | 0 | 0 | 0 | >0 | 0 | 0 | 0 | 0 | 0 | 0 | 0 | 0 | 7 | -8 | 39< | 128 ]
[ -127 | -2 | 0 | 0 | 0 | 0 | 0 | 0 | 0 | 0 | 0 | 0 | 0 | 0 | 0 | >0 | 0 | 0 | 0 | 0 | 0 | 0 | 0 | 7 | -8 | 40< | 128 ]
[ -127 | -2 | 0 | 0 | 0 | 0 | 0 | 0 | 0 | 0 | 0 | 0 | 0 | 0 | 0 | >1 | 0 | 0 | 0 | 0 | 0 | 0 | 0 | 7 | -8 | 41< | 128 ]
[ -127 | -2 | 0 | 0 | 0 | 0 | 0 | 0 | 0 | 0 | 0 | 0 | 0 | 0 | 0 | >1 | 0 | 0 | 0 | 0 | 0 | 0 | 0 | 7 | -8 | 42< | 128 ]
[ -127 | -2 | 0 | 0 | 0 | 0 | 0 | 0 | 0 | 0 | 0 | 0 | 0 | 0 | 0 | >0 | 0 | 0 | 0 | 0 | 0 | 0 | 0 | 7 | -8 | 43< | 128 ]
[ -127 | -2 | 0 | 0 | 0 | 0 | 0 | 0 | 0 | 0 | 0 | 0 | 0 | 0 | 0 | 0 | >0 | 0 | 0 | 0 | 0 | 0 | 0 | 7 | -8 | 44< | 128 ]
[ -127 | -2 | 0 | 0 | 0 | 0 | 0 | 0 | 0 | 0 | 0 | 0 | 0 | 0 | 0 | 0 | >1 | 0 | 0 | 0 | 0 | 0 | 0 | 7 | -8 | 45< | 128 ]
[ -127 | -2 | 0 | 0 | 0 | 0 | 0 | 0 | 0 | 0 | 0 | 0 | 0 | 0 | 0 | 0 | >1 | 0 | 0 | 0 | 0 | 0 | 0 | 7 | -8 | 46< | 128 ]
[ -127 | -2 | 0 | 0 | 0 | 0 | 0 | 0 | 0 | 0 | 0 | 0 | 0 | 0 | 0 | 0 | >0 | 0 | 0 | 0 | 0 | 0 | 0 | 7 | -8 | 47< | 128 ]
[ -127 | -2 | 0 | 0 | 0 | 0 | 0 | 0 | 0 | 0 | 0 | 0 | 0 | 0 | 0 | 0 | 0 | >0 | 0 | 0 | 0 | 0 | 0 | 7 | -8 | 48< | 128 ]
[ -127 | -2 | 0 | 0 | 0 | 0 | 0 | 0 | 0 | 0 | 0 | 0 | 0 | 0 | 0 | 0 | 0 | >1 | 0 | 0 | 0 | 0 | 0 | 7 | -8 | 49< | 128 ]
[ -127 | -2 | 0 | 0 | 0 | 0 | 0 | 0 | 0 | 0 | 0 | 0 | 0 | 0 | 0 | 0 | 0 | >1 | 0 | 0 | 0 | 0 | 0 | 7 | -8 | 50< | 128 ]
[ -127 | -2 | 0 | 0 | 0 | 0 | 0 | 0 | 0 | 0 | 0 | 0 | 0 | 0 | 0 | 0 | 0 | >0 | 0 | 0 | 0 | 0 | 0 | 7 | -8 | 51< | 128 ]
[ -127 | -2 | 0 | 0 | 0 | 0 | 0 | 0 | 0 | 0 | 0 | 0 | 0 | 0 | 0 | 0 | 0 | 0 | >0 | 0 | 0 | 0 | 0 | 7 | -8 | 52< | 128 ]
[ -127 | -2 | 0 | 0 | 0 | 0 | 0 | 0 | 0 | 0 | 0 | 0 | 0 | 0 | 0 | 0 | 0 | 0 | >1 | 0 | 0 | 0 | 0 | 7 | -8 | 53< | 128 ]
[ -127 | -2 | 0 | 0 | 0 | 0 | 0 | 0 | 0 | 0 | 0 | 0 | 0 | 0 | 0 | 0 | 0 | 0 | >1 | 0 | 0 | 0 | 0 | 7 | -8 | 54< | 128 ]
[ -127 | -2 | 0 | 0 | 0 | 0 | 0 | 0 | 0 | 0 | 0 | 0 | 0 | 0 | 0 | 0 | 0 | 0 | >0 | 0 | 0 | 0 | 0 | 7 | -8 | 55< | 128 ]
[ -127 | -2 | 0 | 0 | 0 | 0 | 0 | 0 | 0 | 0 | 0 | 0 | 0 | 0 | 0 | 0 | 0 | 0 | 0 | >0 | 0 | 0 | 0 | 7 | -8 | 56< | 128 ]
[ -127 | -2 | 0 | 0 | 0 | 0 | 0 | 0 | 0 | 0 | 0 | 0 | 0 | 0 | 0 | 0 | 0 | 0 | 0 | >1 | 0 | 0 | 0 | 7 | -8 | 57< | 128 ]
[ -127 | -2 | 0 | 0 | 0 | 0 | 0 | 0 | 0 | 0 | 0 | 0 | 0 | 0 | 0 | 0 | 0 | 0 | 0 | >1 | 0 | 0 | 0 | 7 | -8 | 58< | 128 ]
[ -127 | -2 | 0 | 0 | 0 | 0 | 0 | 0 | 0 | 0 | 0 | 0 | 0 | 0 | 0 | 0 | 0 | 0 | 0 | >0 | 0 | 0 | 0 | 7 | -8 | 59< | 128 ]
[ -127 | -2 | 0 | 0 | 0 | 0 | 0 | 0 | 0 | 0 | 0 | 0 | 0 | 0 | 0 | 0 | 0 | 0 | 0 | 0 | >0 | 0 | 0 | 7 | -8 | 60< | 128 ]
[ -127 | -2 | 0 | 0 | 0 | 0 | 0 | 0 | 0 | 0 | 0 | 0 | 0 | 0 | 0 | 0 | 0 | 0 | 0 | 0 | >1 | 0 | 0 | 7 | -8 | 61< | 128 ]
[ -127 | -2 | 0 | 0 | 0 | 0 | 0 | 0 | 0 | 0 | 0 | 0 | 0 | 0 | 0 | 0 | 0 | 0 | 0 | 0 | >1 | 0 | 0 | 7 | -8 | 62< | 128 ]
[ -127 | -2 | 0 | 0 | 0 | 0 | 0 | 0 | 0 | 0 | 0 | 0 | 0 | 0 | 0 | 0 | 0 | 0 | 0 | 0 | >0 | 0 | 0 | 7 | -8 | 63< | 128 ]
[ -127 | -2 | 0 | 0 | 0 | 0 | 0 | 0 | 0 | 0 | 0 | 0 | 0 | 0 | 0 | 0 | 0 | 0 | 0 | 0 | 0 | >0 | 0 | 7 | -8 | 64< | 128 ]
[ -127 | -2 | 0 | 0 | 0 | 0 | 0 | 0 | 0 | 0 | 0 | 0 | 0 | 0 | 0 | 0 | 0 | 0 | 0 | 0 | 0 | >1 | 0 | 7 | -8 | 65< | 128 ]
[ -127 | -2 | 0 | 0 | 0 | 0 | 0 | 0 | 0 | 0 | 0 | 0 | 0 | 0 | 0 | 0 | 0 | 0 | 0 | 0 | 0 | >1 | 0 | 7 | -8 | 66< | 128 ]
[ -127 | -2 | 0 | 0 | 0 | 0 | 0 | 0 | 0 | 0 | 0 | 0 | 0 | 0 | 0 | 0 | 0 | 0 | 0 | 0 | 0 | >0 | 0 | 7 | -8 | 67< | 128 ]
[ -127 | -2 | 0 | 0 | 0 | 0 | 0 | 0 | 0 | 0 | 0 | 0 | 0 | 0 | 0 | 0 | 0 | 0 | 0 | 0 | 0 | 0 | >0 | 7 | -8 | 68< | 128 ]
[ -127 | -2 | 0 | 0 | 0 | 0 | 0 | 0 | 0 | 0 | 0 | 0 | 0 | 0 | 0 | 0 | 0 | 0 | 0 | 0 | 0 | 0 | >1 | 7 | -8 | 69< | 128 ]
[ -127 | -2 | 0 | 0 | 0 | 0 | 0 | 0 | 0 | 0 | 0 | 0 | 0 | 0 | 0 | 0 | 0 | 0 | 0 | 0 | 0 | 0 | >1 | 7 | -8 | 70< | 128 ]
[ -127 | -2 | 0 | 0 | 0 | 0 | 0 | 0 | 0 | 0 | 0 | 0 | 0 | 0 | 0 | 0 | 0 | 0 | 0 | 0 | 0 | 0 | >0 | 7 | -8 | 71< | 128 ]
[ -127 | -2 | 0 | 0 | 0 | 0 | 0 | 0 | 0 | 0 | 0 | 0 | 0 | 0 | 0 | 0 | 0 | 0 | 0 | 0 | 0 | 0 | 0 | >7 | -8 | 72< | 128 ]
[ -127 | -2 | 0 | 0 | 0 | 0 | 0 | 0 | 0 | 0 | 0 | 0 | 0 | 0 | 0 | 0 | 0 | 0 | 0 | 0 | 0 | 0 | 0 | >8 | -8 | 73< | 128 ]
[ -127 | -2 | 0 | 0 | 0 | 0 | 0 | 0 | 0 | 0 | 0 | 0 | 0 | 0 | 0 | 0 | 0 | 0 | 0 | 0 | 0 | 0 | 0 | >8 | -8 | 74< | 128 ]
[ -127 | -2 | 0 | 0 | 0 | 0 | 0 | 0 | 0 | 0 | 0 | 0 | 0 | 0 | 0 | 0 | 0 | 0 | 0 | 0 | 0 | 0 | 0 | >7 | -8 | 75< | 128 ]
[ -127 | -2 | 0 | 0 | 0 | 0 | 0 | 0 | 0 | 0 | 0 | 0 | 0 | 0 | 0 | 0 | 0 | 0 | 0 | 0 | 0 | 0 | 0 | 7 | >-8 | 76< | 128 ]
[ -127 | -2 | 0 | 0 | 0 | 0 | 0 | 0 | 0 | 0 | 0 | 0 | 0 | 0 | 0 | 0 | 0 | 0 | 0 | 0 | 0 | 0 | 0 | 7 | >-7 | 77< | 128 ]
[ -127 | -2 | 0 | 0 | 0 | 0 | 0 | 0 | 0 | 0 | 0 | 0 | 0 | 0 | 0 | 0 | 0 | 0 | 0 | 0 | 0 | 0 | 0 | 7 | >-7 | 78< | 128 ]
[ -127 | -2 | 0 | 0 | 0 | 0 | 0 | 0 | 0 | 0 | 0 | 0 | 0 | 0 | 0 | 0 | 0 | 0 | 0 | 0 | 0 | 0 | 0 | 7 | >-8 | 79< | 128 ]
[ -127 | -2 | 0 | 0 | 0 | 0 | 0 | 0 | 0 | 0 | 0 | 0 | 0 | 0 | 0 | 0 | 0 | 0 | 0 | 0 | 0 | 0 | 0 | 7 | -8 | >80< | 128 ]
[ -127 | -2 | 0 | 0 | 0 | 0 | 0 | 0 | 0 | 0 | 0 | 0 | 0 | 0 | 0 | 0 | 0 | 0 | 0 | 0 | 0 | 0 | 0 | 7 | -8 | >82< | 128 ]
[ -127 | -2 | 0 | 0 | 0 | 0 | 0 | 0 | 0 | 0 | 0 | 0 | 0 | 0 | 0 | 0 | 0 | 0 | 0 | 0 | 0 | 0 | 0 | 7 | -8 | >83< | 128 ]
[ -127 | -2 | 0 | 0 | 0 | 0 | 0 | 0 | 0 | 0 | 0 | 0 | 0 | 0 | 0 | 0 | 0 | 0 | 0 | 0 | 0 | 0 | 0 | 7 | -8 | >83< | 128 ]
[ -127 | -2 | 0 | 0 | 0 | 0 | 0 | 0 | 0 | 0 | 0 | 0 | 0 | 0 | 0 | 0 | 0 | 0 | 0 | 0 | 0 | 0 | 0 | 7 | -8 | 84< | >128 ]
[ -127 | -2 | 0 | 0 | 0 | 0 | 0 | 0 | 0 | 0 | 0 | 0 | 0 | 0 | 0 | 0 | 0 | 0 | 0 | 0 | 0 | 0 | 0 | 7 | -8 | 85< | >-127 ]
[ -127 | -2 | 0 | 0 | 0 | 0 | 0 | 0 | 0 | 0 | 0 | 0 | 0 | 0 | 0 | 0 | 0 | 0 | 0 | 0 | 0 | 0 | 0 | 7 | -8 | 86< | >-127 ]
[ -127 | -2 | 0 | 0 | 0 | 0 | 0 | 0 | 0 | 0 | 0 | 0 | 0 | 0 | 0 | 0 | 0 | 0 | 0 | 0 | 0 | 0 | 0 | 7 | -8 | 87< | >128 ]
[ >-127 | -2 | 0 | 0 | 0 | 0 | 0 | 0 | 0 | 0 | 0 | 0 | 0 | 0 | 0 | 0 | 0 | 0 | 0 | 0 | 0 | 0 | 0 | 7 | -8 | 88< | 128 ]

===== ScaredyBot won the battle after 108 cycles =====



===== Starting battle of <MetaJSRandomBot> vs <ScaredyBot> with memory tape size: 15 =====

[ >128 | 0 | 0 | 0 | 0 | 0 | 0 | 0 | 0 | 0 | 0 | 0 | 0 | 0 | 128< ]
[ >-127 | 0 | 0 | 0 | 0 | 0 | 0 | 0 | 0 | 0 | 0 | 0 | 0 | 0< | 128 ]
[ >-127 | 0 | 0 | 0 | 0 | 0 | 0 | 0 | 0 | 0 | 0 | 0 | 0 | 1< | 128 ]
[ >-127 | 0 | 0 | 0 | 0 | 0 | 0 | 0 | 0 | 0 | 0 | 0 | 0< | 1 | 128 ]
[ -127 | >0 | 0 | 0 | 0 | 0 | 0 | 0 | 0 | 0 | 0 | 0 | -1< | 1 | 128 ]
[ -127 | >-1 | 0 | 0 | 0 | 0 | 0 | 0 | 0 | 0 | 0 | 0 | -2< | 1 | 128 ]
[ -127 | >-1 | 0 | 0 | 0 | 0 | 0 | 0 | 0 | 0 | 0 | 0 | -3< | 1 | 128 ]
[ -127 | >-2 | 0 | 0 | 0 | 0 | 0 | 0 | 0 | 0 | 0 | 0 | -4< | 1 | 128 ]
[ -127 | -2 | >0 | 0 | 0 | 0 | 0 | 0 | 0 | 0 | 0 | 0 | -5< | 1 | 128 ]
[ -127 | -2 | >1 | 0 | 0 | 0 | 0 | 0 | 0 | 0 | 0 | 0 | -6< | 1 | 128 ]
[ -127 | -2 | >1 | 0 | 0 | 0 | 0 | 0 | 0 | 0 | 0 | 0 | -7< | 1 | 128 ]
[ -127 | -2 | >0 | 0 | 0 | 0 | 0 | 0 | 0 | 0 | 0 | 0 | -8< | 1 | 128 ]
[ -127 | -2 | 0 | >0 | 0 | 0 | 0 | 0 | 0 | 0 | 0 | 0< | -8 | 1 | 128 ]
[ -127 | -2 | 0 | >1 | 0 | 0 | 0 | 0 | 0 | 0 | 0 | 1< | -8 | 1 | 128 ]
[ -127 | -2 | 0 | >1 | 0 | 0 | 0 | 0 | 0 | 0 | 0 | 2< | -8 | 1 | 128 ]
[ -127 | -2 | 0 | >0 | 0 | 0 | 0 | 0 | 0 | 0 | 0 | 3< | -8 | 1 | 128 ]
[ -127 | -2 | 0 | 0 | >0 | 0 | 0 | 0 | 0 | 0 | 0 | 4< | -8 | 1 | 128 ]
[ -127 | -2 | 0 | 0 | >1 | 0 | 0 | 0 | 0 | 0 | 0 | 5< | -8 | 1 | 128 ]
[ -127 | -2 | 0 | 0 | >1 | 0 | 0 | 0 | 0 | 0 | 0 | 6< | -8 | 1 | 128 ]
[ -127 | -2 | 0 | 0 | >0 | 0 | 0 | 0 | 0 | 0 | 0 | 7< | -8 | 1 | 128 ]
[ -127 | -2 | 0 | 0 | 0 | >0 | 0 | 0 | 0 | 0 | 0 | 7 | -8< | 1 | 128 ]
[ -127 | -2 | 0 | 0 | 0 | >1 | 0 | 0 | 0 | 0 | 0 | 7 | -8 | 1< | 128 ]
[ -127 | -2 | 0 | 0 | 0 | >1 | 0 | 0 | 0 | 0 | 0 | 7 | -8 | 2< | 128 ]
[ -127 | -2 | 0 | 0 | 0 | >0 | 0 | 0 | 0 | 0 | 0 | 7 | -8 | 3< | 128 ]
[ -127 | -2 | 0 | 0 | 0 | 0 | >0 | 0 | 0 | 0 | 0 | 7 | -8 | 4< | 128 ]
[ -127 | -2 | 0 | 0 | 0 | 0 | >1 | 0 | 0 | 0 | 0 | 7 | -8 | 5< | 128 ]
[ -127 | -2 | 0 | 0 | 0 | 0 | >1 | 0 | 0 | 0 | 0 | 7 | -8 | 6< | 128 ]
[ -127 | -2 | 0 | 0 | 0 | 0 | >0 | 0 | 0 | 0 | 0 | 7 | -8 | 7< | 128 ]
[ -127 | -2 | 0 | 0 | 0 | 0 | 0 | >0 | 0 | 0 | 0 | 7 | -8 | 8< | 128 ]
[ -127 | -2 | 0 | 0 | 0 | 0 | 0 | >1 | 0 | 0 | 0 | 7 | -8 | 9< | 128 ]
[ -127 | -2 | 0 | 0 | 0 | 0 | 0 | >1 | 0 | 0 | 0 | 7 | -8 | 10< | 128 ]
[ -127 | -2 | 0 | 0 | 0 | 0 | 0 | >0 | 0 | 0 | 0 | 7 | -8 | 11< | 128 ]
[ -127 | -2 | 0 | 0 | 0 | 0 | 0 | 0 | >0 | 0 | 0 | 7 | -8 | 12< | 128 ]
[ -127 | -2 | 0 | 0 | 0 | 0 | 0 | 0 | >1 | 0 | 0 | 7 | -8 | 13< | 128 ]
[ -127 | -2 | 0 | 0 | 0 | 0 | 0 | 0 | >1 | 0 | 0 | 7 | -8 | 14< | 128 ]
[ -127 | -2 | 0 | 0 | 0 | 0 | 0 | 0 | >0 | 0 | 0 | 7 | -8 | 15< | 128 ]
[ -127 | -2 | 0 | 0 | 0 | 0 | 0 | 0 | 0 | >0 | 0 | 7 | -8 | 16< | 128 ]
[ -127 | -2 | 0 | 0 | 0 | 0 | 0 | 0 | 0 | >1 | 0 | 7 | -8 | 17< | 128 ]
[ -127 | -2 | 0 | 0 | 0 | 0 | 0 | 0 | 0 | >1 | 0 | 7 | -8 | 18< | 128 ]
[ -127 | -2 | 0 | 0 | 0 | 0 | 0 | 0 | 0 | >0 | 0 | 7 | -8 | 19< | 128 ]
[ -127 | -2 | 0 | 0 | 0 | 0 | 0 | 0 | 0 | 0 | >0 | 7 | -8 | 20< | 128 ]
[ -127 | -2 | 0 | 0 | 0 | 0 | 0 | 0 | 0 | 0 | >1 | 7 | -8 | 21< | 128 ]
[ -127 | -2 | 0 | 0 | 0 | 0 | 0 | 0 | 0 | 0 | >1 | 7 | -8 | 22< | 128 ]
[ -127 | -2 | 0 | 0 | 0 | 0 | 0 | 0 | 0 | 0 | >0 | 7 | -8 | 23< | 128 ]
[ -127 | -2 | 0 | 0 | 0 | 0 | 0 | 0 | 0 | 0 | 0 | >7 | -8 | 24< | 128 ]
[ -127 | -2 | 0 | 0 | 0 | 0 | 0 | 0 | 0 | 0 | 0 | >8 | -8 | 25< | 128 ]
[ -127 | -2 | 0 | 0 | 0 | 0 | 0 | 0 | 0 | 0 | 0 | >8 | -8 | 26< | 128 ]
[ -127 | -2 | 0 | 0 | 0 | 0 | 0 | 0 | 0 | 0 | 0 | >7 | -8 | 27< | 128 ]
[ -127 | -2 | 0 | 0 | 0 | 0 | 0 | 0 | 0 | 0 | 0 | 7 | >-8 | 28< | 128 ]
[ -127 | -2 | 0 | 0 | 0 | 0 | 0 | 0 | 0 | 0 | 0 | 7 | >-7 | 29< | 128 ]
[ -127 | -2 | 0 | 0 | 0 | 0 | 0 | 0 | 0 | 0 | 0 | 7 | >-7 | 30< | 128 ]
[ -127 | -2 | 0 | 0 | 0 | 0 | 0 | 0 | 0 | 0 | 0 | 7 | >-8 | 31< | 128 ]
[ -127 | -2 | 0 | 0 | 0 | 0 | 0 | 0 | 0 | 0 | 0 | 7 | -8 | >32< | 128 ]
[ -127 | -2 | 0 | 0 | 0 | 0 | 0 | 0 | 0 | 0 | 0 | 7 | -8 | >34< | 128 ]
[ -127 | -2 | 0 | 0 | 0 | 0 | 0 | 0 | 0 | 0 | 0 | 7 | -8 | >35< | 128 ]
[ -127 | -2 | 0 | 0 | 0 | 0 | 0 | 0 | 0 | 0 | 0 | 7 | -8 | >35< | 128 ]
[ -127 | -2 | 0 | 0 | 0 | 0 | 0 | 0 | 0 | 0 | 0 | 7 | -8 | 36< | >128 ]
[ -127 | -2 | 0 | 0 | 0 | 0 | 0 | 0 | 0 | 0 | 0 | 7 | -8 | 37< | >-127 ]
[ -127 | -2 | 0 | 0 | 0 | 0 | 0 | 0 | 0 | 0 | 0 | 7 | -8 | 38< | >-127 ]
[ -127 | -2 | 0 | 0 | 0 | 0 | 0 | 0 | 0 | 0 | 0 | 7 | -8 | 39< | >128 ]
[ >-127 | -2 | 0 | 0 | 0 | 0 | 0 | 0 | 0 | 0 | 0 | 7 | -8 | 40< | 128 ]

===== ScaredyBot won the battle after 60 cycles =====



===== Starting battle of <MetaJSRandomBot> vs <ScaredyBot> with memory tape size: 12 =====

[ >128 | 0 | 0 | 0 | 0 | 0 | 0 | 0 | 0 | 0 | 0 | 128< ]
[ >-127 | 0 | 0 | 0 | 0 | 0 | 0 | 0 | 0 | 0 | 0< | 128 ]
[ >-127 | 0 | 0 | 0 | 0 | 0 | 0 | 0 | 0 | 0 | 1< | 128 ]
[ >-127 | 0 | 0 | 0 | 0 | 0 | 0 | 0 | 0 | 0< | 1 | 128 ]
[ -127 | >0 | 0 | 0 | 0 | 0 | 0 | 0 | 0 | -1< | 1 | 128 ]
[ -127 | >-1 | 0 | 0 | 0 | 0 | 0 | 0 | 0 | -2< | 1 | 128 ]
[ -127 | >-1 | 0 | 0 | 0 | 0 | 0 | 0 | 0 | -3< | 1 | 128 ]
[ -127 | >-2 | 0 | 0 | 0 | 0 | 0 | 0 | 0 | -4< | 1 | 128 ]
[ -127 | -2 | >0 | 0 | 0 | 0 | 0 | 0 | 0 | -5< | 1 | 128 ]
[ -127 | -2 | >1 | 0 | 0 | 0 | 0 | 0 | 0 | -6< | 1 | 128 ]
[ -127 | -2 | >1 | 0 | 0 | 0 | 0 | 0 | 0 | -7< | 1 | 128 ]
[ -127 | -2 | >0 | 0 | 0 | 0 | 0 | 0 | 0 | -8< | 1 | 128 ]
[ -127 | -2 | 0 | >0 | 0 | 0 | 0 | 0 | 0< | -8 | 1 | 128 ]
[ -127 | -2 | 0 | >1 | 0 | 0 | 0 | 0 | 1< | -8 | 1 | 128 ]
[ -127 | -2 | 0 | >1 | 0 | 0 | 0 | 0 | 2< | -8 | 1 | 128 ]
[ -127 | -2 | 0 | >0 | 0 | 0 | 0 | 0 | 3< | -8 | 1 | 128 ]
[ -127 | -2 | 0 | 0 | >0 | 0 | 0 | 0 | 4< | -8 | 1 | 128 ]
[ -127 | -2 | 0 | 0 | >1 | 0 | 0 | 0 | 5< | -8 | 1 | 128 ]
[ -127 | -2 | 0 | 0 | >1 | 0 | 0 | 0 | 6< | -8 | 1 | 128 ]
[ -127 | -2 | 0 | 0 | >0 | 0 | 0 | 0 | 7< | -8 | 1 | 128 ]
[ -127 | -2 | 0 | 0 | 0 | >0 | 0 | 0 | 7 | -8< | 1 | 128 ]
[ -127 | -2 | 0 | 0 | 0 | >1 | 0 | 0 | 7 | -8 | 1< | 128 ]
[ -127 | -2 | 0 | 0 | 0 | >1 | 0 | 0 | 7 | -8 | 2< | 128 ]
[ -127 | -2 | 0 | 0 | 0 | >0 | 0 | 0 | 7 | -8 | 3< | 128 ]
[ -127 | -2 | 0 | 0 | 0 | 0 | >0 | 0 | 7 | -8 | 4< | 128 ]
[ -127 | -2 | 0 | 0 | 0 | 0 | >1 | 0 | 7 | -8 | 5< | 128 ]
[ -127 | -2 | 0 | 0 | 0 | 0 | >1 | 0 | 7 | -8 | 6< | 128 ]
[ -127 | -2 | 0 | 0 | 0 | 0 | >0 | 0 | 7 | -8 | 7< | 128 ]
[ -127 | -2 | 0 | 0 | 0 | 0 | 0 | >0 | 7 | -8 | 8< | 128 ]
[ -127 | -2 | 0 | 0 | 0 | 0 | 0 | >1 | 7 | -8 | 9< | 128 ]
[ -127 | -2 | 0 | 0 | 0 | 0 | 0 | >1 | 7 | -8 | 10< | 128 ]
[ -127 | -2 | 0 | 0 | 0 | 0 | 0 | >0 | 7 | -8 | 11< | 128 ]
[ -127 | -2 | 0 | 0 | 0 | 0 | 0 | 0 | >7 | -8 | 12< | 128 ]
[ -127 | -2 | 0 | 0 | 0 | 0 | 0 | 0 | >8 | -8 | 13< | 128 ]
[ -127 | -2 | 0 | 0 | 0 | 0 | 0 | 0 | >8 | -8 | 14< | 128 ]
[ -127 | -2 | 0 | 0 | 0 | 0 | 0 | 0 | >7 | -8 | 15< | 128 ]
[ -127 | -2 | 0 | 0 | 0 | 0 | 0 | 0 | 7 | >-8 | 16< | 128 ]
[ -127 | -2 | 0 | 0 | 0 | 0 | 0 | 0 | 7 | >-7 | 17< | 128 ]
[ -127 | -2 | 0 | 0 | 0 | 0 | 0 | 0 | 7 | >-7 | 18< | 128 ]
[ -127 | -2 | 0 | 0 | 0 | 0 | 0 | 0 | 7 | >-8 | 19< | 128 ]
[ -127 | -2 | 0 | 0 | 0 | 0 | 0 | 0 | 7 | -8 | >20< | 128 ]
[ -127 | -2 | 0 | 0 | 0 | 0 | 0 | 0 | 7 | -8 | >22< | 128 ]
[ -127 | -2 | 0 | 0 | 0 | 0 | 0 | 0 | 7 | -8 | >23< | 128 ]
[ -127 | -2 | 0 | 0 | 0 | 0 | 0 | 0 | 7 | -8 | >23< | 128 ]
[ -127 | -2 | 0 | 0 | 0 | 0 | 0 | 0 | 7 | -8 | 24< | >128 ]
[ -127 | -2 | 0 | 0 | 0 | 0 | 0 | 0 | 7 | -8 | 25< | >-127 ]
[ -127 | -2 | 0 | 0 | 0 | 0 | 0 | 0 | 7 | -8 | 26< | >-127 ]
[ -127 | -2 | 0 | 0 | 0 | 0 | 0 | 0 | 7 | -8 | 27< | >128 ]
[ >-127 | -2 | 0 | 0 | 0 | 0 | 0 | 0 | 7 | -8 | 28< | 128 ]

===== ScaredyBot won the battle after 48 cycles =====



===== Starting battle of <MetaJSRandomBot> vs <ScaredyBot> with memory tape size: 30 =====

[ >128 | 0 | 0 | 0 | 0 | 0 | 0 | 0 | 0 | 0 | 0 | 0 | 0 | 0 | 0 | 0 | 0 | 0 | 0 | 0 | 0 | 0 | 0 | 0 | 0 | 0 | 0 | 0 | 0 | 128< ]
[ >-127 | 0 | 0 | 0 | 0 | 0 | 0 | 0 | 0 | 0 | 0 | 0 | 0 | 0 | 0 | 0 | 0 | 0 | 0 | 0 | 0 | 0 | 0 | 0 | 0 | 0 | 0 | 0 | 0< | 128 ]
[ >-127 | 0 | 0 | 0 | 0 | 0 | 0 | 0 | 0 | 0 | 0 | 0 | 0 | 0 | 0 | 0 | 0 | 0 | 0 | 0 | 0 | 0 | 0 | 0 | 0 | 0 | 0 | 0 | 1< | 128 ]
[ >-127 | 0 | 0 | 0 | 0 | 0 | 0 | 0 | 0 | 0 | 0 | 0 | 0 | 0 | 0 | 0 | 0 | 0 | 0 | 0 | 0 | 0 | 0 | 0 | 0 | 0 | 0 | 0< | 1 | 128 ]
[ -127 | >0 | 0 | 0 | 0 | 0 | 0 | 0 | 0 | 0 | 0 | 0 | 0 | 0 | 0 | 0 | 0 | 0 | 0 | 0 | 0 | 0 | 0 | 0 | 0 | 0 | 0 | -1< | 1 | 128 ]
[ -127 | >-1 | 0 | 0 | 0 | 0 | 0 | 0 | 0 | 0 | 0 | 0 | 0 | 0 | 0 | 0 | 0 | 0 | 0 | 0 | 0 | 0 | 0 | 0 | 0 | 0 | 0 | -2< | 1 | 128 ]
[ -127 | >-1 | 0 | 0 | 0 | 0 | 0 | 0 | 0 | 0 | 0 | 0 | 0 | 0 | 0 | 0 | 0 | 0 | 0 | 0 | 0 | 0 | 0 | 0 | 0 | 0 | 0 | -3< | 1 | 128 ]
[ -127 | >-2 | 0 | 0 | 0 | 0 | 0 | 0 | 0 | 0 | 0 | 0 | 0 | 0 | 0 | 0 | 0 | 0 | 0 | 0 | 0 | 0 | 0 | 0 | 0 | 0 | 0 | -4< | 1 | 128 ]
[ -127 | -2 | >0 | 0 | 0 | 0 | 0 | 0 | 0 | 0 | 0 | 0 | 0 | 0 | 0 | 0 | 0 | 0 | 0 | 0 | 0 | 0 | 0 | 0 | 0 | 0 | 0 | -5< | 1 | 128 ]
[ -127 | -2 | >1 | 0 | 0 | 0 | 0 | 0 | 0 | 0 | 0 | 0 | 0 | 0 | 0 | 0 | 0 | 0 | 0 | 0 | 0 | 0 | 0 | 0 | 0 | 0 | 0 | -6< | 1 | 128 ]
[ -127 | -2 | >1 | 0 | 0 | 0 | 0 | 0 | 0 | 0 | 0 | 0 | 0 | 0 | 0 | 0 | 0 | 0 | 0 | 0 | 0 | 0 | 0 | 0 | 0 | 0 | 0 | -7< | 1 | 128 ]
[ -127 | -2 | >0 | 0 | 0 | 0 | 0 | 0 | 0 | 0 | 0 | 0 | 0 | 0 | 0 | 0 | 0 | 0 | 0 | 0 | 0 | 0 | 0 | 0 | 0 | 0 | 0 | -8< | 1 | 128 ]
[ -127 | -2 | 0 | >0 | 0 | 0 | 0 | 0 | 0 | 0 | 0 | 0 | 0 | 0 | 0 | 0 | 0 | 0 | 0 | 0 | 0 | 0 | 0 | 0 | 0 | 0 | 0< | -8 | 1 | 128 ]
[ -127 | -2 | 0 | >1 | 0 | 0 | 0 | 0 | 0 | 0 | 0 | 0 | 0 | 0 | 0 | 0 | 0 | 0 | 0 | 0 | 0 | 0 | 0 | 0 | 0 | 0 | 1< | -8 | 1 | 128 ]
[ -127 | -2 | 0 | >1 | 0 | 0 | 0 | 0 | 0 | 0 | 0 | 0 | 0 | 0 | 0 | 0 | 0 | 0 | 0 | 0 | 0 | 0 | 0 | 0 | 0 | 0 | 2< | -8 | 1 | 128 ]
[ -127 | -2 | 0 | >0 | 0 | 0 | 0 | 0 | 0 | 0 | 0 | 0 | 0 | 0 | 0 | 0 | 0 | 0 | 0 | 0 | 0 | 0 | 0 | 0 | 0 | 0 | 3< | -8 | 1 | 128 ]
[ -127 | -2 | 0 | 0 | >0 | 0 | 0 | 0 | 0 | 0 | 0 | 0 | 0 | 0 | 0 | 0 | 0 | 0 | 0 | 0 | 0 | 0 | 0 | 0 | 0 | 0 | 4< | -8 | 1 | 128 ]
[ -127 | -2 | 0 | 0 | >1 | 0 | 0 | 0 | 0 | 0 | 0 | 0 | 0 | 0 | 0 | 0 | 0 | 0 | 0 | 0 | 0 | 0 | 0 | 0 | 0 | 0 | 5< | -8 | 1 | 128 ]
[ -127 | -2 | 0 | 0 | >1 | 0 | 0 | 0 | 0 | 0 | 0 | 0 | 0 | 0 | 0 | 0 | 0 | 0 | 0 | 0 | 0 | 0 | 0 | 0 | 0 | 0 | 6< | -8 | 1 | 128 ]
[ -127 | -2 | 0 | 0 | >0 | 0 | 0 | 0 | 0 | 0 | 0 | 0 | 0 | 0 | 0 | 0 | 0 | 0 | 0 | 0 | 0 | 0 | 0 | 0 | 0 | 0 | 7< | -8 | 1 | 128 ]
[ -127 | -2 | 0 | 0 | 0 | >0 | 0 | 0 | 0 | 0 | 0 | 0 | 0 | 0 | 0 | 0 | 0 | 0 | 0 | 0 | 0 | 0 | 0 | 0 | 0 | 0 | 7 | -8< | 1 | 128 ]
[ -127 | -2 | 0 | 0 | 0 | >1 | 0 | 0 | 0 | 0 | 0 | 0 | 0 | 0 | 0 | 0 | 0 | 0 | 0 | 0 | 0 | 0 | 0 | 0 | 0 | 0 | 7 | -8 | 1< | 128 ]
[ -127 | -2 | 0 | 0 | 0 | >1 | 0 | 0 | 0 | 0 | 0 | 0 | 0 | 0 | 0 | 0 | 0 | 0 | 0 | 0 | 0 | 0 | 0 | 0 | 0 | 0 | 7 | -8 | 2< | 128 ]
[ -127 | -2 | 0 | 0 | 0 | >0 | 0 | 0 | 0 | 0 | 0 | 0 | 0 | 0 | 0 | 0 | 0 | 0 | 0 | 0 | 0 | 0 | 0 | 0 | 0 | 0 | 7 | -8 | 3< | 128 ]
[ -127 | -2 | 0 | 0 | 0 | 0 | >0 | 0 | 0 | 0 | 0 | 0 | 0 | 0 | 0 | 0 | 0 | 0 | 0 | 0 | 0 | 0 | 0 | 0 | 0 | 0 | 7 | -8 | 4< | 128 ]
[ -127 | -2 | 0 | 0 | 0 | 0 | >1 | 0 | 0 | 0 | 0 | 0 | 0 | 0 | 0 | 0 | 0 | 0 | 0 | 0 | 0 | 0 | 0 | 0 | 0 | 0 | 7 | -8 | 5< | 128 ]
[ -127 | -2 | 0 | 0 | 0 | 0 | >1 | 0 | 0 | 0 | 0 | 0 | 0 | 0 | 0 | 0 | 0 | 0 | 0 | 0 | 0 | 0 | 0 | 0 | 0 | 0 | 7 | -8 | 6< | 128 ]
[ -127 | -2 | 0 | 0 | 0 | 0 | >0 | 0 | 0 | 0 | 0 | 0 | 0 | 0 | 0 | 0 | 0 | 0 | 0 | 0 | 0 | 0 | 0 | 0 | 0 | 0 | 7 | -8 | 7< | 128 ]
[ -127 | -2 | 0 | 0 | 0 | 0 | 0 | >0 | 0 | 0 | 0 | 0 | 0 | 0 | 0 | 0 | 0 | 0 | 0 | 0 | 0 | 0 | 0 | 0 | 0 | 0 | 7 | -8 | 8< | 128 ]
[ -127 | -2 | 0 | 0 | 0 | 0 | 0 | >1 | 0 | 0 | 0 | 0 | 0 | 0 | 0 | 0 | 0 | 0 | 0 | 0 | 0 | 0 | 0 | 0 | 0 | 0 | 7 | -8 | 9< | 128 ]
[ -127 | -2 | 0 | 0 | 0 | 0 | 0 | >1 | 0 | 0 | 0 | 0 | 0 | 0 | 0 | 0 | 0 | 0 | 0 | 0 | 0 | 0 | 0 | 0 | 0 | 0 | 7 | -8 | 10< | 128 ]
[ -127 | -2 | 0 | 0 | 0 | 0 | 0 | >0 | 0 | 0 | 0 | 0 | 0 | 0 | 0 | 0 | 0 | 0 | 0 | 0 | 0 | 0 | 0 | 0 | 0 | 0 | 7 | -8 | 11< | 128 ]
[ -127 | -2 | 0 | 0 | 0 | 0 | 0 | 0 | >0 | 0 | 0 | 0 | 0 | 0 | 0 | 0 | 0 | 0 | 0 | 0 | 0 | 0 | 0 | 0 | 0 | 0 | 7 | -8 | 12< | 128 ]
[ -127 | -2 | 0 | 0 | 0 | 0 | 0 | 0 | >1 | 0 | 0 | 0 | 0 | 0 | 0 | 0 | 0 | 0 | 0 | 0 | 0 | 0 | 0 | 0 | 0 | 0 | 7 | -8 | 13< | 128 ]
[ -127 | -2 | 0 | 0 | 0 | 0 | 0 | 0 | >1 | 0 | 0 | 0 | 0 | 0 | 0 | 0 | 0 | 0 | 0 | 0 | 0 | 0 | 0 | 0 | 0 | 0 | 7 | -8 | 14< | 128 ]
[ -127 | -2 | 0 | 0 | 0 | 0 | 0 | 0 | >0 | 0 | 0 | 0 | 0 | 0 | 0 | 0 | 0 | 0 | 0 | 0 | 0 | 0 | 0 | 0 | 0 | 0 | 7 | -8 | 15< | 128 ]
[ -127 | -2 | 0 | 0 | 0 | 0 | 0 | 0 | 0 | >0 | 0 | 0 | 0 | 0 | 0 | 0 | 0 | 0 | 0 | 0 | 0 | 0 | 0 | 0 | 0 | 0 | 7 | -8 | 16< | 128 ]
[ -127 | -2 | 0 | 0 | 0 | 0 | 0 | 0 | 0 | >1 | 0 | 0 | 0 | 0 | 0 | 0 | 0 | 0 | 0 | 0 | 0 | 0 | 0 | 0 | 0 | 0 | 7 | -8 | 17< | 128 ]
[ -127 | -2 | 0 | 0 | 0 | 0 | 0 | 0 | 0 | >1 | 0 | 0 | 0 | 0 | 0 | 0 | 0 | 0 | 0 | 0 | 0 | 0 | 0 | 0 | 0 | 0 | 7 | -8 | 18< | 128 ]
[ -127 | -2 | 0 | 0 | 0 | 0 | 0 | 0 | 0 | >0 | 0 | 0 | 0 | 0 | 0 | 0 | 0 | 0 | 0 | 0 | 0 | 0 | 0 | 0 | 0 | 0 | 7 | -8 | 19< | 128 ]
[ -127 | -2 | 0 | 0 | 0 | 0 | 0 | 0 | 0 | 0 | >0 | 0 | 0 | 0 | 0 | 0 | 0 | 0 | 0 | 0 | 0 | 0 | 0 | 0 | 0 | 0 | 7 | -8 | 20< | 128 ]
[ -127 | -2 | 0 | 0 | 0 | 0 | 0 | 0 | 0 | 0 | >1 | 0 | 0 | 0 | 0 | 0 | 0 | 0 | 0 | 0 | 0 | 0 | 0 | 0 | 0 | 0 | 7 | -8 | 21< | 128 ]
[ -127 | -2 | 0 | 0 | 0 | 0 | 0 | 0 | 0 | 0 | >1 | 0 | 0 | 0 | 0 | 0 | 0 | 0 | 0 | 0 | 0 | 0 | 0 | 0 | 0 | 0 | 7 | -8 | 22< | 128 ]
[ -127 | -2 | 0 | 0 | 0 | 0 | 0 | 0 | 0 | 0 | >0 | 0 | 0 | 0 | 0 | 0 | 0 | 0 | 0 | 0 | 0 | 0 | 0 | 0 | 0 | 0 | 7 | -8 | 23< | 128 ]
[ -127 | -2 | 0 | 0 | 0 | 0 | 0 | 0 | 0 | 0 | 0 | >0 | 0 | 0 | 0 | 0 | 0 | 0 | 0 | 0 | 0 | 0 | 0 | 0 | 0 | 0 | 7 | -8 | 24< | 128 ]
[ -127 | -2 | 0 | 0 | 0 | 0 | 0 | 0 | 0 | 0 | 0 | >1 | 0 | 0 | 0 | 0 | 0 | 0 | 0 | 0 | 0 | 0 | 0 | 0 | 0 | 0 | 7 | -8 | 25< | 128 ]
[ -127 | -2 | 0 | 0 | 0 | 0 | 0 | 0 | 0 | 0 | 0 | >1 | 0 | 0 | 0 | 0 | 0 | 0 | 0 | 0 | 0 | 0 | 0 | 0 | 0 | 0 | 7 | -8 | 26< | 128 ]
[ -127 | -2 | 0 | 0 | 0 | 0 | 0 | 0 | 0 | 0 | 0 | >0 | 0 | 0 | 0 | 0 | 0 | 0 | 0 | 0 | 0 | 0 | 0 | 0 | 0 | 0 | 7 | -8 | 27< | 128 ]
[ -127 | -2 | 0 | 0 | 0 | 0 | 0 | 0 | 0 | 0 | 0 | 0 | >0 | 0 | 0 | 0 | 0 | 0 | 0 | 0 | 0 | 0 | 0 | 0 | 0 | 0 | 7 | -8 | 28< | 128 ]
[ -127 | -2 | 0 | 0 | 0 | 0 | 0 | 0 | 0 | 0 | 0 | 0 | >1 | 0 | 0 | 0 | 0 | 0 | 0 | 0 | 0 | 0 | 0 | 0 | 0 | 0 | 7 | -8 | 29< | 128 ]
[ -127 | -2 | 0 | 0 | 0 | 0 | 0 | 0 | 0 | 0 | 0 | 0 | >1 | 0 | 0 | 0 | 0 | 0 | 0 | 0 | 0 | 0 | 0 | 0 | 0 | 0 | 7 | -8 | 30< | 128 ]
[ -127 | -2 | 0 | 0 | 0 | 0 | 0 | 0 | 0 | 0 | 0 | 0 | >0 | 0 | 0 | 0 | 0 | 0 | 0 | 0 | 0 | 0 | 0 | 0 | 0 | 0 | 7 | -8 | 31< | 128 ]
[ -127 | -2 | 0 | 0 | 0 | 0 | 0 | 0 | 0 | 0 | 0 | 0 | 0 | >0 | 0 | 0 | 0 | 0 | 0 | 0 | 0 | 0 | 0 | 0 | 0 | 0 | 7 | -8 | 32< | 128 ]
[ -127 | -2 | 0 | 0 | 0 | 0 | 0 | 0 | 0 | 0 | 0 | 0 | 0 | >1 | 0 | 0 | 0 | 0 | 0 | 0 | 0 | 0 | 0 | 0 | 0 | 0 | 7 | -8 | 33< | 128 ]
[ -127 | -2 | 0 | 0 | 0 | 0 | 0 | 0 | 0 | 0 | 0 | 0 | 0 | >1 | 0 | 0 | 0 | 0 | 0 | 0 | 0 | 0 | 0 | 0 | 0 | 0 | 7 | -8 | 34< | 128 ]
[ -127 | -2 | 0 | 0 | 0 | 0 | 0 | 0 | 0 | 0 | 0 | 0 | 0 | >0 | 0 | 0 | 0 | 0 | 0 | 0 | 0 | 0 | 0 | 0 | 0 | 0 | 7 | -8 | 35< | 128 ]
[ -127 | -2 | 0 | 0 | 0 | 0 | 0 | 0 | 0 | 0 | 0 | 0 | 0 | 0 | >0 | 0 | 0 | 0 | 0 | 0 | 0 | 0 | 0 | 0 | 0 | 0 | 7 | -8 | 36< | 128 ]
[ -127 | -2 | 0 | 0 | 0 | 0 | 0 | 0 | 0 | 0 | 0 | 0 | 0 | 0 | >1 | 0 | 0 | 0 | 0 | 0 | 0 | 0 | 0 | 0 | 0 | 0 | 7 | -8 | 37< | 128 ]
[ -127 | -2 | 0 | 0 | 0 | 0 | 0 | 0 | 0 | 0 | 0 | 0 | 0 | 0 | >1 | 0 | 0 | 0 | 0 | 0 | 0 | 0 | 0 | 0 | 0 | 0 | 7 | -8 | 38< | 128 ]
[ -127 | -2 | 0 | 0 | 0 | 0 | 0 | 0 | 0 | 0 | 0 | 0 | 0 | 0 | >0 | 0 | 0 | 0 | 0 | 0 | 0 | 0 | 0 | 0 | 0 | 0 | 7 | -8 | 39< | 128 ]
[ -127 | -2 | 0 | 0 | 0 | 0 | 0 | 0 | 0 | 0 | 0 | 0 | 0 | 0 | 0 | >0 | 0 | 0 | 0 | 0 | 0 | 0 | 0 | 0 | 0 | 0 | 7 | -8 | 40< | 128 ]
[ -127 | -2 | 0 | 0 | 0 | 0 | 0 | 0 | 0 | 0 | 0 | 0 | 0 | 0 | 0 | >1 | 0 | 0 | 0 | 0 | 0 | 0 | 0 | 0 | 0 | 0 | 7 | -8 | 41< | 128 ]
[ -127 | -2 | 0 | 0 | 0 | 0 | 0 | 0 | 0 | 0 | 0 | 0 | 0 | 0 | 0 | >1 | 0 | 0 | 0 | 0 | 0 | 0 | 0 | 0 | 0 | 0 | 7 | -8 | 42< | 128 ]
[ -127 | -2 | 0 | 0 | 0 | 0 | 0 | 0 | 0 | 0 | 0 | 0 | 0 | 0 | 0 | >0 | 0 | 0 | 0 | 0 | 0 | 0 | 0 | 0 | 0 | 0 | 7 | -8 | 43< | 128 ]
[ -127 | -2 | 0 | 0 | 0 | 0 | 0 | 0 | 0 | 0 | 0 | 0 | 0 | 0 | 0 | 0 | >0 | 0 | 0 | 0 | 0 | 0 | 0 | 0 | 0 | 0 | 7 | -8 | 44< | 128 ]
[ -127 | -2 | 0 | 0 | 0 | 0 | 0 | 0 | 0 | 0 | 0 | 0 | 0 | 0 | 0 | 0 | >1 | 0 | 0 | 0 | 0 | 0 | 0 | 0 | 0 | 0 | 7 | -8 | 45< | 128 ]
[ -127 | -2 | 0 | 0 | 0 | 0 | 0 | 0 | 0 | 0 | 0 | 0 | 0 | 0 | 0 | 0 | >1 | 0 | 0 | 0 | 0 | 0 | 0 | 0 | 0 | 0 | 7 | -8 | 46< | 128 ]
[ -127 | -2 | 0 | 0 | 0 | 0 | 0 | 0 | 0 | 0 | 0 | 0 | 0 | 0 | 0 | 0 | >0 | 0 | 0 | 0 | 0 | 0 | 0 | 0 | 0 | 0 | 7 | -8 | 47< | 128 ]
[ -127 | -2 | 0 | 0 | 0 | 0 | 0 | 0 | 0 | 0 | 0 | 0 | 0 | 0 | 0 | 0 | 0 | >0 | 0 | 0 | 0 | 0 | 0 | 0 | 0 | 0 | 7 | -8 | 48< | 128 ]
[ -127 | -2 | 0 | 0 | 0 | 0 | 0 | 0 | 0 | 0 | 0 | 0 | 0 | 0 | 0 | 0 | 0 | >1 | 0 | 0 | 0 | 0 | 0 | 0 | 0 | 0 | 7 | -8 | 49< | 128 ]
[ -127 | -2 | 0 | 0 | 0 | 0 | 0 | 0 | 0 | 0 | 0 | 0 | 0 | 0 | 0 | 0 | 0 | >1 | 0 | 0 | 0 | 0 | 0 | 0 | 0 | 0 | 7 | -8 | 50< | 128 ]
[ -127 | -2 | 0 | 0 | 0 | 0 | 0 | 0 | 0 | 0 | 0 | 0 | 0 | 0 | 0 | 0 | 0 | >0 | 0 | 0 | 0 | 0 | 0 | 0 | 0 | 0 | 7 | -8 | 51< | 128 ]
[ -127 | -2 | 0 | 0 | 0 | 0 | 0 | 0 | 0 | 0 | 0 | 0 | 0 | 0 | 0 | 0 | 0 | 0 | >0 | 0 | 0 | 0 | 0 | 0 | 0 | 0 | 7 | -8 | 52< | 128 ]
[ -127 | -2 | 0 | 0 | 0 | 0 | 0 | 0 | 0 | 0 | 0 | 0 | 0 | 0 | 0 | 0 | 0 | 0 | >1 | 0 | 0 | 0 | 0 | 0 | 0 | 0 | 7 | -8 | 53< | 128 ]
[ -127 | -2 | 0 | 0 | 0 | 0 | 0 | 0 | 0 | 0 | 0 | 0 | 0 | 0 | 0 | 0 | 0 | 0 | >1 | 0 | 0 | 0 | 0 | 0 | 0 | 0 | 7 | -8 | 54< | 128 ]
[ -127 | -2 | 0 | 0 | 0 | 0 | 0 | 0 | 0 | 0 | 0 | 0 | 0 | 0 | 0 | 0 | 0 | 0 | >0 | 0 | 0 | 0 | 0 | 0 | 0 | 0 | 7 | -8 | 55< | 128 ]
[ -127 | -2 | 0 | 0 | 0 | 0 | 0 | 0 | 0 | 0 | 0 | 0 | 0 | 0 | 0 | 0 | 0 | 0 | 0 | >0 | 0 | 0 | 0 | 0 | 0 | 0 | 7 | -8 | 56< | 128 ]
[ -127 | -2 | 0 | 0 | 0 | 0 | 0 | 0 | 0 | 0 | 0 | 0 | 0 | 0 | 0 | 0 | 0 | 0 | 0 | >1 | 0 | 0 | 0 | 0 | 0 | 0 | 7 | -8 | 57< | 128 ]
[ -127 | -2 | 0 | 0 | 0 | 0 | 0 | 0 | 0 | 0 | 0 | 0 | 0 | 0 | 0 | 0 | 0 | 0 | 0 | >1 | 0 | 0 | 0 | 0 | 0 | 0 | 7 | -8 | 58< | 128 ]
[ -127 | -2 | 0 | 0 | 0 | 0 | 0 | 0 | 0 | 0 | 0 | 0 | 0 | 0 | 0 | 0 | 0 | 0 | 0 | >0 | 0 | 0 | 0 | 0 | 0 | 0 | 7 | -8 | 59< | 128 ]
[ -127 | -2 | 0 | 0 | 0 | 0 | 0 | 0 | 0 | 0 | 0 | 0 | 0 | 0 | 0 | 0 | 0 | 0 | 0 | 0 | >0 | 0 | 0 | 0 | 0 | 0 | 7 | -8 | 60< | 128 ]
[ -127 | -2 | 0 | 0 | 0 | 0 | 0 | 0 | 0 | 0 | 0 | 0 | 0 | 0 | 0 | 0 | 0 | 0 | 0 | 0 | >1 | 0 | 0 | 0 | 0 | 0 | 7 | -8 | 61< | 128 ]
[ -127 | -2 | 0 | 0 | 0 | 0 | 0 | 0 | 0 | 0 | 0 | 0 | 0 | 0 | 0 | 0 | 0 | 0 | 0 | 0 | >1 | 0 | 0 | 0 | 0 | 0 | 7 | -8 | 62< | 128 ]
[ -127 | -2 | 0 | 0 | 0 | 0 | 0 | 0 | 0 | 0 | 0 | 0 | 0 | 0 | 0 | 0 | 0 | 0 | 0 | 0 | >0 | 0 | 0 | 0 | 0 | 0 | 7 | -8 | 63< | 128 ]
[ -127 | -2 | 0 | 0 | 0 | 0 | 0 | 0 | 0 | 0 | 0 | 0 | 0 | 0 | 0 | 0 | 0 | 0 | 0 | 0 | 0 | >0 | 0 | 0 | 0 | 0 | 7 | -8 | 64< | 128 ]
[ -127 | -2 | 0 | 0 | 0 | 0 | 0 | 0 | 0 | 0 | 0 | 0 | 0 | 0 | 0 | 0 | 0 | 0 | 0 | 0 | 0 | >1 | 0 | 0 | 0 | 0 | 7 | -8 | 65< | 128 ]
[ -127 | -2 | 0 | 0 | 0 | 0 | 0 | 0 | 0 | 0 | 0 | 0 | 0 | 0 | 0 | 0 | 0 | 0 | 0 | 0 | 0 | >1 | 0 | 0 | 0 | 0 | 7 | -8 | 66< | 128 ]
[ -127 | -2 | 0 | 0 | 0 | 0 | 0 | 0 | 0 | 0 | 0 | 0 | 0 | 0 | 0 | 0 | 0 | 0 | 0 | 0 | 0 | >0 | 0 | 0 | 0 | 0 | 7 | -8 | 67< | 128 ]
[ -127 | -2 | 0 | 0 | 0 | 0 | 0 | 0 | 0 | 0 | 0 | 0 | 0 | 0 | 0 | 0 | 0 | 0 | 0 | 0 | 0 | 0 | >0 | 0 | 0 | 0 | 7 | -8 | 68< | 128 ]
[ -127 | -2 | 0 | 0 | 0 | 0 | 0 | 0 | 0 | 0 | 0 | 0 | 0 | 0 | 0 | 0 | 0 | 0 | 0 | 0 | 0 | 0 | >1 | 0 | 0 | 0 | 7 | -8 | 69< | 128 ]
[ -127 | -2 | 0 | 0 | 0 | 0 | 0 | 0 | 0 | 0 | 0 | 0 | 0 | 0 | 0 | 0 | 0 | 0 | 0 | 0 | 0 | 0 | >1 | 0 | 0 | 0 | 7 | -8 | 70< | 128 ]
[ -127 | -2 | 0 | 0 | 0 | 0 | 0 | 0 | 0 | 0 | 0 | 0 | 0 | 0 | 0 | 0 | 0 | 0 | 0 | 0 | 0 | 0 | >0 | 0 | 0 | 0 | 7 | -8 | 71< | 128 ]
[ -127 | -2 | 0 | 0 | 0 | 0 | 0 | 0 | 0 | 0 | 0 | 0 | 0 | 0 | 0 | 0 | 0 | 0 | 0 | 0 | 0 | 0 | 0 | >0 | 0 | 0 | 7 | -8 | 72< | 128 ]
[ -127 | -2 | 0 | 0 | 0 | 0 | 0 | 0 | 0 | 0 | 0 | 0 | 0 | 0 | 0 | 0 | 0 | 0 | 0 | 0 | 0 | 0 | 0 | >1 | 0 | 0 | 7 | -8 | 73< | 128 ]
[ -127 | -2 | 0 | 0 | 0 | 0 | 0 | 0 | 0 | 0 | 0 | 0 | 0 | 0 | 0 | 0 | 0 | 0 | 0 | 0 | 0 | 0 | 0 | >1 | 0 | 0 | 7 | -8 | 74< | 128 ]
[ -127 | -2 | 0 | 0 | 0 | 0 | 0 | 0 | 0 | 0 | 0 | 0 | 0 | 0 | 0 | 0 | 0 | 0 | 0 | 0 | 0 | 0 | 0 | >0 | 0 | 0 | 7 | -8 | 75< | 128 ]
[ -127 | -2 | 0 | 0 | 0 | 0 | 0 | 0 | 0 | 0 | 0 | 0 | 0 | 0 | 0 | 0 | 0 | 0 | 0 | 0 | 0 | 0 | 0 | 0 | >0 | 0 | 7 | -8 | 76< | 128 ]
[ -127 | -2 | 0 | 0 | 0 | 0 | 0 | 0 | 0 | 0 | 0 | 0 | 0 | 0 | 0 | 0 | 0 | 0 | 0 | 0 | 0 | 0 | 0 | 0 | >1 | 0 | 7 | -8 | 77< | 128 ]
[ -127 | -2 | 0 | 0 | 0 | 0 | 0 | 0 | 0 | 0 | 0 | 0 | 0 | 0 | 0 | 0 | 0 | 0 | 0 | 0 | 0 | 0 | 0 | 0 | >1 | 0 | 7 | -8 | 78< | 128 ]
[ -127 | -2 | 0 | 0 | 0 | 0 | 0 | 0 | 0 | 0 | 0 | 0 | 0 | 0 | 0 | 0 | 0 | 0 | 0 | 0 | 0 | 0 | 0 | 0 | >0 | 0 | 7 | -8 | 79< | 128 ]
[ -127 | -2 | 0 | 0 | 0 | 0 | 0 | 0 | 0 | 0 | 0 | 0 | 0 | 0 | 0 | 0 | 0 | 0 | 0 | 0 | 0 | 0 | 0 | 0 | 0 | >0 | 7 | -8 | 80< | 128 ]
[ -127 | -2 | 0 | 0 | 0 | 0 | 0 | 0 | 0 | 0 | 0 | 0 | 0 | 0 | 0 | 0 | 0 | 0 | 0 | 0 | 0 | 0 | 0 | 0 | 0 | >1 | 7 | -8 | 81< | 128 ]
[ -127 | -2 | 0 | 0 | 0 | 0 | 0 | 0 | 0 | 0 | 0 | 0 | 0 | 0 | 0 | 0 | 0 | 0 | 0 | 0 | 0 | 0 | 0 | 0 | 0 | >1 | 7 | -8 | 82< | 128 ]
[ -127 | -2 | 0 | 0 | 0 | 0 | 0 | 0 | 0 | 0 | 0 | 0 | 0 | 0 | 0 | 0 | 0 | 0 | 0 | 0 | 0 | 0 | 0 | 0 | 0 | >0 | 7 | -8 | 83< | 128 ]
[ -127 | -2 | 0 | 0 | 0 | 0 | 0 | 0 | 0 | 0 | 0 | 0 | 0 | 0 | 0 | 0 | 0 | 0 | 0 | 0 | 0 | 0 | 0 | 0 | 0 | 0 | >7 | -8 | 84< | 128 ]
[ -127 | -2 | 0 | 0 | 0 | 0 | 0 | 0 | 0 | 0 | 0 | 0 | 0 | 0 | 0 | 0 | 0 | 0 | 0 | 0 | 0 | 0 | 0 | 0 | 0 | 0 | >8 | -8 | 85< | 128 ]
[ -127 | -2 | 0 | 0 | 0 | 0 | 0 | 0 | 0 | 0 | 0 | 0 | 0 | 0 | 0 | 0 | 0 | 0 | 0 | 0 | 0 | 0 | 0 | 0 | 0 | 0 | >8 | -8 | 86< | 128 ]
[ -127 | -2 | 0 | 0 | 0 | 0 | 0 | 0 | 0 | 0 | 0 | 0 | 0 | 0 | 0 | 0 | 0 | 0 | 0 | 0 | 0 | 0 | 0 | 0 | 0 | 0 | >7 | -8 | 87< | 128 ]
[ -127 | -2 | 0 | 0 | 0 | 0 | 0 | 0 | 0 | 0 | 0 | 0 | 0 | 0 | 0 | 0 | 0 | 0 | 0 | 0 | 0 | 0 | 0 | 0 | 0 | 0 | 7 | >-8 | 88< | 128 ]
[ -127 | -2 | 0 | 0 | 0 | 0 | 0 | 0 | 0 | 0 | 0 | 0 | 0 | 0 | 0 | 0 | 0 | 0 | 0 | 0 | 0 | 0 | 0 | 0 | 0 | 0 | 7 | >-7 | 89< | 128 ]
[ -127 | -2 | 0 | 0 | 0 | 0 | 0 | 0 | 0 | 0 | 0 | 0 | 0 | 0 | 0 | 0 | 0 | 0 | 0 | 0 | 0 | 0 | 0 | 0 | 0 | 0 | 7 | >-7 | 90< | 128 ]
[ -127 | -2 | 0 | 0 | 0 | 0 | 0 | 0 | 0 | 0 | 0 | 0 | 0 | 0 | 0 | 0 | 0 | 0 | 0 | 0 | 0 | 0 | 0 | 0 | 0 | 0 | 7 | >-8 | 91< | 128 ]
[ -127 | -2 | 0 | 0 | 0 | 0 | 0 | 0 | 0 | 0 | 0 | 0 | 0 | 0 | 0 | 0 | 0 | 0 | 0 | 0 | 0 | 0 | 0 | 0 | 0 | 0 | 7 | -8 | >92< | 128 ]
[ -127 | -2 | 0 | 0 | 0 | 0 | 0 | 0 | 0 | 0 | 0 | 0 | 0 | 0 | 0 | 0 | 0 | 0 | 0 | 0 | 0 | 0 | 0 | 0 | 0 | 0 | 7 | -8 | >94< | 128 ]
[ -127 | -2 | 0 | 0 | 0 | 0 | 0 | 0 | 0 | 0 | 0 | 0 | 0 | 0 | 0 | 0 | 0 | 0 | 0 | 0 | 0 | 0 | 0 | 0 | 0 | 0 | 7 | -8 | >95< | 128 ]
[ -127 | -2 | 0 | 0 | 0 | 0 | 0 | 0 | 0 | 0 | 0 | 0 | 0 | 0 | 0 | 0 | 0 | 0 | 0 | 0 | 0 | 0 | 0 | 0 | 0 | 0 | 7 | -8 | >95< | 128 ]
[ -127 | -2 | 0 | 0 | 0 | 0 | 0 | 0 | 0 | 0 | 0 | 0 | 0 | 0 | 0 | 0 | 0 | 0 | 0 | 0 | 0 | 0 | 0 | 0 | 0 | 0 | 7 | -8 | 96< | >128 ]
[ -127 | -2 | 0 | 0 | 0 | 0 | 0 | 0 | 0 | 0 | 0 | 0 | 0 | 0 | 0 | 0 | 0 | 0 | 0 | 0 | 0 | 0 | 0 | 0 | 0 | 0 | 7 | -8 | 97< | >-127 ]
[ -127 | -2 | 0 | 0 | 0 | 0 | 0 | 0 | 0 | 0 | 0 | 0 | 0 | 0 | 0 | 0 | 0 | 0 | 0 | 0 | 0 | 0 | 0 | 0 | 0 | 0 | 7 | -8 | 98< | >-127 ]
[ -127 | -2 | 0 | 0 | 0 | 0 | 0 | 0 | 0 | 0 | 0 | 0 | 0 | 0 | 0 | 0 | 0 | 0 | 0 | 0 | 0 | 0 | 0 | 0 | 0 | 0 | 7 | -8 | 99< | >128 ]
[ >-127 | -2 | 0 | 0 | 0 | 0 | 0 | 0 | 0 | 0 | 0 | 0 | 0 | 0 | 0 | 0 | 0 | 0 | 0 | 0 | 0 | 0 | 0 | 0 | 0 | 0 | 7 | -8 | 100< | 128 ]

===== ScaredyBot won the battle after 120 cycles =====



===== Starting battle of <MetaJSRandomBot> vs <ScaredyBot> with memory tape size: 22 =====

[ >128 | 0 | 0 | 0 | 0 | 0 | 0 | 0 | 0 | 0 | 0 | 0 | 0 | 0 | 0 | 0 | 0 | 0 | 0 | 0 | 0 | 128< ]
[ >-127 | 0 | 0 | 0 | 0 | 0 | 0 | 0 | 0 | 0 | 0 | 0 | 0 | 0 | 0 | 0 | 0 | 0 | 0 | 0 | 0< | 128 ]
[ >-127 | 0 | 0 | 0 | 0 | 0 | 0 | 0 | 0 | 0 | 0 | 0 | 0 | 0 | 0 | 0 | 0 | 0 | 0 | 0 | 1< | 128 ]
[ >-127 | 0 | 0 | 0 | 0 | 0 | 0 | 0 | 0 | 0 | 0 | 0 | 0 | 0 | 0 | 0 | 0 | 0 | 0 | 0< | 1 | 128 ]
[ -127 | >0 | 0 | 0 | 0 | 0 | 0 | 0 | 0 | 0 | 0 | 0 | 0 | 0 | 0 | 0 | 0 | 0 | 0 | -1< | 1 | 128 ]
[ -127 | >-1 | 0 | 0 | 0 | 0 | 0 | 0 | 0 | 0 | 0 | 0 | 0 | 0 | 0 | 0 | 0 | 0 | 0 | -2< | 1 | 128 ]
[ -127 | >-1 | 0 | 0 | 0 | 0 | 0 | 0 | 0 | 0 | 0 | 0 | 0 | 0 | 0 | 0 | 0 | 0 | 0 | -3< | 1 | 128 ]
[ -127 | >-2 | 0 | 0 | 0 | 0 | 0 | 0 | 0 | 0 | 0 | 0 | 0 | 0 | 0 | 0 | 0 | 0 | 0 | -4< | 1 | 128 ]
[ -127 | -2 | >0 | 0 | 0 | 0 | 0 | 0 | 0 | 0 | 0 | 0 | 0 | 0 | 0 | 0 | 0 | 0 | 0 | -5< | 1 | 128 ]
[ -127 | -2 | >1 | 0 | 0 | 0 | 0 | 0 | 0 | 0 | 0 | 0 | 0 | 0 | 0 | 0 | 0 | 0 | 0 | -6< | 1 | 128 ]
[ -127 | -2 | >1 | 0 | 0 | 0 | 0 | 0 | 0 | 0 | 0 | 0 | 0 | 0 | 0 | 0 | 0 | 0 | 0 | -7< | 1 | 128 ]
[ -127 | -2 | >0 | 0 | 0 | 0 | 0 | 0 | 0 | 0 | 0 | 0 | 0 | 0 | 0 | 0 | 0 | 0 | 0 | -8< | 1 | 128 ]
[ -127 | -2 | 0 | >0 | 0 | 0 | 0 | 0 | 0 | 0 | 0 | 0 | 0 | 0 | 0 | 0 | 0 | 0 | 0< | -8 | 1 | 128 ]
[ -127 | -2 | 0 | >1 | 0 | 0 | 0 | 0 | 0 | 0 | 0 | 0 | 0 | 0 | 0 | 0 | 0 | 0 | 1< | -8 | 1 | 128 ]
[ -127 | -2 | 0 | >1 | 0 | 0 | 0 | 0 | 0 | 0 | 0 | 0 | 0 | 0 | 0 | 0 | 0 | 0 | 2< | -8 | 1 | 128 ]
[ -127 | -2 | 0 | >0 | 0 | 0 | 0 | 0 | 0 | 0 | 0 | 0 | 0 | 0 | 0 | 0 | 0 | 0 | 3< | -8 | 1 | 128 ]
[ -127 | -2 | 0 | 0 | >0 | 0 | 0 | 0 | 0 | 0 | 0 | 0 | 0 | 0 | 0 | 0 | 0 | 0 | 4< | -8 | 1 | 128 ]
[ -127 | -2 | 0 | 0 | >1 | 0 | 0 | 0 | 0 | 0 | 0 | 0 | 0 | 0 | 0 | 0 | 0 | 0 | 5< | -8 | 1 | 128 ]
[ -127 | -2 | 0 | 0 | >1 | 0 | 0 | 0 | 0 | 0 | 0 | 0 | 0 | 0 | 0 | 0 | 0 | 0 | 6< | -8 | 1 | 128 ]
[ -127 | -2 | 0 | 0 | >0 | 0 | 0 | 0 | 0 | 0 | 0 | 0 | 0 | 0 | 0 | 0 | 0 | 0 | 7< | -8 | 1 | 128 ]
[ -127 | -2 | 0 | 0 | 0 | >0 | 0 | 0 | 0 | 0 | 0 | 0 | 0 | 0 | 0 | 0 | 0 | 0 | 7 | -8< | 1 | 128 ]
[ -127 | -2 | 0 | 0 | 0 | >1 | 0 | 0 | 0 | 0 | 0 | 0 | 0 | 0 | 0 | 0 | 0 | 0 | 7 | -8 | 1< | 128 ]
[ -127 | -2 | 0 | 0 | 0 | >1 | 0 | 0 | 0 | 0 | 0 | 0 | 0 | 0 | 0 | 0 | 0 | 0 | 7 | -8 | 2< | 128 ]
[ -127 | -2 | 0 | 0 | 0 | >0 | 0 | 0 | 0 | 0 | 0 | 0 | 0 | 0 | 0 | 0 | 0 | 0 | 7 | -8 | 3< | 128 ]
[ -127 | -2 | 0 | 0 | 0 | 0 | >0 | 0 | 0 | 0 | 0 | 0 | 0 | 0 | 0 | 0 | 0 | 0 | 7 | -8 | 4< | 128 ]
[ -127 | -2 | 0 | 0 | 0 | 0 | >1 | 0 | 0 | 0 | 0 | 0 | 0 | 0 | 0 | 0 | 0 | 0 | 7 | -8 | 5< | 128 ]
[ -127 | -2 | 0 | 0 | 0 | 0 | >1 | 0 | 0 | 0 | 0 | 0 | 0 | 0 | 0 | 0 | 0 | 0 | 7 | -8 | 6< | 128 ]
[ -127 | -2 | 0 | 0 | 0 | 0 | >0 | 0 | 0 | 0 | 0 | 0 | 0 | 0 | 0 | 0 | 0 | 0 | 7 | -8 | 7< | 128 ]
[ -127 | -2 | 0 | 0 | 0 | 0 | 0 | >0 | 0 | 0 | 0 | 0 | 0 | 0 | 0 | 0 | 0 | 0 | 7 | -8 | 8< | 128 ]
[ -127 | -2 | 0 | 0 | 0 | 0 | 0 | >1 | 0 | 0 | 0 | 0 | 0 | 0 | 0 | 0 | 0 | 0 | 7 | -8 | 9< | 128 ]
[ -127 | -2 | 0 | 0 | 0 | 0 | 0 | >1 | 0 | 0 | 0 | 0 | 0 | 0 | 0 | 0 | 0 | 0 | 7 | -8 | 10< | 128 ]
[ -127 | -2 | 0 | 0 | 0 | 0 | 0 | >0 | 0 | 0 | 0 | 0 | 0 | 0 | 0 | 0 | 0 | 0 | 7 | -8 | 11< | 128 ]
[ -127 | -2 | 0 | 0 | 0 | 0 | 0 | 0 | >0 | 0 | 0 | 0 | 0 | 0 | 0 | 0 | 0 | 0 | 7 | -8 | 12< | 128 ]
[ -127 | -2 | 0 | 0 | 0 | 0 | 0 | 0 | >1 | 0 | 0 | 0 | 0 | 0 | 0 | 0 | 0 | 0 | 7 | -8 | 13< | 128 ]
[ -127 | -2 | 0 | 0 | 0 | 0 | 0 | 0 | >1 | 0 | 0 | 0 | 0 | 0 | 0 | 0 | 0 | 0 | 7 | -8 | 14< | 128 ]
[ -127 | -2 | 0 | 0 | 0 | 0 | 0 | 0 | >0 | 0 | 0 | 0 | 0 | 0 | 0 | 0 | 0 | 0 | 7 | -8 | 15< | 128 ]
[ -127 | -2 | 0 | 0 | 0 | 0 | 0 | 0 | 0 | >0 | 0 | 0 | 0 | 0 | 0 | 0 | 0 | 0 | 7 | -8 | 16< | 128 ]
[ -127 | -2 | 0 | 0 | 0 | 0 | 0 | 0 | 0 | >1 | 0 | 0 | 0 | 0 | 0 | 0 | 0 | 0 | 7 | -8 | 17< | 128 ]
[ -127 | -2 | 0 | 0 | 0 | 0 | 0 | 0 | 0 | >1 | 0 | 0 | 0 | 0 | 0 | 0 | 0 | 0 | 7 | -8 | 18< | 128 ]
[ -127 | -2 | 0 | 0 | 0 | 0 | 0 | 0 | 0 | >0 | 0 | 0 | 0 | 0 | 0 | 0 | 0 | 0 | 7 | -8 | 19< | 128 ]
[ -127 | -2 | 0 | 0 | 0 | 0 | 0 | 0 | 0 | 0 | >0 | 0 | 0 | 0 | 0 | 0 | 0 | 0 | 7 | -8 | 20< | 128 ]
[ -127 | -2 | 0 | 0 | 0 | 0 | 0 | 0 | 0 | 0 | >1 | 0 | 0 | 0 | 0 | 0 | 0 | 0 | 7 | -8 | 21< | 128 ]
[ -127 | -2 | 0 | 0 | 0 | 0 | 0 | 0 | 0 | 0 | >1 | 0 | 0 | 0 | 0 | 0 | 0 | 0 | 7 | -8 | 22< | 128 ]
[ -127 | -2 | 0 | 0 | 0 | 0 | 0 | 0 | 0 | 0 | >0 | 0 | 0 | 0 | 0 | 0 | 0 | 0 | 7 | -8 | 23< | 128 ]
[ -127 | -2 | 0 | 0 | 0 | 0 | 0 | 0 | 0 | 0 | 0 | >0 | 0 | 0 | 0 | 0 | 0 | 0 | 7 | -8 | 24< | 128 ]
[ -127 | -2 | 0 | 0 | 0 | 0 | 0 | 0 | 0 | 0 | 0 | >1 | 0 | 0 | 0 | 0 | 0 | 0 | 7 | -8 | 25< | 128 ]
[ -127 | -2 | 0 | 0 | 0 | 0 | 0 | 0 | 0 | 0 | 0 | >1 | 0 | 0 | 0 | 0 | 0 | 0 | 7 | -8 | 26< | 128 ]
[ -127 | -2 | 0 | 0 | 0 | 0 | 0 | 0 | 0 | 0 | 0 | >0 | 0 | 0 | 0 | 0 | 0 | 0 | 7 | -8 | 27< | 128 ]
[ -127 | -2 | 0 | 0 | 0 | 0 | 0 | 0 | 0 | 0 | 0 | 0 | >0 | 0 | 0 | 0 | 0 | 0 | 7 | -8 | 28< | 128 ]
[ -127 | -2 | 0 | 0 | 0 | 0 | 0 | 0 | 0 | 0 | 0 | 0 | >1 | 0 | 0 | 0 | 0 | 0 | 7 | -8 | 29< | 128 ]
[ -127 | -2 | 0 | 0 | 0 | 0 | 0 | 0 | 0 | 0 | 0 | 0 | >1 | 0 | 0 | 0 | 0 | 0 | 7 | -8 | 30< | 128 ]
[ -127 | -2 | 0 | 0 | 0 | 0 | 0 | 0 | 0 | 0 | 0 | 0 | >0 | 0 | 0 | 0 | 0 | 0 | 7 | -8 | 31< | 128 ]
[ -127 | -2 | 0 | 0 | 0 | 0 | 0 | 0 | 0 | 0 | 0 | 0 | 0 | >0 | 0 | 0 | 0 | 0 | 7 | -8 | 32< | 128 ]
[ -127 | -2 | 0 | 0 | 0 | 0 | 0 | 0 | 0 | 0 | 0 | 0 | 0 | >1 | 0 | 0 | 0 | 0 | 7 | -8 | 33< | 128 ]
[ -127 | -2 | 0 | 0 | 0 | 0 | 0 | 0 | 0 | 0 | 0 | 0 | 0 | >1 | 0 | 0 | 0 | 0 | 7 | -8 | 34< | 128 ]
[ -127 | -2 | 0 | 0 | 0 | 0 | 0 | 0 | 0 | 0 | 0 | 0 | 0 | >0 | 0 | 0 | 0 | 0 | 7 | -8 | 35< | 128 ]
[ -127 | -2 | 0 | 0 | 0 | 0 | 0 | 0 | 0 | 0 | 0 | 0 | 0 | 0 | >0 | 0 | 0 | 0 | 7 | -8 | 36< | 128 ]
[ -127 | -2 | 0 | 0 | 0 | 0 | 0 | 0 | 0 | 0 | 0 | 0 | 0 | 0 | >1 | 0 | 0 | 0 | 7 | -8 | 37< | 128 ]
[ -127 | -2 | 0 | 0 | 0 | 0 | 0 | 0 | 0 | 0 | 0 | 0 | 0 | 0 | >1 | 0 | 0 | 0 | 7 | -8 | 38< | 128 ]
[ -127 | -2 | 0 | 0 | 0 | 0 | 0 | 0 | 0 | 0 | 0 | 0 | 0 | 0 | >0 | 0 | 0 | 0 | 7 | -8 | 39< | 128 ]
[ -127 | -2 | 0 | 0 | 0 | 0 | 0 | 0 | 0 | 0 | 0 | 0 | 0 | 0 | 0 | >0 | 0 | 0 | 7 | -8 | 40< | 128 ]
[ -127 | -2 | 0 | 0 | 0 | 0 | 0 | 0 | 0 | 0 | 0 | 0 | 0 | 0 | 0 | >1 | 0 | 0 | 7 | -8 | 41< | 128 ]
[ -127 | -2 | 0 | 0 | 0 | 0 | 0 | 0 | 0 | 0 | 0 | 0 | 0 | 0 | 0 | >1 | 0 | 0 | 7 | -8 | 42< | 128 ]
[ -127 | -2 | 0 | 0 | 0 | 0 | 0 | 0 | 0 | 0 | 0 | 0 | 0 | 0 | 0 | >0 | 0 | 0 | 7 | -8 | 43< | 128 ]
[ -127 | -2 | 0 | 0 | 0 | 0 | 0 | 0 | 0 | 0 | 0 | 0 | 0 | 0 | 0 | 0 | >0 | 0 | 7 | -8 | 44< | 128 ]
[ -127 | -2 | 0 | 0 | 0 | 0 | 0 | 0 | 0 | 0 | 0 | 0 | 0 | 0 | 0 | 0 | >1 | 0 | 7 | -8 | 45< | 128 ]
[ -127 | -2 | 0 | 0 | 0 | 0 | 0 | 0 | 0 | 0 | 0 | 0 | 0 | 0 | 0 | 0 | >1 | 0 | 7 | -8 | 46< | 128 ]
[ -127 | -2 | 0 | 0 | 0 | 0 | 0 | 0 | 0 | 0 | 0 | 0 | 0 | 0 | 0 | 0 | >0 | 0 | 7 | -8 | 47< | 128 ]
[ -127 | -2 | 0 | 0 | 0 | 0 | 0 | 0 | 0 | 0 | 0 | 0 | 0 | 0 | 0 | 0 | 0 | >0 | 7 | -8 | 48< | 128 ]
[ -127 | -2 | 0 | 0 | 0 | 0 | 0 | 0 | 0 | 0 | 0 | 0 | 0 | 0 | 0 | 0 | 0 | >1 | 7 | -8 | 49< | 128 ]
[ -127 | -2 | 0 | 0 | 0 | 0 | 0 | 0 | 0 | 0 | 0 | 0 | 0 | 0 | 0 | 0 | 0 | >1 | 7 | -8 | 50< | 128 ]
[ -127 | -2 | 0 | 0 | 0 | 0 | 0 | 0 | 0 | 0 | 0 | 0 | 0 | 0 | 0 | 0 | 0 | >0 | 7 | -8 | 51< | 128 ]
[ -127 | -2 | 0 | 0 | 0 | 0 | 0 | 0 | 0 | 0 | 0 | 0 | 0 | 0 | 0 | 0 | 0 | 0 | >7 | -8 | 52< | 128 ]
[ -127 | -2 | 0 | 0 | 0 | 0 | 0 | 0 | 0 | 0 | 0 | 0 | 0 | 0 | 0 | 0 | 0 | 0 | >8 | -8 | 53< | 128 ]
[ -127 | -2 | 0 | 0 | 0 | 0 | 0 | 0 | 0 | 0 | 0 | 0 | 0 | 0 | 0 | 0 | 0 | 0 | >8 | -8 | 54< | 128 ]
[ -127 | -2 | 0 | 0 | 0 | 0 | 0 | 0 | 0 | 0 | 0 | 0 | 0 | 0 | 0 | 0 | 0 | 0 | >7 | -8 | 55< | 128 ]
[ -127 | -2 | 0 | 0 | 0 | 0 | 0 | 0 | 0 | 0 | 0 | 0 | 0 | 0 | 0 | 0 | 0 | 0 | 7 | >-8 | 56< | 128 ]
[ -127 | -2 | 0 | 0 | 0 | 0 | 0 | 0 | 0 | 0 | 0 | 0 | 0 | 0 | 0 | 0 | 0 | 0 | 7 | >-7 | 57< | 128 ]
[ -127 | -2 | 0 | 0 | 0 | 0 | 0 | 0 | 0 | 0 | 0 | 0 | 0 | 0 | 0 | 0 | 0 | 0 | 7 | >-7 | 58< | 128 ]
[ -127 | -2 | 0 | 0 | 0 | 0 | 0 | 0 | 0 | 0 | 0 | 0 | 0 | 0 | 0 | 0 | 0 | 0 | 7 | >-8 | 59< | 128 ]
[ -127 | -2 | 0 | 0 | 0 | 0 | 0 | 0 | 0 | 0 | 0 | 0 | 0 | 0 | 0 | 0 | 0 | 0 | 7 | -8 | >60< | 128 ]
[ -127 | -2 | 0 | 0 | 0 | 0 | 0 | 0 | 0 | 0 | 0 | 0 | 0 | 0 | 0 | 0 | 0 | 0 | 7 | -8 | >62< | 128 ]
[ -127 | -2 | 0 | 0 | 0 | 0 | 0 | 0 | 0 | 0 | 0 | 0 | 0 | 0 | 0 | 0 | 0 | 0 | 7 | -8 | >63< | 128 ]
[ -127 | -2 | 0 | 0 | 0 | 0 | 0 | 0 | 0 | 0 | 0 | 0 | 0 | 0 | 0 | 0 | 0 | 0 | 7 | -8 | >63< | 128 ]
[ -127 | -2 | 0 | 0 | 0 | 0 | 0 | 0 | 0 | 0 | 0 | 0 | 0 | 0 | 0 | 0 | 0 | 0 | 7 | -8 | 64< | >128 ]
[ -127 | -2 | 0 | 0 | 0 | 0 | 0 | 0 | 0 | 0 | 0 | 0 | 0 | 0 | 0 | 0 | 0 | 0 | 7 | -8 | 65< | >-127 ]
[ -127 | -2 | 0 | 0 | 0 | 0 | 0 | 0 | 0 | 0 | 0 | 0 | 0 | 0 | 0 | 0 | 0 | 0 | 7 | -8 | 66< | >-127 ]
[ -127 | -2 | 0 | 0 | 0 | 0 | 0 | 0 | 0 | 0 | 0 | 0 | 0 | 0 | 0 | 0 | 0 | 0 | 7 | -8 | 67< | >128 ]
[ >-127 | -2 | 0 | 0 | 0 | 0 | 0 | 0 | 0 | 0 | 0 | 0 | 0 | 0 | 0 | 0 | 0 | 0 | 7 | -8 | 68< | 128 ]

===== ScaredyBot won the battle after 88 cycles =====



===== Starting battle of <MetaJSRandomBot> vs <ScaredyBot> with memory tape size: 18 =====

[ >128 | 0 | 0 | 0 | 0 | 0 | 0 | 0 | 0 | 0 | 0 | 0 | 0 | 0 | 0 | 0 | 0 | 128< ]
[ >-127 | 0 | 0 | 0 | 0 | 0 | 0 | 0 | 0 | 0 | 0 | 0 | 0 | 0 | 0 | 0 | 0< | 128 ]
[ >-127 | 0 | 0 | 0 | 0 | 0 | 0 | 0 | 0 | 0 | 0 | 0 | 0 | 0 | 0 | 0 | 1< | 128 ]
[ >-127 | 0 | 0 | 0 | 0 | 0 | 0 | 0 | 0 | 0 | 0 | 0 | 0 | 0 | 0 | 0< | 1 | 128 ]
[ -127 | >0 | 0 | 0 | 0 | 0 | 0 | 0 | 0 | 0 | 0 | 0 | 0 | 0 | 0 | -1< | 1 | 128 ]
[ -127 | >-1 | 0 | 0 | 0 | 0 | 0 | 0 | 0 | 0 | 0 | 0 | 0 | 0 | 0 | -2< | 1 | 128 ]
[ -127 | >-1 | 0 | 0 | 0 | 0 | 0 | 0 | 0 | 0 | 0 | 0 | 0 | 0 | 0 | -3< | 1 | 128 ]
[ -127 | >-2 | 0 | 0 | 0 | 0 | 0 | 0 | 0 | 0 | 0 | 0 | 0 | 0 | 0 | -4< | 1 | 128 ]
[ -127 | -2 | >0 | 0 | 0 | 0 | 0 | 0 | 0 | 0 | 0 | 0 | 0 | 0 | 0 | -5< | 1 | 128 ]
[ -127 | -2 | >1 | 0 | 0 | 0 | 0 | 0 | 0 | 0 | 0 | 0 | 0 | 0 | 0 | -6< | 1 | 128 ]
[ -127 | -2 | >1 | 0 | 0 | 0 | 0 | 0 | 0 | 0 | 0 | 0 | 0 | 0 | 0 | -7< | 1 | 128 ]
[ -127 | -2 | >0 | 0 | 0 | 0 | 0 | 0 | 0 | 0 | 0 | 0 | 0 | 0 | 0 | -8< | 1 | 128 ]
[ -127 | -2 | 0 | >0 | 0 | 0 | 0 | 0 | 0 | 0 | 0 | 0 | 0 | 0 | 0< | -8 | 1 | 128 ]
[ -127 | -2 | 0 | >1 | 0 | 0 | 0 | 0 | 0 | 0 | 0 | 0 | 0 | 0 | 1< | -8 | 1 | 128 ]
[ -127 | -2 | 0 | >1 | 0 | 0 | 0 | 0 | 0 | 0 | 0 | 0 | 0 | 0 | 2< | -8 | 1 | 128 ]
[ -127 | -2 | 0 | >0 | 0 | 0 | 0 | 0 | 0 | 0 | 0 | 0 | 0 | 0 | 3< | -8 | 1 | 128 ]
[ -127 | -2 | 0 | 0 | >0 | 0 | 0 | 0 | 0 | 0 | 0 | 0 | 0 | 0 | 4< | -8 | 1 | 128 ]
[ -127 | -2 | 0 | 0 | >1 | 0 | 0 | 0 | 0 | 0 | 0 | 0 | 0 | 0 | 5< | -8 | 1 | 128 ]
[ -127 | -2 | 0 | 0 | >1 | 0 | 0 | 0 | 0 | 0 | 0 | 0 | 0 | 0 | 6< | -8 | 1 | 128 ]
[ -127 | -2 | 0 | 0 | >0 | 0 | 0 | 0 | 0 | 0 | 0 | 0 | 0 | 0 | 7< | -8 | 1 | 128 ]
[ -127 | -2 | 0 | 0 | 0 | >0 | 0 | 0 | 0 | 0 | 0 | 0 | 0 | 0 | 7 | -8< | 1 | 128 ]
[ -127 | -2 | 0 | 0 | 0 | >1 | 0 | 0 | 0 | 0 | 0 | 0 | 0 | 0 | 7 | -8 | 1< | 128 ]
[ -127 | -2 | 0 | 0 | 0 | >1 | 0 | 0 | 0 | 0 | 0 | 0 | 0 | 0 | 7 | -8 | 2< | 128 ]
[ -127 | -2 | 0 | 0 | 0 | >0 | 0 | 0 | 0 | 0 | 0 | 0 | 0 | 0 | 7 | -8 | 3< | 128 ]
[ -127 | -2 | 0 | 0 | 0 | 0 | >0 | 0 | 0 | 0 | 0 | 0 | 0 | 0 | 7 | -8 | 4< | 128 ]
[ -127 | -2 | 0 | 0 | 0 | 0 | >1 | 0 | 0 | 0 | 0 | 0 | 0 | 0 | 7 | -8 | 5< | 128 ]
[ -127 | -2 | 0 | 0 | 0 | 0 | >1 | 0 | 0 | 0 | 0 | 0 | 0 | 0 | 7 | -8 | 6< | 128 ]
[ -127 | -2 | 0 | 0 | 0 | 0 | >0 | 0 | 0 | 0 | 0 | 0 | 0 | 0 | 7 | -8 | 7< | 128 ]
[ -127 | -2 | 0 | 0 | 0 | 0 | 0 | >0 | 0 | 0 | 0 | 0 | 0 | 0 | 7 | -8 | 8< | 128 ]
[ -127 | -2 | 0 | 0 | 0 | 0 | 0 | >1 | 0 | 0 | 0 | 0 | 0 | 0 | 7 | -8 | 9< | 128 ]
[ -127 | -2 | 0 | 0 | 0 | 0 | 0 | >1 | 0 | 0 | 0 | 0 | 0 | 0 | 7 | -8 | 10< | 128 ]
[ -127 | -2 | 0 | 0 | 0 | 0 | 0 | >0 | 0 | 0 | 0 | 0 | 0 | 0 | 7 | -8 | 11< | 128 ]
[ -127 | -2 | 0 | 0 | 0 | 0 | 0 | 0 | >0 | 0 | 0 | 0 | 0 | 0 | 7 | -8 | 12< | 128 ]
[ -127 | -2 | 0 | 0 | 0 | 0 | 0 | 0 | >1 | 0 | 0 | 0 | 0 | 0 | 7 | -8 | 13< | 128 ]
[ -127 | -2 | 0 | 0 | 0 | 0 | 0 | 0 | >1 | 0 | 0 | 0 | 0 | 0 | 7 | -8 | 14< | 128 ]
[ -127 | -2 | 0 | 0 | 0 | 0 | 0 | 0 | >0 | 0 | 0 | 0 | 0 | 0 | 7 | -8 | 15< | 128 ]
[ -127 | -2 | 0 | 0 | 0 | 0 | 0 | 0 | 0 | >0 | 0 | 0 | 0 | 0 | 7 | -8 | 16< | 128 ]
[ -127 | -2 | 0 | 0 | 0 | 0 | 0 | 0 | 0 | >1 | 0 | 0 | 0 | 0 | 7 | -8 | 17< | 128 ]
[ -127 | -2 | 0 | 0 | 0 | 0 | 0 | 0 | 0 | >1 | 0 | 0 | 0 | 0 | 7 | -8 | 18< | 128 ]
[ -127 | -2 | 0 | 0 | 0 | 0 | 0 | 0 | 0 | >0 | 0 | 0 | 0 | 0 | 7 | -8 | 19< | 128 ]
[ -127 | -2 | 0 | 0 | 0 | 0 | 0 | 0 | 0 | 0 | >0 | 0 | 0 | 0 | 7 | -8 | 20< | 128 ]
[ -127 | -2 | 0 | 0 | 0 | 0 | 0 | 0 | 0 | 0 | >1 | 0 | 0 | 0 | 7 | -8 | 21< | 128 ]
[ -127 | -2 | 0 | 0 | 0 | 0 | 0 | 0 | 0 | 0 | >1 | 0 | 0 | 0 | 7 | -8 | 22< | 128 ]
[ -127 | -2 | 0 | 0 | 0 | 0 | 0 | 0 | 0 | 0 | >0 | 0 | 0 | 0 | 7 | -8 | 23< | 128 ]
[ -127 | -2 | 0 | 0 | 0 | 0 | 0 | 0 | 0 | 0 | 0 | >0 | 0 | 0 | 7 | -8 | 24< | 128 ]
[ -127 | -2 | 0 | 0 | 0 | 0 | 0 | 0 | 0 | 0 | 0 | >1 | 0 | 0 | 7 | -8 | 25< | 128 ]
[ -127 | -2 | 0 | 0 | 0 | 0 | 0 | 0 | 0 | 0 | 0 | >1 | 0 | 0 | 7 | -8 | 26< | 128 ]
[ -127 | -2 | 0 | 0 | 0 | 0 | 0 | 0 | 0 | 0 | 0 | >0 | 0 | 0 | 7 | -8 | 27< | 128 ]
[ -127 | -2 | 0 | 0 | 0 | 0 | 0 | 0 | 0 | 0 | 0 | 0 | >0 | 0 | 7 | -8 | 28< | 128 ]
[ -127 | -2 | 0 | 0 | 0 | 0 | 0 | 0 | 0 | 0 | 0 | 0 | >1 | 0 | 7 | -8 | 29< | 128 ]
[ -127 | -2 | 0 | 0 | 0 | 0 | 0 | 0 | 0 | 0 | 0 | 0 | >1 | 0 | 7 | -8 | 30< | 128 ]
[ -127 | -2 | 0 | 0 | 0 | 0 | 0 | 0 | 0 | 0 | 0 | 0 | >0 | 0 | 7 | -8 | 31< | 128 ]
[ -127 | -2 | 0 | 0 | 0 | 0 | 0 | 0 | 0 | 0 | 0 | 0 | 0 | >0 | 7 | -8 | 32< | 128 ]
[ -127 | -2 | 0 | 0 | 0 | 0 | 0 | 0 | 0 | 0 | 0 | 0 | 0 | >1 | 7 | -8 | 33< | 128 ]
[ -127 | -2 | 0 | 0 | 0 | 0 | 0 | 0 | 0 | 0 | 0 | 0 | 0 | >1 | 7 | -8 | 34< | 128 ]
[ -127 | -2 | 0 | 0 | 0 | 0 | 0 | 0 | 0 | 0 | 0 | 0 | 0 | >0 | 7 | -8 | 35< | 128 ]
[ -127 | -2 | 0 | 0 | 0 | 0 | 0 | 0 | 0 | 0 | 0 | 0 | 0 | 0 | >7 | -8 | 36< | 128 ]
[ -127 | -2 | 0 | 0 | 0 | 0 | 0 | 0 | 0 | 0 | 0 | 0 | 0 | 0 | >8 | -8 | 37< | 128 ]
[ -127 | -2 | 0 | 0 | 0 | 0 | 0 | 0 | 0 | 0 | 0 | 0 | 0 | 0 | >8 | -8 | 38< | 128 ]
[ -127 | -2 | 0 | 0 | 0 | 0 | 0 | 0 | 0 | 0 | 0 | 0 | 0 | 0 | >7 | -8 | 39< | 128 ]
[ -127 | -2 | 0 | 0 | 0 | 0 | 0 | 0 | 0 | 0 | 0 | 0 | 0 | 0 | 7 | >-8 | 40< | 128 ]
[ -127 | -2 | 0 | 0 | 0 | 0 | 0 | 0 | 0 | 0 | 0 | 0 | 0 | 0 | 7 | >-7 | 41< | 128 ]
[ -127 | -2 | 0 | 0 | 0 | 0 | 0 | 0 | 0 | 0 | 0 | 0 | 0 | 0 | 7 | >-7 | 42< | 128 ]
[ -127 | -2 | 0 | 0 | 0 | 0 | 0 | 0 | 0 | 0 | 0 | 0 | 0 | 0 | 7 | >-8 | 43< | 128 ]
[ -127 | -2 | 0 | 0 | 0 | 0 | 0 | 0 | 0 | 0 | 0 | 0 | 0 | 0 | 7 | -8 | >44< | 128 ]
[ -127 | -2 | 0 | 0 | 0 | 0 | 0 | 0 | 0 | 0 | 0 | 0 | 0 | 0 | 7 | -8 | >46< | 128 ]
[ -127 | -2 | 0 | 0 | 0 | 0 | 0 | 0 | 0 | 0 | 0 | 0 | 0 | 0 | 7 | -8 | >47< | 128 ]
[ -127 | -2 | 0 | 0 | 0 | 0 | 0 | 0 | 0 | 0 | 0 | 0 | 0 | 0 | 7 | -8 | >47< | 128 ]
[ -127 | -2 | 0 | 0 | 0 | 0 | 0 | 0 | 0 | 0 | 0 | 0 | 0 | 0 | 7 | -8 | 48< | >128 ]
[ -127 | -2 | 0 | 0 | 0 | 0 | 0 | 0 | 0 | 0 | 0 | 0 | 0 | 0 | 7 | -8 | 49< | >-127 ]
[ -127 | -2 | 0 | 0 | 0 | 0 | 0 | 0 | 0 | 0 | 0 | 0 | 0 | 0 | 7 | -8 | 50< | >-127 ]
[ -127 | -2 | 0 | 0 | 0 | 0 | 0 | 0 | 0 | 0 | 0 | 0 | 0 | 0 | 7 | -8 | 51< | >128 ]
[ >-127 | -2 | 0 | 0 | 0 | 0 | 0 | 0 | 0 | 0 | 0 | 0 | 0 | 0 | 7 | -8 | 52< | 128 ]

===== ScaredyBot won the battle after 72 cycles =====



===== MetaJSRandomBot.bf vs. ScaredyBot.bf finished with 0:10 =====