===== Starting battle of <Plodder> vs <Dumbestbot> with memory tape size: 23 =====

[ >128 | 0 | 0 | 0 | 0 | 0 | 0 | 0 | 0 | 0 | 0 | 0 | 0 | 0 | 0 | 0 | 0 | 0 | 0 | 0 | 0 | 0 | 128< ]
[ 128< | >0 | 0 | 0 | 0 | 0 | 0 | 0 | 0 | 0 | 0 | 0 | 0 | 0 | 0 | 0 | 0 | 0 | 0 | 0 | 0 | 0 | 128 ]

===== Plodder won the battle after 1 cycles =====



===== Starting battle of <Plodder> vs <Dumbestbot> with memory tape size: 20 =====

[ >128 | 0 | 0 | 0 | 0 | 0 | 0 | 0 | 0 | 0 | 0 | 0 | 0 | 0 | 0 | 0 | 0 | 0 | 0 | 128< ]
[ 128< | >0 | 0 | 0 | 0 | 0 | 0 | 0 | 0 | 0 | 0 | 0 | 0 | 0 | 0 | 0 | 0 | 0 | 0 | 128 ]

===== Plodder won the battle after 1 cycles =====



===== Starting battle of <Plodder> vs <Dumbestbot> with memory tape size: 24 =====

[ >128 | 0 | 0 | 0 | 0 | 0 | 0 | 0 | 0 | 0 | 0 | 0 | 0 | 0 | 0 | 0 | 0 | 0 | 0 | 0 | 0 | 0 | 0 | 128< ]
[ 128< | >0 | 0 | 0 | 0 | 0 | 0 | 0 | 0 | 0 | 0 | 0 | 0 | 0 | 0 | 0 | 0 | 0 | 0 | 0 | 0 | 0 | 0 | 128 ]

===== Plodder won the battle after 1 cycles =====



===== Starting battle of <Plodder> vs <Dumbestbot> with memory tape size: 28 =====

[ >128 | 0 | 0 | 0 | 0 | 0 | 0 | 0 | 0 | 0 | 0 | 0 | 0 | 0 | 0 | 0 | 0 | 0 | 0 | 0 | 0 | 0 | 0 | 0 | 0 | 0 | 0 | 128< ]
[ 128< | >0 | 0 | 0 | 0 | 0 | 0 | 0 | 0 | 0 | 0 | 0 | 0 | 0 | 0 | 0 | 0 | 0 | 0 | 0 | 0 | 0 | 0 | 0 | 0 | 0 | 0 | 128 ]

===== Plodder won the battle after 1 cycles =====



===== Starting battle of <Plodder> vs <Dumbestbot> with memory tape size: 26 =====

[ >128 | 0 | 0 | 0 | 0 | 0 | 0 | 0 | 0 | 0 | 0 | 0 | 0 | 0 | 0 | 0 | 0 | 0 | 0 | 0 | 0 | 0 | 0 | 0 | 0 | 128< ]
[ 128< | >0 | 0 | 0 | 0 | 0 | 0 | 0 | 0 | 0 | 0 | 0 | 0 | 0 | 0 | 0 | 0 | 0 | 0 | 0 | 0 | 0 | 0 | 0 | 0 | 128 ]

===== Plodder won the battle after 1 cycles =====



===== Starting battle of <Plodder> vs <Dumbestbot> with memory tape size: 10 =====

[ >128 | 0 | 0 | 0 | 0 | 0 | 0 | 0 | 0 | 128< ]
[ 128< | >0 | 0 | 0 | 0 | 0 | 0 | 0 | 0 | 128 ]

===== Plodder won the battle after 1 cycles =====



===== Starting battle of <Plodder> vs <Dumbestbot> with memory tape size: 13 =====

[ >128 | 0 | 0 | 0 | 0 | 0 | 0 | 0 | 0 | 0 | 0 | 0 | 128< ]
[ 128< | >0 | 0 | 0 | 0 | 0 | 0 | 0 | 0 | 0 | 0 | 0 | 128 ]

===== Plodder won the battle after 1 cycles =====



===== Starting battle of <Plodder> vs <Dumbestbot> with memory tape size: 11 =====

[ >128 | 0 | 0 | 0 | 0 | 0 | 0 | 0 | 0 | 0 | 128< ]
[ 128< | >0 | 0 | 0 | 0 | 0 | 0 | 0 | 0 | 0 | 128 ]

===== Plodder won the battle after 1 cycles =====



===== Starting battle of <Plodder> vs <Dumbestbot> with memory tape size: 14 =====

[ >128 | 0 | 0 | 0 | 0 | 0 | 0 | 0 | 0 | 0 | 0 | 0 | 0 | 128< ]
[ 128< | >0 | 0 | 0 | 0 | 0 | 0 | 0 | 0 | 0 | 0 | 0 | 0 | 128 ]

===== Plodder won the battle after 1 cycles =====



===== Starting battle of <Plodder> vs <Dumbestbot> with memory tape size: 27 =====

[ >128 | 0 | 0 | 0 | 0 | 0 | 0 | 0 | 0 | 0 | 0 | 0 | 0 | 0 | 0 | 0 | 0 | 0 | 0 | 0 | 0 | 0 | 0 | 0 | 0 | 0 | 128< ]
[ 128< | >0 | 0 | 0 | 0 | 0 | 0 | 0 | 0 | 0 | 0 | 0 | 0 | 0 | 0 | 0 | 0 | 0 | 0 | 0 | 0 | 0 | 0 | 0 | 0 | 0 | 128 ]

===== Plodder won the battle after 1 cycles =====



===== Plodder.bf vs. Dumbestbot.bf finished with 10:0 =====