===== Starting battle of <PrussianRoulette> vs <CloakingDeviceBot> with memory tape size: 27 =====

[ >128 | 0 | 0 | 0 | 0 | 0 | 0 | 0 | 0 | 0 | 0 | 0 | 0 | 0 | 0 | 0 | 0 | 0 | 0 | 0 | 0 | 0 | 0 | 0 | 0 | 0 | 128< ]
[ 128 | >0 | 0 | 0 | 0 | 0 | 0 | 0 | 0 | 0 | 0 | 0 | 0 | 0 | 0 | 0 | 0 | 0 | 0 | 0 | 0 | 0 | 0 | 0 | 0 | 0 | 127< ]
[ 128 | >1 | 0 | 0 | 0 | 0 | 0 | 0 | 0 | 0 | 0 | 0 | 0 | 0 | 0 | 0 | 0 | 0 | 0 | 0 | 0 | 0 | 0 | 0 | 0 | 0 | 126< ]
[ 128 | >2 | 0 | 0 | 0 | 0 | 0 | 0 | 0 | 0 | 0 | 0 | 0 | 0 | 0 | 0 | 0 | 0 | 0 | 0 | 0 | 0 | 0 | 0 | 0 | 0 | 125< ]
[ 128 | >3 | 0 | 0 | 0 | 0 | 0 | 0 | 0 | 0 | 0 | 0 | 0 | 0 | 0 | 0 | 0 | 0 | 0 | 0 | 0 | 0 | 0 | 0 | 0 | 0 | 124< ]
[ 128 | >4 | 0 | 0 | 0 | 0 | 0 | 0 | 0 | 0 | 0 | 0 | 0 | 0 | 0 | 0 | 0 | 0 | 0 | 0 | 0 | 0 | 0 | 0 | 0 | 0 | 123< ]
[ 128 | >5 | 0 | 0 | 0 | 0 | 0 | 0 | 0 | 0 | 0 | 0 | 0 | 0 | 0 | 0 | 0 | 0 | 0 | 0 | 0 | 0 | 0 | 0 | 0 | 0 | 122< ]
[ 128 | >4 | 0 | 0 | 0 | 0 | 0 | 0 | 0 | 0 | 0 | 0 | 0 | 0 | 0 | 0 | 0 | 0 | 0 | 0 | 0 | 0 | 0 | 0 | 0 | 0 | 121< ]
[ 128 | >4 | 0 | 0 | 0 | 0 | 0 | 0 | 0 | 0 | 0 | 0 | 0 | 0 | 0 | 0 | 0 | 0 | 0 | 0 | 0 | 0 | 0 | 0 | 0 | 0 | 120< ]
[ 128 | >4 | 0 | 0 | 0 | 0 | 0 | 0 | 0 | 0 | 0 | 0 | 0 | 0 | 0 | 0 | 0 | 0 | 0 | 0 | 0 | 0 | 0 | 0 | 0 | 0 | 119< ]
[ 128 | 4 | >0 | 0 | 0 | 0 | 0 | 0 | 0 | 0 | 0 | 0 | 0 | 0 | 0 | 0 | 0 | 0 | 0 | 0 | 0 | 0 | 0 | 0 | 0 | 0 | 118< ]
[ 128 | 4 | >0 | 0 | 0 | 0 | 0 | 0 | 0 | 0 | 0 | 0 | 0 | 0 | 0 | 0 | 0 | 0 | 0 | 0 | 0 | 0 | 0 | 0 | 0 | 0 | 117< ]
[ 128 | 4 | >0 | 0 | 0 | 0 | 0 | 0 | 0 | 0 | 0 | 0 | 0 | 0 | 0 | 0 | 0 | 0 | 0 | 0 | 0 | 0 | 0 | 0 | 0 | 0 | 116< ]
[ 128 | 4 | >0 | 0 | 0 | 0 | 0 | 0 | 0 | 0 | 0 | 0 | 0 | 0 | 0 | 0 | 0 | 0 | 0 | 0 | 0 | 0 | 0 | 0 | 0 | 0 | 115< ]
[ 128 | 4 | 0 | >0 | 0 | 0 | 0 | 0 | 0 | 0 | 0 | 0 | 0 | 0 | 0 | 0 | 0 | 0 | 0 | 0 | 0 | 0 | 0 | 0 | 0 | 0 | 114< ]
[ 128 | 4 | 0 | 0 | >0 | 0 | 0 | 0 | 0 | 0 | 0 | 0 | 0 | 0 | 0 | 0 | 0 | 0 | 0 | 0 | 0 | 0 | 0 | 0 | 0 | 0 | 113< ]
[ 128 | 4 | 0 | 0 | >-1 | 0 | 0 | 0 | 0 | 0 | 0 | 0 | 0 | 0 | 0 | 0 | 0 | 0 | 0 | 0 | 0 | 0 | 0 | 0 | 0 | 0 | 112< ]
[ 128 | 4 | 0 | 0 | >-1 | 0 | 0 | 0 | 0 | 0 | 0 | 0 | 0 | 0 | 0 | 0 | 0 | 0 | 0 | 0 | 0 | 0 | 0 | 0 | 0 | 0 | 111< ]
[ 128 | 4 | 0 | 0 | >-1 | 0 | 0 | 0 | 0 | 0 | 0 | 0 | 0 | 0 | 0 | 0 | 0 | 0 | 0 | 0 | 0 | 0 | 0 | 0 | 0 | 0 | 110< ]
[ 128 | 4 | 0 | 0 | -1 | >0 | 0 | 0 | 0 | 0 | 0 | 0 | 0 | 0 | 0 | 0 | 0 | 0 | 0 | 0 | 0 | 0 | 0 | 0 | 0 | 0 | 109< ]
[ 128 | 4 | 0 | 0 | -1 | >0 | 0 | 0 | 0 | 0 | 0 | 0 | 0 | 0 | 0 | 0 | 0 | 0 | 0 | 0 | 0 | 0 | 0 | 0 | 0 | 0 | 108< ]
[ 128 | 4 | 0 | 0 | -1 | >0 | 0 | 0 | 0 | 0 | 0 | 0 | 0 | 0 | 0 | 0 | 0 | 0 | 0 | 0 | 0 | 0 | 0 | 0 | 0 | 0 | 107< ]
[ 128 | 4 | 0 | 0 | -1 | >0 | 0 | 0 | 0 | 0 | 0 | 0 | 0 | 0 | 0 | 0 | 0 | 0 | 0 | 0 | 0 | 0 | 0 | 0 | 0 | 0 | 106< ]
[ 128 | 4 | 0 | 0 | -1 | 0 | >0 | 0 | 0 | 0 | 0 | 0 | 0 | 0 | 0 | 0 | 0 | 0 | 0 | 0 | 0 | 0 | 0 | 0 | 0 | 0 | 105< ]
[ 128 | 4 | 0 | 0 | -1 | 0 | 0 | >0 | 0 | 0 | 0 | 0 | 0 | 0 | 0 | 0 | 0 | 0 | 0 | 0 | 0 | 0 | 0 | 0 | 0 | 0 | 104< ]
[ 128 | 4 | 0 | 0 | -1 | 0 | 0 | >-1 | 0 | 0 | 0 | 0 | 0 | 0 | 0 | 0 | 0 | 0 | 0 | 0 | 0 | 0 | 0 | 0 | 0 | 0 | 103< ]
[ 128 | 4 | 0 | 0 | -1 | 0 | 0 | >-1 | 0 | 0 | 0 | 0 | 0 | 0 | 0 | 0 | 0 | 0 | 0 | 0 | 0 | 0 | 0 | 0 | 0 | 0 | 102< ]
[ 128 | 4 | 0 | 0 | -1 | 0 | 0 | >-1 | 0 | 0 | 0 | 0 | 0 | 0 | 0 | 0 | 0 | 0 | 0 | 0 | 0 | 0 | 0 | 0 | 0 | 0 | 101< ]
[ 128 | 4 | 0 | 0 | -1 | 0 | 0 | -1 | >0 | 0 | 0 | 0 | 0 | 0 | 0 | 0 | 0 | 0 | 0 | 0 | 0 | 0 | 0 | 0 | 0 | 0 | 100< ]
[ 128 | 4 | 0 | 0 | -1 | 0 | 0 | -1 | >0 | 0 | 0 | 0 | 0 | 0 | 0 | 0 | 0 | 0 | 0 | 0 | 0 | 0 | 0 | 0 | 0 | 0 | 99< ]
[ 128 | 4 | 0 | 0 | -1 | 0 | 0 | -1 | >0 | 0 | 0 | 0 | 0 | 0 | 0 | 0 | 0 | 0 | 0 | 0 | 0 | 0 | 0 | 0 | 0 | 0 | 98< ]
[ 128 | 4 | 0 | 0 | -1 | 0 | 0 | -1 | >0 | 0 | 0 | 0 | 0 | 0 | 0 | 0 | 0 | 0 | 0 | 0 | 0 | 0 | 0 | 0 | 0 | 0 | 97< ]
[ 128 | 4 | 0 | 0 | -1 | 0 | 0 | -1 | 0 | >0 | 0 | 0 | 0 | 0 | 0 | 0 | 0 | 0 | 0 | 0 | 0 | 0 | 0 | 0 | 0 | 0 | 96< ]
[ 128 | 4 | 0 | 0 | -1 | 0 | 0 | -1 | 0 | 0 | >0 | 0 | 0 | 0 | 0 | 0 | 0 | 0 | 0 | 0 | 0 | 0 | 0 | 0 | 0 | 0 | 95< ]
[ 128 | 4 | 0 | 0 | -1 | 0 | 0 | -1 | 0 | 0 | >-1 | 0 | 0 | 0 | 0 | 0 | 0 | 0 | 0 | 0 | 0 | 0 | 0 | 0 | 0 | 0 | 94< ]
[ 128 | 4 | 0 | 0 | -1 | 0 | 0 | -1 | 0 | 0 | >-1 | 0 | 0 | 0 | 0 | 0 | 0 | 0 | 0 | 0 | 0 | 0 | 0 | 0 | 0 | 0 | 93< ]
[ 128 | 4 | 0 | 0 | -1 | 0 | 0 | -1 | 0 | 0 | >-1 | 0 | 0 | 0 | 0 | 0 | 0 | 0 | 0 | 0 | 0 | 0 | 0 | 0 | 0 | 0 | 92< ]
[ 128 | 4 | 0 | 0 | -1 | 0 | 0 | -1 | 0 | 0 | -1 | >0 | 0 | 0 | 0 | 0 | 0 | 0 | 0 | 0 | 0 | 0 | 0 | 0 | 0 | 0 | 91< ]
[ 128 | 4 | 0 | 0 | -1 | 0 | 0 | -1 | 0 | 0 | -1 | >0 | 0 | 0 | 0 | 0 | 0 | 0 | 0 | 0 | 0 | 0 | 0 | 0 | 0 | 0 | 90< ]
[ 128 | 4 | 0 | 0 | -1 | 0 | 0 | -1 | 0 | 0 | -1 | >0 | 0 | 0 | 0 | 0 | 0 | 0 | 0 | 0 | 0 | 0 | 0 | 0 | 0 | 0 | 89< ]
[ 128 | 4 | 0 | 0 | -1 | 0 | 0 | -1 | 0 | 0 | -1 | >0 | 0 | 0 | 0 | 0 | 0 | 0 | 0 | 0 | 0 | 0 | 0 | 0 | 0 | 0 | 88< ]
[ 128 | 4 | 0 | 0 | -1 | 0 | 0 | -1 | 0 | 0 | -1 | 0 | >0 | 0 | 0 | 0 | 0 | 0 | 0 | 0 | 0 | 0 | 0 | 0 | 0 | 0 | 87< ]
[ 128 | 4 | 0 | 0 | -1 | 0 | 0 | -1 | 0 | 0 | -1 | 0 | 0 | >0 | 0 | 0 | 0 | 0 | 0 | 0 | 0 | 0 | 0 | 0 | 0 | 0 | 86< ]
[ 128 | 4 | 0 | 0 | -1 | 0 | 0 | -1 | 0 | 0 | -1 | 0 | 0 | >-1 | 0 | 0 | 0 | 0 | 0 | 0 | 0 | 0 | 0 | 0 | 0 | 0 | 85< ]
[ 128 | 4 | 0 | 0 | -1 | 0 | 0 | -1 | 0 | 0 | -1 | 0 | 0 | >-1 | 0 | 0 | 0 | 0 | 0 | 0 | 0 | 0 | 0 | 0 | 0 | 0 | 84< ]
[ 128 | 4 | 0 | 0 | -1 | 0 | 0 | -1 | 0 | 0 | -1 | 0 | 0 | >-1 | 0 | 0 | 0 | 0 | 0 | 0 | 0 | 0 | 0 | 0 | 0 | 0 | 83< ]
[ 128 | 4 | 0 | 0 | -1 | 0 | 0 | -1 | 0 | 0 | -1 | 0 | 0 | -1 | >0 | 0 | 0 | 0 | 0 | 0 | 0 | 0 | 0 | 0 | 0 | 0 | 82< ]
[ 128 | 4 | 0 | 0 | -1 | 0 | 0 | -1 | 0 | 0 | -1 | 0 | 0 | -1 | >0 | 0 | 0 | 0 | 0 | 0 | 0 | 0 | 0 | 0 | 0 | 0 | 81< ]
[ 128 | 4 | 0 | 0 | -1 | 0 | 0 | -1 | 0 | 0 | -1 | 0 | 0 | -1 | >0 | 0 | 0 | 0 | 0 | 0 | 0 | 0 | 0 | 0 | 0 | 0 | 80< ]
[ 128 | 4 | 0 | 0 | -1 | 0 | 0 | -1 | 0 | 0 | -1 | 0 | 0 | -1 | >0 | 0 | 0 | 0 | 0 | 0 | 0 | 0 | 0 | 0 | 0 | 0 | 79< ]
[ 128 | 4 | 0 | 0 | -1 | 0 | 0 | -1 | 0 | 0 | -1 | 0 | 0 | -1 | 0 | >0 | 0 | 0 | 0 | 0 | 0 | 0 | 0 | 0 | 0 | 0 | 78< ]
[ 128 | 4 | 0 | 0 | -1 | 0 | 0 | -1 | 0 | 0 | -1 | 0 | 0 | -1 | 0 | 0 | >0 | 0 | 0 | 0 | 0 | 0 | 0 | 0 | 0 | 0 | 77< ]
[ 128 | 4 | 0 | 0 | -1 | 0 | 0 | -1 | 0 | 0 | -1 | 0 | 0 | -1 | 0 | 0 | >-1 | 0 | 0 | 0 | 0 | 0 | 0 | 0 | 0 | 0 | 76< ]
[ 128 | 4 | 0 | 0 | -1 | 0 | 0 | -1 | 0 | 0 | -1 | 0 | 0 | -1 | 0 | 0 | >-1 | 0 | 0 | 0 | 0 | 0 | 0 | 0 | 0 | 0 | 75< ]
[ 128 | 4 | 0 | 0 | -1 | 0 | 0 | -1 | 0 | 0 | -1 | 0 | 0 | -1 | 0 | 0 | >-1 | 0 | 0 | 0 | 0 | 0 | 0 | 0 | 0 | 0 | 74< ]
[ 128 | 4 | 0 | 0 | -1 | 0 | 0 | -1 | 0 | 0 | -1 | 0 | 0 | -1 | 0 | 0 | -1 | >0 | 0 | 0 | 0 | 0 | 0 | 0 | 0 | 0 | 73< ]
[ 128 | 4 | 0 | 0 | -1 | 0 | 0 | -1 | 0 | 0 | -1 | 0 | 0 | -1 | 0 | 0 | -1 | >0 | 0 | 0 | 0 | 0 | 0 | 0 | 0 | 0 | 72< ]
[ 128 | 4 | 0 | 0 | -1 | 0 | 0 | -1 | 0 | 0 | -1 | 0 | 0 | -1 | 0 | 0 | -1 | >0 | 0 | 0 | 0 | 0 | 0 | 0 | 0 | 0 | 71< ]
[ 128 | 4 | 0 | 0 | -1 | 0 | 0 | -1 | 0 | 0 | -1 | 0 | 0 | -1 | 0 | 0 | -1 | >0 | 0 | 0 | 0 | 0 | 0 | 0 | 0 | 0 | 70< ]
[ 128 | 4 | 0 | 0 | -1 | 0 | 0 | -1 | 0 | 0 | -1 | 0 | 0 | -1 | 0 | 0 | -1 | 0 | >0 | 0 | 0 | 0 | 0 | 0 | 0 | 0 | 69< ]
[ 128 | 4 | 0 | 0 | -1 | 0 | 0 | -1 | 0 | 0 | -1 | 0 | 0 | -1 | 0 | 0 | -1 | 0 | 0 | >0 | 0 | 0 | 0 | 0 | 0 | 0 | 68< ]
[ 128 | 4 | 0 | 0 | -1 | 0 | 0 | -1 | 0 | 0 | -1 | 0 | 0 | -1 | 0 | 0 | -1 | 0 | 0 | >-1 | 0 | 0 | 0 | 0 | 0 | 0 | 67< ]
[ 128 | 4 | 0 | 0 | -1 | 0 | 0 | -1 | 0 | 0 | -1 | 0 | 0 | -1 | 0 | 0 | -1 | 0 | 0 | >-1 | 0 | 0 | 0 | 0 | 0 | 0 | 66< ]
[ 128 | 4 | 0 | 0 | -1 | 0 | 0 | -1 | 0 | 0 | -1 | 0 | 0 | -1 | 0 | 0 | -1 | 0 | 0 | >-1 | 0 | 0 | 0 | 0 | 0 | 0 | 65< ]
[ 128 | 4 | 0 | 0 | -1 | 0 | 0 | -1 | 0 | 0 | -1 | 0 | 0 | -1 | 0 | 0 | -1 | 0 | 0 | -1 | >0 | 0 | 0 | 0 | 0 | 0 | 64< ]
[ 128 | 4 | 0 | 0 | -1 | 0 | 0 | -1 | 0 | 0 | -1 | 0 | 0 | -1 | 0 | 0 | -1 | 0 | 0 | -1 | >0 | 0 | 0 | 0 | 0 | 0 | 63< ]
[ 128 | 4 | 0 | 0 | -1 | 0 | 0 | -1 | 0 | 0 | -1 | 0 | 0 | -1 | 0 | 0 | -1 | 0 | 0 | -1 | >0 | 0 | 0 | 0 | 0 | 0 | 62< ]
[ 128 | 4 | 0 | 0 | -1 | 0 | 0 | -1 | 0 | 0 | -1 | 0 | 0 | -1 | 0 | 0 | -1 | 0 | 0 | -1 | >0 | 0 | 0 | 0 | 0 | 0 | 61< ]
[ 128 | 4 | 0 | 0 | -1 | 0 | 0 | -1 | 0 | 0 | -1 | 0 | 0 | -1 | 0 | 0 | -1 | 0 | 0 | -1 | 0 | >0 | 0 | 0 | 0 | 0 | 60< ]
[ 128 | 4 | 0 | 0 | -1 | 0 | 0 | -1 | 0 | 0 | -1 | 0 | 0 | -1 | 0 | 0 | -1 | 0 | 0 | -1 | 0 | 0 | >0 | 0 | 0 | 0 | 59< ]
[ 128 | 4 | 0 | 0 | -1 | 0 | 0 | -1 | 0 | 0 | -1 | 0 | 0 | -1 | 0 | 0 | -1 | 0 | 0 | -1 | 0 | 0 | >-1 | 0 | 0 | 0 | 58< ]
[ 128 | 4 | 0 | 0 | -1 | 0 | 0 | -1 | 0 | 0 | -1 | 0 | 0 | -1 | 0 | 0 | -1 | 0 | 0 | -1 | 0 | 0 | >-1 | 0 | 0 | 0 | 57< ]
[ 128 | 4 | 0 | 0 | -1 | 0 | 0 | -1 | 0 | 0 | -1 | 0 | 0 | -1 | 0 | 0 | -1 | 0 | 0 | -1 | 0 | 0 | >-1 | 0 | 0 | 0 | 56< ]
[ 128 | 4 | 0 | 0 | -1 | 0 | 0 | -1 | 0 | 0 | -1 | 0 | 0 | -1 | 0 | 0 | -1 | 0 | 0 | -1 | 0 | 0 | -1 | >0 | 0 | 0 | 55< ]
[ 128 | 4 | 0 | 0 | -1 | 0 | 0 | -1 | 0 | 0 | -1 | 0 | 0 | -1 | 0 | 0 | -1 | 0 | 0 | -1 | 0 | 0 | -1 | >0 | 0 | 0 | 54< ]
[ 128 | 4 | 0 | 0 | -1 | 0 | 0 | -1 | 0 | 0 | -1 | 0 | 0 | -1 | 0 | 0 | -1 | 0 | 0 | -1 | 0 | 0 | -1 | >0 | 0 | 0 | 53< ]
[ 128 | 4 | 0 | 0 | -1 | 0 | 0 | -1 | 0 | 0 | -1 | 0 | 0 | -1 | 0 | 0 | -1 | 0 | 0 | -1 | 0 | 0 | -1 | >0 | 0 | 0 | 52< ]
[ 128 | 4 | 0 | 0 | -1 | 0 | 0 | -1 | 0 | 0 | -1 | 0 | 0 | -1 | 0 | 0 | -1 | 0 | 0 | -1 | 0 | 0 | -1 | 0 | >0 | 0 | 51< ]
[ 128 | 4 | 0 | 0 | -1 | 0 | 0 | -1 | 0 | 0 | -1 | 0 | 0 | -1 | 0 | 0 | -1 | 0 | 0 | -1 | 0 | 0 | -1 | 0 | 0 | >0 | 50< ]
[ 128 | 4 | 0 | 0 | -1 | 0 | 0 | -1 | 0 | 0 | -1 | 0 | 0 | -1 | 0 | 0 | -1 | 0 | 0 | -1 | 0 | 0 | -1 | 0 | 0 | >-1 | 49< ]
[ 128 | 4 | 0 | 0 | -1 | 0 | 0 | -1 | 0 | 0 | -1 | 0 | 0 | -1 | 0 | 0 | -1 | 0 | 0 | -1 | 0 | 0 | -1 | 0 | 0 | >-1 | 48< ]
[ 128 | 4 | 0 | 0 | -1 | 0 | 0 | -1 | 0 | 0 | -1 | 0 | 0 | -1 | 0 | 0 | -1 | 0 | 0 | -1 | 0 | 0 | -1 | 0 | 0 | >-1 | 47< ]
[ 128 | 4 | 0 | 0 | -1 | 0 | 0 | -1 | 0 | 0 | -1 | 0 | 0 | -1 | 0 | 0 | -1 | 0 | 0 | -1 | 0 | 0 | -1 | 0 | 0 | -1 | >46< ]
[ 128 | 4 | 0 | 0 | -1 | 0 | 0 | -1 | 0 | 0 | -1 | 0 | 0 | -1 | 0 | 0 | -1 | 0 | 0 | -1 | 0 | 0 | -1 | 0 | 0 | -1 | >45< ]
[ 128 | 4 | 0 | 0 | -1 | 0 | 0 | -1 | 0 | 0 | -1 | 0 | 0 | -1 | 0 | 0 | -1 | 0 | 0 | -1 | 0 | 0 | -1 | 0 | 0 | -1 | >44< ]
[ >128 | 4 | 0 | 0 | -1 | 0 | 0 | -1 | 0 | 0 | -1 | 0 | 0 | -1 | 0 | 0 | -1 | 0 | 0 | -1 | 0 | 0 | -1 | 0 | 0 | -1 | 43< ]

===== CloakingDeviceBot won the battle after 85 cycles =====



===== Starting battle of <PrussianRoulette> vs <CloakingDeviceBot> with memory tape size: 28 =====

[ >128 | 0 | 0 | 0 | 0 | 0 | 0 | 0 | 0 | 0 | 0 | 0 | 0 | 0 | 0 | 0 | 0 | 0 | 0 | 0 | 0 | 0 | 0 | 0 | 0 | 0 | 0 | 128< ]
[ 128 | >0 | 0 | 0 | 0 | 0 | 0 | 0 | 0 | 0 | 0 | 0 | 0 | 0 | 0 | 0 | 0 | 0 | 0 | 0 | 0 | 0 | 0 | 0 | 0 | 0 | 0 | 127< ]
[ 128 | >1 | 0 | 0 | 0 | 0 | 0 | 0 | 0 | 0 | 0 | 0 | 0 | 0 | 0 | 0 | 0 | 0 | 0 | 0 | 0 | 0 | 0 | 0 | 0 | 0 | 0 | 126< ]
[ 128 | >2 | 0 | 0 | 0 | 0 | 0 | 0 | 0 | 0 | 0 | 0 | 0 | 0 | 0 | 0 | 0 | 0 | 0 | 0 | 0 | 0 | 0 | 0 | 0 | 0 | 0 | 125< ]
[ 128 | >3 | 0 | 0 | 0 | 0 | 0 | 0 | 0 | 0 | 0 | 0 | 0 | 0 | 0 | 0 | 0 | 0 | 0 | 0 | 0 | 0 | 0 | 0 | 0 | 0 | 0 | 124< ]
[ 128 | >4 | 0 | 0 | 0 | 0 | 0 | 0 | 0 | 0 | 0 | 0 | 0 | 0 | 0 | 0 | 0 | 0 | 0 | 0 | 0 | 0 | 0 | 0 | 0 | 0 | 0 | 123< ]
[ 128 | >5 | 0 | 0 | 0 | 0 | 0 | 0 | 0 | 0 | 0 | 0 | 0 | 0 | 0 | 0 | 0 | 0 | 0 | 0 | 0 | 0 | 0 | 0 | 0 | 0 | 0 | 122< ]
[ 128 | >4 | 0 | 0 | 0 | 0 | 0 | 0 | 0 | 0 | 0 | 0 | 0 | 0 | 0 | 0 | 0 | 0 | 0 | 0 | 0 | 0 | 0 | 0 | 0 | 0 | 0 | 121< ]
[ 128 | >4 | 0 | 0 | 0 | 0 | 0 | 0 | 0 | 0 | 0 | 0 | 0 | 0 | 0 | 0 | 0 | 0 | 0 | 0 | 0 | 0 | 0 | 0 | 0 | 0 | 0 | 120< ]
[ 128 | >4 | 0 | 0 | 0 | 0 | 0 | 0 | 0 | 0 | 0 | 0 | 0 | 0 | 0 | 0 | 0 | 0 | 0 | 0 | 0 | 0 | 0 | 0 | 0 | 0 | 0 | 119< ]
[ 128 | 4 | >0 | 0 | 0 | 0 | 0 | 0 | 0 | 0 | 0 | 0 | 0 | 0 | 0 | 0 | 0 | 0 | 0 | 0 | 0 | 0 | 0 | 0 | 0 | 0 | 0 | 118< ]
[ 128 | 4 | >0 | 0 | 0 | 0 | 0 | 0 | 0 | 0 | 0 | 0 | 0 | 0 | 0 | 0 | 0 | 0 | 0 | 0 | 0 | 0 | 0 | 0 | 0 | 0 | 0 | 117< ]
[ 128 | 4 | >0 | 0 | 0 | 0 | 0 | 0 | 0 | 0 | 0 | 0 | 0 | 0 | 0 | 0 | 0 | 0 | 0 | 0 | 0 | 0 | 0 | 0 | 0 | 0 | 0 | 116< ]
[ 128 | 4 | >0 | 0 | 0 | 0 | 0 | 0 | 0 | 0 | 0 | 0 | 0 | 0 | 0 | 0 | 0 | 0 | 0 | 0 | 0 | 0 | 0 | 0 | 0 | 0 | 0 | 115< ]
[ 128 | 4 | 0 | >0 | 0 | 0 | 0 | 0 | 0 | 0 | 0 | 0 | 0 | 0 | 0 | 0 | 0 | 0 | 0 | 0 | 0 | 0 | 0 | 0 | 0 | 0 | 0 | 114< ]
[ 128 | 4 | 0 | 0 | >0 | 0 | 0 | 0 | 0 | 0 | 0 | 0 | 0 | 0 | 0 | 0 | 0 | 0 | 0 | 0 | 0 | 0 | 0 | 0 | 0 | 0 | 0 | 113< ]
[ 128 | 4 | 0 | 0 | >-1 | 0 | 0 | 0 | 0 | 0 | 0 | 0 | 0 | 0 | 0 | 0 | 0 | 0 | 0 | 0 | 0 | 0 | 0 | 0 | 0 | 0 | 0 | 112< ]
[ 128 | 4 | 0 | 0 | >-1 | 0 | 0 | 0 | 0 | 0 | 0 | 0 | 0 | 0 | 0 | 0 | 0 | 0 | 0 | 0 | 0 | 0 | 0 | 0 | 0 | 0 | 0 | 111< ]
[ 128 | 4 | 0 | 0 | >-1 | 0 | 0 | 0 | 0 | 0 | 0 | 0 | 0 | 0 | 0 | 0 | 0 | 0 | 0 | 0 | 0 | 0 | 0 | 0 | 0 | 0 | 0 | 110< ]
[ 128 | 4 | 0 | 0 | -1 | >0 | 0 | 0 | 0 | 0 | 0 | 0 | 0 | 0 | 0 | 0 | 0 | 0 | 0 | 0 | 0 | 0 | 0 | 0 | 0 | 0 | 0 | 109< ]
[ 128 | 4 | 0 | 0 | -1 | >0 | 0 | 0 | 0 | 0 | 0 | 0 | 0 | 0 | 0 | 0 | 0 | 0 | 0 | 0 | 0 | 0 | 0 | 0 | 0 | 0 | 0 | 108< ]
[ 128 | 4 | 0 | 0 | -1 | >0 | 0 | 0 | 0 | 0 | 0 | 0 | 0 | 0 | 0 | 0 | 0 | 0 | 0 | 0 | 0 | 0 | 0 | 0 | 0 | 0 | 0 | 107< ]
[ 128 | 4 | 0 | 0 | -1 | >0 | 0 | 0 | 0 | 0 | 0 | 0 | 0 | 0 | 0 | 0 | 0 | 0 | 0 | 0 | 0 | 0 | 0 | 0 | 0 | 0 | 0 | 106< ]
[ 128 | 4 | 0 | 0 | -1 | 0 | >0 | 0 | 0 | 0 | 0 | 0 | 0 | 0 | 0 | 0 | 0 | 0 | 0 | 0 | 0 | 0 | 0 | 0 | 0 | 0 | 0 | 105< ]
[ 128 | 4 | 0 | 0 | -1 | 0 | 0 | >0 | 0 | 0 | 0 | 0 | 0 | 0 | 0 | 0 | 0 | 0 | 0 | 0 | 0 | 0 | 0 | 0 | 0 | 0 | 0 | 104< ]
[ 128 | 4 | 0 | 0 | -1 | 0 | 0 | >-1 | 0 | 0 | 0 | 0 | 0 | 0 | 0 | 0 | 0 | 0 | 0 | 0 | 0 | 0 | 0 | 0 | 0 | 0 | 0 | 103< ]
[ 128 | 4 | 0 | 0 | -1 | 0 | 0 | >-1 | 0 | 0 | 0 | 0 | 0 | 0 | 0 | 0 | 0 | 0 | 0 | 0 | 0 | 0 | 0 | 0 | 0 | 0 | 0 | 102< ]
[ 128 | 4 | 0 | 0 | -1 | 0 | 0 | >-1 | 0 | 0 | 0 | 0 | 0 | 0 | 0 | 0 | 0 | 0 | 0 | 0 | 0 | 0 | 0 | 0 | 0 | 0 | 0 | 101< ]
[ 128 | 4 | 0 | 0 | -1 | 0 | 0 | -1 | >0 | 0 | 0 | 0 | 0 | 0 | 0 | 0 | 0 | 0 | 0 | 0 | 0 | 0 | 0 | 0 | 0 | 0 | 0 | 100< ]
[ 128 | 4 | 0 | 0 | -1 | 0 | 0 | -1 | >0 | 0 | 0 | 0 | 0 | 0 | 0 | 0 | 0 | 0 | 0 | 0 | 0 | 0 | 0 | 0 | 0 | 0 | 0 | 99< ]
[ 128 | 4 | 0 | 0 | -1 | 0 | 0 | -1 | >0 | 0 | 0 | 0 | 0 | 0 | 0 | 0 | 0 | 0 | 0 | 0 | 0 | 0 | 0 | 0 | 0 | 0 | 0 | 98< ]
[ 128 | 4 | 0 | 0 | -1 | 0 | 0 | -1 | >0 | 0 | 0 | 0 | 0 | 0 | 0 | 0 | 0 | 0 | 0 | 0 | 0 | 0 | 0 | 0 | 0 | 0 | 0 | 97< ]
[ 128 | 4 | 0 | 0 | -1 | 0 | 0 | -1 | 0 | >0 | 0 | 0 | 0 | 0 | 0 | 0 | 0 | 0 | 0 | 0 | 0 | 0 | 0 | 0 | 0 | 0 | 0 | 96< ]
[ 128 | 4 | 0 | 0 | -1 | 0 | 0 | -1 | 0 | 0 | >0 | 0 | 0 | 0 | 0 | 0 | 0 | 0 | 0 | 0 | 0 | 0 | 0 | 0 | 0 | 0 | 0 | 95< ]
[ 128 | 4 | 0 | 0 | -1 | 0 | 0 | -1 | 0 | 0 | >-1 | 0 | 0 | 0 | 0 | 0 | 0 | 0 | 0 | 0 | 0 | 0 | 0 | 0 | 0 | 0 | 0 | 94< ]
[ 128 | 4 | 0 | 0 | -1 | 0 | 0 | -1 | 0 | 0 | >-1 | 0 | 0 | 0 | 0 | 0 | 0 | 0 | 0 | 0 | 0 | 0 | 0 | 0 | 0 | 0 | 0 | 93< ]
[ 128 | 4 | 0 | 0 | -1 | 0 | 0 | -1 | 0 | 0 | >-1 | 0 | 0 | 0 | 0 | 0 | 0 | 0 | 0 | 0 | 0 | 0 | 0 | 0 | 0 | 0 | 0 | 92< ]
[ 128 | 4 | 0 | 0 | -1 | 0 | 0 | -1 | 0 | 0 | -1 | >0 | 0 | 0 | 0 | 0 | 0 | 0 | 0 | 0 | 0 | 0 | 0 | 0 | 0 | 0 | 0 | 91< ]
[ 128 | 4 | 0 | 0 | -1 | 0 | 0 | -1 | 0 | 0 | -1 | >0 | 0 | 0 | 0 | 0 | 0 | 0 | 0 | 0 | 0 | 0 | 0 | 0 | 0 | 0 | 0 | 90< ]
[ 128 | 4 | 0 | 0 | -1 | 0 | 0 | -1 | 0 | 0 | -1 | >0 | 0 | 0 | 0 | 0 | 0 | 0 | 0 | 0 | 0 | 0 | 0 | 0 | 0 | 0 | 0 | 89< ]
[ 128 | 4 | 0 | 0 | -1 | 0 | 0 | -1 | 0 | 0 | -1 | >0 | 0 | 0 | 0 | 0 | 0 | 0 | 0 | 0 | 0 | 0 | 0 | 0 | 0 | 0 | 0 | 88< ]
[ 128 | 4 | 0 | 0 | -1 | 0 | 0 | -1 | 0 | 0 | -1 | 0 | >0 | 0 | 0 | 0 | 0 | 0 | 0 | 0 | 0 | 0 | 0 | 0 | 0 | 0 | 0 | 87< ]
[ 128 | 4 | 0 | 0 | -1 | 0 | 0 | -1 | 0 | 0 | -1 | 0 | 0 | >0 | 0 | 0 | 0 | 0 | 0 | 0 | 0 | 0 | 0 | 0 | 0 | 0 | 0 | 86< ]
[ 128 | 4 | 0 | 0 | -1 | 0 | 0 | -1 | 0 | 0 | -1 | 0 | 0 | >-1 | 0 | 0 | 0 | 0 | 0 | 0 | 0 | 0 | 0 | 0 | 0 | 0 | 0 | 85< ]
[ 128 | 4 | 0 | 0 | -1 | 0 | 0 | -1 | 0 | 0 | -1 | 0 | 0 | >-1 | 0 | 0 | 0 | 0 | 0 | 0 | 0 | 0 | 0 | 0 | 0 | 0 | 0 | 84< ]
[ 128 | 4 | 0 | 0 | -1 | 0 | 0 | -1 | 0 | 0 | -1 | 0 | 0 | >-1 | 0 | 0 | 0 | 0 | 0 | 0 | 0 | 0 | 0 | 0 | 0 | 0 | 0 | 83< ]
[ 128 | 4 | 0 | 0 | -1 | 0 | 0 | -1 | 0 | 0 | -1 | 0 | 0 | -1 | >0 | 0 | 0 | 0 | 0 | 0 | 0 | 0 | 0 | 0 | 0 | 0 | 0 | 82< ]
[ 128 | 4 | 0 | 0 | -1 | 0 | 0 | -1 | 0 | 0 | -1 | 0 | 0 | -1 | >0 | 0 | 0 | 0 | 0 | 0 | 0 | 0 | 0 | 0 | 0 | 0 | 0 | 81< ]
[ 128 | 4 | 0 | 0 | -1 | 0 | 0 | -1 | 0 | 0 | -1 | 0 | 0 | -1 | >0 | 0 | 0 | 0 | 0 | 0 | 0 | 0 | 0 | 0 | 0 | 0 | 0 | 80< ]
[ 128 | 4 | 0 | 0 | -1 | 0 | 0 | -1 | 0 | 0 | -1 | 0 | 0 | -1 | >0 | 0 | 0 | 0 | 0 | 0 | 0 | 0 | 0 | 0 | 0 | 0 | 0 | 79< ]
[ 128 | 4 | 0 | 0 | -1 | 0 | 0 | -1 | 0 | 0 | -1 | 0 | 0 | -1 | 0 | >0 | 0 | 0 | 0 | 0 | 0 | 0 | 0 | 0 | 0 | 0 | 0 | 78< ]
[ 128 | 4 | 0 | 0 | -1 | 0 | 0 | -1 | 0 | 0 | -1 | 0 | 0 | -1 | 0 | 0 | >0 | 0 | 0 | 0 | 0 | 0 | 0 | 0 | 0 | 0 | 0 | 77< ]
[ 128 | 4 | 0 | 0 | -1 | 0 | 0 | -1 | 0 | 0 | -1 | 0 | 0 | -1 | 0 | 0 | >-1 | 0 | 0 | 0 | 0 | 0 | 0 | 0 | 0 | 0 | 0 | 76< ]
[ 128 | 4 | 0 | 0 | -1 | 0 | 0 | -1 | 0 | 0 | -1 | 0 | 0 | -1 | 0 | 0 | >-1 | 0 | 0 | 0 | 0 | 0 | 0 | 0 | 0 | 0 | 0 | 75< ]
[ 128 | 4 | 0 | 0 | -1 | 0 | 0 | -1 | 0 | 0 | -1 | 0 | 0 | -1 | 0 | 0 | >-1 | 0 | 0 | 0 | 0 | 0 | 0 | 0 | 0 | 0 | 0 | 74< ]
[ 128 | 4 | 0 | 0 | -1 | 0 | 0 | -1 | 0 | 0 | -1 | 0 | 0 | -1 | 0 | 0 | -1 | >0 | 0 | 0 | 0 | 0 | 0 | 0 | 0 | 0 | 0 | 73< ]
[ 128 | 4 | 0 | 0 | -1 | 0 | 0 | -1 | 0 | 0 | -1 | 0 | 0 | -1 | 0 | 0 | -1 | >0 | 0 | 0 | 0 | 0 | 0 | 0 | 0 | 0 | 0 | 72< ]
[ 128 | 4 | 0 | 0 | -1 | 0 | 0 | -1 | 0 | 0 | -1 | 0 | 0 | -1 | 0 | 0 | -1 | >0 | 0 | 0 | 0 | 0 | 0 | 0 | 0 | 0 | 0 | 71< ]
[ 128 | 4 | 0 | 0 | -1 | 0 | 0 | -1 | 0 | 0 | -1 | 0 | 0 | -1 | 0 | 0 | -1 | >0 | 0 | 0 | 0 | 0 | 0 | 0 | 0 | 0 | 0 | 70< ]
[ 128 | 4 | 0 | 0 | -1 | 0 | 0 | -1 | 0 | 0 | -1 | 0 | 0 | -1 | 0 | 0 | -1 | 0 | >0 | 0 | 0 | 0 | 0 | 0 | 0 | 0 | 0 | 69< ]
[ 128 | 4 | 0 | 0 | -1 | 0 | 0 | -1 | 0 | 0 | -1 | 0 | 0 | -1 | 0 | 0 | -1 | 0 | 0 | >0 | 0 | 0 | 0 | 0 | 0 | 0 | 0 | 68< ]
[ 128 | 4 | 0 | 0 | -1 | 0 | 0 | -1 | 0 | 0 | -1 | 0 | 0 | -1 | 0 | 0 | -1 | 0 | 0 | >-1 | 0 | 0 | 0 | 0 | 0 | 0 | 0 | 67< ]
[ 128 | 4 | 0 | 0 | -1 | 0 | 0 | -1 | 0 | 0 | -1 | 0 | 0 | -1 | 0 | 0 | -1 | 0 | 0 | >-1 | 0 | 0 | 0 | 0 | 0 | 0 | 0 | 66< ]
[ 128 | 4 | 0 | 0 | -1 | 0 | 0 | -1 | 0 | 0 | -1 | 0 | 0 | -1 | 0 | 0 | -1 | 0 | 0 | >-1 | 0 | 0 | 0 | 0 | 0 | 0 | 0 | 65< ]
[ 128 | 4 | 0 | 0 | -1 | 0 | 0 | -1 | 0 | 0 | -1 | 0 | 0 | -1 | 0 | 0 | -1 | 0 | 0 | -1 | >0 | 0 | 0 | 0 | 0 | 0 | 0 | 64< ]
[ 128 | 4 | 0 | 0 | -1 | 0 | 0 | -1 | 0 | 0 | -1 | 0 | 0 | -1 | 0 | 0 | -1 | 0 | 0 | -1 | >0 | 0 | 0 | 0 | 0 | 0 | 0 | 63< ]
[ 128 | 4 | 0 | 0 | -1 | 0 | 0 | -1 | 0 | 0 | -1 | 0 | 0 | -1 | 0 | 0 | -1 | 0 | 0 | -1 | >0 | 0 | 0 | 0 | 0 | 0 | 0 | 62< ]
[ 128 | 4 | 0 | 0 | -1 | 0 | 0 | -1 | 0 | 0 | -1 | 0 | 0 | -1 | 0 | 0 | -1 | 0 | 0 | -1 | >0 | 0 | 0 | 0 | 0 | 0 | 0 | 61< ]
[ 128 | 4 | 0 | 0 | -1 | 0 | 0 | -1 | 0 | 0 | -1 | 0 | 0 | -1 | 0 | 0 | -1 | 0 | 0 | -1 | 0 | >0 | 0 | 0 | 0 | 0 | 0 | 60< ]
[ 128 | 4 | 0 | 0 | -1 | 0 | 0 | -1 | 0 | 0 | -1 | 0 | 0 | -1 | 0 | 0 | -1 | 0 | 0 | -1 | 0 | 0 | >0 | 0 | 0 | 0 | 0 | 59< ]
[ 128 | 4 | 0 | 0 | -1 | 0 | 0 | -1 | 0 | 0 | -1 | 0 | 0 | -1 | 0 | 0 | -1 | 0 | 0 | -1 | 0 | 0 | >-1 | 0 | 0 | 0 | 0 | 58< ]
[ 128 | 4 | 0 | 0 | -1 | 0 | 0 | -1 | 0 | 0 | -1 | 0 | 0 | -1 | 0 | 0 | -1 | 0 | 0 | -1 | 0 | 0 | >-1 | 0 | 0 | 0 | 0 | 57< ]
[ 128 | 4 | 0 | 0 | -1 | 0 | 0 | -1 | 0 | 0 | -1 | 0 | 0 | -1 | 0 | 0 | -1 | 0 | 0 | -1 | 0 | 0 | >-1 | 0 | 0 | 0 | 0 | 56< ]
[ 128 | 4 | 0 | 0 | -1 | 0 | 0 | -1 | 0 | 0 | -1 | 0 | 0 | -1 | 0 | 0 | -1 | 0 | 0 | -1 | 0 | 0 | -1 | >0 | 0 | 0 | 0 | 55< ]
[ 128 | 4 | 0 | 0 | -1 | 0 | 0 | -1 | 0 | 0 | -1 | 0 | 0 | -1 | 0 | 0 | -1 | 0 | 0 | -1 | 0 | 0 | -1 | >0 | 0 | 0 | 0 | 54< ]
[ 128 | 4 | 0 | 0 | -1 | 0 | 0 | -1 | 0 | 0 | -1 | 0 | 0 | -1 | 0 | 0 | -1 | 0 | 0 | -1 | 0 | 0 | -1 | >0 | 0 | 0 | 0 | 53< ]
[ 128 | 4 | 0 | 0 | -1 | 0 | 0 | -1 | 0 | 0 | -1 | 0 | 0 | -1 | 0 | 0 | -1 | 0 | 0 | -1 | 0 | 0 | -1 | >0 | 0 | 0 | 0 | 52< ]
[ 128 | 4 | 0 | 0 | -1 | 0 | 0 | -1 | 0 | 0 | -1 | 0 | 0 | -1 | 0 | 0 | -1 | 0 | 0 | -1 | 0 | 0 | -1 | 0 | >0 | 0 | 0 | 51< ]
[ 128 | 4 | 0 | 0 | -1 | 0 | 0 | -1 | 0 | 0 | -1 | 0 | 0 | -1 | 0 | 0 | -1 | 0 | 0 | -1 | 0 | 0 | -1 | 0 | 0 | >0 | 0 | 50< ]
[ 128 | 4 | 0 | 0 | -1 | 0 | 0 | -1 | 0 | 0 | -1 | 0 | 0 | -1 | 0 | 0 | -1 | 0 | 0 | -1 | 0 | 0 | -1 | 0 | 0 | >-1 | 0 | 49< ]
[ 128 | 4 | 0 | 0 | -1 | 0 | 0 | -1 | 0 | 0 | -1 | 0 | 0 | -1 | 0 | 0 | -1 | 0 | 0 | -1 | 0 | 0 | -1 | 0 | 0 | >-1 | 0 | 48< ]
[ 128 | 4 | 0 | 0 | -1 | 0 | 0 | -1 | 0 | 0 | -1 | 0 | 0 | -1 | 0 | 0 | -1 | 0 | 0 | -1 | 0 | 0 | -1 | 0 | 0 | >-1 | 0 | 47< ]
[ 128 | 4 | 0 | 0 | -1 | 0 | 0 | -1 | 0 | 0 | -1 | 0 | 0 | -1 | 0 | 0 | -1 | 0 | 0 | -1 | 0 | 0 | -1 | 0 | 0 | -1 | >0 | 46< ]
[ 128 | 4 | 0 | 0 | -1 | 0 | 0 | -1 | 0 | 0 | -1 | 0 | 0 | -1 | 0 | 0 | -1 | 0 | 0 | -1 | 0 | 0 | -1 | 0 | 0 | -1 | >0 | 45< ]
[ 128 | 4 | 0 | 0 | -1 | 0 | 0 | -1 | 0 | 0 | -1 | 0 | 0 | -1 | 0 | 0 | -1 | 0 | 0 | -1 | 0 | 0 | -1 | 0 | 0 | -1 | >0 | 44< ]
[ 128 | 4 | 0 | 0 | -1 | 0 | 0 | -1 | 0 | 0 | -1 | 0 | 0 | -1 | 0 | 0 | -1 | 0 | 0 | -1 | 0 | 0 | -1 | 0 | 0 | -1 | >0 | 43< ]
[ 128 | 4 | 0 | 0 | -1 | 0 | 0 | -1 | 0 | 0 | -1 | 0 | 0 | -1 | 0 | 0 | -1 | 0 | 0 | -1 | 0 | 0 | -1 | 0 | 0 | -1 | 0 | >42< ]
[ >128 | 4 | 0 | 0 | -1 | 0 | 0 | -1 | 0 | 0 | -1 | 0 | 0 | -1 | 0 | 0 | -1 | 0 | 0 | -1 | 0 | 0 | -1 | 0 | 0 | -1 | 0 | 41< ]

===== CloakingDeviceBot won the battle after 87 cycles =====



===== Starting battle of <PrussianRoulette> vs <CloakingDeviceBot> with memory tape size: 29 =====

[ >128 | 0 | 0 | 0 | 0 | 0 | 0 | 0 | 0 | 0 | 0 | 0 | 0 | 0 | 0 | 0 | 0 | 0 | 0 | 0 | 0 | 0 | 0 | 0 | 0 | 0 | 0 | 0 | 128< ]
[ 128 | >0 | 0 | 0 | 0 | 0 | 0 | 0 | 0 | 0 | 0 | 0 | 0 | 0 | 0 | 0 | 0 | 0 | 0 | 0 | 0 | 0 | 0 | 0 | 0 | 0 | 0 | 0 | 127< ]
[ 128 | >1 | 0 | 0 | 0 | 0 | 0 | 0 | 0 | 0 | 0 | 0 | 0 | 0 | 0 | 0 | 0 | 0 | 0 | 0 | 0 | 0 | 0 | 0 | 0 | 0 | 0 | 0 | 126< ]
[ 128 | >2 | 0 | 0 | 0 | 0 | 0 | 0 | 0 | 0 | 0 | 0 | 0 | 0 | 0 | 0 | 0 | 0 | 0 | 0 | 0 | 0 | 0 | 0 | 0 | 0 | 0 | 0 | 125< ]
[ 128 | >3 | 0 | 0 | 0 | 0 | 0 | 0 | 0 | 0 | 0 | 0 | 0 | 0 | 0 | 0 | 0 | 0 | 0 | 0 | 0 | 0 | 0 | 0 | 0 | 0 | 0 | 0 | 124< ]
[ 128 | >4 | 0 | 0 | 0 | 0 | 0 | 0 | 0 | 0 | 0 | 0 | 0 | 0 | 0 | 0 | 0 | 0 | 0 | 0 | 0 | 0 | 0 | 0 | 0 | 0 | 0 | 0 | 123< ]
[ 128 | >5 | 0 | 0 | 0 | 0 | 0 | 0 | 0 | 0 | 0 | 0 | 0 | 0 | 0 | 0 | 0 | 0 | 0 | 0 | 0 | 0 | 0 | 0 | 0 | 0 | 0 | 0 | 122< ]
[ 128 | >4 | 0 | 0 | 0 | 0 | 0 | 0 | 0 | 0 | 0 | 0 | 0 | 0 | 0 | 0 | 0 | 0 | 0 | 0 | 0 | 0 | 0 | 0 | 0 | 0 | 0 | 0 | 121< ]
[ 128 | >4 | 0 | 0 | 0 | 0 | 0 | 0 | 0 | 0 | 0 | 0 | 0 | 0 | 0 | 0 | 0 | 0 | 0 | 0 | 0 | 0 | 0 | 0 | 0 | 0 | 0 | 0 | 120< ]
[ 128 | >4 | 0 | 0 | 0 | 0 | 0 | 0 | 0 | 0 | 0 | 0 | 0 | 0 | 0 | 0 | 0 | 0 | 0 | 0 | 0 | 0 | 0 | 0 | 0 | 0 | 0 | 0 | 119< ]
[ 128 | 4 | >0 | 0 | 0 | 0 | 0 | 0 | 0 | 0 | 0 | 0 | 0 | 0 | 0 | 0 | 0 | 0 | 0 | 0 | 0 | 0 | 0 | 0 | 0 | 0 | 0 | 0 | 118< ]
[ 128 | 4 | >0 | 0 | 0 | 0 | 0 | 0 | 0 | 0 | 0 | 0 | 0 | 0 | 0 | 0 | 0 | 0 | 0 | 0 | 0 | 0 | 0 | 0 | 0 | 0 | 0 | 0 | 117< ]
[ 128 | 4 | >0 | 0 | 0 | 0 | 0 | 0 | 0 | 0 | 0 | 0 | 0 | 0 | 0 | 0 | 0 | 0 | 0 | 0 | 0 | 0 | 0 | 0 | 0 | 0 | 0 | 0 | 116< ]
[ 128 | 4 | >0 | 0 | 0 | 0 | 0 | 0 | 0 | 0 | 0 | 0 | 0 | 0 | 0 | 0 | 0 | 0 | 0 | 0 | 0 | 0 | 0 | 0 | 0 | 0 | 0 | 0 | 115< ]
[ 128 | 4 | 0 | >0 | 0 | 0 | 0 | 0 | 0 | 0 | 0 | 0 | 0 | 0 | 0 | 0 | 0 | 0 | 0 | 0 | 0 | 0 | 0 | 0 | 0 | 0 | 0 | 0 | 114< ]
[ 128 | 4 | 0 | 0 | >0 | 0 | 0 | 0 | 0 | 0 | 0 | 0 | 0 | 0 | 0 | 0 | 0 | 0 | 0 | 0 | 0 | 0 | 0 | 0 | 0 | 0 | 0 | 0 | 113< ]
[ 128 | 4 | 0 | 0 | >-1 | 0 | 0 | 0 | 0 | 0 | 0 | 0 | 0 | 0 | 0 | 0 | 0 | 0 | 0 | 0 | 0 | 0 | 0 | 0 | 0 | 0 | 0 | 0 | 112< ]
[ 128 | 4 | 0 | 0 | >-1 | 0 | 0 | 0 | 0 | 0 | 0 | 0 | 0 | 0 | 0 | 0 | 0 | 0 | 0 | 0 | 0 | 0 | 0 | 0 | 0 | 0 | 0 | 0 | 111< ]
[ 128 | 4 | 0 | 0 | >-1 | 0 | 0 | 0 | 0 | 0 | 0 | 0 | 0 | 0 | 0 | 0 | 0 | 0 | 0 | 0 | 0 | 0 | 0 | 0 | 0 | 0 | 0 | 0 | 110< ]
[ 128 | 4 | 0 | 0 | -1 | >0 | 0 | 0 | 0 | 0 | 0 | 0 | 0 | 0 | 0 | 0 | 0 | 0 | 0 | 0 | 0 | 0 | 0 | 0 | 0 | 0 | 0 | 0 | 109< ]
[ 128 | 4 | 0 | 0 | -1 | >0 | 0 | 0 | 0 | 0 | 0 | 0 | 0 | 0 | 0 | 0 | 0 | 0 | 0 | 0 | 0 | 0 | 0 | 0 | 0 | 0 | 0 | 0 | 108< ]
[ 128 | 4 | 0 | 0 | -1 | >0 | 0 | 0 | 0 | 0 | 0 | 0 | 0 | 0 | 0 | 0 | 0 | 0 | 0 | 0 | 0 | 0 | 0 | 0 | 0 | 0 | 0 | 0 | 107< ]
[ 128 | 4 | 0 | 0 | -1 | >0 | 0 | 0 | 0 | 0 | 0 | 0 | 0 | 0 | 0 | 0 | 0 | 0 | 0 | 0 | 0 | 0 | 0 | 0 | 0 | 0 | 0 | 0 | 106< ]
[ 128 | 4 | 0 | 0 | -1 | 0 | >0 | 0 | 0 | 0 | 0 | 0 | 0 | 0 | 0 | 0 | 0 | 0 | 0 | 0 | 0 | 0 | 0 | 0 | 0 | 0 | 0 | 0 | 105< ]
[ 128 | 4 | 0 | 0 | -1 | 0 | 0 | >0 | 0 | 0 | 0 | 0 | 0 | 0 | 0 | 0 | 0 | 0 | 0 | 0 | 0 | 0 | 0 | 0 | 0 | 0 | 0 | 0 | 104< ]
[ 128 | 4 | 0 | 0 | -1 | 0 | 0 | >-1 | 0 | 0 | 0 | 0 | 0 | 0 | 0 | 0 | 0 | 0 | 0 | 0 | 0 | 0 | 0 | 0 | 0 | 0 | 0 | 0 | 103< ]
[ 128 | 4 | 0 | 0 | -1 | 0 | 0 | >-1 | 0 | 0 | 0 | 0 | 0 | 0 | 0 | 0 | 0 | 0 | 0 | 0 | 0 | 0 | 0 | 0 | 0 | 0 | 0 | 0 | 102< ]
[ 128 | 4 | 0 | 0 | -1 | 0 | 0 | >-1 | 0 | 0 | 0 | 0 | 0 | 0 | 0 | 0 | 0 | 0 | 0 | 0 | 0 | 0 | 0 | 0 | 0 | 0 | 0 | 0 | 101< ]
[ 128 | 4 | 0 | 0 | -1 | 0 | 0 | -1 | >0 | 0 | 0 | 0 | 0 | 0 | 0 | 0 | 0 | 0 | 0 | 0 | 0 | 0 | 0 | 0 | 0 | 0 | 0 | 0 | 100< ]
[ 128 | 4 | 0 | 0 | -1 | 0 | 0 | -1 | >0 | 0 | 0 | 0 | 0 | 0 | 0 | 0 | 0 | 0 | 0 | 0 | 0 | 0 | 0 | 0 | 0 | 0 | 0 | 0 | 99< ]
[ 128 | 4 | 0 | 0 | -1 | 0 | 0 | -1 | >0 | 0 | 0 | 0 | 0 | 0 | 0 | 0 | 0 | 0 | 0 | 0 | 0 | 0 | 0 | 0 | 0 | 0 | 0 | 0 | 98< ]
[ 128 | 4 | 0 | 0 | -1 | 0 | 0 | -1 | >0 | 0 | 0 | 0 | 0 | 0 | 0 | 0 | 0 | 0 | 0 | 0 | 0 | 0 | 0 | 0 | 0 | 0 | 0 | 0 | 97< ]
[ 128 | 4 | 0 | 0 | -1 | 0 | 0 | -1 | 0 | >0 | 0 | 0 | 0 | 0 | 0 | 0 | 0 | 0 | 0 | 0 | 0 | 0 | 0 | 0 | 0 | 0 | 0 | 0 | 96< ]
[ 128 | 4 | 0 | 0 | -1 | 0 | 0 | -1 | 0 | 0 | >0 | 0 | 0 | 0 | 0 | 0 | 0 | 0 | 0 | 0 | 0 | 0 | 0 | 0 | 0 | 0 | 0 | 0 | 95< ]
[ 128 | 4 | 0 | 0 | -1 | 0 | 0 | -1 | 0 | 0 | >-1 | 0 | 0 | 0 | 0 | 0 | 0 | 0 | 0 | 0 | 0 | 0 | 0 | 0 | 0 | 0 | 0 | 0 | 94< ]
[ 128 | 4 | 0 | 0 | -1 | 0 | 0 | -1 | 0 | 0 | >-1 | 0 | 0 | 0 | 0 | 0 | 0 | 0 | 0 | 0 | 0 | 0 | 0 | 0 | 0 | 0 | 0 | 0 | 93< ]
[ 128 | 4 | 0 | 0 | -1 | 0 | 0 | -1 | 0 | 0 | >-1 | 0 | 0 | 0 | 0 | 0 | 0 | 0 | 0 | 0 | 0 | 0 | 0 | 0 | 0 | 0 | 0 | 0 | 92< ]
[ 128 | 4 | 0 | 0 | -1 | 0 | 0 | -1 | 0 | 0 | -1 | >0 | 0 | 0 | 0 | 0 | 0 | 0 | 0 | 0 | 0 | 0 | 0 | 0 | 0 | 0 | 0 | 0 | 91< ]
[ 128 | 4 | 0 | 0 | -1 | 0 | 0 | -1 | 0 | 0 | -1 | >0 | 0 | 0 | 0 | 0 | 0 | 0 | 0 | 0 | 0 | 0 | 0 | 0 | 0 | 0 | 0 | 0 | 90< ]
[ 128 | 4 | 0 | 0 | -1 | 0 | 0 | -1 | 0 | 0 | -1 | >0 | 0 | 0 | 0 | 0 | 0 | 0 | 0 | 0 | 0 | 0 | 0 | 0 | 0 | 0 | 0 | 0 | 89< ]
[ 128 | 4 | 0 | 0 | -1 | 0 | 0 | -1 | 0 | 0 | -1 | >0 | 0 | 0 | 0 | 0 | 0 | 0 | 0 | 0 | 0 | 0 | 0 | 0 | 0 | 0 | 0 | 0 | 88< ]
[ 128 | 4 | 0 | 0 | -1 | 0 | 0 | -1 | 0 | 0 | -1 | 0 | >0 | 0 | 0 | 0 | 0 | 0 | 0 | 0 | 0 | 0 | 0 | 0 | 0 | 0 | 0 | 0 | 87< ]
[ 128 | 4 | 0 | 0 | -1 | 0 | 0 | -1 | 0 | 0 | -1 | 0 | 0 | >0 | 0 | 0 | 0 | 0 | 0 | 0 | 0 | 0 | 0 | 0 | 0 | 0 | 0 | 0 | 86< ]
[ 128 | 4 | 0 | 0 | -1 | 0 | 0 | -1 | 0 | 0 | -1 | 0 | 0 | >-1 | 0 | 0 | 0 | 0 | 0 | 0 | 0 | 0 | 0 | 0 | 0 | 0 | 0 | 0 | 85< ]
[ 128 | 4 | 0 | 0 | -1 | 0 | 0 | -1 | 0 | 0 | -1 | 0 | 0 | >-1 | 0 | 0 | 0 | 0 | 0 | 0 | 0 | 0 | 0 | 0 | 0 | 0 | 0 | 0 | 84< ]
[ 128 | 4 | 0 | 0 | -1 | 0 | 0 | -1 | 0 | 0 | -1 | 0 | 0 | >-1 | 0 | 0 | 0 | 0 | 0 | 0 | 0 | 0 | 0 | 0 | 0 | 0 | 0 | 0 | 83< ]
[ 128 | 4 | 0 | 0 | -1 | 0 | 0 | -1 | 0 | 0 | -1 | 0 | 0 | -1 | >0 | 0 | 0 | 0 | 0 | 0 | 0 | 0 | 0 | 0 | 0 | 0 | 0 | 0 | 82< ]
[ 128 | 4 | 0 | 0 | -1 | 0 | 0 | -1 | 0 | 0 | -1 | 0 | 0 | -1 | >0 | 0 | 0 | 0 | 0 | 0 | 0 | 0 | 0 | 0 | 0 | 0 | 0 | 0 | 81< ]
[ 128 | 4 | 0 | 0 | -1 | 0 | 0 | -1 | 0 | 0 | -1 | 0 | 0 | -1 | >0 | 0 | 0 | 0 | 0 | 0 | 0 | 0 | 0 | 0 | 0 | 0 | 0 | 0 | 80< ]
[ 128 | 4 | 0 | 0 | -1 | 0 | 0 | -1 | 0 | 0 | -1 | 0 | 0 | -1 | >0 | 0 | 0 | 0 | 0 | 0 | 0 | 0 | 0 | 0 | 0 | 0 | 0 | 0 | 79< ]
[ 128 | 4 | 0 | 0 | -1 | 0 | 0 | -1 | 0 | 0 | -1 | 0 | 0 | -1 | 0 | >0 | 0 | 0 | 0 | 0 | 0 | 0 | 0 | 0 | 0 | 0 | 0 | 0 | 78< ]
[ 128 | 4 | 0 | 0 | -1 | 0 | 0 | -1 | 0 | 0 | -1 | 0 | 0 | -1 | 0 | 0 | >0 | 0 | 0 | 0 | 0 | 0 | 0 | 0 | 0 | 0 | 0 | 0 | 77< ]
[ 128 | 4 | 0 | 0 | -1 | 0 | 0 | -1 | 0 | 0 | -1 | 0 | 0 | -1 | 0 | 0 | >-1 | 0 | 0 | 0 | 0 | 0 | 0 | 0 | 0 | 0 | 0 | 0 | 76< ]
[ 128 | 4 | 0 | 0 | -1 | 0 | 0 | -1 | 0 | 0 | -1 | 0 | 0 | -1 | 0 | 0 | >-1 | 0 | 0 | 0 | 0 | 0 | 0 | 0 | 0 | 0 | 0 | 0 | 75< ]
[ 128 | 4 | 0 | 0 | -1 | 0 | 0 | -1 | 0 | 0 | -1 | 0 | 0 | -1 | 0 | 0 | >-1 | 0 | 0 | 0 | 0 | 0 | 0 | 0 | 0 | 0 | 0 | 0 | 74< ]
[ 128 | 4 | 0 | 0 | -1 | 0 | 0 | -1 | 0 | 0 | -1 | 0 | 0 | -1 | 0 | 0 | -1 | >0 | 0 | 0 | 0 | 0 | 0 | 0 | 0 | 0 | 0 | 0 | 73< ]
[ 128 | 4 | 0 | 0 | -1 | 0 | 0 | -1 | 0 | 0 | -1 | 0 | 0 | -1 | 0 | 0 | -1 | >0 | 0 | 0 | 0 | 0 | 0 | 0 | 0 | 0 | 0 | 0 | 72< ]
[ 128 | 4 | 0 | 0 | -1 | 0 | 0 | -1 | 0 | 0 | -1 | 0 | 0 | -1 | 0 | 0 | -1 | >0 | 0 | 0 | 0 | 0 | 0 | 0 | 0 | 0 | 0 | 0 | 71< ]
[ 128 | 4 | 0 | 0 | -1 | 0 | 0 | -1 | 0 | 0 | -1 | 0 | 0 | -1 | 0 | 0 | -1 | >0 | 0 | 0 | 0 | 0 | 0 | 0 | 0 | 0 | 0 | 0 | 70< ]
[ 128 | 4 | 0 | 0 | -1 | 0 | 0 | -1 | 0 | 0 | -1 | 0 | 0 | -1 | 0 | 0 | -1 | 0 | >0 | 0 | 0 | 0 | 0 | 0 | 0 | 0 | 0 | 0 | 69< ]
[ 128 | 4 | 0 | 0 | -1 | 0 | 0 | -1 | 0 | 0 | -1 | 0 | 0 | -1 | 0 | 0 | -1 | 0 | 0 | >0 | 0 | 0 | 0 | 0 | 0 | 0 | 0 | 0 | 68< ]
[ 128 | 4 | 0 | 0 | -1 | 0 | 0 | -1 | 0 | 0 | -1 | 0 | 0 | -1 | 0 | 0 | -1 | 0 | 0 | >-1 | 0 | 0 | 0 | 0 | 0 | 0 | 0 | 0 | 67< ]
[ 128 | 4 | 0 | 0 | -1 | 0 | 0 | -1 | 0 | 0 | -1 | 0 | 0 | -1 | 0 | 0 | -1 | 0 | 0 | >-1 | 0 | 0 | 0 | 0 | 0 | 0 | 0 | 0 | 66< ]
[ 128 | 4 | 0 | 0 | -1 | 0 | 0 | -1 | 0 | 0 | -1 | 0 | 0 | -1 | 0 | 0 | -1 | 0 | 0 | >-1 | 0 | 0 | 0 | 0 | 0 | 0 | 0 | 0 | 65< ]
[ 128 | 4 | 0 | 0 | -1 | 0 | 0 | -1 | 0 | 0 | -1 | 0 | 0 | -1 | 0 | 0 | -1 | 0 | 0 | -1 | >0 | 0 | 0 | 0 | 0 | 0 | 0 | 0 | 64< ]
[ 128 | 4 | 0 | 0 | -1 | 0 | 0 | -1 | 0 | 0 | -1 | 0 | 0 | -1 | 0 | 0 | -1 | 0 | 0 | -1 | >0 | 0 | 0 | 0 | 0 | 0 | 0 | 0 | 63< ]
[ 128 | 4 | 0 | 0 | -1 | 0 | 0 | -1 | 0 | 0 | -1 | 0 | 0 | -1 | 0 | 0 | -1 | 0 | 0 | -1 | >0 | 0 | 0 | 0 | 0 | 0 | 0 | 0 | 62< ]
[ 128 | 4 | 0 | 0 | -1 | 0 | 0 | -1 | 0 | 0 | -1 | 0 | 0 | -1 | 0 | 0 | -1 | 0 | 0 | -1 | >0 | 0 | 0 | 0 | 0 | 0 | 0 | 0 | 61< ]
[ 128 | 4 | 0 | 0 | -1 | 0 | 0 | -1 | 0 | 0 | -1 | 0 | 0 | -1 | 0 | 0 | -1 | 0 | 0 | -1 | 0 | >0 | 0 | 0 | 0 | 0 | 0 | 0 | 60< ]
[ 128 | 4 | 0 | 0 | -1 | 0 | 0 | -1 | 0 | 0 | -1 | 0 | 0 | -1 | 0 | 0 | -1 | 0 | 0 | -1 | 0 | 0 | >0 | 0 | 0 | 0 | 0 | 0 | 59< ]
[ 128 | 4 | 0 | 0 | -1 | 0 | 0 | -1 | 0 | 0 | -1 | 0 | 0 | -1 | 0 | 0 | -1 | 0 | 0 | -1 | 0 | 0 | >-1 | 0 | 0 | 0 | 0 | 0 | 58< ]
[ 128 | 4 | 0 | 0 | -1 | 0 | 0 | -1 | 0 | 0 | -1 | 0 | 0 | -1 | 0 | 0 | -1 | 0 | 0 | -1 | 0 | 0 | >-1 | 0 | 0 | 0 | 0 | 0 | 57< ]
[ 128 | 4 | 0 | 0 | -1 | 0 | 0 | -1 | 0 | 0 | -1 | 0 | 0 | -1 | 0 | 0 | -1 | 0 | 0 | -1 | 0 | 0 | >-1 | 0 | 0 | 0 | 0 | 0 | 56< ]
[ 128 | 4 | 0 | 0 | -1 | 0 | 0 | -1 | 0 | 0 | -1 | 0 | 0 | -1 | 0 | 0 | -1 | 0 | 0 | -1 | 0 | 0 | -1 | >0 | 0 | 0 | 0 | 0 | 55< ]
[ 128 | 4 | 0 | 0 | -1 | 0 | 0 | -1 | 0 | 0 | -1 | 0 | 0 | -1 | 0 | 0 | -1 | 0 | 0 | -1 | 0 | 0 | -1 | >0 | 0 | 0 | 0 | 0 | 54< ]
[ 128 | 4 | 0 | 0 | -1 | 0 | 0 | -1 | 0 | 0 | -1 | 0 | 0 | -1 | 0 | 0 | -1 | 0 | 0 | -1 | 0 | 0 | -1 | >0 | 0 | 0 | 0 | 0 | 53< ]
[ 128 | 4 | 0 | 0 | -1 | 0 | 0 | -1 | 0 | 0 | -1 | 0 | 0 | -1 | 0 | 0 | -1 | 0 | 0 | -1 | 0 | 0 | -1 | >0 | 0 | 0 | 0 | 0 | 52< ]
[ 128 | 4 | 0 | 0 | -1 | 0 | 0 | -1 | 0 | 0 | -1 | 0 | 0 | -1 | 0 | 0 | -1 | 0 | 0 | -1 | 0 | 0 | -1 | 0 | >0 | 0 | 0 | 0 | 51< ]
[ 128 | 4 | 0 | 0 | -1 | 0 | 0 | -1 | 0 | 0 | -1 | 0 | 0 | -1 | 0 | 0 | -1 | 0 | 0 | -1 | 0 | 0 | -1 | 0 | 0 | >0 | 0 | 0 | 50< ]
[ 128 | 4 | 0 | 0 | -1 | 0 | 0 | -1 | 0 | 0 | -1 | 0 | 0 | -1 | 0 | 0 | -1 | 0 | 0 | -1 | 0 | 0 | -1 | 0 | 0 | >-1 | 0 | 0 | 49< ]
[ 128 | 4 | 0 | 0 | -1 | 0 | 0 | -1 | 0 | 0 | -1 | 0 | 0 | -1 | 0 | 0 | -1 | 0 | 0 | -1 | 0 | 0 | -1 | 0 | 0 | >-1 | 0 | 0 | 48< ]
[ 128 | 4 | 0 | 0 | -1 | 0 | 0 | -1 | 0 | 0 | -1 | 0 | 0 | -1 | 0 | 0 | -1 | 0 | 0 | -1 | 0 | 0 | -1 | 0 | 0 | >-1 | 0 | 0 | 47< ]
[ 128 | 4 | 0 | 0 | -1 | 0 | 0 | -1 | 0 | 0 | -1 | 0 | 0 | -1 | 0 | 0 | -1 | 0 | 0 | -1 | 0 | 0 | -1 | 0 | 0 | -1 | >0 | 0 | 46< ]
[ 128 | 4 | 0 | 0 | -1 | 0 | 0 | -1 | 0 | 0 | -1 | 0 | 0 | -1 | 0 | 0 | -1 | 0 | 0 | -1 | 0 | 0 | -1 | 0 | 0 | -1 | >0 | 0 | 45< ]
[ 128 | 4 | 0 | 0 | -1 | 0 | 0 | -1 | 0 | 0 | -1 | 0 | 0 | -1 | 0 | 0 | -1 | 0 | 0 | -1 | 0 | 0 | -1 | 0 | 0 | -1 | >0 | 0 | 44< ]
[ 128 | 4 | 0 | 0 | -1 | 0 | 0 | -1 | 0 | 0 | -1 | 0 | 0 | -1 | 0 | 0 | -1 | 0 | 0 | -1 | 0 | 0 | -1 | 0 | 0 | -1 | >0 | 0 | 43< ]
[ 128 | 4 | 0 | 0 | -1 | 0 | 0 | -1 | 0 | 0 | -1 | 0 | 0 | -1 | 0 | 0 | -1 | 0 | 0 | -1 | 0 | 0 | -1 | 0 | 0 | -1 | 0 | >0 | 42< ]
[ 128 | 4 | 0 | 0 | -1 | 0 | 0 | -1 | 0 | 0 | -1 | 0 | 0 | -1 | 0 | 0 | -1 | 0 | 0 | -1 | 0 | 0 | -1 | 0 | 0 | -1 | 0 | 0 | >41< ]
[ 128 | 4 | 0 | 0 | -1 | 0 | 0 | -1 | 0 | 0 | -1 | 0 | 0 | -1 | 0 | 0 | -1 | 0 | 0 | -1 | 0 | 0 | -1 | 0 | 0 | -1 | 0 | 0 | >39< ]
[ 128 | 4 | 0 | 0 | -1 | 0 | 0 | -1 | 0 | 0 | -1 | 0 | 0 | -1 | 0 | 0 | -1 | 0 | 0 | -1 | 0 | 0 | -1 | 0 | 0 | -1 | 0 | 0 | >38< ]
[ 128 | 4 | 0 | 0 | -1 | 0 | 0 | -1 | 0 | 0 | -1 | 0 | 0 | -1 | 0 | 0 | -1 | 0 | 0 | -1 | 0 | 0 | -1 | 0 | 0 | -1 | 0 | 0 | >37< ]
[ >128 | 4 | 0 | 0 | -1 | 0 | 0 | -1 | 0 | 0 | -1 | 0 | 0 | -1 | 0 | 0 | -1 | 0 | 0 | -1 | 0 | 0 | -1 | 0 | 0 | -1 | 0 | 0 | 36< ]

===== CloakingDeviceBot won the battle after 91 cycles =====



===== Starting battle of <PrussianRoulette> vs <CloakingDeviceBot> with memory tape size: 21 =====

[ >128 | 0 | 0 | 0 | 0 | 0 | 0 | 0 | 0 | 0 | 0 | 0 | 0 | 0 | 0 | 0 | 0 | 0 | 0 | 0 | 128< ]
[ 128 | >0 | 0 | 0 | 0 | 0 | 0 | 0 | 0 | 0 | 0 | 0 | 0 | 0 | 0 | 0 | 0 | 0 | 0 | 0 | 127< ]
[ 128 | >1 | 0 | 0 | 0 | 0 | 0 | 0 | 0 | 0 | 0 | 0 | 0 | 0 | 0 | 0 | 0 | 0 | 0 | 0 | 126< ]
[ 128 | >2 | 0 | 0 | 0 | 0 | 0 | 0 | 0 | 0 | 0 | 0 | 0 | 0 | 0 | 0 | 0 | 0 | 0 | 0 | 125< ]
[ 128 | >3 | 0 | 0 | 0 | 0 | 0 | 0 | 0 | 0 | 0 | 0 | 0 | 0 | 0 | 0 | 0 | 0 | 0 | 0 | 124< ]
[ 128 | >4 | 0 | 0 | 0 | 0 | 0 | 0 | 0 | 0 | 0 | 0 | 0 | 0 | 0 | 0 | 0 | 0 | 0 | 0 | 123< ]
[ 128 | >5 | 0 | 0 | 0 | 0 | 0 | 0 | 0 | 0 | 0 | 0 | 0 | 0 | 0 | 0 | 0 | 0 | 0 | 0 | 122< ]
[ 128 | >4 | 0 | 0 | 0 | 0 | 0 | 0 | 0 | 0 | 0 | 0 | 0 | 0 | 0 | 0 | 0 | 0 | 0 | 0 | 121< ]
[ 128 | >4 | 0 | 0 | 0 | 0 | 0 | 0 | 0 | 0 | 0 | 0 | 0 | 0 | 0 | 0 | 0 | 0 | 0 | 0 | 120< ]
[ 128 | >4 | 0 | 0 | 0 | 0 | 0 | 0 | 0 | 0 | 0 | 0 | 0 | 0 | 0 | 0 | 0 | 0 | 0 | 0 | 119< ]
[ 128 | 4 | >0 | 0 | 0 | 0 | 0 | 0 | 0 | 0 | 0 | 0 | 0 | 0 | 0 | 0 | 0 | 0 | 0 | 0 | 118< ]
[ 128 | 4 | >0 | 0 | 0 | 0 | 0 | 0 | 0 | 0 | 0 | 0 | 0 | 0 | 0 | 0 | 0 | 0 | 0 | 0 | 117< ]
[ 128 | 4 | >0 | 0 | 0 | 0 | 0 | 0 | 0 | 0 | 0 | 0 | 0 | 0 | 0 | 0 | 0 | 0 | 0 | 0 | 116< ]
[ 128 | 4 | >0 | 0 | 0 | 0 | 0 | 0 | 0 | 0 | 0 | 0 | 0 | 0 | 0 | 0 | 0 | 0 | 0 | 0 | 115< ]
[ 128 | 4 | 0 | >0 | 0 | 0 | 0 | 0 | 0 | 0 | 0 | 0 | 0 | 0 | 0 | 0 | 0 | 0 | 0 | 0 | 114< ]
[ 128 | 4 | 0 | 0 | >0 | 0 | 0 | 0 | 0 | 0 | 0 | 0 | 0 | 0 | 0 | 0 | 0 | 0 | 0 | 0 | 113< ]
[ 128 | 4 | 0 | 0 | >-1 | 0 | 0 | 0 | 0 | 0 | 0 | 0 | 0 | 0 | 0 | 0 | 0 | 0 | 0 | 0 | 112< ]
[ 128 | 4 | 0 | 0 | >-1 | 0 | 0 | 0 | 0 | 0 | 0 | 0 | 0 | 0 | 0 | 0 | 0 | 0 | 0 | 0 | 111< ]
[ 128 | 4 | 0 | 0 | >-1 | 0 | 0 | 0 | 0 | 0 | 0 | 0 | 0 | 0 | 0 | 0 | 0 | 0 | 0 | 0 | 110< ]
[ 128 | 4 | 0 | 0 | -1 | >0 | 0 | 0 | 0 | 0 | 0 | 0 | 0 | 0 | 0 | 0 | 0 | 0 | 0 | 0 | 109< ]
[ 128 | 4 | 0 | 0 | -1 | >0 | 0 | 0 | 0 | 0 | 0 | 0 | 0 | 0 | 0 | 0 | 0 | 0 | 0 | 0 | 108< ]
[ 128 | 4 | 0 | 0 | -1 | >0 | 0 | 0 | 0 | 0 | 0 | 0 | 0 | 0 | 0 | 0 | 0 | 0 | 0 | 0 | 107< ]
[ 128 | 4 | 0 | 0 | -1 | >0 | 0 | 0 | 0 | 0 | 0 | 0 | 0 | 0 | 0 | 0 | 0 | 0 | 0 | 0 | 106< ]
[ 128 | 4 | 0 | 0 | -1 | 0 | >0 | 0 | 0 | 0 | 0 | 0 | 0 | 0 | 0 | 0 | 0 | 0 | 0 | 0 | 105< ]
[ 128 | 4 | 0 | 0 | -1 | 0 | 0 | >0 | 0 | 0 | 0 | 0 | 0 | 0 | 0 | 0 | 0 | 0 | 0 | 0 | 104< ]
[ 128 | 4 | 0 | 0 | -1 | 0 | 0 | >-1 | 0 | 0 | 0 | 0 | 0 | 0 | 0 | 0 | 0 | 0 | 0 | 0 | 103< ]
[ 128 | 4 | 0 | 0 | -1 | 0 | 0 | >-1 | 0 | 0 | 0 | 0 | 0 | 0 | 0 | 0 | 0 | 0 | 0 | 0 | 102< ]
[ 128 | 4 | 0 | 0 | -1 | 0 | 0 | >-1 | 0 | 0 | 0 | 0 | 0 | 0 | 0 | 0 | 0 | 0 | 0 | 0 | 101< ]
[ 128 | 4 | 0 | 0 | -1 | 0 | 0 | -1 | >0 | 0 | 0 | 0 | 0 | 0 | 0 | 0 | 0 | 0 | 0 | 0 | 100< ]
[ 128 | 4 | 0 | 0 | -1 | 0 | 0 | -1 | >0 | 0 | 0 | 0 | 0 | 0 | 0 | 0 | 0 | 0 | 0 | 0 | 99< ]
[ 128 | 4 | 0 | 0 | -1 | 0 | 0 | -1 | >0 | 0 | 0 | 0 | 0 | 0 | 0 | 0 | 0 | 0 | 0 | 0 | 98< ]
[ 128 | 4 | 0 | 0 | -1 | 0 | 0 | -1 | >0 | 0 | 0 | 0 | 0 | 0 | 0 | 0 | 0 | 0 | 0 | 0 | 97< ]
[ 128 | 4 | 0 | 0 | -1 | 0 | 0 | -1 | 0 | >0 | 0 | 0 | 0 | 0 | 0 | 0 | 0 | 0 | 0 | 0 | 96< ]
[ 128 | 4 | 0 | 0 | -1 | 0 | 0 | -1 | 0 | 0 | >0 | 0 | 0 | 0 | 0 | 0 | 0 | 0 | 0 | 0 | 95< ]
[ 128 | 4 | 0 | 0 | -1 | 0 | 0 | -1 | 0 | 0 | >-1 | 0 | 0 | 0 | 0 | 0 | 0 | 0 | 0 | 0 | 94< ]
[ 128 | 4 | 0 | 0 | -1 | 0 | 0 | -1 | 0 | 0 | >-1 | 0 | 0 | 0 | 0 | 0 | 0 | 0 | 0 | 0 | 93< ]
[ 128 | 4 | 0 | 0 | -1 | 0 | 0 | -1 | 0 | 0 | >-1 | 0 | 0 | 0 | 0 | 0 | 0 | 0 | 0 | 0 | 92< ]
[ 128 | 4 | 0 | 0 | -1 | 0 | 0 | -1 | 0 | 0 | -1 | >0 | 0 | 0 | 0 | 0 | 0 | 0 | 0 | 0 | 91< ]
[ 128 | 4 | 0 | 0 | -1 | 0 | 0 | -1 | 0 | 0 | -1 | >0 | 0 | 0 | 0 | 0 | 0 | 0 | 0 | 0 | 90< ]
[ 128 | 4 | 0 | 0 | -1 | 0 | 0 | -1 | 0 | 0 | -1 | >0 | 0 | 0 | 0 | 0 | 0 | 0 | 0 | 0 | 89< ]
[ 128 | 4 | 0 | 0 | -1 | 0 | 0 | -1 | 0 | 0 | -1 | >0 | 0 | 0 | 0 | 0 | 0 | 0 | 0 | 0 | 88< ]
[ 128 | 4 | 0 | 0 | -1 | 0 | 0 | -1 | 0 | 0 | -1 | 0 | >0 | 0 | 0 | 0 | 0 | 0 | 0 | 0 | 87< ]
[ 128 | 4 | 0 | 0 | -1 | 0 | 0 | -1 | 0 | 0 | -1 | 0 | 0 | >0 | 0 | 0 | 0 | 0 | 0 | 0 | 86< ]
[ 128 | 4 | 0 | 0 | -1 | 0 | 0 | -1 | 0 | 0 | -1 | 0 | 0 | >-1 | 0 | 0 | 0 | 0 | 0 | 0 | 85< ]
[ 128 | 4 | 0 | 0 | -1 | 0 | 0 | -1 | 0 | 0 | -1 | 0 | 0 | >-1 | 0 | 0 | 0 | 0 | 0 | 0 | 84< ]
[ 128 | 4 | 0 | 0 | -1 | 0 | 0 | -1 | 0 | 0 | -1 | 0 | 0 | >-1 | 0 | 0 | 0 | 0 | 0 | 0 | 83< ]
[ 128 | 4 | 0 | 0 | -1 | 0 | 0 | -1 | 0 | 0 | -1 | 0 | 0 | -1 | >0 | 0 | 0 | 0 | 0 | 0 | 82< ]
[ 128 | 4 | 0 | 0 | -1 | 0 | 0 | -1 | 0 | 0 | -1 | 0 | 0 | -1 | >0 | 0 | 0 | 0 | 0 | 0 | 81< ]
[ 128 | 4 | 0 | 0 | -1 | 0 | 0 | -1 | 0 | 0 | -1 | 0 | 0 | -1 | >0 | 0 | 0 | 0 | 0 | 0 | 80< ]
[ 128 | 4 | 0 | 0 | -1 | 0 | 0 | -1 | 0 | 0 | -1 | 0 | 0 | -1 | >0 | 0 | 0 | 0 | 0 | 0 | 79< ]
[ 128 | 4 | 0 | 0 | -1 | 0 | 0 | -1 | 0 | 0 | -1 | 0 | 0 | -1 | 0 | >0 | 0 | 0 | 0 | 0 | 78< ]
[ 128 | 4 | 0 | 0 | -1 | 0 | 0 | -1 | 0 | 0 | -1 | 0 | 0 | -1 | 0 | 0 | >0 | 0 | 0 | 0 | 77< ]
[ 128 | 4 | 0 | 0 | -1 | 0 | 0 | -1 | 0 | 0 | -1 | 0 | 0 | -1 | 0 | 0 | >-1 | 0 | 0 | 0 | 76< ]
[ 128 | 4 | 0 | 0 | -1 | 0 | 0 | -1 | 0 | 0 | -1 | 0 | 0 | -1 | 0 | 0 | >-1 | 0 | 0 | 0 | 75< ]
[ 128 | 4 | 0 | 0 | -1 | 0 | 0 | -1 | 0 | 0 | -1 | 0 | 0 | -1 | 0 | 0 | >-1 | 0 | 0 | 0 | 74< ]
[ 128 | 4 | 0 | 0 | -1 | 0 | 0 | -1 | 0 | 0 | -1 | 0 | 0 | -1 | 0 | 0 | -1 | >0 | 0 | 0 | 73< ]
[ 128 | 4 | 0 | 0 | -1 | 0 | 0 | -1 | 0 | 0 | -1 | 0 | 0 | -1 | 0 | 0 | -1 | >0 | 0 | 0 | 72< ]
[ 128 | 4 | 0 | 0 | -1 | 0 | 0 | -1 | 0 | 0 | -1 | 0 | 0 | -1 | 0 | 0 | -1 | >0 | 0 | 0 | 71< ]
[ 128 | 4 | 0 | 0 | -1 | 0 | 0 | -1 | 0 | 0 | -1 | 0 | 0 | -1 | 0 | 0 | -1 | >0 | 0 | 0 | 70< ]
[ 128 | 4 | 0 | 0 | -1 | 0 | 0 | -1 | 0 | 0 | -1 | 0 | 0 | -1 | 0 | 0 | -1 | 0 | >0 | 0 | 69< ]
[ 128 | 4 | 0 | 0 | -1 | 0 | 0 | -1 | 0 | 0 | -1 | 0 | 0 | -1 | 0 | 0 | -1 | 0 | 0 | >0 | 68< ]
[ 128 | 4 | 0 | 0 | -1 | 0 | 0 | -1 | 0 | 0 | -1 | 0 | 0 | -1 | 0 | 0 | -1 | 0 | 0 | >-1 | 67< ]
[ 128 | 4 | 0 | 0 | -1 | 0 | 0 | -1 | 0 | 0 | -1 | 0 | 0 | -1 | 0 | 0 | -1 | 0 | 0 | >-1 | 66< ]
[ 128 | 4 | 0 | 0 | -1 | 0 | 0 | -1 | 0 | 0 | -1 | 0 | 0 | -1 | 0 | 0 | -1 | 0 | 0 | >-1 | 65< ]
[ 128 | 4 | 0 | 0 | -1 | 0 | 0 | -1 | 0 | 0 | -1 | 0 | 0 | -1 | 0 | 0 | -1 | 0 | 0 | -1 | >64< ]
[ 128 | 4 | 0 | 0 | -1 | 0 | 0 | -1 | 0 | 0 | -1 | 0 | 0 | -1 | 0 | 0 | -1 | 0 | 0 | -1 | >63< ]
[ 128 | 4 | 0 | 0 | -1 | 0 | 0 | -1 | 0 | 0 | -1 | 0 | 0 | -1 | 0 | 0 | -1 | 0 | 0 | -1 | >62< ]
[ >128 | 4 | 0 | 0 | -1 | 0 | 0 | -1 | 0 | 0 | -1 | 0 | 0 | -1 | 0 | 0 | -1 | 0 | 0 | -1 | 61< ]

===== CloakingDeviceBot won the battle after 67 cycles =====



===== Starting battle of <PrussianRoulette> vs <CloakingDeviceBot> with memory tape size: 25 =====

[ >128 | 0 | 0 | 0 | 0 | 0 | 0 | 0 | 0 | 0 | 0 | 0 | 0 | 0 | 0 | 0 | 0 | 0 | 0 | 0 | 0 | 0 | 0 | 0 | 128< ]
[ 128 | >0 | 0 | 0 | 0 | 0 | 0 | 0 | 0 | 0 | 0 | 0 | 0 | 0 | 0 | 0 | 0 | 0 | 0 | 0 | 0 | 0 | 0 | 0 | 127< ]
[ 128 | >1 | 0 | 0 | 0 | 0 | 0 | 0 | 0 | 0 | 0 | 0 | 0 | 0 | 0 | 0 | 0 | 0 | 0 | 0 | 0 | 0 | 0 | 0 | 126< ]
[ 128 | >2 | 0 | 0 | 0 | 0 | 0 | 0 | 0 | 0 | 0 | 0 | 0 | 0 | 0 | 0 | 0 | 0 | 0 | 0 | 0 | 0 | 0 | 0 | 125< ]
[ 128 | >3 | 0 | 0 | 0 | 0 | 0 | 0 | 0 | 0 | 0 | 0 | 0 | 0 | 0 | 0 | 0 | 0 | 0 | 0 | 0 | 0 | 0 | 0 | 124< ]
[ 128 | >4 | 0 | 0 | 0 | 0 | 0 | 0 | 0 | 0 | 0 | 0 | 0 | 0 | 0 | 0 | 0 | 0 | 0 | 0 | 0 | 0 | 0 | 0 | 123< ]
[ 128 | >5 | 0 | 0 | 0 | 0 | 0 | 0 | 0 | 0 | 0 | 0 | 0 | 0 | 0 | 0 | 0 | 0 | 0 | 0 | 0 | 0 | 0 | 0 | 122< ]
[ 128 | >4 | 0 | 0 | 0 | 0 | 0 | 0 | 0 | 0 | 0 | 0 | 0 | 0 | 0 | 0 | 0 | 0 | 0 | 0 | 0 | 0 | 0 | 0 | 121< ]
[ 128 | >4 | 0 | 0 | 0 | 0 | 0 | 0 | 0 | 0 | 0 | 0 | 0 | 0 | 0 | 0 | 0 | 0 | 0 | 0 | 0 | 0 | 0 | 0 | 120< ]
[ 128 | >4 | 0 | 0 | 0 | 0 | 0 | 0 | 0 | 0 | 0 | 0 | 0 | 0 | 0 | 0 | 0 | 0 | 0 | 0 | 0 | 0 | 0 | 0 | 119< ]
[ 128 | 4 | >0 | 0 | 0 | 0 | 0 | 0 | 0 | 0 | 0 | 0 | 0 | 0 | 0 | 0 | 0 | 0 | 0 | 0 | 0 | 0 | 0 | 0 | 118< ]
[ 128 | 4 | >0 | 0 | 0 | 0 | 0 | 0 | 0 | 0 | 0 | 0 | 0 | 0 | 0 | 0 | 0 | 0 | 0 | 0 | 0 | 0 | 0 | 0 | 117< ]
[ 128 | 4 | >0 | 0 | 0 | 0 | 0 | 0 | 0 | 0 | 0 | 0 | 0 | 0 | 0 | 0 | 0 | 0 | 0 | 0 | 0 | 0 | 0 | 0 | 116< ]
[ 128 | 4 | >0 | 0 | 0 | 0 | 0 | 0 | 0 | 0 | 0 | 0 | 0 | 0 | 0 | 0 | 0 | 0 | 0 | 0 | 0 | 0 | 0 | 0 | 115< ]
[ 128 | 4 | 0 | >0 | 0 | 0 | 0 | 0 | 0 | 0 | 0 | 0 | 0 | 0 | 0 | 0 | 0 | 0 | 0 | 0 | 0 | 0 | 0 | 0 | 114< ]
[ 128 | 4 | 0 | 0 | >0 | 0 | 0 | 0 | 0 | 0 | 0 | 0 | 0 | 0 | 0 | 0 | 0 | 0 | 0 | 0 | 0 | 0 | 0 | 0 | 113< ]
[ 128 | 4 | 0 | 0 | >-1 | 0 | 0 | 0 | 0 | 0 | 0 | 0 | 0 | 0 | 0 | 0 | 0 | 0 | 0 | 0 | 0 | 0 | 0 | 0 | 112< ]
[ 128 | 4 | 0 | 0 | >-1 | 0 | 0 | 0 | 0 | 0 | 0 | 0 | 0 | 0 | 0 | 0 | 0 | 0 | 0 | 0 | 0 | 0 | 0 | 0 | 111< ]
[ 128 | 4 | 0 | 0 | >-1 | 0 | 0 | 0 | 0 | 0 | 0 | 0 | 0 | 0 | 0 | 0 | 0 | 0 | 0 | 0 | 0 | 0 | 0 | 0 | 110< ]
[ 128 | 4 | 0 | 0 | -1 | >0 | 0 | 0 | 0 | 0 | 0 | 0 | 0 | 0 | 0 | 0 | 0 | 0 | 0 | 0 | 0 | 0 | 0 | 0 | 109< ]
[ 128 | 4 | 0 | 0 | -1 | >0 | 0 | 0 | 0 | 0 | 0 | 0 | 0 | 0 | 0 | 0 | 0 | 0 | 0 | 0 | 0 | 0 | 0 | 0 | 108< ]
[ 128 | 4 | 0 | 0 | -1 | >0 | 0 | 0 | 0 | 0 | 0 | 0 | 0 | 0 | 0 | 0 | 0 | 0 | 0 | 0 | 0 | 0 | 0 | 0 | 107< ]
[ 128 | 4 | 0 | 0 | -1 | >0 | 0 | 0 | 0 | 0 | 0 | 0 | 0 | 0 | 0 | 0 | 0 | 0 | 0 | 0 | 0 | 0 | 0 | 0 | 106< ]
[ 128 | 4 | 0 | 0 | -1 | 0 | >0 | 0 | 0 | 0 | 0 | 0 | 0 | 0 | 0 | 0 | 0 | 0 | 0 | 0 | 0 | 0 | 0 | 0 | 105< ]
[ 128 | 4 | 0 | 0 | -1 | 0 | 0 | >0 | 0 | 0 | 0 | 0 | 0 | 0 | 0 | 0 | 0 | 0 | 0 | 0 | 0 | 0 | 0 | 0 | 104< ]
[ 128 | 4 | 0 | 0 | -1 | 0 | 0 | >-1 | 0 | 0 | 0 | 0 | 0 | 0 | 0 | 0 | 0 | 0 | 0 | 0 | 0 | 0 | 0 | 0 | 103< ]
[ 128 | 4 | 0 | 0 | -1 | 0 | 0 | >-1 | 0 | 0 | 0 | 0 | 0 | 0 | 0 | 0 | 0 | 0 | 0 | 0 | 0 | 0 | 0 | 0 | 102< ]
[ 128 | 4 | 0 | 0 | -1 | 0 | 0 | >-1 | 0 | 0 | 0 | 0 | 0 | 0 | 0 | 0 | 0 | 0 | 0 | 0 | 0 | 0 | 0 | 0 | 101< ]
[ 128 | 4 | 0 | 0 | -1 | 0 | 0 | -1 | >0 | 0 | 0 | 0 | 0 | 0 | 0 | 0 | 0 | 0 | 0 | 0 | 0 | 0 | 0 | 0 | 100< ]
[ 128 | 4 | 0 | 0 | -1 | 0 | 0 | -1 | >0 | 0 | 0 | 0 | 0 | 0 | 0 | 0 | 0 | 0 | 0 | 0 | 0 | 0 | 0 | 0 | 99< ]
[ 128 | 4 | 0 | 0 | -1 | 0 | 0 | -1 | >0 | 0 | 0 | 0 | 0 | 0 | 0 | 0 | 0 | 0 | 0 | 0 | 0 | 0 | 0 | 0 | 98< ]
[ 128 | 4 | 0 | 0 | -1 | 0 | 0 | -1 | >0 | 0 | 0 | 0 | 0 | 0 | 0 | 0 | 0 | 0 | 0 | 0 | 0 | 0 | 0 | 0 | 97< ]
[ 128 | 4 | 0 | 0 | -1 | 0 | 0 | -1 | 0 | >0 | 0 | 0 | 0 | 0 | 0 | 0 | 0 | 0 | 0 | 0 | 0 | 0 | 0 | 0 | 96< ]
[ 128 | 4 | 0 | 0 | -1 | 0 | 0 | -1 | 0 | 0 | >0 | 0 | 0 | 0 | 0 | 0 | 0 | 0 | 0 | 0 | 0 | 0 | 0 | 0 | 95< ]
[ 128 | 4 | 0 | 0 | -1 | 0 | 0 | -1 | 0 | 0 | >-1 | 0 | 0 | 0 | 0 | 0 | 0 | 0 | 0 | 0 | 0 | 0 | 0 | 0 | 94< ]
[ 128 | 4 | 0 | 0 | -1 | 0 | 0 | -1 | 0 | 0 | >-1 | 0 | 0 | 0 | 0 | 0 | 0 | 0 | 0 | 0 | 0 | 0 | 0 | 0 | 93< ]
[ 128 | 4 | 0 | 0 | -1 | 0 | 0 | -1 | 0 | 0 | >-1 | 0 | 0 | 0 | 0 | 0 | 0 | 0 | 0 | 0 | 0 | 0 | 0 | 0 | 92< ]
[ 128 | 4 | 0 | 0 | -1 | 0 | 0 | -1 | 0 | 0 | -1 | >0 | 0 | 0 | 0 | 0 | 0 | 0 | 0 | 0 | 0 | 0 | 0 | 0 | 91< ]
[ 128 | 4 | 0 | 0 | -1 | 0 | 0 | -1 | 0 | 0 | -1 | >0 | 0 | 0 | 0 | 0 | 0 | 0 | 0 | 0 | 0 | 0 | 0 | 0 | 90< ]
[ 128 | 4 | 0 | 0 | -1 | 0 | 0 | -1 | 0 | 0 | -1 | >0 | 0 | 0 | 0 | 0 | 0 | 0 | 0 | 0 | 0 | 0 | 0 | 0 | 89< ]
[ 128 | 4 | 0 | 0 | -1 | 0 | 0 | -1 | 0 | 0 | -1 | >0 | 0 | 0 | 0 | 0 | 0 | 0 | 0 | 0 | 0 | 0 | 0 | 0 | 88< ]
[ 128 | 4 | 0 | 0 | -1 | 0 | 0 | -1 | 0 | 0 | -1 | 0 | >0 | 0 | 0 | 0 | 0 | 0 | 0 | 0 | 0 | 0 | 0 | 0 | 87< ]
[ 128 | 4 | 0 | 0 | -1 | 0 | 0 | -1 | 0 | 0 | -1 | 0 | 0 | >0 | 0 | 0 | 0 | 0 | 0 | 0 | 0 | 0 | 0 | 0 | 86< ]
[ 128 | 4 | 0 | 0 | -1 | 0 | 0 | -1 | 0 | 0 | -1 | 0 | 0 | >-1 | 0 | 0 | 0 | 0 | 0 | 0 | 0 | 0 | 0 | 0 | 85< ]
[ 128 | 4 | 0 | 0 | -1 | 0 | 0 | -1 | 0 | 0 | -1 | 0 | 0 | >-1 | 0 | 0 | 0 | 0 | 0 | 0 | 0 | 0 | 0 | 0 | 84< ]
[ 128 | 4 | 0 | 0 | -1 | 0 | 0 | -1 | 0 | 0 | -1 | 0 | 0 | >-1 | 0 | 0 | 0 | 0 | 0 | 0 | 0 | 0 | 0 | 0 | 83< ]
[ 128 | 4 | 0 | 0 | -1 | 0 | 0 | -1 | 0 | 0 | -1 | 0 | 0 | -1 | >0 | 0 | 0 | 0 | 0 | 0 | 0 | 0 | 0 | 0 | 82< ]
[ 128 | 4 | 0 | 0 | -1 | 0 | 0 | -1 | 0 | 0 | -1 | 0 | 0 | -1 | >0 | 0 | 0 | 0 | 0 | 0 | 0 | 0 | 0 | 0 | 81< ]
[ 128 | 4 | 0 | 0 | -1 | 0 | 0 | -1 | 0 | 0 | -1 | 0 | 0 | -1 | >0 | 0 | 0 | 0 | 0 | 0 | 0 | 0 | 0 | 0 | 80< ]
[ 128 | 4 | 0 | 0 | -1 | 0 | 0 | -1 | 0 | 0 | -1 | 0 | 0 | -1 | >0 | 0 | 0 | 0 | 0 | 0 | 0 | 0 | 0 | 0 | 79< ]
[ 128 | 4 | 0 | 0 | -1 | 0 | 0 | -1 | 0 | 0 | -1 | 0 | 0 | -1 | 0 | >0 | 0 | 0 | 0 | 0 | 0 | 0 | 0 | 0 | 78< ]
[ 128 | 4 | 0 | 0 | -1 | 0 | 0 | -1 | 0 | 0 | -1 | 0 | 0 | -1 | 0 | 0 | >0 | 0 | 0 | 0 | 0 | 0 | 0 | 0 | 77< ]
[ 128 | 4 | 0 | 0 | -1 | 0 | 0 | -1 | 0 | 0 | -1 | 0 | 0 | -1 | 0 | 0 | >-1 | 0 | 0 | 0 | 0 | 0 | 0 | 0 | 76< ]
[ 128 | 4 | 0 | 0 | -1 | 0 | 0 | -1 | 0 | 0 | -1 | 0 | 0 | -1 | 0 | 0 | >-1 | 0 | 0 | 0 | 0 | 0 | 0 | 0 | 75< ]
[ 128 | 4 | 0 | 0 | -1 | 0 | 0 | -1 | 0 | 0 | -1 | 0 | 0 | -1 | 0 | 0 | >-1 | 0 | 0 | 0 | 0 | 0 | 0 | 0 | 74< ]
[ 128 | 4 | 0 | 0 | -1 | 0 | 0 | -1 | 0 | 0 | -1 | 0 | 0 | -1 | 0 | 0 | -1 | >0 | 0 | 0 | 0 | 0 | 0 | 0 | 73< ]
[ 128 | 4 | 0 | 0 | -1 | 0 | 0 | -1 | 0 | 0 | -1 | 0 | 0 | -1 | 0 | 0 | -1 | >0 | 0 | 0 | 0 | 0 | 0 | 0 | 72< ]
[ 128 | 4 | 0 | 0 | -1 | 0 | 0 | -1 | 0 | 0 | -1 | 0 | 0 | -1 | 0 | 0 | -1 | >0 | 0 | 0 | 0 | 0 | 0 | 0 | 71< ]
[ 128 | 4 | 0 | 0 | -1 | 0 | 0 | -1 | 0 | 0 | -1 | 0 | 0 | -1 | 0 | 0 | -1 | >0 | 0 | 0 | 0 | 0 | 0 | 0 | 70< ]
[ 128 | 4 | 0 | 0 | -1 | 0 | 0 | -1 | 0 | 0 | -1 | 0 | 0 | -1 | 0 | 0 | -1 | 0 | >0 | 0 | 0 | 0 | 0 | 0 | 69< ]
[ 128 | 4 | 0 | 0 | -1 | 0 | 0 | -1 | 0 | 0 | -1 | 0 | 0 | -1 | 0 | 0 | -1 | 0 | 0 | >0 | 0 | 0 | 0 | 0 | 68< ]
[ 128 | 4 | 0 | 0 | -1 | 0 | 0 | -1 | 0 | 0 | -1 | 0 | 0 | -1 | 0 | 0 | -1 | 0 | 0 | >-1 | 0 | 0 | 0 | 0 | 67< ]
[ 128 | 4 | 0 | 0 | -1 | 0 | 0 | -1 | 0 | 0 | -1 | 0 | 0 | -1 | 0 | 0 | -1 | 0 | 0 | >-1 | 0 | 0 | 0 | 0 | 66< ]
[ 128 | 4 | 0 | 0 | -1 | 0 | 0 | -1 | 0 | 0 | -1 | 0 | 0 | -1 | 0 | 0 | -1 | 0 | 0 | >-1 | 0 | 0 | 0 | 0 | 65< ]
[ 128 | 4 | 0 | 0 | -1 | 0 | 0 | -1 | 0 | 0 | -1 | 0 | 0 | -1 | 0 | 0 | -1 | 0 | 0 | -1 | >0 | 0 | 0 | 0 | 64< ]
[ 128 | 4 | 0 | 0 | -1 | 0 | 0 | -1 | 0 | 0 | -1 | 0 | 0 | -1 | 0 | 0 | -1 | 0 | 0 | -1 | >0 | 0 | 0 | 0 | 63< ]
[ 128 | 4 | 0 | 0 | -1 | 0 | 0 | -1 | 0 | 0 | -1 | 0 | 0 | -1 | 0 | 0 | -1 | 0 | 0 | -1 | >0 | 0 | 0 | 0 | 62< ]
[ 128 | 4 | 0 | 0 | -1 | 0 | 0 | -1 | 0 | 0 | -1 | 0 | 0 | -1 | 0 | 0 | -1 | 0 | 0 | -1 | >0 | 0 | 0 | 0 | 61< ]
[ 128 | 4 | 0 | 0 | -1 | 0 | 0 | -1 | 0 | 0 | -1 | 0 | 0 | -1 | 0 | 0 | -1 | 0 | 0 | -1 | 0 | >0 | 0 | 0 | 60< ]
[ 128 | 4 | 0 | 0 | -1 | 0 | 0 | -1 | 0 | 0 | -1 | 0 | 0 | -1 | 0 | 0 | -1 | 0 | 0 | -1 | 0 | 0 | >0 | 0 | 59< ]
[ 128 | 4 | 0 | 0 | -1 | 0 | 0 | -1 | 0 | 0 | -1 | 0 | 0 | -1 | 0 | 0 | -1 | 0 | 0 | -1 | 0 | 0 | >-1 | 0 | 58< ]
[ 128 | 4 | 0 | 0 | -1 | 0 | 0 | -1 | 0 | 0 | -1 | 0 | 0 | -1 | 0 | 0 | -1 | 0 | 0 | -1 | 0 | 0 | >-1 | 0 | 57< ]
[ 128 | 4 | 0 | 0 | -1 | 0 | 0 | -1 | 0 | 0 | -1 | 0 | 0 | -1 | 0 | 0 | -1 | 0 | 0 | -1 | 0 | 0 | >-1 | 0 | 56< ]
[ 128 | 4 | 0 | 0 | -1 | 0 | 0 | -1 | 0 | 0 | -1 | 0 | 0 | -1 | 0 | 0 | -1 | 0 | 0 | -1 | 0 | 0 | -1 | >0 | 55< ]
[ 128 | 4 | 0 | 0 | -1 | 0 | 0 | -1 | 0 | 0 | -1 | 0 | 0 | -1 | 0 | 0 | -1 | 0 | 0 | -1 | 0 | 0 | -1 | >0 | 54< ]
[ 128 | 4 | 0 | 0 | -1 | 0 | 0 | -1 | 0 | 0 | -1 | 0 | 0 | -1 | 0 | 0 | -1 | 0 | 0 | -1 | 0 | 0 | -1 | >0 | 53< ]
[ 128 | 4 | 0 | 0 | -1 | 0 | 0 | -1 | 0 | 0 | -1 | 0 | 0 | -1 | 0 | 0 | -1 | 0 | 0 | -1 | 0 | 0 | -1 | >0 | 52< ]
[ 128 | 4 | 0 | 0 | -1 | 0 | 0 | -1 | 0 | 0 | -1 | 0 | 0 | -1 | 0 | 0 | -1 | 0 | 0 | -1 | 0 | 0 | -1 | 0 | >51< ]
[ >128 | 4 | 0 | 0 | -1 | 0 | 0 | -1 | 0 | 0 | -1 | 0 | 0 | -1 | 0 | 0 | -1 | 0 | 0 | -1 | 0 | 0 | -1 | 0 | 50< ]

===== CloakingDeviceBot won the battle after 78 cycles =====



===== Starting battle of <PrussianRoulette> vs <CloakingDeviceBot> with memory tape size: 26 =====

[ >128 | 0 | 0 | 0 | 0 | 0 | 0 | 0 | 0 | 0 | 0 | 0 | 0 | 0 | 0 | 0 | 0 | 0 | 0 | 0 | 0 | 0 | 0 | 0 | 0 | 128< ]
[ 128 | >0 | 0 | 0 | 0 | 0 | 0 | 0 | 0 | 0 | 0 | 0 | 0 | 0 | 0 | 0 | 0 | 0 | 0 | 0 | 0 | 0 | 0 | 0 | 0 | 127< ]
[ 128 | >1 | 0 | 0 | 0 | 0 | 0 | 0 | 0 | 0 | 0 | 0 | 0 | 0 | 0 | 0 | 0 | 0 | 0 | 0 | 0 | 0 | 0 | 0 | 0 | 126< ]
[ 128 | >2 | 0 | 0 | 0 | 0 | 0 | 0 | 0 | 0 | 0 | 0 | 0 | 0 | 0 | 0 | 0 | 0 | 0 | 0 | 0 | 0 | 0 | 0 | 0 | 125< ]
[ 128 | >3 | 0 | 0 | 0 | 0 | 0 | 0 | 0 | 0 | 0 | 0 | 0 | 0 | 0 | 0 | 0 | 0 | 0 | 0 | 0 | 0 | 0 | 0 | 0 | 124< ]
[ 128 | >4 | 0 | 0 | 0 | 0 | 0 | 0 | 0 | 0 | 0 | 0 | 0 | 0 | 0 | 0 | 0 | 0 | 0 | 0 | 0 | 0 | 0 | 0 | 0 | 123< ]
[ 128 | >5 | 0 | 0 | 0 | 0 | 0 | 0 | 0 | 0 | 0 | 0 | 0 | 0 | 0 | 0 | 0 | 0 | 0 | 0 | 0 | 0 | 0 | 0 | 0 | 122< ]
[ 128 | >4 | 0 | 0 | 0 | 0 | 0 | 0 | 0 | 0 | 0 | 0 | 0 | 0 | 0 | 0 | 0 | 0 | 0 | 0 | 0 | 0 | 0 | 0 | 0 | 121< ]
[ 128 | >4 | 0 | 0 | 0 | 0 | 0 | 0 | 0 | 0 | 0 | 0 | 0 | 0 | 0 | 0 | 0 | 0 | 0 | 0 | 0 | 0 | 0 | 0 | 0 | 120< ]
[ 128 | >4 | 0 | 0 | 0 | 0 | 0 | 0 | 0 | 0 | 0 | 0 | 0 | 0 | 0 | 0 | 0 | 0 | 0 | 0 | 0 | 0 | 0 | 0 | 0 | 119< ]
[ 128 | 4 | >0 | 0 | 0 | 0 | 0 | 0 | 0 | 0 | 0 | 0 | 0 | 0 | 0 | 0 | 0 | 0 | 0 | 0 | 0 | 0 | 0 | 0 | 0 | 118< ]
[ 128 | 4 | >0 | 0 | 0 | 0 | 0 | 0 | 0 | 0 | 0 | 0 | 0 | 0 | 0 | 0 | 0 | 0 | 0 | 0 | 0 | 0 | 0 | 0 | 0 | 117< ]
[ 128 | 4 | >0 | 0 | 0 | 0 | 0 | 0 | 0 | 0 | 0 | 0 | 0 | 0 | 0 | 0 | 0 | 0 | 0 | 0 | 0 | 0 | 0 | 0 | 0 | 116< ]
[ 128 | 4 | >0 | 0 | 0 | 0 | 0 | 0 | 0 | 0 | 0 | 0 | 0 | 0 | 0 | 0 | 0 | 0 | 0 | 0 | 0 | 0 | 0 | 0 | 0 | 115< ]
[ 128 | 4 | 0 | >0 | 0 | 0 | 0 | 0 | 0 | 0 | 0 | 0 | 0 | 0 | 0 | 0 | 0 | 0 | 0 | 0 | 0 | 0 | 0 | 0 | 0 | 114< ]
[ 128 | 4 | 0 | 0 | >0 | 0 | 0 | 0 | 0 | 0 | 0 | 0 | 0 | 0 | 0 | 0 | 0 | 0 | 0 | 0 | 0 | 0 | 0 | 0 | 0 | 113< ]
[ 128 | 4 | 0 | 0 | >-1 | 0 | 0 | 0 | 0 | 0 | 0 | 0 | 0 | 0 | 0 | 0 | 0 | 0 | 0 | 0 | 0 | 0 | 0 | 0 | 0 | 112< ]
[ 128 | 4 | 0 | 0 | >-1 | 0 | 0 | 0 | 0 | 0 | 0 | 0 | 0 | 0 | 0 | 0 | 0 | 0 | 0 | 0 | 0 | 0 | 0 | 0 | 0 | 111< ]
[ 128 | 4 | 0 | 0 | >-1 | 0 | 0 | 0 | 0 | 0 | 0 | 0 | 0 | 0 | 0 | 0 | 0 | 0 | 0 | 0 | 0 | 0 | 0 | 0 | 0 | 110< ]
[ 128 | 4 | 0 | 0 | -1 | >0 | 0 | 0 | 0 | 0 | 0 | 0 | 0 | 0 | 0 | 0 | 0 | 0 | 0 | 0 | 0 | 0 | 0 | 0 | 0 | 109< ]
[ 128 | 4 | 0 | 0 | -1 | >0 | 0 | 0 | 0 | 0 | 0 | 0 | 0 | 0 | 0 | 0 | 0 | 0 | 0 | 0 | 0 | 0 | 0 | 0 | 0 | 108< ]
[ 128 | 4 | 0 | 0 | -1 | >0 | 0 | 0 | 0 | 0 | 0 | 0 | 0 | 0 | 0 | 0 | 0 | 0 | 0 | 0 | 0 | 0 | 0 | 0 | 0 | 107< ]
[ 128 | 4 | 0 | 0 | -1 | >0 | 0 | 0 | 0 | 0 | 0 | 0 | 0 | 0 | 0 | 0 | 0 | 0 | 0 | 0 | 0 | 0 | 0 | 0 | 0 | 106< ]
[ 128 | 4 | 0 | 0 | -1 | 0 | >0 | 0 | 0 | 0 | 0 | 0 | 0 | 0 | 0 | 0 | 0 | 0 | 0 | 0 | 0 | 0 | 0 | 0 | 0 | 105< ]
[ 128 | 4 | 0 | 0 | -1 | 0 | 0 | >0 | 0 | 0 | 0 | 0 | 0 | 0 | 0 | 0 | 0 | 0 | 0 | 0 | 0 | 0 | 0 | 0 | 0 | 104< ]
[ 128 | 4 | 0 | 0 | -1 | 0 | 0 | >-1 | 0 | 0 | 0 | 0 | 0 | 0 | 0 | 0 | 0 | 0 | 0 | 0 | 0 | 0 | 0 | 0 | 0 | 103< ]
[ 128 | 4 | 0 | 0 | -1 | 0 | 0 | >-1 | 0 | 0 | 0 | 0 | 0 | 0 | 0 | 0 | 0 | 0 | 0 | 0 | 0 | 0 | 0 | 0 | 0 | 102< ]
[ 128 | 4 | 0 | 0 | -1 | 0 | 0 | >-1 | 0 | 0 | 0 | 0 | 0 | 0 | 0 | 0 | 0 | 0 | 0 | 0 | 0 | 0 | 0 | 0 | 0 | 101< ]
[ 128 | 4 | 0 | 0 | -1 | 0 | 0 | -1 | >0 | 0 | 0 | 0 | 0 | 0 | 0 | 0 | 0 | 0 | 0 | 0 | 0 | 0 | 0 | 0 | 0 | 100< ]
[ 128 | 4 | 0 | 0 | -1 | 0 | 0 | -1 | >0 | 0 | 0 | 0 | 0 | 0 | 0 | 0 | 0 | 0 | 0 | 0 | 0 | 0 | 0 | 0 | 0 | 99< ]
[ 128 | 4 | 0 | 0 | -1 | 0 | 0 | -1 | >0 | 0 | 0 | 0 | 0 | 0 | 0 | 0 | 0 | 0 | 0 | 0 | 0 | 0 | 0 | 0 | 0 | 98< ]
[ 128 | 4 | 0 | 0 | -1 | 0 | 0 | -1 | >0 | 0 | 0 | 0 | 0 | 0 | 0 | 0 | 0 | 0 | 0 | 0 | 0 | 0 | 0 | 0 | 0 | 97< ]
[ 128 | 4 | 0 | 0 | -1 | 0 | 0 | -1 | 0 | >0 | 0 | 0 | 0 | 0 | 0 | 0 | 0 | 0 | 0 | 0 | 0 | 0 | 0 | 0 | 0 | 96< ]
[ 128 | 4 | 0 | 0 | -1 | 0 | 0 | -1 | 0 | 0 | >0 | 0 | 0 | 0 | 0 | 0 | 0 | 0 | 0 | 0 | 0 | 0 | 0 | 0 | 0 | 95< ]
[ 128 | 4 | 0 | 0 | -1 | 0 | 0 | -1 | 0 | 0 | >-1 | 0 | 0 | 0 | 0 | 0 | 0 | 0 | 0 | 0 | 0 | 0 | 0 | 0 | 0 | 94< ]
[ 128 | 4 | 0 | 0 | -1 | 0 | 0 | -1 | 0 | 0 | >-1 | 0 | 0 | 0 | 0 | 0 | 0 | 0 | 0 | 0 | 0 | 0 | 0 | 0 | 0 | 93< ]
[ 128 | 4 | 0 | 0 | -1 | 0 | 0 | -1 | 0 | 0 | >-1 | 0 | 0 | 0 | 0 | 0 | 0 | 0 | 0 | 0 | 0 | 0 | 0 | 0 | 0 | 92< ]
[ 128 | 4 | 0 | 0 | -1 | 0 | 0 | -1 | 0 | 0 | -1 | >0 | 0 | 0 | 0 | 0 | 0 | 0 | 0 | 0 | 0 | 0 | 0 | 0 | 0 | 91< ]
[ 128 | 4 | 0 | 0 | -1 | 0 | 0 | -1 | 0 | 0 | -1 | >0 | 0 | 0 | 0 | 0 | 0 | 0 | 0 | 0 | 0 | 0 | 0 | 0 | 0 | 90< ]
[ 128 | 4 | 0 | 0 | -1 | 0 | 0 | -1 | 0 | 0 | -1 | >0 | 0 | 0 | 0 | 0 | 0 | 0 | 0 | 0 | 0 | 0 | 0 | 0 | 0 | 89< ]
[ 128 | 4 | 0 | 0 | -1 | 0 | 0 | -1 | 0 | 0 | -1 | >0 | 0 | 0 | 0 | 0 | 0 | 0 | 0 | 0 | 0 | 0 | 0 | 0 | 0 | 88< ]
[ 128 | 4 | 0 | 0 | -1 | 0 | 0 | -1 | 0 | 0 | -1 | 0 | >0 | 0 | 0 | 0 | 0 | 0 | 0 | 0 | 0 | 0 | 0 | 0 | 0 | 87< ]
[ 128 | 4 | 0 | 0 | -1 | 0 | 0 | -1 | 0 | 0 | -1 | 0 | 0 | >0 | 0 | 0 | 0 | 0 | 0 | 0 | 0 | 0 | 0 | 0 | 0 | 86< ]
[ 128 | 4 | 0 | 0 | -1 | 0 | 0 | -1 | 0 | 0 | -1 | 0 | 0 | >-1 | 0 | 0 | 0 | 0 | 0 | 0 | 0 | 0 | 0 | 0 | 0 | 85< ]
[ 128 | 4 | 0 | 0 | -1 | 0 | 0 | -1 | 0 | 0 | -1 | 0 | 0 | >-1 | 0 | 0 | 0 | 0 | 0 | 0 | 0 | 0 | 0 | 0 | 0 | 84< ]
[ 128 | 4 | 0 | 0 | -1 | 0 | 0 | -1 | 0 | 0 | -1 | 0 | 0 | >-1 | 0 | 0 | 0 | 0 | 0 | 0 | 0 | 0 | 0 | 0 | 0 | 83< ]
[ 128 | 4 | 0 | 0 | -1 | 0 | 0 | -1 | 0 | 0 | -1 | 0 | 0 | -1 | >0 | 0 | 0 | 0 | 0 | 0 | 0 | 0 | 0 | 0 | 0 | 82< ]
[ 128 | 4 | 0 | 0 | -1 | 0 | 0 | -1 | 0 | 0 | -1 | 0 | 0 | -1 | >0 | 0 | 0 | 0 | 0 | 0 | 0 | 0 | 0 | 0 | 0 | 81< ]
[ 128 | 4 | 0 | 0 | -1 | 0 | 0 | -1 | 0 | 0 | -1 | 0 | 0 | -1 | >0 | 0 | 0 | 0 | 0 | 0 | 0 | 0 | 0 | 0 | 0 | 80< ]
[ 128 | 4 | 0 | 0 | -1 | 0 | 0 | -1 | 0 | 0 | -1 | 0 | 0 | -1 | >0 | 0 | 0 | 0 | 0 | 0 | 0 | 0 | 0 | 0 | 0 | 79< ]
[ 128 | 4 | 0 | 0 | -1 | 0 | 0 | -1 | 0 | 0 | -1 | 0 | 0 | -1 | 0 | >0 | 0 | 0 | 0 | 0 | 0 | 0 | 0 | 0 | 0 | 78< ]
[ 128 | 4 | 0 | 0 | -1 | 0 | 0 | -1 | 0 | 0 | -1 | 0 | 0 | -1 | 0 | 0 | >0 | 0 | 0 | 0 | 0 | 0 | 0 | 0 | 0 | 77< ]
[ 128 | 4 | 0 | 0 | -1 | 0 | 0 | -1 | 0 | 0 | -1 | 0 | 0 | -1 | 0 | 0 | >-1 | 0 | 0 | 0 | 0 | 0 | 0 | 0 | 0 | 76< ]
[ 128 | 4 | 0 | 0 | -1 | 0 | 0 | -1 | 0 | 0 | -1 | 0 | 0 | -1 | 0 | 0 | >-1 | 0 | 0 | 0 | 0 | 0 | 0 | 0 | 0 | 75< ]
[ 128 | 4 | 0 | 0 | -1 | 0 | 0 | -1 | 0 | 0 | -1 | 0 | 0 | -1 | 0 | 0 | >-1 | 0 | 0 | 0 | 0 | 0 | 0 | 0 | 0 | 74< ]
[ 128 | 4 | 0 | 0 | -1 | 0 | 0 | -1 | 0 | 0 | -1 | 0 | 0 | -1 | 0 | 0 | -1 | >0 | 0 | 0 | 0 | 0 | 0 | 0 | 0 | 73< ]
[ 128 | 4 | 0 | 0 | -1 | 0 | 0 | -1 | 0 | 0 | -1 | 0 | 0 | -1 | 0 | 0 | -1 | >0 | 0 | 0 | 0 | 0 | 0 | 0 | 0 | 72< ]
[ 128 | 4 | 0 | 0 | -1 | 0 | 0 | -1 | 0 | 0 | -1 | 0 | 0 | -1 | 0 | 0 | -1 | >0 | 0 | 0 | 0 | 0 | 0 | 0 | 0 | 71< ]
[ 128 | 4 | 0 | 0 | -1 | 0 | 0 | -1 | 0 | 0 | -1 | 0 | 0 | -1 | 0 | 0 | -1 | >0 | 0 | 0 | 0 | 0 | 0 | 0 | 0 | 70< ]
[ 128 | 4 | 0 | 0 | -1 | 0 | 0 | -1 | 0 | 0 | -1 | 0 | 0 | -1 | 0 | 0 | -1 | 0 | >0 | 0 | 0 | 0 | 0 | 0 | 0 | 69< ]
[ 128 | 4 | 0 | 0 | -1 | 0 | 0 | -1 | 0 | 0 | -1 | 0 | 0 | -1 | 0 | 0 | -1 | 0 | 0 | >0 | 0 | 0 | 0 | 0 | 0 | 68< ]
[ 128 | 4 | 0 | 0 | -1 | 0 | 0 | -1 | 0 | 0 | -1 | 0 | 0 | -1 | 0 | 0 | -1 | 0 | 0 | >-1 | 0 | 0 | 0 | 0 | 0 | 67< ]
[ 128 | 4 | 0 | 0 | -1 | 0 | 0 | -1 | 0 | 0 | -1 | 0 | 0 | -1 | 0 | 0 | -1 | 0 | 0 | >-1 | 0 | 0 | 0 | 0 | 0 | 66< ]
[ 128 | 4 | 0 | 0 | -1 | 0 | 0 | -1 | 0 | 0 | -1 | 0 | 0 | -1 | 0 | 0 | -1 | 0 | 0 | >-1 | 0 | 0 | 0 | 0 | 0 | 65< ]
[ 128 | 4 | 0 | 0 | -1 | 0 | 0 | -1 | 0 | 0 | -1 | 0 | 0 | -1 | 0 | 0 | -1 | 0 | 0 | -1 | >0 | 0 | 0 | 0 | 0 | 64< ]
[ 128 | 4 | 0 | 0 | -1 | 0 | 0 | -1 | 0 | 0 | -1 | 0 | 0 | -1 | 0 | 0 | -1 | 0 | 0 | -1 | >0 | 0 | 0 | 0 | 0 | 63< ]
[ 128 | 4 | 0 | 0 | -1 | 0 | 0 | -1 | 0 | 0 | -1 | 0 | 0 | -1 | 0 | 0 | -1 | 0 | 0 | -1 | >0 | 0 | 0 | 0 | 0 | 62< ]
[ 128 | 4 | 0 | 0 | -1 | 0 | 0 | -1 | 0 | 0 | -1 | 0 | 0 | -1 | 0 | 0 | -1 | 0 | 0 | -1 | >0 | 0 | 0 | 0 | 0 | 61< ]
[ 128 | 4 | 0 | 0 | -1 | 0 | 0 | -1 | 0 | 0 | -1 | 0 | 0 | -1 | 0 | 0 | -1 | 0 | 0 | -1 | 0 | >0 | 0 | 0 | 0 | 60< ]
[ 128 | 4 | 0 | 0 | -1 | 0 | 0 | -1 | 0 | 0 | -1 | 0 | 0 | -1 | 0 | 0 | -1 | 0 | 0 | -1 | 0 | 0 | >0 | 0 | 0 | 59< ]
[ 128 | 4 | 0 | 0 | -1 | 0 | 0 | -1 | 0 | 0 | -1 | 0 | 0 | -1 | 0 | 0 | -1 | 0 | 0 | -1 | 0 | 0 | >-1 | 0 | 0 | 58< ]
[ 128 | 4 | 0 | 0 | -1 | 0 | 0 | -1 | 0 | 0 | -1 | 0 | 0 | -1 | 0 | 0 | -1 | 0 | 0 | -1 | 0 | 0 | >-1 | 0 | 0 | 57< ]
[ 128 | 4 | 0 | 0 | -1 | 0 | 0 | -1 | 0 | 0 | -1 | 0 | 0 | -1 | 0 | 0 | -1 | 0 | 0 | -1 | 0 | 0 | >-1 | 0 | 0 | 56< ]
[ 128 | 4 | 0 | 0 | -1 | 0 | 0 | -1 | 0 | 0 | -1 | 0 | 0 | -1 | 0 | 0 | -1 | 0 | 0 | -1 | 0 | 0 | -1 | >0 | 0 | 55< ]
[ 128 | 4 | 0 | 0 | -1 | 0 | 0 | -1 | 0 | 0 | -1 | 0 | 0 | -1 | 0 | 0 | -1 | 0 | 0 | -1 | 0 | 0 | -1 | >0 | 0 | 54< ]
[ 128 | 4 | 0 | 0 | -1 | 0 | 0 | -1 | 0 | 0 | -1 | 0 | 0 | -1 | 0 | 0 | -1 | 0 | 0 | -1 | 0 | 0 | -1 | >0 | 0 | 53< ]
[ 128 | 4 | 0 | 0 | -1 | 0 | 0 | -1 | 0 | 0 | -1 | 0 | 0 | -1 | 0 | 0 | -1 | 0 | 0 | -1 | 0 | 0 | -1 | >0 | 0 | 52< ]
[ 128 | 4 | 0 | 0 | -1 | 0 | 0 | -1 | 0 | 0 | -1 | 0 | 0 | -1 | 0 | 0 | -1 | 0 | 0 | -1 | 0 | 0 | -1 | 0 | >0 | 51< ]
[ 128 | 4 | 0 | 0 | -1 | 0 | 0 | -1 | 0 | 0 | -1 | 0 | 0 | -1 | 0 | 0 | -1 | 0 | 0 | -1 | 0 | 0 | -1 | 0 | 0 | >50< ]
[ 128 | 4 | 0 | 0 | -1 | 0 | 0 | -1 | 0 | 0 | -1 | 0 | 0 | -1 | 0 | 0 | -1 | 0 | 0 | -1 | 0 | 0 | -1 | 0 | 0 | >48< ]
[ 128 | 4 | 0 | 0 | -1 | 0 | 0 | -1 | 0 | 0 | -1 | 0 | 0 | -1 | 0 | 0 | -1 | 0 | 0 | -1 | 0 | 0 | -1 | 0 | 0 | >47< ]
[ 128 | 4 | 0 | 0 | -1 | 0 | 0 | -1 | 0 | 0 | -1 | 0 | 0 | -1 | 0 | 0 | -1 | 0 | 0 | -1 | 0 | 0 | -1 | 0 | 0 | >46< ]
[ >128 | 4 | 0 | 0 | -1 | 0 | 0 | -1 | 0 | 0 | -1 | 0 | 0 | -1 | 0 | 0 | -1 | 0 | 0 | -1 | 0 | 0 | -1 | 0 | 0 | 45< ]

===== CloakingDeviceBot won the battle after 82 cycles =====



===== Starting battle of <PrussianRoulette> vs <CloakingDeviceBot> with memory tape size: 26 =====

[ >128 | 0 | 0 | 0 | 0 | 0 | 0 | 0 | 0 | 0 | 0 | 0 | 0 | 0 | 0 | 0 | 0 | 0 | 0 | 0 | 0 | 0 | 0 | 0 | 0 | 128< ]
[ 128 | >0 | 0 | 0 | 0 | 0 | 0 | 0 | 0 | 0 | 0 | 0 | 0 | 0 | 0 | 0 | 0 | 0 | 0 | 0 | 0 | 0 | 0 | 0 | 0 | 127< ]
[ 128 | >1 | 0 | 0 | 0 | 0 | 0 | 0 | 0 | 0 | 0 | 0 | 0 | 0 | 0 | 0 | 0 | 0 | 0 | 0 | 0 | 0 | 0 | 0 | 0 | 126< ]
[ 128 | >2 | 0 | 0 | 0 | 0 | 0 | 0 | 0 | 0 | 0 | 0 | 0 | 0 | 0 | 0 | 0 | 0 | 0 | 0 | 0 | 0 | 0 | 0 | 0 | 125< ]
[ 128 | >3 | 0 | 0 | 0 | 0 | 0 | 0 | 0 | 0 | 0 | 0 | 0 | 0 | 0 | 0 | 0 | 0 | 0 | 0 | 0 | 0 | 0 | 0 | 0 | 124< ]
[ 128 | >4 | 0 | 0 | 0 | 0 | 0 | 0 | 0 | 0 | 0 | 0 | 0 | 0 | 0 | 0 | 0 | 0 | 0 | 0 | 0 | 0 | 0 | 0 | 0 | 123< ]
[ 128 | >5 | 0 | 0 | 0 | 0 | 0 | 0 | 0 | 0 | 0 | 0 | 0 | 0 | 0 | 0 | 0 | 0 | 0 | 0 | 0 | 0 | 0 | 0 | 0 | 122< ]
[ 128 | >4 | 0 | 0 | 0 | 0 | 0 | 0 | 0 | 0 | 0 | 0 | 0 | 0 | 0 | 0 | 0 | 0 | 0 | 0 | 0 | 0 | 0 | 0 | 0 | 121< ]
[ 128 | >4 | 0 | 0 | 0 | 0 | 0 | 0 | 0 | 0 | 0 | 0 | 0 | 0 | 0 | 0 | 0 | 0 | 0 | 0 | 0 | 0 | 0 | 0 | 0 | 120< ]
[ 128 | >4 | 0 | 0 | 0 | 0 | 0 | 0 | 0 | 0 | 0 | 0 | 0 | 0 | 0 | 0 | 0 | 0 | 0 | 0 | 0 | 0 | 0 | 0 | 0 | 119< ]
[ 128 | 4 | >0 | 0 | 0 | 0 | 0 | 0 | 0 | 0 | 0 | 0 | 0 | 0 | 0 | 0 | 0 | 0 | 0 | 0 | 0 | 0 | 0 | 0 | 0 | 118< ]
[ 128 | 4 | >0 | 0 | 0 | 0 | 0 | 0 | 0 | 0 | 0 | 0 | 0 | 0 | 0 | 0 | 0 | 0 | 0 | 0 | 0 | 0 | 0 | 0 | 0 | 117< ]
[ 128 | 4 | >0 | 0 | 0 | 0 | 0 | 0 | 0 | 0 | 0 | 0 | 0 | 0 | 0 | 0 | 0 | 0 | 0 | 0 | 0 | 0 | 0 | 0 | 0 | 116< ]
[ 128 | 4 | >0 | 0 | 0 | 0 | 0 | 0 | 0 | 0 | 0 | 0 | 0 | 0 | 0 | 0 | 0 | 0 | 0 | 0 | 0 | 0 | 0 | 0 | 0 | 115< ]
[ 128 | 4 | 0 | >0 | 0 | 0 | 0 | 0 | 0 | 0 | 0 | 0 | 0 | 0 | 0 | 0 | 0 | 0 | 0 | 0 | 0 | 0 | 0 | 0 | 0 | 114< ]
[ 128 | 4 | 0 | 0 | >0 | 0 | 0 | 0 | 0 | 0 | 0 | 0 | 0 | 0 | 0 | 0 | 0 | 0 | 0 | 0 | 0 | 0 | 0 | 0 | 0 | 113< ]
[ 128 | 4 | 0 | 0 | >-1 | 0 | 0 | 0 | 0 | 0 | 0 | 0 | 0 | 0 | 0 | 0 | 0 | 0 | 0 | 0 | 0 | 0 | 0 | 0 | 0 | 112< ]
[ 128 | 4 | 0 | 0 | >-1 | 0 | 0 | 0 | 0 | 0 | 0 | 0 | 0 | 0 | 0 | 0 | 0 | 0 | 0 | 0 | 0 | 0 | 0 | 0 | 0 | 111< ]
[ 128 | 4 | 0 | 0 | >-1 | 0 | 0 | 0 | 0 | 0 | 0 | 0 | 0 | 0 | 0 | 0 | 0 | 0 | 0 | 0 | 0 | 0 | 0 | 0 | 0 | 110< ]
[ 128 | 4 | 0 | 0 | -1 | >0 | 0 | 0 | 0 | 0 | 0 | 0 | 0 | 0 | 0 | 0 | 0 | 0 | 0 | 0 | 0 | 0 | 0 | 0 | 0 | 109< ]
[ 128 | 4 | 0 | 0 | -1 | >0 | 0 | 0 | 0 | 0 | 0 | 0 | 0 | 0 | 0 | 0 | 0 | 0 | 0 | 0 | 0 | 0 | 0 | 0 | 0 | 108< ]
[ 128 | 4 | 0 | 0 | -1 | >0 | 0 | 0 | 0 | 0 | 0 | 0 | 0 | 0 | 0 | 0 | 0 | 0 | 0 | 0 | 0 | 0 | 0 | 0 | 0 | 107< ]
[ 128 | 4 | 0 | 0 | -1 | >0 | 0 | 0 | 0 | 0 | 0 | 0 | 0 | 0 | 0 | 0 | 0 | 0 | 0 | 0 | 0 | 0 | 0 | 0 | 0 | 106< ]
[ 128 | 4 | 0 | 0 | -1 | 0 | >0 | 0 | 0 | 0 | 0 | 0 | 0 | 0 | 0 | 0 | 0 | 0 | 0 | 0 | 0 | 0 | 0 | 0 | 0 | 105< ]
[ 128 | 4 | 0 | 0 | -1 | 0 | 0 | >0 | 0 | 0 | 0 | 0 | 0 | 0 | 0 | 0 | 0 | 0 | 0 | 0 | 0 | 0 | 0 | 0 | 0 | 104< ]
[ 128 | 4 | 0 | 0 | -1 | 0 | 0 | >-1 | 0 | 0 | 0 | 0 | 0 | 0 | 0 | 0 | 0 | 0 | 0 | 0 | 0 | 0 | 0 | 0 | 0 | 103< ]
[ 128 | 4 | 0 | 0 | -1 | 0 | 0 | >-1 | 0 | 0 | 0 | 0 | 0 | 0 | 0 | 0 | 0 | 0 | 0 | 0 | 0 | 0 | 0 | 0 | 0 | 102< ]
[ 128 | 4 | 0 | 0 | -1 | 0 | 0 | >-1 | 0 | 0 | 0 | 0 | 0 | 0 | 0 | 0 | 0 | 0 | 0 | 0 | 0 | 0 | 0 | 0 | 0 | 101< ]
[ 128 | 4 | 0 | 0 | -1 | 0 | 0 | -1 | >0 | 0 | 0 | 0 | 0 | 0 | 0 | 0 | 0 | 0 | 0 | 0 | 0 | 0 | 0 | 0 | 0 | 100< ]
[ 128 | 4 | 0 | 0 | -1 | 0 | 0 | -1 | >0 | 0 | 0 | 0 | 0 | 0 | 0 | 0 | 0 | 0 | 0 | 0 | 0 | 0 | 0 | 0 | 0 | 99< ]
[ 128 | 4 | 0 | 0 | -1 | 0 | 0 | -1 | >0 | 0 | 0 | 0 | 0 | 0 | 0 | 0 | 0 | 0 | 0 | 0 | 0 | 0 | 0 | 0 | 0 | 98< ]
[ 128 | 4 | 0 | 0 | -1 | 0 | 0 | -1 | >0 | 0 | 0 | 0 | 0 | 0 | 0 | 0 | 0 | 0 | 0 | 0 | 0 | 0 | 0 | 0 | 0 | 97< ]
[ 128 | 4 | 0 | 0 | -1 | 0 | 0 | -1 | 0 | >0 | 0 | 0 | 0 | 0 | 0 | 0 | 0 | 0 | 0 | 0 | 0 | 0 | 0 | 0 | 0 | 96< ]
[ 128 | 4 | 0 | 0 | -1 | 0 | 0 | -1 | 0 | 0 | >0 | 0 | 0 | 0 | 0 | 0 | 0 | 0 | 0 | 0 | 0 | 0 | 0 | 0 | 0 | 95< ]
[ 128 | 4 | 0 | 0 | -1 | 0 | 0 | -1 | 0 | 0 | >-1 | 0 | 0 | 0 | 0 | 0 | 0 | 0 | 0 | 0 | 0 | 0 | 0 | 0 | 0 | 94< ]
[ 128 | 4 | 0 | 0 | -1 | 0 | 0 | -1 | 0 | 0 | >-1 | 0 | 0 | 0 | 0 | 0 | 0 | 0 | 0 | 0 | 0 | 0 | 0 | 0 | 0 | 93< ]
[ 128 | 4 | 0 | 0 | -1 | 0 | 0 | -1 | 0 | 0 | >-1 | 0 | 0 | 0 | 0 | 0 | 0 | 0 | 0 | 0 | 0 | 0 | 0 | 0 | 0 | 92< ]
[ 128 | 4 | 0 | 0 | -1 | 0 | 0 | -1 | 0 | 0 | -1 | >0 | 0 | 0 | 0 | 0 | 0 | 0 | 0 | 0 | 0 | 0 | 0 | 0 | 0 | 91< ]
[ 128 | 4 | 0 | 0 | -1 | 0 | 0 | -1 | 0 | 0 | -1 | >0 | 0 | 0 | 0 | 0 | 0 | 0 | 0 | 0 | 0 | 0 | 0 | 0 | 0 | 90< ]
[ 128 | 4 | 0 | 0 | -1 | 0 | 0 | -1 | 0 | 0 | -1 | >0 | 0 | 0 | 0 | 0 | 0 | 0 | 0 | 0 | 0 | 0 | 0 | 0 | 0 | 89< ]
[ 128 | 4 | 0 | 0 | -1 | 0 | 0 | -1 | 0 | 0 | -1 | >0 | 0 | 0 | 0 | 0 | 0 | 0 | 0 | 0 | 0 | 0 | 0 | 0 | 0 | 88< ]
[ 128 | 4 | 0 | 0 | -1 | 0 | 0 | -1 | 0 | 0 | -1 | 0 | >0 | 0 | 0 | 0 | 0 | 0 | 0 | 0 | 0 | 0 | 0 | 0 | 0 | 87< ]
[ 128 | 4 | 0 | 0 | -1 | 0 | 0 | -1 | 0 | 0 | -1 | 0 | 0 | >0 | 0 | 0 | 0 | 0 | 0 | 0 | 0 | 0 | 0 | 0 | 0 | 86< ]
[ 128 | 4 | 0 | 0 | -1 | 0 | 0 | -1 | 0 | 0 | -1 | 0 | 0 | >-1 | 0 | 0 | 0 | 0 | 0 | 0 | 0 | 0 | 0 | 0 | 0 | 85< ]
[ 128 | 4 | 0 | 0 | -1 | 0 | 0 | -1 | 0 | 0 | -1 | 0 | 0 | >-1 | 0 | 0 | 0 | 0 | 0 | 0 | 0 | 0 | 0 | 0 | 0 | 84< ]
[ 128 | 4 | 0 | 0 | -1 | 0 | 0 | -1 | 0 | 0 | -1 | 0 | 0 | >-1 | 0 | 0 | 0 | 0 | 0 | 0 | 0 | 0 | 0 | 0 | 0 | 83< ]
[ 128 | 4 | 0 | 0 | -1 | 0 | 0 | -1 | 0 | 0 | -1 | 0 | 0 | -1 | >0 | 0 | 0 | 0 | 0 | 0 | 0 | 0 | 0 | 0 | 0 | 82< ]
[ 128 | 4 | 0 | 0 | -1 | 0 | 0 | -1 | 0 | 0 | -1 | 0 | 0 | -1 | >0 | 0 | 0 | 0 | 0 | 0 | 0 | 0 | 0 | 0 | 0 | 81< ]
[ 128 | 4 | 0 | 0 | -1 | 0 | 0 | -1 | 0 | 0 | -1 | 0 | 0 | -1 | >0 | 0 | 0 | 0 | 0 | 0 | 0 | 0 | 0 | 0 | 0 | 80< ]
[ 128 | 4 | 0 | 0 | -1 | 0 | 0 | -1 | 0 | 0 | -1 | 0 | 0 | -1 | >0 | 0 | 0 | 0 | 0 | 0 | 0 | 0 | 0 | 0 | 0 | 79< ]
[ 128 | 4 | 0 | 0 | -1 | 0 | 0 | -1 | 0 | 0 | -1 | 0 | 0 | -1 | 0 | >0 | 0 | 0 | 0 | 0 | 0 | 0 | 0 | 0 | 0 | 78< ]
[ 128 | 4 | 0 | 0 | -1 | 0 | 0 | -1 | 0 | 0 | -1 | 0 | 0 | -1 | 0 | 0 | >0 | 0 | 0 | 0 | 0 | 0 | 0 | 0 | 0 | 77< ]
[ 128 | 4 | 0 | 0 | -1 | 0 | 0 | -1 | 0 | 0 | -1 | 0 | 0 | -1 | 0 | 0 | >-1 | 0 | 0 | 0 | 0 | 0 | 0 | 0 | 0 | 76< ]
[ 128 | 4 | 0 | 0 | -1 | 0 | 0 | -1 | 0 | 0 | -1 | 0 | 0 | -1 | 0 | 0 | >-1 | 0 | 0 | 0 | 0 | 0 | 0 | 0 | 0 | 75< ]
[ 128 | 4 | 0 | 0 | -1 | 0 | 0 | -1 | 0 | 0 | -1 | 0 | 0 | -1 | 0 | 0 | >-1 | 0 | 0 | 0 | 0 | 0 | 0 | 0 | 0 | 74< ]
[ 128 | 4 | 0 | 0 | -1 | 0 | 0 | -1 | 0 | 0 | -1 | 0 | 0 | -1 | 0 | 0 | -1 | >0 | 0 | 0 | 0 | 0 | 0 | 0 | 0 | 73< ]
[ 128 | 4 | 0 | 0 | -1 | 0 | 0 | -1 | 0 | 0 | -1 | 0 | 0 | -1 | 0 | 0 | -1 | >0 | 0 | 0 | 0 | 0 | 0 | 0 | 0 | 72< ]
[ 128 | 4 | 0 | 0 | -1 | 0 | 0 | -1 | 0 | 0 | -1 | 0 | 0 | -1 | 0 | 0 | -1 | >0 | 0 | 0 | 0 | 0 | 0 | 0 | 0 | 71< ]
[ 128 | 4 | 0 | 0 | -1 | 0 | 0 | -1 | 0 | 0 | -1 | 0 | 0 | -1 | 0 | 0 | -1 | >0 | 0 | 0 | 0 | 0 | 0 | 0 | 0 | 70< ]
[ 128 | 4 | 0 | 0 | -1 | 0 | 0 | -1 | 0 | 0 | -1 | 0 | 0 | -1 | 0 | 0 | -1 | 0 | >0 | 0 | 0 | 0 | 0 | 0 | 0 | 69< ]
[ 128 | 4 | 0 | 0 | -1 | 0 | 0 | -1 | 0 | 0 | -1 | 0 | 0 | -1 | 0 | 0 | -1 | 0 | 0 | >0 | 0 | 0 | 0 | 0 | 0 | 68< ]
[ 128 | 4 | 0 | 0 | -1 | 0 | 0 | -1 | 0 | 0 | -1 | 0 | 0 | -1 | 0 | 0 | -1 | 0 | 0 | >-1 | 0 | 0 | 0 | 0 | 0 | 67< ]
[ 128 | 4 | 0 | 0 | -1 | 0 | 0 | -1 | 0 | 0 | -1 | 0 | 0 | -1 | 0 | 0 | -1 | 0 | 0 | >-1 | 0 | 0 | 0 | 0 | 0 | 66< ]
[ 128 | 4 | 0 | 0 | -1 | 0 | 0 | -1 | 0 | 0 | -1 | 0 | 0 | -1 | 0 | 0 | -1 | 0 | 0 | >-1 | 0 | 0 | 0 | 0 | 0 | 65< ]
[ 128 | 4 | 0 | 0 | -1 | 0 | 0 | -1 | 0 | 0 | -1 | 0 | 0 | -1 | 0 | 0 | -1 | 0 | 0 | -1 | >0 | 0 | 0 | 0 | 0 | 64< ]
[ 128 | 4 | 0 | 0 | -1 | 0 | 0 | -1 | 0 | 0 | -1 | 0 | 0 | -1 | 0 | 0 | -1 | 0 | 0 | -1 | >0 | 0 | 0 | 0 | 0 | 63< ]
[ 128 | 4 | 0 | 0 | -1 | 0 | 0 | -1 | 0 | 0 | -1 | 0 | 0 | -1 | 0 | 0 | -1 | 0 | 0 | -1 | >0 | 0 | 0 | 0 | 0 | 62< ]
[ 128 | 4 | 0 | 0 | -1 | 0 | 0 | -1 | 0 | 0 | -1 | 0 | 0 | -1 | 0 | 0 | -1 | 0 | 0 | -1 | >0 | 0 | 0 | 0 | 0 | 61< ]
[ 128 | 4 | 0 | 0 | -1 | 0 | 0 | -1 | 0 | 0 | -1 | 0 | 0 | -1 | 0 | 0 | -1 | 0 | 0 | -1 | 0 | >0 | 0 | 0 | 0 | 60< ]
[ 128 | 4 | 0 | 0 | -1 | 0 | 0 | -1 | 0 | 0 | -1 | 0 | 0 | -1 | 0 | 0 | -1 | 0 | 0 | -1 | 0 | 0 | >0 | 0 | 0 | 59< ]
[ 128 | 4 | 0 | 0 | -1 | 0 | 0 | -1 | 0 | 0 | -1 | 0 | 0 | -1 | 0 | 0 | -1 | 0 | 0 | -1 | 0 | 0 | >-1 | 0 | 0 | 58< ]
[ 128 | 4 | 0 | 0 | -1 | 0 | 0 | -1 | 0 | 0 | -1 | 0 | 0 | -1 | 0 | 0 | -1 | 0 | 0 | -1 | 0 | 0 | >-1 | 0 | 0 | 57< ]
[ 128 | 4 | 0 | 0 | -1 | 0 | 0 | -1 | 0 | 0 | -1 | 0 | 0 | -1 | 0 | 0 | -1 | 0 | 0 | -1 | 0 | 0 | >-1 | 0 | 0 | 56< ]
[ 128 | 4 | 0 | 0 | -1 | 0 | 0 | -1 | 0 | 0 | -1 | 0 | 0 | -1 | 0 | 0 | -1 | 0 | 0 | -1 | 0 | 0 | -1 | >0 | 0 | 55< ]
[ 128 | 4 | 0 | 0 | -1 | 0 | 0 | -1 | 0 | 0 | -1 | 0 | 0 | -1 | 0 | 0 | -1 | 0 | 0 | -1 | 0 | 0 | -1 | >0 | 0 | 54< ]
[ 128 | 4 | 0 | 0 | -1 | 0 | 0 | -1 | 0 | 0 | -1 | 0 | 0 | -1 | 0 | 0 | -1 | 0 | 0 | -1 | 0 | 0 | -1 | >0 | 0 | 53< ]
[ 128 | 4 | 0 | 0 | -1 | 0 | 0 | -1 | 0 | 0 | -1 | 0 | 0 | -1 | 0 | 0 | -1 | 0 | 0 | -1 | 0 | 0 | -1 | >0 | 0 | 52< ]
[ 128 | 4 | 0 | 0 | -1 | 0 | 0 | -1 | 0 | 0 | -1 | 0 | 0 | -1 | 0 | 0 | -1 | 0 | 0 | -1 | 0 | 0 | -1 | 0 | >0 | 51< ]
[ 128 | 4 | 0 | 0 | -1 | 0 | 0 | -1 | 0 | 0 | -1 | 0 | 0 | -1 | 0 | 0 | -1 | 0 | 0 | -1 | 0 | 0 | -1 | 0 | 0 | >50< ]
[ 128 | 4 | 0 | 0 | -1 | 0 | 0 | -1 | 0 | 0 | -1 | 0 | 0 | -1 | 0 | 0 | -1 | 0 | 0 | -1 | 0 | 0 | -1 | 0 | 0 | >48< ]
[ 128 | 4 | 0 | 0 | -1 | 0 | 0 | -1 | 0 | 0 | -1 | 0 | 0 | -1 | 0 | 0 | -1 | 0 | 0 | -1 | 0 | 0 | -1 | 0 | 0 | >47< ]
[ 128 | 4 | 0 | 0 | -1 | 0 | 0 | -1 | 0 | 0 | -1 | 0 | 0 | -1 | 0 | 0 | -1 | 0 | 0 | -1 | 0 | 0 | -1 | 0 | 0 | >46< ]
[ >128 | 4 | 0 | 0 | -1 | 0 | 0 | -1 | 0 | 0 | -1 | 0 | 0 | -1 | 0 | 0 | -1 | 0 | 0 | -1 | 0 | 0 | -1 | 0 | 0 | 45< ]

===== CloakingDeviceBot won the battle after 82 cycles =====



===== Starting battle of <PrussianRoulette> vs <CloakingDeviceBot> with memory tape size: 13 =====

[ >128 | 0 | 0 | 0 | 0 | 0 | 0 | 0 | 0 | 0 | 0 | 0 | 128< ]
[ 128 | >0 | 0 | 0 | 0 | 0 | 0 | 0 | 0 | 0 | 0 | 0 | 127< ]
[ 128 | >1 | 0 | 0 | 0 | 0 | 0 | 0 | 0 | 0 | 0 | 0 | 126< ]
[ 128 | >2 | 0 | 0 | 0 | 0 | 0 | 0 | 0 | 0 | 0 | 0 | 125< ]
[ 128 | >3 | 0 | 0 | 0 | 0 | 0 | 0 | 0 | 0 | 0 | 0 | 124< ]
[ 128 | >4 | 0 | 0 | 0 | 0 | 0 | 0 | 0 | 0 | 0 | 0 | 123< ]
[ 128 | >5 | 0 | 0 | 0 | 0 | 0 | 0 | 0 | 0 | 0 | 0 | 122< ]
[ 128 | >4 | 0 | 0 | 0 | 0 | 0 | 0 | 0 | 0 | 0 | 0 | 121< ]
[ 128 | >4 | 0 | 0 | 0 | 0 | 0 | 0 | 0 | 0 | 0 | 0 | 120< ]
[ 128 | >4 | 0 | 0 | 0 | 0 | 0 | 0 | 0 | 0 | 0 | 0 | 119< ]
[ 128 | 4 | >0 | 0 | 0 | 0 | 0 | 0 | 0 | 0 | 0 | 0 | 118< ]
[ 128 | 4 | >0 | 0 | 0 | 0 | 0 | 0 | 0 | 0 | 0 | 0 | 117< ]
[ 128 | 4 | >0 | 0 | 0 | 0 | 0 | 0 | 0 | 0 | 0 | 0 | 116< ]
[ 128 | 4 | >0 | 0 | 0 | 0 | 0 | 0 | 0 | 0 | 0 | 0 | 115< ]
[ 128 | 4 | 0 | >0 | 0 | 0 | 0 | 0 | 0 | 0 | 0 | 0 | 114< ]
[ 128 | 4 | 0 | 0 | >0 | 0 | 0 | 0 | 0 | 0 | 0 | 0 | 113< ]
[ 128 | 4 | 0 | 0 | >-1 | 0 | 0 | 0 | 0 | 0 | 0 | 0 | 112< ]
[ 128 | 4 | 0 | 0 | >-1 | 0 | 0 | 0 | 0 | 0 | 0 | 0 | 111< ]
[ 128 | 4 | 0 | 0 | >-1 | 0 | 0 | 0 | 0 | 0 | 0 | 0 | 110< ]
[ 128 | 4 | 0 | 0 | -1 | >0 | 0 | 0 | 0 | 0 | 0 | 0 | 109< ]
[ 128 | 4 | 0 | 0 | -1 | >0 | 0 | 0 | 0 | 0 | 0 | 0 | 108< ]
[ 128 | 4 | 0 | 0 | -1 | >0 | 0 | 0 | 0 | 0 | 0 | 0 | 107< ]
[ 128 | 4 | 0 | 0 | -1 | >0 | 0 | 0 | 0 | 0 | 0 | 0 | 106< ]
[ 128 | 4 | 0 | 0 | -1 | 0 | >0 | 0 | 0 | 0 | 0 | 0 | 105< ]
[ 128 | 4 | 0 | 0 | -1 | 0 | 0 | >0 | 0 | 0 | 0 | 0 | 104< ]
[ 128 | 4 | 0 | 0 | -1 | 0 | 0 | >-1 | 0 | 0 | 0 | 0 | 103< ]
[ 128 | 4 | 0 | 0 | -1 | 0 | 0 | >-1 | 0 | 0 | 0 | 0 | 102< ]
[ 128 | 4 | 0 | 0 | -1 | 0 | 0 | >-1 | 0 | 0 | 0 | 0 | 101< ]
[ 128 | 4 | 0 | 0 | -1 | 0 | 0 | -1 | >0 | 0 | 0 | 0 | 100< ]
[ 128 | 4 | 0 | 0 | -1 | 0 | 0 | -1 | >0 | 0 | 0 | 0 | 99< ]
[ 128 | 4 | 0 | 0 | -1 | 0 | 0 | -1 | >0 | 0 | 0 | 0 | 98< ]
[ 128 | 4 | 0 | 0 | -1 | 0 | 0 | -1 | >0 | 0 | 0 | 0 | 97< ]
[ 128 | 4 | 0 | 0 | -1 | 0 | 0 | -1 | 0 | >0 | 0 | 0 | 96< ]
[ 128 | 4 | 0 | 0 | -1 | 0 | 0 | -1 | 0 | 0 | >0 | 0 | 95< ]
[ 128 | 4 | 0 | 0 | -1 | 0 | 0 | -1 | 0 | 0 | >-1 | 0 | 94< ]
[ 128 | 4 | 0 | 0 | -1 | 0 | 0 | -1 | 0 | 0 | >-1 | 0 | 93< ]
[ 128 | 4 | 0 | 0 | -1 | 0 | 0 | -1 | 0 | 0 | >-1 | 0 | 92< ]
[ 128 | 4 | 0 | 0 | -1 | 0 | 0 | -1 | 0 | 0 | -1 | >0 | 91< ]
[ 128 | 4 | 0 | 0 | -1 | 0 | 0 | -1 | 0 | 0 | -1 | >0 | 90< ]
[ 128 | 4 | 0 | 0 | -1 | 0 | 0 | -1 | 0 | 0 | -1 | >0 | 89< ]
[ 128 | 4 | 0 | 0 | -1 | 0 | 0 | -1 | 0 | 0 | -1 | >0 | 88< ]
[ 128 | 4 | 0 | 0 | -1 | 0 | 0 | -1 | 0 | 0 | -1 | 0 | >87< ]
[ >128 | 4 | 0 | 0 | -1 | 0 | 0 | -1 | 0 | 0 | -1 | 0 | 86< ]

===== CloakingDeviceBot won the battle after 42 cycles =====



===== Starting battle of <PrussianRoulette> vs <CloakingDeviceBot> with memory tape size: 14 =====

[ >128 | 0 | 0 | 0 | 0 | 0 | 0 | 0 | 0 | 0 | 0 | 0 | 0 | 128< ]
[ 128 | >0 | 0 | 0 | 0 | 0 | 0 | 0 | 0 | 0 | 0 | 0 | 0 | 127< ]
[ 128 | >1 | 0 | 0 | 0 | 0 | 0 | 0 | 0 | 0 | 0 | 0 | 0 | 126< ]
[ 128 | >2 | 0 | 0 | 0 | 0 | 0 | 0 | 0 | 0 | 0 | 0 | 0 | 125< ]
[ 128 | >3 | 0 | 0 | 0 | 0 | 0 | 0 | 0 | 0 | 0 | 0 | 0 | 124< ]
[ 128 | >4 | 0 | 0 | 0 | 0 | 0 | 0 | 0 | 0 | 0 | 0 | 0 | 123< ]
[ 128 | >5 | 0 | 0 | 0 | 0 | 0 | 0 | 0 | 0 | 0 | 0 | 0 | 122< ]
[ 128 | >4 | 0 | 0 | 0 | 0 | 0 | 0 | 0 | 0 | 0 | 0 | 0 | 121< ]
[ 128 | >4 | 0 | 0 | 0 | 0 | 0 | 0 | 0 | 0 | 0 | 0 | 0 | 120< ]
[ 128 | >4 | 0 | 0 | 0 | 0 | 0 | 0 | 0 | 0 | 0 | 0 | 0 | 119< ]
[ 128 | 4 | >0 | 0 | 0 | 0 | 0 | 0 | 0 | 0 | 0 | 0 | 0 | 118< ]
[ 128 | 4 | >0 | 0 | 0 | 0 | 0 | 0 | 0 | 0 | 0 | 0 | 0 | 117< ]
[ 128 | 4 | >0 | 0 | 0 | 0 | 0 | 0 | 0 | 0 | 0 | 0 | 0 | 116< ]
[ 128 | 4 | >0 | 0 | 0 | 0 | 0 | 0 | 0 | 0 | 0 | 0 | 0 | 115< ]
[ 128 | 4 | 0 | >0 | 0 | 0 | 0 | 0 | 0 | 0 | 0 | 0 | 0 | 114< ]
[ 128 | 4 | 0 | 0 | >0 | 0 | 0 | 0 | 0 | 0 | 0 | 0 | 0 | 113< ]
[ 128 | 4 | 0 | 0 | >-1 | 0 | 0 | 0 | 0 | 0 | 0 | 0 | 0 | 112< ]
[ 128 | 4 | 0 | 0 | >-1 | 0 | 0 | 0 | 0 | 0 | 0 | 0 | 0 | 111< ]
[ 128 | 4 | 0 | 0 | >-1 | 0 | 0 | 0 | 0 | 0 | 0 | 0 | 0 | 110< ]
[ 128 | 4 | 0 | 0 | -1 | >0 | 0 | 0 | 0 | 0 | 0 | 0 | 0 | 109< ]
[ 128 | 4 | 0 | 0 | -1 | >0 | 0 | 0 | 0 | 0 | 0 | 0 | 0 | 108< ]
[ 128 | 4 | 0 | 0 | -1 | >0 | 0 | 0 | 0 | 0 | 0 | 0 | 0 | 107< ]
[ 128 | 4 | 0 | 0 | -1 | >0 | 0 | 0 | 0 | 0 | 0 | 0 | 0 | 106< ]
[ 128 | 4 | 0 | 0 | -1 | 0 | >0 | 0 | 0 | 0 | 0 | 0 | 0 | 105< ]
[ 128 | 4 | 0 | 0 | -1 | 0 | 0 | >0 | 0 | 0 | 0 | 0 | 0 | 104< ]
[ 128 | 4 | 0 | 0 | -1 | 0 | 0 | >-1 | 0 | 0 | 0 | 0 | 0 | 103< ]
[ 128 | 4 | 0 | 0 | -1 | 0 | 0 | >-1 | 0 | 0 | 0 | 0 | 0 | 102< ]
[ 128 | 4 | 0 | 0 | -1 | 0 | 0 | >-1 | 0 | 0 | 0 | 0 | 0 | 101< ]
[ 128 | 4 | 0 | 0 | -1 | 0 | 0 | -1 | >0 | 0 | 0 | 0 | 0 | 100< ]
[ 128 | 4 | 0 | 0 | -1 | 0 | 0 | -1 | >0 | 0 | 0 | 0 | 0 | 99< ]
[ 128 | 4 | 0 | 0 | -1 | 0 | 0 | -1 | >0 | 0 | 0 | 0 | 0 | 98< ]
[ 128 | 4 | 0 | 0 | -1 | 0 | 0 | -1 | >0 | 0 | 0 | 0 | 0 | 97< ]
[ 128 | 4 | 0 | 0 | -1 | 0 | 0 | -1 | 0 | >0 | 0 | 0 | 0 | 96< ]
[ 128 | 4 | 0 | 0 | -1 | 0 | 0 | -1 | 0 | 0 | >0 | 0 | 0 | 95< ]
[ 128 | 4 | 0 | 0 | -1 | 0 | 0 | -1 | 0 | 0 | >-1 | 0 | 0 | 94< ]
[ 128 | 4 | 0 | 0 | -1 | 0 | 0 | -1 | 0 | 0 | >-1 | 0 | 0 | 93< ]
[ 128 | 4 | 0 | 0 | -1 | 0 | 0 | -1 | 0 | 0 | >-1 | 0 | 0 | 92< ]
[ 128 | 4 | 0 | 0 | -1 | 0 | 0 | -1 | 0 | 0 | -1 | >0 | 0 | 91< ]
[ 128 | 4 | 0 | 0 | -1 | 0 | 0 | -1 | 0 | 0 | -1 | >0 | 0 | 90< ]
[ 128 | 4 | 0 | 0 | -1 | 0 | 0 | -1 | 0 | 0 | -1 | >0 | 0 | 89< ]
[ 128 | 4 | 0 | 0 | -1 | 0 | 0 | -1 | 0 | 0 | -1 | >0 | 0 | 88< ]
[ 128 | 4 | 0 | 0 | -1 | 0 | 0 | -1 | 0 | 0 | -1 | 0 | >0 | 87< ]
[ 128 | 4 | 0 | 0 | -1 | 0 | 0 | -1 | 0 | 0 | -1 | 0 | 0 | >86< ]
[ 128 | 4 | 0 | 0 | -1 | 0 | 0 | -1 | 0 | 0 | -1 | 0 | 0 | >84< ]
[ 128 | 4 | 0 | 0 | -1 | 0 | 0 | -1 | 0 | 0 | -1 | 0 | 0 | >83< ]
[ 128 | 4 | 0 | 0 | -1 | 0 | 0 | -1 | 0 | 0 | -1 | 0 | 0 | >82< ]
[ >128 | 4 | 0 | 0 | -1 | 0 | 0 | -1 | 0 | 0 | -1 | 0 | 0 | 81< ]

===== CloakingDeviceBot won the battle after 46 cycles =====



===== Starting battle of <PrussianRoulette> vs <CloakingDeviceBot> with memory tape size: 13 =====

[ >128 | 0 | 0 | 0 | 0 | 0 | 0 | 0 | 0 | 0 | 0 | 0 | 128< ]
[ 128 | >0 | 0 | 0 | 0 | 0 | 0 | 0 | 0 | 0 | 0 | 0 | 127< ]
[ 128 | >1 | 0 | 0 | 0 | 0 | 0 | 0 | 0 | 0 | 0 | 0 | 126< ]
[ 128 | >2 | 0 | 0 | 0 | 0 | 0 | 0 | 0 | 0 | 0 | 0 | 125< ]
[ 128 | >3 | 0 | 0 | 0 | 0 | 0 | 0 | 0 | 0 | 0 | 0 | 124< ]
[ 128 | >4 | 0 | 0 | 0 | 0 | 0 | 0 | 0 | 0 | 0 | 0 | 123< ]
[ 128 | >5 | 0 | 0 | 0 | 0 | 0 | 0 | 0 | 0 | 0 | 0 | 122< ]
[ 128 | >4 | 0 | 0 | 0 | 0 | 0 | 0 | 0 | 0 | 0 | 0 | 121< ]
[ 128 | >4 | 0 | 0 | 0 | 0 | 0 | 0 | 0 | 0 | 0 | 0 | 120< ]
[ 128 | >4 | 0 | 0 | 0 | 0 | 0 | 0 | 0 | 0 | 0 | 0 | 119< ]
[ 128 | 4 | >0 | 0 | 0 | 0 | 0 | 0 | 0 | 0 | 0 | 0 | 118< ]
[ 128 | 4 | >0 | 0 | 0 | 0 | 0 | 0 | 0 | 0 | 0 | 0 | 117< ]
[ 128 | 4 | >0 | 0 | 0 | 0 | 0 | 0 | 0 | 0 | 0 | 0 | 116< ]
[ 128 | 4 | >0 | 0 | 0 | 0 | 0 | 0 | 0 | 0 | 0 | 0 | 115< ]
[ 128 | 4 | 0 | >0 | 0 | 0 | 0 | 0 | 0 | 0 | 0 | 0 | 114< ]
[ 128 | 4 | 0 | 0 | >0 | 0 | 0 | 0 | 0 | 0 | 0 | 0 | 113< ]
[ 128 | 4 | 0 | 0 | >-1 | 0 | 0 | 0 | 0 | 0 | 0 | 0 | 112< ]
[ 128 | 4 | 0 | 0 | >-1 | 0 | 0 | 0 | 0 | 0 | 0 | 0 | 111< ]
[ 128 | 4 | 0 | 0 | >-1 | 0 | 0 | 0 | 0 | 0 | 0 | 0 | 110< ]
[ 128 | 4 | 0 | 0 | -1 | >0 | 0 | 0 | 0 | 0 | 0 | 0 | 109< ]
[ 128 | 4 | 0 | 0 | -1 | >0 | 0 | 0 | 0 | 0 | 0 | 0 | 108< ]
[ 128 | 4 | 0 | 0 | -1 | >0 | 0 | 0 | 0 | 0 | 0 | 0 | 107< ]
[ 128 | 4 | 0 | 0 | -1 | >0 | 0 | 0 | 0 | 0 | 0 | 0 | 106< ]
[ 128 | 4 | 0 | 0 | -1 | 0 | >0 | 0 | 0 | 0 | 0 | 0 | 105< ]
[ 128 | 4 | 0 | 0 | -1 | 0 | 0 | >0 | 0 | 0 | 0 | 0 | 104< ]
[ 128 | 4 | 0 | 0 | -1 | 0 | 0 | >-1 | 0 | 0 | 0 | 0 | 103< ]
[ 128 | 4 | 0 | 0 | -1 | 0 | 0 | >-1 | 0 | 0 | 0 | 0 | 102< ]
[ 128 | 4 | 0 | 0 | -1 | 0 | 0 | >-1 | 0 | 0 | 0 | 0 | 101< ]
[ 128 | 4 | 0 | 0 | -1 | 0 | 0 | -1 | >0 | 0 | 0 | 0 | 100< ]
[ 128 | 4 | 0 | 0 | -1 | 0 | 0 | -1 | >0 | 0 | 0 | 0 | 99< ]
[ 128 | 4 | 0 | 0 | -1 | 0 | 0 | -1 | >0 | 0 | 0 | 0 | 98< ]
[ 128 | 4 | 0 | 0 | -1 | 0 | 0 | -1 | >0 | 0 | 0 | 0 | 97< ]
[ 128 | 4 | 0 | 0 | -1 | 0 | 0 | -1 | 0 | >0 | 0 | 0 | 96< ]
[ 128 | 4 | 0 | 0 | -1 | 0 | 0 | -1 | 0 | 0 | >0 | 0 | 95< ]
[ 128 | 4 | 0 | 0 | -1 | 0 | 0 | -1 | 0 | 0 | >-1 | 0 | 94< ]
[ 128 | 4 | 0 | 0 | -1 | 0 | 0 | -1 | 0 | 0 | >-1 | 0 | 93< ]
[ 128 | 4 | 0 | 0 | -1 | 0 | 0 | -1 | 0 | 0 | >-1 | 0 | 92< ]
[ 128 | 4 | 0 | 0 | -1 | 0 | 0 | -1 | 0 | 0 | -1 | >0 | 91< ]
[ 128 | 4 | 0 | 0 | -1 | 0 | 0 | -1 | 0 | 0 | -1 | >0 | 90< ]
[ 128 | 4 | 0 | 0 | -1 | 0 | 0 | -1 | 0 | 0 | -1 | >0 | 89< ]
[ 128 | 4 | 0 | 0 | -1 | 0 | 0 | -1 | 0 | 0 | -1 | >0 | 88< ]
[ 128 | 4 | 0 | 0 | -1 | 0 | 0 | -1 | 0 | 0 | -1 | 0 | >87< ]
[ >128 | 4 | 0 | 0 | -1 | 0 | 0 | -1 | 0 | 0 | -1 | 0 | 86< ]

===== CloakingDeviceBot won the battle after 42 cycles =====



===== PrussianRoulette.bf vs. CloakingDeviceBot.bf finished with 0:10 =====