===== Starting battle of <PrussianRoulette> vs <EvoBot1> with memory tape size: 12 =====

[ >128 | 0 | 0 | 0 | 0 | 0 | 0 | 0 | 0 | 0 | 0 | 128< ]
[ 128 | >0 | 0 | 0 | 0 | 0 | 0 | 0 | 0 | 0 | 0< | 128 ]
[ 128 | >1 | 0 | 0 | 0 | 0 | 0 | 0 | 0 | 0 | 1< | 128 ]
[ 128 | >2 | 0 | 0 | 0 | 0 | 0 | 0 | 0 | 0< | 1 | 128 ]
[ 128 | >3 | 0 | 0 | 0 | 0 | 0 | 0 | 0 | -1< | 1 | 128 ]
[ 128 | >4 | 0 | 0 | 0 | 0 | 0 | 0 | 0 | -2< | 1 | 128 ]
[ 128 | >5 | 0 | 0 | 0 | 0 | 0 | 0 | 0 | -3< | 1 | 128 ]
[ 128 | >4 | 0 | 0 | 0 | 0 | 0 | 0 | 0< | -3 | 1 | 128 ]
[ 128 | >4 | 0 | 0 | 0 | 0 | 0 | 0< | 0 | -3 | 1 | 128 ]
[ 128 | >4 | 0 | 0 | 0 | 0 | 0< | 0 | 0 | -3 | 1 | 128 ]
[ 128 | 4 | >0 | 0 | 0 | 0< | 0 | 0 | 0 | -3 | 1 | 128 ]
[ 128 | 4 | >0 | 0 | 0< | 0 | 0 | 0 | 0 | -3 | 1 | 128 ]
[ 128 | 4 | >0 | 0< | 0 | 0 | 0 | 0 | 0 | -3 | 1 | 128 ]
[ 128 | 4 | >0< | 0 | 0 | 0 | 0 | 0 | 0 | -3 | 1 | 128 ]
[ 128 | 4 | 0< | >0 | 0 | 0 | 0 | 0 | 0 | -3 | 1 | 128 ]
[ 128 | 4< | 0 | 0 | >0 | 0 | 0 | 0 | 0 | -3 | 1 | 128 ]
[ 128 | 4< | 0 | 0 | >-1 | 0 | 0 | 0 | 0 | -3 | 1 | 128 ]
[ 128 | 5< | 0 | 0 | >-1 | 0 | 0 | 0 | 0 | -3 | 1 | 128 ]
[ 128 | 6< | 0 | 0 | >-1 | 0 | 0 | 0 | 0 | -3 | 1 | 128 ]
[ 128 | 7< | 0 | 0 | -1 | >0 | 0 | 0 | 0 | -3 | 1 | 128 ]
[ 128 | 7< | 0 | 0 | -1 | >0 | 0 | 0 | 0 | -3 | 1 | 128 ]
[ 128 | 6< | 0 | 0 | -1 | >0 | 0 | 0 | 0 | -3 | 1 | 128 ]
[ 128 | 6< | 0 | 0 | -1 | >0 | 0 | 0 | 0 | -3 | 1 | 128 ]
[ 128 | 5< | 0 | 0 | -1 | 0 | >0 | 0 | 0 | -3 | 1 | 128 ]
[ 128 | 5< | 0 | 0 | -1 | 0 | 0 | >0 | 0 | -3 | 1 | 128 ]
[ 128 | 4< | 0 | 0 | -1 | 0 | 0 | >-1 | 0 | -3 | 1 | 128 ]
[ 128 | 4< | 0 | 0 | -1 | 0 | 0 | >-1 | 0 | -3 | 1 | 128 ]
[ 128 | 3< | 0 | 0 | -1 | 0 | 0 | >-1 | 0 | -3 | 1 | 128 ]
[ 128 | 3< | 0 | 0 | -1 | 0 | 0 | -1 | >0 | -3 | 1 | 128 ]
[ 128 | 2< | 0 | 0 | -1 | 0 | 0 | -1 | >0 | -3 | 1 | 128 ]
[ 128 | 2< | 0 | 0 | -1 | 0 | 0 | -1 | >0 | -3 | 1 | 128 ]
[ 128 | 1< | 0 | 0 | -1 | 0 | 0 | -1 | >0 | -3 | 1 | 128 ]
[ 128 | 1< | 0 | 0 | -1 | 0 | 0 | -1 | 0 | >-3 | 1 | 128 ]
[ 128 | 0< | 0 | 0 | -1 | 0 | 0 | -1 | 0 | -3 | >1 | 128 ]
[ 128 | 0< | 0 | 0 | -1 | 0 | 0 | -1 | 0 | -3 | >0 | 128 ]
[ 128 | 0< | 0 | 0 | -1 | 0 | 0 | -1 | 0 | -3 | >0 | 128 ]
[ 128< | 0 | 0 | 0 | -1 | 0 | 0 | -1 | 0 | -3 | >0 | 128 ]
[ 128< | 0 | 0 | 0 | -1 | 0 | 0 | -1 | 0 | -3 | 0 | >128 ]
[ >-127< | 0 | 0 | 0 | -1 | 0 | 0 | -1 | 0 | -3 | 0 | 128 ]

===== EvoBot1 won the battle after 38 cycles =====



===== Starting battle of <PrussianRoulette> vs <EvoBot1> with memory tape size: 10 =====

[ >128 | 0 | 0 | 0 | 0 | 0 | 0 | 0 | 0 | 128< ]
[ 128 | >0 | 0 | 0 | 0 | 0 | 0 | 0 | 0< | 128 ]
[ 128 | >1 | 0 | 0 | 0 | 0 | 0 | 0 | 1< | 128 ]
[ 128 | >2 | 0 | 0 | 0 | 0 | 0 | 0< | 1 | 128 ]
[ 128 | >3 | 0 | 0 | 0 | 0 | 0 | -1< | 1 | 128 ]
[ 128 | >4 | 0 | 0 | 0 | 0 | 0 | -2< | 1 | 128 ]
[ 128 | >5 | 0 | 0 | 0 | 0 | 0 | -3< | 1 | 128 ]
[ 128 | >4 | 0 | 0 | 0 | 0 | 0< | -3 | 1 | 128 ]
[ 128 | >4 | 0 | 0 | 0 | 0< | 0 | -3 | 1 | 128 ]
[ 128 | >4 | 0 | 0 | 0< | 0 | 0 | -3 | 1 | 128 ]
[ 128 | 4 | >0 | 0< | 0 | 0 | 0 | -3 | 1 | 128 ]
[ 128 | 4 | >0< | 0 | 0 | 0 | 0 | -3 | 1 | 128 ]
[ 128 | 4< | >0 | 0 | 0 | 0 | 0 | -3 | 1 | 128 ]
[ 128< | 4 | >0 | 0 | 0 | 0 | 0 | -3 | 1 | 128 ]
[ 128< | 4 | 0 | >0 | 0 | 0 | 0 | -3 | 1 | 128 ]
[ -127< | 4 | 0 | 0 | >0 | 0 | 0 | -3 | 1 | 128 ]
[ -126< | 4 | 0 | 0 | >-1 | 0 | 0 | -3 | 1 | 128 ]
[ -125< | 4 | 0 | 0 | >-1 | 0 | 0 | -3 | 1 | 128 ]
[ -125< | 4 | 0 | 0 | >-1 | 0 | 0 | -3 | 1 | 128 ]
[ -126< | 4 | 0 | 0 | -1 | >0 | 0 | -3 | 1 | 128 ]
[ -126< | 4 | 0 | 0 | -1 | >0 | 0 | -3 | 1 | 128 ]
[ -127< | 4 | 0 | 0 | -1 | >0 | 0 | -3 | 1 | 128 ]
[ -127< | 4 | 0 | 0 | -1 | >0 | 0 | -3 | 1 | 128 ]
[ 128< | 4 | 0 | 0 | -1 | 0 | >0 | -3 | 1 | 128 ]
[ 128< | 4 | 0 | 0 | -1 | 0 | 0 | >-3 | 1 | 128 ]
[ 127< | 4 | 0 | 0 | -1 | 0 | 0 | >-4 | 1 | 128 ]
[ 127< | 4 | 0 | 0 | -1 | 0 | 0 | >-4 | 1 | 128 ]
[ 126< | 4 | 0 | 0 | -1 | 0 | 0 | >-4 | 1 | 128 ]
[ 126< | 4 | 0 | 0 | -1 | 0 | 0 | -4 | >1 | 128 ]
[ 125< | 4 | 0 | 0 | -1 | 0 | 0 | -4 | >1 | 128 ]
[ 125< | 4 | 0 | 0 | -1 | 0 | 0 | -4 | >1 | 128 ]
[ 124< | 4 | 0 | 0 | -1 | 0 | 0 | -4 | 1 | >128 ]
[ 124< | 4 | 0 | 0 | -1 | 0 | 0 | -4 | 1 | >127 ]
[ 123< | 4 | 0 | 0 | -1 | 0 | 0 | -4 | 1 | >126 ]
[ 123< | 4 | 0 | 0 | -1 | 0 | 0 | -4 | 1 | >125 ]
[ 122< | 4 | 0 | 0 | -1 | 0 | 0 | -4 | 1 | >124 ]
[ 122< | 4 | 0 | 0 | -1 | 0 | 0 | -4 | 1 | >123 ]
[ 121< | 4 | 0 | 0 | -1 | 0 | 0 | -4 | 1 | >122 ]
[ 121< | 4 | 0 | 0 | -1 | 0 | 0 | -4 | 1 | >121 ]
[ 120< | 4 | 0 | 0 | -1 | 0 | 0 | -4 | 1 | >120 ]
[ 120< | 4 | 0 | 0 | -1 | 0 | 0 | -4 | 1 | >119 ]
[ 119< | 4 | 0 | 0 | -1 | 0 | 0 | -4 | 1 | >118 ]
[ 119< | 4 | 0 | 0 | -1 | 0 | 0 | -4 | 1 | >118 ]
[ >118< | 4 | 0 | 0 | -1 | 0 | 0 | -4 | 1 | 118 ]

===== EvoBot1 won the battle after 43 cycles =====



===== Starting battle of <PrussianRoulette> vs <EvoBot1> with memory tape size: 12 =====

[ >128 | 0 | 0 | 0 | 0 | 0 | 0 | 0 | 0 | 0 | 0 | 128< ]
[ 128 | >0 | 0 | 0 | 0 | 0 | 0 | 0 | 0 | 0 | 0< | 128 ]
[ 128 | >1 | 0 | 0 | 0 | 0 | 0 | 0 | 0 | 0 | 1< | 128 ]
[ 128 | >2 | 0 | 0 | 0 | 0 | 0 | 0 | 0 | 0< | 1 | 128 ]
[ 128 | >3 | 0 | 0 | 0 | 0 | 0 | 0 | 0 | -1< | 1 | 128 ]
[ 128 | >4 | 0 | 0 | 0 | 0 | 0 | 0 | 0 | -2< | 1 | 128 ]
[ 128 | >5 | 0 | 0 | 0 | 0 | 0 | 0 | 0 | -3< | 1 | 128 ]
[ 128 | >4 | 0 | 0 | 0 | 0 | 0 | 0 | 0< | -3 | 1 | 128 ]
[ 128 | >4 | 0 | 0 | 0 | 0 | 0 | 0< | 0 | -3 | 1 | 128 ]
[ 128 | >4 | 0 | 0 | 0 | 0 | 0< | 0 | 0 | -3 | 1 | 128 ]
[ 128 | 4 | >0 | 0 | 0 | 0< | 0 | 0 | 0 | -3 | 1 | 128 ]
[ 128 | 4 | >0 | 0 | 0< | 0 | 0 | 0 | 0 | -3 | 1 | 128 ]
[ 128 | 4 | >0 | 0< | 0 | 0 | 0 | 0 | 0 | -3 | 1 | 128 ]
[ 128 | 4 | >0< | 0 | 0 | 0 | 0 | 0 | 0 | -3 | 1 | 128 ]
[ 128 | 4 | 0< | >0 | 0 | 0 | 0 | 0 | 0 | -3 | 1 | 128 ]
[ 128 | 4< | 0 | 0 | >0 | 0 | 0 | 0 | 0 | -3 | 1 | 128 ]
[ 128 | 4< | 0 | 0 | >-1 | 0 | 0 | 0 | 0 | -3 | 1 | 128 ]
[ 128 | 5< | 0 | 0 | >-1 | 0 | 0 | 0 | 0 | -3 | 1 | 128 ]
[ 128 | 6< | 0 | 0 | >-1 | 0 | 0 | 0 | 0 | -3 | 1 | 128 ]
[ 128 | 7< | 0 | 0 | -1 | >0 | 0 | 0 | 0 | -3 | 1 | 128 ]
[ 128 | 7< | 0 | 0 | -1 | >0 | 0 | 0 | 0 | -3 | 1 | 128 ]
[ 128 | 6< | 0 | 0 | -1 | >0 | 0 | 0 | 0 | -3 | 1 | 128 ]
[ 128 | 6< | 0 | 0 | -1 | >0 | 0 | 0 | 0 | -3 | 1 | 128 ]
[ 128 | 5< | 0 | 0 | -1 | 0 | >0 | 0 | 0 | -3 | 1 | 128 ]
[ 128 | 5< | 0 | 0 | -1 | 0 | 0 | >0 | 0 | -3 | 1 | 128 ]
[ 128 | 4< | 0 | 0 | -1 | 0 | 0 | >-1 | 0 | -3 | 1 | 128 ]
[ 128 | 4< | 0 | 0 | -1 | 0 | 0 | >-1 | 0 | -3 | 1 | 128 ]
[ 128 | 3< | 0 | 0 | -1 | 0 | 0 | >-1 | 0 | -3 | 1 | 128 ]
[ 128 | 3< | 0 | 0 | -1 | 0 | 0 | -1 | >0 | -3 | 1 | 128 ]
[ 128 | 2< | 0 | 0 | -1 | 0 | 0 | -1 | >0 | -3 | 1 | 128 ]
[ 128 | 2< | 0 | 0 | -1 | 0 | 0 | -1 | >0 | -3 | 1 | 128 ]
[ 128 | 1< | 0 | 0 | -1 | 0 | 0 | -1 | >0 | -3 | 1 | 128 ]
[ 128 | 1< | 0 | 0 | -1 | 0 | 0 | -1 | 0 | >-3 | 1 | 128 ]
[ 128 | 0< | 0 | 0 | -1 | 0 | 0 | -1 | 0 | -3 | >1 | 128 ]
[ 128 | 0< | 0 | 0 | -1 | 0 | 0 | -1 | 0 | -3 | >0 | 128 ]
[ 128 | 0< | 0 | 0 | -1 | 0 | 0 | -1 | 0 | -3 | >0 | 128 ]
[ 128< | 0 | 0 | 0 | -1 | 0 | 0 | -1 | 0 | -3 | >0 | 128 ]
[ 128< | 0 | 0 | 0 | -1 | 0 | 0 | -1 | 0 | -3 | 0 | >128 ]
[ >-127< | 0 | 0 | 0 | -1 | 0 | 0 | -1 | 0 | -3 | 0 | 128 ]

===== EvoBot1 won the battle after 38 cycles =====



===== Starting battle of <PrussianRoulette> vs <EvoBot1> with memory tape size: 14 =====

[ >128 | 0 | 0 | 0 | 0 | 0 | 0 | 0 | 0 | 0 | 0 | 0 | 0 | 128< ]
[ 128 | >0 | 0 | 0 | 0 | 0 | 0 | 0 | 0 | 0 | 0 | 0 | 0< | 128 ]
[ 128 | >1 | 0 | 0 | 0 | 0 | 0 | 0 | 0 | 0 | 0 | 0 | 1< | 128 ]
[ 128 | >2 | 0 | 0 | 0 | 0 | 0 | 0 | 0 | 0 | 0 | 0< | 1 | 128 ]
[ 128 | >3 | 0 | 0 | 0 | 0 | 0 | 0 | 0 | 0 | 0 | -1< | 1 | 128 ]
[ 128 | >4 | 0 | 0 | 0 | 0 | 0 | 0 | 0 | 0 | 0 | -2< | 1 | 128 ]
[ 128 | >5 | 0 | 0 | 0 | 0 | 0 | 0 | 0 | 0 | 0 | -3< | 1 | 128 ]
[ 128 | >4 | 0 | 0 | 0 | 0 | 0 | 0 | 0 | 0 | 0< | -3 | 1 | 128 ]
[ 128 | >4 | 0 | 0 | 0 | 0 | 0 | 0 | 0 | 0< | 0 | -3 | 1 | 128 ]
[ 128 | >4 | 0 | 0 | 0 | 0 | 0 | 0 | 0< | 0 | 0 | -3 | 1 | 128 ]
[ 128 | 4 | >0 | 0 | 0 | 0 | 0 | 0< | 0 | 0 | 0 | -3 | 1 | 128 ]
[ 128 | 4 | >0 | 0 | 0 | 0 | 0< | 0 | 0 | 0 | 0 | -3 | 1 | 128 ]
[ 128 | 4 | >0 | 0 | 0 | 0< | 0 | 0 | 0 | 0 | 0 | -3 | 1 | 128 ]
[ 128 | 4 | >0 | 0 | 0< | 0 | 0 | 0 | 0 | 0 | 0 | -3 | 1 | 128 ]
[ 128 | 4 | 0 | >0 | 0< | 0 | 0 | 0 | 0 | 0 | 0 | -3 | 1 | 128 ]
[ 128 | 4 | 0 | 0< | >0 | 0 | 0 | 0 | 0 | 0 | 0 | -3 | 1 | 128 ]
[ 128 | 4 | 0 | 0< | >-1 | 0 | 0 | 0 | 0 | 0 | 0 | -3 | 1 | 128 ]
[ 128 | 4 | 0< | 0 | >-1 | 0 | 0 | 0 | 0 | 0 | 0 | -3 | 1 | 128 ]
[ 128 | 4 | 0< | 0 | >-1 | 0 | 0 | 0 | 0 | 0 | 0 | -3 | 1 | 128 ]
[ 128 | 4< | 0 | 0 | -1 | >0 | 0 | 0 | 0 | 0 | 0 | -3 | 1 | 128 ]
[ 128 | 4< | 0 | 0 | -1 | >0 | 0 | 0 | 0 | 0 | 0 | -3 | 1 | 128 ]
[ 128 | 5< | 0 | 0 | -1 | >0 | 0 | 0 | 0 | 0 | 0 | -3 | 1 | 128 ]
[ 128 | 6< | 0 | 0 | -1 | >0 | 0 | 0 | 0 | 0 | 0 | -3 | 1 | 128 ]
[ 128 | 7< | 0 | 0 | -1 | 0 | >0 | 0 | 0 | 0 | 0 | -3 | 1 | 128 ]
[ 128 | 7< | 0 | 0 | -1 | 0 | 0 | >0 | 0 | 0 | 0 | -3 | 1 | 128 ]
[ 128 | 6< | 0 | 0 | -1 | 0 | 0 | >-1 | 0 | 0 | 0 | -3 | 1 | 128 ]
[ 128 | 6< | 0 | 0 | -1 | 0 | 0 | >-1 | 0 | 0 | 0 | -3 | 1 | 128 ]
[ 128 | 5< | 0 | 0 | -1 | 0 | 0 | >-1 | 0 | 0 | 0 | -3 | 1 | 128 ]
[ 128 | 5< | 0 | 0 | -1 | 0 | 0 | -1 | >0 | 0 | 0 | -3 | 1 | 128 ]
[ 128 | 4< | 0 | 0 | -1 | 0 | 0 | -1 | >0 | 0 | 0 | -3 | 1 | 128 ]
[ 128 | 4< | 0 | 0 | -1 | 0 | 0 | -1 | >0 | 0 | 0 | -3 | 1 | 128 ]
[ 128 | 3< | 0 | 0 | -1 | 0 | 0 | -1 | >0 | 0 | 0 | -3 | 1 | 128 ]
[ 128 | 3< | 0 | 0 | -1 | 0 | 0 | -1 | 0 | >0 | 0 | -3 | 1 | 128 ]
[ 128 | 2< | 0 | 0 | -1 | 0 | 0 | -1 | 0 | 0 | >0 | -3 | 1 | 128 ]
[ 128 | 2< | 0 | 0 | -1 | 0 | 0 | -1 | 0 | 0 | >-1 | -3 | 1 | 128 ]
[ 128 | 1< | 0 | 0 | -1 | 0 | 0 | -1 | 0 | 0 | >-1 | -3 | 1 | 128 ]
[ 128 | 1< | 0 | 0 | -1 | 0 | 0 | -1 | 0 | 0 | >-1 | -3 | 1 | 128 ]
[ 128 | 0< | 0 | 0 | -1 | 0 | 0 | -1 | 0 | 0 | -1 | >-3 | 1 | 128 ]
[ 128 | 0< | 0 | 0 | -1 | 0 | 0 | -1 | 0 | 0 | -1 | >-3 | 1 | 128 ]
[ 128 | 0< | 0 | 0 | -1 | 0 | 0 | -1 | 0 | 0 | -1 | >-3 | 1 | 128 ]
[ 128< | 0 | 0 | 0 | -1 | 0 | 0 | -1 | 0 | 0 | -1 | -3 | >1 | 128 ]
[ 128< | 0 | 0 | 0 | -1 | 0 | 0 | -1 | 0 | 0 | -1 | -3 | >0 | 128 ]
[ -127< | 0 | 0 | 0 | -1 | 0 | 0 | -1 | 0 | 0 | -1 | -3 | >-1 | 128 ]
[ -126< | 0 | 0 | 0 | -1 | 0 | 0 | -1 | 0 | 0 | -1 | -3 | >-2 | 128 ]
[ -125< | 0 | 0 | 0 | -1 | 0 | 0 | -1 | 0 | 0 | -1 | -3 | >-3 | 128 ]
[ -125< | 0 | 0 | 0 | -1 | 0 | 0 | -1 | 0 | 0 | -1 | -3 | >-4 | 128 ]
[ -126< | 0 | 0 | 0 | -1 | 0 | 0 | -1 | 0 | 0 | -1 | -3 | >-5 | 128 ]
[ -126< | 0 | 0 | 0 | -1 | 0 | 0 | -1 | 0 | 0 | -1 | -3 | >-6 | 128 ]
[ -127< | 0 | 0 | 0 | -1 | 0 | 0 | -1 | 0 | 0 | -1 | -3 | >-7 | 128 ]
[ -127< | 0 | 0 | 0 | -1 | 0 | 0 | -1 | 0 | 0 | -1 | -3 | >-8 | 128 ]
[ 128< | 0 | 0 | 0 | -1 | 0 | 0 | -1 | 0 | 0 | -1 | -3 | >-9 | 128 ]
[ 128< | 0 | 0 | 0 | -1 | 0 | 0 | -1 | 0 | 0 | -1 | -3 | >-9 | 128 ]
[ 127< | 0 | 0 | 0 | -1 | 0 | 0 | -1 | 0 | 0 | -1 | -3 | -9 | >128 ]
[ 127< | 0 | 0 | 0 | -1 | 0 | 0 | -1 | 0 | 0 | -1 | -3 | -9 | >127 ]
[ 126< | 0 | 0 | 0 | -1 | 0 | 0 | -1 | 0 | 0 | -1 | -3 | -9 | >126 ]
[ 126< | 0 | 0 | 0 | -1 | 0 | 0 | -1 | 0 | 0 | -1 | -3 | -9 | >125 ]
[ 125< | 0 | 0 | 0 | -1 | 0 | 0 | -1 | 0 | 0 | -1 | -3 | -9 | >124 ]
[ 125< | 0 | 0 | 0 | -1 | 0 | 0 | -1 | 0 | 0 | -1 | -3 | -9 | >123 ]
[ 124< | 0 | 0 | 0 | -1 | 0 | 0 | -1 | 0 | 0 | -1 | -3 | -9 | >122 ]
[ 124< | 0 | 0 | 0 | -1 | 0 | 0 | -1 | 0 | 0 | -1 | -3 | -9 | >121 ]
[ 123< | 0 | 0 | 0 | -1 | 0 | 0 | -1 | 0 | 0 | -1 | -3 | -9 | >120 ]
[ 123< | 0 | 0 | 0 | -1 | 0 | 0 | -1 | 0 | 0 | -1 | -3 | -9 | >119 ]
[ 122< | 0 | 0 | 0 | -1 | 0 | 0 | -1 | 0 | 0 | -1 | -3 | -9 | >118 ]
[ 122< | 0 | 0 | 0 | -1 | 0 | 0 | -1 | 0 | 0 | -1 | -3 | -9 | >118 ]
[ >121< | 0 | 0 | 0 | -1 | 0 | 0 | -1 | 0 | 0 | -1 | -3 | -9 | 118 ]

===== EvoBot1 won the battle after 64 cycles =====



===== Starting battle of <PrussianRoulette> vs <EvoBot1> with memory tape size: 12 =====

[ >128 | 0 | 0 | 0 | 0 | 0 | 0 | 0 | 0 | 0 | 0 | 128< ]
[ 128 | >0 | 0 | 0 | 0 | 0 | 0 | 0 | 0 | 0 | 0< | 128 ]
[ 128 | >1 | 0 | 0 | 0 | 0 | 0 | 0 | 0 | 0 | 1< | 128 ]
[ 128 | >2 | 0 | 0 | 0 | 0 | 0 | 0 | 0 | 0< | 1 | 128 ]
[ 128 | >3 | 0 | 0 | 0 | 0 | 0 | 0 | 0 | -1< | 1 | 128 ]
[ 128 | >4 | 0 | 0 | 0 | 0 | 0 | 0 | 0 | -2< | 1 | 128 ]
[ 128 | >5 | 0 | 0 | 0 | 0 | 0 | 0 | 0 | -3< | 1 | 128 ]
[ 128 | >4 | 0 | 0 | 0 | 0 | 0 | 0 | 0< | -3 | 1 | 128 ]
[ 128 | >4 | 0 | 0 | 0 | 0 | 0 | 0< | 0 | -3 | 1 | 128 ]
[ 128 | >4 | 0 | 0 | 0 | 0 | 0< | 0 | 0 | -3 | 1 | 128 ]
[ 128 | 4 | >0 | 0 | 0 | 0< | 0 | 0 | 0 | -3 | 1 | 128 ]
[ 128 | 4 | >0 | 0 | 0< | 0 | 0 | 0 | 0 | -3 | 1 | 128 ]
[ 128 | 4 | >0 | 0< | 0 | 0 | 0 | 0 | 0 | -3 | 1 | 128 ]
[ 128 | 4 | >0< | 0 | 0 | 0 | 0 | 0 | 0 | -3 | 1 | 128 ]
[ 128 | 4 | 0< | >0 | 0 | 0 | 0 | 0 | 0 | -3 | 1 | 128 ]
[ 128 | 4< | 0 | 0 | >0 | 0 | 0 | 0 | 0 | -3 | 1 | 128 ]
[ 128 | 4< | 0 | 0 | >-1 | 0 | 0 | 0 | 0 | -3 | 1 | 128 ]
[ 128 | 5< | 0 | 0 | >-1 | 0 | 0 | 0 | 0 | -3 | 1 | 128 ]
[ 128 | 6< | 0 | 0 | >-1 | 0 | 0 | 0 | 0 | -3 | 1 | 128 ]
[ 128 | 7< | 0 | 0 | -1 | >0 | 0 | 0 | 0 | -3 | 1 | 128 ]
[ 128 | 7< | 0 | 0 | -1 | >0 | 0 | 0 | 0 | -3 | 1 | 128 ]
[ 128 | 6< | 0 | 0 | -1 | >0 | 0 | 0 | 0 | -3 | 1 | 128 ]
[ 128 | 6< | 0 | 0 | -1 | >0 | 0 | 0 | 0 | -3 | 1 | 128 ]
[ 128 | 5< | 0 | 0 | -1 | 0 | >0 | 0 | 0 | -3 | 1 | 128 ]
[ 128 | 5< | 0 | 0 | -1 | 0 | 0 | >0 | 0 | -3 | 1 | 128 ]
[ 128 | 4< | 0 | 0 | -1 | 0 | 0 | >-1 | 0 | -3 | 1 | 128 ]
[ 128 | 4< | 0 | 0 | -1 | 0 | 0 | >-1 | 0 | -3 | 1 | 128 ]
[ 128 | 3< | 0 | 0 | -1 | 0 | 0 | >-1 | 0 | -3 | 1 | 128 ]
[ 128 | 3< | 0 | 0 | -1 | 0 | 0 | -1 | >0 | -3 | 1 | 128 ]
[ 128 | 2< | 0 | 0 | -1 | 0 | 0 | -1 | >0 | -3 | 1 | 128 ]
[ 128 | 2< | 0 | 0 | -1 | 0 | 0 | -1 | >0 | -3 | 1 | 128 ]
[ 128 | 1< | 0 | 0 | -1 | 0 | 0 | -1 | >0 | -3 | 1 | 128 ]
[ 128 | 1< | 0 | 0 | -1 | 0 | 0 | -1 | 0 | >-3 | 1 | 128 ]
[ 128 | 0< | 0 | 0 | -1 | 0 | 0 | -1 | 0 | -3 | >1 | 128 ]
[ 128 | 0< | 0 | 0 | -1 | 0 | 0 | -1 | 0 | -3 | >0 | 128 ]
[ 128 | 0< | 0 | 0 | -1 | 0 | 0 | -1 | 0 | -3 | >0 | 128 ]
[ 128< | 0 | 0 | 0 | -1 | 0 | 0 | -1 | 0 | -3 | >0 | 128 ]
[ 128< | 0 | 0 | 0 | -1 | 0 | 0 | -1 | 0 | -3 | 0 | >128 ]
[ >-127< | 0 | 0 | 0 | -1 | 0 | 0 | -1 | 0 | -3 | 0 | 128 ]

===== EvoBot1 won the battle after 38 cycles =====



===== Starting battle of <PrussianRoulette> vs <EvoBot1> with memory tape size: 12 =====

[ >128 | 0 | 0 | 0 | 0 | 0 | 0 | 0 | 0 | 0 | 0 | 128< ]
[ 128 | >0 | 0 | 0 | 0 | 0 | 0 | 0 | 0 | 0 | 0< | 128 ]
[ 128 | >1 | 0 | 0 | 0 | 0 | 0 | 0 | 0 | 0 | 1< | 128 ]
[ 128 | >2 | 0 | 0 | 0 | 0 | 0 | 0 | 0 | 0< | 1 | 128 ]
[ 128 | >3 | 0 | 0 | 0 | 0 | 0 | 0 | 0 | -1< | 1 | 128 ]
[ 128 | >4 | 0 | 0 | 0 | 0 | 0 | 0 | 0 | -2< | 1 | 128 ]
[ 128 | >5 | 0 | 0 | 0 | 0 | 0 | 0 | 0 | -3< | 1 | 128 ]
[ 128 | >4 | 0 | 0 | 0 | 0 | 0 | 0 | 0< | -3 | 1 | 128 ]
[ 128 | >4 | 0 | 0 | 0 | 0 | 0 | 0< | 0 | -3 | 1 | 128 ]
[ 128 | >4 | 0 | 0 | 0 | 0 | 0< | 0 | 0 | -3 | 1 | 128 ]
[ 128 | 4 | >0 | 0 | 0 | 0< | 0 | 0 | 0 | -3 | 1 | 128 ]
[ 128 | 4 | >0 | 0 | 0< | 0 | 0 | 0 | 0 | -3 | 1 | 128 ]
[ 128 | 4 | >0 | 0< | 0 | 0 | 0 | 0 | 0 | -3 | 1 | 128 ]
[ 128 | 4 | >0< | 0 | 0 | 0 | 0 | 0 | 0 | -3 | 1 | 128 ]
[ 128 | 4 | 0< | >0 | 0 | 0 | 0 | 0 | 0 | -3 | 1 | 128 ]
[ 128 | 4< | 0 | 0 | >0 | 0 | 0 | 0 | 0 | -3 | 1 | 128 ]
[ 128 | 4< | 0 | 0 | >-1 | 0 | 0 | 0 | 0 | -3 | 1 | 128 ]
[ 128 | 5< | 0 | 0 | >-1 | 0 | 0 | 0 | 0 | -3 | 1 | 128 ]
[ 128 | 6< | 0 | 0 | >-1 | 0 | 0 | 0 | 0 | -3 | 1 | 128 ]
[ 128 | 7< | 0 | 0 | -1 | >0 | 0 | 0 | 0 | -3 | 1 | 128 ]
[ 128 | 7< | 0 | 0 | -1 | >0 | 0 | 0 | 0 | -3 | 1 | 128 ]
[ 128 | 6< | 0 | 0 | -1 | >0 | 0 | 0 | 0 | -3 | 1 | 128 ]
[ 128 | 6< | 0 | 0 | -1 | >0 | 0 | 0 | 0 | -3 | 1 | 128 ]
[ 128 | 5< | 0 | 0 | -1 | 0 | >0 | 0 | 0 | -3 | 1 | 128 ]
[ 128 | 5< | 0 | 0 | -1 | 0 | 0 | >0 | 0 | -3 | 1 | 128 ]
[ 128 | 4< | 0 | 0 | -1 | 0 | 0 | >-1 | 0 | -3 | 1 | 128 ]
[ 128 | 4< | 0 | 0 | -1 | 0 | 0 | >-1 | 0 | -3 | 1 | 128 ]
[ 128 | 3< | 0 | 0 | -1 | 0 | 0 | >-1 | 0 | -3 | 1 | 128 ]
[ 128 | 3< | 0 | 0 | -1 | 0 | 0 | -1 | >0 | -3 | 1 | 128 ]
[ 128 | 2< | 0 | 0 | -1 | 0 | 0 | -1 | >0 | -3 | 1 | 128 ]
[ 128 | 2< | 0 | 0 | -1 | 0 | 0 | -1 | >0 | -3 | 1 | 128 ]
[ 128 | 1< | 0 | 0 | -1 | 0 | 0 | -1 | >0 | -3 | 1 | 128 ]
[ 128 | 1< | 0 | 0 | -1 | 0 | 0 | -1 | 0 | >-3 | 1 | 128 ]
[ 128 | 0< | 0 | 0 | -1 | 0 | 0 | -1 | 0 | -3 | >1 | 128 ]
[ 128 | 0< | 0 | 0 | -1 | 0 | 0 | -1 | 0 | -3 | >0 | 128 ]
[ 128 | 0< | 0 | 0 | -1 | 0 | 0 | -1 | 0 | -3 | >0 | 128 ]
[ 128< | 0 | 0 | 0 | -1 | 0 | 0 | -1 | 0 | -3 | >0 | 128 ]
[ 128< | 0 | 0 | 0 | -1 | 0 | 0 | -1 | 0 | -3 | 0 | >128 ]
[ >-127< | 0 | 0 | 0 | -1 | 0 | 0 | -1 | 0 | -3 | 0 | 128 ]

===== EvoBot1 won the battle after 38 cycles =====



===== Starting battle of <PrussianRoulette> vs <EvoBot1> with memory tape size: 19 =====

[ >128 | 0 | 0 | 0 | 0 | 0 | 0 | 0 | 0 | 0 | 0 | 0 | 0 | 0 | 0 | 0 | 0 | 0 | 128< ]
[ 128 | >0 | 0 | 0 | 0 | 0 | 0 | 0 | 0 | 0 | 0 | 0 | 0 | 0 | 0 | 0 | 0 | 0< | 128 ]
[ 128 | >1 | 0 | 0 | 0 | 0 | 0 | 0 | 0 | 0 | 0 | 0 | 0 | 0 | 0 | 0 | 0 | 1< | 128 ]
[ 128 | >2 | 0 | 0 | 0 | 0 | 0 | 0 | 0 | 0 | 0 | 0 | 0 | 0 | 0 | 0 | 0< | 1 | 128 ]
[ 128 | >3 | 0 | 0 | 0 | 0 | 0 | 0 | 0 | 0 | 0 | 0 | 0 | 0 | 0 | 0 | -1< | 1 | 128 ]
[ 128 | >4 | 0 | 0 | 0 | 0 | 0 | 0 | 0 | 0 | 0 | 0 | 0 | 0 | 0 | 0 | -2< | 1 | 128 ]
[ 128 | >5 | 0 | 0 | 0 | 0 | 0 | 0 | 0 | 0 | 0 | 0 | 0 | 0 | 0 | 0 | -3< | 1 | 128 ]
[ 128 | >4 | 0 | 0 | 0 | 0 | 0 | 0 | 0 | 0 | 0 | 0 | 0 | 0 | 0 | 0< | -3 | 1 | 128 ]
[ 128 | >4 | 0 | 0 | 0 | 0 | 0 | 0 | 0 | 0 | 0 | 0 | 0 | 0 | 0< | 0 | -3 | 1 | 128 ]
[ 128 | >4 | 0 | 0 | 0 | 0 | 0 | 0 | 0 | 0 | 0 | 0 | 0 | 0< | 0 | 0 | -3 | 1 | 128 ]
[ 128 | 4 | >0 | 0 | 0 | 0 | 0 | 0 | 0 | 0 | 0 | 0 | 0< | 0 | 0 | 0 | -3 | 1 | 128 ]
[ 128 | 4 | >0 | 0 | 0 | 0 | 0 | 0 | 0 | 0 | 0 | 0< | 0 | 0 | 0 | 0 | -3 | 1 | 128 ]
[ 128 | 4 | >0 | 0 | 0 | 0 | 0 | 0 | 0 | 0 | 0< | 0 | 0 | 0 | 0 | 0 | -3 | 1 | 128 ]
[ 128 | 4 | >0 | 0 | 0 | 0 | 0 | 0 | 0 | 0< | 0 | 0 | 0 | 0 | 0 | 0 | -3 | 1 | 128 ]
[ 128 | 4 | 0 | >0 | 0 | 0 | 0 | 0 | 0 | 0< | 0 | 0 | 0 | 0 | 0 | 0 | -3 | 1 | 128 ]
[ 128 | 4 | 0 | 0 | >0 | 0 | 0 | 0 | 0< | 0 | 0 | 0 | 0 | 0 | 0 | 0 | -3 | 1 | 128 ]
[ 128 | 4 | 0 | 0 | >-1 | 0 | 0 | 0 | 0< | 0 | 0 | 0 | 0 | 0 | 0 | 0 | -3 | 1 | 128 ]
[ 128 | 4 | 0 | 0 | >-1 | 0 | 0 | 0< | 0 | 0 | 0 | 0 | 0 | 0 | 0 | 0 | -3 | 1 | 128 ]
[ 128 | 4 | 0 | 0 | >-1 | 0 | 0 | 0< | 0 | 0 | 0 | 0 | 0 | 0 | 0 | 0 | -3 | 1 | 128 ]
[ 128 | 4 | 0 | 0 | -1 | >0 | 0< | 0 | 0 | 0 | 0 | 0 | 0 | 0 | 0 | 0 | -3 | 1 | 128 ]
[ 128 | 4 | 0 | 0 | -1 | >0 | 0< | 0 | 0 | 0 | 0 | 0 | 0 | 0 | 0 | 0 | -3 | 1 | 128 ]
[ 128 | 4 | 0 | 0 | -1 | >0< | 0 | 0 | 0 | 0 | 0 | 0 | 0 | 0 | 0 | 0 | -3 | 1 | 128 ]
[ 128 | 4 | 0 | 0 | -1 | >0< | 0 | 0 | 0 | 0 | 0 | 0 | 0 | 0 | 0 | 0 | -3 | 1 | 128 ]
[ 128 | 4 | 0 | 0 | -1< | 0 | >0 | 0 | 0 | 0 | 0 | 0 | 0 | 0 | 0 | 0 | -3 | 1 | 128 ]
[ 128 | 4 | 0 | 0 | -1< | 0 | 0 | >0 | 0 | 0 | 0 | 0 | 0 | 0 | 0 | 0 | -3 | 1 | 128 ]
[ 128 | 4 | 0 | 0 | 0< | 0 | 0 | >-1 | 0 | 0 | 0 | 0 | 0 | 0 | 0 | 0 | -3 | 1 | 128 ]
[ 128 | 4 | 0 | 0 | 1< | 0 | 0 | >-1 | 0 | 0 | 0 | 0 | 0 | 0 | 0 | 0 | -3 | 1 | 128 ]
[ 128 | 4 | 0 | 0 | 2< | 0 | 0 | >-1 | 0 | 0 | 0 | 0 | 0 | 0 | 0 | 0 | -3 | 1 | 128 ]
[ 128 | 4 | 0 | 0 | 2< | 0 | 0 | -1 | >0 | 0 | 0 | 0 | 0 | 0 | 0 | 0 | -3 | 1 | 128 ]
[ 128 | 4 | 0 | 0 | 1< | 0 | 0 | -1 | >0 | 0 | 0 | 0 | 0 | 0 | 0 | 0 | -3 | 1 | 128 ]
[ 128 | 4 | 0 | 0 | 1< | 0 | 0 | -1 | >0 | 0 | 0 | 0 | 0 | 0 | 0 | 0 | -3 | 1 | 128 ]
[ 128 | 4 | 0 | 0 | 0< | 0 | 0 | -1 | >0 | 0 | 0 | 0 | 0 | 0 | 0 | 0 | -3 | 1 | 128 ]
[ 128 | 4 | 0 | 0 | 0< | 0 | 0 | -1 | 0 | >0 | 0 | 0 | 0 | 0 | 0 | 0 | -3 | 1 | 128 ]
[ 128 | 4 | 0 | 0 | 0< | 0 | 0 | -1 | 0 | 0 | >0 | 0 | 0 | 0 | 0 | 0 | -3 | 1 | 128 ]
[ 128 | 4 | 0 | 0< | 0 | 0 | 0 | -1 | 0 | 0 | >-1 | 0 | 0 | 0 | 0 | 0 | -3 | 1 | 128 ]
[ 128 | 4 | 0 | 0< | 0 | 0 | 0 | -1 | 0 | 0 | >-1 | 0 | 0 | 0 | 0 | 0 | -3 | 1 | 128 ]
[ 128 | 4 | 0< | 0 | 0 | 0 | 0 | -1 | 0 | 0 | >-1 | 0 | 0 | 0 | 0 | 0 | -3 | 1 | 128 ]
[ 128 | 4 | 0< | 0 | 0 | 0 | 0 | -1 | 0 | 0 | -1 | >0 | 0 | 0 | 0 | 0 | -3 | 1 | 128 ]
[ 128 | 4< | 0 | 0 | 0 | 0 | 0 | -1 | 0 | 0 | -1 | >0 | 0 | 0 | 0 | 0 | -3 | 1 | 128 ]
[ 128 | 4< | 0 | 0 | 0 | 0 | 0 | -1 | 0 | 0 | -1 | >0 | 0 | 0 | 0 | 0 | -3 | 1 | 128 ]
[ 128 | 5< | 0 | 0 | 0 | 0 | 0 | -1 | 0 | 0 | -1 | >0 | 0 | 0 | 0 | 0 | -3 | 1 | 128 ]
[ 128 | 6< | 0 | 0 | 0 | 0 | 0 | -1 | 0 | 0 | -1 | 0 | >0 | 0 | 0 | 0 | -3 | 1 | 128 ]
[ 128 | 7< | 0 | 0 | 0 | 0 | 0 | -1 | 0 | 0 | -1 | 0 | 0 | >0 | 0 | 0 | -3 | 1 | 128 ]
[ 128 | 7< | 0 | 0 | 0 | 0 | 0 | -1 | 0 | 0 | -1 | 0 | 0 | >-1 | 0 | 0 | -3 | 1 | 128 ]
[ 128 | 6< | 0 | 0 | 0 | 0 | 0 | -1 | 0 | 0 | -1 | 0 | 0 | >-1 | 0 | 0 | -3 | 1 | 128 ]
[ 128 | 6< | 0 | 0 | 0 | 0 | 0 | -1 | 0 | 0 | -1 | 0 | 0 | >-1 | 0 | 0 | -3 | 1 | 128 ]
[ 128 | 5< | 0 | 0 | 0 | 0 | 0 | -1 | 0 | 0 | -1 | 0 | 0 | -1 | >0 | 0 | -3 | 1 | 128 ]
[ 128 | 5< | 0 | 0 | 0 | 0 | 0 | -1 | 0 | 0 | -1 | 0 | 0 | -1 | >0 | 0 | -3 | 1 | 128 ]
[ 128 | 4< | 0 | 0 | 0 | 0 | 0 | -1 | 0 | 0 | -1 | 0 | 0 | -1 | >0 | 0 | -3 | 1 | 128 ]
[ 128 | 4< | 0 | 0 | 0 | 0 | 0 | -1 | 0 | 0 | -1 | 0 | 0 | -1 | >0 | 0 | -3 | 1 | 128 ]
[ 128 | 3< | 0 | 0 | 0 | 0 | 0 | -1 | 0 | 0 | -1 | 0 | 0 | -1 | 0 | >0 | -3 | 1 | 128 ]
[ 128 | 3< | 0 | 0 | 0 | 0 | 0 | -1 | 0 | 0 | -1 | 0 | 0 | -1 | 0 | 0 | >-3 | 1 | 128 ]
[ 128 | 2< | 0 | 0 | 0 | 0 | 0 | -1 | 0 | 0 | -1 | 0 | 0 | -1 | 0 | 0 | >-4 | 1 | 128 ]
[ 128 | 2< | 0 | 0 | 0 | 0 | 0 | -1 | 0 | 0 | -1 | 0 | 0 | -1 | 0 | 0 | >-4 | 1 | 128 ]
[ 128 | 1< | 0 | 0 | 0 | 0 | 0 | -1 | 0 | 0 | -1 | 0 | 0 | -1 | 0 | 0 | >-4 | 1 | 128 ]
[ 128 | 1< | 0 | 0 | 0 | 0 | 0 | -1 | 0 | 0 | -1 | 0 | 0 | -1 | 0 | 0 | -4 | >1 | 128 ]
[ 128 | 0< | 0 | 0 | 0 | 0 | 0 | -1 | 0 | 0 | -1 | 0 | 0 | -1 | 0 | 0 | -4 | >1 | 128 ]
[ 128 | 0< | 0 | 0 | 0 | 0 | 0 | -1 | 0 | 0 | -1 | 0 | 0 | -1 | 0 | 0 | -4 | >1 | 128 ]
[ 128 | 0< | 0 | 0 | 0 | 0 | 0 | -1 | 0 | 0 | -1 | 0 | 0 | -1 | 0 | 0 | -4 | 1 | >128 ]
[ 128< | 0 | 0 | 0 | 0 | 0 | 0 | -1 | 0 | 0 | -1 | 0 | 0 | -1 | 0 | 0 | -4 | 1 | >127 ]
[ 128< | 0 | 0 | 0 | 0 | 0 | 0 | -1 | 0 | 0 | -1 | 0 | 0 | -1 | 0 | 0 | -4 | 1 | >126 ]
[ -127< | 0 | 0 | 0 | 0 | 0 | 0 | -1 | 0 | 0 | -1 | 0 | 0 | -1 | 0 | 0 | -4 | 1 | >125 ]
[ -126< | 0 | 0 | 0 | 0 | 0 | 0 | -1 | 0 | 0 | -1 | 0 | 0 | -1 | 0 | 0 | -4 | 1 | >124 ]
[ -125< | 0 | 0 | 0 | 0 | 0 | 0 | -1 | 0 | 0 | -1 | 0 | 0 | -1 | 0 | 0 | -4 | 1 | >123 ]
[ -125< | 0 | 0 | 0 | 0 | 0 | 0 | -1 | 0 | 0 | -1 | 0 | 0 | -1 | 0 | 0 | -4 | 1 | >122 ]
[ -126< | 0 | 0 | 0 | 0 | 0 | 0 | -1 | 0 | 0 | -1 | 0 | 0 | -1 | 0 | 0 | -4 | 1 | >121 ]
[ -126< | 0 | 0 | 0 | 0 | 0 | 0 | -1 | 0 | 0 | -1 | 0 | 0 | -1 | 0 | 0 | -4 | 1 | >120 ]
[ -127< | 0 | 0 | 0 | 0 | 0 | 0 | -1 | 0 | 0 | -1 | 0 | 0 | -1 | 0 | 0 | -4 | 1 | >119 ]
[ -127< | 0 | 0 | 0 | 0 | 0 | 0 | -1 | 0 | 0 | -1 | 0 | 0 | -1 | 0 | 0 | -4 | 1 | >118 ]
[ 128< | 0 | 0 | 0 | 0 | 0 | 0 | -1 | 0 | 0 | -1 | 0 | 0 | -1 | 0 | 0 | -4 | 1 | >118 ]
[ >128< | 0 | 0 | 0 | 0 | 0 | 0 | -1 | 0 | 0 | -1 | 0 | 0 | -1 | 0 | 0 | -4 | 1 | 118 ]

===== EvoBot1 won the battle after 70 cycles =====



===== Starting battle of <PrussianRoulette> vs <EvoBot1> with memory tape size: 15 =====

[ >128 | 0 | 0 | 0 | 0 | 0 | 0 | 0 | 0 | 0 | 0 | 0 | 0 | 0 | 128< ]
[ 128 | >0 | 0 | 0 | 0 | 0 | 0 | 0 | 0 | 0 | 0 | 0 | 0 | 0< | 128 ]
[ 128 | >1 | 0 | 0 | 0 | 0 | 0 | 0 | 0 | 0 | 0 | 0 | 0 | 1< | 128 ]
[ 128 | >2 | 0 | 0 | 0 | 0 | 0 | 0 | 0 | 0 | 0 | 0 | 0< | 1 | 128 ]
[ 128 | >3 | 0 | 0 | 0 | 0 | 0 | 0 | 0 | 0 | 0 | 0 | -1< | 1 | 128 ]
[ 128 | >4 | 0 | 0 | 0 | 0 | 0 | 0 | 0 | 0 | 0 | 0 | -2< | 1 | 128 ]
[ 128 | >5 | 0 | 0 | 0 | 0 | 0 | 0 | 0 | 0 | 0 | 0 | -3< | 1 | 128 ]
[ 128 | >4 | 0 | 0 | 0 | 0 | 0 | 0 | 0 | 0 | 0 | 0< | -3 | 1 | 128 ]
[ 128 | >4 | 0 | 0 | 0 | 0 | 0 | 0 | 0 | 0 | 0< | 0 | -3 | 1 | 128 ]
[ 128 | >4 | 0 | 0 | 0 | 0 | 0 | 0 | 0 | 0< | 0 | 0 | -3 | 1 | 128 ]
[ 128 | 4 | >0 | 0 | 0 | 0 | 0 | 0 | 0< | 0 | 0 | 0 | -3 | 1 | 128 ]
[ 128 | 4 | >0 | 0 | 0 | 0 | 0 | 0< | 0 | 0 | 0 | 0 | -3 | 1 | 128 ]
[ 128 | 4 | >0 | 0 | 0 | 0 | 0< | 0 | 0 | 0 | 0 | 0 | -3 | 1 | 128 ]
[ 128 | 4 | >0 | 0 | 0 | 0< | 0 | 0 | 0 | 0 | 0 | 0 | -3 | 1 | 128 ]
[ 128 | 4 | 0 | >0 | 0 | 0< | 0 | 0 | 0 | 0 | 0 | 0 | -3 | 1 | 128 ]
[ 128 | 4 | 0 | 0 | >0< | 0 | 0 | 0 | 0 | 0 | 0 | 0 | -3 | 1 | 128 ]
[ 128 | 4 | 0 | 0 | >-1< | 0 | 0 | 0 | 0 | 0 | 0 | 0 | -3 | 1 | 128 ]
[ 128 | 4 | 0 | 0< | >-1 | 0 | 0 | 0 | 0 | 0 | 0 | 0 | -3 | 1 | 128 ]
[ 128 | 4 | 0 | 0< | >-1 | 0 | 0 | 0 | 0 | 0 | 0 | 0 | -3 | 1 | 128 ]
[ 128 | 4 | 0< | 0 | -1 | >0 | 0 | 0 | 0 | 0 | 0 | 0 | -3 | 1 | 128 ]
[ 128 | 4 | 0< | 0 | -1 | >0 | 0 | 0 | 0 | 0 | 0 | 0 | -3 | 1 | 128 ]
[ 128 | 4< | 0 | 0 | -1 | >0 | 0 | 0 | 0 | 0 | 0 | 0 | -3 | 1 | 128 ]
[ 128 | 4< | 0 | 0 | -1 | >0 | 0 | 0 | 0 | 0 | 0 | 0 | -3 | 1 | 128 ]
[ 128 | 5< | 0 | 0 | -1 | 0 | >0 | 0 | 0 | 0 | 0 | 0 | -3 | 1 | 128 ]
[ 128 | 6< | 0 | 0 | -1 | 0 | 0 | >0 | 0 | 0 | 0 | 0 | -3 | 1 | 128 ]
[ 128 | 7< | 0 | 0 | -1 | 0 | 0 | >-1 | 0 | 0 | 0 | 0 | -3 | 1 | 128 ]
[ 128 | 7< | 0 | 0 | -1 | 0 | 0 | >-1 | 0 | 0 | 0 | 0 | -3 | 1 | 128 ]
[ 128 | 6< | 0 | 0 | -1 | 0 | 0 | >-1 | 0 | 0 | 0 | 0 | -3 | 1 | 128 ]
[ 128 | 6< | 0 | 0 | -1 | 0 | 0 | -1 | >0 | 0 | 0 | 0 | -3 | 1 | 128 ]
[ 128 | 5< | 0 | 0 | -1 | 0 | 0 | -1 | >0 | 0 | 0 | 0 | -3 | 1 | 128 ]
[ 128 | 5< | 0 | 0 | -1 | 0 | 0 | -1 | >0 | 0 | 0 | 0 | -3 | 1 | 128 ]
[ 128 | 4< | 0 | 0 | -1 | 0 | 0 | -1 | >0 | 0 | 0 | 0 | -3 | 1 | 128 ]
[ 128 | 4< | 0 | 0 | -1 | 0 | 0 | -1 | 0 | >0 | 0 | 0 | -3 | 1 | 128 ]
[ 128 | 3< | 0 | 0 | -1 | 0 | 0 | -1 | 0 | 0 | >0 | 0 | -3 | 1 | 128 ]
[ 128 | 3< | 0 | 0 | -1 | 0 | 0 | -1 | 0 | 0 | >-1 | 0 | -3 | 1 | 128 ]
[ 128 | 2< | 0 | 0 | -1 | 0 | 0 | -1 | 0 | 0 | >-1 | 0 | -3 | 1 | 128 ]
[ 128 | 2< | 0 | 0 | -1 | 0 | 0 | -1 | 0 | 0 | >-1 | 0 | -3 | 1 | 128 ]
[ 128 | 1< | 0 | 0 | -1 | 0 | 0 | -1 | 0 | 0 | -1 | >0 | -3 | 1 | 128 ]
[ 128 | 1< | 0 | 0 | -1 | 0 | 0 | -1 | 0 | 0 | -1 | >0 | -3 | 1 | 128 ]
[ 128 | 0< | 0 | 0 | -1 | 0 | 0 | -1 | 0 | 0 | -1 | >0 | -3 | 1 | 128 ]
[ 128 | 0< | 0 | 0 | -1 | 0 | 0 | -1 | 0 | 0 | -1 | >0 | -3 | 1 | 128 ]
[ 128 | 0< | 0 | 0 | -1 | 0 | 0 | -1 | 0 | 0 | -1 | 0 | >-3 | 1 | 128 ]
[ 128< | 0 | 0 | 0 | -1 | 0 | 0 | -1 | 0 | 0 | -1 | 0 | -3 | >1 | 128 ]
[ 128< | 0 | 0 | 0 | -1 | 0 | 0 | -1 | 0 | 0 | -1 | 0 | -3 | >0 | 128 ]
[ -127< | 0 | 0 | 0 | -1 | 0 | 0 | -1 | 0 | 0 | -1 | 0 | -3 | >0 | 128 ]
[ -126< | 0 | 0 | 0 | -1 | 0 | 0 | -1 | 0 | 0 | -1 | 0 | -3 | >0 | 128 ]
[ -125< | 0 | 0 | 0 | -1 | 0 | 0 | -1 | 0 | 0 | -1 | 0 | -3 | 0 | >128 ]
[ >-125< | 0 | 0 | 0 | -1 | 0 | 0 | -1 | 0 | 0 | -1 | 0 | -3 | 0 | 128 ]

===== EvoBot1 won the battle after 47 cycles =====



===== Starting battle of <PrussianRoulette> vs <EvoBot1> with memory tape size: 29 =====

[ >128 | 0 | 0 | 0 | 0 | 0 | 0 | 0 | 0 | 0 | 0 | 0 | 0 | 0 | 0 | 0 | 0 | 0 | 0 | 0 | 0 | 0 | 0 | 0 | 0 | 0 | 0 | 0 | 128< ]
[ 128 | >0 | 0 | 0 | 0 | 0 | 0 | 0 | 0 | 0 | 0 | 0 | 0 | 0 | 0 | 0 | 0 | 0 | 0 | 0 | 0 | 0 | 0 | 0 | 0 | 0 | 0 | 0< | 128 ]
[ 128 | >1 | 0 | 0 | 0 | 0 | 0 | 0 | 0 | 0 | 0 | 0 | 0 | 0 | 0 | 0 | 0 | 0 | 0 | 0 | 0 | 0 | 0 | 0 | 0 | 0 | 0 | 1< | 128 ]
[ 128 | >2 | 0 | 0 | 0 | 0 | 0 | 0 | 0 | 0 | 0 | 0 | 0 | 0 | 0 | 0 | 0 | 0 | 0 | 0 | 0 | 0 | 0 | 0 | 0 | 0 | 0< | 1 | 128 ]
[ 128 | >3 | 0 | 0 | 0 | 0 | 0 | 0 | 0 | 0 | 0 | 0 | 0 | 0 | 0 | 0 | 0 | 0 | 0 | 0 | 0 | 0 | 0 | 0 | 0 | 0 | -1< | 1 | 128 ]
[ 128 | >4 | 0 | 0 | 0 | 0 | 0 | 0 | 0 | 0 | 0 | 0 | 0 | 0 | 0 | 0 | 0 | 0 | 0 | 0 | 0 | 0 | 0 | 0 | 0 | 0 | -2< | 1 | 128 ]
[ 128 | >5 | 0 | 0 | 0 | 0 | 0 | 0 | 0 | 0 | 0 | 0 | 0 | 0 | 0 | 0 | 0 | 0 | 0 | 0 | 0 | 0 | 0 | 0 | 0 | 0 | -3< | 1 | 128 ]
[ 128 | >4 | 0 | 0 | 0 | 0 | 0 | 0 | 0 | 0 | 0 | 0 | 0 | 0 | 0 | 0 | 0 | 0 | 0 | 0 | 0 | 0 | 0 | 0 | 0 | 0< | -3 | 1 | 128 ]
[ 128 | >4 | 0 | 0 | 0 | 0 | 0 | 0 | 0 | 0 | 0 | 0 | 0 | 0 | 0 | 0 | 0 | 0 | 0 | 0 | 0 | 0 | 0 | 0 | 0< | 0 | -3 | 1 | 128 ]
[ 128 | >4 | 0 | 0 | 0 | 0 | 0 | 0 | 0 | 0 | 0 | 0 | 0 | 0 | 0 | 0 | 0 | 0 | 0 | 0 | 0 | 0 | 0 | 0< | 0 | 0 | -3 | 1 | 128 ]
[ 128 | 4 | >0 | 0 | 0 | 0 | 0 | 0 | 0 | 0 | 0 | 0 | 0 | 0 | 0 | 0 | 0 | 0 | 0 | 0 | 0 | 0 | 0< | 0 | 0 | 0 | -3 | 1 | 128 ]
[ 128 | 4 | >0 | 0 | 0 | 0 | 0 | 0 | 0 | 0 | 0 | 0 | 0 | 0 | 0 | 0 | 0 | 0 | 0 | 0 | 0 | 0< | 0 | 0 | 0 | 0 | -3 | 1 | 128 ]
[ 128 | 4 | >0 | 0 | 0 | 0 | 0 | 0 | 0 | 0 | 0 | 0 | 0 | 0 | 0 | 0 | 0 | 0 | 0 | 0 | 0< | 0 | 0 | 0 | 0 | 0 | -3 | 1 | 128 ]
[ 128 | 4 | >0 | 0 | 0 | 0 | 0 | 0 | 0 | 0 | 0 | 0 | 0 | 0 | 0 | 0 | 0 | 0 | 0 | 0< | 0 | 0 | 0 | 0 | 0 | 0 | -3 | 1 | 128 ]
[ 128 | 4 | 0 | >0 | 0 | 0 | 0 | 0 | 0 | 0 | 0 | 0 | 0 | 0 | 0 | 0 | 0 | 0 | 0 | 0< | 0 | 0 | 0 | 0 | 0 | 0 | -3 | 1 | 128 ]
[ 128 | 4 | 0 | 0 | >0 | 0 | 0 | 0 | 0 | 0 | 0 | 0 | 0 | 0 | 0 | 0 | 0 | 0 | 0< | 0 | 0 | 0 | 0 | 0 | 0 | 0 | -3 | 1 | 128 ]
[ 128 | 4 | 0 | 0 | >-1 | 0 | 0 | 0 | 0 | 0 | 0 | 0 | 0 | 0 | 0 | 0 | 0 | 0 | 0< | 0 | 0 | 0 | 0 | 0 | 0 | 0 | -3 | 1 | 128 ]
[ 128 | 4 | 0 | 0 | >-1 | 0 | 0 | 0 | 0 | 0 | 0 | 0 | 0 | 0 | 0 | 0 | 0 | 0< | 0 | 0 | 0 | 0 | 0 | 0 | 0 | 0 | -3 | 1 | 128 ]
[ 128 | 4 | 0 | 0 | >-1 | 0 | 0 | 0 | 0 | 0 | 0 | 0 | 0 | 0 | 0 | 0 | 0 | 0< | 0 | 0 | 0 | 0 | 0 | 0 | 0 | 0 | -3 | 1 | 128 ]
[ 128 | 4 | 0 | 0 | -1 | >0 | 0 | 0 | 0 | 0 | 0 | 0 | 0 | 0 | 0 | 0 | 0< | 0 | 0 | 0 | 0 | 0 | 0 | 0 | 0 | 0 | -3 | 1 | 128 ]
[ 128 | 4 | 0 | 0 | -1 | >0 | 0 | 0 | 0 | 0 | 0 | 0 | 0 | 0 | 0 | 0 | 0< | 0 | 0 | 0 | 0 | 0 | 0 | 0 | 0 | 0 | -3 | 1 | 128 ]
[ 128 | 4 | 0 | 0 | -1 | >0 | 0 | 0 | 0 | 0 | 0 | 0 | 0 | 0 | 0 | 0< | 0 | 0 | 0 | 0 | 0 | 0 | 0 | 0 | 0 | 0 | -3 | 1 | 128 ]
[ 128 | 4 | 0 | 0 | -1 | >0 | 0 | 0 | 0 | 0 | 0 | 0 | 0 | 0 | 0 | 0< | 0 | 0 | 0 | 0 | 0 | 0 | 0 | 0 | 0 | 0 | -3 | 1 | 128 ]
[ 128 | 4 | 0 | 0 | -1 | 0 | >0 | 0 | 0 | 0 | 0 | 0 | 0 | 0 | 0< | 0 | 0 | 0 | 0 | 0 | 0 | 0 | 0 | 0 | 0 | 0 | -3 | 1 | 128 ]
[ 128 | 4 | 0 | 0 | -1 | 0 | 0 | >0 | 0 | 0 | 0 | 0 | 0 | 0 | 0< | 0 | 0 | 0 | 0 | 0 | 0 | 0 | 0 | 0 | 0 | 0 | -3 | 1 | 128 ]
[ 128 | 4 | 0 | 0 | -1 | 0 | 0 | >-1 | 0 | 0 | 0 | 0 | 0 | 0< | 0 | 0 | 0 | 0 | 0 | 0 | 0 | 0 | 0 | 0 | 0 | 0 | -3 | 1 | 128 ]
[ 128 | 4 | 0 | 0 | -1 | 0 | 0 | >-1 | 0 | 0 | 0 | 0 | 0 | 0< | 0 | 0 | 0 | 0 | 0 | 0 | 0 | 0 | 0 | 0 | 0 | 0 | -3 | 1 | 128 ]
[ 128 | 4 | 0 | 0 | -1 | 0 | 0 | >-1 | 0 | 0 | 0 | 0 | 0< | 0 | 0 | 0 | 0 | 0 | 0 | 0 | 0 | 0 | 0 | 0 | 0 | 0 | -3 | 1 | 128 ]
[ 128 | 4 | 0 | 0 | -1 | 0 | 0 | -1 | >0 | 0 | 0 | 0 | 0< | 0 | 0 | 0 | 0 | 0 | 0 | 0 | 0 | 0 | 0 | 0 | 0 | 0 | -3 | 1 | 128 ]
[ 128 | 4 | 0 | 0 | -1 | 0 | 0 | -1 | >0 | 0 | 0 | 0< | 0 | 0 | 0 | 0 | 0 | 0 | 0 | 0 | 0 | 0 | 0 | 0 | 0 | 0 | -3 | 1 | 128 ]
[ 128 | 4 | 0 | 0 | -1 | 0 | 0 | -1 | >0 | 0 | 0 | 0< | 0 | 0 | 0 | 0 | 0 | 0 | 0 | 0 | 0 | 0 | 0 | 0 | 0 | 0 | -3 | 1 | 128 ]
[ 128 | 4 | 0 | 0 | -1 | 0 | 0 | -1 | >0 | 0 | 0< | 0 | 0 | 0 | 0 | 0 | 0 | 0 | 0 | 0 | 0 | 0 | 0 | 0 | 0 | 0 | -3 | 1 | 128 ]
[ 128 | 4 | 0 | 0 | -1 | 0 | 0 | -1 | 0 | >0 | 0< | 0 | 0 | 0 | 0 | 0 | 0 | 0 | 0 | 0 | 0 | 0 | 0 | 0 | 0 | 0 | -3 | 1 | 128 ]
[ 128 | 4 | 0 | 0 | -1 | 0 | 0 | -1 | 0 | 0< | >0 | 0 | 0 | 0 | 0 | 0 | 0 | 0 | 0 | 0 | 0 | 0 | 0 | 0 | 0 | 0 | -3 | 1 | 128 ]
[ 128 | 4 | 0 | 0 | -1 | 0 | 0 | -1 | 0 | 0< | >-1 | 0 | 0 | 0 | 0 | 0 | 0 | 0 | 0 | 0 | 0 | 0 | 0 | 0 | 0 | 0 | -3 | 1 | 128 ]
[ 128 | 4 | 0 | 0 | -1 | 0 | 0 | -1 | 0< | 0 | >-1 | 0 | 0 | 0 | 0 | 0 | 0 | 0 | 0 | 0 | 0 | 0 | 0 | 0 | 0 | 0 | -3 | 1 | 128 ]
[ 128 | 4 | 0 | 0 | -1 | 0 | 0 | -1 | 0< | 0 | >-1 | 0 | 0 | 0 | 0 | 0 | 0 | 0 | 0 | 0 | 0 | 0 | 0 | 0 | 0 | 0 | -3 | 1 | 128 ]
[ 128 | 4 | 0 | 0 | -1 | 0 | 0 | -1< | 0 | 0 | -1 | >0 | 0 | 0 | 0 | 0 | 0 | 0 | 0 | 0 | 0 | 0 | 0 | 0 | 0 | 0 | -3 | 1 | 128 ]
[ 128 | 4 | 0 | 0 | -1 | 0 | 0 | -1< | 0 | 0 | -1 | >0 | 0 | 0 | 0 | 0 | 0 | 0 | 0 | 0 | 0 | 0 | 0 | 0 | 0 | 0 | -3 | 1 | 128 ]
[ 128 | 4 | 0 | 0 | -1 | 0 | 0 | 0< | 0 | 0 | -1 | >0 | 0 | 0 | 0 | 0 | 0 | 0 | 0 | 0 | 0 | 0 | 0 | 0 | 0 | 0 | -3 | 1 | 128 ]
[ 128 | 4 | 0 | 0 | -1 | 0 | 0 | 1< | 0 | 0 | -1 | >0 | 0 | 0 | 0 | 0 | 0 | 0 | 0 | 0 | 0 | 0 | 0 | 0 | 0 | 0 | -3 | 1 | 128 ]
[ 128 | 4 | 0 | 0 | -1 | 0 | 0 | 2< | 0 | 0 | -1 | 0 | >0 | 0 | 0 | 0 | 0 | 0 | 0 | 0 | 0 | 0 | 0 | 0 | 0 | 0 | -3 | 1 | 128 ]
[ 128 | 4 | 0 | 0 | -1 | 0 | 0 | 2< | 0 | 0 | -1 | 0 | 0 | >0 | 0 | 0 | 0 | 0 | 0 | 0 | 0 | 0 | 0 | 0 | 0 | 0 | -3 | 1 | 128 ]
[ 128 | 4 | 0 | 0 | -1 | 0 | 0 | 1< | 0 | 0 | -1 | 0 | 0 | >-1 | 0 | 0 | 0 | 0 | 0 | 0 | 0 | 0 | 0 | 0 | 0 | 0 | -3 | 1 | 128 ]
[ 128 | 4 | 0 | 0 | -1 | 0 | 0 | 1< | 0 | 0 | -1 | 0 | 0 | >-1 | 0 | 0 | 0 | 0 | 0 | 0 | 0 | 0 | 0 | 0 | 0 | 0 | -3 | 1 | 128 ]
[ 128 | 4 | 0 | 0 | -1 | 0 | 0 | 0< | 0 | 0 | -1 | 0 | 0 | >-1 | 0 | 0 | 0 | 0 | 0 | 0 | 0 | 0 | 0 | 0 | 0 | 0 | -3 | 1 | 128 ]
[ 128 | 4 | 0 | 0 | -1 | 0 | 0 | 0< | 0 | 0 | -1 | 0 | 0 | -1 | >0 | 0 | 0 | 0 | 0 | 0 | 0 | 0 | 0 | 0 | 0 | 0 | -3 | 1 | 128 ]
[ 128 | 4 | 0 | 0 | -1 | 0 | 0 | 0< | 0 | 0 | -1 | 0 | 0 | -1 | >0 | 0 | 0 | 0 | 0 | 0 | 0 | 0 | 0 | 0 | 0 | 0 | -3 | 1 | 128 ]
[ 128 | 4 | 0 | 0 | -1 | 0 | 0< | 0 | 0 | 0 | -1 | 0 | 0 | -1 | >0 | 0 | 0 | 0 | 0 | 0 | 0 | 0 | 0 | 0 | 0 | 0 | -3 | 1 | 128 ]
[ 128 | 4 | 0 | 0 | -1 | 0 | 0< | 0 | 0 | 0 | -1 | 0 | 0 | -1 | >0 | 0 | 0 | 0 | 0 | 0 | 0 | 0 | 0 | 0 | 0 | 0 | -3 | 1 | 128 ]
[ 128 | 4 | 0 | 0 | -1 | 0< | 0 | 0 | 0 | 0 | -1 | 0 | 0 | -1 | 0 | >0 | 0 | 0 | 0 | 0 | 0 | 0 | 0 | 0 | 0 | 0 | -3 | 1 | 128 ]
[ 128 | 4 | 0 | 0 | -1 | 0< | 0 | 0 | 0 | 0 | -1 | 0 | 0 | -1 | 0 | 0 | >0 | 0 | 0 | 0 | 0 | 0 | 0 | 0 | 0 | 0 | -3 | 1 | 128 ]
[ 128 | 4 | 0 | 0 | -1< | 0 | 0 | 0 | 0 | 0 | -1 | 0 | 0 | -1 | 0 | 0 | >-1 | 0 | 0 | 0 | 0 | 0 | 0 | 0 | 0 | 0 | -3 | 1 | 128 ]
[ 128 | 4 | 0 | 0 | -1< | 0 | 0 | 0 | 0 | 0 | -1 | 0 | 0 | -1 | 0 | 0 | >-1 | 0 | 0 | 0 | 0 | 0 | 0 | 0 | 0 | 0 | -3 | 1 | 128 ]
[ 128 | 4 | 0 | 0 | 0< | 0 | 0 | 0 | 0 | 0 | -1 | 0 | 0 | -1 | 0 | 0 | >-1 | 0 | 0 | 0 | 0 | 0 | 0 | 0 | 0 | 0 | -3 | 1 | 128 ]
[ 128 | 4 | 0 | 0 | 1< | 0 | 0 | 0 | 0 | 0 | -1 | 0 | 0 | -1 | 0 | 0 | -1 | >0 | 0 | 0 | 0 | 0 | 0 | 0 | 0 | 0 | -3 | 1 | 128 ]
[ 128 | 4 | 0 | 0 | 2< | 0 | 0 | 0 | 0 | 0 | -1 | 0 | 0 | -1 | 0 | 0 | -1 | >0 | 0 | 0 | 0 | 0 | 0 | 0 | 0 | 0 | -3 | 1 | 128 ]
[ 128 | 4 | 0 | 0 | 2< | 0 | 0 | 0 | 0 | 0 | -1 | 0 | 0 | -1 | 0 | 0 | -1 | >0 | 0 | 0 | 0 | 0 | 0 | 0 | 0 | 0 | -3 | 1 | 128 ]
[ 128 | 4 | 0 | 0 | 1< | 0 | 0 | 0 | 0 | 0 | -1 | 0 | 0 | -1 | 0 | 0 | -1 | >0 | 0 | 0 | 0 | 0 | 0 | 0 | 0 | 0 | -3 | 1 | 128 ]
[ 128 | 4 | 0 | 0 | 1< | 0 | 0 | 0 | 0 | 0 | -1 | 0 | 0 | -1 | 0 | 0 | -1 | 0 | >0 | 0 | 0 | 0 | 0 | 0 | 0 | 0 | -3 | 1 | 128 ]
[ 128 | 4 | 0 | 0 | 0< | 0 | 0 | 0 | 0 | 0 | -1 | 0 | 0 | -1 | 0 | 0 | -1 | 0 | 0 | >0 | 0 | 0 | 0 | 0 | 0 | 0 | -3 | 1 | 128 ]
[ 128 | 4 | 0 | 0 | 0< | 0 | 0 | 0 | 0 | 0 | -1 | 0 | 0 | -1 | 0 | 0 | -1 | 0 | 0 | >-1 | 0 | 0 | 0 | 0 | 0 | 0 | -3 | 1 | 128 ]
[ 128 | 4 | 0 | 0 | 0< | 0 | 0 | 0 | 0 | 0 | -1 | 0 | 0 | -1 | 0 | 0 | -1 | 0 | 0 | >-1 | 0 | 0 | 0 | 0 | 0 | 0 | -3 | 1 | 128 ]
[ 128 | 4 | 0 | 0< | 0 | 0 | 0 | 0 | 0 | 0 | -1 | 0 | 0 | -1 | 0 | 0 | -1 | 0 | 0 | >-1 | 0 | 0 | 0 | 0 | 0 | 0 | -3 | 1 | 128 ]
[ 128 | 4 | 0 | 0< | 0 | 0 | 0 | 0 | 0 | 0 | -1 | 0 | 0 | -1 | 0 | 0 | -1 | 0 | 0 | -1 | >0 | 0 | 0 | 0 | 0 | 0 | -3 | 1 | 128 ]
[ 128 | 4 | 0< | 0 | 0 | 0 | 0 | 0 | 0 | 0 | -1 | 0 | 0 | -1 | 0 | 0 | -1 | 0 | 0 | -1 | >0 | 0 | 0 | 0 | 0 | 0 | -3 | 1 | 128 ]
[ 128 | 4 | 0< | 0 | 0 | 0 | 0 | 0 | 0 | 0 | -1 | 0 | 0 | -1 | 0 | 0 | -1 | 0 | 0 | -1 | >0 | 0 | 0 | 0 | 0 | 0 | -3 | 1 | 128 ]
[ 128 | 4< | 0 | 0 | 0 | 0 | 0 | 0 | 0 | 0 | -1 | 0 | 0 | -1 | 0 | 0 | -1 | 0 | 0 | -1 | >0 | 0 | 0 | 0 | 0 | 0 | -3 | 1 | 128 ]
[ 128 | 4< | 0 | 0 | 0 | 0 | 0 | 0 | 0 | 0 | -1 | 0 | 0 | -1 | 0 | 0 | -1 | 0 | 0 | -1 | 0 | >0 | 0 | 0 | 0 | 0 | -3 | 1 | 128 ]
[ 128 | 5< | 0 | 0 | 0 | 0 | 0 | 0 | 0 | 0 | -1 | 0 | 0 | -1 | 0 | 0 | -1 | 0 | 0 | -1 | 0 | 0 | >0 | 0 | 0 | 0 | -3 | 1 | 128 ]
[ 128 | 6< | 0 | 0 | 0 | 0 | 0 | 0 | 0 | 0 | -1 | 0 | 0 | -1 | 0 | 0 | -1 | 0 | 0 | -1 | 0 | 0 | >-1 | 0 | 0 | 0 | -3 | 1 | 128 ]
[ 128 | 7< | 0 | 0 | 0 | 0 | 0 | 0 | 0 | 0 | -1 | 0 | 0 | -1 | 0 | 0 | -1 | 0 | 0 | -1 | 0 | 0 | >-1 | 0 | 0 | 0 | -3 | 1 | 128 ]
[ 128 | 7< | 0 | 0 | 0 | 0 | 0 | 0 | 0 | 0 | -1 | 0 | 0 | -1 | 0 | 0 | -1 | 0 | 0 | -1 | 0 | 0 | >-1 | 0 | 0 | 0 | -3 | 1 | 128 ]
[ 128 | 6< | 0 | 0 | 0 | 0 | 0 | 0 | 0 | 0 | -1 | 0 | 0 | -1 | 0 | 0 | -1 | 0 | 0 | -1 | 0 | 0 | -1 | >0 | 0 | 0 | -3 | 1 | 128 ]
[ 128 | 6< | 0 | 0 | 0 | 0 | 0 | 0 | 0 | 0 | -1 | 0 | 0 | -1 | 0 | 0 | -1 | 0 | 0 | -1 | 0 | 0 | -1 | >0 | 0 | 0 | -3 | 1 | 128 ]
[ 128 | 5< | 0 | 0 | 0 | 0 | 0 | 0 | 0 | 0 | -1 | 0 | 0 | -1 | 0 | 0 | -1 | 0 | 0 | -1 | 0 | 0 | -1 | >0 | 0 | 0 | -3 | 1 | 128 ]
[ 128 | 5< | 0 | 0 | 0 | 0 | 0 | 0 | 0 | 0 | -1 | 0 | 0 | -1 | 0 | 0 | -1 | 0 | 0 | -1 | 0 | 0 | -1 | >0 | 0 | 0 | -3 | 1 | 128 ]
[ 128 | 4< | 0 | 0 | 0 | 0 | 0 | 0 | 0 | 0 | -1 | 0 | 0 | -1 | 0 | 0 | -1 | 0 | 0 | -1 | 0 | 0 | -1 | 0 | >0 | 0 | -3 | 1 | 128 ]
[ 128 | 4< | 0 | 0 | 0 | 0 | 0 | 0 | 0 | 0 | -1 | 0 | 0 | -1 | 0 | 0 | -1 | 0 | 0 | -1 | 0 | 0 | -1 | 0 | 0 | >0 | -3 | 1 | 128 ]
[ 128 | 3< | 0 | 0 | 0 | 0 | 0 | 0 | 0 | 0 | -1 | 0 | 0 | -1 | 0 | 0 | -1 | 0 | 0 | -1 | 0 | 0 | -1 | 0 | 0 | >-1 | -3 | 1 | 128 ]
[ 128 | 3< | 0 | 0 | 0 | 0 | 0 | 0 | 0 | 0 | -1 | 0 | 0 | -1 | 0 | 0 | -1 | 0 | 0 | -1 | 0 | 0 | -1 | 0 | 0 | >-1 | -3 | 1 | 128 ]
[ 128 | 2< | 0 | 0 | 0 | 0 | 0 | 0 | 0 | 0 | -1 | 0 | 0 | -1 | 0 | 0 | -1 | 0 | 0 | -1 | 0 | 0 | -1 | 0 | 0 | >-1 | -3 | 1 | 128 ]
[ 128 | 2< | 0 | 0 | 0 | 0 | 0 | 0 | 0 | 0 | -1 | 0 | 0 | -1 | 0 | 0 | -1 | 0 | 0 | -1 | 0 | 0 | -1 | 0 | 0 | -1 | >-3 | 1 | 128 ]
[ 128 | 1< | 0 | 0 | 0 | 0 | 0 | 0 | 0 | 0 | -1 | 0 | 0 | -1 | 0 | 0 | -1 | 0 | 0 | -1 | 0 | 0 | -1 | 0 | 0 | -1 | >-3 | 1 | 128 ]
[ 128 | 1< | 0 | 0 | 0 | 0 | 0 | 0 | 0 | 0 | -1 | 0 | 0 | -1 | 0 | 0 | -1 | 0 | 0 | -1 | 0 | 0 | -1 | 0 | 0 | -1 | >-3 | 1 | 128 ]
[ 128 | 0< | 0 | 0 | 0 | 0 | 0 | 0 | 0 | 0 | -1 | 0 | 0 | -1 | 0 | 0 | -1 | 0 | 0 | -1 | 0 | 0 | -1 | 0 | 0 | -1 | -3 | >1 | 128 ]
[ 128 | 0< | 0 | 0 | 0 | 0 | 0 | 0 | 0 | 0 | -1 | 0 | 0 | -1 | 0 | 0 | -1 | 0 | 0 | -1 | 0 | 0 | -1 | 0 | 0 | -1 | -3 | >0 | 128 ]
[ 128 | 0< | 0 | 0 | 0 | 0 | 0 | 0 | 0 | 0 | -1 | 0 | 0 | -1 | 0 | 0 | -1 | 0 | 0 | -1 | 0 | 0 | -1 | 0 | 0 | -1 | -3 | >-1 | 128 ]
[ 128< | 0 | 0 | 0 | 0 | 0 | 0 | 0 | 0 | 0 | -1 | 0 | 0 | -1 | 0 | 0 | -1 | 0 | 0 | -1 | 0 | 0 | -1 | 0 | 0 | -1 | -3 | >-2 | 128 ]
[ 128< | 0 | 0 | 0 | 0 | 0 | 0 | 0 | 0 | 0 | -1 | 0 | 0 | -1 | 0 | 0 | -1 | 0 | 0 | -1 | 0 | 0 | -1 | 0 | 0 | -1 | -3 | >-3 | 128 ]
[ -127< | 0 | 0 | 0 | 0 | 0 | 0 | 0 | 0 | 0 | -1 | 0 | 0 | -1 | 0 | 0 | -1 | 0 | 0 | -1 | 0 | 0 | -1 | 0 | 0 | -1 | -3 | >-4 | 128 ]
[ -126< | 0 | 0 | 0 | 0 | 0 | 0 | 0 | 0 | 0 | -1 | 0 | 0 | -1 | 0 | 0 | -1 | 0 | 0 | -1 | 0 | 0 | -1 | 0 | 0 | -1 | -3 | >-5 | 128 ]
[ -125< | 0 | 0 | 0 | 0 | 0 | 0 | 0 | 0 | 0 | -1 | 0 | 0 | -1 | 0 | 0 | -1 | 0 | 0 | -1 | 0 | 0 | -1 | 0 | 0 | -1 | -3 | >-6 | 128 ]
[ -125< | 0 | 0 | 0 | 0 | 0 | 0 | 0 | 0 | 0 | -1 | 0 | 0 | -1 | 0 | 0 | -1 | 0 | 0 | -1 | 0 | 0 | -1 | 0 | 0 | -1 | -3 | >-7 | 128 ]
[ -126< | 0 | 0 | 0 | 0 | 0 | 0 | 0 | 0 | 0 | -1 | 0 | 0 | -1 | 0 | 0 | -1 | 0 | 0 | -1 | 0 | 0 | -1 | 0 | 0 | -1 | -3 | >-8 | 128 ]
[ -126< | 0 | 0 | 0 | 0 | 0 | 0 | 0 | 0 | 0 | -1 | 0 | 0 | -1 | 0 | 0 | -1 | 0 | 0 | -1 | 0 | 0 | -1 | 0 | 0 | -1 | -3 | >-9 | 128 ]
[ -127< | 0 | 0 | 0 | 0 | 0 | 0 | 0 | 0 | 0 | -1 | 0 | 0 | -1 | 0 | 0 | -1 | 0 | 0 | -1 | 0 | 0 | -1 | 0 | 0 | -1 | -3 | >-9 | 128 ]
[ -127< | 0 | 0 | 0 | 0 | 0 | 0 | 0 | 0 | 0 | -1 | 0 | 0 | -1 | 0 | 0 | -1 | 0 | 0 | -1 | 0 | 0 | -1 | 0 | 0 | -1 | -3 | -9 | >128 ]
[ 128< | 0 | 0 | 0 | 0 | 0 | 0 | 0 | 0 | 0 | -1 | 0 | 0 | -1 | 0 | 0 | -1 | 0 | 0 | -1 | 0 | 0 | -1 | 0 | 0 | -1 | -3 | -9 | >127 ]
[ 128< | 0 | 0 | 0 | 0 | 0 | 0 | 0 | 0 | 0 | -1 | 0 | 0 | -1 | 0 | 0 | -1 | 0 | 0 | -1 | 0 | 0 | -1 | 0 | 0 | -1 | -3 | -9 | >126 ]
[ 127< | 0 | 0 | 0 | 0 | 0 | 0 | 0 | 0 | 0 | -1 | 0 | 0 | -1 | 0 | 0 | -1 | 0 | 0 | -1 | 0 | 0 | -1 | 0 | 0 | -1 | -3 | -9 | >125 ]
[ 127< | 0 | 0 | 0 | 0 | 0 | 0 | 0 | 0 | 0 | -1 | 0 | 0 | -1 | 0 | 0 | -1 | 0 | 0 | -1 | 0 | 0 | -1 | 0 | 0 | -1 | -3 | -9 | >124 ]
[ 126< | 0 | 0 | 0 | 0 | 0 | 0 | 0 | 0 | 0 | -1 | 0 | 0 | -1 | 0 | 0 | -1 | 0 | 0 | -1 | 0 | 0 | -1 | 0 | 0 | -1 | -3 | -9 | >123 ]
[ 126< | 0 | 0 | 0 | 0 | 0 | 0 | 0 | 0 | 0 | -1 | 0 | 0 | -1 | 0 | 0 | -1 | 0 | 0 | -1 | 0 | 0 | -1 | 0 | 0 | -1 | -3 | -9 | >122 ]
[ 125< | 0 | 0 | 0 | 0 | 0 | 0 | 0 | 0 | 0 | -1 | 0 | 0 | -1 | 0 | 0 | -1 | 0 | 0 | -1 | 0 | 0 | -1 | 0 | 0 | -1 | -3 | -9 | >121 ]
[ 125< | 0 | 0 | 0 | 0 | 0 | 0 | 0 | 0 | 0 | -1 | 0 | 0 | -1 | 0 | 0 | -1 | 0 | 0 | -1 | 0 | 0 | -1 | 0 | 0 | -1 | -3 | -9 | >120 ]
[ 124< | 0 | 0 | 0 | 0 | 0 | 0 | 0 | 0 | 0 | -1 | 0 | 0 | -1 | 0 | 0 | -1 | 0 | 0 | -1 | 0 | 0 | -1 | 0 | 0 | -1 | -3 | -9 | >119 ]
[ 124< | 0 | 0 | 0 | 0 | 0 | 0 | 0 | 0 | 0 | -1 | 0 | 0 | -1 | 0 | 0 | -1 | 0 | 0 | -1 | 0 | 0 | -1 | 0 | 0 | -1 | -3 | -9 | >118 ]
[ 123< | 0 | 0 | 0 | 0 | 0 | 0 | 0 | 0 | 0 | -1 | 0 | 0 | -1 | 0 | 0 | -1 | 0 | 0 | -1 | 0 | 0 | -1 | 0 | 0 | -1 | -3 | -9 | >118 ]
[ >123< | 0 | 0 | 0 | 0 | 0 | 0 | 0 | 0 | 0 | -1 | 0 | 0 | -1 | 0 | 0 | -1 | 0 | 0 | -1 | 0 | 0 | -1 | 0 | 0 | -1 | -3 | -9 | 118 ]

===== EvoBot1 won the battle after 109 cycles =====



===== Starting battle of <PrussianRoulette> vs <EvoBot1> with memory tape size: 16 =====

[ >128 | 0 | 0 | 0 | 0 | 0 | 0 | 0 | 0 | 0 | 0 | 0 | 0 | 0 | 0 | 128< ]
[ 128 | >0 | 0 | 0 | 0 | 0 | 0 | 0 | 0 | 0 | 0 | 0 | 0 | 0 | 0< | 128 ]
[ 128 | >1 | 0 | 0 | 0 | 0 | 0 | 0 | 0 | 0 | 0 | 0 | 0 | 0 | 1< | 128 ]
[ 128 | >2 | 0 | 0 | 0 | 0 | 0 | 0 | 0 | 0 | 0 | 0 | 0 | 0< | 1 | 128 ]
[ 128 | >3 | 0 | 0 | 0 | 0 | 0 | 0 | 0 | 0 | 0 | 0 | 0 | -1< | 1 | 128 ]
[ 128 | >4 | 0 | 0 | 0 | 0 | 0 | 0 | 0 | 0 | 0 | 0 | 0 | -2< | 1 | 128 ]
[ 128 | >5 | 0 | 0 | 0 | 0 | 0 | 0 | 0 | 0 | 0 | 0 | 0 | -3< | 1 | 128 ]
[ 128 | >4 | 0 | 0 | 0 | 0 | 0 | 0 | 0 | 0 | 0 | 0 | 0< | -3 | 1 | 128 ]
[ 128 | >4 | 0 | 0 | 0 | 0 | 0 | 0 | 0 | 0 | 0 | 0< | 0 | -3 | 1 | 128 ]
[ 128 | >4 | 0 | 0 | 0 | 0 | 0 | 0 | 0 | 0 | 0< | 0 | 0 | -3 | 1 | 128 ]
[ 128 | 4 | >0 | 0 | 0 | 0 | 0 | 0 | 0 | 0< | 0 | 0 | 0 | -3 | 1 | 128 ]
[ 128 | 4 | >0 | 0 | 0 | 0 | 0 | 0 | 0< | 0 | 0 | 0 | 0 | -3 | 1 | 128 ]
[ 128 | 4 | >0 | 0 | 0 | 0 | 0 | 0< | 0 | 0 | 0 | 0 | 0 | -3 | 1 | 128 ]
[ 128 | 4 | >0 | 0 | 0 | 0 | 0< | 0 | 0 | 0 | 0 | 0 | 0 | -3 | 1 | 128 ]
[ 128 | 4 | 0 | >0 | 0 | 0 | 0< | 0 | 0 | 0 | 0 | 0 | 0 | -3 | 1 | 128 ]
[ 128 | 4 | 0 | 0 | >0 | 0< | 0 | 0 | 0 | 0 | 0 | 0 | 0 | -3 | 1 | 128 ]
[ 128 | 4 | 0 | 0 | >-1 | 0< | 0 | 0 | 0 | 0 | 0 | 0 | 0 | -3 | 1 | 128 ]
[ 128 | 4 | 0 | 0 | >-1< | 0 | 0 | 0 | 0 | 0 | 0 | 0 | 0 | -3 | 1 | 128 ]
[ 128 | 4 | 0 | 0 | >-1< | 0 | 0 | 0 | 0 | 0 | 0 | 0 | 0 | -3 | 1 | 128 ]
[ 128 | 4 | 0 | 0 | 0< | >0 | 0 | 0 | 0 | 0 | 0 | 0 | 0 | -3 | 1 | 128 ]
[ 128 | 4 | 0 | 0 | 1< | >0 | 0 | 0 | 0 | 0 | 0 | 0 | 0 | -3 | 1 | 128 ]
[ 128 | 4 | 0 | 0 | 2< | >0 | 0 | 0 | 0 | 0 | 0 | 0 | 0 | -3 | 1 | 128 ]
[ 128 | 4 | 0 | 0 | 2< | >0 | 0 | 0 | 0 | 0 | 0 | 0 | 0 | -3 | 1 | 128 ]
[ 128 | 4 | 0 | 0 | 1< | 0 | >0 | 0 | 0 | 0 | 0 | 0 | 0 | -3 | 1 | 128 ]
[ 128 | 4 | 0 | 0 | 1< | 0 | 0 | >0 | 0 | 0 | 0 | 0 | 0 | -3 | 1 | 128 ]
[ 128 | 4 | 0 | 0 | 0< | 0 | 0 | >-1 | 0 | 0 | 0 | 0 | 0 | -3 | 1 | 128 ]
[ 128 | 4 | 0 | 0 | 0< | 0 | 0 | >-1 | 0 | 0 | 0 | 0 | 0 | -3 | 1 | 128 ]
[ 128 | 4 | 0 | 0 | 0< | 0 | 0 | >-1 | 0 | 0 | 0 | 0 | 0 | -3 | 1 | 128 ]
[ 128 | 4 | 0 | 0< | 0 | 0 | 0 | -1 | >0 | 0 | 0 | 0 | 0 | -3 | 1 | 128 ]
[ 128 | 4 | 0 | 0< | 0 | 0 | 0 | -1 | >0 | 0 | 0 | 0 | 0 | -3 | 1 | 128 ]
[ 128 | 4 | 0< | 0 | 0 | 0 | 0 | -1 | >0 | 0 | 0 | 0 | 0 | -3 | 1 | 128 ]
[ 128 | 4 | 0< | 0 | 0 | 0 | 0 | -1 | >0 | 0 | 0 | 0 | 0 | -3 | 1 | 128 ]
[ 128 | 4< | 0 | 0 | 0 | 0 | 0 | -1 | 0 | >0 | 0 | 0 | 0 | -3 | 1 | 128 ]
[ 128 | 4< | 0 | 0 | 0 | 0 | 0 | -1 | 0 | 0 | >0 | 0 | 0 | -3 | 1 | 128 ]
[ 128 | 5< | 0 | 0 | 0 | 0 | 0 | -1 | 0 | 0 | >-1 | 0 | 0 | -3 | 1 | 128 ]
[ 128 | 6< | 0 | 0 | 0 | 0 | 0 | -1 | 0 | 0 | >-1 | 0 | 0 | -3 | 1 | 128 ]
[ 128 | 7< | 0 | 0 | 0 | 0 | 0 | -1 | 0 | 0 | >-1 | 0 | 0 | -3 | 1 | 128 ]
[ 128 | 7< | 0 | 0 | 0 | 0 | 0 | -1 | 0 | 0 | -1 | >0 | 0 | -3 | 1 | 128 ]
[ 128 | 6< | 0 | 0 | 0 | 0 | 0 | -1 | 0 | 0 | -1 | >0 | 0 | -3 | 1 | 128 ]
[ 128 | 6< | 0 | 0 | 0 | 0 | 0 | -1 | 0 | 0 | -1 | >0 | 0 | -3 | 1 | 128 ]
[ 128 | 5< | 0 | 0 | 0 | 0 | 0 | -1 | 0 | 0 | -1 | >0 | 0 | -3 | 1 | 128 ]
[ 128 | 5< | 0 | 0 | 0 | 0 | 0 | -1 | 0 | 0 | -1 | 0 | >0 | -3 | 1 | 128 ]
[ 128 | 4< | 0 | 0 | 0 | 0 | 0 | -1 | 0 | 0 | -1 | 0 | 0 | >-3 | 1 | 128 ]
[ 128 | 4< | 0 | 0 | 0 | 0 | 0 | -1 | 0 | 0 | -1 | 0 | 0 | >-4 | 1 | 128 ]
[ 128 | 3< | 0 | 0 | 0 | 0 | 0 | -1 | 0 | 0 | -1 | 0 | 0 | >-4 | 1 | 128 ]
[ 128 | 3< | 0 | 0 | 0 | 0 | 0 | -1 | 0 | 0 | -1 | 0 | 0 | >-4 | 1 | 128 ]
[ 128 | 2< | 0 | 0 | 0 | 0 | 0 | -1 | 0 | 0 | -1 | 0 | 0 | -4 | >1 | 128 ]
[ 128 | 2< | 0 | 0 | 0 | 0 | 0 | -1 | 0 | 0 | -1 | 0 | 0 | -4 | >1 | 128 ]
[ 128 | 1< | 0 | 0 | 0 | 0 | 0 | -1 | 0 | 0 | -1 | 0 | 0 | -4 | >1 | 128 ]
[ 128 | 1< | 0 | 0 | 0 | 0 | 0 | -1 | 0 | 0 | -1 | 0 | 0 | -4 | 1 | >128 ]
[ 128 | 0< | 0 | 0 | 0 | 0 | 0 | -1 | 0 | 0 | -1 | 0 | 0 | -4 | 1 | >127 ]
[ 128 | 0< | 0 | 0 | 0 | 0 | 0 | -1 | 0 | 0 | -1 | 0 | 0 | -4 | 1 | >126 ]
[ 128 | 0< | 0 | 0 | 0 | 0 | 0 | -1 | 0 | 0 | -1 | 0 | 0 | -4 | 1 | >125 ]
[ 128< | 0 | 0 | 0 | 0 | 0 | 0 | -1 | 0 | 0 | -1 | 0 | 0 | -4 | 1 | >124 ]
[ 128< | 0 | 0 | 0 | 0 | 0 | 0 | -1 | 0 | 0 | -1 | 0 | 0 | -4 | 1 | >123 ]
[ -127< | 0 | 0 | 0 | 0 | 0 | 0 | -1 | 0 | 0 | -1 | 0 | 0 | -4 | 1 | >122 ]
[ -126< | 0 | 0 | 0 | 0 | 0 | 0 | -1 | 0 | 0 | -1 | 0 | 0 | -4 | 1 | >121 ]
[ -125< | 0 | 0 | 0 | 0 | 0 | 0 | -1 | 0 | 0 | -1 | 0 | 0 | -4 | 1 | >120 ]
[ -125< | 0 | 0 | 0 | 0 | 0 | 0 | -1 | 0 | 0 | -1 | 0 | 0 | -4 | 1 | >119 ]
[ -126< | 0 | 0 | 0 | 0 | 0 | 0 | -1 | 0 | 0 | -1 | 0 | 0 | -4 | 1 | >118 ]
[ -126< | 0 | 0 | 0 | 0 | 0 | 0 | -1 | 0 | 0 | -1 | 0 | 0 | -4 | 1 | >118 ]
[ >-127< | 0 | 0 | 0 | 0 | 0 | 0 | -1 | 0 | 0 | -1 | 0 | 0 | -4 | 1 | 118 ]

===== EvoBot1 won the battle after 61 cycles =====



===== PrussianRoulette.bf vs. EvoBot1.bf finished with 0:10 =====