===== Starting battle of <PrussianRoulette> vs <BurlyBalderV2> with memory tape size: 26 =====

[ >128 | 0 | 0 | 0 | 0 | 0 | 0 | 0 | 0 | 0 | 0 | 0 | 0 | 0 | 0 | 0 | 0 | 0 | 0 | 0 | 0 | 0 | 0 | 0 | 0 | 128< ]
[ 128 | >0 | 0 | 0 | 0 | 0 | 0 | 0 | 0 | 0 | 0 | 0 | 0 | 0 | 0 | 0 | 0 | 0 | 0 | 0 | 0 | 0 | 0 | 0 | 0< | 128 ]
[ 128 | >1 | 0 | 0 | 0 | 0 | 0 | 0 | 0 | 0 | 0 | 0 | 0 | 0 | 0 | 0 | 0 | 0 | 0 | 0 | 0 | 0 | 0 | 0 | -1< | 128 ]
[ 128 | >2 | 0 | 0 | 0 | 0 | 0 | 0 | 0 | 0 | 0 | 0 | 0 | 0 | 0 | 0 | 0 | 0 | 0 | 0 | 0 | 0 | 0 | 0 | -2< | 128 ]
[ 128 | >3 | 0 | 0 | 0 | 0 | 0 | 0 | 0 | 0 | 0 | 0 | 0 | 0 | 0 | 0 | 0 | 0 | 0 | 0 | 0 | 0 | 0 | 0 | -3< | 128 ]
[ 128 | >4 | 0 | 0 | 0 | 0 | 0 | 0 | 0 | 0 | 0 | 0 | 0 | 0 | 0 | 0 | 0 | 0 | 0 | 0 | 0 | 0 | 0 | 0 | -4< | 128 ]
[ 128 | >5 | 0 | 0 | 0 | 0 | 0 | 0 | 0 | 0 | 0 | 0 | 0 | 0 | 0 | 0 | 0 | 0 | 0 | 0 | 0 | 0 | 0 | 0 | -5< | 128 ]
[ 128 | >4 | 0 | 0 | 0 | 0 | 0 | 0 | 0 | 0 | 0 | 0 | 0 | 0 | 0 | 0 | 0 | 0 | 0 | 0 | 0 | 0 | 0 | 0 | -6< | 128 ]
[ 128 | >4 | 0 | 0 | 0 | 0 | 0 | 0 | 0 | 0 | 0 | 0 | 0 | 0 | 0 | 0 | 0 | 0 | 0 | 0 | 0 | 0 | 0 | 0 | -7< | 128 ]
[ 128 | >4 | 0 | 0 | 0 | 0 | 0 | 0 | 0 | 0 | 0 | 0 | 0 | 0 | 0 | 0 | 0 | 0 | 0 | 0 | 0 | 0 | 0 | 0 | -8< | 128 ]
[ 128 | 4 | >0 | 0 | 0 | 0 | 0 | 0 | 0 | 0 | 0 | 0 | 0 | 0 | 0 | 0 | 0 | 0 | 0 | 0 | 0 | 0 | 0 | 0 | -9< | 128 ]
[ 128 | 4 | >0 | 0 | 0 | 0 | 0 | 0 | 0 | 0 | 0 | 0 | 0 | 0 | 0 | 0 | 0 | 0 | 0 | 0 | 0 | 0 | 0 | 0 | -10< | 128 ]
[ 128 | 4 | >0 | 0 | 0 | 0 | 0 | 0 | 0 | 0 | 0 | 0 | 0 | 0 | 0 | 0 | 0 | 0 | 0 | 0 | 0 | 0 | 0 | 0 | -11< | 128 ]
[ 128 | 4 | >0 | 0 | 0 | 0 | 0 | 0 | 0 | 0 | 0 | 0 | 0 | 0 | 0 | 0 | 0 | 0 | 0 | 0 | 0 | 0 | 0 | 0 | -12< | 128 ]
[ 128 | 4 | 0 | >0 | 0 | 0 | 0 | 0 | 0 | 0 | 0 | 0 | 0 | 0 | 0 | 0 | 0 | 0 | 0 | 0 | 0 | 0 | 0 | 0 | -13< | 128 ]
[ 128 | 4 | 0 | 0 | >0 | 0 | 0 | 0 | 0 | 0 | 0 | 0 | 0 | 0 | 0 | 0 | 0 | 0 | 0 | 0 | 0 | 0 | 0 | 0 | -14< | 128 ]
[ 128 | 4 | 0 | 0 | >-1 | 0 | 0 | 0 | 0 | 0 | 0 | 0 | 0 | 0 | 0 | 0 | 0 | 0 | 0 | 0 | 0 | 0 | 0 | 0 | -15< | 128 ]
[ 128 | 4 | 0 | 0 | >-1 | 0 | 0 | 0 | 0 | 0 | 0 | 0 | 0 | 0 | 0 | 0 | 0 | 0 | 0 | 0 | 0 | 0 | 0 | 0 | -16< | 128 ]
[ 128 | 4 | 0 | 0 | >-1 | 0 | 0 | 0 | 0 | 0 | 0 | 0 | 0 | 0 | 0 | 0 | 0 | 0 | 0 | 0 | 0 | 0 | 0 | 0 | -17< | 128 ]
[ 128 | 4 | 0 | 0 | -1 | >0 | 0 | 0 | 0 | 0 | 0 | 0 | 0 | 0 | 0 | 0 | 0 | 0 | 0 | 0 | 0 | 0 | 0 | 0< | -17 | 128 ]
[ 128 | 4 | 0 | 0 | -1 | >0 | 0 | 0 | 0 | 0 | 0 | 0 | 0 | 0 | 0 | 0 | 0 | 0 | 0 | 0 | 0 | 0 | 0 | -1< | -17 | 128 ]
[ 128 | 4 | 0 | 0 | -1 | >0 | 0 | 0 | 0 | 0 | 0 | 0 | 0 | 0 | 0 | 0 | 0 | 0 | 0 | 0 | 0 | 0 | 0 | -2< | -17 | 128 ]
[ 128 | 4 | 0 | 0 | -1 | >0 | 0 | 0 | 0 | 0 | 0 | 0 | 0 | 0 | 0 | 0 | 0 | 0 | 0 | 0 | 0 | 0 | 0 | -3< | -17 | 128 ]
[ 128 | 4 | 0 | 0 | -1 | 0 | >0 | 0 | 0 | 0 | 0 | 0 | 0 | 0 | 0 | 0 | 0 | 0 | 0 | 0 | 0 | 0 | 0 | -4< | -17 | 128 ]
[ 128 | 4 | 0 | 0 | -1 | 0 | 0 | >0 | 0 | 0 | 0 | 0 | 0 | 0 | 0 | 0 | 0 | 0 | 0 | 0 | 0 | 0 | 0 | -5< | -17 | 128 ]
[ 128 | 4 | 0 | 0 | -1 | 0 | 0 | >-1 | 0 | 0 | 0 | 0 | 0 | 0 | 0 | 0 | 0 | 0 | 0 | 0 | 0 | 0 | 0 | -6< | -17 | 128 ]
[ 128 | 4 | 0 | 0 | -1 | 0 | 0 | >-1 | 0 | 0 | 0 | 0 | 0 | 0 | 0 | 0 | 0 | 0 | 0 | 0 | 0 | 0 | 0 | -7< | -17 | 128 ]
[ 128 | 4 | 0 | 0 | -1 | 0 | 0 | >-1 | 0 | 0 | 0 | 0 | 0 | 0 | 0 | 0 | 0 | 0 | 0 | 0 | 0 | 0 | 0 | -8< | -17 | 128 ]
[ 128 | 4 | 0 | 0 | -1 | 0 | 0 | -1 | >0 | 0 | 0 | 0 | 0 | 0 | 0 | 0 | 0 | 0 | 0 | 0 | 0 | 0 | 0 | -9< | -17 | 128 ]
[ 128 | 4 | 0 | 0 | -1 | 0 | 0 | -1 | >0 | 0 | 0 | 0 | 0 | 0 | 0 | 0 | 0 | 0 | 0 | 0 | 0 | 0 | 0 | -10< | -17 | 128 ]
[ 128 | 4 | 0 | 0 | -1 | 0 | 0 | -1 | >0 | 0 | 0 | 0 | 0 | 0 | 0 | 0 | 0 | 0 | 0 | 0 | 0 | 0 | 0 | -11< | -17 | 128 ]
[ 128 | 4 | 0 | 0 | -1 | 0 | 0 | -1 | >0 | 0 | 0 | 0 | 0 | 0 | 0 | 0 | 0 | 0 | 0 | 0 | 0 | 0 | 0 | -12< | -17 | 128 ]
[ 128 | 4 | 0 | 0 | -1 | 0 | 0 | -1 | 0 | >0 | 0 | 0 | 0 | 0 | 0 | 0 | 0 | 0 | 0 | 0 | 0 | 0 | 0 | -13< | -17 | 128 ]
[ 128 | 4 | 0 | 0 | -1 | 0 | 0 | -1 | 0 | 0 | >0 | 0 | 0 | 0 | 0 | 0 | 0 | 0 | 0 | 0 | 0 | 0 | 0 | -14< | -17 | 128 ]
[ 128 | 4 | 0 | 0 | -1 | 0 | 0 | -1 | 0 | 0 | >-1 | 0 | 0 | 0 | 0 | 0 | 0 | 0 | 0 | 0 | 0 | 0 | 0 | -15< | -17 | 128 ]
[ 128 | 4 | 0 | 0 | -1 | 0 | 0 | -1 | 0 | 0 | >-1 | 0 | 0 | 0 | 0 | 0 | 0 | 0 | 0 | 0 | 0 | 0 | 0 | -16< | -17 | 128 ]
[ 128 | 4 | 0 | 0 | -1 | 0 | 0 | -1 | 0 | 0 | >-1 | 0 | 0 | 0 | 0 | 0 | 0 | 0 | 0 | 0 | 0 | 0 | 0 | -17< | -17 | 128 ]
[ 128 | 4 | 0 | 0 | -1 | 0 | 0 | -1 | 0 | 0 | -1 | >0 | 0 | 0 | 0 | 0 | 0 | 0 | 0 | 0 | 0 | 0 | 0< | -17 | -17 | 128 ]
[ 128 | 4 | 0 | 0 | -1 | 0 | 0 | -1 | 0 | 0 | -1 | >0 | 0 | 0 | 0 | 0 | 0 | 0 | 0 | 0 | 0 | 0< | 0 | -17 | -17 | 128 ]
[ 128 | 4 | 0 | 0 | -1 | 0 | 0 | -1 | 0 | 0 | -1 | >0 | 0 | 0 | 0 | 0 | 0 | 0 | 0 | 0 | 0< | 0 | 0 | -17 | -17 | 128 ]
[ 128 | 4 | 0 | 0 | -1 | 0 | 0 | -1 | 0 | 0 | -1 | >0 | 0 | 0 | 0 | 0 | 0 | 0 | 0 | 0< | 0 | 0 | 0 | -17 | -17 | 128 ]
[ 128 | 4 | 0 | 0 | -1 | 0 | 0 | -1 | 0 | 0 | -1 | 0 | >0 | 0 | 0 | 0 | 0 | 0 | 0< | 0 | 0 | 0 | 0 | -17 | -17 | 128 ]
[ 128 | 4 | 0 | 0 | -1 | 0 | 0 | -1 | 0 | 0 | -1 | 0 | 0 | >0 | 0 | 0 | 0 | 0< | 0 | 0 | 0 | 0 | 0 | -17 | -17 | 128 ]
[ 128 | 4 | 0 | 0 | -1 | 0 | 0 | -1 | 0 | 0 | -1 | 0 | 0 | >-1 | 0 | 0 | 0< | 0 | 0 | 0 | 0 | 0 | 0 | -17 | -17 | 128 ]
[ 128 | 4 | 0 | 0 | -1 | 0 | 0 | -1 | 0 | 0 | -1 | 0 | 0 | >-1 | 0 | 0 | 0< | 0 | 0 | 0 | 0 | 0 | 0 | -17 | -17 | 128 ]
[ 128 | 4 | 0 | 0 | -1 | 0 | 0 | -1 | 0 | 0 | -1 | 0 | 0 | >-1 | 0 | 0 | 1< | 0 | 0 | 0 | 0 | 0 | 0 | -17 | -17 | 128 ]
[ 128 | 4 | 0 | 0 | -1 | 0 | 0 | -1 | 0 | 0 | -1 | 0 | 0 | -1 | >0 | 0 | 1< | 0 | 0 | 0 | 0 | 0 | 0 | -17 | -17 | 128 ]
[ 128 | 4 | 0 | 0 | -1 | 0 | 0 | -1 | 0 | 0 | -1 | 0 | 0 | -1 | >0 | 0< | 1 | 0 | 0 | 0 | 0 | 0 | 0 | -17 | -17 | 128 ]
[ 128 | 4 | 0 | 0 | -1 | 0 | 0 | -1 | 0 | 0 | -1 | 0 | 0 | -1 | >0 | 0< | 1 | 0 | 0 | 0 | 0 | 0 | 0 | -17 | -17 | 128 ]
[ 128 | 4 | 0 | 0 | -1 | 0 | 0 | -1 | 0 | 0 | -1 | 0 | 0 | -1 | >0 | -1< | 1 | 0 | 0 | 0 | 0 | 0 | 0 | -17 | -17 | 128 ]
[ 128 | 4 | 0 | 0 | -1 | 0 | 0 | -1 | 0 | 0 | -1 | 0 | 0 | -1 | 0 | >-2< | 1 | 0 | 0 | 0 | 0 | 0 | 0 | -17 | -17 | 128 ]
[ 128 | 4 | 0 | 0 | -1 | 0 | 0 | -1 | 0 | 0 | -1 | 0 | 0 | -1 | 0 | -2< | >1 | 0 | 0 | 0 | 0 | 0 | 0 | -17 | -17 | 128 ]
[ 128 | 4 | 0 | 0 | -1 | 0 | 0 | -1 | 0 | 0 | -1 | 0 | 0 | -1 | 0< | -2 | >0 | 0 | 0 | 0 | 0 | 0 | 0 | -17 | -17 | 128 ]
[ 128 | 4 | 0 | 0 | -1 | 0 | 0 | -1 | 0 | 0 | -1 | 0 | 0 | -1 | 0< | -2 | >0 | 0 | 0 | 0 | 0 | 0 | 0 | -17 | -17 | 128 ]
[ 128 | 4 | 0 | 0 | -1 | 0 | 0 | -1 | 0 | 0 | -1 | 0 | 0 | -1 | -1< | -2 | >0 | 0 | 0 | 0 | 0 | 0 | 0 | -17 | -17 | 128 ]
[ 128 | 4 | 0 | 0 | -1 | 0 | 0 | -1 | 0 | 0 | -1 | 0 | 0 | -1 | -2< | -2 | 0 | >0 | 0 | 0 | 0 | 0 | 0 | -17 | -17 | 128 ]
[ 128 | 4 | 0 | 0 | -1 | 0 | 0 | -1 | 0 | 0 | -1 | 0 | 0 | -1 | -2< | -2 | 0 | 0 | >0 | 0 | 0 | 0 | 0 | -17 | -17 | 128 ]
[ 128 | 4 | 0 | 0 | -1 | 0 | 0 | -1 | 0 | 0 | -1 | 0 | 0 | -1< | -2 | -2 | 0 | 0 | >-1 | 0 | 0 | 0 | 0 | -17 | -17 | 128 ]
[ 128 | 4 | 0 | 0 | -1 | 0 | 0 | -1 | 0 | 0 | -1 | 0 | 0 | -1< | -2 | -2 | 0 | 0 | >-1 | 0 | 0 | 0 | 0 | -17 | -17 | 128 ]
[ 128 | 4 | 0 | 0 | -1 | 0 | 0 | -1 | 0 | 0 | -1 | 0 | 0 | 0< | -2 | -2 | 0 | 0 | >-1 | 0 | 0 | 0 | 0 | -17 | -17 | 128 ]
[ 128 | 4 | 0 | 0 | -1 | 0 | 0 | -1 | 0 | 0 | -1 | 0 | 0 | 0< | -2 | -2 | 0 | 0 | -1 | >0 | 0 | 0 | 0 | -17 | -17 | 128 ]
[ 128 | 4 | 0 | 0 | -1 | 0 | 0 | -1 | 0 | 0 | -1 | 0 | 0 | 0< | -2 | -2 | 0 | 0 | -1 | >0 | 0 | 0 | 0 | -17 | -17 | 128 ]
[ 128 | 4 | 0 | 0 | -1 | 0 | 0 | -1 | 0 | 0 | -1 | 0 | 0 | -1< | -2 | -2 | 0 | 0 | -1 | >0 | 0 | 0 | 0 | -17 | -17 | 128 ]
[ 128 | 4 | 0 | 0 | -1 | 0 | 0 | -1 | 0 | 0 | -1 | 0 | 0 | -2< | -2 | -2 | 0 | 0 | -1 | >0 | 0 | 0 | 0 | -17 | -17 | 128 ]
[ 128 | 4 | 0 | 0 | -1 | 0 | 0 | -1 | 0 | 0 | -1 | 0 | 0 | -2< | -2 | -2 | 0 | 0 | -1 | 0 | >0 | 0 | 0 | -17 | -17 | 128 ]
[ 128 | 4 | 0 | 0 | -1 | 0 | 0 | -1 | 0 | 0 | -1 | 0 | 0< | -2 | -2 | -2 | 0 | 0 | -1 | 0 | 0 | >0 | 0 | -17 | -17 | 128 ]
[ 128 | 4 | 0 | 0 | -1 | 0 | 0 | -1 | 0 | 0 | -1 | 0 | 0< | -2 | -2 | -2 | 0 | 0 | -1 | 0 | 0 | >-1 | 0 | -17 | -17 | 128 ]
[ 128 | 4 | 0 | 0 | -1 | 0 | 0 | -1 | 0 | 0 | -1 | 0 | -1< | -2 | -2 | -2 | 0 | 0 | -1 | 0 | 0 | >-1 | 0 | -17 | -17 | 128 ]
[ 128 | 4 | 0 | 0 | -1 | 0 | 0 | -1 | 0 | 0 | -1 | 0 | -2< | -2 | -2 | -2 | 0 | 0 | -1 | 0 | 0 | >-1 | 0 | -17 | -17 | 128 ]
[ 128 | 4 | 0 | 0 | -1 | 0 | 0 | -1 | 0 | 0 | -1 | 0 | -2< | -2 | -2 | -2 | 0 | 0 | -1 | 0 | 0 | -1 | >0 | -17 | -17 | 128 ]
[ 128 | 4 | 0 | 0 | -1 | 0 | 0 | -1 | 0 | 0 | -1 | 0< | -2 | -2 | -2 | -2 | 0 | 0 | -1 | 0 | 0 | -1 | >0 | -17 | -17 | 128 ]
[ 128 | 4 | 0 | 0 | -1 | 0 | 0 | -1 | 0 | 0 | -1 | 0< | -2 | -2 | -2 | -2 | 0 | 0 | -1 | 0 | 0 | -1 | >0 | -17 | -17 | 128 ]
[ 128 | 4 | 0 | 0 | -1 | 0 | 0 | -1 | 0 | 0 | -1 | -1< | -2 | -2 | -2 | -2 | 0 | 0 | -1 | 0 | 0 | -1 | >0 | -17 | -17 | 128 ]
[ 128 | 4 | 0 | 0 | -1 | 0 | 0 | -1 | 0 | 0 | -1 | -2< | -2 | -2 | -2 | -2 | 0 | 0 | -1 | 0 | 0 | -1 | 0 | >-17 | -17 | 128 ]
[ 128 | 4 | 0 | 0 | -1 | 0 | 0 | -1 | 0 | 0 | -1 | -2< | -2 | -2 | -2 | -2 | 0 | 0 | -1 | 0 | 0 | -1 | 0 | -17 | >-17 | 128 ]
[ 128 | 4 | 0 | 0 | -1 | 0 | 0 | -1 | 0 | 0 | -1< | -2 | -2 | -2 | -2 | -2 | 0 | 0 | -1 | 0 | 0 | -1 | 0 | -17 | >-18 | 128 ]
[ 128 | 4 | 0 | 0 | -1 | 0 | 0 | -1 | 0 | 0 | -1< | -2 | -2 | -2 | -2 | -2 | 0 | 0 | -1 | 0 | 0 | -1 | 0 | -17 | >-18 | 128 ]
[ 128 | 4 | 0 | 0 | -1 | 0 | 0 | -1 | 0 | 0 | 0< | -2 | -2 | -2 | -2 | -2 | 0 | 0 | -1 | 0 | 0 | -1 | 0 | -17 | >-18 | 128 ]
[ 128 | 4 | 0 | 0 | -1 | 0 | 0 | -1 | 0 | 0 | 0< | -2 | -2 | -2 | -2 | -2 | 0 | 0 | -1 | 0 | 0 | -1 | 0 | -17 | -18 | >128 ]
[ 128 | 4 | 0 | 0 | -1 | 0 | 0 | -1 | 0 | 0 | 0< | -2 | -2 | -2 | -2 | -2 | 0 | 0 | -1 | 0 | 0 | -1 | 0 | -17 | -18 | >128 ]
[ 128 | 4 | 0 | 0 | -1 | 0 | 0 | -1 | 0 | 0 | -1< | -2 | -2 | -2 | -2 | -2 | 0 | 0 | -1 | 0 | 0 | -1 | 0 | -17 | -18 | >128 ]
[ >128 | 4 | 0 | 0 | -1 | 0 | 0 | -1 | 0 | 0 | -2< | -2 | -2 | -2 | -2 | -2 | 0 | 0 | -1 | 0 | 0 | -1 | 0 | -17 | -18 | 128 ]

===== BurlyBalderV2 won the battle after 81 cycles =====



===== Starting battle of <PrussianRoulette> vs <BurlyBalderV2> with memory tape size: 11 =====

[ >128 | 0 | 0 | 0 | 0 | 0 | 0 | 0 | 0 | 0 | 128< ]
[ 128 | >0 | 0 | 0 | 0 | 0 | 0 | 0 | 0 | 0< | 128 ]
[ 128 | >1 | 0 | 0 | 0 | 0 | 0 | 0 | 0 | -1< | 128 ]
[ 128 | >2 | 0 | 0 | 0 | 0 | 0 | 0 | 0 | -2< | 128 ]
[ 128 | >3 | 0 | 0 | 0 | 0 | 0 | 0 | 0 | -3< | 128 ]
[ 128 | >4 | 0 | 0 | 0 | 0 | 0 | 0 | 0 | -4< | 128 ]
[ 128 | >5 | 0 | 0 | 0 | 0 | 0 | 0 | 0 | -5< | 128 ]
[ 128 | >4 | 0 | 0 | 0 | 0 | 0 | 0 | 0 | -6< | 128 ]
[ 128 | >4 | 0 | 0 | 0 | 0 | 0 | 0 | 0 | -7< | 128 ]
[ 128 | >4 | 0 | 0 | 0 | 0 | 0 | 0 | 0 | -8< | 128 ]
[ 128 | 4 | >0 | 0 | 0 | 0 | 0 | 0 | 0 | -9< | 128 ]
[ 128 | 4 | >0 | 0 | 0 | 0 | 0 | 0 | 0 | -10< | 128 ]
[ 128 | 4 | >0 | 0 | 0 | 0 | 0 | 0 | 0 | -11< | 128 ]
[ 128 | 4 | >0 | 0 | 0 | 0 | 0 | 0 | 0 | -12< | 128 ]
[ 128 | 4 | 0 | >0 | 0 | 0 | 0 | 0 | 0 | -13< | 128 ]
[ 128 | 4 | 0 | 0 | >0 | 0 | 0 | 0 | 0 | -14< | 128 ]
[ 128 | 4 | 0 | 0 | >-1 | 0 | 0 | 0 | 0 | -15< | 128 ]
[ 128 | 4 | 0 | 0 | >-1 | 0 | 0 | 0 | 0 | -16< | 128 ]
[ 128 | 4 | 0 | 0 | >-1 | 0 | 0 | 0 | 0 | -17< | 128 ]
[ 128 | 4 | 0 | 0 | -1 | >0 | 0 | 0 | 0< | -17 | 128 ]
[ 128 | 4 | 0 | 0 | -1 | >0 | 0 | 0 | -1< | -17 | 128 ]
[ 128 | 4 | 0 | 0 | -1 | >0 | 0 | 0 | -2< | -17 | 128 ]
[ 128 | 4 | 0 | 0 | -1 | >0 | 0 | 0 | -3< | -17 | 128 ]
[ 128 | 4 | 0 | 0 | -1 | 0 | >0 | 0 | -4< | -17 | 128 ]
[ 128 | 4 | 0 | 0 | -1 | 0 | 0 | >0 | -5< | -17 | 128 ]
[ 128 | 4 | 0 | 0 | -1 | 0 | 0 | >-1 | -6< | -17 | 128 ]
[ 128 | 4 | 0 | 0 | -1 | 0 | 0 | >-1 | -7< | -17 | 128 ]
[ 128 | 4 | 0 | 0 | -1 | 0 | 0 | >-1 | -8< | -17 | 128 ]
[ 128 | 4 | 0 | 0 | -1 | 0 | 0 | -1 | >-9< | -17 | 128 ]
[ 128 | 4 | 0 | 0 | -1 | 0 | 0 | -1 | >-10< | -17 | 128 ]
[ 128 | 4 | 0 | 0 | -1 | 0 | 0 | -1 | >-11< | -17 | 128 ]
[ 128 | 4 | 0 | 0 | -1 | 0 | 0 | -1 | -12< | >-17 | 128 ]
[ 128 | 4 | 0 | 0 | -1 | 0 | 0 | -1 | -13< | >-18 | 128 ]
[ 128 | 4 | 0 | 0 | -1 | 0 | 0 | -1 | -14< | >-19 | 128 ]
[ 128 | 4 | 0 | 0 | -1 | 0 | 0 | -1 | -15< | >-20 | 128 ]
[ 128 | 4 | 0 | 0 | -1 | 0 | 0 | -1 | -16< | >-21 | 128 ]
[ 128 | 4 | 0 | 0 | -1 | 0 | 0 | -1 | -17< | >-22 | 128 ]
[ 128 | 4 | 0 | 0 | -1 | 0 | 0 | -1< | -17 | >-23 | 128 ]
[ 128 | 4 | 0 | 0 | -1 | 0 | 0< | -1 | -17 | >-24 | 128 ]
[ 128 | 4 | 0 | 0 | -1 | 0< | 0 | -1 | -17 | >-25 | 128 ]
[ 128 | 4 | 0 | 0 | -1< | 0 | 0 | -1 | -17 | >-26 | 128 ]
[ 128 | 4 | 0 | 0< | -1 | 0 | 0 | -1 | -17 | >-27 | 128 ]
[ 128 | 4 | 0< | 0 | -1 | 0 | 0 | -1 | -17 | >-27 | 128 ]
[ 128 | 4< | 0 | 0 | -1 | 0 | 0 | -1 | -17 | -27 | >128 ]
[ 128 | 4< | 0 | 0 | -1 | 0 | 0 | -1 | -17 | -27 | >127 ]
[ 128 | 5< | 0 | 0 | -1 | 0 | 0 | -1 | -17 | -27 | >126 ]
[ 128 | 5< | 0 | 0 | -1 | 0 | 0 | -1 | -17 | -27 | >125 ]
[ 128 | 6< | 0 | 0 | -1 | 0 | 0 | -1 | -17 | -27 | >124 ]
[ 128 | 6< | 0 | 0 | -1 | 0 | 0 | -1 | -17 | -27 | >123 ]
[ 128 | 7< | 0 | 0 | -1 | 0 | 0 | -1 | -17 | -27 | >122 ]
[ 128 | 7< | 0 | 0 | -1 | 0 | 0 | -1 | -17 | -27 | >121 ]
[ 128 | 8< | 0 | 0 | -1 | 0 | 0 | -1 | -17 | -27 | >120 ]
[ 128 | 8< | 0 | 0 | -1 | 0 | 0 | -1 | -17 | -27 | >119 ]
[ 128 | 9< | 0 | 0 | -1 | 0 | 0 | -1 | -17 | -27 | >118 ]
[ 128 | 9< | 0 | 0 | -1 | 0 | 0 | -1 | -17 | -27 | >118 ]
[ >128 | 10< | 0 | 0 | -1 | 0 | 0 | -1 | -17 | -27 | 118 ]

===== BurlyBalderV2 won the battle after 55 cycles =====



===== Starting battle of <PrussianRoulette> vs <BurlyBalderV2> with memory tape size: 15 =====

[ >128 | 0 | 0 | 0 | 0 | 0 | 0 | 0 | 0 | 0 | 0 | 0 | 0 | 0 | 128< ]
[ 128 | >0 | 0 | 0 | 0 | 0 | 0 | 0 | 0 | 0 | 0 | 0 | 0 | 0< | 128 ]
[ 128 | >1 | 0 | 0 | 0 | 0 | 0 | 0 | 0 | 0 | 0 | 0 | 0 | -1< | 128 ]
[ 128 | >2 | 0 | 0 | 0 | 0 | 0 | 0 | 0 | 0 | 0 | 0 | 0 | -2< | 128 ]
[ 128 | >3 | 0 | 0 | 0 | 0 | 0 | 0 | 0 | 0 | 0 | 0 | 0 | -3< | 128 ]
[ 128 | >4 | 0 | 0 | 0 | 0 | 0 | 0 | 0 | 0 | 0 | 0 | 0 | -4< | 128 ]
[ 128 | >5 | 0 | 0 | 0 | 0 | 0 | 0 | 0 | 0 | 0 | 0 | 0 | -5< | 128 ]
[ 128 | >4 | 0 | 0 | 0 | 0 | 0 | 0 | 0 | 0 | 0 | 0 | 0 | -6< | 128 ]
[ 128 | >4 | 0 | 0 | 0 | 0 | 0 | 0 | 0 | 0 | 0 | 0 | 0 | -7< | 128 ]
[ 128 | >4 | 0 | 0 | 0 | 0 | 0 | 0 | 0 | 0 | 0 | 0 | 0 | -8< | 128 ]
[ 128 | 4 | >0 | 0 | 0 | 0 | 0 | 0 | 0 | 0 | 0 | 0 | 0 | -9< | 128 ]
[ 128 | 4 | >0 | 0 | 0 | 0 | 0 | 0 | 0 | 0 | 0 | 0 | 0 | -10< | 128 ]
[ 128 | 4 | >0 | 0 | 0 | 0 | 0 | 0 | 0 | 0 | 0 | 0 | 0 | -11< | 128 ]
[ 128 | 4 | >0 | 0 | 0 | 0 | 0 | 0 | 0 | 0 | 0 | 0 | 0 | -12< | 128 ]
[ 128 | 4 | 0 | >0 | 0 | 0 | 0 | 0 | 0 | 0 | 0 | 0 | 0 | -13< | 128 ]
[ 128 | 4 | 0 | 0 | >0 | 0 | 0 | 0 | 0 | 0 | 0 | 0 | 0 | -14< | 128 ]
[ 128 | 4 | 0 | 0 | >-1 | 0 | 0 | 0 | 0 | 0 | 0 | 0 | 0 | -15< | 128 ]
[ 128 | 4 | 0 | 0 | >-1 | 0 | 0 | 0 | 0 | 0 | 0 | 0 | 0 | -16< | 128 ]
[ 128 | 4 | 0 | 0 | >-1 | 0 | 0 | 0 | 0 | 0 | 0 | 0 | 0 | -17< | 128 ]
[ 128 | 4 | 0 | 0 | -1 | >0 | 0 | 0 | 0 | 0 | 0 | 0 | 0< | -17 | 128 ]
[ 128 | 4 | 0 | 0 | -1 | >0 | 0 | 0 | 0 | 0 | 0 | 0 | -1< | -17 | 128 ]
[ 128 | 4 | 0 | 0 | -1 | >0 | 0 | 0 | 0 | 0 | 0 | 0 | -2< | -17 | 128 ]
[ 128 | 4 | 0 | 0 | -1 | >0 | 0 | 0 | 0 | 0 | 0 | 0 | -3< | -17 | 128 ]
[ 128 | 4 | 0 | 0 | -1 | 0 | >0 | 0 | 0 | 0 | 0 | 0 | -4< | -17 | 128 ]
[ 128 | 4 | 0 | 0 | -1 | 0 | 0 | >0 | 0 | 0 | 0 | 0 | -5< | -17 | 128 ]
[ 128 | 4 | 0 | 0 | -1 | 0 | 0 | >-1 | 0 | 0 | 0 | 0 | -6< | -17 | 128 ]
[ 128 | 4 | 0 | 0 | -1 | 0 | 0 | >-1 | 0 | 0 | 0 | 0 | -7< | -17 | 128 ]
[ 128 | 4 | 0 | 0 | -1 | 0 | 0 | >-1 | 0 | 0 | 0 | 0 | -8< | -17 | 128 ]
[ 128 | 4 | 0 | 0 | -1 | 0 | 0 | -1 | >0 | 0 | 0 | 0 | -9< | -17 | 128 ]
[ 128 | 4 | 0 | 0 | -1 | 0 | 0 | -1 | >0 | 0 | 0 | 0 | -10< | -17 | 128 ]
[ 128 | 4 | 0 | 0 | -1 | 0 | 0 | -1 | >0 | 0 | 0 | 0 | -11< | -17 | 128 ]
[ 128 | 4 | 0 | 0 | -1 | 0 | 0 | -1 | >0 | 0 | 0 | 0 | -12< | -17 | 128 ]
[ 128 | 4 | 0 | 0 | -1 | 0 | 0 | -1 | 0 | >0 | 0 | 0 | -13< | -17 | 128 ]
[ 128 | 4 | 0 | 0 | -1 | 0 | 0 | -1 | 0 | 0 | >0 | 0 | -14< | -17 | 128 ]
[ 128 | 4 | 0 | 0 | -1 | 0 | 0 | -1 | 0 | 0 | >-1 | 0 | -15< | -17 | 128 ]
[ 128 | 4 | 0 | 0 | -1 | 0 | 0 | -1 | 0 | 0 | >-1 | 0 | -16< | -17 | 128 ]
[ 128 | 4 | 0 | 0 | -1 | 0 | 0 | -1 | 0 | 0 | >-1 | 0 | -17< | -17 | 128 ]
[ 128 | 4 | 0 | 0 | -1 | 0 | 0 | -1 | 0 | 0 | -1 | >0< | -17 | -17 | 128 ]
[ 128 | 4 | 0 | 0 | -1 | 0 | 0 | -1 | 0 | 0 | -1< | >0 | -17 | -17 | 128 ]
[ 128 | 4 | 0 | 0 | -1 | 0 | 0 | -1 | 0 | 0< | -1 | >0 | -17 | -17 | 128 ]
[ 128 | 4 | 0 | 0 | -1 | 0 | 0 | -1 | 0< | 0 | -1 | >0 | -17 | -17 | 128 ]
[ 128 | 4 | 0 | 0 | -1 | 0 | 0 | -1< | 0 | 0 | -1 | 0 | >-17 | -17 | 128 ]
[ 128 | 4 | 0 | 0 | -1 | 0 | 0< | -1 | 0 | 0 | -1 | 0 | -17 | >-17 | 128 ]
[ 128 | 4 | 0 | 0 | -1 | 0< | 0 | -1 | 0 | 0 | -1 | 0 | -17 | >-18 | 128 ]
[ 128 | 4 | 0 | 0 | -1 | 0< | 0 | -1 | 0 | 0 | -1 | 0 | -17 | >-18 | 128 ]
[ 128 | 4 | 0 | 0 | -1 | 1< | 0 | -1 | 0 | 0 | -1 | 0 | -17 | >-18 | 128 ]
[ 128 | 4 | 0 | 0 | -1 | 1< | 0 | -1 | 0 | 0 | -1 | 0 | -17 | -18 | >128 ]
[ 128 | 4 | 0 | 0 | -1< | 1 | 0 | -1 | 0 | 0 | -1 | 0 | -17 | -18 | >128 ]
[ 128 | 4 | 0 | 0 | -1< | 1 | 0 | -1 | 0 | 0 | -1 | 0 | -17 | -18 | >128 ]
[ >128 | 4 | 0 | 0 | 0< | 1 | 0 | -1 | 0 | 0 | -1 | 0 | -17 | -18 | 128 ]

===== BurlyBalderV2 won the battle after 49 cycles =====



===== Starting battle of <PrussianRoulette> vs <BurlyBalderV2> with memory tape size: 12 =====

[ >128 | 0 | 0 | 0 | 0 | 0 | 0 | 0 | 0 | 0 | 0 | 128< ]
[ 128 | >0 | 0 | 0 | 0 | 0 | 0 | 0 | 0 | 0 | 0< | 128 ]
[ 128 | >1 | 0 | 0 | 0 | 0 | 0 | 0 | 0 | 0 | -1< | 128 ]
[ 128 | >2 | 0 | 0 | 0 | 0 | 0 | 0 | 0 | 0 | -2< | 128 ]
[ 128 | >3 | 0 | 0 | 0 | 0 | 0 | 0 | 0 | 0 | -3< | 128 ]
[ 128 | >4 | 0 | 0 | 0 | 0 | 0 | 0 | 0 | 0 | -4< | 128 ]
[ 128 | >5 | 0 | 0 | 0 | 0 | 0 | 0 | 0 | 0 | -5< | 128 ]
[ 128 | >4 | 0 | 0 | 0 | 0 | 0 | 0 | 0 | 0 | -6< | 128 ]
[ 128 | >4 | 0 | 0 | 0 | 0 | 0 | 0 | 0 | 0 | -7< | 128 ]
[ 128 | >4 | 0 | 0 | 0 | 0 | 0 | 0 | 0 | 0 | -8< | 128 ]
[ 128 | 4 | >0 | 0 | 0 | 0 | 0 | 0 | 0 | 0 | -9< | 128 ]
[ 128 | 4 | >0 | 0 | 0 | 0 | 0 | 0 | 0 | 0 | -10< | 128 ]
[ 128 | 4 | >0 | 0 | 0 | 0 | 0 | 0 | 0 | 0 | -11< | 128 ]
[ 128 | 4 | >0 | 0 | 0 | 0 | 0 | 0 | 0 | 0 | -12< | 128 ]
[ 128 | 4 | 0 | >0 | 0 | 0 | 0 | 0 | 0 | 0 | -13< | 128 ]
[ 128 | 4 | 0 | 0 | >0 | 0 | 0 | 0 | 0 | 0 | -14< | 128 ]
[ 128 | 4 | 0 | 0 | >-1 | 0 | 0 | 0 | 0 | 0 | -15< | 128 ]
[ 128 | 4 | 0 | 0 | >-1 | 0 | 0 | 0 | 0 | 0 | -16< | 128 ]
[ 128 | 4 | 0 | 0 | >-1 | 0 | 0 | 0 | 0 | 0 | -17< | 128 ]
[ 128 | 4 | 0 | 0 | -1 | >0 | 0 | 0 | 0 | 0< | -17 | 128 ]
[ 128 | 4 | 0 | 0 | -1 | >0 | 0 | 0 | 0 | -1< | -17 | 128 ]
[ 128 | 4 | 0 | 0 | -1 | >0 | 0 | 0 | 0 | -2< | -17 | 128 ]
[ 128 | 4 | 0 | 0 | -1 | >0 | 0 | 0 | 0 | -3< | -17 | 128 ]
[ 128 | 4 | 0 | 0 | -1 | 0 | >0 | 0 | 0 | -4< | -17 | 128 ]
[ 128 | 4 | 0 | 0 | -1 | 0 | 0 | >0 | 0 | -5< | -17 | 128 ]
[ 128 | 4 | 0 | 0 | -1 | 0 | 0 | >-1 | 0 | -6< | -17 | 128 ]
[ 128 | 4 | 0 | 0 | -1 | 0 | 0 | >-1 | 0 | -7< | -17 | 128 ]
[ 128 | 4 | 0 | 0 | -1 | 0 | 0 | >-1 | 0 | -8< | -17 | 128 ]
[ 128 | 4 | 0 | 0 | -1 | 0 | 0 | -1 | >0 | -9< | -17 | 128 ]
[ 128 | 4 | 0 | 0 | -1 | 0 | 0 | -1 | >0 | -10< | -17 | 128 ]
[ 128 | 4 | 0 | 0 | -1 | 0 | 0 | -1 | >0 | -11< | -17 | 128 ]
[ 128 | 4 | 0 | 0 | -1 | 0 | 0 | -1 | >0 | -12< | -17 | 128 ]
[ 128 | 4 | 0 | 0 | -1 | 0 | 0 | -1 | 0 | >-13< | -17 | 128 ]
[ 128 | 4 | 0 | 0 | -1 | 0 | 0 | -1 | 0 | -14< | >-17 | 128 ]
[ 128 | 4 | 0 | 0 | -1 | 0 | 0 | -1 | 0 | -15< | >-18 | 128 ]
[ 128 | 4 | 0 | 0 | -1 | 0 | 0 | -1 | 0 | -16< | >-18 | 128 ]
[ 128 | 4 | 0 | 0 | -1 | 0 | 0 | -1 | 0 | -17< | >-18 | 128 ]
[ 128 | 4 | 0 | 0 | -1 | 0 | 0 | -1 | 0< | -17 | -18 | >128 ]
[ 128 | 4 | 0 | 0 | -1 | 0 | 0 | -1< | 0 | -17 | -18 | >128 ]
[ 128 | 4 | 0 | 0 | -1 | 0 | 0< | -1 | 0 | -17 | -18 | >128 ]
[ >128 | 4 | 0 | 0 | -1 | 0< | 0 | -1 | 0 | -17 | -18 | 128 ]

===== BurlyBalderV2 won the battle after 40 cycles =====



===== Starting battle of <PrussianRoulette> vs <BurlyBalderV2> with memory tape size: 15 =====

[ >128 | 0 | 0 | 0 | 0 | 0 | 0 | 0 | 0 | 0 | 0 | 0 | 0 | 0 | 128< ]
[ 128 | >0 | 0 | 0 | 0 | 0 | 0 | 0 | 0 | 0 | 0 | 0 | 0 | 0< | 128 ]
[ 128 | >1 | 0 | 0 | 0 | 0 | 0 | 0 | 0 | 0 | 0 | 0 | 0 | -1< | 128 ]
[ 128 | >2 | 0 | 0 | 0 | 0 | 0 | 0 | 0 | 0 | 0 | 0 | 0 | -2< | 128 ]
[ 128 | >3 | 0 | 0 | 0 | 0 | 0 | 0 | 0 | 0 | 0 | 0 | 0 | -3< | 128 ]
[ 128 | >4 | 0 | 0 | 0 | 0 | 0 | 0 | 0 | 0 | 0 | 0 | 0 | -4< | 128 ]
[ 128 | >5 | 0 | 0 | 0 | 0 | 0 | 0 | 0 | 0 | 0 | 0 | 0 | -5< | 128 ]
[ 128 | >4 | 0 | 0 | 0 | 0 | 0 | 0 | 0 | 0 | 0 | 0 | 0 | -6< | 128 ]
[ 128 | >4 | 0 | 0 | 0 | 0 | 0 | 0 | 0 | 0 | 0 | 0 | 0 | -7< | 128 ]
[ 128 | >4 | 0 | 0 | 0 | 0 | 0 | 0 | 0 | 0 | 0 | 0 | 0 | -8< | 128 ]
[ 128 | 4 | >0 | 0 | 0 | 0 | 0 | 0 | 0 | 0 | 0 | 0 | 0 | -9< | 128 ]
[ 128 | 4 | >0 | 0 | 0 | 0 | 0 | 0 | 0 | 0 | 0 | 0 | 0 | -10< | 128 ]
[ 128 | 4 | >0 | 0 | 0 | 0 | 0 | 0 | 0 | 0 | 0 | 0 | 0 | -11< | 128 ]
[ 128 | 4 | >0 | 0 | 0 | 0 | 0 | 0 | 0 | 0 | 0 | 0 | 0 | -12< | 128 ]
[ 128 | 4 | 0 | >0 | 0 | 0 | 0 | 0 | 0 | 0 | 0 | 0 | 0 | -13< | 128 ]
[ 128 | 4 | 0 | 0 | >0 | 0 | 0 | 0 | 0 | 0 | 0 | 0 | 0 | -14< | 128 ]
[ 128 | 4 | 0 | 0 | >-1 | 0 | 0 | 0 | 0 | 0 | 0 | 0 | 0 | -15< | 128 ]
[ 128 | 4 | 0 | 0 | >-1 | 0 | 0 | 0 | 0 | 0 | 0 | 0 | 0 | -16< | 128 ]
[ 128 | 4 | 0 | 0 | >-1 | 0 | 0 | 0 | 0 | 0 | 0 | 0 | 0 | -17< | 128 ]
[ 128 | 4 | 0 | 0 | -1 | >0 | 0 | 0 | 0 | 0 | 0 | 0 | 0< | -17 | 128 ]
[ 128 | 4 | 0 | 0 | -1 | >0 | 0 | 0 | 0 | 0 | 0 | 0 | -1< | -17 | 128 ]
[ 128 | 4 | 0 | 0 | -1 | >0 | 0 | 0 | 0 | 0 | 0 | 0 | -2< | -17 | 128 ]
[ 128 | 4 | 0 | 0 | -1 | >0 | 0 | 0 | 0 | 0 | 0 | 0 | -3< | -17 | 128 ]
[ 128 | 4 | 0 | 0 | -1 | 0 | >0 | 0 | 0 | 0 | 0 | 0 | -4< | -17 | 128 ]
[ 128 | 4 | 0 | 0 | -1 | 0 | 0 | >0 | 0 | 0 | 0 | 0 | -5< | -17 | 128 ]
[ 128 | 4 | 0 | 0 | -1 | 0 | 0 | >-1 | 0 | 0 | 0 | 0 | -6< | -17 | 128 ]
[ 128 | 4 | 0 | 0 | -1 | 0 | 0 | >-1 | 0 | 0 | 0 | 0 | -7< | -17 | 128 ]
[ 128 | 4 | 0 | 0 | -1 | 0 | 0 | >-1 | 0 | 0 | 0 | 0 | -8< | -17 | 128 ]
[ 128 | 4 | 0 | 0 | -1 | 0 | 0 | -1 | >0 | 0 | 0 | 0 | -9< | -17 | 128 ]
[ 128 | 4 | 0 | 0 | -1 | 0 | 0 | -1 | >0 | 0 | 0 | 0 | -10< | -17 | 128 ]
[ 128 | 4 | 0 | 0 | -1 | 0 | 0 | -1 | >0 | 0 | 0 | 0 | -11< | -17 | 128 ]
[ 128 | 4 | 0 | 0 | -1 | 0 | 0 | -1 | >0 | 0 | 0 | 0 | -12< | -17 | 128 ]
[ 128 | 4 | 0 | 0 | -1 | 0 | 0 | -1 | 0 | >0 | 0 | 0 | -13< | -17 | 128 ]
[ 128 | 4 | 0 | 0 | -1 | 0 | 0 | -1 | 0 | 0 | >0 | 0 | -14< | -17 | 128 ]
[ 128 | 4 | 0 | 0 | -1 | 0 | 0 | -1 | 0 | 0 | >-1 | 0 | -15< | -17 | 128 ]
[ 128 | 4 | 0 | 0 | -1 | 0 | 0 | -1 | 0 | 0 | >-1 | 0 | -16< | -17 | 128 ]
[ 128 | 4 | 0 | 0 | -1 | 0 | 0 | -1 | 0 | 0 | >-1 | 0 | -17< | -17 | 128 ]
[ 128 | 4 | 0 | 0 | -1 | 0 | 0 | -1 | 0 | 0 | -1 | >0< | -17 | -17 | 128 ]
[ 128 | 4 | 0 | 0 | -1 | 0 | 0 | -1 | 0 | 0 | -1< | >0 | -17 | -17 | 128 ]
[ 128 | 4 | 0 | 0 | -1 | 0 | 0 | -1 | 0 | 0< | -1 | >0 | -17 | -17 | 128 ]
[ 128 | 4 | 0 | 0 | -1 | 0 | 0 | -1 | 0< | 0 | -1 | >0 | -17 | -17 | 128 ]
[ 128 | 4 | 0 | 0 | -1 | 0 | 0 | -1< | 0 | 0 | -1 | 0 | >-17 | -17 | 128 ]
[ 128 | 4 | 0 | 0 | -1 | 0 | 0< | -1 | 0 | 0 | -1 | 0 | -17 | >-17 | 128 ]
[ 128 | 4 | 0 | 0 | -1 | 0< | 0 | -1 | 0 | 0 | -1 | 0 | -17 | >-18 | 128 ]
[ 128 | 4 | 0 | 0 | -1 | 0< | 0 | -1 | 0 | 0 | -1 | 0 | -17 | >-18 | 128 ]
[ 128 | 4 | 0 | 0 | -1 | 1< | 0 | -1 | 0 | 0 | -1 | 0 | -17 | >-18 | 128 ]
[ 128 | 4 | 0 | 0 | -1 | 1< | 0 | -1 | 0 | 0 | -1 | 0 | -17 | -18 | >128 ]
[ 128 | 4 | 0 | 0 | -1< | 1 | 0 | -1 | 0 | 0 | -1 | 0 | -17 | -18 | >128 ]
[ 128 | 4 | 0 | 0 | -1< | 1 | 0 | -1 | 0 | 0 | -1 | 0 | -17 | -18 | >128 ]
[ >128 | 4 | 0 | 0 | 0< | 1 | 0 | -1 | 0 | 0 | -1 | 0 | -17 | -18 | 128 ]

===== BurlyBalderV2 won the battle after 49 cycles =====



===== Starting battle of <PrussianRoulette> vs <BurlyBalderV2> with memory tape size: 15 =====

[ >128 | 0 | 0 | 0 | 0 | 0 | 0 | 0 | 0 | 0 | 0 | 0 | 0 | 0 | 128< ]
[ 128 | >0 | 0 | 0 | 0 | 0 | 0 | 0 | 0 | 0 | 0 | 0 | 0 | 0< | 128 ]
[ 128 | >1 | 0 | 0 | 0 | 0 | 0 | 0 | 0 | 0 | 0 | 0 | 0 | -1< | 128 ]
[ 128 | >2 | 0 | 0 | 0 | 0 | 0 | 0 | 0 | 0 | 0 | 0 | 0 | -2< | 128 ]
[ 128 | >3 | 0 | 0 | 0 | 0 | 0 | 0 | 0 | 0 | 0 | 0 | 0 | -3< | 128 ]
[ 128 | >4 | 0 | 0 | 0 | 0 | 0 | 0 | 0 | 0 | 0 | 0 | 0 | -4< | 128 ]
[ 128 | >5 | 0 | 0 | 0 | 0 | 0 | 0 | 0 | 0 | 0 | 0 | 0 | -5< | 128 ]
[ 128 | >4 | 0 | 0 | 0 | 0 | 0 | 0 | 0 | 0 | 0 | 0 | 0 | -6< | 128 ]
[ 128 | >4 | 0 | 0 | 0 | 0 | 0 | 0 | 0 | 0 | 0 | 0 | 0 | -7< | 128 ]
[ 128 | >4 | 0 | 0 | 0 | 0 | 0 | 0 | 0 | 0 | 0 | 0 | 0 | -8< | 128 ]
[ 128 | 4 | >0 | 0 | 0 | 0 | 0 | 0 | 0 | 0 | 0 | 0 | 0 | -9< | 128 ]
[ 128 | 4 | >0 | 0 | 0 | 0 | 0 | 0 | 0 | 0 | 0 | 0 | 0 | -10< | 128 ]
[ 128 | 4 | >0 | 0 | 0 | 0 | 0 | 0 | 0 | 0 | 0 | 0 | 0 | -11< | 128 ]
[ 128 | 4 | >0 | 0 | 0 | 0 | 0 | 0 | 0 | 0 | 0 | 0 | 0 | -12< | 128 ]
[ 128 | 4 | 0 | >0 | 0 | 0 | 0 | 0 | 0 | 0 | 0 | 0 | 0 | -13< | 128 ]
[ 128 | 4 | 0 | 0 | >0 | 0 | 0 | 0 | 0 | 0 | 0 | 0 | 0 | -14< | 128 ]
[ 128 | 4 | 0 | 0 | >-1 | 0 | 0 | 0 | 0 | 0 | 0 | 0 | 0 | -15< | 128 ]
[ 128 | 4 | 0 | 0 | >-1 | 0 | 0 | 0 | 0 | 0 | 0 | 0 | 0 | -16< | 128 ]
[ 128 | 4 | 0 | 0 | >-1 | 0 | 0 | 0 | 0 | 0 | 0 | 0 | 0 | -17< | 128 ]
[ 128 | 4 | 0 | 0 | -1 | >0 | 0 | 0 | 0 | 0 | 0 | 0 | 0< | -17 | 128 ]
[ 128 | 4 | 0 | 0 | -1 | >0 | 0 | 0 | 0 | 0 | 0 | 0 | -1< | -17 | 128 ]
[ 128 | 4 | 0 | 0 | -1 | >0 | 0 | 0 | 0 | 0 | 0 | 0 | -2< | -17 | 128 ]
[ 128 | 4 | 0 | 0 | -1 | >0 | 0 | 0 | 0 | 0 | 0 | 0 | -3< | -17 | 128 ]
[ 128 | 4 | 0 | 0 | -1 | 0 | >0 | 0 | 0 | 0 | 0 | 0 | -4< | -17 | 128 ]
[ 128 | 4 | 0 | 0 | -1 | 0 | 0 | >0 | 0 | 0 | 0 | 0 | -5< | -17 | 128 ]
[ 128 | 4 | 0 | 0 | -1 | 0 | 0 | >-1 | 0 | 0 | 0 | 0 | -6< | -17 | 128 ]
[ 128 | 4 | 0 | 0 | -1 | 0 | 0 | >-1 | 0 | 0 | 0 | 0 | -7< | -17 | 128 ]
[ 128 | 4 | 0 | 0 | -1 | 0 | 0 | >-1 | 0 | 0 | 0 | 0 | -8< | -17 | 128 ]
[ 128 | 4 | 0 | 0 | -1 | 0 | 0 | -1 | >0 | 0 | 0 | 0 | -9< | -17 | 128 ]
[ 128 | 4 | 0 | 0 | -1 | 0 | 0 | -1 | >0 | 0 | 0 | 0 | -10< | -17 | 128 ]
[ 128 | 4 | 0 | 0 | -1 | 0 | 0 | -1 | >0 | 0 | 0 | 0 | -11< | -17 | 128 ]
[ 128 | 4 | 0 | 0 | -1 | 0 | 0 | -1 | >0 | 0 | 0 | 0 | -12< | -17 | 128 ]
[ 128 | 4 | 0 | 0 | -1 | 0 | 0 | -1 | 0 | >0 | 0 | 0 | -13< | -17 | 128 ]
[ 128 | 4 | 0 | 0 | -1 | 0 | 0 | -1 | 0 | 0 | >0 | 0 | -14< | -17 | 128 ]
[ 128 | 4 | 0 | 0 | -1 | 0 | 0 | -1 | 0 | 0 | >-1 | 0 | -15< | -17 | 128 ]
[ 128 | 4 | 0 | 0 | -1 | 0 | 0 | -1 | 0 | 0 | >-1 | 0 | -16< | -17 | 128 ]
[ 128 | 4 | 0 | 0 | -1 | 0 | 0 | -1 | 0 | 0 | >-1 | 0 | -17< | -17 | 128 ]
[ 128 | 4 | 0 | 0 | -1 | 0 | 0 | -1 | 0 | 0 | -1 | >0< | -17 | -17 | 128 ]
[ 128 | 4 | 0 | 0 | -1 | 0 | 0 | -1 | 0 | 0 | -1< | >0 | -17 | -17 | 128 ]
[ 128 | 4 | 0 | 0 | -1 | 0 | 0 | -1 | 0 | 0< | -1 | >0 | -17 | -17 | 128 ]
[ 128 | 4 | 0 | 0 | -1 | 0 | 0 | -1 | 0< | 0 | -1 | >0 | -17 | -17 | 128 ]
[ 128 | 4 | 0 | 0 | -1 | 0 | 0 | -1< | 0 | 0 | -1 | 0 | >-17 | -17 | 128 ]
[ 128 | 4 | 0 | 0 | -1 | 0 | 0< | -1 | 0 | 0 | -1 | 0 | -17 | >-17 | 128 ]
[ 128 | 4 | 0 | 0 | -1 | 0< | 0 | -1 | 0 | 0 | -1 | 0 | -17 | >-18 | 128 ]
[ 128 | 4 | 0 | 0 | -1 | 0< | 0 | -1 | 0 | 0 | -1 | 0 | -17 | >-18 | 128 ]
[ 128 | 4 | 0 | 0 | -1 | 1< | 0 | -1 | 0 | 0 | -1 | 0 | -17 | >-18 | 128 ]
[ 128 | 4 | 0 | 0 | -1 | 1< | 0 | -1 | 0 | 0 | -1 | 0 | -17 | -18 | >128 ]
[ 128 | 4 | 0 | 0 | -1< | 1 | 0 | -1 | 0 | 0 | -1 | 0 | -17 | -18 | >128 ]
[ 128 | 4 | 0 | 0 | -1< | 1 | 0 | -1 | 0 | 0 | -1 | 0 | -17 | -18 | >128 ]
[ >128 | 4 | 0 | 0 | 0< | 1 | 0 | -1 | 0 | 0 | -1 | 0 | -17 | -18 | 128 ]

===== BurlyBalderV2 won the battle after 49 cycles =====



===== Starting battle of <PrussianRoulette> vs <BurlyBalderV2> with memory tape size: 17 =====

[ >128 | 0 | 0 | 0 | 0 | 0 | 0 | 0 | 0 | 0 | 0 | 0 | 0 | 0 | 0 | 0 | 128< ]
[ 128 | >0 | 0 | 0 | 0 | 0 | 0 | 0 | 0 | 0 | 0 | 0 | 0 | 0 | 0 | 0< | 128 ]
[ 128 | >1 | 0 | 0 | 0 | 0 | 0 | 0 | 0 | 0 | 0 | 0 | 0 | 0 | 0 | -1< | 128 ]
[ 128 | >2 | 0 | 0 | 0 | 0 | 0 | 0 | 0 | 0 | 0 | 0 | 0 | 0 | 0 | -2< | 128 ]
[ 128 | >3 | 0 | 0 | 0 | 0 | 0 | 0 | 0 | 0 | 0 | 0 | 0 | 0 | 0 | -3< | 128 ]
[ 128 | >4 | 0 | 0 | 0 | 0 | 0 | 0 | 0 | 0 | 0 | 0 | 0 | 0 | 0 | -4< | 128 ]
[ 128 | >5 | 0 | 0 | 0 | 0 | 0 | 0 | 0 | 0 | 0 | 0 | 0 | 0 | 0 | -5< | 128 ]
[ 128 | >4 | 0 | 0 | 0 | 0 | 0 | 0 | 0 | 0 | 0 | 0 | 0 | 0 | 0 | -6< | 128 ]
[ 128 | >4 | 0 | 0 | 0 | 0 | 0 | 0 | 0 | 0 | 0 | 0 | 0 | 0 | 0 | -7< | 128 ]
[ 128 | >4 | 0 | 0 | 0 | 0 | 0 | 0 | 0 | 0 | 0 | 0 | 0 | 0 | 0 | -8< | 128 ]
[ 128 | 4 | >0 | 0 | 0 | 0 | 0 | 0 | 0 | 0 | 0 | 0 | 0 | 0 | 0 | -9< | 128 ]
[ 128 | 4 | >0 | 0 | 0 | 0 | 0 | 0 | 0 | 0 | 0 | 0 | 0 | 0 | 0 | -10< | 128 ]
[ 128 | 4 | >0 | 0 | 0 | 0 | 0 | 0 | 0 | 0 | 0 | 0 | 0 | 0 | 0 | -11< | 128 ]
[ 128 | 4 | >0 | 0 | 0 | 0 | 0 | 0 | 0 | 0 | 0 | 0 | 0 | 0 | 0 | -12< | 128 ]
[ 128 | 4 | 0 | >0 | 0 | 0 | 0 | 0 | 0 | 0 | 0 | 0 | 0 | 0 | 0 | -13< | 128 ]
[ 128 | 4 | 0 | 0 | >0 | 0 | 0 | 0 | 0 | 0 | 0 | 0 | 0 | 0 | 0 | -14< | 128 ]
[ 128 | 4 | 0 | 0 | >-1 | 0 | 0 | 0 | 0 | 0 | 0 | 0 | 0 | 0 | 0 | -15< | 128 ]
[ 128 | 4 | 0 | 0 | >-1 | 0 | 0 | 0 | 0 | 0 | 0 | 0 | 0 | 0 | 0 | -16< | 128 ]
[ 128 | 4 | 0 | 0 | >-1 | 0 | 0 | 0 | 0 | 0 | 0 | 0 | 0 | 0 | 0 | -17< | 128 ]
[ 128 | 4 | 0 | 0 | -1 | >0 | 0 | 0 | 0 | 0 | 0 | 0 | 0 | 0 | 0< | -17 | 128 ]
[ 128 | 4 | 0 | 0 | -1 | >0 | 0 | 0 | 0 | 0 | 0 | 0 | 0 | 0 | -1< | -17 | 128 ]
[ 128 | 4 | 0 | 0 | -1 | >0 | 0 | 0 | 0 | 0 | 0 | 0 | 0 | 0 | -2< | -17 | 128 ]
[ 128 | 4 | 0 | 0 | -1 | >0 | 0 | 0 | 0 | 0 | 0 | 0 | 0 | 0 | -3< | -17 | 128 ]
[ 128 | 4 | 0 | 0 | -1 | 0 | >0 | 0 | 0 | 0 | 0 | 0 | 0 | 0 | -4< | -17 | 128 ]
[ 128 | 4 | 0 | 0 | -1 | 0 | 0 | >0 | 0 | 0 | 0 | 0 | 0 | 0 | -5< | -17 | 128 ]
[ 128 | 4 | 0 | 0 | -1 | 0 | 0 | >-1 | 0 | 0 | 0 | 0 | 0 | 0 | -6< | -17 | 128 ]
[ 128 | 4 | 0 | 0 | -1 | 0 | 0 | >-1 | 0 | 0 | 0 | 0 | 0 | 0 | -7< | -17 | 128 ]
[ 128 | 4 | 0 | 0 | -1 | 0 | 0 | >-1 | 0 | 0 | 0 | 0 | 0 | 0 | -8< | -17 | 128 ]
[ 128 | 4 | 0 | 0 | -1 | 0 | 0 | -1 | >0 | 0 | 0 | 0 | 0 | 0 | -9< | -17 | 128 ]
[ 128 | 4 | 0 | 0 | -1 | 0 | 0 | -1 | >0 | 0 | 0 | 0 | 0 | 0 | -10< | -17 | 128 ]
[ 128 | 4 | 0 | 0 | -1 | 0 | 0 | -1 | >0 | 0 | 0 | 0 | 0 | 0 | -11< | -17 | 128 ]
[ 128 | 4 | 0 | 0 | -1 | 0 | 0 | -1 | >0 | 0 | 0 | 0 | 0 | 0 | -12< | -17 | 128 ]
[ 128 | 4 | 0 | 0 | -1 | 0 | 0 | -1 | 0 | >0 | 0 | 0 | 0 | 0 | -13< | -17 | 128 ]
[ 128 | 4 | 0 | 0 | -1 | 0 | 0 | -1 | 0 | 0 | >0 | 0 | 0 | 0 | -14< | -17 | 128 ]
[ 128 | 4 | 0 | 0 | -1 | 0 | 0 | -1 | 0 | 0 | >-1 | 0 | 0 | 0 | -15< | -17 | 128 ]
[ 128 | 4 | 0 | 0 | -1 | 0 | 0 | -1 | 0 | 0 | >-1 | 0 | 0 | 0 | -16< | -17 | 128 ]
[ 128 | 4 | 0 | 0 | -1 | 0 | 0 | -1 | 0 | 0 | >-1 | 0 | 0 | 0 | -17< | -17 | 128 ]
[ 128 | 4 | 0 | 0 | -1 | 0 | 0 | -1 | 0 | 0 | -1 | >0 | 0 | 0< | -17 | -17 | 128 ]
[ 128 | 4 | 0 | 0 | -1 | 0 | 0 | -1 | 0 | 0 | -1 | >0 | 0< | 0 | -17 | -17 | 128 ]
[ 128 | 4 | 0 | 0 | -1 | 0 | 0 | -1 | 0 | 0 | -1 | >0< | 0 | 0 | -17 | -17 | 128 ]
[ 128 | 4 | 0 | 0 | -1 | 0 | 0 | -1 | 0 | 0 | -1< | >0 | 0 | 0 | -17 | -17 | 128 ]
[ 128 | 4 | 0 | 0 | -1 | 0 | 0 | -1 | 0 | 0< | -1 | 0 | >0 | 0 | -17 | -17 | 128 ]
[ 128 | 4 | 0 | 0 | -1 | 0 | 0 | -1 | 0< | 0 | -1 | 0 | 0 | >0 | -17 | -17 | 128 ]
[ 128 | 4 | 0 | 0 | -1 | 0 | 0 | -1< | 0 | 0 | -1 | 0 | 0 | >-1 | -17 | -17 | 128 ]
[ 128 | 4 | 0 | 0 | -1 | 0 | 0 | -1< | 0 | 0 | -1 | 0 | 0 | >-1 | -17 | -17 | 128 ]
[ 128 | 4 | 0 | 0 | -1 | 0 | 0 | 0< | 0 | 0 | -1 | 0 | 0 | >-1 | -17 | -17 | 128 ]
[ 128 | 4 | 0 | 0 | -1 | 0 | 0 | 0< | 0 | 0 | -1 | 0 | 0 | -1 | >-17 | -17 | 128 ]
[ 128 | 4 | 0 | 0 | -1 | 0 | 0 | 0< | 0 | 0 | -1 | 0 | 0 | -1 | >-17 | -17 | 128 ]
[ 128 | 4 | 0 | 0 | -1 | 0 | 0 | 1< | 0 | 0 | -1 | 0 | 0 | -1 | >-17 | -17 | 128 ]
[ 128 | 4 | 0 | 0 | -1 | 0 | 0 | 1< | 0 | 0 | -1 | 0 | 0 | -1 | -17 | >-17 | 128 ]
[ 128 | 4 | 0 | 0 | -1 | 0 | 0< | 1 | 0 | 0 | -1 | 0 | 0 | -1 | -17 | >-18 | 128 ]
[ 128 | 4 | 0 | 0 | -1 | 0 | 0< | 1 | 0 | 0 | -1 | 0 | 0 | -1 | -17 | >-19 | 128 ]
[ 128 | 4 | 0 | 0 | -1 | 0 | -1< | 1 | 0 | 0 | -1 | 0 | 0 | -1 | -17 | >-20 | 128 ]
[ 128 | 4 | 0 | 0 | -1 | 0 | -2< | 1 | 0 | 0 | -1 | 0 | 0 | -1 | -17 | >-21 | 128 ]
[ 128 | 4 | 0 | 0 | -1 | 0 | -2< | 1 | 0 | 0 | -1 | 0 | 0 | -1 | -17 | >-22 | 128 ]
[ 128 | 4 | 0 | 0 | -1 | 0< | -2 | 1 | 0 | 0 | -1 | 0 | 0 | -1 | -17 | >-23 | 128 ]
[ 128 | 4 | 0 | 0 | -1 | 0< | -2 | 1 | 0 | 0 | -1 | 0 | 0 | -1 | -17 | >-24 | 128 ]
[ 128 | 4 | 0 | 0 | -1 | -1< | -2 | 1 | 0 | 0 | -1 | 0 | 0 | -1 | -17 | >-25 | 128 ]
[ 128 | 4 | 0 | 0 | -1 | -2< | -2 | 1 | 0 | 0 | -1 | 0 | 0 | -1 | -17 | >-26 | 128 ]
[ 128 | 4 | 0 | 0 | -1 | -2< | -2 | 1 | 0 | 0 | -1 | 0 | 0 | -1 | -17 | >-27 | 128 ]
[ 128 | 4 | 0 | 0 | -1< | -2 | -2 | 1 | 0 | 0 | -1 | 0 | 0 | -1 | -17 | >-27 | 128 ]
[ 128 | 4 | 0 | 0 | -1< | -2 | -2 | 1 | 0 | 0 | -1 | 0 | 0 | -1 | -17 | -27 | >128 ]
[ 128 | 4 | 0 | 0 | 0< | -2 | -2 | 1 | 0 | 0 | -1 | 0 | 0 | -1 | -17 | -27 | >127 ]
[ 128 | 4 | 0 | 0 | 0< | -2 | -2 | 1 | 0 | 0 | -1 | 0 | 0 | -1 | -17 | -27 | >126 ]
[ 128 | 4 | 0 | 0 | 0< | -2 | -2 | 1 | 0 | 0 | -1 | 0 | 0 | -1 | -17 | -27 | >125 ]
[ 128 | 4 | 0 | 0 | -1< | -2 | -2 | 1 | 0 | 0 | -1 | 0 | 0 | -1 | -17 | -27 | >124 ]
[ 128 | 4 | 0 | 0 | -2< | -2 | -2 | 1 | 0 | 0 | -1 | 0 | 0 | -1 | -17 | -27 | >123 ]
[ 128 | 4 | 0 | 0 | -2< | -2 | -2 | 1 | 0 | 0 | -1 | 0 | 0 | -1 | -17 | -27 | >122 ]
[ 128 | 4 | 0 | 0< | -2 | -2 | -2 | 1 | 0 | 0 | -1 | 0 | 0 | -1 | -17 | -27 | >121 ]
[ 128 | 4 | 0 | 0< | -2 | -2 | -2 | 1 | 0 | 0 | -1 | 0 | 0 | -1 | -17 | -27 | >120 ]
[ 128 | 4 | 0 | -1< | -2 | -2 | -2 | 1 | 0 | 0 | -1 | 0 | 0 | -1 | -17 | -27 | >119 ]
[ 128 | 4 | 0 | -2< | -2 | -2 | -2 | 1 | 0 | 0 | -1 | 0 | 0 | -1 | -17 | -27 | >118 ]
[ 128 | 4 | 0 | -2< | -2 | -2 | -2 | 1 | 0 | 0 | -1 | 0 | 0 | -1 | -17 | -27 | >118 ]
[ >128 | 4 | 0< | -2 | -2 | -2 | -2 | 1 | 0 | 0 | -1 | 0 | 0 | -1 | -17 | -27 | 118 ]

===== BurlyBalderV2 won the battle after 73 cycles =====



===== Starting battle of <PrussianRoulette> vs <BurlyBalderV2> with memory tape size: 10 =====

[ >128 | 0 | 0 | 0 | 0 | 0 | 0 | 0 | 0 | 128< ]
[ 128 | >0 | 0 | 0 | 0 | 0 | 0 | 0 | 0< | 128 ]
[ 128 | >1 | 0 | 0 | 0 | 0 | 0 | 0 | -1< | 128 ]
[ 128 | >2 | 0 | 0 | 0 | 0 | 0 | 0 | -2< | 128 ]
[ 128 | >3 | 0 | 0 | 0 | 0 | 0 | 0 | -3< | 128 ]
[ 128 | >4 | 0 | 0 | 0 | 0 | 0 | 0 | -4< | 128 ]
[ 128 | >5 | 0 | 0 | 0 | 0 | 0 | 0 | -5< | 128 ]
[ 128 | >4 | 0 | 0 | 0 | 0 | 0 | 0 | -6< | 128 ]
[ 128 | >4 | 0 | 0 | 0 | 0 | 0 | 0 | -7< | 128 ]
[ 128 | >4 | 0 | 0 | 0 | 0 | 0 | 0 | -8< | 128 ]
[ 128 | 4 | >0 | 0 | 0 | 0 | 0 | 0 | -9< | 128 ]
[ 128 | 4 | >0 | 0 | 0 | 0 | 0 | 0 | -10< | 128 ]
[ 128 | 4 | >0 | 0 | 0 | 0 | 0 | 0 | -11< | 128 ]
[ 128 | 4 | >0 | 0 | 0 | 0 | 0 | 0 | -12< | 128 ]
[ 128 | 4 | 0 | >0 | 0 | 0 | 0 | 0 | -13< | 128 ]
[ 128 | 4 | 0 | 0 | >0 | 0 | 0 | 0 | -14< | 128 ]
[ 128 | 4 | 0 | 0 | >-1 | 0 | 0 | 0 | -15< | 128 ]
[ 128 | 4 | 0 | 0 | >-1 | 0 | 0 | 0 | -16< | 128 ]
[ 128 | 4 | 0 | 0 | >-1 | 0 | 0 | 0 | -17< | 128 ]
[ 128 | 4 | 0 | 0 | -1 | >0 | 0 | 0< | -17 | 128 ]
[ 128 | 4 | 0 | 0 | -1 | >0 | 0 | -1< | -17 | 128 ]
[ 128 | 4 | 0 | 0 | -1 | >0 | 0 | -2< | -17 | 128 ]
[ 128 | 4 | 0 | 0 | -1 | >0 | 0 | -3< | -17 | 128 ]
[ 128 | 4 | 0 | 0 | -1 | 0 | >0 | -4< | -17 | 128 ]
[ 128 | 4 | 0 | 0 | -1 | 0 | 0 | >-5< | -17 | 128 ]
[ 128 | 4 | 0 | 0 | -1 | 0 | 0 | >-7< | -17 | 128 ]
[ 128 | 4 | 0 | 0 | -1 | 0 | 0 | >-8< | -17 | 128 ]
[ 128 | 4 | 0 | 0 | -1 | 0 | 0 | >-9< | -17 | 128 ]
[ 128 | 4 | 0 | 0 | -1 | 0 | 0 | -10< | >-17 | 128 ]
[ 128 | 4 | 0 | 0 | -1 | 0 | 0 | -11< | >-17 | 128 ]
[ 128 | 4 | 0 | 0 | -1 | 0 | 0 | -12< | >-17 | 128 ]
[ 128 | 4 | 0 | 0 | -1 | 0 | 0 | -13< | -17 | >128 ]
[ 128 | 4 | 0 | 0 | -1 | 0 | 0 | -14< | -17 | >127 ]
[ 128 | 4 | 0 | 0 | -1 | 0 | 0 | -15< | -17 | >126 ]
[ 128 | 4 | 0 | 0 | -1 | 0 | 0 | -16< | -17 | >125 ]
[ 128 | 4 | 0 | 0 | -1 | 0 | 0 | -17< | -17 | >124 ]
[ 128 | 4 | 0 | 0 | -1 | 0 | 0 | -18< | -17 | >123 ]
[ 128 | 4 | 0 | 0 | -1 | 0 | 0< | -18 | -17 | >122 ]
[ 128 | 4 | 0 | 0 | -1 | 0< | 0 | -18 | -17 | >121 ]
[ 128 | 4 | 0 | 0 | -1< | 0 | 0 | -18 | -17 | >120 ]
[ 128 | 4 | 0 | 0< | -1 | 0 | 0 | -18 | -17 | >119 ]
[ 128 | 4 | 0< | 0 | -1 | 0 | 0 | -18 | -17 | >118 ]
[ 128 | 4< | 0 | 0 | -1 | 0 | 0 | -18 | -17 | >118 ]
[ >128< | 4 | 0 | 0 | -1 | 0 | 0 | -18 | -17 | 118 ]

===== BurlyBalderV2 won the battle after 43 cycles =====



===== Starting battle of <PrussianRoulette> vs <BurlyBalderV2> with memory tape size: 23 =====

[ >128 | 0 | 0 | 0 | 0 | 0 | 0 | 0 | 0 | 0 | 0 | 0 | 0 | 0 | 0 | 0 | 0 | 0 | 0 | 0 | 0 | 0 | 128< ]
[ 128 | >0 | 0 | 0 | 0 | 0 | 0 | 0 | 0 | 0 | 0 | 0 | 0 | 0 | 0 | 0 | 0 | 0 | 0 | 0 | 0 | 0< | 128 ]
[ 128 | >1 | 0 | 0 | 0 | 0 | 0 | 0 | 0 | 0 | 0 | 0 | 0 | 0 | 0 | 0 | 0 | 0 | 0 | 0 | 0 | -1< | 128 ]
[ 128 | >2 | 0 | 0 | 0 | 0 | 0 | 0 | 0 | 0 | 0 | 0 | 0 | 0 | 0 | 0 | 0 | 0 | 0 | 0 | 0 | -2< | 128 ]
[ 128 | >3 | 0 | 0 | 0 | 0 | 0 | 0 | 0 | 0 | 0 | 0 | 0 | 0 | 0 | 0 | 0 | 0 | 0 | 0 | 0 | -3< | 128 ]
[ 128 | >4 | 0 | 0 | 0 | 0 | 0 | 0 | 0 | 0 | 0 | 0 | 0 | 0 | 0 | 0 | 0 | 0 | 0 | 0 | 0 | -4< | 128 ]
[ 128 | >5 | 0 | 0 | 0 | 0 | 0 | 0 | 0 | 0 | 0 | 0 | 0 | 0 | 0 | 0 | 0 | 0 | 0 | 0 | 0 | -5< | 128 ]
[ 128 | >4 | 0 | 0 | 0 | 0 | 0 | 0 | 0 | 0 | 0 | 0 | 0 | 0 | 0 | 0 | 0 | 0 | 0 | 0 | 0 | -6< | 128 ]
[ 128 | >4 | 0 | 0 | 0 | 0 | 0 | 0 | 0 | 0 | 0 | 0 | 0 | 0 | 0 | 0 | 0 | 0 | 0 | 0 | 0 | -7< | 128 ]
[ 128 | >4 | 0 | 0 | 0 | 0 | 0 | 0 | 0 | 0 | 0 | 0 | 0 | 0 | 0 | 0 | 0 | 0 | 0 | 0 | 0 | -8< | 128 ]
[ 128 | 4 | >0 | 0 | 0 | 0 | 0 | 0 | 0 | 0 | 0 | 0 | 0 | 0 | 0 | 0 | 0 | 0 | 0 | 0 | 0 | -9< | 128 ]
[ 128 | 4 | >0 | 0 | 0 | 0 | 0 | 0 | 0 | 0 | 0 | 0 | 0 | 0 | 0 | 0 | 0 | 0 | 0 | 0 | 0 | -10< | 128 ]
[ 128 | 4 | >0 | 0 | 0 | 0 | 0 | 0 | 0 | 0 | 0 | 0 | 0 | 0 | 0 | 0 | 0 | 0 | 0 | 0 | 0 | -11< | 128 ]
[ 128 | 4 | >0 | 0 | 0 | 0 | 0 | 0 | 0 | 0 | 0 | 0 | 0 | 0 | 0 | 0 | 0 | 0 | 0 | 0 | 0 | -12< | 128 ]
[ 128 | 4 | 0 | >0 | 0 | 0 | 0 | 0 | 0 | 0 | 0 | 0 | 0 | 0 | 0 | 0 | 0 | 0 | 0 | 0 | 0 | -13< | 128 ]
[ 128 | 4 | 0 | 0 | >0 | 0 | 0 | 0 | 0 | 0 | 0 | 0 | 0 | 0 | 0 | 0 | 0 | 0 | 0 | 0 | 0 | -14< | 128 ]
[ 128 | 4 | 0 | 0 | >-1 | 0 | 0 | 0 | 0 | 0 | 0 | 0 | 0 | 0 | 0 | 0 | 0 | 0 | 0 | 0 | 0 | -15< | 128 ]
[ 128 | 4 | 0 | 0 | >-1 | 0 | 0 | 0 | 0 | 0 | 0 | 0 | 0 | 0 | 0 | 0 | 0 | 0 | 0 | 0 | 0 | -16< | 128 ]
[ 128 | 4 | 0 | 0 | >-1 | 0 | 0 | 0 | 0 | 0 | 0 | 0 | 0 | 0 | 0 | 0 | 0 | 0 | 0 | 0 | 0 | -17< | 128 ]
[ 128 | 4 | 0 | 0 | -1 | >0 | 0 | 0 | 0 | 0 | 0 | 0 | 0 | 0 | 0 | 0 | 0 | 0 | 0 | 0 | 0< | -17 | 128 ]
[ 128 | 4 | 0 | 0 | -1 | >0 | 0 | 0 | 0 | 0 | 0 | 0 | 0 | 0 | 0 | 0 | 0 | 0 | 0 | 0 | -1< | -17 | 128 ]
[ 128 | 4 | 0 | 0 | -1 | >0 | 0 | 0 | 0 | 0 | 0 | 0 | 0 | 0 | 0 | 0 | 0 | 0 | 0 | 0 | -2< | -17 | 128 ]
[ 128 | 4 | 0 | 0 | -1 | >0 | 0 | 0 | 0 | 0 | 0 | 0 | 0 | 0 | 0 | 0 | 0 | 0 | 0 | 0 | -3< | -17 | 128 ]
[ 128 | 4 | 0 | 0 | -1 | 0 | >0 | 0 | 0 | 0 | 0 | 0 | 0 | 0 | 0 | 0 | 0 | 0 | 0 | 0 | -4< | -17 | 128 ]
[ 128 | 4 | 0 | 0 | -1 | 0 | 0 | >0 | 0 | 0 | 0 | 0 | 0 | 0 | 0 | 0 | 0 | 0 | 0 | 0 | -5< | -17 | 128 ]
[ 128 | 4 | 0 | 0 | -1 | 0 | 0 | >-1 | 0 | 0 | 0 | 0 | 0 | 0 | 0 | 0 | 0 | 0 | 0 | 0 | -6< | -17 | 128 ]
[ 128 | 4 | 0 | 0 | -1 | 0 | 0 | >-1 | 0 | 0 | 0 | 0 | 0 | 0 | 0 | 0 | 0 | 0 | 0 | 0 | -7< | -17 | 128 ]
[ 128 | 4 | 0 | 0 | -1 | 0 | 0 | >-1 | 0 | 0 | 0 | 0 | 0 | 0 | 0 | 0 | 0 | 0 | 0 | 0 | -8< | -17 | 128 ]
[ 128 | 4 | 0 | 0 | -1 | 0 | 0 | -1 | >0 | 0 | 0 | 0 | 0 | 0 | 0 | 0 | 0 | 0 | 0 | 0 | -9< | -17 | 128 ]
[ 128 | 4 | 0 | 0 | -1 | 0 | 0 | -1 | >0 | 0 | 0 | 0 | 0 | 0 | 0 | 0 | 0 | 0 | 0 | 0 | -10< | -17 | 128 ]
[ 128 | 4 | 0 | 0 | -1 | 0 | 0 | -1 | >0 | 0 | 0 | 0 | 0 | 0 | 0 | 0 | 0 | 0 | 0 | 0 | -11< | -17 | 128 ]
[ 128 | 4 | 0 | 0 | -1 | 0 | 0 | -1 | >0 | 0 | 0 | 0 | 0 | 0 | 0 | 0 | 0 | 0 | 0 | 0 | -12< | -17 | 128 ]
[ 128 | 4 | 0 | 0 | -1 | 0 | 0 | -1 | 0 | >0 | 0 | 0 | 0 | 0 | 0 | 0 | 0 | 0 | 0 | 0 | -13< | -17 | 128 ]
[ 128 | 4 | 0 | 0 | -1 | 0 | 0 | -1 | 0 | 0 | >0 | 0 | 0 | 0 | 0 | 0 | 0 | 0 | 0 | 0 | -14< | -17 | 128 ]
[ 128 | 4 | 0 | 0 | -1 | 0 | 0 | -1 | 0 | 0 | >-1 | 0 | 0 | 0 | 0 | 0 | 0 | 0 | 0 | 0 | -15< | -17 | 128 ]
[ 128 | 4 | 0 | 0 | -1 | 0 | 0 | -1 | 0 | 0 | >-1 | 0 | 0 | 0 | 0 | 0 | 0 | 0 | 0 | 0 | -16< | -17 | 128 ]
[ 128 | 4 | 0 | 0 | -1 | 0 | 0 | -1 | 0 | 0 | >-1 | 0 | 0 | 0 | 0 | 0 | 0 | 0 | 0 | 0 | -17< | -17 | 128 ]
[ 128 | 4 | 0 | 0 | -1 | 0 | 0 | -1 | 0 | 0 | -1 | >0 | 0 | 0 | 0 | 0 | 0 | 0 | 0 | 0< | -17 | -17 | 128 ]
[ 128 | 4 | 0 | 0 | -1 | 0 | 0 | -1 | 0 | 0 | -1 | >0 | 0 | 0 | 0 | 0 | 0 | 0 | 0< | 0 | -17 | -17 | 128 ]
[ 128 | 4 | 0 | 0 | -1 | 0 | 0 | -1 | 0 | 0 | -1 | >0 | 0 | 0 | 0 | 0 | 0 | 0< | 0 | 0 | -17 | -17 | 128 ]
[ 128 | 4 | 0 | 0 | -1 | 0 | 0 | -1 | 0 | 0 | -1 | >0 | 0 | 0 | 0 | 0 | 0< | 0 | 0 | 0 | -17 | -17 | 128 ]
[ 128 | 4 | 0 | 0 | -1 | 0 | 0 | -1 | 0 | 0 | -1 | 0 | >0 | 0 | 0 | 0< | 0 | 0 | 0 | 0 | -17 | -17 | 128 ]
[ 128 | 4 | 0 | 0 | -1 | 0 | 0 | -1 | 0 | 0 | -1 | 0 | 0 | >0 | 0< | 0 | 0 | 0 | 0 | 0 | -17 | -17 | 128 ]
[ 128 | 4 | 0 | 0 | -1 | 0 | 0 | -1 | 0 | 0 | -1 | 0 | 0 | >-1< | 0 | 0 | 0 | 0 | 0 | 0 | -17 | -17 | 128 ]
[ 128 | 4 | 0 | 0 | -1 | 0 | 0 | -1 | 0 | 0 | -1 | 0 | 0 | >-1< | 0 | 0 | 0 | 0 | 0 | 0 | -17 | -17 | 128 ]
[ 128 | 4 | 0 | 0 | -1 | 0 | 0 | -1 | 0 | 0 | -1 | 0 | 0 | >0< | 0 | 0 | 0 | 0 | 0 | 0 | -17 | -17 | 128 ]
[ 128 | 4 | 0 | 0 | -1 | 0 | 0 | -1 | 0 | 0 | -1 | 0 | 0 | 0< | >0 | 0 | 0 | 0 | 0 | 0 | -17 | -17 | 128 ]
[ 128 | 4 | 0 | 0 | -1 | 0 | 0 | -1 | 0 | 0 | -1 | 0 | 0 | 0< | >0 | 0 | 0 | 0 | 0 | 0 | -17 | -17 | 128 ]
[ 128 | 4 | 0 | 0 | -1 | 0 | 0 | -1 | 0 | 0 | -1 | 0 | 0 | 1< | >0 | 0 | 0 | 0 | 0 | 0 | -17 | -17 | 128 ]
[ 128 | 4 | 0 | 0 | -1 | 0 | 0 | -1 | 0 | 0 | -1 | 0 | 0 | 1< | >0 | 0 | 0 | 0 | 0 | 0 | -17 | -17 | 128 ]
[ 128 | 4 | 0 | 0 | -1 | 0 | 0 | -1 | 0 | 0 | -1 | 0 | 0< | 1 | 0 | >0 | 0 | 0 | 0 | 0 | -17 | -17 | 128 ]
[ 128 | 4 | 0 | 0 | -1 | 0 | 0 | -1 | 0 | 0 | -1 | 0 | 0< | 1 | 0 | 0 | >0 | 0 | 0 | 0 | -17 | -17 | 128 ]
[ 128 | 4 | 0 | 0 | -1 | 0 | 0 | -1 | 0 | 0 | -1 | 0 | -1< | 1 | 0 | 0 | >-1 | 0 | 0 | 0 | -17 | -17 | 128 ]
[ 128 | 4 | 0 | 0 | -1 | 0 | 0 | -1 | 0 | 0 | -1 | 0 | -2< | 1 | 0 | 0 | >-1 | 0 | 0 | 0 | -17 | -17 | 128 ]
[ 128 | 4 | 0 | 0 | -1 | 0 | 0 | -1 | 0 | 0 | -1 | 0 | -2< | 1 | 0 | 0 | >-1 | 0 | 0 | 0 | -17 | -17 | 128 ]
[ 128 | 4 | 0 | 0 | -1 | 0 | 0 | -1 | 0 | 0 | -1 | 0< | -2 | 1 | 0 | 0 | -1 | >0 | 0 | 0 | -17 | -17 | 128 ]
[ 128 | 4 | 0 | 0 | -1 | 0 | 0 | -1 | 0 | 0 | -1 | 0< | -2 | 1 | 0 | 0 | -1 | >0 | 0 | 0 | -17 | -17 | 128 ]
[ 128 | 4 | 0 | 0 | -1 | 0 | 0 | -1 | 0 | 0 | -1 | -1< | -2 | 1 | 0 | 0 | -1 | >0 | 0 | 0 | -17 | -17 | 128 ]
[ 128 | 4 | 0 | 0 | -1 | 0 | 0 | -1 | 0 | 0 | -1 | -2< | -2 | 1 | 0 | 0 | -1 | >0 | 0 | 0 | -17 | -17 | 128 ]
[ 128 | 4 | 0 | 0 | -1 | 0 | 0 | -1 | 0 | 0 | -1 | -2< | -2 | 1 | 0 | 0 | -1 | 0 | >0 | 0 | -17 | -17 | 128 ]
[ 128 | 4 | 0 | 0 | -1 | 0 | 0 | -1 | 0 | 0 | -1< | -2 | -2 | 1 | 0 | 0 | -1 | 0 | 0 | >0 | -17 | -17 | 128 ]
[ 128 | 4 | 0 | 0 | -1 | 0 | 0 | -1 | 0 | 0 | -1< | -2 | -2 | 1 | 0 | 0 | -1 | 0 | 0 | >-1 | -17 | -17 | 128 ]
[ 128 | 4 | 0 | 0 | -1 | 0 | 0 | -1 | 0 | 0 | 0< | -2 | -2 | 1 | 0 | 0 | -1 | 0 | 0 | >-1 | -17 | -17 | 128 ]
[ 128 | 4 | 0 | 0 | -1 | 0 | 0 | -1 | 0 | 0 | 0< | -2 | -2 | 1 | 0 | 0 | -1 | 0 | 0 | >-1 | -17 | -17 | 128 ]
[ 128 | 4 | 0 | 0 | -1 | 0 | 0 | -1 | 0 | 0 | 0< | -2 | -2 | 1 | 0 | 0 | -1 | 0 | 0 | -1 | >-17 | -17 | 128 ]
[ 128 | 4 | 0 | 0 | -1 | 0 | 0 | -1 | 0 | 0 | -1< | -2 | -2 | 1 | 0 | 0 | -1 | 0 | 0 | -1 | >-17 | -17 | 128 ]
[ 128 | 4 | 0 | 0 | -1 | 0 | 0 | -1 | 0 | 0 | -2< | -2 | -2 | 1 | 0 | 0 | -1 | 0 | 0 | -1 | >-17 | -17 | 128 ]
[ 128 | 4 | 0 | 0 | -1 | 0 | 0 | -1 | 0 | 0 | -2< | -2 | -2 | 1 | 0 | 0 | -1 | 0 | 0 | -1 | -17 | >-17 | 128 ]
[ 128 | 4 | 0 | 0 | -1 | 0 | 0 | -1 | 0 | 0< | -2 | -2 | -2 | 1 | 0 | 0 | -1 | 0 | 0 | -1 | -17 | >-18 | 128 ]
[ 128 | 4 | 0 | 0 | -1 | 0 | 0 | -1 | 0 | 0< | -2 | -2 | -2 | 1 | 0 | 0 | -1 | 0 | 0 | -1 | -17 | >-19 | 128 ]
[ 128 | 4 | 0 | 0 | -1 | 0 | 0 | -1 | 0 | -1< | -2 | -2 | -2 | 1 | 0 | 0 | -1 | 0 | 0 | -1 | -17 | >-20 | 128 ]
[ 128 | 4 | 0 | 0 | -1 | 0 | 0 | -1 | 0 | -2< | -2 | -2 | -2 | 1 | 0 | 0 | -1 | 0 | 0 | -1 | -17 | >-21 | 128 ]
[ 128 | 4 | 0 | 0 | -1 | 0 | 0 | -1 | 0 | -2< | -2 | -2 | -2 | 1 | 0 | 0 | -1 | 0 | 0 | -1 | -17 | >-22 | 128 ]
[ 128 | 4 | 0 | 0 | -1 | 0 | 0 | -1 | 0< | -2 | -2 | -2 | -2 | 1 | 0 | 0 | -1 | 0 | 0 | -1 | -17 | >-23 | 128 ]
[ 128 | 4 | 0 | 0 | -1 | 0 | 0 | -1 | 0< | -2 | -2 | -2 | -2 | 1 | 0 | 0 | -1 | 0 | 0 | -1 | -17 | >-24 | 128 ]
[ 128 | 4 | 0 | 0 | -1 | 0 | 0 | -1 | -1< | -2 | -2 | -2 | -2 | 1 | 0 | 0 | -1 | 0 | 0 | -1 | -17 | >-25 | 128 ]
[ 128 | 4 | 0 | 0 | -1 | 0 | 0 | -1 | -2< | -2 | -2 | -2 | -2 | 1 | 0 | 0 | -1 | 0 | 0 | -1 | -17 | >-26 | 128 ]
[ 128 | 4 | 0 | 0 | -1 | 0 | 0 | -1 | -2< | -2 | -2 | -2 | -2 | 1 | 0 | 0 | -1 | 0 | 0 | -1 | -17 | >-27 | 128 ]
[ 128 | 4 | 0 | 0 | -1 | 0 | 0 | -1< | -2 | -2 | -2 | -2 | -2 | 1 | 0 | 0 | -1 | 0 | 0 | -1 | -17 | >-27 | 128 ]
[ 128 | 4 | 0 | 0 | -1 | 0 | 0 | -1< | -2 | -2 | -2 | -2 | -2 | 1 | 0 | 0 | -1 | 0 | 0 | -1 | -17 | -27 | >128 ]
[ 128 | 4 | 0 | 0 | -1 | 0 | 0 | 0< | -2 | -2 | -2 | -2 | -2 | 1 | 0 | 0 | -1 | 0 | 0 | -1 | -17 | -27 | >127 ]
[ 128 | 4 | 0 | 0 | -1 | 0 | 0 | 0< | -2 | -2 | -2 | -2 | -2 | 1 | 0 | 0 | -1 | 0 | 0 | -1 | -17 | -27 | >126 ]
[ 128 | 4 | 0 | 0 | -1 | 0 | 0 | 0< | -2 | -2 | -2 | -2 | -2 | 1 | 0 | 0 | -1 | 0 | 0 | -1 | -17 | -27 | >125 ]
[ 128 | 4 | 0 | 0 | -1 | 0 | 0 | -1< | -2 | -2 | -2 | -2 | -2 | 1 | 0 | 0 | -1 | 0 | 0 | -1 | -17 | -27 | >124 ]
[ 128 | 4 | 0 | 0 | -1 | 0 | 0 | -2< | -2 | -2 | -2 | -2 | -2 | 1 | 0 | 0 | -1 | 0 | 0 | -1 | -17 | -27 | >123 ]
[ 128 | 4 | 0 | 0 | -1 | 0 | 0 | -2< | -2 | -2 | -2 | -2 | -2 | 1 | 0 | 0 | -1 | 0 | 0 | -1 | -17 | -27 | >122 ]
[ 128 | 4 | 0 | 0 | -1 | 0 | 0< | -2 | -2 | -2 | -2 | -2 | -2 | 1 | 0 | 0 | -1 | 0 | 0 | -1 | -17 | -27 | >121 ]
[ 128 | 4 | 0 | 0 | -1 | 0 | 0< | -2 | -2 | -2 | -2 | -2 | -2 | 1 | 0 | 0 | -1 | 0 | 0 | -1 | -17 | -27 | >120 ]
[ 128 | 4 | 0 | 0 | -1 | 0 | -1< | -2 | -2 | -2 | -2 | -2 | -2 | 1 | 0 | 0 | -1 | 0 | 0 | -1 | -17 | -27 | >119 ]
[ 128 | 4 | 0 | 0 | -1 | 0 | -2< | -2 | -2 | -2 | -2 | -2 | -2 | 1 | 0 | 0 | -1 | 0 | 0 | -1 | -17 | -27 | >118 ]
[ 128 | 4 | 0 | 0 | -1 | 0 | -2< | -2 | -2 | -2 | -2 | -2 | -2 | 1 | 0 | 0 | -1 | 0 | 0 | -1 | -17 | -27 | >118 ]
[ >128 | 4 | 0 | 0 | -1 | 0< | -2 | -2 | -2 | -2 | -2 | -2 | -2 | 1 | 0 | 0 | -1 | 0 | 0 | -1 | -17 | -27 | 118 ]

===== BurlyBalderV2 won the battle after 91 cycles =====



===== Starting battle of <PrussianRoulette> vs <BurlyBalderV2> with memory tape size: 12 =====

[ >128 | 0 | 0 | 0 | 0 | 0 | 0 | 0 | 0 | 0 | 0 | 128< ]
[ 128 | >0 | 0 | 0 | 0 | 0 | 0 | 0 | 0 | 0 | 0< | 128 ]
[ 128 | >1 | 0 | 0 | 0 | 0 | 0 | 0 | 0 | 0 | -1< | 128 ]
[ 128 | >2 | 0 | 0 | 0 | 0 | 0 | 0 | 0 | 0 | -2< | 128 ]
[ 128 | >3 | 0 | 0 | 0 | 0 | 0 | 0 | 0 | 0 | -3< | 128 ]
[ 128 | >4 | 0 | 0 | 0 | 0 | 0 | 0 | 0 | 0 | -4< | 128 ]
[ 128 | >5 | 0 | 0 | 0 | 0 | 0 | 0 | 0 | 0 | -5< | 128 ]
[ 128 | >4 | 0 | 0 | 0 | 0 | 0 | 0 | 0 | 0 | -6< | 128 ]
[ 128 | >4 | 0 | 0 | 0 | 0 | 0 | 0 | 0 | 0 | -7< | 128 ]
[ 128 | >4 | 0 | 0 | 0 | 0 | 0 | 0 | 0 | 0 | -8< | 128 ]
[ 128 | 4 | >0 | 0 | 0 | 0 | 0 | 0 | 0 | 0 | -9< | 128 ]
[ 128 | 4 | >0 | 0 | 0 | 0 | 0 | 0 | 0 | 0 | -10< | 128 ]
[ 128 | 4 | >0 | 0 | 0 | 0 | 0 | 0 | 0 | 0 | -11< | 128 ]
[ 128 | 4 | >0 | 0 | 0 | 0 | 0 | 0 | 0 | 0 | -12< | 128 ]
[ 128 | 4 | 0 | >0 | 0 | 0 | 0 | 0 | 0 | 0 | -13< | 128 ]
[ 128 | 4 | 0 | 0 | >0 | 0 | 0 | 0 | 0 | 0 | -14< | 128 ]
[ 128 | 4 | 0 | 0 | >-1 | 0 | 0 | 0 | 0 | 0 | -15< | 128 ]
[ 128 | 4 | 0 | 0 | >-1 | 0 | 0 | 0 | 0 | 0 | -16< | 128 ]
[ 128 | 4 | 0 | 0 | >-1 | 0 | 0 | 0 | 0 | 0 | -17< | 128 ]
[ 128 | 4 | 0 | 0 | -1 | >0 | 0 | 0 | 0 | 0< | -17 | 128 ]
[ 128 | 4 | 0 | 0 | -1 | >0 | 0 | 0 | 0 | -1< | -17 | 128 ]
[ 128 | 4 | 0 | 0 | -1 | >0 | 0 | 0 | 0 | -2< | -17 | 128 ]
[ 128 | 4 | 0 | 0 | -1 | >0 | 0 | 0 | 0 | -3< | -17 | 128 ]
[ 128 | 4 | 0 | 0 | -1 | 0 | >0 | 0 | 0 | -4< | -17 | 128 ]
[ 128 | 4 | 0 | 0 | -1 | 0 | 0 | >0 | 0 | -5< | -17 | 128 ]
[ 128 | 4 | 0 | 0 | -1 | 0 | 0 | >-1 | 0 | -6< | -17 | 128 ]
[ 128 | 4 | 0 | 0 | -1 | 0 | 0 | >-1 | 0 | -7< | -17 | 128 ]
[ 128 | 4 | 0 | 0 | -1 | 0 | 0 | >-1 | 0 | -8< | -17 | 128 ]
[ 128 | 4 | 0 | 0 | -1 | 0 | 0 | -1 | >0 | -9< | -17 | 128 ]
[ 128 | 4 | 0 | 0 | -1 | 0 | 0 | -1 | >0 | -10< | -17 | 128 ]
[ 128 | 4 | 0 | 0 | -1 | 0 | 0 | -1 | >0 | -11< | -17 | 128 ]
[ 128 | 4 | 0 | 0 | -1 | 0 | 0 | -1 | >0 | -12< | -17 | 128 ]
[ 128 | 4 | 0 | 0 | -1 | 0 | 0 | -1 | 0 | >-13< | -17 | 128 ]
[ 128 | 4 | 0 | 0 | -1 | 0 | 0 | -1 | 0 | -14< | >-17 | 128 ]
[ 128 | 4 | 0 | 0 | -1 | 0 | 0 | -1 | 0 | -15< | >-18 | 128 ]
[ 128 | 4 | 0 | 0 | -1 | 0 | 0 | -1 | 0 | -16< | >-18 | 128 ]
[ 128 | 4 | 0 | 0 | -1 | 0 | 0 | -1 | 0 | -17< | >-18 | 128 ]
[ 128 | 4 | 0 | 0 | -1 | 0 | 0 | -1 | 0< | -17 | -18 | >128 ]
[ 128 | 4 | 0 | 0 | -1 | 0 | 0 | -1< | 0 | -17 | -18 | >128 ]
[ 128 | 4 | 0 | 0 | -1 | 0 | 0< | -1 | 0 | -17 | -18 | >128 ]
[ >128 | 4 | 0 | 0 | -1 | 0< | 0 | -1 | 0 | -17 | -18 | 128 ]

===== BurlyBalderV2 won the battle after 40 cycles =====



===== PrussianRoulette.bf vs. BurlyBalderV2.bf finished with 0:10 =====