===== Starting battle of <PrussianRoulette> vs <CropCircleBot> with memory tape size: 26 =====

[ >128 | 0 | 0 | 0 | 0 | 0 | 0 | 0 | 0 | 0 | 0 | 0 | 0 | 0 | 0 | 0 | 0 | 0 | 0 | 0 | 0 | 0 | 0 | 0 | 0 | 128< ]
[ 128 | >0 | 0 | 0 | 0 | 0 | 0 | 0 | 0 | 0 | 0 | 0 | 0 | 0 | 0 | 0 | 0 | 0 | 0 | 0 | 0 | 0 | 0 | 0 | 0 | 128< ]
[ 128 | >1 | 0 | 0 | 0 | 0 | 0 | 0 | 0 | 0 | 0 | 0 | 0 | 0 | 0 | 0 | 0 | 0 | 0 | 0 | 0 | 0 | 0 | 0 | 0< | 128 ]
[ 128 | >2 | 0 | 0 | 0 | 0 | 0 | 0 | 0 | 0 | 0 | 0 | 0 | 0 | 0 | 0 | 0 | 0 | 0 | 0 | 0 | 0 | 0 | 0< | 0 | 128 ]
[ 128 | >3 | 0 | 0 | 0 | 0 | 0 | 0 | 0 | 0 | 0 | 0 | 0 | 0 | 0 | 0 | 0 | 0 | 0 | 0 | 0 | 0 | 0 | 0< | 0 | 128 ]
[ 128 | >4 | 0 | 0 | 0 | 0 | 0 | 0 | 0 | 0 | 0 | 0 | 0 | 0 | 0 | 0 | 0 | 0 | 0 | 0 | 0 | 0 | 0 | 0< | 0 | 128 ]
[ 128 | >5 | 0 | 0 | 0 | 0 | 0 | 0 | 0 | 0 | 0 | 0 | 0 | 0 | 0 | 0 | 0 | 0 | 0 | 0 | 0 | 0 | 0 | -1< | 0 | 128 ]
[ 128 | >4 | 0 | 0 | 0 | 0 | 0 | 0 | 0 | 0 | 0 | 0 | 0 | 0 | 0 | 0 | 0 | 0 | 0 | 0 | 0 | 0 | 0 | -1 | 0< | 128 ]
[ 128 | >4 | 0 | 0 | 0 | 0 | 0 | 0 | 0 | 0 | 0 | 0 | 0 | 0 | 0 | 0 | 0 | 0 | 0 | 0 | 0 | 0 | 0 | -1 | 0< | 128 ]
[ 128 | >4 | 0 | 0 | 0 | 0 | 0 | 0 | 0 | 0 | 0 | 0 | 0 | 0 | 0 | 0 | 0 | 0 | 0 | 0 | 0 | 0 | 0 | -1 | 0< | 128 ]
[ 128 | 4 | >0 | 0 | 0 | 0 | 0 | 0 | 0 | 0 | 0 | 0 | 0 | 0 | 0 | 0 | 0 | 0 | 0 | 0 | 0 | 0 | 0 | -1 | 1< | 128 ]
[ 128 | 4 | >0 | 0 | 0 | 0 | 0 | 0 | 0 | 0 | 0 | 0 | 0 | 0 | 0 | 0 | 0 | 0 | 0 | 0 | 0 | 0 | 0 | -1 | 1< | 128 ]
[ 128 | 4 | >0 | 0 | 0 | 0 | 0 | 0 | 0 | 0 | 0 | 0 | 0 | 0 | 0 | 0 | 0 | 0 | 0 | 0 | 0 | 0 | 0 | -1< | 1 | 128 ]
[ 128 | 4 | >0 | 0 | 0 | 0 | 0 | 0 | 0 | 0 | 0 | 0 | 0 | 0 | 0 | 0 | 0 | 0 | 0 | 0 | 0 | 0 | 0< | -1 | 1 | 128 ]
[ 128 | 4 | 0 | >0 | 0 | 0 | 0 | 0 | 0 | 0 | 0 | 0 | 0 | 0 | 0 | 0 | 0 | 0 | 0 | 0 | 0 | 0 | 0< | -1 | 1 | 128 ]
[ 128 | 4 | 0 | 0 | >0 | 0 | 0 | 0 | 0 | 0 | 0 | 0 | 0 | 0 | 0 | 0 | 0 | 0 | 0 | 0 | 0 | 0 | 0< | -1 | 1 | 128 ]
[ 128 | 4 | 0 | 0 | >-1 | 0 | 0 | 0 | 0 | 0 | 0 | 0 | 0 | 0 | 0 | 0 | 0 | 0 | 0 | 0 | 0 | 0 | -1< | -1 | 1 | 128 ]
[ 128 | 4 | 0 | 0 | >-1 | 0 | 0 | 0 | 0 | 0 | 0 | 0 | 0 | 0 | 0 | 0 | 0 | 0 | 0 | 0 | 0 | 0 | -1 | -1< | 1 | 128 ]
[ 128 | 4 | 0 | 0 | >-1 | 0 | 0 | 0 | 0 | 0 | 0 | 0 | 0 | 0 | 0 | 0 | 0 | 0 | 0 | 0 | 0 | 0 | -1 | -1< | 1 | 128 ]
[ 128 | 4 | 0 | 0 | -1 | >0 | 0 | 0 | 0 | 0 | 0 | 0 | 0 | 0 | 0 | 0 | 0 | 0 | 0 | 0 | 0 | 0 | -1 | -2< | 1 | 128 ]
[ 128 | 4 | 0 | 0 | -1 | >0 | 0 | 0 | 0 | 0 | 0 | 0 | 0 | 0 | 0 | 0 | 0 | 0 | 0 | 0 | 0 | 0 | -1 | -2< | 1 | 128 ]
[ 128 | 4 | 0 | 0 | -1 | >0 | 0 | 0 | 0 | 0 | 0 | 0 | 0 | 0 | 0 | 0 | 0 | 0 | 0 | 0 | 0 | 0 | -1 | -3< | 1 | 128 ]
[ 128 | 4 | 0 | 0 | -1 | >0 | 0 | 0 | 0 | 0 | 0 | 0 | 0 | 0 | 0 | 0 | 0 | 0 | 0 | 0 | 0 | 0 | -1 | -3< | 1 | 128 ]
[ 128 | 4 | 0 | 0 | -1 | 0 | >0 | 0 | 0 | 0 | 0 | 0 | 0 | 0 | 0 | 0 | 0 | 0 | 0 | 0 | 0 | 0 | -1 | -4< | 1 | 128 ]
[ 128 | 4 | 0 | 0 | -1 | 0 | 0 | >0 | 0 | 0 | 0 | 0 | 0 | 0 | 0 | 0 | 0 | 0 | 0 | 0 | 0 | 0 | -1 | -4< | 1 | 128 ]
[ 128 | 4 | 0 | 0 | -1 | 0 | 0 | >-1 | 0 | 0 | 0 | 0 | 0 | 0 | 0 | 0 | 0 | 0 | 0 | 0 | 0 | 0 | -1 | -5< | 1 | 128 ]
[ 128 | 4 | 0 | 0 | -1 | 0 | 0 | >-1 | 0 | 0 | 0 | 0 | 0 | 0 | 0 | 0 | 0 | 0 | 0 | 0 | 0 | 0 | -1 | -5< | 1 | 128 ]
[ 128 | 4 | 0 | 0 | -1 | 0 | 0 | >-1 | 0 | 0 | 0 | 0 | 0 | 0 | 0 | 0 | 0 | 0 | 0 | 0 | 0 | 0 | -1 | -6< | 1 | 128 ]
[ 128 | 4 | 0 | 0 | -1 | 0 | 0 | -1 | >0 | 0 | 0 | 0 | 0 | 0 | 0 | 0 | 0 | 0 | 0 | 0 | 0 | 0 | -1 | -6< | 1 | 128 ]
[ 128 | 4 | 0 | 0 | -1 | 0 | 0 | -1 | >0 | 0 | 0 | 0 | 0 | 0 | 0 | 0 | 0 | 0 | 0 | 0 | 0 | 0 | -1 | -7< | 1 | 128 ]
[ 128 | 4 | 0 | 0 | -1 | 0 | 0 | -1 | >0 | 0 | 0 | 0 | 0 | 0 | 0 | 0 | 0 | 0 | 0 | 0 | 0 | 0 | -1 | -7< | 1 | 128 ]
[ 128 | 4 | 0 | 0 | -1 | 0 | 0 | -1 | >0 | 0 | 0 | 0 | 0 | 0 | 0 | 0 | 0 | 0 | 0 | 0 | 0 | 0 | -1 | -8< | 1 | 128 ]
[ 128 | 4 | 0 | 0 | -1 | 0 | 0 | -1 | 0 | >0 | 0 | 0 | 0 | 0 | 0 | 0 | 0 | 0 | 0 | 0 | 0 | 0 | -1 | -8< | 1 | 128 ]
[ 128 | 4 | 0 | 0 | -1 | 0 | 0 | -1 | 0 | 0 | >0 | 0 | 0 | 0 | 0 | 0 | 0 | 0 | 0 | 0 | 0 | 0 | -1 | -9< | 1 | 128 ]
[ 128 | 4 | 0 | 0 | -1 | 0 | 0 | -1 | 0 | 0 | >-1 | 0 | 0 | 0 | 0 | 0 | 0 | 0 | 0 | 0 | 0 | 0 | -1 | -9< | 1 | 128 ]
[ 128 | 4 | 0 | 0 | -1 | 0 | 0 | -1 | 0 | 0 | >-1 | 0 | 0 | 0 | 0 | 0 | 0 | 0 | 0 | 0 | 0 | 0 | -1 | -10< | 1 | 128 ]
[ 128 | 4 | 0 | 0 | -1 | 0 | 0 | -1 | 0 | 0 | >-1 | 0 | 0 | 0 | 0 | 0 | 0 | 0 | 0 | 0 | 0 | 0 | -1 | -10< | 1 | 128 ]
[ 128 | 4 | 0 | 0 | -1 | 0 | 0 | -1 | 0 | 0 | -1 | >0 | 0 | 0 | 0 | 0 | 0 | 0 | 0 | 0 | 0 | 0 | -1 | -11< | 1 | 128 ]
[ 128 | 4 | 0 | 0 | -1 | 0 | 0 | -1 | 0 | 0 | -1 | >0 | 0 | 0 | 0 | 0 | 0 | 0 | 0 | 0 | 0 | 0 | -1 | -11< | 1 | 128 ]
[ 128 | 4 | 0 | 0 | -1 | 0 | 0 | -1 | 0 | 0 | -1 | >0 | 0 | 0 | 0 | 0 | 0 | 0 | 0 | 0 | 0 | 0 | -1 | -12< | 1 | 128 ]
[ 128 | 4 | 0 | 0 | -1 | 0 | 0 | -1 | 0 | 0 | -1 | >0 | 0 | 0 | 0 | 0 | 0 | 0 | 0 | 0 | 0 | 0 | -1 | -12< | 1 | 128 ]
[ 128 | 4 | 0 | 0 | -1 | 0 | 0 | -1 | 0 | 0 | -1 | 0 | >0 | 0 | 0 | 0 | 0 | 0 | 0 | 0 | 0 | 0 | -1 | -13< | 1 | 128 ]
[ 128 | 4 | 0 | 0 | -1 | 0 | 0 | -1 | 0 | 0 | -1 | 0 | 0 | >0 | 0 | 0 | 0 | 0 | 0 | 0 | 0 | 0 | -1 | -13< | 1 | 128 ]
[ 128 | 4 | 0 | 0 | -1 | 0 | 0 | -1 | 0 | 0 | -1 | 0 | 0 | >-1 | 0 | 0 | 0 | 0 | 0 | 0 | 0 | 0 | -1 | -14< | 1 | 128 ]
[ 128 | 4 | 0 | 0 | -1 | 0 | 0 | -1 | 0 | 0 | -1 | 0 | 0 | >-1 | 0 | 0 | 0 | 0 | 0 | 0 | 0 | 0 | -1 | -14< | 1 | 128 ]
[ 128 | 4 | 0 | 0 | -1 | 0 | 0 | -1 | 0 | 0 | -1 | 0 | 0 | >-1 | 0 | 0 | 0 | 0 | 0 | 0 | 0 | 0 | -1 | -15< | 1 | 128 ]
[ 128 | 4 | 0 | 0 | -1 | 0 | 0 | -1 | 0 | 0 | -1 | 0 | 0 | -1 | >0 | 0 | 0 | 0 | 0 | 0 | 0 | 0 | -1 | -15< | 1 | 128 ]
[ 128 | 4 | 0 | 0 | -1 | 0 | 0 | -1 | 0 | 0 | -1 | 0 | 0 | -1 | >0 | 0 | 0 | 0 | 0 | 0 | 0 | 0 | -1 | -16< | 1 | 128 ]
[ 128 | 4 | 0 | 0 | -1 | 0 | 0 | -1 | 0 | 0 | -1 | 0 | 0 | -1 | >0 | 0 | 0 | 0 | 0 | 0 | 0 | 0 | -1 | -16< | 1 | 128 ]
[ 128 | 4 | 0 | 0 | -1 | 0 | 0 | -1 | 0 | 0 | -1 | 0 | 0 | -1 | >0 | 0 | 0 | 0 | 0 | 0 | 0 | 0 | -1 | -17< | 1 | 128 ]
[ 128 | 4 | 0 | 0 | -1 | 0 | 0 | -1 | 0 | 0 | -1 | 0 | 0 | -1 | 0 | >0 | 0 | 0 | 0 | 0 | 0 | 0 | -1 | -17< | 1 | 128 ]
[ 128 | 4 | 0 | 0 | -1 | 0 | 0 | -1 | 0 | 0 | -1 | 0 | 0 | -1 | 0 | 0 | >0 | 0 | 0 | 0 | 0 | 0 | -1 | -18< | 1 | 128 ]
[ 128 | 4 | 0 | 0 | -1 | 0 | 0 | -1 | 0 | 0 | -1 | 0 | 0 | -1 | 0 | 0 | >-1 | 0 | 0 | 0 | 0 | 0 | -1 | -18< | 1 | 128 ]
[ 128 | 4 | 0 | 0 | -1 | 0 | 0 | -1 | 0 | 0 | -1 | 0 | 0 | -1 | 0 | 0 | >-1 | 0 | 0 | 0 | 0 | 0 | -1 | -19< | 1 | 128 ]
[ 128 | 4 | 0 | 0 | -1 | 0 | 0 | -1 | 0 | 0 | -1 | 0 | 0 | -1 | 0 | 0 | >-1 | 0 | 0 | 0 | 0 | 0 | -1 | -19< | 1 | 128 ]
[ 128 | 4 | 0 | 0 | -1 | 0 | 0 | -1 | 0 | 0 | -1 | 0 | 0 | -1 | 0 | 0 | -1 | >0 | 0 | 0 | 0 | 0 | -1 | -20< | 1 | 128 ]
[ 128 | 4 | 0 | 0 | -1 | 0 | 0 | -1 | 0 | 0 | -1 | 0 | 0 | -1 | 0 | 0 | -1 | >0 | 0 | 0 | 0 | 0 | -1 | -20< | 1 | 128 ]
[ 128 | 4 | 0 | 0 | -1 | 0 | 0 | -1 | 0 | 0 | -1 | 0 | 0 | -1 | 0 | 0 | -1 | >0 | 0 | 0 | 0 | 0 | -1 | -21< | 1 | 128 ]
[ 128 | 4 | 0 | 0 | -1 | 0 | 0 | -1 | 0 | 0 | -1 | 0 | 0 | -1 | 0 | 0 | -1 | >0 | 0 | 0 | 0 | 0 | -1 | -21< | 1 | 128 ]
[ 128 | 4 | 0 | 0 | -1 | 0 | 0 | -1 | 0 | 0 | -1 | 0 | 0 | -1 | 0 | 0 | -1 | 0 | >0 | 0 | 0 | 0 | -1 | -22< | 1 | 128 ]
[ 128 | 4 | 0 | 0 | -1 | 0 | 0 | -1 | 0 | 0 | -1 | 0 | 0 | -1 | 0 | 0 | -1 | 0 | 0 | >0 | 0 | 0 | -1 | -22< | 1 | 128 ]
[ 128 | 4 | 0 | 0 | -1 | 0 | 0 | -1 | 0 | 0 | -1 | 0 | 0 | -1 | 0 | 0 | -1 | 0 | 0 | >-1 | 0 | 0 | -1 | -23< | 1 | 128 ]
[ 128 | 4 | 0 | 0 | -1 | 0 | 0 | -1 | 0 | 0 | -1 | 0 | 0 | -1 | 0 | 0 | -1 | 0 | 0 | >-1 | 0 | 0 | -1 | -23< | 1 | 128 ]
[ 128 | 4 | 0 | 0 | -1 | 0 | 0 | -1 | 0 | 0 | -1 | 0 | 0 | -1 | 0 | 0 | -1 | 0 | 0 | >-1 | 0 | 0 | -1 | -24< | 1 | 128 ]
[ 128 | 4 | 0 | 0 | -1 | 0 | 0 | -1 | 0 | 0 | -1 | 0 | 0 | -1 | 0 | 0 | -1 | 0 | 0 | -1 | >0 | 0 | -1 | -24< | 1 | 128 ]
[ 128 | 4 | 0 | 0 | -1 | 0 | 0 | -1 | 0 | 0 | -1 | 0 | 0 | -1 | 0 | 0 | -1 | 0 | 0 | -1 | >0 | 0 | -1 | -25< | 1 | 128 ]
[ 128 | 4 | 0 | 0 | -1 | 0 | 0 | -1 | 0 | 0 | -1 | 0 | 0 | -1 | 0 | 0 | -1 | 0 | 0 | -1 | >0 | 0 | -1 | -25< | 1 | 128 ]
[ 128 | 4 | 0 | 0 | -1 | 0 | 0 | -1 | 0 | 0 | -1 | 0 | 0 | -1 | 0 | 0 | -1 | 0 | 0 | -1 | >0 | 0 | -1 | -26< | 1 | 128 ]
[ 128 | 4 | 0 | 0 | -1 | 0 | 0 | -1 | 0 | 0 | -1 | 0 | 0 | -1 | 0 | 0 | -1 | 0 | 0 | -1 | 0 | >0 | -1 | -26< | 1 | 128 ]
[ 128 | 4 | 0 | 0 | -1 | 0 | 0 | -1 | 0 | 0 | -1 | 0 | 0 | -1 | 0 | 0 | -1 | 0 | 0 | -1 | 0 | 0 | >-1 | -27< | 1 | 128 ]
[ 128 | 4 | 0 | 0 | -1 | 0 | 0 | -1 | 0 | 0 | -1 | 0 | 0 | -1 | 0 | 0 | -1 | 0 | 0 | -1 | 0 | 0 | >-2 | -27< | 1 | 128 ]
[ 128 | 4 | 0 | 0 | -1 | 0 | 0 | -1 | 0 | 0 | -1 | 0 | 0 | -1 | 0 | 0 | -1 | 0 | 0 | -1 | 0 | 0 | >-2 | -28< | 1 | 128 ]
[ 128 | 4 | 0 | 0 | -1 | 0 | 0 | -1 | 0 | 0 | -1 | 0 | 0 | -1 | 0 | 0 | -1 | 0 | 0 | -1 | 0 | 0 | >-2 | -28< | 1 | 128 ]
[ 128 | 4 | 0 | 0 | -1 | 0 | 0 | -1 | 0 | 0 | -1 | 0 | 0 | -1 | 0 | 0 | -1 | 0 | 0 | -1 | 0 | 0 | -2 | >-29< | 1 | 128 ]
[ 128 | 4 | 0 | 0 | -1 | 0 | 0 | -1 | 0 | 0 | -1 | 0 | 0 | -1 | 0 | 0 | -1 | 0 | 0 | -1 | 0 | 0 | -2 | >-29< | 1 | 128 ]
[ 128 | 4 | 0 | 0 | -1 | 0 | 0 | -1 | 0 | 0 | -1 | 0 | 0 | -1 | 0 | 0 | -1 | 0 | 0 | -1 | 0 | 0 | -2 | >-30< | 1 | 128 ]
[ 128 | 4 | 0 | 0 | -1 | 0 | 0 | -1 | 0 | 0 | -1 | 0 | 0 | -1 | 0 | 0 | -1 | 0 | 0 | -1 | 0 | 0 | -2 | -30< | >1 | 128 ]
[ 128 | 4 | 0 | 0 | -1 | 0 | 0 | -1 | 0 | 0 | -1 | 0 | 0 | -1 | 0 | 0 | -1 | 0 | 0 | -1 | 0 | 0 | -2 | -31< | >0 | 128 ]
[ 128 | 4 | 0 | 0 | -1 | 0 | 0 | -1 | 0 | 0 | -1 | 0 | 0 | -1 | 0 | 0 | -1 | 0 | 0 | -1 | 0 | 0 | -2 | -31< | >-1 | 128 ]
[ 128 | 4 | 0 | 0 | -1 | 0 | 0 | -1 | 0 | 0 | -1 | 0 | 0 | -1 | 0 | 0 | -1 | 0 | 0 | -1 | 0 | 0 | -2 | -32< | >-2 | 128 ]
[ 128 | 4 | 0 | 0 | -1 | 0 | 0 | -1 | 0 | 0 | -1 | 0 | 0 | -1 | 0 | 0 | -1 | 0 | 0 | -1 | 0 | 0 | -2 | -32< | >-3 | 128 ]
[ 128 | 4 | 0 | 0 | -1 | 0 | 0 | -1 | 0 | 0 | -1 | 0 | 0 | -1 | 0 | 0 | -1 | 0 | 0 | -1 | 0 | 0 | -2 | -33< | >-4 | 128 ]
[ 128 | 4 | 0 | 0 | -1 | 0 | 0 | -1 | 0 | 0 | -1 | 0 | 0 | -1 | 0 | 0 | -1 | 0 | 0 | -1 | 0 | 0 | -2 | -33< | >-5 | 128 ]
[ 128 | 4 | 0 | 0 | -1 | 0 | 0 | -1 | 0 | 0 | -1 | 0 | 0 | -1 | 0 | 0 | -1 | 0 | 0 | -1 | 0 | 0 | -2 | -34< | >-6 | 128 ]
[ 128 | 4 | 0 | 0 | -1 | 0 | 0 | -1 | 0 | 0 | -1 | 0 | 0 | -1 | 0 | 0 | -1 | 0 | 0 | -1 | 0 | 0 | -2 | -34< | >-7 | 128 ]
[ 128 | 4 | 0 | 0 | -1 | 0 | 0 | -1 | 0 | 0 | -1 | 0 | 0 | -1 | 0 | 0 | -1 | 0 | 0 | -1 | 0 | 0 | -2 | -35< | >-8 | 128 ]
[ 128 | 4 | 0 | 0 | -1 | 0 | 0 | -1 | 0 | 0 | -1 | 0 | 0 | -1 | 0 | 0 | -1 | 0 | 0 | -1 | 0 | 0 | -2 | -35< | >-9 | 128 ]
[ 128 | 4 | 0 | 0 | -1 | 0 | 0 | -1 | 0 | 0 | -1 | 0 | 0 | -1 | 0 | 0 | -1 | 0 | 0 | -1 | 0 | 0 | -2 | -36< | >-9 | 128 ]
[ 128 | 4 | 0 | 0 | -1 | 0 | 0 | -1 | 0 | 0 | -1 | 0 | 0 | -1 | 0 | 0 | -1 | 0 | 0 | -1 | 0 | 0 | -2 | -36< | -9 | >128 ]
[ 128 | 4 | 0 | 0 | -1 | 0 | 0 | -1 | 0 | 0 | -1 | 0 | 0 | -1 | 0 | 0 | -1 | 0 | 0 | -1 | 0 | 0 | -2 | -37< | -9 | >127 ]
[ 128 | 4 | 0 | 0 | -1 | 0 | 0 | -1 | 0 | 0 | -1 | 0 | 0 | -1 | 0 | 0 | -1 | 0 | 0 | -1 | 0 | 0 | -2 | -37< | -9 | >126 ]
[ 128 | 4 | 0 | 0 | -1 | 0 | 0 | -1 | 0 | 0 | -1 | 0 | 0 | -1 | 0 | 0 | -1 | 0 | 0 | -1 | 0 | 0 | -2 | -38< | -9 | >125 ]
[ 128 | 4 | 0 | 0 | -1 | 0 | 0 | -1 | 0 | 0 | -1 | 0 | 0 | -1 | 0 | 0 | -1 | 0 | 0 | -1 | 0 | 0 | -2 | -38< | -9 | >124 ]
[ 128 | 4 | 0 | 0 | -1 | 0 | 0 | -1 | 0 | 0 | -1 | 0 | 0 | -1 | 0 | 0 | -1 | 0 | 0 | -1 | 0 | 0 | -2 | -39< | -9 | >123 ]
[ 128 | 4 | 0 | 0 | -1 | 0 | 0 | -1 | 0 | 0 | -1 | 0 | 0 | -1 | 0 | 0 | -1 | 0 | 0 | -1 | 0 | 0 | -2 | -39< | -9 | >122 ]
[ 128 | 4 | 0 | 0 | -1 | 0 | 0 | -1 | 0 | 0 | -1 | 0 | 0 | -1 | 0 | 0 | -1 | 0 | 0 | -1 | 0 | 0 | -2 | -40< | -9 | >121 ]
[ 128 | 4 | 0 | 0 | -1 | 0 | 0 | -1 | 0 | 0 | -1 | 0 | 0 | -1 | 0 | 0 | -1 | 0 | 0 | -1 | 0 | 0 | -2 | -40< | -9 | >120 ]
[ 128 | 4 | 0 | 0 | -1 | 0 | 0 | -1 | 0 | 0 | -1 | 0 | 0 | -1 | 0 | 0 | -1 | 0 | 0 | -1 | 0 | 0 | -2 | -41< | -9 | >119 ]
[ 128 | 4 | 0 | 0 | -1 | 0 | 0 | -1 | 0 | 0 | -1 | 0 | 0 | -1 | 0 | 0 | -1 | 0 | 0 | -1 | 0 | 0 | -2 | -41< | -9 | >118 ]
[ 128 | 4 | 0 | 0 | -1 | 0 | 0 | -1 | 0 | 0 | -1 | 0 | 0 | -1 | 0 | 0 | -1 | 0 | 0 | -1 | 0 | 0 | -2 | -42< | -9 | >118 ]
[ >128 | 4 | 0 | 0 | -1 | 0 | 0 | -1 | 0 | 0 | -1 | 0 | 0 | -1 | 0 | 0 | -1 | 0 | 0 | -1 | 0 | 0 | -2 | -42< | -9 | 118 ]

===== CropCircleBot won the battle after 100 cycles =====



===== Starting battle of <PrussianRoulette> vs <CropCircleBot> with memory tape size: 27 =====

[ >128 | 0 | 0 | 0 | 0 | 0 | 0 | 0 | 0 | 0 | 0 | 0 | 0 | 0 | 0 | 0 | 0 | 0 | 0 | 0 | 0 | 0 | 0 | 0 | 0 | 0 | 128< ]
[ 128 | >0 | 0 | 0 | 0 | 0 | 0 | 0 | 0 | 0 | 0 | 0 | 0 | 0 | 0 | 0 | 0 | 0 | 0 | 0 | 0 | 0 | 0 | 0 | 0 | 0 | 128< ]
[ 128 | >1 | 0 | 0 | 0 | 0 | 0 | 0 | 0 | 0 | 0 | 0 | 0 | 0 | 0 | 0 | 0 | 0 | 0 | 0 | 0 | 0 | 0 | 0 | 0 | 0< | 128 ]
[ 128 | >2 | 0 | 0 | 0 | 0 | 0 | 0 | 0 | 0 | 0 | 0 | 0 | 0 | 0 | 0 | 0 | 0 | 0 | 0 | 0 | 0 | 0 | 0 | 0< | 0 | 128 ]
[ 128 | >3 | 0 | 0 | 0 | 0 | 0 | 0 | 0 | 0 | 0 | 0 | 0 | 0 | 0 | 0 | 0 | 0 | 0 | 0 | 0 | 0 | 0 | 0 | 0< | 0 | 128 ]
[ 128 | >4 | 0 | 0 | 0 | 0 | 0 | 0 | 0 | 0 | 0 | 0 | 0 | 0 | 0 | 0 | 0 | 0 | 0 | 0 | 0 | 0 | 0 | 0 | 0< | 0 | 128 ]
[ 128 | >5 | 0 | 0 | 0 | 0 | 0 | 0 | 0 | 0 | 0 | 0 | 0 | 0 | 0 | 0 | 0 | 0 | 0 | 0 | 0 | 0 | 0 | 0 | -1< | 0 | 128 ]
[ 128 | >4 | 0 | 0 | 0 | 0 | 0 | 0 | 0 | 0 | 0 | 0 | 0 | 0 | 0 | 0 | 0 | 0 | 0 | 0 | 0 | 0 | 0 | 0 | -1 | 0< | 128 ]
[ 128 | >4 | 0 | 0 | 0 | 0 | 0 | 0 | 0 | 0 | 0 | 0 | 0 | 0 | 0 | 0 | 0 | 0 | 0 | 0 | 0 | 0 | 0 | 0 | -1 | 0< | 128 ]
[ 128 | >4 | 0 | 0 | 0 | 0 | 0 | 0 | 0 | 0 | 0 | 0 | 0 | 0 | 0 | 0 | 0 | 0 | 0 | 0 | 0 | 0 | 0 | 0 | -1 | 0< | 128 ]
[ 128 | 4 | >0 | 0 | 0 | 0 | 0 | 0 | 0 | 0 | 0 | 0 | 0 | 0 | 0 | 0 | 0 | 0 | 0 | 0 | 0 | 0 | 0 | 0 | -1 | 1< | 128 ]
[ 128 | 4 | >0 | 0 | 0 | 0 | 0 | 0 | 0 | 0 | 0 | 0 | 0 | 0 | 0 | 0 | 0 | 0 | 0 | 0 | 0 | 0 | 0 | 0 | -1 | 1< | 128 ]
[ 128 | 4 | >0 | 0 | 0 | 0 | 0 | 0 | 0 | 0 | 0 | 0 | 0 | 0 | 0 | 0 | 0 | 0 | 0 | 0 | 0 | 0 | 0 | 0 | -1< | 1 | 128 ]
[ 128 | 4 | >0 | 0 | 0 | 0 | 0 | 0 | 0 | 0 | 0 | 0 | 0 | 0 | 0 | 0 | 0 | 0 | 0 | 0 | 0 | 0 | 0 | 0< | -1 | 1 | 128 ]
[ 128 | 4 | 0 | >0 | 0 | 0 | 0 | 0 | 0 | 0 | 0 | 0 | 0 | 0 | 0 | 0 | 0 | 0 | 0 | 0 | 0 | 0 | 0 | 0< | -1 | 1 | 128 ]
[ 128 | 4 | 0 | 0 | >0 | 0 | 0 | 0 | 0 | 0 | 0 | 0 | 0 | 0 | 0 | 0 | 0 | 0 | 0 | 0 | 0 | 0 | 0 | 0< | -1 | 1 | 128 ]
[ 128 | 4 | 0 | 0 | >-1 | 0 | 0 | 0 | 0 | 0 | 0 | 0 | 0 | 0 | 0 | 0 | 0 | 0 | 0 | 0 | 0 | 0 | 0 | -1< | -1 | 1 | 128 ]
[ 128 | 4 | 0 | 0 | >-1 | 0 | 0 | 0 | 0 | 0 | 0 | 0 | 0 | 0 | 0 | 0 | 0 | 0 | 0 | 0 | 0 | 0 | 0 | -1 | -1< | 1 | 128 ]
[ 128 | 4 | 0 | 0 | >-1 | 0 | 0 | 0 | 0 | 0 | 0 | 0 | 0 | 0 | 0 | 0 | 0 | 0 | 0 | 0 | 0 | 0 | 0 | -1 | -1< | 1 | 128 ]
[ 128 | 4 | 0 | 0 | -1 | >0 | 0 | 0 | 0 | 0 | 0 | 0 | 0 | 0 | 0 | 0 | 0 | 0 | 0 | 0 | 0 | 0 | 0 | -1 | -2< | 1 | 128 ]
[ 128 | 4 | 0 | 0 | -1 | >0 | 0 | 0 | 0 | 0 | 0 | 0 | 0 | 0 | 0 | 0 | 0 | 0 | 0 | 0 | 0 | 0 | 0 | -1 | -2< | 1 | 128 ]
[ 128 | 4 | 0 | 0 | -1 | >0 | 0 | 0 | 0 | 0 | 0 | 0 | 0 | 0 | 0 | 0 | 0 | 0 | 0 | 0 | 0 | 0 | 0 | -1 | -3< | 1 | 128 ]
[ 128 | 4 | 0 | 0 | -1 | >0 | 0 | 0 | 0 | 0 | 0 | 0 | 0 | 0 | 0 | 0 | 0 | 0 | 0 | 0 | 0 | 0 | 0 | -1 | -3< | 1 | 128 ]
[ 128 | 4 | 0 | 0 | -1 | 0 | >0 | 0 | 0 | 0 | 0 | 0 | 0 | 0 | 0 | 0 | 0 | 0 | 0 | 0 | 0 | 0 | 0 | -1 | -4< | 1 | 128 ]
[ 128 | 4 | 0 | 0 | -1 | 0 | 0 | >0 | 0 | 0 | 0 | 0 | 0 | 0 | 0 | 0 | 0 | 0 | 0 | 0 | 0 | 0 | 0 | -1 | -4< | 1 | 128 ]
[ 128 | 4 | 0 | 0 | -1 | 0 | 0 | >-1 | 0 | 0 | 0 | 0 | 0 | 0 | 0 | 0 | 0 | 0 | 0 | 0 | 0 | 0 | 0 | -1 | -5< | 1 | 128 ]
[ 128 | 4 | 0 | 0 | -1 | 0 | 0 | >-1 | 0 | 0 | 0 | 0 | 0 | 0 | 0 | 0 | 0 | 0 | 0 | 0 | 0 | 0 | 0 | -1 | -5< | 1 | 128 ]
[ 128 | 4 | 0 | 0 | -1 | 0 | 0 | >-1 | 0 | 0 | 0 | 0 | 0 | 0 | 0 | 0 | 0 | 0 | 0 | 0 | 0 | 0 | 0 | -1 | -6< | 1 | 128 ]
[ 128 | 4 | 0 | 0 | -1 | 0 | 0 | -1 | >0 | 0 | 0 | 0 | 0 | 0 | 0 | 0 | 0 | 0 | 0 | 0 | 0 | 0 | 0 | -1 | -6< | 1 | 128 ]
[ 128 | 4 | 0 | 0 | -1 | 0 | 0 | -1 | >0 | 0 | 0 | 0 | 0 | 0 | 0 | 0 | 0 | 0 | 0 | 0 | 0 | 0 | 0 | -1 | -7< | 1 | 128 ]
[ 128 | 4 | 0 | 0 | -1 | 0 | 0 | -1 | >0 | 0 | 0 | 0 | 0 | 0 | 0 | 0 | 0 | 0 | 0 | 0 | 0 | 0 | 0 | -1 | -7< | 1 | 128 ]
[ 128 | 4 | 0 | 0 | -1 | 0 | 0 | -1 | >0 | 0 | 0 | 0 | 0 | 0 | 0 | 0 | 0 | 0 | 0 | 0 | 0 | 0 | 0 | -1 | -8< | 1 | 128 ]
[ 128 | 4 | 0 | 0 | -1 | 0 | 0 | -1 | 0 | >0 | 0 | 0 | 0 | 0 | 0 | 0 | 0 | 0 | 0 | 0 | 0 | 0 | 0 | -1 | -8< | 1 | 128 ]
[ 128 | 4 | 0 | 0 | -1 | 0 | 0 | -1 | 0 | 0 | >0 | 0 | 0 | 0 | 0 | 0 | 0 | 0 | 0 | 0 | 0 | 0 | 0 | -1 | -9< | 1 | 128 ]
[ 128 | 4 | 0 | 0 | -1 | 0 | 0 | -1 | 0 | 0 | >-1 | 0 | 0 | 0 | 0 | 0 | 0 | 0 | 0 | 0 | 0 | 0 | 0 | -1 | -9< | 1 | 128 ]
[ 128 | 4 | 0 | 0 | -1 | 0 | 0 | -1 | 0 | 0 | >-1 | 0 | 0 | 0 | 0 | 0 | 0 | 0 | 0 | 0 | 0 | 0 | 0 | -1 | -10< | 1 | 128 ]
[ 128 | 4 | 0 | 0 | -1 | 0 | 0 | -1 | 0 | 0 | >-1 | 0 | 0 | 0 | 0 | 0 | 0 | 0 | 0 | 0 | 0 | 0 | 0 | -1 | -10< | 1 | 128 ]
[ 128 | 4 | 0 | 0 | -1 | 0 | 0 | -1 | 0 | 0 | -1 | >0 | 0 | 0 | 0 | 0 | 0 | 0 | 0 | 0 | 0 | 0 | 0 | -1 | -11< | 1 | 128 ]
[ 128 | 4 | 0 | 0 | -1 | 0 | 0 | -1 | 0 | 0 | -1 | >0 | 0 | 0 | 0 | 0 | 0 | 0 | 0 | 0 | 0 | 0 | 0 | -1 | -11< | 1 | 128 ]
[ 128 | 4 | 0 | 0 | -1 | 0 | 0 | -1 | 0 | 0 | -1 | >0 | 0 | 0 | 0 | 0 | 0 | 0 | 0 | 0 | 0 | 0 | 0 | -1 | -12< | 1 | 128 ]
[ 128 | 4 | 0 | 0 | -1 | 0 | 0 | -1 | 0 | 0 | -1 | >0 | 0 | 0 | 0 | 0 | 0 | 0 | 0 | 0 | 0 | 0 | 0 | -1 | -12< | 1 | 128 ]
[ 128 | 4 | 0 | 0 | -1 | 0 | 0 | -1 | 0 | 0 | -1 | 0 | >0 | 0 | 0 | 0 | 0 | 0 | 0 | 0 | 0 | 0 | 0 | -1 | -13< | 1 | 128 ]
[ 128 | 4 | 0 | 0 | -1 | 0 | 0 | -1 | 0 | 0 | -1 | 0 | 0 | >0 | 0 | 0 | 0 | 0 | 0 | 0 | 0 | 0 | 0 | -1 | -13< | 1 | 128 ]
[ 128 | 4 | 0 | 0 | -1 | 0 | 0 | -1 | 0 | 0 | -1 | 0 | 0 | >-1 | 0 | 0 | 0 | 0 | 0 | 0 | 0 | 0 | 0 | -1 | -14< | 1 | 128 ]
[ 128 | 4 | 0 | 0 | -1 | 0 | 0 | -1 | 0 | 0 | -1 | 0 | 0 | >-1 | 0 | 0 | 0 | 0 | 0 | 0 | 0 | 0 | 0 | -1 | -14< | 1 | 128 ]
[ 128 | 4 | 0 | 0 | -1 | 0 | 0 | -1 | 0 | 0 | -1 | 0 | 0 | >-1 | 0 | 0 | 0 | 0 | 0 | 0 | 0 | 0 | 0 | -1 | -15< | 1 | 128 ]
[ 128 | 4 | 0 | 0 | -1 | 0 | 0 | -1 | 0 | 0 | -1 | 0 | 0 | -1 | >0 | 0 | 0 | 0 | 0 | 0 | 0 | 0 | 0 | -1 | -15< | 1 | 128 ]
[ 128 | 4 | 0 | 0 | -1 | 0 | 0 | -1 | 0 | 0 | -1 | 0 | 0 | -1 | >0 | 0 | 0 | 0 | 0 | 0 | 0 | 0 | 0 | -1 | -16< | 1 | 128 ]
[ 128 | 4 | 0 | 0 | -1 | 0 | 0 | -1 | 0 | 0 | -1 | 0 | 0 | -1 | >0 | 0 | 0 | 0 | 0 | 0 | 0 | 0 | 0 | -1 | -16< | 1 | 128 ]
[ 128 | 4 | 0 | 0 | -1 | 0 | 0 | -1 | 0 | 0 | -1 | 0 | 0 | -1 | >0 | 0 | 0 | 0 | 0 | 0 | 0 | 0 | 0 | -1 | -17< | 1 | 128 ]
[ 128 | 4 | 0 | 0 | -1 | 0 | 0 | -1 | 0 | 0 | -1 | 0 | 0 | -1 | 0 | >0 | 0 | 0 | 0 | 0 | 0 | 0 | 0 | -1 | -17< | 1 | 128 ]
[ 128 | 4 | 0 | 0 | -1 | 0 | 0 | -1 | 0 | 0 | -1 | 0 | 0 | -1 | 0 | 0 | >0 | 0 | 0 | 0 | 0 | 0 | 0 | -1 | -18< | 1 | 128 ]
[ 128 | 4 | 0 | 0 | -1 | 0 | 0 | -1 | 0 | 0 | -1 | 0 | 0 | -1 | 0 | 0 | >-1 | 0 | 0 | 0 | 0 | 0 | 0 | -1 | -18< | 1 | 128 ]
[ 128 | 4 | 0 | 0 | -1 | 0 | 0 | -1 | 0 | 0 | -1 | 0 | 0 | -1 | 0 | 0 | >-1 | 0 | 0 | 0 | 0 | 0 | 0 | -1 | -19< | 1 | 128 ]
[ 128 | 4 | 0 | 0 | -1 | 0 | 0 | -1 | 0 | 0 | -1 | 0 | 0 | -1 | 0 | 0 | >-1 | 0 | 0 | 0 | 0 | 0 | 0 | -1 | -19< | 1 | 128 ]
[ 128 | 4 | 0 | 0 | -1 | 0 | 0 | -1 | 0 | 0 | -1 | 0 | 0 | -1 | 0 | 0 | -1 | >0 | 0 | 0 | 0 | 0 | 0 | -1 | -20< | 1 | 128 ]
[ 128 | 4 | 0 | 0 | -1 | 0 | 0 | -1 | 0 | 0 | -1 | 0 | 0 | -1 | 0 | 0 | -1 | >0 | 0 | 0 | 0 | 0 | 0 | -1 | -20< | 1 | 128 ]
[ 128 | 4 | 0 | 0 | -1 | 0 | 0 | -1 | 0 | 0 | -1 | 0 | 0 | -1 | 0 | 0 | -1 | >0 | 0 | 0 | 0 | 0 | 0 | -1 | -21< | 1 | 128 ]
[ 128 | 4 | 0 | 0 | -1 | 0 | 0 | -1 | 0 | 0 | -1 | 0 | 0 | -1 | 0 | 0 | -1 | >0 | 0 | 0 | 0 | 0 | 0 | -1 | -21< | 1 | 128 ]
[ 128 | 4 | 0 | 0 | -1 | 0 | 0 | -1 | 0 | 0 | -1 | 0 | 0 | -1 | 0 | 0 | -1 | 0 | >0 | 0 | 0 | 0 | 0 | -1 | -22< | 1 | 128 ]
[ 128 | 4 | 0 | 0 | -1 | 0 | 0 | -1 | 0 | 0 | -1 | 0 | 0 | -1 | 0 | 0 | -1 | 0 | 0 | >0 | 0 | 0 | 0 | -1 | -22< | 1 | 128 ]
[ 128 | 4 | 0 | 0 | -1 | 0 | 0 | -1 | 0 | 0 | -1 | 0 | 0 | -1 | 0 | 0 | -1 | 0 | 0 | >-1 | 0 | 0 | 0 | -1 | -23< | 1 | 128 ]
[ 128 | 4 | 0 | 0 | -1 | 0 | 0 | -1 | 0 | 0 | -1 | 0 | 0 | -1 | 0 | 0 | -1 | 0 | 0 | >-1 | 0 | 0 | 0 | -1 | -23< | 1 | 128 ]
[ 128 | 4 | 0 | 0 | -1 | 0 | 0 | -1 | 0 | 0 | -1 | 0 | 0 | -1 | 0 | 0 | -1 | 0 | 0 | >-1 | 0 | 0 | 0 | -1 | -24< | 1 | 128 ]
[ 128 | 4 | 0 | 0 | -1 | 0 | 0 | -1 | 0 | 0 | -1 | 0 | 0 | -1 | 0 | 0 | -1 | 0 | 0 | -1 | >0 | 0 | 0 | -1 | -24< | 1 | 128 ]
[ 128 | 4 | 0 | 0 | -1 | 0 | 0 | -1 | 0 | 0 | -1 | 0 | 0 | -1 | 0 | 0 | -1 | 0 | 0 | -1 | >0 | 0 | 0 | -1 | -25< | 1 | 128 ]
[ 128 | 4 | 0 | 0 | -1 | 0 | 0 | -1 | 0 | 0 | -1 | 0 | 0 | -1 | 0 | 0 | -1 | 0 | 0 | -1 | >0 | 0 | 0 | -1 | -25< | 1 | 128 ]
[ 128 | 4 | 0 | 0 | -1 | 0 | 0 | -1 | 0 | 0 | -1 | 0 | 0 | -1 | 0 | 0 | -1 | 0 | 0 | -1 | >0 | 0 | 0 | -1 | -26< | 1 | 128 ]
[ 128 | 4 | 0 | 0 | -1 | 0 | 0 | -1 | 0 | 0 | -1 | 0 | 0 | -1 | 0 | 0 | -1 | 0 | 0 | -1 | 0 | >0 | 0 | -1 | -26< | 1 | 128 ]
[ 128 | 4 | 0 | 0 | -1 | 0 | 0 | -1 | 0 | 0 | -1 | 0 | 0 | -1 | 0 | 0 | -1 | 0 | 0 | -1 | 0 | 0 | >0 | -1 | -27< | 1 | 128 ]
[ 128 | 4 | 0 | 0 | -1 | 0 | 0 | -1 | 0 | 0 | -1 | 0 | 0 | -1 | 0 | 0 | -1 | 0 | 0 | -1 | 0 | 0 | >-1 | -1 | -27< | 1 | 128 ]
[ 128 | 4 | 0 | 0 | -1 | 0 | 0 | -1 | 0 | 0 | -1 | 0 | 0 | -1 | 0 | 0 | -1 | 0 | 0 | -1 | 0 | 0 | >-1 | -1 | -28< | 1 | 128 ]
[ 128 | 4 | 0 | 0 | -1 | 0 | 0 | -1 | 0 | 0 | -1 | 0 | 0 | -1 | 0 | 0 | -1 | 0 | 0 | -1 | 0 | 0 | >-1 | -1 | -28< | 1 | 128 ]
[ 128 | 4 | 0 | 0 | -1 | 0 | 0 | -1 | 0 | 0 | -1 | 0 | 0 | -1 | 0 | 0 | -1 | 0 | 0 | -1 | 0 | 0 | -1 | >-1 | -29< | 1 | 128 ]
[ 128 | 4 | 0 | 0 | -1 | 0 | 0 | -1 | 0 | 0 | -1 | 0 | 0 | -1 | 0 | 0 | -1 | 0 | 0 | -1 | 0 | 0 | -1 | >-1 | -29< | 1 | 128 ]
[ 128 | 4 | 0 | 0 | -1 | 0 | 0 | -1 | 0 | 0 | -1 | 0 | 0 | -1 | 0 | 0 | -1 | 0 | 0 | -1 | 0 | 0 | -1 | >-1 | -30< | 1 | 128 ]
[ 128 | 4 | 0 | 0 | -1 | 0 | 0 | -1 | 0 | 0 | -1 | 0 | 0 | -1 | 0 | 0 | -1 | 0 | 0 | -1 | 0 | 0 | -1 | -1 | >-30< | 1 | 128 ]
[ 128 | 4 | 0 | 0 | -1 | 0 | 0 | -1 | 0 | 0 | -1 | 0 | 0 | -1 | 0 | 0 | -1 | 0 | 0 | -1 | 0 | 0 | -1 | -1 | >-32< | 1 | 128 ]
[ 128 | 4 | 0 | 0 | -1 | 0 | 0 | -1 | 0 | 0 | -1 | 0 | 0 | -1 | 0 | 0 | -1 | 0 | 0 | -1 | 0 | 0 | -1 | -1 | >-33< | 1 | 128 ]
[ 128 | 4 | 0 | 0 | -1 | 0 | 0 | -1 | 0 | 0 | -1 | 0 | 0 | -1 | 0 | 0 | -1 | 0 | 0 | -1 | 0 | 0 | -1 | -1 | >-35< | 1 | 128 ]
[ 128 | 4 | 0 | 0 | -1 | 0 | 0 | -1 | 0 | 0 | -1 | 0 | 0 | -1 | 0 | 0 | -1 | 0 | 0 | -1 | 0 | 0 | -1 | -1 | >-36< | 1 | 128 ]
[ 128 | 4 | 0 | 0 | -1 | 0 | 0 | -1 | 0 | 0 | -1 | 0 | 0 | -1 | 0 | 0 | -1 | 0 | 0 | -1 | 0 | 0 | -1 | -1 | >-38< | 1 | 128 ]
[ 128 | 4 | 0 | 0 | -1 | 0 | 0 | -1 | 0 | 0 | -1 | 0 | 0 | -1 | 0 | 0 | -1 | 0 | 0 | -1 | 0 | 0 | -1 | -1 | >-39< | 1 | 128 ]
[ 128 | 4 | 0 | 0 | -1 | 0 | 0 | -1 | 0 | 0 | -1 | 0 | 0 | -1 | 0 | 0 | -1 | 0 | 0 | -1 | 0 | 0 | -1 | -1 | >-41< | 1 | 128 ]
[ 128 | 4 | 0 | 0 | -1 | 0 | 0 | -1 | 0 | 0 | -1 | 0 | 0 | -1 | 0 | 0 | -1 | 0 | 0 | -1 | 0 | 0 | -1 | -1 | >-42< | 1 | 128 ]
[ 128 | 4 | 0 | 0 | -1 | 0 | 0 | -1 | 0 | 0 | -1 | 0 | 0 | -1 | 0 | 0 | -1 | 0 | 0 | -1 | 0 | 0 | -1 | -1 | >-44< | 1 | 128 ]
[ 128 | 4 | 0 | 0 | -1 | 0 | 0 | -1 | 0 | 0 | -1 | 0 | 0 | -1 | 0 | 0 | -1 | 0 | 0 | -1 | 0 | 0 | -1 | -1 | >-45< | 1 | 128 ]
[ 128 | 4 | 0 | 0 | -1 | 0 | 0 | -1 | 0 | 0 | -1 | 0 | 0 | -1 | 0 | 0 | -1 | 0 | 0 | -1 | 0 | 0 | -1 | -1 | >-46< | 1 | 128 ]
[ 128 | 4 | 0 | 0 | -1 | 0 | 0 | -1 | 0 | 0 | -1 | 0 | 0 | -1 | 0 | 0 | -1 | 0 | 0 | -1 | 0 | 0 | -1 | -1 | -46< | >1 | 128 ]
[ 128 | 4 | 0 | 0 | -1 | 0 | 0 | -1 | 0 | 0 | -1 | 0 | 0 | -1 | 0 | 0 | -1 | 0 | 0 | -1 | 0 | 0 | -1 | -1 | -47< | >0 | 128 ]
[ 128 | 4 | 0 | 0 | -1 | 0 | 0 | -1 | 0 | 0 | -1 | 0 | 0 | -1 | 0 | 0 | -1 | 0 | 0 | -1 | 0 | 0 | -1 | -1 | -47< | >-1 | 128 ]
[ 128 | 4 | 0 | 0 | -1 | 0 | 0 | -1 | 0 | 0 | -1 | 0 | 0 | -1 | 0 | 0 | -1 | 0 | 0 | -1 | 0 | 0 | -1 | -1 | -48< | >-2 | 128 ]
[ 128 | 4 | 0 | 0 | -1 | 0 | 0 | -1 | 0 | 0 | -1 | 0 | 0 | -1 | 0 | 0 | -1 | 0 | 0 | -1 | 0 | 0 | -1 | -1 | -48< | >-3 | 128 ]
[ 128 | 4 | 0 | 0 | -1 | 0 | 0 | -1 | 0 | 0 | -1 | 0 | 0 | -1 | 0 | 0 | -1 | 0 | 0 | -1 | 0 | 0 | -1 | -1 | -49< | >-4 | 128 ]
[ 128 | 4 | 0 | 0 | -1 | 0 | 0 | -1 | 0 | 0 | -1 | 0 | 0 | -1 | 0 | 0 | -1 | 0 | 0 | -1 | 0 | 0 | -1 | -1 | -49< | >-5 | 128 ]
[ 128 | 4 | 0 | 0 | -1 | 0 | 0 | -1 | 0 | 0 | -1 | 0 | 0 | -1 | 0 | 0 | -1 | 0 | 0 | -1 | 0 | 0 | -1 | -1 | -50< | >-6 | 128 ]
[ 128 | 4 | 0 | 0 | -1 | 0 | 0 | -1 | 0 | 0 | -1 | 0 | 0 | -1 | 0 | 0 | -1 | 0 | 0 | -1 | 0 | 0 | -1 | -1 | -50< | >-7 | 128 ]
[ 128 | 4 | 0 | 0 | -1 | 0 | 0 | -1 | 0 | 0 | -1 | 0 | 0 | -1 | 0 | 0 | -1 | 0 | 0 | -1 | 0 | 0 | -1 | -1 | -51< | >-8 | 128 ]
[ 128 | 4 | 0 | 0 | -1 | 0 | 0 | -1 | 0 | 0 | -1 | 0 | 0 | -1 | 0 | 0 | -1 | 0 | 0 | -1 | 0 | 0 | -1 | -1 | -51< | >-9 | 128 ]
[ 128 | 4 | 0 | 0 | -1 | 0 | 0 | -1 | 0 | 0 | -1 | 0 | 0 | -1 | 0 | 0 | -1 | 0 | 0 | -1 | 0 | 0 | -1 | -1 | -52< | >-9 | 128 ]
[ 128 | 4 | 0 | 0 | -1 | 0 | 0 | -1 | 0 | 0 | -1 | 0 | 0 | -1 | 0 | 0 | -1 | 0 | 0 | -1 | 0 | 0 | -1 | -1 | -52< | -9 | >128 ]
[ 128 | 4 | 0 | 0 | -1 | 0 | 0 | -1 | 0 | 0 | -1 | 0 | 0 | -1 | 0 | 0 | -1 | 0 | 0 | -1 | 0 | 0 | -1 | -1 | -53< | -9 | >127 ]
[ 128 | 4 | 0 | 0 | -1 | 0 | 0 | -1 | 0 | 0 | -1 | 0 | 0 | -1 | 0 | 0 | -1 | 0 | 0 | -1 | 0 | 0 | -1 | -1 | -53< | -9 | >126 ]
[ 128 | 4 | 0 | 0 | -1 | 0 | 0 | -1 | 0 | 0 | -1 | 0 | 0 | -1 | 0 | 0 | -1 | 0 | 0 | -1 | 0 | 0 | -1 | -1 | -54< | -9 | >125 ]
[ 128 | 4 | 0 | 0 | -1 | 0 | 0 | -1 | 0 | 0 | -1 | 0 | 0 | -1 | 0 | 0 | -1 | 0 | 0 | -1 | 0 | 0 | -1 | -1 | -54< | -9 | >124 ]
[ 128 | 4 | 0 | 0 | -1 | 0 | 0 | -1 | 0 | 0 | -1 | 0 | 0 | -1 | 0 | 0 | -1 | 0 | 0 | -1 | 0 | 0 | -1 | -1 | -55< | -9 | >123 ]
[ 128 | 4 | 0 | 0 | -1 | 0 | 0 | -1 | 0 | 0 | -1 | 0 | 0 | -1 | 0 | 0 | -1 | 0 | 0 | -1 | 0 | 0 | -1 | -1 | -55< | -9 | >122 ]
[ 128 | 4 | 0 | 0 | -1 | 0 | 0 | -1 | 0 | 0 | -1 | 0 | 0 | -1 | 0 | 0 | -1 | 0 | 0 | -1 | 0 | 0 | -1 | -1 | -56< | -9 | >121 ]
[ 128 | 4 | 0 | 0 | -1 | 0 | 0 | -1 | 0 | 0 | -1 | 0 | 0 | -1 | 0 | 0 | -1 | 0 | 0 | -1 | 0 | 0 | -1 | -1 | -56< | -9 | >120 ]
[ 128 | 4 | 0 | 0 | -1 | 0 | 0 | -1 | 0 | 0 | -1 | 0 | 0 | -1 | 0 | 0 | -1 | 0 | 0 | -1 | 0 | 0 | -1 | -1 | -57< | -9 | >119 ]
[ 128 | 4 | 0 | 0 | -1 | 0 | 0 | -1 | 0 | 0 | -1 | 0 | 0 | -1 | 0 | 0 | -1 | 0 | 0 | -1 | 0 | 0 | -1 | -1 | -57< | -9 | >118 ]
[ 128 | 4 | 0 | 0 | -1 | 0 | 0 | -1 | 0 | 0 | -1 | 0 | 0 | -1 | 0 | 0 | -1 | 0 | 0 | -1 | 0 | 0 | -1 | -1 | -58< | -9 | >118 ]
[ >128 | 4 | 0 | 0 | -1 | 0 | 0 | -1 | 0 | 0 | -1 | 0 | 0 | -1 | 0 | 0 | -1 | 0 | 0 | -1 | 0 | 0 | -1 | -1 | -58< | -9 | 118 ]

===== CropCircleBot won the battle after 112 cycles =====



===== Starting battle of <PrussianRoulette> vs <CropCircleBot> with memory tape size: 26 =====

[ >128 | 0 | 0 | 0 | 0 | 0 | 0 | 0 | 0 | 0 | 0 | 0 | 0 | 0 | 0 | 0 | 0 | 0 | 0 | 0 | 0 | 0 | 0 | 0 | 0 | 128< ]
[ 128 | >0 | 0 | 0 | 0 | 0 | 0 | 0 | 0 | 0 | 0 | 0 | 0 | 0 | 0 | 0 | 0 | 0 | 0 | 0 | 0 | 0 | 0 | 0 | 0 | 128< ]
[ 128 | >1 | 0 | 0 | 0 | 0 | 0 | 0 | 0 | 0 | 0 | 0 | 0 | 0 | 0 | 0 | 0 | 0 | 0 | 0 | 0 | 0 | 0 | 0 | 0< | 128 ]
[ 128 | >2 | 0 | 0 | 0 | 0 | 0 | 0 | 0 | 0 | 0 | 0 | 0 | 0 | 0 | 0 | 0 | 0 | 0 | 0 | 0 | 0 | 0 | 0< | 0 | 128 ]
[ 128 | >3 | 0 | 0 | 0 | 0 | 0 | 0 | 0 | 0 | 0 | 0 | 0 | 0 | 0 | 0 | 0 | 0 | 0 | 0 | 0 | 0 | 0 | 0< | 0 | 128 ]
[ 128 | >4 | 0 | 0 | 0 | 0 | 0 | 0 | 0 | 0 | 0 | 0 | 0 | 0 | 0 | 0 | 0 | 0 | 0 | 0 | 0 | 0 | 0 | 0< | 0 | 128 ]
[ 128 | >5 | 0 | 0 | 0 | 0 | 0 | 0 | 0 | 0 | 0 | 0 | 0 | 0 | 0 | 0 | 0 | 0 | 0 | 0 | 0 | 0 | 0 | -1< | 0 | 128 ]
[ 128 | >4 | 0 | 0 | 0 | 0 | 0 | 0 | 0 | 0 | 0 | 0 | 0 | 0 | 0 | 0 | 0 | 0 | 0 | 0 | 0 | 0 | 0 | -1 | 0< | 128 ]
[ 128 | >4 | 0 | 0 | 0 | 0 | 0 | 0 | 0 | 0 | 0 | 0 | 0 | 0 | 0 | 0 | 0 | 0 | 0 | 0 | 0 | 0 | 0 | -1 | 0< | 128 ]
[ 128 | >4 | 0 | 0 | 0 | 0 | 0 | 0 | 0 | 0 | 0 | 0 | 0 | 0 | 0 | 0 | 0 | 0 | 0 | 0 | 0 | 0 | 0 | -1 | 0< | 128 ]
[ 128 | 4 | >0 | 0 | 0 | 0 | 0 | 0 | 0 | 0 | 0 | 0 | 0 | 0 | 0 | 0 | 0 | 0 | 0 | 0 | 0 | 0 | 0 | -1 | 1< | 128 ]
[ 128 | 4 | >0 | 0 | 0 | 0 | 0 | 0 | 0 | 0 | 0 | 0 | 0 | 0 | 0 | 0 | 0 | 0 | 0 | 0 | 0 | 0 | 0 | -1 | 1< | 128 ]
[ 128 | 4 | >0 | 0 | 0 | 0 | 0 | 0 | 0 | 0 | 0 | 0 | 0 | 0 | 0 | 0 | 0 | 0 | 0 | 0 | 0 | 0 | 0 | -1< | 1 | 128 ]
[ 128 | 4 | >0 | 0 | 0 | 0 | 0 | 0 | 0 | 0 | 0 | 0 | 0 | 0 | 0 | 0 | 0 | 0 | 0 | 0 | 0 | 0 | 0< | -1 | 1 | 128 ]
[ 128 | 4 | 0 | >0 | 0 | 0 | 0 | 0 | 0 | 0 | 0 | 0 | 0 | 0 | 0 | 0 | 0 | 0 | 0 | 0 | 0 | 0 | 0< | -1 | 1 | 128 ]
[ 128 | 4 | 0 | 0 | >0 | 0 | 0 | 0 | 0 | 0 | 0 | 0 | 0 | 0 | 0 | 0 | 0 | 0 | 0 | 0 | 0 | 0 | 0< | -1 | 1 | 128 ]
[ 128 | 4 | 0 | 0 | >-1 | 0 | 0 | 0 | 0 | 0 | 0 | 0 | 0 | 0 | 0 | 0 | 0 | 0 | 0 | 0 | 0 | 0 | -1< | -1 | 1 | 128 ]
[ 128 | 4 | 0 | 0 | >-1 | 0 | 0 | 0 | 0 | 0 | 0 | 0 | 0 | 0 | 0 | 0 | 0 | 0 | 0 | 0 | 0 | 0 | -1 | -1< | 1 | 128 ]
[ 128 | 4 | 0 | 0 | >-1 | 0 | 0 | 0 | 0 | 0 | 0 | 0 | 0 | 0 | 0 | 0 | 0 | 0 | 0 | 0 | 0 | 0 | -1 | -1< | 1 | 128 ]
[ 128 | 4 | 0 | 0 | -1 | >0 | 0 | 0 | 0 | 0 | 0 | 0 | 0 | 0 | 0 | 0 | 0 | 0 | 0 | 0 | 0 | 0 | -1 | -2< | 1 | 128 ]
[ 128 | 4 | 0 | 0 | -1 | >0 | 0 | 0 | 0 | 0 | 0 | 0 | 0 | 0 | 0 | 0 | 0 | 0 | 0 | 0 | 0 | 0 | -1 | -2< | 1 | 128 ]
[ 128 | 4 | 0 | 0 | -1 | >0 | 0 | 0 | 0 | 0 | 0 | 0 | 0 | 0 | 0 | 0 | 0 | 0 | 0 | 0 | 0 | 0 | -1 | -3< | 1 | 128 ]
[ 128 | 4 | 0 | 0 | -1 | >0 | 0 | 0 | 0 | 0 | 0 | 0 | 0 | 0 | 0 | 0 | 0 | 0 | 0 | 0 | 0 | 0 | -1 | -3< | 1 | 128 ]
[ 128 | 4 | 0 | 0 | -1 | 0 | >0 | 0 | 0 | 0 | 0 | 0 | 0 | 0 | 0 | 0 | 0 | 0 | 0 | 0 | 0 | 0 | -1 | -4< | 1 | 128 ]
[ 128 | 4 | 0 | 0 | -1 | 0 | 0 | >0 | 0 | 0 | 0 | 0 | 0 | 0 | 0 | 0 | 0 | 0 | 0 | 0 | 0 | 0 | -1 | -4< | 1 | 128 ]
[ 128 | 4 | 0 | 0 | -1 | 0 | 0 | >-1 | 0 | 0 | 0 | 0 | 0 | 0 | 0 | 0 | 0 | 0 | 0 | 0 | 0 | 0 | -1 | -5< | 1 | 128 ]
[ 128 | 4 | 0 | 0 | -1 | 0 | 0 | >-1 | 0 | 0 | 0 | 0 | 0 | 0 | 0 | 0 | 0 | 0 | 0 | 0 | 0 | 0 | -1 | -5< | 1 | 128 ]
[ 128 | 4 | 0 | 0 | -1 | 0 | 0 | >-1 | 0 | 0 | 0 | 0 | 0 | 0 | 0 | 0 | 0 | 0 | 0 | 0 | 0 | 0 | -1 | -6< | 1 | 128 ]
[ 128 | 4 | 0 | 0 | -1 | 0 | 0 | -1 | >0 | 0 | 0 | 0 | 0 | 0 | 0 | 0 | 0 | 0 | 0 | 0 | 0 | 0 | -1 | -6< | 1 | 128 ]
[ 128 | 4 | 0 | 0 | -1 | 0 | 0 | -1 | >0 | 0 | 0 | 0 | 0 | 0 | 0 | 0 | 0 | 0 | 0 | 0 | 0 | 0 | -1 | -7< | 1 | 128 ]
[ 128 | 4 | 0 | 0 | -1 | 0 | 0 | -1 | >0 | 0 | 0 | 0 | 0 | 0 | 0 | 0 | 0 | 0 | 0 | 0 | 0 | 0 | -1 | -7< | 1 | 128 ]
[ 128 | 4 | 0 | 0 | -1 | 0 | 0 | -1 | >0 | 0 | 0 | 0 | 0 | 0 | 0 | 0 | 0 | 0 | 0 | 0 | 0 | 0 | -1 | -8< | 1 | 128 ]
[ 128 | 4 | 0 | 0 | -1 | 0 | 0 | -1 | 0 | >0 | 0 | 0 | 0 | 0 | 0 | 0 | 0 | 0 | 0 | 0 | 0 | 0 | -1 | -8< | 1 | 128 ]
[ 128 | 4 | 0 | 0 | -1 | 0 | 0 | -1 | 0 | 0 | >0 | 0 | 0 | 0 | 0 | 0 | 0 | 0 | 0 | 0 | 0 | 0 | -1 | -9< | 1 | 128 ]
[ 128 | 4 | 0 | 0 | -1 | 0 | 0 | -1 | 0 | 0 | >-1 | 0 | 0 | 0 | 0 | 0 | 0 | 0 | 0 | 0 | 0 | 0 | -1 | -9< | 1 | 128 ]
[ 128 | 4 | 0 | 0 | -1 | 0 | 0 | -1 | 0 | 0 | >-1 | 0 | 0 | 0 | 0 | 0 | 0 | 0 | 0 | 0 | 0 | 0 | -1 | -10< | 1 | 128 ]
[ 128 | 4 | 0 | 0 | -1 | 0 | 0 | -1 | 0 | 0 | >-1 | 0 | 0 | 0 | 0 | 0 | 0 | 0 | 0 | 0 | 0 | 0 | -1 | -10< | 1 | 128 ]
[ 128 | 4 | 0 | 0 | -1 | 0 | 0 | -1 | 0 | 0 | -1 | >0 | 0 | 0 | 0 | 0 | 0 | 0 | 0 | 0 | 0 | 0 | -1 | -11< | 1 | 128 ]
[ 128 | 4 | 0 | 0 | -1 | 0 | 0 | -1 | 0 | 0 | -1 | >0 | 0 | 0 | 0 | 0 | 0 | 0 | 0 | 0 | 0 | 0 | -1 | -11< | 1 | 128 ]
[ 128 | 4 | 0 | 0 | -1 | 0 | 0 | -1 | 0 | 0 | -1 | >0 | 0 | 0 | 0 | 0 | 0 | 0 | 0 | 0 | 0 | 0 | -1 | -12< | 1 | 128 ]
[ 128 | 4 | 0 | 0 | -1 | 0 | 0 | -1 | 0 | 0 | -1 | >0 | 0 | 0 | 0 | 0 | 0 | 0 | 0 | 0 | 0 | 0 | -1 | -12< | 1 | 128 ]
[ 128 | 4 | 0 | 0 | -1 | 0 | 0 | -1 | 0 | 0 | -1 | 0 | >0 | 0 | 0 | 0 | 0 | 0 | 0 | 0 | 0 | 0 | -1 | -13< | 1 | 128 ]
[ 128 | 4 | 0 | 0 | -1 | 0 | 0 | -1 | 0 | 0 | -1 | 0 | 0 | >0 | 0 | 0 | 0 | 0 | 0 | 0 | 0 | 0 | -1 | -13< | 1 | 128 ]
[ 128 | 4 | 0 | 0 | -1 | 0 | 0 | -1 | 0 | 0 | -1 | 0 | 0 | >-1 | 0 | 0 | 0 | 0 | 0 | 0 | 0 | 0 | -1 | -14< | 1 | 128 ]
[ 128 | 4 | 0 | 0 | -1 | 0 | 0 | -1 | 0 | 0 | -1 | 0 | 0 | >-1 | 0 | 0 | 0 | 0 | 0 | 0 | 0 | 0 | -1 | -14< | 1 | 128 ]
[ 128 | 4 | 0 | 0 | -1 | 0 | 0 | -1 | 0 | 0 | -1 | 0 | 0 | >-1 | 0 | 0 | 0 | 0 | 0 | 0 | 0 | 0 | -1 | -15< | 1 | 128 ]
[ 128 | 4 | 0 | 0 | -1 | 0 | 0 | -1 | 0 | 0 | -1 | 0 | 0 | -1 | >0 | 0 | 0 | 0 | 0 | 0 | 0 | 0 | -1 | -15< | 1 | 128 ]
[ 128 | 4 | 0 | 0 | -1 | 0 | 0 | -1 | 0 | 0 | -1 | 0 | 0 | -1 | >0 | 0 | 0 | 0 | 0 | 0 | 0 | 0 | -1 | -16< | 1 | 128 ]
[ 128 | 4 | 0 | 0 | -1 | 0 | 0 | -1 | 0 | 0 | -1 | 0 | 0 | -1 | >0 | 0 | 0 | 0 | 0 | 0 | 0 | 0 | -1 | -16< | 1 | 128 ]
[ 128 | 4 | 0 | 0 | -1 | 0 | 0 | -1 | 0 | 0 | -1 | 0 | 0 | -1 | >0 | 0 | 0 | 0 | 0 | 0 | 0 | 0 | -1 | -17< | 1 | 128 ]
[ 128 | 4 | 0 | 0 | -1 | 0 | 0 | -1 | 0 | 0 | -1 | 0 | 0 | -1 | 0 | >0 | 0 | 0 | 0 | 0 | 0 | 0 | -1 | -17< | 1 | 128 ]
[ 128 | 4 | 0 | 0 | -1 | 0 | 0 | -1 | 0 | 0 | -1 | 0 | 0 | -1 | 0 | 0 | >0 | 0 | 0 | 0 | 0 | 0 | -1 | -18< | 1 | 128 ]
[ 128 | 4 | 0 | 0 | -1 | 0 | 0 | -1 | 0 | 0 | -1 | 0 | 0 | -1 | 0 | 0 | >-1 | 0 | 0 | 0 | 0 | 0 | -1 | -18< | 1 | 128 ]
[ 128 | 4 | 0 | 0 | -1 | 0 | 0 | -1 | 0 | 0 | -1 | 0 | 0 | -1 | 0 | 0 | >-1 | 0 | 0 | 0 | 0 | 0 | -1 | -19< | 1 | 128 ]
[ 128 | 4 | 0 | 0 | -1 | 0 | 0 | -1 | 0 | 0 | -1 | 0 | 0 | -1 | 0 | 0 | >-1 | 0 | 0 | 0 | 0 | 0 | -1 | -19< | 1 | 128 ]
[ 128 | 4 | 0 | 0 | -1 | 0 | 0 | -1 | 0 | 0 | -1 | 0 | 0 | -1 | 0 | 0 | -1 | >0 | 0 | 0 | 0 | 0 | -1 | -20< | 1 | 128 ]
[ 128 | 4 | 0 | 0 | -1 | 0 | 0 | -1 | 0 | 0 | -1 | 0 | 0 | -1 | 0 | 0 | -1 | >0 | 0 | 0 | 0 | 0 | -1 | -20< | 1 | 128 ]
[ 128 | 4 | 0 | 0 | -1 | 0 | 0 | -1 | 0 | 0 | -1 | 0 | 0 | -1 | 0 | 0 | -1 | >0 | 0 | 0 | 0 | 0 | -1 | -21< | 1 | 128 ]
[ 128 | 4 | 0 | 0 | -1 | 0 | 0 | -1 | 0 | 0 | -1 | 0 | 0 | -1 | 0 | 0 | -1 | >0 | 0 | 0 | 0 | 0 | -1 | -21< | 1 | 128 ]
[ 128 | 4 | 0 | 0 | -1 | 0 | 0 | -1 | 0 | 0 | -1 | 0 | 0 | -1 | 0 | 0 | -1 | 0 | >0 | 0 | 0 | 0 | -1 | -22< | 1 | 128 ]
[ 128 | 4 | 0 | 0 | -1 | 0 | 0 | -1 | 0 | 0 | -1 | 0 | 0 | -1 | 0 | 0 | -1 | 0 | 0 | >0 | 0 | 0 | -1 | -22< | 1 | 128 ]
[ 128 | 4 | 0 | 0 | -1 | 0 | 0 | -1 | 0 | 0 | -1 | 0 | 0 | -1 | 0 | 0 | -1 | 0 | 0 | >-1 | 0 | 0 | -1 | -23< | 1 | 128 ]
[ 128 | 4 | 0 | 0 | -1 | 0 | 0 | -1 | 0 | 0 | -1 | 0 | 0 | -1 | 0 | 0 | -1 | 0 | 0 | >-1 | 0 | 0 | -1 | -23< | 1 | 128 ]
[ 128 | 4 | 0 | 0 | -1 | 0 | 0 | -1 | 0 | 0 | -1 | 0 | 0 | -1 | 0 | 0 | -1 | 0 | 0 | >-1 | 0 | 0 | -1 | -24< | 1 | 128 ]
[ 128 | 4 | 0 | 0 | -1 | 0 | 0 | -1 | 0 | 0 | -1 | 0 | 0 | -1 | 0 | 0 | -1 | 0 | 0 | -1 | >0 | 0 | -1 | -24< | 1 | 128 ]
[ 128 | 4 | 0 | 0 | -1 | 0 | 0 | -1 | 0 | 0 | -1 | 0 | 0 | -1 | 0 | 0 | -1 | 0 | 0 | -1 | >0 | 0 | -1 | -25< | 1 | 128 ]
[ 128 | 4 | 0 | 0 | -1 | 0 | 0 | -1 | 0 | 0 | -1 | 0 | 0 | -1 | 0 | 0 | -1 | 0 | 0 | -1 | >0 | 0 | -1 | -25< | 1 | 128 ]
[ 128 | 4 | 0 | 0 | -1 | 0 | 0 | -1 | 0 | 0 | -1 | 0 | 0 | -1 | 0 | 0 | -1 | 0 | 0 | -1 | >0 | 0 | -1 | -26< | 1 | 128 ]
[ 128 | 4 | 0 | 0 | -1 | 0 | 0 | -1 | 0 | 0 | -1 | 0 | 0 | -1 | 0 | 0 | -1 | 0 | 0 | -1 | 0 | >0 | -1 | -26< | 1 | 128 ]
[ 128 | 4 | 0 | 0 | -1 | 0 | 0 | -1 | 0 | 0 | -1 | 0 | 0 | -1 | 0 | 0 | -1 | 0 | 0 | -1 | 0 | 0 | >-1 | -27< | 1 | 128 ]
[ 128 | 4 | 0 | 0 | -1 | 0 | 0 | -1 | 0 | 0 | -1 | 0 | 0 | -1 | 0 | 0 | -1 | 0 | 0 | -1 | 0 | 0 | >-2 | -27< | 1 | 128 ]
[ 128 | 4 | 0 | 0 | -1 | 0 | 0 | -1 | 0 | 0 | -1 | 0 | 0 | -1 | 0 | 0 | -1 | 0 | 0 | -1 | 0 | 0 | >-2 | -28< | 1 | 128 ]
[ 128 | 4 | 0 | 0 | -1 | 0 | 0 | -1 | 0 | 0 | -1 | 0 | 0 | -1 | 0 | 0 | -1 | 0 | 0 | -1 | 0 | 0 | >-2 | -28< | 1 | 128 ]
[ 128 | 4 | 0 | 0 | -1 | 0 | 0 | -1 | 0 | 0 | -1 | 0 | 0 | -1 | 0 | 0 | -1 | 0 | 0 | -1 | 0 | 0 | -2 | >-29< | 1 | 128 ]
[ 128 | 4 | 0 | 0 | -1 | 0 | 0 | -1 | 0 | 0 | -1 | 0 | 0 | -1 | 0 | 0 | -1 | 0 | 0 | -1 | 0 | 0 | -2 | >-29< | 1 | 128 ]
[ 128 | 4 | 0 | 0 | -1 | 0 | 0 | -1 | 0 | 0 | -1 | 0 | 0 | -1 | 0 | 0 | -1 | 0 | 0 | -1 | 0 | 0 | -2 | >-30< | 1 | 128 ]
[ 128 | 4 | 0 | 0 | -1 | 0 | 0 | -1 | 0 | 0 | -1 | 0 | 0 | -1 | 0 | 0 | -1 | 0 | 0 | -1 | 0 | 0 | -2 | -30< | >1 | 128 ]
[ 128 | 4 | 0 | 0 | -1 | 0 | 0 | -1 | 0 | 0 | -1 | 0 | 0 | -1 | 0 | 0 | -1 | 0 | 0 | -1 | 0 | 0 | -2 | -31< | >0 | 128 ]
[ 128 | 4 | 0 | 0 | -1 | 0 | 0 | -1 | 0 | 0 | -1 | 0 | 0 | -1 | 0 | 0 | -1 | 0 | 0 | -1 | 0 | 0 | -2 | -31< | >-1 | 128 ]
[ 128 | 4 | 0 | 0 | -1 | 0 | 0 | -1 | 0 | 0 | -1 | 0 | 0 | -1 | 0 | 0 | -1 | 0 | 0 | -1 | 0 | 0 | -2 | -32< | >-2 | 128 ]
[ 128 | 4 | 0 | 0 | -1 | 0 | 0 | -1 | 0 | 0 | -1 | 0 | 0 | -1 | 0 | 0 | -1 | 0 | 0 | -1 | 0 | 0 | -2 | -32< | >-3 | 128 ]
[ 128 | 4 | 0 | 0 | -1 | 0 | 0 | -1 | 0 | 0 | -1 | 0 | 0 | -1 | 0 | 0 | -1 | 0 | 0 | -1 | 0 | 0 | -2 | -33< | >-4 | 128 ]
[ 128 | 4 | 0 | 0 | -1 | 0 | 0 | -1 | 0 | 0 | -1 | 0 | 0 | -1 | 0 | 0 | -1 | 0 | 0 | -1 | 0 | 0 | -2 | -33< | >-5 | 128 ]
[ 128 | 4 | 0 | 0 | -1 | 0 | 0 | -1 | 0 | 0 | -1 | 0 | 0 | -1 | 0 | 0 | -1 | 0 | 0 | -1 | 0 | 0 | -2 | -34< | >-6 | 128 ]
[ 128 | 4 | 0 | 0 | -1 | 0 | 0 | -1 | 0 | 0 | -1 | 0 | 0 | -1 | 0 | 0 | -1 | 0 | 0 | -1 | 0 | 0 | -2 | -34< | >-7 | 128 ]
[ 128 | 4 | 0 | 0 | -1 | 0 | 0 | -1 | 0 | 0 | -1 | 0 | 0 | -1 | 0 | 0 | -1 | 0 | 0 | -1 | 0 | 0 | -2 | -35< | >-8 | 128 ]
[ 128 | 4 | 0 | 0 | -1 | 0 | 0 | -1 | 0 | 0 | -1 | 0 | 0 | -1 | 0 | 0 | -1 | 0 | 0 | -1 | 0 | 0 | -2 | -35< | >-9 | 128 ]
[ 128 | 4 | 0 | 0 | -1 | 0 | 0 | -1 | 0 | 0 | -1 | 0 | 0 | -1 | 0 | 0 | -1 | 0 | 0 | -1 | 0 | 0 | -2 | -36< | >-9 | 128 ]
[ 128 | 4 | 0 | 0 | -1 | 0 | 0 | -1 | 0 | 0 | -1 | 0 | 0 | -1 | 0 | 0 | -1 | 0 | 0 | -1 | 0 | 0 | -2 | -36< | -9 | >128 ]
[ 128 | 4 | 0 | 0 | -1 | 0 | 0 | -1 | 0 | 0 | -1 | 0 | 0 | -1 | 0 | 0 | -1 | 0 | 0 | -1 | 0 | 0 | -2 | -37< | -9 | >127 ]
[ 128 | 4 | 0 | 0 | -1 | 0 | 0 | -1 | 0 | 0 | -1 | 0 | 0 | -1 | 0 | 0 | -1 | 0 | 0 | -1 | 0 | 0 | -2 | -37< | -9 | >126 ]
[ 128 | 4 | 0 | 0 | -1 | 0 | 0 | -1 | 0 | 0 | -1 | 0 | 0 | -1 | 0 | 0 | -1 | 0 | 0 | -1 | 0 | 0 | -2 | -38< | -9 | >125 ]
[ 128 | 4 | 0 | 0 | -1 | 0 | 0 | -1 | 0 | 0 | -1 | 0 | 0 | -1 | 0 | 0 | -1 | 0 | 0 | -1 | 0 | 0 | -2 | -38< | -9 | >124 ]
[ 128 | 4 | 0 | 0 | -1 | 0 | 0 | -1 | 0 | 0 | -1 | 0 | 0 | -1 | 0 | 0 | -1 | 0 | 0 | -1 | 0 | 0 | -2 | -39< | -9 | >123 ]
[ 128 | 4 | 0 | 0 | -1 | 0 | 0 | -1 | 0 | 0 | -1 | 0 | 0 | -1 | 0 | 0 | -1 | 0 | 0 | -1 | 0 | 0 | -2 | -39< | -9 | >122 ]
[ 128 | 4 | 0 | 0 | -1 | 0 | 0 | -1 | 0 | 0 | -1 | 0 | 0 | -1 | 0 | 0 | -1 | 0 | 0 | -1 | 0 | 0 | -2 | -40< | -9 | >121 ]
[ 128 | 4 | 0 | 0 | -1 | 0 | 0 | -1 | 0 | 0 | -1 | 0 | 0 | -1 | 0 | 0 | -1 | 0 | 0 | -1 | 0 | 0 | -2 | -40< | -9 | >120 ]
[ 128 | 4 | 0 | 0 | -1 | 0 | 0 | -1 | 0 | 0 | -1 | 0 | 0 | -1 | 0 | 0 | -1 | 0 | 0 | -1 | 0 | 0 | -2 | -41< | -9 | >119 ]
[ 128 | 4 | 0 | 0 | -1 | 0 | 0 | -1 | 0 | 0 | -1 | 0 | 0 | -1 | 0 | 0 | -1 | 0 | 0 | -1 | 0 | 0 | -2 | -41< | -9 | >118 ]
[ 128 | 4 | 0 | 0 | -1 | 0 | 0 | -1 | 0 | 0 | -1 | 0 | 0 | -1 | 0 | 0 | -1 | 0 | 0 | -1 | 0 | 0 | -2 | -42< | -9 | >118 ]
[ >128 | 4 | 0 | 0 | -1 | 0 | 0 | -1 | 0 | 0 | -1 | 0 | 0 | -1 | 0 | 0 | -1 | 0 | 0 | -1 | 0 | 0 | -2 | -42< | -9 | 118 ]

===== CropCircleBot won the battle after 100 cycles =====



===== Starting battle of <PrussianRoulette> vs <CropCircleBot> with memory tape size: 11 =====

[ >128 | 0 | 0 | 0 | 0 | 0 | 0 | 0 | 0 | 0 | 128< ]
[ 128 | >0 | 0 | 0 | 0 | 0 | 0 | 0 | 0 | 0 | 128< ]
[ 128 | >1 | 0 | 0 | 0 | 0 | 0 | 0 | 0 | 0< | 128 ]
[ 128 | >2 | 0 | 0 | 0 | 0 | 0 | 0 | 0< | 0 | 128 ]
[ 128 | >3 | 0 | 0 | 0 | 0 | 0 | 0 | 0< | 0 | 128 ]
[ 128 | >4 | 0 | 0 | 0 | 0 | 0 | 0 | 0< | 0 | 128 ]
[ 128 | >5 | 0 | 0 | 0 | 0 | 0 | 0 | -1< | 0 | 128 ]
[ 128 | >4 | 0 | 0 | 0 | 0 | 0 | 0 | -1 | 0< | 128 ]
[ 128 | >4 | 0 | 0 | 0 | 0 | 0 | 0 | -1 | 0< | 128 ]
[ 128 | >4 | 0 | 0 | 0 | 0 | 0 | 0 | -1 | 0< | 128 ]
[ 128 | 4 | >0 | 0 | 0 | 0 | 0 | 0 | -1 | 1< | 128 ]
[ 128 | 4 | >0 | 0 | 0 | 0 | 0 | 0 | -1 | 1< | 128 ]
[ 128 | 4 | >0 | 0 | 0 | 0 | 0 | 0 | -1< | 1 | 128 ]
[ 128 | 4 | >0 | 0 | 0 | 0 | 0 | 0< | -1 | 1 | 128 ]
[ 128 | 4 | 0 | >0 | 0 | 0 | 0 | 0< | -1 | 1 | 128 ]
[ 128 | 4 | 0 | 0 | >0 | 0 | 0 | 0< | -1 | 1 | 128 ]
[ 128 | 4 | 0 | 0 | >-1 | 0 | 0 | -1< | -1 | 1 | 128 ]
[ 128 | 4 | 0 | 0 | >-1 | 0 | 0 | -1 | -1< | 1 | 128 ]
[ 128 | 4 | 0 | 0 | >-1 | 0 | 0 | -1 | -1< | 1 | 128 ]
[ 128 | 4 | 0 | 0 | -1 | >0 | 0 | -1 | -2< | 1 | 128 ]
[ 128 | 4 | 0 | 0 | -1 | >0 | 0 | -1 | -2< | 1 | 128 ]
[ 128 | 4 | 0 | 0 | -1 | >0 | 0 | -1 | -3< | 1 | 128 ]
[ 128 | 4 | 0 | 0 | -1 | >0 | 0 | -1 | -3< | 1 | 128 ]
[ 128 | 4 | 0 | 0 | -1 | 0 | >0 | -1 | -4< | 1 | 128 ]
[ 128 | 4 | 0 | 0 | -1 | 0 | 0 | >-1 | -4< | 1 | 128 ]
[ 128 | 4 | 0 | 0 | -1 | 0 | 0 | >-2 | -5< | 1 | 128 ]
[ 128 | 4 | 0 | 0 | -1 | 0 | 0 | >-2 | -5< | 1 | 128 ]
[ 128 | 4 | 0 | 0 | -1 | 0 | 0 | >-2 | -6< | 1 | 128 ]
[ 128 | 4 | 0 | 0 | -1 | 0 | 0 | -2 | >-6< | 1 | 128 ]
[ 128 | 4 | 0 | 0 | -1 | 0 | 0 | -2 | >-7< | 1 | 128 ]
[ 128 | 4 | 0 | 0 | -1 | 0 | 0 | -2 | >-7< | 1 | 128 ]
[ 128 | 4 | 0 | 0 | -1 | 0 | 0 | -2 | -8< | >1 | 128 ]
[ 128 | 4 | 0 | 0 | -1 | 0 | 0 | -2 | -8< | >0 | 128 ]
[ 128 | 4 | 0 | 0 | -1 | 0 | 0 | -2 | -9< | >-1 | 128 ]
[ 128 | 4 | 0 | 0 | -1 | 0 | 0 | -2 | -9< | >-2 | 128 ]
[ 128 | 4 | 0 | 0 | -1 | 0 | 0 | -2 | -10< | >-3 | 128 ]
[ 128 | 4 | 0 | 0 | -1 | 0 | 0 | -2 | -10< | >-4 | 128 ]
[ 128 | 4 | 0 | 0 | -1 | 0 | 0 | -2 | -11< | >-5 | 128 ]
[ 128 | 4 | 0 | 0 | -1 | 0 | 0 | -2 | -11< | >-6 | 128 ]
[ 128 | 4 | 0 | 0 | -1 | 0 | 0 | -2 | -12< | >-7 | 128 ]
[ 128 | 4 | 0 | 0 | -1 | 0 | 0 | -2 | -12< | >-8 | 128 ]
[ 128 | 4 | 0 | 0 | -1 | 0 | 0 | -2 | -13< | >-9 | 128 ]
[ 128 | 4 | 0 | 0 | -1 | 0 | 0 | -2 | -13< | >-9 | 128 ]
[ 128 | 4 | 0 | 0 | -1 | 0 | 0 | -2 | -14< | -9 | >128 ]
[ 128 | 4 | 0 | 0 | -1 | 0 | 0 | -2 | -14< | -9 | >127 ]
[ 128 | 4 | 0 | 0 | -1 | 0 | 0 | -2 | -15< | -9 | >126 ]
[ 128 | 4 | 0 | 0 | -1 | 0 | 0 | -2 | -15< | -9 | >125 ]
[ 128 | 4 | 0 | 0 | -1 | 0 | 0 | -2 | -16< | -9 | >124 ]
[ 128 | 4 | 0 | 0 | -1 | 0 | 0 | -2 | -16< | -9 | >123 ]
[ 128 | 4 | 0 | 0 | -1 | 0 | 0 | -2 | -17< | -9 | >122 ]
[ 128 | 4 | 0 | 0 | -1 | 0 | 0 | -2 | -17< | -9 | >121 ]
[ 128 | 4 | 0 | 0 | -1 | 0 | 0 | -2 | -18< | -9 | >120 ]
[ 128 | 4 | 0 | 0 | -1 | 0 | 0 | -2 | -18< | -9 | >119 ]
[ 128 | 4 | 0 | 0 | -1 | 0 | 0 | -2 | -19< | -9 | >118 ]
[ 128 | 4 | 0 | 0 | -1 | 0 | 0 | -2 | -19< | -9 | >118 ]
[ >128 | 4 | 0 | 0 | -1 | 0 | 0 | -2 | -20< | -9 | 118 ]

===== CropCircleBot won the battle after 55 cycles =====



===== Starting battle of <PrussianRoulette> vs <CropCircleBot> with memory tape size: 19 =====

[ >128 | 0 | 0 | 0 | 0 | 0 | 0 | 0 | 0 | 0 | 0 | 0 | 0 | 0 | 0 | 0 | 0 | 0 | 128< ]
[ 128 | >0 | 0 | 0 | 0 | 0 | 0 | 0 | 0 | 0 | 0 | 0 | 0 | 0 | 0 | 0 | 0 | 0 | 128< ]
[ 128 | >1 | 0 | 0 | 0 | 0 | 0 | 0 | 0 | 0 | 0 | 0 | 0 | 0 | 0 | 0 | 0 | 0< | 128 ]
[ 128 | >2 | 0 | 0 | 0 | 0 | 0 | 0 | 0 | 0 | 0 | 0 | 0 | 0 | 0 | 0 | 0< | 0 | 128 ]
[ 128 | >3 | 0 | 0 | 0 | 0 | 0 | 0 | 0 | 0 | 0 | 0 | 0 | 0 | 0 | 0 | 0< | 0 | 128 ]
[ 128 | >4 | 0 | 0 | 0 | 0 | 0 | 0 | 0 | 0 | 0 | 0 | 0 | 0 | 0 | 0 | 0< | 0 | 128 ]
[ 128 | >5 | 0 | 0 | 0 | 0 | 0 | 0 | 0 | 0 | 0 | 0 | 0 | 0 | 0 | 0 | -1< | 0 | 128 ]
[ 128 | >4 | 0 | 0 | 0 | 0 | 0 | 0 | 0 | 0 | 0 | 0 | 0 | 0 | 0 | 0 | -1 | 0< | 128 ]
[ 128 | >4 | 0 | 0 | 0 | 0 | 0 | 0 | 0 | 0 | 0 | 0 | 0 | 0 | 0 | 0 | -1 | 0< | 128 ]
[ 128 | >4 | 0 | 0 | 0 | 0 | 0 | 0 | 0 | 0 | 0 | 0 | 0 | 0 | 0 | 0 | -1 | 0< | 128 ]
[ 128 | 4 | >0 | 0 | 0 | 0 | 0 | 0 | 0 | 0 | 0 | 0 | 0 | 0 | 0 | 0 | -1 | 1< | 128 ]
[ 128 | 4 | >0 | 0 | 0 | 0 | 0 | 0 | 0 | 0 | 0 | 0 | 0 | 0 | 0 | 0 | -1 | 1< | 128 ]
[ 128 | 4 | >0 | 0 | 0 | 0 | 0 | 0 | 0 | 0 | 0 | 0 | 0 | 0 | 0 | 0 | -1< | 1 | 128 ]
[ 128 | 4 | >0 | 0 | 0 | 0 | 0 | 0 | 0 | 0 | 0 | 0 | 0 | 0 | 0 | 0< | -1 | 1 | 128 ]
[ 128 | 4 | 0 | >0 | 0 | 0 | 0 | 0 | 0 | 0 | 0 | 0 | 0 | 0 | 0 | 0< | -1 | 1 | 128 ]
[ 128 | 4 | 0 | 0 | >0 | 0 | 0 | 0 | 0 | 0 | 0 | 0 | 0 | 0 | 0 | 0< | -1 | 1 | 128 ]
[ 128 | 4 | 0 | 0 | >-1 | 0 | 0 | 0 | 0 | 0 | 0 | 0 | 0 | 0 | 0 | -1< | -1 | 1 | 128 ]
[ 128 | 4 | 0 | 0 | >-1 | 0 | 0 | 0 | 0 | 0 | 0 | 0 | 0 | 0 | 0 | -1 | -1< | 1 | 128 ]
[ 128 | 4 | 0 | 0 | >-1 | 0 | 0 | 0 | 0 | 0 | 0 | 0 | 0 | 0 | 0 | -1 | -1< | 1 | 128 ]
[ 128 | 4 | 0 | 0 | -1 | >0 | 0 | 0 | 0 | 0 | 0 | 0 | 0 | 0 | 0 | -1 | -2< | 1 | 128 ]
[ 128 | 4 | 0 | 0 | -1 | >0 | 0 | 0 | 0 | 0 | 0 | 0 | 0 | 0 | 0 | -1 | -2< | 1 | 128 ]
[ 128 | 4 | 0 | 0 | -1 | >0 | 0 | 0 | 0 | 0 | 0 | 0 | 0 | 0 | 0 | -1 | -3< | 1 | 128 ]
[ 128 | 4 | 0 | 0 | -1 | >0 | 0 | 0 | 0 | 0 | 0 | 0 | 0 | 0 | 0 | -1 | -3< | 1 | 128 ]
[ 128 | 4 | 0 | 0 | -1 | 0 | >0 | 0 | 0 | 0 | 0 | 0 | 0 | 0 | 0 | -1 | -4< | 1 | 128 ]
[ 128 | 4 | 0 | 0 | -1 | 0 | 0 | >0 | 0 | 0 | 0 | 0 | 0 | 0 | 0 | -1 | -4< | 1 | 128 ]
[ 128 | 4 | 0 | 0 | -1 | 0 | 0 | >-1 | 0 | 0 | 0 | 0 | 0 | 0 | 0 | -1 | -5< | 1 | 128 ]
[ 128 | 4 | 0 | 0 | -1 | 0 | 0 | >-1 | 0 | 0 | 0 | 0 | 0 | 0 | 0 | -1 | -5< | 1 | 128 ]
[ 128 | 4 | 0 | 0 | -1 | 0 | 0 | >-1 | 0 | 0 | 0 | 0 | 0 | 0 | 0 | -1 | -6< | 1 | 128 ]
[ 128 | 4 | 0 | 0 | -1 | 0 | 0 | -1 | >0 | 0 | 0 | 0 | 0 | 0 | 0 | -1 | -6< | 1 | 128 ]
[ 128 | 4 | 0 | 0 | -1 | 0 | 0 | -1 | >0 | 0 | 0 | 0 | 0 | 0 | 0 | -1 | -7< | 1 | 128 ]
[ 128 | 4 | 0 | 0 | -1 | 0 | 0 | -1 | >0 | 0 | 0 | 0 | 0 | 0 | 0 | -1 | -7< | 1 | 128 ]
[ 128 | 4 | 0 | 0 | -1 | 0 | 0 | -1 | >0 | 0 | 0 | 0 | 0 | 0 | 0 | -1 | -8< | 1 | 128 ]
[ 128 | 4 | 0 | 0 | -1 | 0 | 0 | -1 | 0 | >0 | 0 | 0 | 0 | 0 | 0 | -1 | -8< | 1 | 128 ]
[ 128 | 4 | 0 | 0 | -1 | 0 | 0 | -1 | 0 | 0 | >0 | 0 | 0 | 0 | 0 | -1 | -9< | 1 | 128 ]
[ 128 | 4 | 0 | 0 | -1 | 0 | 0 | -1 | 0 | 0 | >-1 | 0 | 0 | 0 | 0 | -1 | -9< | 1 | 128 ]
[ 128 | 4 | 0 | 0 | -1 | 0 | 0 | -1 | 0 | 0 | >-1 | 0 | 0 | 0 | 0 | -1 | -10< | 1 | 128 ]
[ 128 | 4 | 0 | 0 | -1 | 0 | 0 | -1 | 0 | 0 | >-1 | 0 | 0 | 0 | 0 | -1 | -10< | 1 | 128 ]
[ 128 | 4 | 0 | 0 | -1 | 0 | 0 | -1 | 0 | 0 | -1 | >0 | 0 | 0 | 0 | -1 | -11< | 1 | 128 ]
[ 128 | 4 | 0 | 0 | -1 | 0 | 0 | -1 | 0 | 0 | -1 | >0 | 0 | 0 | 0 | -1 | -11< | 1 | 128 ]
[ 128 | 4 | 0 | 0 | -1 | 0 | 0 | -1 | 0 | 0 | -1 | >0 | 0 | 0 | 0 | -1 | -12< | 1 | 128 ]
[ 128 | 4 | 0 | 0 | -1 | 0 | 0 | -1 | 0 | 0 | -1 | >0 | 0 | 0 | 0 | -1 | -12< | 1 | 128 ]
[ 128 | 4 | 0 | 0 | -1 | 0 | 0 | -1 | 0 | 0 | -1 | 0 | >0 | 0 | 0 | -1 | -13< | 1 | 128 ]
[ 128 | 4 | 0 | 0 | -1 | 0 | 0 | -1 | 0 | 0 | -1 | 0 | 0 | >0 | 0 | -1 | -13< | 1 | 128 ]
[ 128 | 4 | 0 | 0 | -1 | 0 | 0 | -1 | 0 | 0 | -1 | 0 | 0 | >-1 | 0 | -1 | -14< | 1 | 128 ]
[ 128 | 4 | 0 | 0 | -1 | 0 | 0 | -1 | 0 | 0 | -1 | 0 | 0 | >-1 | 0 | -1 | -14< | 1 | 128 ]
[ 128 | 4 | 0 | 0 | -1 | 0 | 0 | -1 | 0 | 0 | -1 | 0 | 0 | >-1 | 0 | -1 | -15< | 1 | 128 ]
[ 128 | 4 | 0 | 0 | -1 | 0 | 0 | -1 | 0 | 0 | -1 | 0 | 0 | -1 | >0 | -1 | -15< | 1 | 128 ]
[ 128 | 4 | 0 | 0 | -1 | 0 | 0 | -1 | 0 | 0 | -1 | 0 | 0 | -1 | >0 | -1 | -16< | 1 | 128 ]
[ 128 | 4 | 0 | 0 | -1 | 0 | 0 | -1 | 0 | 0 | -1 | 0 | 0 | -1 | >0 | -1 | -16< | 1 | 128 ]
[ 128 | 4 | 0 | 0 | -1 | 0 | 0 | -1 | 0 | 0 | -1 | 0 | 0 | -1 | >0 | -1 | -17< | 1 | 128 ]
[ 128 | 4 | 0 | 0 | -1 | 0 | 0 | -1 | 0 | 0 | -1 | 0 | 0 | -1 | 0 | >-1 | -17< | 1 | 128 ]
[ 128 | 4 | 0 | 0 | -1 | 0 | 0 | -1 | 0 | 0 | -1 | 0 | 0 | -1 | 0 | -1 | >-18< | 1 | 128 ]
[ 128 | 4 | 0 | 0 | -1 | 0 | 0 | -1 | 0 | 0 | -1 | 0 | 0 | -1 | 0 | -1 | >-19< | 1 | 128 ]
[ 128 | 4 | 0 | 0 | -1 | 0 | 0 | -1 | 0 | 0 | -1 | 0 | 0 | -1 | 0 | -1 | >-20< | 1 | 128 ]
[ 128 | 4 | 0 | 0 | -1 | 0 | 0 | -1 | 0 | 0 | -1 | 0 | 0 | -1 | 0 | -1 | >-20< | 1 | 128 ]
[ 128 | 4 | 0 | 0 | -1 | 0 | 0 | -1 | 0 | 0 | -1 | 0 | 0 | -1 | 0 | -1 | -21< | >1 | 128 ]
[ 128 | 4 | 0 | 0 | -1 | 0 | 0 | -1 | 0 | 0 | -1 | 0 | 0 | -1 | 0 | -1 | -21< | >1 | 128 ]
[ 128 | 4 | 0 | 0 | -1 | 0 | 0 | -1 | 0 | 0 | -1 | 0 | 0 | -1 | 0 | -1 | -22< | >1 | 128 ]
[ 128 | 4 | 0 | 0 | -1 | 0 | 0 | -1 | 0 | 0 | -1 | 0 | 0 | -1 | 0 | -1 | -22< | 1 | >128 ]
[ 128 | 4 | 0 | 0 | -1 | 0 | 0 | -1 | 0 | 0 | -1 | 0 | 0 | -1 | 0 | -1 | -23< | 1 | >127 ]
[ 128 | 4 | 0 | 0 | -1 | 0 | 0 | -1 | 0 | 0 | -1 | 0 | 0 | -1 | 0 | -1 | -23< | 1 | >126 ]
[ 128 | 4 | 0 | 0 | -1 | 0 | 0 | -1 | 0 | 0 | -1 | 0 | 0 | -1 | 0 | -1 | -24< | 1 | >125 ]
[ 128 | 4 | 0 | 0 | -1 | 0 | 0 | -1 | 0 | 0 | -1 | 0 | 0 | -1 | 0 | -1 | -24< | 1 | >124 ]
[ 128 | 4 | 0 | 0 | -1 | 0 | 0 | -1 | 0 | 0 | -1 | 0 | 0 | -1 | 0 | -1 | -25< | 1 | >123 ]
[ 128 | 4 | 0 | 0 | -1 | 0 | 0 | -1 | 0 | 0 | -1 | 0 | 0 | -1 | 0 | -1 | -25< | 1 | >122 ]
[ 128 | 4 | 0 | 0 | -1 | 0 | 0 | -1 | 0 | 0 | -1 | 0 | 0 | -1 | 0 | -1 | -26< | 1 | >121 ]
[ 128 | 4 | 0 | 0 | -1 | 0 | 0 | -1 | 0 | 0 | -1 | 0 | 0 | -1 | 0 | -1 | -26< | 1 | >120 ]
[ 128 | 4 | 0 | 0 | -1 | 0 | 0 | -1 | 0 | 0 | -1 | 0 | 0 | -1 | 0 | -1 | -27< | 1 | >119 ]
[ 128 | 4 | 0 | 0 | -1 | 0 | 0 | -1 | 0 | 0 | -1 | 0 | 0 | -1 | 0 | -1 | -27< | 1 | >118 ]
[ 128 | 4 | 0 | 0 | -1 | 0 | 0 | -1 | 0 | 0 | -1 | 0 | 0 | -1 | 0 | -1 | -28< | 1 | >118 ]
[ >128 | 4 | 0 | 0 | -1 | 0 | 0 | -1 | 0 | 0 | -1 | 0 | 0 | -1 | 0 | -1 | -28< | 1 | 118 ]

===== CropCircleBot won the battle after 70 cycles =====



===== Starting battle of <PrussianRoulette> vs <CropCircleBot> with memory tape size: 27 =====

[ >128 | 0 | 0 | 0 | 0 | 0 | 0 | 0 | 0 | 0 | 0 | 0 | 0 | 0 | 0 | 0 | 0 | 0 | 0 | 0 | 0 | 0 | 0 | 0 | 0 | 0 | 128< ]
[ 128 | >0 | 0 | 0 | 0 | 0 | 0 | 0 | 0 | 0 | 0 | 0 | 0 | 0 | 0 | 0 | 0 | 0 | 0 | 0 | 0 | 0 | 0 | 0 | 0 | 0 | 128< ]
[ 128 | >1 | 0 | 0 | 0 | 0 | 0 | 0 | 0 | 0 | 0 | 0 | 0 | 0 | 0 | 0 | 0 | 0 | 0 | 0 | 0 | 0 | 0 | 0 | 0 | 0< | 128 ]
[ 128 | >2 | 0 | 0 | 0 | 0 | 0 | 0 | 0 | 0 | 0 | 0 | 0 | 0 | 0 | 0 | 0 | 0 | 0 | 0 | 0 | 0 | 0 | 0 | 0< | 0 | 128 ]
[ 128 | >3 | 0 | 0 | 0 | 0 | 0 | 0 | 0 | 0 | 0 | 0 | 0 | 0 | 0 | 0 | 0 | 0 | 0 | 0 | 0 | 0 | 0 | 0 | 0< | 0 | 128 ]
[ 128 | >4 | 0 | 0 | 0 | 0 | 0 | 0 | 0 | 0 | 0 | 0 | 0 | 0 | 0 | 0 | 0 | 0 | 0 | 0 | 0 | 0 | 0 | 0 | 0< | 0 | 128 ]
[ 128 | >5 | 0 | 0 | 0 | 0 | 0 | 0 | 0 | 0 | 0 | 0 | 0 | 0 | 0 | 0 | 0 | 0 | 0 | 0 | 0 | 0 | 0 | 0 | -1< | 0 | 128 ]
[ 128 | >4 | 0 | 0 | 0 | 0 | 0 | 0 | 0 | 0 | 0 | 0 | 0 | 0 | 0 | 0 | 0 | 0 | 0 | 0 | 0 | 0 | 0 | 0 | -1 | 0< | 128 ]
[ 128 | >4 | 0 | 0 | 0 | 0 | 0 | 0 | 0 | 0 | 0 | 0 | 0 | 0 | 0 | 0 | 0 | 0 | 0 | 0 | 0 | 0 | 0 | 0 | -1 | 0< | 128 ]
[ 128 | >4 | 0 | 0 | 0 | 0 | 0 | 0 | 0 | 0 | 0 | 0 | 0 | 0 | 0 | 0 | 0 | 0 | 0 | 0 | 0 | 0 | 0 | 0 | -1 | 0< | 128 ]
[ 128 | 4 | >0 | 0 | 0 | 0 | 0 | 0 | 0 | 0 | 0 | 0 | 0 | 0 | 0 | 0 | 0 | 0 | 0 | 0 | 0 | 0 | 0 | 0 | -1 | 1< | 128 ]
[ 128 | 4 | >0 | 0 | 0 | 0 | 0 | 0 | 0 | 0 | 0 | 0 | 0 | 0 | 0 | 0 | 0 | 0 | 0 | 0 | 0 | 0 | 0 | 0 | -1 | 1< | 128 ]
[ 128 | 4 | >0 | 0 | 0 | 0 | 0 | 0 | 0 | 0 | 0 | 0 | 0 | 0 | 0 | 0 | 0 | 0 | 0 | 0 | 0 | 0 | 0 | 0 | -1< | 1 | 128 ]
[ 128 | 4 | >0 | 0 | 0 | 0 | 0 | 0 | 0 | 0 | 0 | 0 | 0 | 0 | 0 | 0 | 0 | 0 | 0 | 0 | 0 | 0 | 0 | 0< | -1 | 1 | 128 ]
[ 128 | 4 | 0 | >0 | 0 | 0 | 0 | 0 | 0 | 0 | 0 | 0 | 0 | 0 | 0 | 0 | 0 | 0 | 0 | 0 | 0 | 0 | 0 | 0< | -1 | 1 | 128 ]
[ 128 | 4 | 0 | 0 | >0 | 0 | 0 | 0 | 0 | 0 | 0 | 0 | 0 | 0 | 0 | 0 | 0 | 0 | 0 | 0 | 0 | 0 | 0 | 0< | -1 | 1 | 128 ]
[ 128 | 4 | 0 | 0 | >-1 | 0 | 0 | 0 | 0 | 0 | 0 | 0 | 0 | 0 | 0 | 0 | 0 | 0 | 0 | 0 | 0 | 0 | 0 | -1< | -1 | 1 | 128 ]
[ 128 | 4 | 0 | 0 | >-1 | 0 | 0 | 0 | 0 | 0 | 0 | 0 | 0 | 0 | 0 | 0 | 0 | 0 | 0 | 0 | 0 | 0 | 0 | -1 | -1< | 1 | 128 ]
[ 128 | 4 | 0 | 0 | >-1 | 0 | 0 | 0 | 0 | 0 | 0 | 0 | 0 | 0 | 0 | 0 | 0 | 0 | 0 | 0 | 0 | 0 | 0 | -1 | -1< | 1 | 128 ]
[ 128 | 4 | 0 | 0 | -1 | >0 | 0 | 0 | 0 | 0 | 0 | 0 | 0 | 0 | 0 | 0 | 0 | 0 | 0 | 0 | 0 | 0 | 0 | -1 | -2< | 1 | 128 ]
[ 128 | 4 | 0 | 0 | -1 | >0 | 0 | 0 | 0 | 0 | 0 | 0 | 0 | 0 | 0 | 0 | 0 | 0 | 0 | 0 | 0 | 0 | 0 | -1 | -2< | 1 | 128 ]
[ 128 | 4 | 0 | 0 | -1 | >0 | 0 | 0 | 0 | 0 | 0 | 0 | 0 | 0 | 0 | 0 | 0 | 0 | 0 | 0 | 0 | 0 | 0 | -1 | -3< | 1 | 128 ]
[ 128 | 4 | 0 | 0 | -1 | >0 | 0 | 0 | 0 | 0 | 0 | 0 | 0 | 0 | 0 | 0 | 0 | 0 | 0 | 0 | 0 | 0 | 0 | -1 | -3< | 1 | 128 ]
[ 128 | 4 | 0 | 0 | -1 | 0 | >0 | 0 | 0 | 0 | 0 | 0 | 0 | 0 | 0 | 0 | 0 | 0 | 0 | 0 | 0 | 0 | 0 | -1 | -4< | 1 | 128 ]
[ 128 | 4 | 0 | 0 | -1 | 0 | 0 | >0 | 0 | 0 | 0 | 0 | 0 | 0 | 0 | 0 | 0 | 0 | 0 | 0 | 0 | 0 | 0 | -1 | -4< | 1 | 128 ]
[ 128 | 4 | 0 | 0 | -1 | 0 | 0 | >-1 | 0 | 0 | 0 | 0 | 0 | 0 | 0 | 0 | 0 | 0 | 0 | 0 | 0 | 0 | 0 | -1 | -5< | 1 | 128 ]
[ 128 | 4 | 0 | 0 | -1 | 0 | 0 | >-1 | 0 | 0 | 0 | 0 | 0 | 0 | 0 | 0 | 0 | 0 | 0 | 0 | 0 | 0 | 0 | -1 | -5< | 1 | 128 ]
[ 128 | 4 | 0 | 0 | -1 | 0 | 0 | >-1 | 0 | 0 | 0 | 0 | 0 | 0 | 0 | 0 | 0 | 0 | 0 | 0 | 0 | 0 | 0 | -1 | -6< | 1 | 128 ]
[ 128 | 4 | 0 | 0 | -1 | 0 | 0 | -1 | >0 | 0 | 0 | 0 | 0 | 0 | 0 | 0 | 0 | 0 | 0 | 0 | 0 | 0 | 0 | -1 | -6< | 1 | 128 ]
[ 128 | 4 | 0 | 0 | -1 | 0 | 0 | -1 | >0 | 0 | 0 | 0 | 0 | 0 | 0 | 0 | 0 | 0 | 0 | 0 | 0 | 0 | 0 | -1 | -7< | 1 | 128 ]
[ 128 | 4 | 0 | 0 | -1 | 0 | 0 | -1 | >0 | 0 | 0 | 0 | 0 | 0 | 0 | 0 | 0 | 0 | 0 | 0 | 0 | 0 | 0 | -1 | -7< | 1 | 128 ]
[ 128 | 4 | 0 | 0 | -1 | 0 | 0 | -1 | >0 | 0 | 0 | 0 | 0 | 0 | 0 | 0 | 0 | 0 | 0 | 0 | 0 | 0 | 0 | -1 | -8< | 1 | 128 ]
[ 128 | 4 | 0 | 0 | -1 | 0 | 0 | -1 | 0 | >0 | 0 | 0 | 0 | 0 | 0 | 0 | 0 | 0 | 0 | 0 | 0 | 0 | 0 | -1 | -8< | 1 | 128 ]
[ 128 | 4 | 0 | 0 | -1 | 0 | 0 | -1 | 0 | 0 | >0 | 0 | 0 | 0 | 0 | 0 | 0 | 0 | 0 | 0 | 0 | 0 | 0 | -1 | -9< | 1 | 128 ]
[ 128 | 4 | 0 | 0 | -1 | 0 | 0 | -1 | 0 | 0 | >-1 | 0 | 0 | 0 | 0 | 0 | 0 | 0 | 0 | 0 | 0 | 0 | 0 | -1 | -9< | 1 | 128 ]
[ 128 | 4 | 0 | 0 | -1 | 0 | 0 | -1 | 0 | 0 | >-1 | 0 | 0 | 0 | 0 | 0 | 0 | 0 | 0 | 0 | 0 | 0 | 0 | -1 | -10< | 1 | 128 ]
[ 128 | 4 | 0 | 0 | -1 | 0 | 0 | -1 | 0 | 0 | >-1 | 0 | 0 | 0 | 0 | 0 | 0 | 0 | 0 | 0 | 0 | 0 | 0 | -1 | -10< | 1 | 128 ]
[ 128 | 4 | 0 | 0 | -1 | 0 | 0 | -1 | 0 | 0 | -1 | >0 | 0 | 0 | 0 | 0 | 0 | 0 | 0 | 0 | 0 | 0 | 0 | -1 | -11< | 1 | 128 ]
[ 128 | 4 | 0 | 0 | -1 | 0 | 0 | -1 | 0 | 0 | -1 | >0 | 0 | 0 | 0 | 0 | 0 | 0 | 0 | 0 | 0 | 0 | 0 | -1 | -11< | 1 | 128 ]
[ 128 | 4 | 0 | 0 | -1 | 0 | 0 | -1 | 0 | 0 | -1 | >0 | 0 | 0 | 0 | 0 | 0 | 0 | 0 | 0 | 0 | 0 | 0 | -1 | -12< | 1 | 128 ]
[ 128 | 4 | 0 | 0 | -1 | 0 | 0 | -1 | 0 | 0 | -1 | >0 | 0 | 0 | 0 | 0 | 0 | 0 | 0 | 0 | 0 | 0 | 0 | -1 | -12< | 1 | 128 ]
[ 128 | 4 | 0 | 0 | -1 | 0 | 0 | -1 | 0 | 0 | -1 | 0 | >0 | 0 | 0 | 0 | 0 | 0 | 0 | 0 | 0 | 0 | 0 | -1 | -13< | 1 | 128 ]
[ 128 | 4 | 0 | 0 | -1 | 0 | 0 | -1 | 0 | 0 | -1 | 0 | 0 | >0 | 0 | 0 | 0 | 0 | 0 | 0 | 0 | 0 | 0 | -1 | -13< | 1 | 128 ]
[ 128 | 4 | 0 | 0 | -1 | 0 | 0 | -1 | 0 | 0 | -1 | 0 | 0 | >-1 | 0 | 0 | 0 | 0 | 0 | 0 | 0 | 0 | 0 | -1 | -14< | 1 | 128 ]
[ 128 | 4 | 0 | 0 | -1 | 0 | 0 | -1 | 0 | 0 | -1 | 0 | 0 | >-1 | 0 | 0 | 0 | 0 | 0 | 0 | 0 | 0 | 0 | -1 | -14< | 1 | 128 ]
[ 128 | 4 | 0 | 0 | -1 | 0 | 0 | -1 | 0 | 0 | -1 | 0 | 0 | >-1 | 0 | 0 | 0 | 0 | 0 | 0 | 0 | 0 | 0 | -1 | -15< | 1 | 128 ]
[ 128 | 4 | 0 | 0 | -1 | 0 | 0 | -1 | 0 | 0 | -1 | 0 | 0 | -1 | >0 | 0 | 0 | 0 | 0 | 0 | 0 | 0 | 0 | -1 | -15< | 1 | 128 ]
[ 128 | 4 | 0 | 0 | -1 | 0 | 0 | -1 | 0 | 0 | -1 | 0 | 0 | -1 | >0 | 0 | 0 | 0 | 0 | 0 | 0 | 0 | 0 | -1 | -16< | 1 | 128 ]
[ 128 | 4 | 0 | 0 | -1 | 0 | 0 | -1 | 0 | 0 | -1 | 0 | 0 | -1 | >0 | 0 | 0 | 0 | 0 | 0 | 0 | 0 | 0 | -1 | -16< | 1 | 128 ]
[ 128 | 4 | 0 | 0 | -1 | 0 | 0 | -1 | 0 | 0 | -1 | 0 | 0 | -1 | >0 | 0 | 0 | 0 | 0 | 0 | 0 | 0 | 0 | -1 | -17< | 1 | 128 ]
[ 128 | 4 | 0 | 0 | -1 | 0 | 0 | -1 | 0 | 0 | -1 | 0 | 0 | -1 | 0 | >0 | 0 | 0 | 0 | 0 | 0 | 0 | 0 | -1 | -17< | 1 | 128 ]
[ 128 | 4 | 0 | 0 | -1 | 0 | 0 | -1 | 0 | 0 | -1 | 0 | 0 | -1 | 0 | 0 | >0 | 0 | 0 | 0 | 0 | 0 | 0 | -1 | -18< | 1 | 128 ]
[ 128 | 4 | 0 | 0 | -1 | 0 | 0 | -1 | 0 | 0 | -1 | 0 | 0 | -1 | 0 | 0 | >-1 | 0 | 0 | 0 | 0 | 0 | 0 | -1 | -18< | 1 | 128 ]
[ 128 | 4 | 0 | 0 | -1 | 0 | 0 | -1 | 0 | 0 | -1 | 0 | 0 | -1 | 0 | 0 | >-1 | 0 | 0 | 0 | 0 | 0 | 0 | -1 | -19< | 1 | 128 ]
[ 128 | 4 | 0 | 0 | -1 | 0 | 0 | -1 | 0 | 0 | -1 | 0 | 0 | -1 | 0 | 0 | >-1 | 0 | 0 | 0 | 0 | 0 | 0 | -1 | -19< | 1 | 128 ]
[ 128 | 4 | 0 | 0 | -1 | 0 | 0 | -1 | 0 | 0 | -1 | 0 | 0 | -1 | 0 | 0 | -1 | >0 | 0 | 0 | 0 | 0 | 0 | -1 | -20< | 1 | 128 ]
[ 128 | 4 | 0 | 0 | -1 | 0 | 0 | -1 | 0 | 0 | -1 | 0 | 0 | -1 | 0 | 0 | -1 | >0 | 0 | 0 | 0 | 0 | 0 | -1 | -20< | 1 | 128 ]
[ 128 | 4 | 0 | 0 | -1 | 0 | 0 | -1 | 0 | 0 | -1 | 0 | 0 | -1 | 0 | 0 | -1 | >0 | 0 | 0 | 0 | 0 | 0 | -1 | -21< | 1 | 128 ]
[ 128 | 4 | 0 | 0 | -1 | 0 | 0 | -1 | 0 | 0 | -1 | 0 | 0 | -1 | 0 | 0 | -1 | >0 | 0 | 0 | 0 | 0 | 0 | -1 | -21< | 1 | 128 ]
[ 128 | 4 | 0 | 0 | -1 | 0 | 0 | -1 | 0 | 0 | -1 | 0 | 0 | -1 | 0 | 0 | -1 | 0 | >0 | 0 | 0 | 0 | 0 | -1 | -22< | 1 | 128 ]
[ 128 | 4 | 0 | 0 | -1 | 0 | 0 | -1 | 0 | 0 | -1 | 0 | 0 | -1 | 0 | 0 | -1 | 0 | 0 | >0 | 0 | 0 | 0 | -1 | -22< | 1 | 128 ]
[ 128 | 4 | 0 | 0 | -1 | 0 | 0 | -1 | 0 | 0 | -1 | 0 | 0 | -1 | 0 | 0 | -1 | 0 | 0 | >-1 | 0 | 0 | 0 | -1 | -23< | 1 | 128 ]
[ 128 | 4 | 0 | 0 | -1 | 0 | 0 | -1 | 0 | 0 | -1 | 0 | 0 | -1 | 0 | 0 | -1 | 0 | 0 | >-1 | 0 | 0 | 0 | -1 | -23< | 1 | 128 ]
[ 128 | 4 | 0 | 0 | -1 | 0 | 0 | -1 | 0 | 0 | -1 | 0 | 0 | -1 | 0 | 0 | -1 | 0 | 0 | >-1 | 0 | 0 | 0 | -1 | -24< | 1 | 128 ]
[ 128 | 4 | 0 | 0 | -1 | 0 | 0 | -1 | 0 | 0 | -1 | 0 | 0 | -1 | 0 | 0 | -1 | 0 | 0 | -1 | >0 | 0 | 0 | -1 | -24< | 1 | 128 ]
[ 128 | 4 | 0 | 0 | -1 | 0 | 0 | -1 | 0 | 0 | -1 | 0 | 0 | -1 | 0 | 0 | -1 | 0 | 0 | -1 | >0 | 0 | 0 | -1 | -25< | 1 | 128 ]
[ 128 | 4 | 0 | 0 | -1 | 0 | 0 | -1 | 0 | 0 | -1 | 0 | 0 | -1 | 0 | 0 | -1 | 0 | 0 | -1 | >0 | 0 | 0 | -1 | -25< | 1 | 128 ]
[ 128 | 4 | 0 | 0 | -1 | 0 | 0 | -1 | 0 | 0 | -1 | 0 | 0 | -1 | 0 | 0 | -1 | 0 | 0 | -1 | >0 | 0 | 0 | -1 | -26< | 1 | 128 ]
[ 128 | 4 | 0 | 0 | -1 | 0 | 0 | -1 | 0 | 0 | -1 | 0 | 0 | -1 | 0 | 0 | -1 | 0 | 0 | -1 | 0 | >0 | 0 | -1 | -26< | 1 | 128 ]
[ 128 | 4 | 0 | 0 | -1 | 0 | 0 | -1 | 0 | 0 | -1 | 0 | 0 | -1 | 0 | 0 | -1 | 0 | 0 | -1 | 0 | 0 | >0 | -1 | -27< | 1 | 128 ]
[ 128 | 4 | 0 | 0 | -1 | 0 | 0 | -1 | 0 | 0 | -1 | 0 | 0 | -1 | 0 | 0 | -1 | 0 | 0 | -1 | 0 | 0 | >-1 | -1 | -27< | 1 | 128 ]
[ 128 | 4 | 0 | 0 | -1 | 0 | 0 | -1 | 0 | 0 | -1 | 0 | 0 | -1 | 0 | 0 | -1 | 0 | 0 | -1 | 0 | 0 | >-1 | -1 | -28< | 1 | 128 ]
[ 128 | 4 | 0 | 0 | -1 | 0 | 0 | -1 | 0 | 0 | -1 | 0 | 0 | -1 | 0 | 0 | -1 | 0 | 0 | -1 | 0 | 0 | >-1 | -1 | -28< | 1 | 128 ]
[ 128 | 4 | 0 | 0 | -1 | 0 | 0 | -1 | 0 | 0 | -1 | 0 | 0 | -1 | 0 | 0 | -1 | 0 | 0 | -1 | 0 | 0 | -1 | >-1 | -29< | 1 | 128 ]
[ 128 | 4 | 0 | 0 | -1 | 0 | 0 | -1 | 0 | 0 | -1 | 0 | 0 | -1 | 0 | 0 | -1 | 0 | 0 | -1 | 0 | 0 | -1 | >-1 | -29< | 1 | 128 ]
[ 128 | 4 | 0 | 0 | -1 | 0 | 0 | -1 | 0 | 0 | -1 | 0 | 0 | -1 | 0 | 0 | -1 | 0 | 0 | -1 | 0 | 0 | -1 | >-1 | -30< | 1 | 128 ]
[ 128 | 4 | 0 | 0 | -1 | 0 | 0 | -1 | 0 | 0 | -1 | 0 | 0 | -1 | 0 | 0 | -1 | 0 | 0 | -1 | 0 | 0 | -1 | -1 | >-30< | 1 | 128 ]
[ 128 | 4 | 0 | 0 | -1 | 0 | 0 | -1 | 0 | 0 | -1 | 0 | 0 | -1 | 0 | 0 | -1 | 0 | 0 | -1 | 0 | 0 | -1 | -1 | >-32< | 1 | 128 ]
[ 128 | 4 | 0 | 0 | -1 | 0 | 0 | -1 | 0 | 0 | -1 | 0 | 0 | -1 | 0 | 0 | -1 | 0 | 0 | -1 | 0 | 0 | -1 | -1 | >-33< | 1 | 128 ]
[ 128 | 4 | 0 | 0 | -1 | 0 | 0 | -1 | 0 | 0 | -1 | 0 | 0 | -1 | 0 | 0 | -1 | 0 | 0 | -1 | 0 | 0 | -1 | -1 | >-35< | 1 | 128 ]
[ 128 | 4 | 0 | 0 | -1 | 0 | 0 | -1 | 0 | 0 | -1 | 0 | 0 | -1 | 0 | 0 | -1 | 0 | 0 | -1 | 0 | 0 | -1 | -1 | >-36< | 1 | 128 ]
[ 128 | 4 | 0 | 0 | -1 | 0 | 0 | -1 | 0 | 0 | -1 | 0 | 0 | -1 | 0 | 0 | -1 | 0 | 0 | -1 | 0 | 0 | -1 | -1 | >-38< | 1 | 128 ]
[ 128 | 4 | 0 | 0 | -1 | 0 | 0 | -1 | 0 | 0 | -1 | 0 | 0 | -1 | 0 | 0 | -1 | 0 | 0 | -1 | 0 | 0 | -1 | -1 | >-39< | 1 | 128 ]
[ 128 | 4 | 0 | 0 | -1 | 0 | 0 | -1 | 0 | 0 | -1 | 0 | 0 | -1 | 0 | 0 | -1 | 0 | 0 | -1 | 0 | 0 | -1 | -1 | >-41< | 1 | 128 ]
[ 128 | 4 | 0 | 0 | -1 | 0 | 0 | -1 | 0 | 0 | -1 | 0 | 0 | -1 | 0 | 0 | -1 | 0 | 0 | -1 | 0 | 0 | -1 | -1 | >-42< | 1 | 128 ]
[ 128 | 4 | 0 | 0 | -1 | 0 | 0 | -1 | 0 | 0 | -1 | 0 | 0 | -1 | 0 | 0 | -1 | 0 | 0 | -1 | 0 | 0 | -1 | -1 | >-44< | 1 | 128 ]
[ 128 | 4 | 0 | 0 | -1 | 0 | 0 | -1 | 0 | 0 | -1 | 0 | 0 | -1 | 0 | 0 | -1 | 0 | 0 | -1 | 0 | 0 | -1 | -1 | >-45< | 1 | 128 ]
[ 128 | 4 | 0 | 0 | -1 | 0 | 0 | -1 | 0 | 0 | -1 | 0 | 0 | -1 | 0 | 0 | -1 | 0 | 0 | -1 | 0 | 0 | -1 | -1 | >-46< | 1 | 128 ]
[ 128 | 4 | 0 | 0 | -1 | 0 | 0 | -1 | 0 | 0 | -1 | 0 | 0 | -1 | 0 | 0 | -1 | 0 | 0 | -1 | 0 | 0 | -1 | -1 | -46< | >1 | 128 ]
[ 128 | 4 | 0 | 0 | -1 | 0 | 0 | -1 | 0 | 0 | -1 | 0 | 0 | -1 | 0 | 0 | -1 | 0 | 0 | -1 | 0 | 0 | -1 | -1 | -47< | >0 | 128 ]
[ 128 | 4 | 0 | 0 | -1 | 0 | 0 | -1 | 0 | 0 | -1 | 0 | 0 | -1 | 0 | 0 | -1 | 0 | 0 | -1 | 0 | 0 | -1 | -1 | -47< | >-1 | 128 ]
[ 128 | 4 | 0 | 0 | -1 | 0 | 0 | -1 | 0 | 0 | -1 | 0 | 0 | -1 | 0 | 0 | -1 | 0 | 0 | -1 | 0 | 0 | -1 | -1 | -48< | >-2 | 128 ]
[ 128 | 4 | 0 | 0 | -1 | 0 | 0 | -1 | 0 | 0 | -1 | 0 | 0 | -1 | 0 | 0 | -1 | 0 | 0 | -1 | 0 | 0 | -1 | -1 | -48< | >-3 | 128 ]
[ 128 | 4 | 0 | 0 | -1 | 0 | 0 | -1 | 0 | 0 | -1 | 0 | 0 | -1 | 0 | 0 | -1 | 0 | 0 | -1 | 0 | 0 | -1 | -1 | -49< | >-4 | 128 ]
[ 128 | 4 | 0 | 0 | -1 | 0 | 0 | -1 | 0 | 0 | -1 | 0 | 0 | -1 | 0 | 0 | -1 | 0 | 0 | -1 | 0 | 0 | -1 | -1 | -49< | >-5 | 128 ]
[ 128 | 4 | 0 | 0 | -1 | 0 | 0 | -1 | 0 | 0 | -1 | 0 | 0 | -1 | 0 | 0 | -1 | 0 | 0 | -1 | 0 | 0 | -1 | -1 | -50< | >-6 | 128 ]
[ 128 | 4 | 0 | 0 | -1 | 0 | 0 | -1 | 0 | 0 | -1 | 0 | 0 | -1 | 0 | 0 | -1 | 0 | 0 | -1 | 0 | 0 | -1 | -1 | -50< | >-7 | 128 ]
[ 128 | 4 | 0 | 0 | -1 | 0 | 0 | -1 | 0 | 0 | -1 | 0 | 0 | -1 | 0 | 0 | -1 | 0 | 0 | -1 | 0 | 0 | -1 | -1 | -51< | >-8 | 128 ]
[ 128 | 4 | 0 | 0 | -1 | 0 | 0 | -1 | 0 | 0 | -1 | 0 | 0 | -1 | 0 | 0 | -1 | 0 | 0 | -1 | 0 | 0 | -1 | -1 | -51< | >-9 | 128 ]
[ 128 | 4 | 0 | 0 | -1 | 0 | 0 | -1 | 0 | 0 | -1 | 0 | 0 | -1 | 0 | 0 | -1 | 0 | 0 | -1 | 0 | 0 | -1 | -1 | -52< | >-9 | 128 ]
[ 128 | 4 | 0 | 0 | -1 | 0 | 0 | -1 | 0 | 0 | -1 | 0 | 0 | -1 | 0 | 0 | -1 | 0 | 0 | -1 | 0 | 0 | -1 | -1 | -52< | -9 | >128 ]
[ 128 | 4 | 0 | 0 | -1 | 0 | 0 | -1 | 0 | 0 | -1 | 0 | 0 | -1 | 0 | 0 | -1 | 0 | 0 | -1 | 0 | 0 | -1 | -1 | -53< | -9 | >127 ]
[ 128 | 4 | 0 | 0 | -1 | 0 | 0 | -1 | 0 | 0 | -1 | 0 | 0 | -1 | 0 | 0 | -1 | 0 | 0 | -1 | 0 | 0 | -1 | -1 | -53< | -9 | >126 ]
[ 128 | 4 | 0 | 0 | -1 | 0 | 0 | -1 | 0 | 0 | -1 | 0 | 0 | -1 | 0 | 0 | -1 | 0 | 0 | -1 | 0 | 0 | -1 | -1 | -54< | -9 | >125 ]
[ 128 | 4 | 0 | 0 | -1 | 0 | 0 | -1 | 0 | 0 | -1 | 0 | 0 | -1 | 0 | 0 | -1 | 0 | 0 | -1 | 0 | 0 | -1 | -1 | -54< | -9 | >124 ]
[ 128 | 4 | 0 | 0 | -1 | 0 | 0 | -1 | 0 | 0 | -1 | 0 | 0 | -1 | 0 | 0 | -1 | 0 | 0 | -1 | 0 | 0 | -1 | -1 | -55< | -9 | >123 ]
[ 128 | 4 | 0 | 0 | -1 | 0 | 0 | -1 | 0 | 0 | -1 | 0 | 0 | -1 | 0 | 0 | -1 | 0 | 0 | -1 | 0 | 0 | -1 | -1 | -55< | -9 | >122 ]
[ 128 | 4 | 0 | 0 | -1 | 0 | 0 | -1 | 0 | 0 | -1 | 0 | 0 | -1 | 0 | 0 | -1 | 0 | 0 | -1 | 0 | 0 | -1 | -1 | -56< | -9 | >121 ]
[ 128 | 4 | 0 | 0 | -1 | 0 | 0 | -1 | 0 | 0 | -1 | 0 | 0 | -1 | 0 | 0 | -1 | 0 | 0 | -1 | 0 | 0 | -1 | -1 | -56< | -9 | >120 ]
[ 128 | 4 | 0 | 0 | -1 | 0 | 0 | -1 | 0 | 0 | -1 | 0 | 0 | -1 | 0 | 0 | -1 | 0 | 0 | -1 | 0 | 0 | -1 | -1 | -57< | -9 | >119 ]
[ 128 | 4 | 0 | 0 | -1 | 0 | 0 | -1 | 0 | 0 | -1 | 0 | 0 | -1 | 0 | 0 | -1 | 0 | 0 | -1 | 0 | 0 | -1 | -1 | -57< | -9 | >118 ]
[ 128 | 4 | 0 | 0 | -1 | 0 | 0 | -1 | 0 | 0 | -1 | 0 | 0 | -1 | 0 | 0 | -1 | 0 | 0 | -1 | 0 | 0 | -1 | -1 | -58< | -9 | >118 ]
[ >128 | 4 | 0 | 0 | -1 | 0 | 0 | -1 | 0 | 0 | -1 | 0 | 0 | -1 | 0 | 0 | -1 | 0 | 0 | -1 | 0 | 0 | -1 | -1 | -58< | -9 | 118 ]

===== CropCircleBot won the battle after 112 cycles =====



===== Starting battle of <PrussianRoulette> vs <CropCircleBot> with memory tape size: 19 =====

[ >128 | 0 | 0 | 0 | 0 | 0 | 0 | 0 | 0 | 0 | 0 | 0 | 0 | 0 | 0 | 0 | 0 | 0 | 128< ]
[ 128 | >0 | 0 | 0 | 0 | 0 | 0 | 0 | 0 | 0 | 0 | 0 | 0 | 0 | 0 | 0 | 0 | 0 | 128< ]
[ 128 | >1 | 0 | 0 | 0 | 0 | 0 | 0 | 0 | 0 | 0 | 0 | 0 | 0 | 0 | 0 | 0 | 0< | 128 ]
[ 128 | >2 | 0 | 0 | 0 | 0 | 0 | 0 | 0 | 0 | 0 | 0 | 0 | 0 | 0 | 0 | 0< | 0 | 128 ]
[ 128 | >3 | 0 | 0 | 0 | 0 | 0 | 0 | 0 | 0 | 0 | 0 | 0 | 0 | 0 | 0 | 0< | 0 | 128 ]
[ 128 | >4 | 0 | 0 | 0 | 0 | 0 | 0 | 0 | 0 | 0 | 0 | 0 | 0 | 0 | 0 | 0< | 0 | 128 ]
[ 128 | >5 | 0 | 0 | 0 | 0 | 0 | 0 | 0 | 0 | 0 | 0 | 0 | 0 | 0 | 0 | -1< | 0 | 128 ]
[ 128 | >4 | 0 | 0 | 0 | 0 | 0 | 0 | 0 | 0 | 0 | 0 | 0 | 0 | 0 | 0 | -1 | 0< | 128 ]
[ 128 | >4 | 0 | 0 | 0 | 0 | 0 | 0 | 0 | 0 | 0 | 0 | 0 | 0 | 0 | 0 | -1 | 0< | 128 ]
[ 128 | >4 | 0 | 0 | 0 | 0 | 0 | 0 | 0 | 0 | 0 | 0 | 0 | 0 | 0 | 0 | -1 | 0< | 128 ]
[ 128 | 4 | >0 | 0 | 0 | 0 | 0 | 0 | 0 | 0 | 0 | 0 | 0 | 0 | 0 | 0 | -1 | 1< | 128 ]
[ 128 | 4 | >0 | 0 | 0 | 0 | 0 | 0 | 0 | 0 | 0 | 0 | 0 | 0 | 0 | 0 | -1 | 1< | 128 ]
[ 128 | 4 | >0 | 0 | 0 | 0 | 0 | 0 | 0 | 0 | 0 | 0 | 0 | 0 | 0 | 0 | -1< | 1 | 128 ]
[ 128 | 4 | >0 | 0 | 0 | 0 | 0 | 0 | 0 | 0 | 0 | 0 | 0 | 0 | 0 | 0< | -1 | 1 | 128 ]
[ 128 | 4 | 0 | >0 | 0 | 0 | 0 | 0 | 0 | 0 | 0 | 0 | 0 | 0 | 0 | 0< | -1 | 1 | 128 ]
[ 128 | 4 | 0 | 0 | >0 | 0 | 0 | 0 | 0 | 0 | 0 | 0 | 0 | 0 | 0 | 0< | -1 | 1 | 128 ]
[ 128 | 4 | 0 | 0 | >-1 | 0 | 0 | 0 | 0 | 0 | 0 | 0 | 0 | 0 | 0 | -1< | -1 | 1 | 128 ]
[ 128 | 4 | 0 | 0 | >-1 | 0 | 0 | 0 | 0 | 0 | 0 | 0 | 0 | 0 | 0 | -1 | -1< | 1 | 128 ]
[ 128 | 4 | 0 | 0 | >-1 | 0 | 0 | 0 | 0 | 0 | 0 | 0 | 0 | 0 | 0 | -1 | -1< | 1 | 128 ]
[ 128 | 4 | 0 | 0 | -1 | >0 | 0 | 0 | 0 | 0 | 0 | 0 | 0 | 0 | 0 | -1 | -2< | 1 | 128 ]
[ 128 | 4 | 0 | 0 | -1 | >0 | 0 | 0 | 0 | 0 | 0 | 0 | 0 | 0 | 0 | -1 | -2< | 1 | 128 ]
[ 128 | 4 | 0 | 0 | -1 | >0 | 0 | 0 | 0 | 0 | 0 | 0 | 0 | 0 | 0 | -1 | -3< | 1 | 128 ]
[ 128 | 4 | 0 | 0 | -1 | >0 | 0 | 0 | 0 | 0 | 0 | 0 | 0 | 0 | 0 | -1 | -3< | 1 | 128 ]
[ 128 | 4 | 0 | 0 | -1 | 0 | >0 | 0 | 0 | 0 | 0 | 0 | 0 | 0 | 0 | -1 | -4< | 1 | 128 ]
[ 128 | 4 | 0 | 0 | -1 | 0 | 0 | >0 | 0 | 0 | 0 | 0 | 0 | 0 | 0 | -1 | -4< | 1 | 128 ]
[ 128 | 4 | 0 | 0 | -1 | 0 | 0 | >-1 | 0 | 0 | 0 | 0 | 0 | 0 | 0 | -1 | -5< | 1 | 128 ]
[ 128 | 4 | 0 | 0 | -1 | 0 | 0 | >-1 | 0 | 0 | 0 | 0 | 0 | 0 | 0 | -1 | -5< | 1 | 128 ]
[ 128 | 4 | 0 | 0 | -1 | 0 | 0 | >-1 | 0 | 0 | 0 | 0 | 0 | 0 | 0 | -1 | -6< | 1 | 128 ]
[ 128 | 4 | 0 | 0 | -1 | 0 | 0 | -1 | >0 | 0 | 0 | 0 | 0 | 0 | 0 | -1 | -6< | 1 | 128 ]
[ 128 | 4 | 0 | 0 | -1 | 0 | 0 | -1 | >0 | 0 | 0 | 0 | 0 | 0 | 0 | -1 | -7< | 1 | 128 ]
[ 128 | 4 | 0 | 0 | -1 | 0 | 0 | -1 | >0 | 0 | 0 | 0 | 0 | 0 | 0 | -1 | -7< | 1 | 128 ]
[ 128 | 4 | 0 | 0 | -1 | 0 | 0 | -1 | >0 | 0 | 0 | 0 | 0 | 0 | 0 | -1 | -8< | 1 | 128 ]
[ 128 | 4 | 0 | 0 | -1 | 0 | 0 | -1 | 0 | >0 | 0 | 0 | 0 | 0 | 0 | -1 | -8< | 1 | 128 ]
[ 128 | 4 | 0 | 0 | -1 | 0 | 0 | -1 | 0 | 0 | >0 | 0 | 0 | 0 | 0 | -1 | -9< | 1 | 128 ]
[ 128 | 4 | 0 | 0 | -1 | 0 | 0 | -1 | 0 | 0 | >-1 | 0 | 0 | 0 | 0 | -1 | -9< | 1 | 128 ]
[ 128 | 4 | 0 | 0 | -1 | 0 | 0 | -1 | 0 | 0 | >-1 | 0 | 0 | 0 | 0 | -1 | -10< | 1 | 128 ]
[ 128 | 4 | 0 | 0 | -1 | 0 | 0 | -1 | 0 | 0 | >-1 | 0 | 0 | 0 | 0 | -1 | -10< | 1 | 128 ]
[ 128 | 4 | 0 | 0 | -1 | 0 | 0 | -1 | 0 | 0 | -1 | >0 | 0 | 0 | 0 | -1 | -11< | 1 | 128 ]
[ 128 | 4 | 0 | 0 | -1 | 0 | 0 | -1 | 0 | 0 | -1 | >0 | 0 | 0 | 0 | -1 | -11< | 1 | 128 ]
[ 128 | 4 | 0 | 0 | -1 | 0 | 0 | -1 | 0 | 0 | -1 | >0 | 0 | 0 | 0 | -1 | -12< | 1 | 128 ]
[ 128 | 4 | 0 | 0 | -1 | 0 | 0 | -1 | 0 | 0 | -1 | >0 | 0 | 0 | 0 | -1 | -12< | 1 | 128 ]
[ 128 | 4 | 0 | 0 | -1 | 0 | 0 | -1 | 0 | 0 | -1 | 0 | >0 | 0 | 0 | -1 | -13< | 1 | 128 ]
[ 128 | 4 | 0 | 0 | -1 | 0 | 0 | -1 | 0 | 0 | -1 | 0 | 0 | >0 | 0 | -1 | -13< | 1 | 128 ]
[ 128 | 4 | 0 | 0 | -1 | 0 | 0 | -1 | 0 | 0 | -1 | 0 | 0 | >-1 | 0 | -1 | -14< | 1 | 128 ]
[ 128 | 4 | 0 | 0 | -1 | 0 | 0 | -1 | 0 | 0 | -1 | 0 | 0 | >-1 | 0 | -1 | -14< | 1 | 128 ]
[ 128 | 4 | 0 | 0 | -1 | 0 | 0 | -1 | 0 | 0 | -1 | 0 | 0 | >-1 | 0 | -1 | -15< | 1 | 128 ]
[ 128 | 4 | 0 | 0 | -1 | 0 | 0 | -1 | 0 | 0 | -1 | 0 | 0 | -1 | >0 | -1 | -15< | 1 | 128 ]
[ 128 | 4 | 0 | 0 | -1 | 0 | 0 | -1 | 0 | 0 | -1 | 0 | 0 | -1 | >0 | -1 | -16< | 1 | 128 ]
[ 128 | 4 | 0 | 0 | -1 | 0 | 0 | -1 | 0 | 0 | -1 | 0 | 0 | -1 | >0 | -1 | -16< | 1 | 128 ]
[ 128 | 4 | 0 | 0 | -1 | 0 | 0 | -1 | 0 | 0 | -1 | 0 | 0 | -1 | >0 | -1 | -17< | 1 | 128 ]
[ 128 | 4 | 0 | 0 | -1 | 0 | 0 | -1 | 0 | 0 | -1 | 0 | 0 | -1 | 0 | >-1 | -17< | 1 | 128 ]
[ 128 | 4 | 0 | 0 | -1 | 0 | 0 | -1 | 0 | 0 | -1 | 0 | 0 | -1 | 0 | -1 | >-18< | 1 | 128 ]
[ 128 | 4 | 0 | 0 | -1 | 0 | 0 | -1 | 0 | 0 | -1 | 0 | 0 | -1 | 0 | -1 | >-19< | 1 | 128 ]
[ 128 | 4 | 0 | 0 | -1 | 0 | 0 | -1 | 0 | 0 | -1 | 0 | 0 | -1 | 0 | -1 | >-20< | 1 | 128 ]
[ 128 | 4 | 0 | 0 | -1 | 0 | 0 | -1 | 0 | 0 | -1 | 0 | 0 | -1 | 0 | -1 | >-20< | 1 | 128 ]
[ 128 | 4 | 0 | 0 | -1 | 0 | 0 | -1 | 0 | 0 | -1 | 0 | 0 | -1 | 0 | -1 | -21< | >1 | 128 ]
[ 128 | 4 | 0 | 0 | -1 | 0 | 0 | -1 | 0 | 0 | -1 | 0 | 0 | -1 | 0 | -1 | -21< | >1 | 128 ]
[ 128 | 4 | 0 | 0 | -1 | 0 | 0 | -1 | 0 | 0 | -1 | 0 | 0 | -1 | 0 | -1 | -22< | >1 | 128 ]
[ 128 | 4 | 0 | 0 | -1 | 0 | 0 | -1 | 0 | 0 | -1 | 0 | 0 | -1 | 0 | -1 | -22< | 1 | >128 ]
[ 128 | 4 | 0 | 0 | -1 | 0 | 0 | -1 | 0 | 0 | -1 | 0 | 0 | -1 | 0 | -1 | -23< | 1 | >127 ]
[ 128 | 4 | 0 | 0 | -1 | 0 | 0 | -1 | 0 | 0 | -1 | 0 | 0 | -1 | 0 | -1 | -23< | 1 | >126 ]
[ 128 | 4 | 0 | 0 | -1 | 0 | 0 | -1 | 0 | 0 | -1 | 0 | 0 | -1 | 0 | -1 | -24< | 1 | >125 ]
[ 128 | 4 | 0 | 0 | -1 | 0 | 0 | -1 | 0 | 0 | -1 | 0 | 0 | -1 | 0 | -1 | -24< | 1 | >124 ]
[ 128 | 4 | 0 | 0 | -1 | 0 | 0 | -1 | 0 | 0 | -1 | 0 | 0 | -1 | 0 | -1 | -25< | 1 | >123 ]
[ 128 | 4 | 0 | 0 | -1 | 0 | 0 | -1 | 0 | 0 | -1 | 0 | 0 | -1 | 0 | -1 | -25< | 1 | >122 ]
[ 128 | 4 | 0 | 0 | -1 | 0 | 0 | -1 | 0 | 0 | -1 | 0 | 0 | -1 | 0 | -1 | -26< | 1 | >121 ]
[ 128 | 4 | 0 | 0 | -1 | 0 | 0 | -1 | 0 | 0 | -1 | 0 | 0 | -1 | 0 | -1 | -26< | 1 | >120 ]
[ 128 | 4 | 0 | 0 | -1 | 0 | 0 | -1 | 0 | 0 | -1 | 0 | 0 | -1 | 0 | -1 | -27< | 1 | >119 ]
[ 128 | 4 | 0 | 0 | -1 | 0 | 0 | -1 | 0 | 0 | -1 | 0 | 0 | -1 | 0 | -1 | -27< | 1 | >118 ]
[ 128 | 4 | 0 | 0 | -1 | 0 | 0 | -1 | 0 | 0 | -1 | 0 | 0 | -1 | 0 | -1 | -28< | 1 | >118 ]
[ >128 | 4 | 0 | 0 | -1 | 0 | 0 | -1 | 0 | 0 | -1 | 0 | 0 | -1 | 0 | -1 | -28< | 1 | 118 ]

===== CropCircleBot won the battle after 70 cycles =====



===== Starting battle of <PrussianRoulette> vs <CropCircleBot> with memory tape size: 27 =====

[ >128 | 0 | 0 | 0 | 0 | 0 | 0 | 0 | 0 | 0 | 0 | 0 | 0 | 0 | 0 | 0 | 0 | 0 | 0 | 0 | 0 | 0 | 0 | 0 | 0 | 0 | 128< ]
[ 128 | >0 | 0 | 0 | 0 | 0 | 0 | 0 | 0 | 0 | 0 | 0 | 0 | 0 | 0 | 0 | 0 | 0 | 0 | 0 | 0 | 0 | 0 | 0 | 0 | 0 | 128< ]
[ 128 | >1 | 0 | 0 | 0 | 0 | 0 | 0 | 0 | 0 | 0 | 0 | 0 | 0 | 0 | 0 | 0 | 0 | 0 | 0 | 0 | 0 | 0 | 0 | 0 | 0< | 128 ]
[ 128 | >2 | 0 | 0 | 0 | 0 | 0 | 0 | 0 | 0 | 0 | 0 | 0 | 0 | 0 | 0 | 0 | 0 | 0 | 0 | 0 | 0 | 0 | 0 | 0< | 0 | 128 ]
[ 128 | >3 | 0 | 0 | 0 | 0 | 0 | 0 | 0 | 0 | 0 | 0 | 0 | 0 | 0 | 0 | 0 | 0 | 0 | 0 | 0 | 0 | 0 | 0 | 0< | 0 | 128 ]
[ 128 | >4 | 0 | 0 | 0 | 0 | 0 | 0 | 0 | 0 | 0 | 0 | 0 | 0 | 0 | 0 | 0 | 0 | 0 | 0 | 0 | 0 | 0 | 0 | 0< | 0 | 128 ]
[ 128 | >5 | 0 | 0 | 0 | 0 | 0 | 0 | 0 | 0 | 0 | 0 | 0 | 0 | 0 | 0 | 0 | 0 | 0 | 0 | 0 | 0 | 0 | 0 | -1< | 0 | 128 ]
[ 128 | >4 | 0 | 0 | 0 | 0 | 0 | 0 | 0 | 0 | 0 | 0 | 0 | 0 | 0 | 0 | 0 | 0 | 0 | 0 | 0 | 0 | 0 | 0 | -1 | 0< | 128 ]
[ 128 | >4 | 0 | 0 | 0 | 0 | 0 | 0 | 0 | 0 | 0 | 0 | 0 | 0 | 0 | 0 | 0 | 0 | 0 | 0 | 0 | 0 | 0 | 0 | -1 | 0< | 128 ]
[ 128 | >4 | 0 | 0 | 0 | 0 | 0 | 0 | 0 | 0 | 0 | 0 | 0 | 0 | 0 | 0 | 0 | 0 | 0 | 0 | 0 | 0 | 0 | 0 | -1 | 0< | 128 ]
[ 128 | 4 | >0 | 0 | 0 | 0 | 0 | 0 | 0 | 0 | 0 | 0 | 0 | 0 | 0 | 0 | 0 | 0 | 0 | 0 | 0 | 0 | 0 | 0 | -1 | 1< | 128 ]
[ 128 | 4 | >0 | 0 | 0 | 0 | 0 | 0 | 0 | 0 | 0 | 0 | 0 | 0 | 0 | 0 | 0 | 0 | 0 | 0 | 0 | 0 | 0 | 0 | -1 | 1< | 128 ]
[ 128 | 4 | >0 | 0 | 0 | 0 | 0 | 0 | 0 | 0 | 0 | 0 | 0 | 0 | 0 | 0 | 0 | 0 | 0 | 0 | 0 | 0 | 0 | 0 | -1< | 1 | 128 ]
[ 128 | 4 | >0 | 0 | 0 | 0 | 0 | 0 | 0 | 0 | 0 | 0 | 0 | 0 | 0 | 0 | 0 | 0 | 0 | 0 | 0 | 0 | 0 | 0< | -1 | 1 | 128 ]
[ 128 | 4 | 0 | >0 | 0 | 0 | 0 | 0 | 0 | 0 | 0 | 0 | 0 | 0 | 0 | 0 | 0 | 0 | 0 | 0 | 0 | 0 | 0 | 0< | -1 | 1 | 128 ]
[ 128 | 4 | 0 | 0 | >0 | 0 | 0 | 0 | 0 | 0 | 0 | 0 | 0 | 0 | 0 | 0 | 0 | 0 | 0 | 0 | 0 | 0 | 0 | 0< | -1 | 1 | 128 ]
[ 128 | 4 | 0 | 0 | >-1 | 0 | 0 | 0 | 0 | 0 | 0 | 0 | 0 | 0 | 0 | 0 | 0 | 0 | 0 | 0 | 0 | 0 | 0 | -1< | -1 | 1 | 128 ]
[ 128 | 4 | 0 | 0 | >-1 | 0 | 0 | 0 | 0 | 0 | 0 | 0 | 0 | 0 | 0 | 0 | 0 | 0 | 0 | 0 | 0 | 0 | 0 | -1 | -1< | 1 | 128 ]
[ 128 | 4 | 0 | 0 | >-1 | 0 | 0 | 0 | 0 | 0 | 0 | 0 | 0 | 0 | 0 | 0 | 0 | 0 | 0 | 0 | 0 | 0 | 0 | -1 | -1< | 1 | 128 ]
[ 128 | 4 | 0 | 0 | -1 | >0 | 0 | 0 | 0 | 0 | 0 | 0 | 0 | 0 | 0 | 0 | 0 | 0 | 0 | 0 | 0 | 0 | 0 | -1 | -2< | 1 | 128 ]
[ 128 | 4 | 0 | 0 | -1 | >0 | 0 | 0 | 0 | 0 | 0 | 0 | 0 | 0 | 0 | 0 | 0 | 0 | 0 | 0 | 0 | 0 | 0 | -1 | -2< | 1 | 128 ]
[ 128 | 4 | 0 | 0 | -1 | >0 | 0 | 0 | 0 | 0 | 0 | 0 | 0 | 0 | 0 | 0 | 0 | 0 | 0 | 0 | 0 | 0 | 0 | -1 | -3< | 1 | 128 ]
[ 128 | 4 | 0 | 0 | -1 | >0 | 0 | 0 | 0 | 0 | 0 | 0 | 0 | 0 | 0 | 0 | 0 | 0 | 0 | 0 | 0 | 0 | 0 | -1 | -3< | 1 | 128 ]
[ 128 | 4 | 0 | 0 | -1 | 0 | >0 | 0 | 0 | 0 | 0 | 0 | 0 | 0 | 0 | 0 | 0 | 0 | 0 | 0 | 0 | 0 | 0 | -1 | -4< | 1 | 128 ]
[ 128 | 4 | 0 | 0 | -1 | 0 | 0 | >0 | 0 | 0 | 0 | 0 | 0 | 0 | 0 | 0 | 0 | 0 | 0 | 0 | 0 | 0 | 0 | -1 | -4< | 1 | 128 ]
[ 128 | 4 | 0 | 0 | -1 | 0 | 0 | >-1 | 0 | 0 | 0 | 0 | 0 | 0 | 0 | 0 | 0 | 0 | 0 | 0 | 0 | 0 | 0 | -1 | -5< | 1 | 128 ]
[ 128 | 4 | 0 | 0 | -1 | 0 | 0 | >-1 | 0 | 0 | 0 | 0 | 0 | 0 | 0 | 0 | 0 | 0 | 0 | 0 | 0 | 0 | 0 | -1 | -5< | 1 | 128 ]
[ 128 | 4 | 0 | 0 | -1 | 0 | 0 | >-1 | 0 | 0 | 0 | 0 | 0 | 0 | 0 | 0 | 0 | 0 | 0 | 0 | 0 | 0 | 0 | -1 | -6< | 1 | 128 ]
[ 128 | 4 | 0 | 0 | -1 | 0 | 0 | -1 | >0 | 0 | 0 | 0 | 0 | 0 | 0 | 0 | 0 | 0 | 0 | 0 | 0 | 0 | 0 | -1 | -6< | 1 | 128 ]
[ 128 | 4 | 0 | 0 | -1 | 0 | 0 | -1 | >0 | 0 | 0 | 0 | 0 | 0 | 0 | 0 | 0 | 0 | 0 | 0 | 0 | 0 | 0 | -1 | -7< | 1 | 128 ]
[ 128 | 4 | 0 | 0 | -1 | 0 | 0 | -1 | >0 | 0 | 0 | 0 | 0 | 0 | 0 | 0 | 0 | 0 | 0 | 0 | 0 | 0 | 0 | -1 | -7< | 1 | 128 ]
[ 128 | 4 | 0 | 0 | -1 | 0 | 0 | -1 | >0 | 0 | 0 | 0 | 0 | 0 | 0 | 0 | 0 | 0 | 0 | 0 | 0 | 0 | 0 | -1 | -8< | 1 | 128 ]
[ 128 | 4 | 0 | 0 | -1 | 0 | 0 | -1 | 0 | >0 | 0 | 0 | 0 | 0 | 0 | 0 | 0 | 0 | 0 | 0 | 0 | 0 | 0 | -1 | -8< | 1 | 128 ]
[ 128 | 4 | 0 | 0 | -1 | 0 | 0 | -1 | 0 | 0 | >0 | 0 | 0 | 0 | 0 | 0 | 0 | 0 | 0 | 0 | 0 | 0 | 0 | -1 | -9< | 1 | 128 ]
[ 128 | 4 | 0 | 0 | -1 | 0 | 0 | -1 | 0 | 0 | >-1 | 0 | 0 | 0 | 0 | 0 | 0 | 0 | 0 | 0 | 0 | 0 | 0 | -1 | -9< | 1 | 128 ]
[ 128 | 4 | 0 | 0 | -1 | 0 | 0 | -1 | 0 | 0 | >-1 | 0 | 0 | 0 | 0 | 0 | 0 | 0 | 0 | 0 | 0 | 0 | 0 | -1 | -10< | 1 | 128 ]
[ 128 | 4 | 0 | 0 | -1 | 0 | 0 | -1 | 0 | 0 | >-1 | 0 | 0 | 0 | 0 | 0 | 0 | 0 | 0 | 0 | 0 | 0 | 0 | -1 | -10< | 1 | 128 ]
[ 128 | 4 | 0 | 0 | -1 | 0 | 0 | -1 | 0 | 0 | -1 | >0 | 0 | 0 | 0 | 0 | 0 | 0 | 0 | 0 | 0 | 0 | 0 | -1 | -11< | 1 | 128 ]
[ 128 | 4 | 0 | 0 | -1 | 0 | 0 | -1 | 0 | 0 | -1 | >0 | 0 | 0 | 0 | 0 | 0 | 0 | 0 | 0 | 0 | 0 | 0 | -1 | -11< | 1 | 128 ]
[ 128 | 4 | 0 | 0 | -1 | 0 | 0 | -1 | 0 | 0 | -1 | >0 | 0 | 0 | 0 | 0 | 0 | 0 | 0 | 0 | 0 | 0 | 0 | -1 | -12< | 1 | 128 ]
[ 128 | 4 | 0 | 0 | -1 | 0 | 0 | -1 | 0 | 0 | -1 | >0 | 0 | 0 | 0 | 0 | 0 | 0 | 0 | 0 | 0 | 0 | 0 | -1 | -12< | 1 | 128 ]
[ 128 | 4 | 0 | 0 | -1 | 0 | 0 | -1 | 0 | 0 | -1 | 0 | >0 | 0 | 0 | 0 | 0 | 0 | 0 | 0 | 0 | 0 | 0 | -1 | -13< | 1 | 128 ]
[ 128 | 4 | 0 | 0 | -1 | 0 | 0 | -1 | 0 | 0 | -1 | 0 | 0 | >0 | 0 | 0 | 0 | 0 | 0 | 0 | 0 | 0 | 0 | -1 | -13< | 1 | 128 ]
[ 128 | 4 | 0 | 0 | -1 | 0 | 0 | -1 | 0 | 0 | -1 | 0 | 0 | >-1 | 0 | 0 | 0 | 0 | 0 | 0 | 0 | 0 | 0 | -1 | -14< | 1 | 128 ]
[ 128 | 4 | 0 | 0 | -1 | 0 | 0 | -1 | 0 | 0 | -1 | 0 | 0 | >-1 | 0 | 0 | 0 | 0 | 0 | 0 | 0 | 0 | 0 | -1 | -14< | 1 | 128 ]
[ 128 | 4 | 0 | 0 | -1 | 0 | 0 | -1 | 0 | 0 | -1 | 0 | 0 | >-1 | 0 | 0 | 0 | 0 | 0 | 0 | 0 | 0 | 0 | -1 | -15< | 1 | 128 ]
[ 128 | 4 | 0 | 0 | -1 | 0 | 0 | -1 | 0 | 0 | -1 | 0 | 0 | -1 | >0 | 0 | 0 | 0 | 0 | 0 | 0 | 0 | 0 | -1 | -15< | 1 | 128 ]
[ 128 | 4 | 0 | 0 | -1 | 0 | 0 | -1 | 0 | 0 | -1 | 0 | 0 | -1 | >0 | 0 | 0 | 0 | 0 | 0 | 0 | 0 | 0 | -1 | -16< | 1 | 128 ]
[ 128 | 4 | 0 | 0 | -1 | 0 | 0 | -1 | 0 | 0 | -1 | 0 | 0 | -1 | >0 | 0 | 0 | 0 | 0 | 0 | 0 | 0 | 0 | -1 | -16< | 1 | 128 ]
[ 128 | 4 | 0 | 0 | -1 | 0 | 0 | -1 | 0 | 0 | -1 | 0 | 0 | -1 | >0 | 0 | 0 | 0 | 0 | 0 | 0 | 0 | 0 | -1 | -17< | 1 | 128 ]
[ 128 | 4 | 0 | 0 | -1 | 0 | 0 | -1 | 0 | 0 | -1 | 0 | 0 | -1 | 0 | >0 | 0 | 0 | 0 | 0 | 0 | 0 | 0 | -1 | -17< | 1 | 128 ]
[ 128 | 4 | 0 | 0 | -1 | 0 | 0 | -1 | 0 | 0 | -1 | 0 | 0 | -1 | 0 | 0 | >0 | 0 | 0 | 0 | 0 | 0 | 0 | -1 | -18< | 1 | 128 ]
[ 128 | 4 | 0 | 0 | -1 | 0 | 0 | -1 | 0 | 0 | -1 | 0 | 0 | -1 | 0 | 0 | >-1 | 0 | 0 | 0 | 0 | 0 | 0 | -1 | -18< | 1 | 128 ]
[ 128 | 4 | 0 | 0 | -1 | 0 | 0 | -1 | 0 | 0 | -1 | 0 | 0 | -1 | 0 | 0 | >-1 | 0 | 0 | 0 | 0 | 0 | 0 | -1 | -19< | 1 | 128 ]
[ 128 | 4 | 0 | 0 | -1 | 0 | 0 | -1 | 0 | 0 | -1 | 0 | 0 | -1 | 0 | 0 | >-1 | 0 | 0 | 0 | 0 | 0 | 0 | -1 | -19< | 1 | 128 ]
[ 128 | 4 | 0 | 0 | -1 | 0 | 0 | -1 | 0 | 0 | -1 | 0 | 0 | -1 | 0 | 0 | -1 | >0 | 0 | 0 | 0 | 0 | 0 | -1 | -20< | 1 | 128 ]
[ 128 | 4 | 0 | 0 | -1 | 0 | 0 | -1 | 0 | 0 | -1 | 0 | 0 | -1 | 0 | 0 | -1 | >0 | 0 | 0 | 0 | 0 | 0 | -1 | -20< | 1 | 128 ]
[ 128 | 4 | 0 | 0 | -1 | 0 | 0 | -1 | 0 | 0 | -1 | 0 | 0 | -1 | 0 | 0 | -1 | >0 | 0 | 0 | 0 | 0 | 0 | -1 | -21< | 1 | 128 ]
[ 128 | 4 | 0 | 0 | -1 | 0 | 0 | -1 | 0 | 0 | -1 | 0 | 0 | -1 | 0 | 0 | -1 | >0 | 0 | 0 | 0 | 0 | 0 | -1 | -21< | 1 | 128 ]
[ 128 | 4 | 0 | 0 | -1 | 0 | 0 | -1 | 0 | 0 | -1 | 0 | 0 | -1 | 0 | 0 | -1 | 0 | >0 | 0 | 0 | 0 | 0 | -1 | -22< | 1 | 128 ]
[ 128 | 4 | 0 | 0 | -1 | 0 | 0 | -1 | 0 | 0 | -1 | 0 | 0 | -1 | 0 | 0 | -1 | 0 | 0 | >0 | 0 | 0 | 0 | -1 | -22< | 1 | 128 ]
[ 128 | 4 | 0 | 0 | -1 | 0 | 0 | -1 | 0 | 0 | -1 | 0 | 0 | -1 | 0 | 0 | -1 | 0 | 0 | >-1 | 0 | 0 | 0 | -1 | -23< | 1 | 128 ]
[ 128 | 4 | 0 | 0 | -1 | 0 | 0 | -1 | 0 | 0 | -1 | 0 | 0 | -1 | 0 | 0 | -1 | 0 | 0 | >-1 | 0 | 0 | 0 | -1 | -23< | 1 | 128 ]
[ 128 | 4 | 0 | 0 | -1 | 0 | 0 | -1 | 0 | 0 | -1 | 0 | 0 | -1 | 0 | 0 | -1 | 0 | 0 | >-1 | 0 | 0 | 0 | -1 | -24< | 1 | 128 ]
[ 128 | 4 | 0 | 0 | -1 | 0 | 0 | -1 | 0 | 0 | -1 | 0 | 0 | -1 | 0 | 0 | -1 | 0 | 0 | -1 | >0 | 0 | 0 | -1 | -24< | 1 | 128 ]
[ 128 | 4 | 0 | 0 | -1 | 0 | 0 | -1 | 0 | 0 | -1 | 0 | 0 | -1 | 0 | 0 | -1 | 0 | 0 | -1 | >0 | 0 | 0 | -1 | -25< | 1 | 128 ]
[ 128 | 4 | 0 | 0 | -1 | 0 | 0 | -1 | 0 | 0 | -1 | 0 | 0 | -1 | 0 | 0 | -1 | 0 | 0 | -1 | >0 | 0 | 0 | -1 | -25< | 1 | 128 ]
[ 128 | 4 | 0 | 0 | -1 | 0 | 0 | -1 | 0 | 0 | -1 | 0 | 0 | -1 | 0 | 0 | -1 | 0 | 0 | -1 | >0 | 0 | 0 | -1 | -26< | 1 | 128 ]
[ 128 | 4 | 0 | 0 | -1 | 0 | 0 | -1 | 0 | 0 | -1 | 0 | 0 | -1 | 0 | 0 | -1 | 0 | 0 | -1 | 0 | >0 | 0 | -1 | -26< | 1 | 128 ]
[ 128 | 4 | 0 | 0 | -1 | 0 | 0 | -1 | 0 | 0 | -1 | 0 | 0 | -1 | 0 | 0 | -1 | 0 | 0 | -1 | 0 | 0 | >0 | -1 | -27< | 1 | 128 ]
[ 128 | 4 | 0 | 0 | -1 | 0 | 0 | -1 | 0 | 0 | -1 | 0 | 0 | -1 | 0 | 0 | -1 | 0 | 0 | -1 | 0 | 0 | >-1 | -1 | -27< | 1 | 128 ]
[ 128 | 4 | 0 | 0 | -1 | 0 | 0 | -1 | 0 | 0 | -1 | 0 | 0 | -1 | 0 | 0 | -1 | 0 | 0 | -1 | 0 | 0 | >-1 | -1 | -28< | 1 | 128 ]
[ 128 | 4 | 0 | 0 | -1 | 0 | 0 | -1 | 0 | 0 | -1 | 0 | 0 | -1 | 0 | 0 | -1 | 0 | 0 | -1 | 0 | 0 | >-1 | -1 | -28< | 1 | 128 ]
[ 128 | 4 | 0 | 0 | -1 | 0 | 0 | -1 | 0 | 0 | -1 | 0 | 0 | -1 | 0 | 0 | -1 | 0 | 0 | -1 | 0 | 0 | -1 | >-1 | -29< | 1 | 128 ]
[ 128 | 4 | 0 | 0 | -1 | 0 | 0 | -1 | 0 | 0 | -1 | 0 | 0 | -1 | 0 | 0 | -1 | 0 | 0 | -1 | 0 | 0 | -1 | >-1 | -29< | 1 | 128 ]
[ 128 | 4 | 0 | 0 | -1 | 0 | 0 | -1 | 0 | 0 | -1 | 0 | 0 | -1 | 0 | 0 | -1 | 0 | 0 | -1 | 0 | 0 | -1 | >-1 | -30< | 1 | 128 ]
[ 128 | 4 | 0 | 0 | -1 | 0 | 0 | -1 | 0 | 0 | -1 | 0 | 0 | -1 | 0 | 0 | -1 | 0 | 0 | -1 | 0 | 0 | -1 | -1 | >-30< | 1 | 128 ]
[ 128 | 4 | 0 | 0 | -1 | 0 | 0 | -1 | 0 | 0 | -1 | 0 | 0 | -1 | 0 | 0 | -1 | 0 | 0 | -1 | 0 | 0 | -1 | -1 | >-32< | 1 | 128 ]
[ 128 | 4 | 0 | 0 | -1 | 0 | 0 | -1 | 0 | 0 | -1 | 0 | 0 | -1 | 0 | 0 | -1 | 0 | 0 | -1 | 0 | 0 | -1 | -1 | >-33< | 1 | 128 ]
[ 128 | 4 | 0 | 0 | -1 | 0 | 0 | -1 | 0 | 0 | -1 | 0 | 0 | -1 | 0 | 0 | -1 | 0 | 0 | -1 | 0 | 0 | -1 | -1 | >-35< | 1 | 128 ]
[ 128 | 4 | 0 | 0 | -1 | 0 | 0 | -1 | 0 | 0 | -1 | 0 | 0 | -1 | 0 | 0 | -1 | 0 | 0 | -1 | 0 | 0 | -1 | -1 | >-36< | 1 | 128 ]
[ 128 | 4 | 0 | 0 | -1 | 0 | 0 | -1 | 0 | 0 | -1 | 0 | 0 | -1 | 0 | 0 | -1 | 0 | 0 | -1 | 0 | 0 | -1 | -1 | >-38< | 1 | 128 ]
[ 128 | 4 | 0 | 0 | -1 | 0 | 0 | -1 | 0 | 0 | -1 | 0 | 0 | -1 | 0 | 0 | -1 | 0 | 0 | -1 | 0 | 0 | -1 | -1 | >-39< | 1 | 128 ]
[ 128 | 4 | 0 | 0 | -1 | 0 | 0 | -1 | 0 | 0 | -1 | 0 | 0 | -1 | 0 | 0 | -1 | 0 | 0 | -1 | 0 | 0 | -1 | -1 | >-41< | 1 | 128 ]
[ 128 | 4 | 0 | 0 | -1 | 0 | 0 | -1 | 0 | 0 | -1 | 0 | 0 | -1 | 0 | 0 | -1 | 0 | 0 | -1 | 0 | 0 | -1 | -1 | >-42< | 1 | 128 ]
[ 128 | 4 | 0 | 0 | -1 | 0 | 0 | -1 | 0 | 0 | -1 | 0 | 0 | -1 | 0 | 0 | -1 | 0 | 0 | -1 | 0 | 0 | -1 | -1 | >-44< | 1 | 128 ]
[ 128 | 4 | 0 | 0 | -1 | 0 | 0 | -1 | 0 | 0 | -1 | 0 | 0 | -1 | 0 | 0 | -1 | 0 | 0 | -1 | 0 | 0 | -1 | -1 | >-45< | 1 | 128 ]
[ 128 | 4 | 0 | 0 | -1 | 0 | 0 | -1 | 0 | 0 | -1 | 0 | 0 | -1 | 0 | 0 | -1 | 0 | 0 | -1 | 0 | 0 | -1 | -1 | >-46< | 1 | 128 ]
[ 128 | 4 | 0 | 0 | -1 | 0 | 0 | -1 | 0 | 0 | -1 | 0 | 0 | -1 | 0 | 0 | -1 | 0 | 0 | -1 | 0 | 0 | -1 | -1 | -46< | >1 | 128 ]
[ 128 | 4 | 0 | 0 | -1 | 0 | 0 | -1 | 0 | 0 | -1 | 0 | 0 | -1 | 0 | 0 | -1 | 0 | 0 | -1 | 0 | 0 | -1 | -1 | -47< | >0 | 128 ]
[ 128 | 4 | 0 | 0 | -1 | 0 | 0 | -1 | 0 | 0 | -1 | 0 | 0 | -1 | 0 | 0 | -1 | 0 | 0 | -1 | 0 | 0 | -1 | -1 | -47< | >-1 | 128 ]
[ 128 | 4 | 0 | 0 | -1 | 0 | 0 | -1 | 0 | 0 | -1 | 0 | 0 | -1 | 0 | 0 | -1 | 0 | 0 | -1 | 0 | 0 | -1 | -1 | -48< | >-2 | 128 ]
[ 128 | 4 | 0 | 0 | -1 | 0 | 0 | -1 | 0 | 0 | -1 | 0 | 0 | -1 | 0 | 0 | -1 | 0 | 0 | -1 | 0 | 0 | -1 | -1 | -48< | >-3 | 128 ]
[ 128 | 4 | 0 | 0 | -1 | 0 | 0 | -1 | 0 | 0 | -1 | 0 | 0 | -1 | 0 | 0 | -1 | 0 | 0 | -1 | 0 | 0 | -1 | -1 | -49< | >-4 | 128 ]
[ 128 | 4 | 0 | 0 | -1 | 0 | 0 | -1 | 0 | 0 | -1 | 0 | 0 | -1 | 0 | 0 | -1 | 0 | 0 | -1 | 0 | 0 | -1 | -1 | -49< | >-5 | 128 ]
[ 128 | 4 | 0 | 0 | -1 | 0 | 0 | -1 | 0 | 0 | -1 | 0 | 0 | -1 | 0 | 0 | -1 | 0 | 0 | -1 | 0 | 0 | -1 | -1 | -50< | >-6 | 128 ]
[ 128 | 4 | 0 | 0 | -1 | 0 | 0 | -1 | 0 | 0 | -1 | 0 | 0 | -1 | 0 | 0 | -1 | 0 | 0 | -1 | 0 | 0 | -1 | -1 | -50< | >-7 | 128 ]
[ 128 | 4 | 0 | 0 | -1 | 0 | 0 | -1 | 0 | 0 | -1 | 0 | 0 | -1 | 0 | 0 | -1 | 0 | 0 | -1 | 0 | 0 | -1 | -1 | -51< | >-8 | 128 ]
[ 128 | 4 | 0 | 0 | -1 | 0 | 0 | -1 | 0 | 0 | -1 | 0 | 0 | -1 | 0 | 0 | -1 | 0 | 0 | -1 | 0 | 0 | -1 | -1 | -51< | >-9 | 128 ]
[ 128 | 4 | 0 | 0 | -1 | 0 | 0 | -1 | 0 | 0 | -1 | 0 | 0 | -1 | 0 | 0 | -1 | 0 | 0 | -1 | 0 | 0 | -1 | -1 | -52< | >-9 | 128 ]
[ 128 | 4 | 0 | 0 | -1 | 0 | 0 | -1 | 0 | 0 | -1 | 0 | 0 | -1 | 0 | 0 | -1 | 0 | 0 | -1 | 0 | 0 | -1 | -1 | -52< | -9 | >128 ]
[ 128 | 4 | 0 | 0 | -1 | 0 | 0 | -1 | 0 | 0 | -1 | 0 | 0 | -1 | 0 | 0 | -1 | 0 | 0 | -1 | 0 | 0 | -1 | -1 | -53< | -9 | >127 ]
[ 128 | 4 | 0 | 0 | -1 | 0 | 0 | -1 | 0 | 0 | -1 | 0 | 0 | -1 | 0 | 0 | -1 | 0 | 0 | -1 | 0 | 0 | -1 | -1 | -53< | -9 | >126 ]
[ 128 | 4 | 0 | 0 | -1 | 0 | 0 | -1 | 0 | 0 | -1 | 0 | 0 | -1 | 0 | 0 | -1 | 0 | 0 | -1 | 0 | 0 | -1 | -1 | -54< | -9 | >125 ]
[ 128 | 4 | 0 | 0 | -1 | 0 | 0 | -1 | 0 | 0 | -1 | 0 | 0 | -1 | 0 | 0 | -1 | 0 | 0 | -1 | 0 | 0 | -1 | -1 | -54< | -9 | >124 ]
[ 128 | 4 | 0 | 0 | -1 | 0 | 0 | -1 | 0 | 0 | -1 | 0 | 0 | -1 | 0 | 0 | -1 | 0 | 0 | -1 | 0 | 0 | -1 | -1 | -55< | -9 | >123 ]
[ 128 | 4 | 0 | 0 | -1 | 0 | 0 | -1 | 0 | 0 | -1 | 0 | 0 | -1 | 0 | 0 | -1 | 0 | 0 | -1 | 0 | 0 | -1 | -1 | -55< | -9 | >122 ]
[ 128 | 4 | 0 | 0 | -1 | 0 | 0 | -1 | 0 | 0 | -1 | 0 | 0 | -1 | 0 | 0 | -1 | 0 | 0 | -1 | 0 | 0 | -1 | -1 | -56< | -9 | >121 ]
[ 128 | 4 | 0 | 0 | -1 | 0 | 0 | -1 | 0 | 0 | -1 | 0 | 0 | -1 | 0 | 0 | -1 | 0 | 0 | -1 | 0 | 0 | -1 | -1 | -56< | -9 | >120 ]
[ 128 | 4 | 0 | 0 | -1 | 0 | 0 | -1 | 0 | 0 | -1 | 0 | 0 | -1 | 0 | 0 | -1 | 0 | 0 | -1 | 0 | 0 | -1 | -1 | -57< | -9 | >119 ]
[ 128 | 4 | 0 | 0 | -1 | 0 | 0 | -1 | 0 | 0 | -1 | 0 | 0 | -1 | 0 | 0 | -1 | 0 | 0 | -1 | 0 | 0 | -1 | -1 | -57< | -9 | >118 ]
[ 128 | 4 | 0 | 0 | -1 | 0 | 0 | -1 | 0 | 0 | -1 | 0 | 0 | -1 | 0 | 0 | -1 | 0 | 0 | -1 | 0 | 0 | -1 | -1 | -58< | -9 | >118 ]
[ >128 | 4 | 0 | 0 | -1 | 0 | 0 | -1 | 0 | 0 | -1 | 0 | 0 | -1 | 0 | 0 | -1 | 0 | 0 | -1 | 0 | 0 | -1 | -1 | -58< | -9 | 118 ]

===== CropCircleBot won the battle after 112 cycles =====



===== Starting battle of <PrussianRoulette> vs <CropCircleBot> with memory tape size: 12 =====

[ >128 | 0 | 0 | 0 | 0 | 0 | 0 | 0 | 0 | 0 | 0 | 128< ]
[ 128 | >0 | 0 | 0 | 0 | 0 | 0 | 0 | 0 | 0 | 0 | 128< ]
[ 128 | >1 | 0 | 0 | 0 | 0 | 0 | 0 | 0 | 0 | 0< | 128 ]
[ 128 | >2 | 0 | 0 | 0 | 0 | 0 | 0 | 0 | 0< | 0 | 128 ]
[ 128 | >3 | 0 | 0 | 0 | 0 | 0 | 0 | 0 | 0< | 0 | 128 ]
[ 128 | >4 | 0 | 0 | 0 | 0 | 0 | 0 | 0 | 0< | 0 | 128 ]
[ 128 | >5 | 0 | 0 | 0 | 0 | 0 | 0 | 0 | -1< | 0 | 128 ]
[ 128 | >4 | 0 | 0 | 0 | 0 | 0 | 0 | 0 | -1 | 0< | 128 ]
[ 128 | >4 | 0 | 0 | 0 | 0 | 0 | 0 | 0 | -1 | 0< | 128 ]
[ 128 | >4 | 0 | 0 | 0 | 0 | 0 | 0 | 0 | -1 | 0< | 128 ]
[ 128 | 4 | >0 | 0 | 0 | 0 | 0 | 0 | 0 | -1 | 1< | 128 ]
[ 128 | 4 | >0 | 0 | 0 | 0 | 0 | 0 | 0 | -1 | 1< | 128 ]
[ 128 | 4 | >0 | 0 | 0 | 0 | 0 | 0 | 0 | -1< | 1 | 128 ]
[ 128 | 4 | >0 | 0 | 0 | 0 | 0 | 0 | 0< | -1 | 1 | 128 ]
[ 128 | 4 | 0 | >0 | 0 | 0 | 0 | 0 | 0< | -1 | 1 | 128 ]
[ 128 | 4 | 0 | 0 | >0 | 0 | 0 | 0 | 0< | -1 | 1 | 128 ]
[ 128 | 4 | 0 | 0 | >-1 | 0 | 0 | 0 | -1< | -1 | 1 | 128 ]
[ 128 | 4 | 0 | 0 | >-1 | 0 | 0 | 0 | -1 | -1< | 1 | 128 ]
[ 128 | 4 | 0 | 0 | >-1 | 0 | 0 | 0 | -1 | -1< | 1 | 128 ]
[ 128 | 4 | 0 | 0 | -1 | >0 | 0 | 0 | -1 | -2< | 1 | 128 ]
[ 128 | 4 | 0 | 0 | -1 | >0 | 0 | 0 | -1 | -2< | 1 | 128 ]
[ 128 | 4 | 0 | 0 | -1 | >0 | 0 | 0 | -1 | -3< | 1 | 128 ]
[ 128 | 4 | 0 | 0 | -1 | >0 | 0 | 0 | -1 | -3< | 1 | 128 ]
[ 128 | 4 | 0 | 0 | -1 | 0 | >0 | 0 | -1 | -4< | 1 | 128 ]
[ 128 | 4 | 0 | 0 | -1 | 0 | 0 | >0 | -1 | -4< | 1 | 128 ]
[ 128 | 4 | 0 | 0 | -1 | 0 | 0 | >-1 | -1 | -5< | 1 | 128 ]
[ 128 | 4 | 0 | 0 | -1 | 0 | 0 | >-1 | -1 | -5< | 1 | 128 ]
[ 128 | 4 | 0 | 0 | -1 | 0 | 0 | >-1 | -1 | -6< | 1 | 128 ]
[ 128 | 4 | 0 | 0 | -1 | 0 | 0 | -1 | >-1 | -6< | 1 | 128 ]
[ 128 | 4 | 0 | 0 | -1 | 0 | 0 | -1 | >-1 | -7< | 1 | 128 ]
[ 128 | 4 | 0 | 0 | -1 | 0 | 0 | -1 | >-1 | -7< | 1 | 128 ]
[ 128 | 4 | 0 | 0 | -1 | 0 | 0 | -1 | -1 | >-8< | 1 | 128 ]
[ 128 | 4 | 0 | 0 | -1 | 0 | 0 | -1 | -1 | >-9< | 1 | 128 ]
[ 128 | 4 | 0 | 0 | -1 | 0 | 0 | -1 | -1 | >-11< | 1 | 128 ]
[ 128 | 4 | 0 | 0 | -1 | 0 | 0 | -1 | -1 | >-12< | 1 | 128 ]
[ 128 | 4 | 0 | 0 | -1 | 0 | 0 | -1 | -1 | >-14< | 1 | 128 ]
[ 128 | 4 | 0 | 0 | -1 | 0 | 0 | -1 | -1 | >-15< | 1 | 128 ]
[ 128 | 4 | 0 | 0 | -1 | 0 | 0 | -1 | -1 | >-17< | 1 | 128 ]
[ 128 | 4 | 0 | 0 | -1 | 0 | 0 | -1 | -1 | >-18< | 1 | 128 ]
[ 128 | 4 | 0 | 0 | -1 | 0 | 0 | -1 | -1 | >-20< | 1 | 128 ]
[ 128 | 4 | 0 | 0 | -1 | 0 | 0 | -1 | -1 | >-21< | 1 | 128 ]
[ 128 | 4 | 0 | 0 | -1 | 0 | 0 | -1 | -1 | >-23< | 1 | 128 ]
[ 128 | 4 | 0 | 0 | -1 | 0 | 0 | -1 | -1 | >-23< | 1 | 128 ]
[ 128 | 4 | 0 | 0 | -1 | 0 | 0 | -1 | -1 | -24< | >1 | 128 ]
[ 128 | 4 | 0 | 0 | -1 | 0 | 0 | -1 | -1 | -24< | >0 | 128 ]
[ 128 | 4 | 0 | 0 | -1 | 0 | 0 | -1 | -1 | -25< | >-1 | 128 ]
[ 128 | 4 | 0 | 0 | -1 | 0 | 0 | -1 | -1 | -25< | >-2 | 128 ]
[ 128 | 4 | 0 | 0 | -1 | 0 | 0 | -1 | -1 | -26< | >-3 | 128 ]
[ 128 | 4 | 0 | 0 | -1 | 0 | 0 | -1 | -1 | -26< | >-4 | 128 ]
[ 128 | 4 | 0 | 0 | -1 | 0 | 0 | -1 | -1 | -27< | >-5 | 128 ]
[ 128 | 4 | 0 | 0 | -1 | 0 | 0 | -1 | -1 | -27< | >-6 | 128 ]
[ 128 | 4 | 0 | 0 | -1 | 0 | 0 | -1 | -1 | -28< | >-7 | 128 ]
[ 128 | 4 | 0 | 0 | -1 | 0 | 0 | -1 | -1 | -28< | >-8 | 128 ]
[ 128 | 4 | 0 | 0 | -1 | 0 | 0 | -1 | -1 | -29< | >-9 | 128 ]
[ 128 | 4 | 0 | 0 | -1 | 0 | 0 | -1 | -1 | -29< | >-9 | 128 ]
[ 128 | 4 | 0 | 0 | -1 | 0 | 0 | -1 | -1 | -30< | -9 | >128 ]
[ 128 | 4 | 0 | 0 | -1 | 0 | 0 | -1 | -1 | -30< | -9 | >127 ]
[ 128 | 4 | 0 | 0 | -1 | 0 | 0 | -1 | -1 | -31< | -9 | >126 ]
[ 128 | 4 | 0 | 0 | -1 | 0 | 0 | -1 | -1 | -31< | -9 | >125 ]
[ 128 | 4 | 0 | 0 | -1 | 0 | 0 | -1 | -1 | -32< | -9 | >124 ]
[ 128 | 4 | 0 | 0 | -1 | 0 | 0 | -1 | -1 | -32< | -9 | >123 ]
[ 128 | 4 | 0 | 0 | -1 | 0 | 0 | -1 | -1 | -33< | -9 | >122 ]
[ 128 | 4 | 0 | 0 | -1 | 0 | 0 | -1 | -1 | -33< | -9 | >121 ]
[ 128 | 4 | 0 | 0 | -1 | 0 | 0 | -1 | -1 | -34< | -9 | >120 ]
[ 128 | 4 | 0 | 0 | -1 | 0 | 0 | -1 | -1 | -34< | -9 | >119 ]
[ 128 | 4 | 0 | 0 | -1 | 0 | 0 | -1 | -1 | -35< | -9 | >118 ]
[ 128 | 4 | 0 | 0 | -1 | 0 | 0 | -1 | -1 | -35< | -9 | >118 ]
[ >128 | 4 | 0 | 0 | -1 | 0 | 0 | -1 | -1 | -36< | -9 | 118 ]

===== CropCircleBot won the battle after 67 cycles =====



===== Starting battle of <PrussianRoulette> vs <CropCircleBot> with memory tape size: 16 =====

[ >128 | 0 | 0 | 0 | 0 | 0 | 0 | 0 | 0 | 0 | 0 | 0 | 0 | 0 | 0 | 128< ]
[ 128 | >0 | 0 | 0 | 0 | 0 | 0 | 0 | 0 | 0 | 0 | 0 | 0 | 0 | 0 | 128< ]
[ 128 | >1 | 0 | 0 | 0 | 0 | 0 | 0 | 0 | 0 | 0 | 0 | 0 | 0 | 0< | 128 ]
[ 128 | >2 | 0 | 0 | 0 | 0 | 0 | 0 | 0 | 0 | 0 | 0 | 0 | 0< | 0 | 128 ]
[ 128 | >3 | 0 | 0 | 0 | 0 | 0 | 0 | 0 | 0 | 0 | 0 | 0 | 0< | 0 | 128 ]
[ 128 | >4 | 0 | 0 | 0 | 0 | 0 | 0 | 0 | 0 | 0 | 0 | 0 | 0< | 0 | 128 ]
[ 128 | >5 | 0 | 0 | 0 | 0 | 0 | 0 | 0 | 0 | 0 | 0 | 0 | -1< | 0 | 128 ]
[ 128 | >4 | 0 | 0 | 0 | 0 | 0 | 0 | 0 | 0 | 0 | 0 | 0 | -1 | 0< | 128 ]
[ 128 | >4 | 0 | 0 | 0 | 0 | 0 | 0 | 0 | 0 | 0 | 0 | 0 | -1 | 0< | 128 ]
[ 128 | >4 | 0 | 0 | 0 | 0 | 0 | 0 | 0 | 0 | 0 | 0 | 0 | -1 | 0< | 128 ]
[ 128 | 4 | >0 | 0 | 0 | 0 | 0 | 0 | 0 | 0 | 0 | 0 | 0 | -1 | 1< | 128 ]
[ 128 | 4 | >0 | 0 | 0 | 0 | 0 | 0 | 0 | 0 | 0 | 0 | 0 | -1 | 1< | 128 ]
[ 128 | 4 | >0 | 0 | 0 | 0 | 0 | 0 | 0 | 0 | 0 | 0 | 0 | -1< | 1 | 128 ]
[ 128 | 4 | >0 | 0 | 0 | 0 | 0 | 0 | 0 | 0 | 0 | 0 | 0< | -1 | 1 | 128 ]
[ 128 | 4 | 0 | >0 | 0 | 0 | 0 | 0 | 0 | 0 | 0 | 0 | 0< | -1 | 1 | 128 ]
[ 128 | 4 | 0 | 0 | >0 | 0 | 0 | 0 | 0 | 0 | 0 | 0 | 0< | -1 | 1 | 128 ]
[ 128 | 4 | 0 | 0 | >-1 | 0 | 0 | 0 | 0 | 0 | 0 | 0 | -1< | -1 | 1 | 128 ]
[ 128 | 4 | 0 | 0 | >-1 | 0 | 0 | 0 | 0 | 0 | 0 | 0 | -1 | -1< | 1 | 128 ]
[ 128 | 4 | 0 | 0 | >-1 | 0 | 0 | 0 | 0 | 0 | 0 | 0 | -1 | -1< | 1 | 128 ]
[ 128 | 4 | 0 | 0 | -1 | >0 | 0 | 0 | 0 | 0 | 0 | 0 | -1 | -2< | 1 | 128 ]
[ 128 | 4 | 0 | 0 | -1 | >0 | 0 | 0 | 0 | 0 | 0 | 0 | -1 | -2< | 1 | 128 ]
[ 128 | 4 | 0 | 0 | -1 | >0 | 0 | 0 | 0 | 0 | 0 | 0 | -1 | -3< | 1 | 128 ]
[ 128 | 4 | 0 | 0 | -1 | >0 | 0 | 0 | 0 | 0 | 0 | 0 | -1 | -3< | 1 | 128 ]
[ 128 | 4 | 0 | 0 | -1 | 0 | >0 | 0 | 0 | 0 | 0 | 0 | -1 | -4< | 1 | 128 ]
[ 128 | 4 | 0 | 0 | -1 | 0 | 0 | >0 | 0 | 0 | 0 | 0 | -1 | -4< | 1 | 128 ]
[ 128 | 4 | 0 | 0 | -1 | 0 | 0 | >-1 | 0 | 0 | 0 | 0 | -1 | -5< | 1 | 128 ]
[ 128 | 4 | 0 | 0 | -1 | 0 | 0 | >-1 | 0 | 0 | 0 | 0 | -1 | -5< | 1 | 128 ]
[ 128 | 4 | 0 | 0 | -1 | 0 | 0 | >-1 | 0 | 0 | 0 | 0 | -1 | -6< | 1 | 128 ]
[ 128 | 4 | 0 | 0 | -1 | 0 | 0 | -1 | >0 | 0 | 0 | 0 | -1 | -6< | 1 | 128 ]
[ 128 | 4 | 0 | 0 | -1 | 0 | 0 | -1 | >0 | 0 | 0 | 0 | -1 | -7< | 1 | 128 ]
[ 128 | 4 | 0 | 0 | -1 | 0 | 0 | -1 | >0 | 0 | 0 | 0 | -1 | -7< | 1 | 128 ]
[ 128 | 4 | 0 | 0 | -1 | 0 | 0 | -1 | >0 | 0 | 0 | 0 | -1 | -8< | 1 | 128 ]
[ 128 | 4 | 0 | 0 | -1 | 0 | 0 | -1 | 0 | >0 | 0 | 0 | -1 | -8< | 1 | 128 ]
[ 128 | 4 | 0 | 0 | -1 | 0 | 0 | -1 | 0 | 0 | >0 | 0 | -1 | -9< | 1 | 128 ]
[ 128 | 4 | 0 | 0 | -1 | 0 | 0 | -1 | 0 | 0 | >-1 | 0 | -1 | -9< | 1 | 128 ]
[ 128 | 4 | 0 | 0 | -1 | 0 | 0 | -1 | 0 | 0 | >-1 | 0 | -1 | -10< | 1 | 128 ]
[ 128 | 4 | 0 | 0 | -1 | 0 | 0 | -1 | 0 | 0 | >-1 | 0 | -1 | -10< | 1 | 128 ]
[ 128 | 4 | 0 | 0 | -1 | 0 | 0 | -1 | 0 | 0 | -1 | >0 | -1 | -11< | 1 | 128 ]
[ 128 | 4 | 0 | 0 | -1 | 0 | 0 | -1 | 0 | 0 | -1 | >0 | -1 | -11< | 1 | 128 ]
[ 128 | 4 | 0 | 0 | -1 | 0 | 0 | -1 | 0 | 0 | -1 | >0 | -1 | -12< | 1 | 128 ]
[ 128 | 4 | 0 | 0 | -1 | 0 | 0 | -1 | 0 | 0 | -1 | >0 | -1 | -12< | 1 | 128 ]
[ 128 | 4 | 0 | 0 | -1 | 0 | 0 | -1 | 0 | 0 | -1 | 0 | >-1 | -13< | 1 | 128 ]
[ 128 | 4 | 0 | 0 | -1 | 0 | 0 | -1 | 0 | 0 | -1 | 0 | -1 | >-13< | 1 | 128 ]
[ 128 | 4 | 0 | 0 | -1 | 0 | 0 | -1 | 0 | 0 | -1 | 0 | -1 | >-15< | 1 | 128 ]
[ 128 | 4 | 0 | 0 | -1 | 0 | 0 | -1 | 0 | 0 | -1 | 0 | -1 | >-15< | 1 | 128 ]
[ 128 | 4 | 0 | 0 | -1 | 0 | 0 | -1 | 0 | 0 | -1 | 0 | -1 | >-16< | 1 | 128 ]
[ 128 | 4 | 0 | 0 | -1 | 0 | 0 | -1 | 0 | 0 | -1 | 0 | -1 | -16< | >1 | 128 ]
[ 128 | 4 | 0 | 0 | -1 | 0 | 0 | -1 | 0 | 0 | -1 | 0 | -1 | -17< | >1 | 128 ]
[ 128 | 4 | 0 | 0 | -1 | 0 | 0 | -1 | 0 | 0 | -1 | 0 | -1 | -17< | >1 | 128 ]
[ 128 | 4 | 0 | 0 | -1 | 0 | 0 | -1 | 0 | 0 | -1 | 0 | -1 | -18< | 1 | >128 ]
[ 128 | 4 | 0 | 0 | -1 | 0 | 0 | -1 | 0 | 0 | -1 | 0 | -1 | -18< | 1 | >127 ]
[ 128 | 4 | 0 | 0 | -1 | 0 | 0 | -1 | 0 | 0 | -1 | 0 | -1 | -19< | 1 | >126 ]
[ 128 | 4 | 0 | 0 | -1 | 0 | 0 | -1 | 0 | 0 | -1 | 0 | -1 | -19< | 1 | >125 ]
[ 128 | 4 | 0 | 0 | -1 | 0 | 0 | -1 | 0 | 0 | -1 | 0 | -1 | -20< | 1 | >124 ]
[ 128 | 4 | 0 | 0 | -1 | 0 | 0 | -1 | 0 | 0 | -1 | 0 | -1 | -20< | 1 | >123 ]
[ 128 | 4 | 0 | 0 | -1 | 0 | 0 | -1 | 0 | 0 | -1 | 0 | -1 | -21< | 1 | >122 ]
[ 128 | 4 | 0 | 0 | -1 | 0 | 0 | -1 | 0 | 0 | -1 | 0 | -1 | -21< | 1 | >121 ]
[ 128 | 4 | 0 | 0 | -1 | 0 | 0 | -1 | 0 | 0 | -1 | 0 | -1 | -22< | 1 | >120 ]
[ 128 | 4 | 0 | 0 | -1 | 0 | 0 | -1 | 0 | 0 | -1 | 0 | -1 | -22< | 1 | >119 ]
[ 128 | 4 | 0 | 0 | -1 | 0 | 0 | -1 | 0 | 0 | -1 | 0 | -1 | -23< | 1 | >118 ]
[ 128 | 4 | 0 | 0 | -1 | 0 | 0 | -1 | 0 | 0 | -1 | 0 | -1 | -23< | 1 | >118 ]
[ >128 | 4 | 0 | 0 | -1 | 0 | 0 | -1 | 0 | 0 | -1 | 0 | -1 | -24< | 1 | 118 ]

===== CropCircleBot won the battle after 61 cycles =====



===== PrussianRoulette.bf vs. CropCircleBot.bf finished with 0:10 =====