===== Starting battle of <PrussianRoulette> vs <Plodder> with memory tape size: 29 =====

[ >128 | 0 | 0 | 0 | 0 | 0 | 0 | 0 | 0 | 0 | 0 | 0 | 0 | 0 | 0 | 0 | 0 | 0 | 0 | 0 | 0 | 0 | 0 | 0 | 0 | 0 | 0 | 0 | 128< ]
[ 128 | >0 | 0 | 0 | 0 | 0 | 0 | 0 | 0 | 0 | 0 | 0 | 0 | 0 | 0 | 0 | 0 | 0 | 0 | 0 | 0 | 0 | 0 | 0 | 0 | 0 | 0 | 0< | 128 ]
[ 128 | >1 | 0 | 0 | 0 | 0 | 0 | 0 | 0 | 0 | 0 | 0 | 0 | 0 | 0 | 0 | 0 | 0 | 0 | 0 | 0 | 0 | 0 | 0 | 0 | 0 | 0 | -1< | 128 ]
[ 128 | >2 | 0 | 0 | 0 | 0 | 0 | 0 | 0 | 0 | 0 | 0 | 0 | 0 | 0 | 0 | 0 | 0 | 0 | 0 | 0 | 0 | 0 | 0 | 0 | 0 | 0 | -2< | 128 ]
[ 128 | >3 | 0 | 0 | 0 | 0 | 0 | 0 | 0 | 0 | 0 | 0 | 0 | 0 | 0 | 0 | 0 | 0 | 0 | 0 | 0 | 0 | 0 | 0 | 0 | 0 | 0 | -3< | 128 ]
[ 128 | >4 | 0 | 0 | 0 | 0 | 0 | 0 | 0 | 0 | 0 | 0 | 0 | 0 | 0 | 0 | 0 | 0 | 0 | 0 | 0 | 0 | 0 | 0 | 0 | 0 | 0 | -4< | 128 ]
[ 128 | >5 | 0 | 0 | 0 | 0 | 0 | 0 | 0 | 0 | 0 | 0 | 0 | 0 | 0 | 0 | 0 | 0 | 0 | 0 | 0 | 0 | 0 | 0 | 0 | 0 | 0< | -4 | 128 ]
[ 128 | >4 | 0 | 0 | 0 | 0 | 0 | 0 | 0 | 0 | 0 | 0 | 0 | 0 | 0 | 0 | 0 | 0 | 0 | 0 | 0 | 0 | 0 | 0 | 0 | 0 | -1< | -4 | 128 ]
[ 128 | >4 | 0 | 0 | 0 | 0 | 0 | 0 | 0 | 0 | 0 | 0 | 0 | 0 | 0 | 0 | 0 | 0 | 0 | 0 | 0 | 0 | 0 | 0 | 0 | 0 | -2< | -4 | 128 ]
[ 128 | >4 | 0 | 0 | 0 | 0 | 0 | 0 | 0 | 0 | 0 | 0 | 0 | 0 | 0 | 0 | 0 | 0 | 0 | 0 | 0 | 0 | 0 | 0 | 0 | 0 | -3< | -4 | 128 ]
[ 128 | 4 | >0 | 0 | 0 | 0 | 0 | 0 | 0 | 0 | 0 | 0 | 0 | 0 | 0 | 0 | 0 | 0 | 0 | 0 | 0 | 0 | 0 | 0 | 0 | 0 | -4< | -4 | 128 ]
[ 128 | 4 | >0 | 0 | 0 | 0 | 0 | 0 | 0 | 0 | 0 | 0 | 0 | 0 | 0 | 0 | 0 | 0 | 0 | 0 | 0 | 0 | 0 | 0 | 0 | 0< | -4 | -4 | 128 ]
[ 128 | 4 | >0 | 0 | 0 | 0 | 0 | 0 | 0 | 0 | 0 | 0 | 0 | 0 | 0 | 0 | 0 | 0 | 0 | 0 | 0 | 0 | 0 | 0 | 0 | 1< | -4 | -4 | 128 ]
[ 128 | 4 | >0 | 0 | 0 | 0 | 0 | 0 | 0 | 0 | 0 | 0 | 0 | 0 | 0 | 0 | 0 | 0 | 0 | 0 | 0 | 0 | 0 | 0 | 0 | 2< | -4 | -4 | 128 ]
[ 128 | 4 | 0 | >0 | 0 | 0 | 0 | 0 | 0 | 0 | 0 | 0 | 0 | 0 | 0 | 0 | 0 | 0 | 0 | 0 | 0 | 0 | 0 | 0 | 0 | 3< | -4 | -4 | 128 ]
[ 128 | 4 | 0 | 0 | >0 | 0 | 0 | 0 | 0 | 0 | 0 | 0 | 0 | 0 | 0 | 0 | 0 | 0 | 0 | 0 | 0 | 0 | 0 | 0 | 0 | 4< | -4 | -4 | 128 ]
[ 128 | 4 | 0 | 0 | >-1 | 0 | 0 | 0 | 0 | 0 | 0 | 0 | 0 | 0 | 0 | 0 | 0 | 0 | 0 | 0 | 0 | 0 | 0 | 0 | 0 | 5< | -4 | -4 | 128 ]
[ 128 | 4 | 0 | 0 | >-1 | 0 | 0 | 0 | 0 | 0 | 0 | 0 | 0 | 0 | 0 | 0 | 0 | 0 | 0 | 0 | 0 | 0 | 0 | 0 | 0 | 6< | -4 | -4 | 128 ]
[ 128 | 4 | 0 | 0 | >-1 | 0 | 0 | 0 | 0 | 0 | 0 | 0 | 0 | 0 | 0 | 0 | 0 | 0 | 0 | 0 | 0 | 0 | 0 | 0 | 0 | 7< | -4 | -4 | 128 ]
[ 128 | 4 | 0 | 0 | -1 | >0 | 0 | 0 | 0 | 0 | 0 | 0 | 0 | 0 | 0 | 0 | 0 | 0 | 0 | 0 | 0 | 0 | 0 | 0 | 0< | 7 | -4 | -4 | 128 ]
[ 128 | 4 | 0 | 0 | -1 | >0 | 0 | 0 | 0 | 0 | 0 | 0 | 0 | 0 | 0 | 0 | 0 | 0 | 0 | 0 | 0 | 0 | 0 | 0 | -1< | 7 | -4 | -4 | 128 ]
[ 128 | 4 | 0 | 0 | -1 | >0 | 0 | 0 | 0 | 0 | 0 | 0 | 0 | 0 | 0 | 0 | 0 | 0 | 0 | 0 | 0 | 0 | 0 | 0 | -2< | 7 | -4 | -4 | 128 ]
[ 128 | 4 | 0 | 0 | -1 | >0 | 0 | 0 | 0 | 0 | 0 | 0 | 0 | 0 | 0 | 0 | 0 | 0 | 0 | 0 | 0 | 0 | 0 | 0 | -3< | 7 | -4 | -4 | 128 ]
[ 128 | 4 | 0 | 0 | -1 | 0 | >0 | 0 | 0 | 0 | 0 | 0 | 0 | 0 | 0 | 0 | 0 | 0 | 0 | 0 | 0 | 0 | 0 | 0 | -4< | 7 | -4 | -4 | 128 ]
[ 128 | 4 | 0 | 0 | -1 | 0 | 0 | >0 | 0 | 0 | 0 | 0 | 0 | 0 | 0 | 0 | 0 | 0 | 0 | 0 | 0 | 0 | 0 | 0 | -5< | 7 | -4 | -4 | 128 ]
[ 128 | 4 | 0 | 0 | -1 | 0 | 0 | >-1 | 0 | 0 | 0 | 0 | 0 | 0 | 0 | 0 | 0 | 0 | 0 | 0 | 0 | 0 | 0 | 0 | -6< | 7 | -4 | -4 | 128 ]
[ 128 | 4 | 0 | 0 | -1 | 0 | 0 | >-1 | 0 | 0 | 0 | 0 | 0 | 0 | 0 | 0 | 0 | 0 | 0 | 0 | 0 | 0 | 0 | 0 | -7< | 7 | -4 | -4 | 128 ]
[ 128 | 4 | 0 | 0 | -1 | 0 | 0 | >-1 | 0 | 0 | 0 | 0 | 0 | 0 | 0 | 0 | 0 | 0 | 0 | 0 | 0 | 0 | 0 | 0 | -8< | 7 | -4 | -4 | 128 ]
[ 128 | 4 | 0 | 0 | -1 | 0 | 0 | -1 | >0 | 0 | 0 | 0 | 0 | 0 | 0 | 0 | 0 | 0 | 0 | 0 | 0 | 0 | 0 | 0 | -9< | 7 | -4 | -4 | 128 ]
[ 128 | 4 | 0 | 0 | -1 | 0 | 0 | -1 | >0 | 0 | 0 | 0 | 0 | 0 | 0 | 0 | 0 | 0 | 0 | 0 | 0 | 0 | 0 | 0 | -10< | 7 | -4 | -4 | 128 ]
[ 128 | 4 | 0 | 0 | -1 | 0 | 0 | -1 | >0 | 0 | 0 | 0 | 0 | 0 | 0 | 0 | 0 | 0 | 0 | 0 | 0 | 0 | 0 | 0 | -11< | 7 | -4 | -4 | 128 ]
[ 128 | 4 | 0 | 0 | -1 | 0 | 0 | -1 | >0 | 0 | 0 | 0 | 0 | 0 | 0 | 0 | 0 | 0 | 0 | 0 | 0 | 0 | 0 | 0 | -12< | 7 | -4 | -4 | 128 ]
[ 128 | 4 | 0 | 0 | -1 | 0 | 0 | -1 | 0 | >0 | 0 | 0 | 0 | 0 | 0 | 0 | 0 | 0 | 0 | 0 | 0 | 0 | 0 | 0 | -13< | 7 | -4 | -4 | 128 ]
[ 128 | 4 | 0 | 0 | -1 | 0 | 0 | -1 | 0 | 0 | >0 | 0 | 0 | 0 | 0 | 0 | 0 | 0 | 0 | 0 | 0 | 0 | 0 | 0 | -14< | 7 | -4 | -4 | 128 ]
[ 128 | 4 | 0 | 0 | -1 | 0 | 0 | -1 | 0 | 0 | >-1 | 0 | 0 | 0 | 0 | 0 | 0 | 0 | 0 | 0 | 0 | 0 | 0 | 0 | -15< | 7 | -4 | -4 | 128 ]
[ 128 | 4 | 0 | 0 | -1 | 0 | 0 | -1 | 0 | 0 | >-1 | 0 | 0 | 0 | 0 | 0 | 0 | 0 | 0 | 0 | 0 | 0 | 0 | 0 | -16< | 7 | -4 | -4 | 128 ]
[ 128 | 4 | 0 | 0 | -1 | 0 | 0 | -1 | 0 | 0 | >-1 | 0 | 0 | 0 | 0 | 0 | 0 | 0 | 0 | 0 | 0 | 0 | 0 | 0 | -17< | 7 | -4 | -4 | 128 ]
[ 128 | 4 | 0 | 0 | -1 | 0 | 0 | -1 | 0 | 0 | -1 | >0 | 0 | 0 | 0 | 0 | 0 | 0 | 0 | 0 | 0 | 0 | 0 | 0< | -17 | 7 | -4 | -4 | 128 ]
[ 128 | 4 | 0 | 0 | -1 | 0 | 0 | -1 | 0 | 0 | -1 | >0 | 0 | 0 | 0 | 0 | 0 | 0 | 0 | 0 | 0 | 0 | 0 | 1< | -17 | 7 | -4 | -4 | 128 ]
[ 128 | 4 | 0 | 0 | -1 | 0 | 0 | -1 | 0 | 0 | -1 | >0 | 0 | 0 | 0 | 0 | 0 | 0 | 0 | 0 | 0 | 0 | 0 | 2< | -17 | 7 | -4 | -4 | 128 ]
[ 128 | 4 | 0 | 0 | -1 | 0 | 0 | -1 | 0 | 0 | -1 | >0 | 0 | 0 | 0 | 0 | 0 | 0 | 0 | 0 | 0 | 0 | 0 | 3< | -17 | 7 | -4 | -4 | 128 ]
[ 128 | 4 | 0 | 0 | -1 | 0 | 0 | -1 | 0 | 0 | -1 | 0 | >0 | 0 | 0 | 0 | 0 | 0 | 0 | 0 | 0 | 0 | 0 | 4< | -17 | 7 | -4 | -4 | 128 ]
[ 128 | 4 | 0 | 0 | -1 | 0 | 0 | -1 | 0 | 0 | -1 | 0 | 0 | >0 | 0 | 0 | 0 | 0 | 0 | 0 | 0 | 0 | 0 | 5< | -17 | 7 | -4 | -4 | 128 ]
[ 128 | 4 | 0 | 0 | -1 | 0 | 0 | -1 | 0 | 0 | -1 | 0 | 0 | >-1 | 0 | 0 | 0 | 0 | 0 | 0 | 0 | 0 | 0 | 6< | -17 | 7 | -4 | -4 | 128 ]
[ 128 | 4 | 0 | 0 | -1 | 0 | 0 | -1 | 0 | 0 | -1 | 0 | 0 | >-1 | 0 | 0 | 0 | 0 | 0 | 0 | 0 | 0 | 0 | 7< | -17 | 7 | -4 | -4 | 128 ]
[ 128 | 4 | 0 | 0 | -1 | 0 | 0 | -1 | 0 | 0 | -1 | 0 | 0 | >-1 | 0 | 0 | 0 | 0 | 0 | 0 | 0 | 0 | 0< | 7 | -17 | 7 | -4 | -4 | 128 ]
[ 128 | 4 | 0 | 0 | -1 | 0 | 0 | -1 | 0 | 0 | -1 | 0 | 0 | -1 | >0 | 0 | 0 | 0 | 0 | 0 | 0 | 0 | -1< | 7 | -17 | 7 | -4 | -4 | 128 ]
[ 128 | 4 | 0 | 0 | -1 | 0 | 0 | -1 | 0 | 0 | -1 | 0 | 0 | -1 | >0 | 0 | 0 | 0 | 0 | 0 | 0 | 0 | -2< | 7 | -17 | 7 | -4 | -4 | 128 ]
[ 128 | 4 | 0 | 0 | -1 | 0 | 0 | -1 | 0 | 0 | -1 | 0 | 0 | -1 | >0 | 0 | 0 | 0 | 0 | 0 | 0 | 0 | -3< | 7 | -17 | 7 | -4 | -4 | 128 ]
[ 128 | 4 | 0 | 0 | -1 | 0 | 0 | -1 | 0 | 0 | -1 | 0 | 0 | -1 | >0 | 0 | 0 | 0 | 0 | 0 | 0 | 0 | -4< | 7 | -17 | 7 | -4 | -4 | 128 ]
[ 128 | 4 | 0 | 0 | -1 | 0 | 0 | -1 | 0 | 0 | -1 | 0 | 0 | -1 | 0 | >0 | 0 | 0 | 0 | 0 | 0 | 0 | -5< | 7 | -17 | 7 | -4 | -4 | 128 ]
[ 128 | 4 | 0 | 0 | -1 | 0 | 0 | -1 | 0 | 0 | -1 | 0 | 0 | -1 | 0 | 0 | >0 | 0 | 0 | 0 | 0 | 0 | -6< | 7 | -17 | 7 | -4 | -4 | 128 ]
[ 128 | 4 | 0 | 0 | -1 | 0 | 0 | -1 | 0 | 0 | -1 | 0 | 0 | -1 | 0 | 0 | >-1 | 0 | 0 | 0 | 0 | 0 | -7< | 7 | -17 | 7 | -4 | -4 | 128 ]
[ 128 | 4 | 0 | 0 | -1 | 0 | 0 | -1 | 0 | 0 | -1 | 0 | 0 | -1 | 0 | 0 | >-1 | 0 | 0 | 0 | 0 | 0< | -7 | 7 | -17 | 7 | -4 | -4 | 128 ]
[ 128 | 4 | 0 | 0 | -1 | 0 | 0 | -1 | 0 | 0 | -1 | 0 | 0 | -1 | 0 | 0 | >-1 | 0 | 0 | 0 | 0 | -1< | -7 | 7 | -17 | 7 | -4 | -4 | 128 ]
[ 128 | 4 | 0 | 0 | -1 | 0 | 0 | -1 | 0 | 0 | -1 | 0 | 0 | -1 | 0 | 0 | -1 | >0 | 0 | 0 | 0< | -1 | -7 | 7 | -17 | 7 | -4 | -4 | 128 ]
[ 128 | 4 | 0 | 0 | -1 | 0 | 0 | -1 | 0 | 0 | -1 | 0 | 0 | -1 | 0 | 0 | -1 | >0 | 0 | 0 | -1< | -1 | -7 | 7 | -17 | 7 | -4 | -4 | 128 ]
[ 128 | 4 | 0 | 0 | -1 | 0 | 0 | -1 | 0 | 0 | -1 | 0 | 0 | -1 | 0 | 0 | -1 | >0 | 0 | 0 | -1< | -1 | -7 | 7 | -17 | 7 | -4 | -4 | 128 ]
[ 128 | 4 | 0 | 0 | -1 | 0 | 0 | -1 | 0 | 0 | -1 | 0 | 0 | -1 | 0 | 0 | -1 | >0 | 0 | 0 | 0< | -1 | -7 | 7 | -17 | 7 | -4 | -4 | 128 ]
[ 128 | 4 | 0 | 0 | -1 | 0 | 0 | -1 | 0 | 0 | -1 | 0 | 0 | -1 | 0 | 0 | -1 | 0 | >0 | 0 | 1< | -1 | -7 | 7 | -17 | 7 | -4 | -4 | 128 ]
[ 128 | 4 | 0 | 0 | -1 | 0 | 0 | -1 | 0 | 0 | -1 | 0 | 0 | -1 | 0 | 0 | -1 | 0 | 0 | >0 | 2< | -1 | -7 | 7 | -17 | 7 | -4 | -4 | 128 ]
[ 128 | 4 | 0 | 0 | -1 | 0 | 0 | -1 | 0 | 0 | -1 | 0 | 0 | -1 | 0 | 0 | -1 | 0 | 0 | >-1 | 3< | -1 | -7 | 7 | -17 | 7 | -4 | -4 | 128 ]
[ 128 | 4 | 0 | 0 | -1 | 0 | 0 | -1 | 0 | 0 | -1 | 0 | 0 | -1 | 0 | 0 | -1 | 0 | 0 | >-1 | 4< | -1 | -7 | 7 | -17 | 7 | -4 | -4 | 128 ]
[ 128 | 4 | 0 | 0 | -1 | 0 | 0 | -1 | 0 | 0 | -1 | 0 | 0 | -1 | 0 | 0 | -1 | 0 | 0 | >-1 | 5< | -1 | -7 | 7 | -17 | 7 | -4 | -4 | 128 ]
[ 128 | 4 | 0 | 0 | -1 | 0 | 0 | -1 | 0 | 0 | -1 | 0 | 0 | -1 | 0 | 0 | -1 | 0 | 0 | -1 | >6< | -1 | -7 | 7 | -17 | 7 | -4 | -4 | 128 ]
[ 128 | 4 | 0 | 0 | -1 | 0 | 0 | -1 | 0 | 0 | -1 | 0 | 0 | -1 | 0 | 0 | -1 | 0 | 0 | -1 | >7< | -1 | -7 | 7 | -17 | 7 | -4 | -4 | 128 ]
[ 128 | 4 | 0 | 0 | -1 | 0 | 0 | -1 | 0 | 0 | -1 | 0 | 0 | -1 | 0 | 0 | -1 | 0 | 0 | -1 | >8< | -1 | -7 | 7 | -17 | 7 | -4 | -4 | 128 ]
[ 128 | 4 | 0 | 0 | -1 | 0 | 0 | -1 | 0 | 0 | -1 | 0 | 0 | -1 | 0 | 0 | -1 | 0 | 0 | -1 | 9< | >-1 | -7 | 7 | -17 | 7 | -4 | -4 | 128 ]
[ 128 | 4 | 0 | 0 | -1 | 0 | 0 | -1 | 0 | 0 | -1 | 0 | 0 | -1 | 0 | 0 | -1 | 0 | 0 | -1 | 10< | >-2 | -7 | 7 | -17 | 7 | -4 | -4 | 128 ]
[ 128 | 4 | 0 | 0 | -1 | 0 | 0 | -1 | 0 | 0 | -1 | 0 | 0 | -1 | 0 | 0 | -1 | 0 | 0 | -1 | 11< | >-3 | -7 | 7 | -17 | 7 | -4 | -4 | 128 ]
[ 128 | 4 | 0 | 0 | -1 | 0 | 0 | -1 | 0 | 0 | -1 | 0 | 0 | -1 | 0 | 0 | -1 | 0 | 0 | -1 | 12< | >-4 | -7 | 7 | -17 | 7 | -4 | -4 | 128 ]
[ 128 | 4 | 0 | 0 | -1 | 0 | 0 | -1 | 0 | 0 | -1 | 0 | 0 | -1 | 0 | 0 | -1 | 0 | 0 | -1 | 13< | >-5 | -7 | 7 | -17 | 7 | -4 | -4 | 128 ]
[ 128 | 4 | 0 | 0 | -1 | 0 | 0 | -1 | 0 | 0 | -1 | 0 | 0 | -1 | 0 | 0 | -1 | 0 | 0 | -1 | 14< | >-6 | -7 | 7 | -17 | 7 | -4 | -4 | 128 ]
[ 128 | 4 | 0 | 0 | -1 | 0 | 0 | -1 | 0 | 0 | -1 | 0 | 0 | -1 | 0 | 0 | -1 | 0 | 0 | -1 | 15< | >-7 | -7 | 7 | -17 | 7 | -4 | -4 | 128 ]
[ 128 | 4 | 0 | 0 | -1 | 0 | 0 | -1 | 0 | 0 | -1 | 0 | 0 | -1 | 0 | 0 | -1 | 0 | 0 | -1 | 16< | >-8 | -7 | 7 | -17 | 7 | -4 | -4 | 128 ]
[ 128 | 4 | 0 | 0 | -1 | 0 | 0 | -1 | 0 | 0 | -1 | 0 | 0 | -1 | 0 | 0 | -1 | 0 | 0 | -1 | 17< | >-9 | -7 | 7 | -17 | 7 | -4 | -4 | 128 ]
[ 128 | 4 | 0 | 0 | -1 | 0 | 0 | -1 | 0 | 0 | -1 | 0 | 0 | -1 | 0 | 0 | -1 | 0 | 0 | -1 | 18< | >-10 | -7 | 7 | -17 | 7 | -4 | -4 | 128 ]
[ 128 | 4 | 0 | 0 | -1 | 0 | 0 | -1 | 0 | 0 | -1 | 0 | 0 | -1 | 0 | 0 | -1 | 0 | 0 | -1 | 19< | >-11 | -7 | 7 | -17 | 7 | -4 | -4 | 128 ]
[ 128 | 4 | 0 | 0 | -1 | 0 | 0 | -1 | 0 | 0 | -1 | 0 | 0 | -1 | 0 | 0 | -1 | 0 | 0 | -1 | 20< | >-11 | -7 | 7 | -17 | 7 | -4 | -4 | 128 ]
[ 128 | 4 | 0 | 0 | -1 | 0 | 0 | -1 | 0 | 0 | -1 | 0 | 0 | -1 | 0 | 0 | -1 | 0 | 0 | -1 | 21< | -11 | >-7 | 7 | -17 | 7 | -4 | -4 | 128 ]
[ 128 | 4 | 0 | 0 | -1 | 0 | 0 | -1 | 0 | 0 | -1 | 0 | 0 | -1 | 0 | 0 | -1 | 0 | 0 | -1 | 22< | -11 | >-8 | 7 | -17 | 7 | -4 | -4 | 128 ]
[ 128 | 4 | 0 | 0 | -1 | 0 | 0 | -1 | 0 | 0 | -1 | 0 | 0 | -1 | 0 | 0 | -1 | 0 | 0 | -1 | 23< | -11 | >-9 | 7 | -17 | 7 | -4 | -4 | 128 ]
[ 128 | 4 | 0 | 0 | -1 | 0 | 0 | -1 | 0 | 0 | -1 | 0 | 0 | -1 | 0 | 0 | -1 | 0 | 0 | -1 | 24< | -11 | >-10 | 7 | -17 | 7 | -4 | -4 | 128 ]
[ 128 | 4 | 0 | 0 | -1 | 0 | 0 | -1 | 0 | 0 | -1 | 0 | 0 | -1 | 0 | 0 | -1 | 0 | 0 | -1 | 25< | -11 | >-11 | 7 | -17 | 7 | -4 | -4 | 128 ]
[ 128 | 4 | 0 | 0 | -1 | 0 | 0 | -1 | 0 | 0 | -1 | 0 | 0 | -1 | 0 | 0 | -1 | 0 | 0 | -1 | 26< | -11 | >-12 | 7 | -17 | 7 | -4 | -4 | 128 ]
[ 128 | 4 | 0 | 0 | -1 | 0 | 0 | -1 | 0 | 0 | -1 | 0 | 0 | -1 | 0 | 0 | -1 | 0 | 0 | -1 | 27< | -11 | >-13 | 7 | -17 | 7 | -4 | -4 | 128 ]
[ 128 | 4 | 0 | 0 | -1 | 0 | 0 | -1 | 0 | 0 | -1 | 0 | 0 | -1 | 0 | 0 | -1 | 0 | 0 | -1 | 28< | -11 | >-14 | 7 | -17 | 7 | -4 | -4 | 128 ]
[ 128 | 4 | 0 | 0 | -1 | 0 | 0 | -1 | 0 | 0 | -1 | 0 | 0 | -1 | 0 | 0 | -1 | 0 | 0 | -1 | 29< | -11 | >-15 | 7 | -17 | 7 | -4 | -4 | 128 ]
[ 128 | 4 | 0 | 0 | -1 | 0 | 0 | -1 | 0 | 0 | -1 | 0 | 0 | -1 | 0 | 0 | -1 | 0 | 0 | -1 | 30< | -11 | >-16 | 7 | -17 | 7 | -4 | -4 | 128 ]
[ 128 | 4 | 0 | 0 | -1 | 0 | 0 | -1 | 0 | 0 | -1 | 0 | 0 | -1 | 0 | 0 | -1 | 0 | 0 | -1 | 31< | -11 | >-17 | 7 | -17 | 7 | -4 | -4 | 128 ]
[ 128 | 4 | 0 | 0 | -1 | 0 | 0 | -1 | 0 | 0 | -1 | 0 | 0 | -1 | 0 | 0 | -1 | 0 | 0 | -1 | 32< | -11 | >-17 | 7 | -17 | 7 | -4 | -4 | 128 ]
[ 128 | 4 | 0 | 0 | -1 | 0 | 0 | -1 | 0 | 0 | -1 | 0 | 0 | -1 | 0 | 0 | -1 | 0 | 0 | -1 | 33< | -11 | -17 | >7 | -17 | 7 | -4 | -4 | 128 ]
[ 128 | 4 | 0 | 0 | -1 | 0 | 0 | -1 | 0 | 0 | -1 | 0 | 0 | -1 | 0 | 0 | -1 | 0 | 0 | -1 | 34< | -11 | -17 | >6 | -17 | 7 | -4 | -4 | 128 ]
[ 128 | 4 | 0 | 0 | -1 | 0 | 0 | -1 | 0 | 0 | -1 | 0 | 0 | -1 | 0 | 0 | -1 | 0 | 0 | -1 | 35< | -11 | -17 | >5 | -17 | 7 | -4 | -4 | 128 ]
[ 128 | 4 | 0 | 0 | -1 | 0 | 0 | -1 | 0 | 0 | -1 | 0 | 0 | -1 | 0 | 0 | -1 | 0 | 0 | -1 | 36< | -11 | -17 | >4 | -17 | 7 | -4 | -4 | 128 ]
[ 128 | 4 | 0 | 0 | -1 | 0 | 0 | -1 | 0 | 0 | -1 | 0 | 0 | -1 | 0 | 0 | -1 | 0 | 0 | -1 | 37< | -11 | -17 | >3 | -17 | 7 | -4 | -4 | 128 ]
[ 128 | 4 | 0 | 0 | -1 | 0 | 0 | -1 | 0 | 0 | -1 | 0 | 0 | -1 | 0 | 0 | -1 | 0 | 0 | -1 | 38< | -11 | -17 | >2 | -17 | 7 | -4 | -4 | 128 ]
[ 128 | 4 | 0 | 0 | -1 | 0 | 0 | -1 | 0 | 0 | -1 | 0 | 0 | -1 | 0 | 0 | -1 | 0 | 0 | -1 | 39< | -11 | -17 | >1 | -17 | 7 | -4 | -4 | 128 ]
[ 128 | 4 | 0 | 0 | -1 | 0 | 0 | -1 | 0 | 0 | -1 | 0 | 0 | -1 | 0 | 0 | -1 | 0 | 0 | -1 | 40< | -11 | -17 | >0 | -17 | 7 | -4 | -4 | 128 ]
[ 128 | 4 | 0 | 0 | -1 | 0 | 0 | -1 | 0 | 0 | -1 | 0 | 0 | -1 | 0 | 0 | -1 | 0 | 0 | -1 | 41< | -11 | -17 | >-1 | -17 | 7 | -4 | -4 | 128 ]
[ 128 | 4 | 0 | 0 | -1 | 0 | 0 | -1 | 0 | 0 | -1 | 0 | 0 | -1 | 0 | 0 | -1 | 0 | 0 | -1 | 42< | -11 | -17 | >-2 | -17 | 7 | -4 | -4 | 128 ]
[ 128 | 4 | 0 | 0 | -1 | 0 | 0 | -1 | 0 | 0 | -1 | 0 | 0 | -1 | 0 | 0 | -1 | 0 | 0 | -1 | 43< | -11 | -17 | >-3 | -17 | 7 | -4 | -4 | 128 ]
[ 128 | 4 | 0 | 0 | -1 | 0 | 0 | -1 | 0 | 0 | -1 | 0 | 0 | -1 | 0 | 0 | -1 | 0 | 0 | -1 | 44< | -11 | -17 | >-3 | -17 | 7 | -4 | -4 | 128 ]
[ 128 | 4 | 0 | 0 | -1 | 0 | 0 | -1 | 0 | 0 | -1 | 0 | 0 | -1 | 0 | 0 | -1 | 0 | 0 | -1 | 45< | -11 | -17 | -3 | >-17 | 7 | -4 | -4 | 128 ]
[ 128 | 4 | 0 | 0 | -1 | 0 | 0 | -1 | 0 | 0 | -1 | 0 | 0 | -1 | 0 | 0 | -1 | 0 | 0 | -1 | 46< | -11 | -17 | -3 | >-18 | 7 | -4 | -4 | 128 ]
[ 128 | 4 | 0 | 0 | -1 | 0 | 0 | -1 | 0 | 0 | -1 | 0 | 0 | -1 | 0 | 0 | -1 | 0 | 0 | -1 | 47< | -11 | -17 | -3 | >-19 | 7 | -4 | -4 | 128 ]
[ 128 | 4 | 0 | 0 | -1 | 0 | 0 | -1 | 0 | 0 | -1 | 0 | 0 | -1 | 0 | 0 | -1 | 0 | 0 | -1 | 48< | -11 | -17 | -3 | >-20 | 7 | -4 | -4 | 128 ]
[ 128 | 4 | 0 | 0 | -1 | 0 | 0 | -1 | 0 | 0 | -1 | 0 | 0 | -1 | 0 | 0 | -1 | 0 | 0 | -1 | 49< | -11 | -17 | -3 | >-21 | 7 | -4 | -4 | 128 ]
[ 128 | 4 | 0 | 0 | -1 | 0 | 0 | -1 | 0 | 0 | -1 | 0 | 0 | -1 | 0 | 0 | -1 | 0 | 0 | -1 | 50< | -11 | -17 | -3 | >-22 | 7 | -4 | -4 | 128 ]
[ 128 | 4 | 0 | 0 | -1 | 0 | 0 | -1 | 0 | 0 | -1 | 0 | 0 | -1 | 0 | 0 | -1 | 0 | 0 | -1 | 51< | -11 | -17 | -3 | >-23 | 7 | -4 | -4 | 128 ]
[ 128 | 4 | 0 | 0 | -1 | 0 | 0 | -1 | 0 | 0 | -1 | 0 | 0 | -1 | 0 | 0 | -1 | 0 | 0 | -1 | 52< | -11 | -17 | -3 | >-24 | 7 | -4 | -4 | 128 ]
[ 128 | 4 | 0 | 0 | -1 | 0 | 0 | -1 | 0 | 0 | -1 | 0 | 0 | -1 | 0 | 0 | -1 | 0 | 0 | -1 | 53< | -11 | -17 | -3 | >-25 | 7 | -4 | -4 | 128 ]
[ 128 | 4 | 0 | 0 | -1 | 0 | 0 | -1 | 0 | 0 | -1 | 0 | 0 | -1 | 0 | 0 | -1 | 0 | 0 | -1 | 54< | -11 | -17 | -3 | >-26 | 7 | -4 | -4 | 128 ]
[ 128 | 4 | 0 | 0 | -1 | 0 | 0 | -1 | 0 | 0 | -1 | 0 | 0 | -1 | 0 | 0 | -1 | 0 | 0 | -1 | 55< | -11 | -17 | -3 | >-27 | 7 | -4 | -4 | 128 ]
[ 128 | 4 | 0 | 0 | -1 | 0 | 0 | -1 | 0 | 0 | -1 | 0 | 0 | -1 | 0 | 0 | -1 | 0 | 0 | -1 | 56< | -11 | -17 | -3 | >-27 | 7 | -4 | -4 | 128 ]
[ 128 | 4 | 0 | 0 | -1 | 0 | 0 | -1 | 0 | 0 | -1 | 0 | 0 | -1 | 0 | 0 | -1 | 0 | 0 | -1 | 57< | -11 | -17 | -3 | -27 | >7 | -4 | -4 | 128 ]
[ 128 | 4 | 0 | 0 | -1 | 0 | 0 | -1 | 0 | 0 | -1 | 0 | 0 | -1 | 0 | 0 | -1 | 0 | 0 | -1 | 58< | -11 | -17 | -3 | -27 | >6 | -4 | -4 | 128 ]
[ 128 | 4 | 0 | 0 | -1 | 0 | 0 | -1 | 0 | 0 | -1 | 0 | 0 | -1 | 0 | 0 | -1 | 0 | 0 | -1 | 59< | -11 | -17 | -3 | -27 | >5 | -4 | -4 | 128 ]
[ 128 | 4 | 0 | 0 | -1 | 0 | 0 | -1 | 0 | 0 | -1 | 0 | 0 | -1 | 0 | 0 | -1 | 0 | 0 | -1 | 60< | -11 | -17 | -3 | -27 | >4 | -4 | -4 | 128 ]
[ 128 | 4 | 0 | 0 | -1 | 0 | 0 | -1 | 0 | 0 | -1 | 0 | 0 | -1 | 0 | 0 | -1 | 0 | 0 | -1 | 61< | -11 | -17 | -3 | -27 | >3 | -4 | -4 | 128 ]
[ 128 | 4 | 0 | 0 | -1 | 0 | 0 | -1 | 0 | 0 | -1 | 0 | 0 | -1 | 0 | 0 | -1 | 0 | 0 | -1 | 62< | -11 | -17 | -3 | -27 | >2 | -4 | -4 | 128 ]
[ 128 | 4 | 0 | 0 | -1 | 0 | 0 | -1 | 0 | 0 | -1 | 0 | 0 | -1 | 0 | 0 | -1 | 0 | 0 | -1 | 63< | -11 | -17 | -3 | -27 | >1 | -4 | -4 | 128 ]
[ 128 | 4 | 0 | 0 | -1 | 0 | 0 | -1 | 0 | 0 | -1 | 0 | 0 | -1 | 0 | 0 | -1 | 0 | 0 | -1 | 64< | -11 | -17 | -3 | -27 | >0 | -4 | -4 | 128 ]
[ 128 | 4 | 0 | 0 | -1 | 0 | 0 | -1 | 0 | 0 | -1 | 0 | 0 | -1 | 0 | 0 | -1 | 0 | 0 | -1 | 65< | -11 | -17 | -3 | -27 | >-1 | -4 | -4 | 128 ]
[ 128 | 4 | 0 | 0 | -1 | 0 | 0 | -1 | 0 | 0 | -1 | 0 | 0 | -1 | 0 | 0 | -1 | 0 | 0 | -1 | 66< | -11 | -17 | -3 | -27 | >-2 | -4 | -4 | 128 ]
[ 128 | 4 | 0 | 0 | -1 | 0 | 0 | -1 | 0 | 0 | -1 | 0 | 0 | -1 | 0 | 0 | -1 | 0 | 0 | -1 | 67< | -11 | -17 | -3 | -27 | >-3 | -4 | -4 | 128 ]
[ 128 | 4 | 0 | 0 | -1 | 0 | 0 | -1 | 0 | 0 | -1 | 0 | 0 | -1 | 0 | 0 | -1 | 0 | 0 | -1 | 68< | -11 | -17 | -3 | -27 | >-3 | -4 | -4 | 128 ]
[ 128 | 4 | 0 | 0 | -1 | 0 | 0 | -1 | 0 | 0 | -1 | 0 | 0 | -1 | 0 | 0 | -1 | 0 | 0 | -1 | 69< | -11 | -17 | -3 | -27 | -3 | >-4 | -4 | 128 ]
[ 128 | 4 | 0 | 0 | -1 | 0 | 0 | -1 | 0 | 0 | -1 | 0 | 0 | -1 | 0 | 0 | -1 | 0 | 0 | -1 | 70< | -11 | -17 | -3 | -27 | -3 | >-5 | -4 | 128 ]
[ 128 | 4 | 0 | 0 | -1 | 0 | 0 | -1 | 0 | 0 | -1 | 0 | 0 | -1 | 0 | 0 | -1 | 0 | 0 | -1 | 71< | -11 | -17 | -3 | -27 | -3 | >-6 | -4 | 128 ]
[ 128 | 4 | 0 | 0 | -1 | 0 | 0 | -1 | 0 | 0 | -1 | 0 | 0 | -1 | 0 | 0 | -1 | 0 | 0 | -1 | 72< | -11 | -17 | -3 | -27 | -3 | >-7 | -4 | 128 ]
[ 128 | 4 | 0 | 0 | -1 | 0 | 0 | -1 | 0 | 0 | -1 | 0 | 0 | -1 | 0 | 0 | -1 | 0 | 0 | -1 | 73< | -11 | -17 | -3 | -27 | -3 | >-8 | -4 | 128 ]
[ 128 | 4 | 0 | 0 | -1 | 0 | 0 | -1 | 0 | 0 | -1 | 0 | 0 | -1 | 0 | 0 | -1 | 0 | 0 | -1 | 74< | -11 | -17 | -3 | -27 | -3 | >-9 | -4 | 128 ]
[ 128 | 4 | 0 | 0 | -1 | 0 | 0 | -1 | 0 | 0 | -1 | 0 | 0 | -1 | 0 | 0 | -1 | 0 | 0 | -1 | 75< | -11 | -17 | -3 | -27 | -3 | >-10 | -4 | 128 ]
[ 128 | 4 | 0 | 0 | -1 | 0 | 0 | -1 | 0 | 0 | -1 | 0 | 0 | -1 | 0 | 0 | -1 | 0 | 0 | -1 | 76< | -11 | -17 | -3 | -27 | -3 | >-11 | -4 | 128 ]
[ 128 | 4 | 0 | 0 | -1 | 0 | 0 | -1 | 0 | 0 | -1 | 0 | 0 | -1 | 0 | 0 | -1 | 0 | 0 | -1 | 77< | -11 | -17 | -3 | -27 | -3 | >-12 | -4 | 128 ]
[ 128 | 4 | 0 | 0 | -1 | 0 | 0 | -1 | 0 | 0 | -1 | 0 | 0 | -1 | 0 | 0 | -1 | 0 | 0 | -1 | 78< | -11 | -17 | -3 | -27 | -3 | >-13 | -4 | 128 ]
[ 128 | 4 | 0 | 0 | -1 | 0 | 0 | -1 | 0 | 0 | -1 | 0 | 0 | -1 | 0 | 0 | -1 | 0 | 0 | -1 | 79< | -11 | -17 | -3 | -27 | -3 | >-14 | -4 | 128 ]
[ 128 | 4 | 0 | 0 | -1 | 0 | 0 | -1 | 0 | 0 | -1 | 0 | 0 | -1 | 0 | 0 | -1 | 0 | 0 | -1 | 80< | -11 | -17 | -3 | -27 | -3 | >-14 | -4 | 128 ]
[ 128 | 4 | 0 | 0 | -1 | 0 | 0 | -1 | 0 | 0 | -1 | 0 | 0 | -1 | 0 | 0 | -1 | 0 | 0 | -1 | 81< | -11 | -17 | -3 | -27 | -3 | -14 | >-4 | 128 ]
[ 128 | 4 | 0 | 0 | -1 | 0 | 0 | -1 | 0 | 0 | -1 | 0 | 0 | -1 | 0 | 0 | -1 | 0 | 0 | -1 | 82< | -11 | -17 | -3 | -27 | -3 | -14 | >-5 | 128 ]
[ 128 | 4 | 0 | 0 | -1 | 0 | 0 | -1 | 0 | 0 | -1 | 0 | 0 | -1 | 0 | 0 | -1 | 0 | 0 | -1 | 83< | -11 | -17 | -3 | -27 | -3 | -14 | >-6 | 128 ]
[ 128 | 4 | 0 | 0 | -1 | 0 | 0 | -1 | 0 | 0 | -1 | 0 | 0 | -1 | 0 | 0 | -1 | 0 | 0 | -1 | 84< | -11 | -17 | -3 | -27 | -3 | -14 | >-7 | 128 ]
[ 128 | 4 | 0 | 0 | -1 | 0 | 0 | -1 | 0 | 0 | -1 | 0 | 0 | -1 | 0 | 0 | -1 | 0 | 0 | -1 | 85< | -11 | -17 | -3 | -27 | -3 | -14 | >-8 | 128 ]
[ 128 | 4 | 0 | 0 | -1 | 0 | 0 | -1 | 0 | 0 | -1 | 0 | 0 | -1 | 0 | 0 | -1 | 0 | 0 | -1 | 86< | -11 | -17 | -3 | -27 | -3 | -14 | >-9 | 128 ]
[ 128 | 4 | 0 | 0 | -1 | 0 | 0 | -1 | 0 | 0 | -1 | 0 | 0 | -1 | 0 | 0 | -1 | 0 | 0 | -1 | 87< | -11 | -17 | -3 | -27 | -3 | -14 | >-10 | 128 ]
[ 128 | 4 | 0 | 0 | -1 | 0 | 0 | -1 | 0 | 0 | -1 | 0 | 0 | -1 | 0 | 0 | -1 | 0 | 0 | -1 | 88< | -11 | -17 | -3 | -27 | -3 | -14 | >-11 | 128 ]
[ 128 | 4 | 0 | 0 | -1 | 0 | 0 | -1 | 0 | 0 | -1 | 0 | 0 | -1 | 0 | 0 | -1 | 0 | 0 | -1 | 89< | -11 | -17 | -3 | -27 | -3 | -14 | >-12 | 128 ]
[ 128 | 4 | 0 | 0 | -1 | 0 | 0 | -1 | 0 | 0 | -1 | 0 | 0 | -1 | 0 | 0 | -1 | 0 | 0 | -1 | 90< | -11 | -17 | -3 | -27 | -3 | -14 | >-13 | 128 ]
[ 128 | 4 | 0 | 0 | -1 | 0 | 0 | -1 | 0 | 0 | -1 | 0 | 0 | -1 | 0 | 0 | -1 | 0 | 0 | -1 | 91< | -11 | -17 | -3 | -27 | -3 | -14 | >-14 | 128 ]
[ 128 | 4 | 0 | 0 | -1 | 0 | 0 | -1 | 0 | 0 | -1 | 0 | 0 | -1 | 0 | 0 | -1 | 0 | 0 | -1 | 92< | -11 | -17 | -3 | -27 | -3 | -14 | >-14 | 128 ]
[ 128 | 4 | 0 | 0 | -1 | 0 | 0 | -1 | 0 | 0 | -1 | 0 | 0 | -1 | 0 | 0 | -1 | 0 | 0 | -1 | 93< | -11 | -17 | -3 | -27 | -3 | -14 | -14 | >128 ]
[ 128 | 4 | 0 | 0 | -1 | 0 | 0 | -1 | 0 | 0 | -1 | 0 | 0 | -1 | 0 | 0 | -1 | 0 | 0 | -1 | 94< | -11 | -17 | -3 | -27 | -3 | -14 | -14 | >127 ]
[ 128 | 4 | 0 | 0 | -1 | 0 | 0 | -1 | 0 | 0 | -1 | 0 | 0 | -1 | 0 | 0 | -1 | 0 | 0 | -1 | 95< | -11 | -17 | -3 | -27 | -3 | -14 | -14 | >126 ]
[ 128 | 4 | 0 | 0 | -1 | 0 | 0 | -1 | 0 | 0 | -1 | 0 | 0 | -1 | 0 | 0 | -1 | 0 | 0 | -1 | 96< | -11 | -17 | -3 | -27 | -3 | -14 | -14 | >125 ]
[ 128 | 4 | 0 | 0 | -1 | 0 | 0 | -1 | 0 | 0 | -1 | 0 | 0 | -1 | 0 | 0 | -1 | 0 | 0 | -1 | 97< | -11 | -17 | -3 | -27 | -3 | -14 | -14 | >124 ]
[ 128 | 4 | 0 | 0 | -1 | 0 | 0 | -1 | 0 | 0 | -1 | 0 | 0 | -1 | 0 | 0 | -1 | 0 | 0 | -1 | 98< | -11 | -17 | -3 | -27 | -3 | -14 | -14 | >123 ]
[ 128 | 4 | 0 | 0 | -1 | 0 | 0 | -1 | 0 | 0 | -1 | 0 | 0 | -1 | 0 | 0 | -1 | 0 | 0 | -1 | 99< | -11 | -17 | -3 | -27 | -3 | -14 | -14 | >122 ]
[ 128 | 4 | 0 | 0 | -1 | 0 | 0 | -1 | 0 | 0 | -1 | 0 | 0 | -1 | 0 | 0 | -1 | 0 | 0 | -1 | 100< | -11 | -17 | -3 | -27 | -3 | -14 | -14 | >121 ]
[ 128 | 4 | 0 | 0 | -1 | 0 | 0 | -1 | 0 | 0 | -1 | 0 | 0 | -1 | 0 | 0 | -1 | 0 | 0 | -1 | 101< | -11 | -17 | -3 | -27 | -3 | -14 | -14 | >120 ]
[ 128 | 4 | 0 | 0 | -1 | 0 | 0 | -1 | 0 | 0 | -1 | 0 | 0 | -1 | 0 | 0 | -1 | 0 | 0 | -1 | 102< | -11 | -17 | -3 | -27 | -3 | -14 | -14 | >119 ]
[ 128 | 4 | 0 | 0 | -1 | 0 | 0 | -1 | 0 | 0 | -1 | 0 | 0 | -1 | 0 | 0 | -1 | 0 | 0 | -1 | 103< | -11 | -17 | -3 | -27 | -3 | -14 | -14 | >118 ]
[ 128 | 4 | 0 | 0 | -1 | 0 | 0 | -1 | 0 | 0 | -1 | 0 | 0 | -1 | 0 | 0 | -1 | 0 | 0 | -1 | 104< | -11 | -17 | -3 | -27 | -3 | -14 | -14 | >118 ]
[ >128 | 4 | 0 | 0 | -1 | 0 | 0 | -1 | 0 | 0 | -1 | 0 | 0 | -1 | 0 | 0 | -1 | 0 | 0 | -1 | 105< | -11 | -17 | -3 | -27 | -3 | -14 | -14 | 118 ]

===== Plodder won the battle after 163 cycles =====



===== Starting battle of <PrussianRoulette> vs <Plodder> with memory tape size: 13 =====

[ >128 | 0 | 0 | 0 | 0 | 0 | 0 | 0 | 0 | 0 | 0 | 0 | 128< ]
[ 128 | >0 | 0 | 0 | 0 | 0 | 0 | 0 | 0 | 0 | 0 | 0< | 128 ]
[ 128 | >1 | 0 | 0 | 0 | 0 | 0 | 0 | 0 | 0 | 0 | -1< | 128 ]
[ 128 | >2 | 0 | 0 | 0 | 0 | 0 | 0 | 0 | 0 | 0 | -2< | 128 ]
[ 128 | >3 | 0 | 0 | 0 | 0 | 0 | 0 | 0 | 0 | 0 | -3< | 128 ]
[ 128 | >4 | 0 | 0 | 0 | 0 | 0 | 0 | 0 | 0 | 0 | -4< | 128 ]
[ 128 | >5 | 0 | 0 | 0 | 0 | 0 | 0 | 0 | 0 | 0< | -4 | 128 ]
[ 128 | >4 | 0 | 0 | 0 | 0 | 0 | 0 | 0 | 0 | -1< | -4 | 128 ]
[ 128 | >4 | 0 | 0 | 0 | 0 | 0 | 0 | 0 | 0 | -2< | -4 | 128 ]
[ 128 | >4 | 0 | 0 | 0 | 0 | 0 | 0 | 0 | 0 | -3< | -4 | 128 ]
[ 128 | 4 | >0 | 0 | 0 | 0 | 0 | 0 | 0 | 0 | -4< | -4 | 128 ]
[ 128 | 4 | >0 | 0 | 0 | 0 | 0 | 0 | 0 | 0< | -4 | -4 | 128 ]
[ 128 | 4 | >0 | 0 | 0 | 0 | 0 | 0 | 0 | 1< | -4 | -4 | 128 ]
[ 128 | 4 | >0 | 0 | 0 | 0 | 0 | 0 | 0 | 2< | -4 | -4 | 128 ]
[ 128 | 4 | 0 | >0 | 0 | 0 | 0 | 0 | 0 | 3< | -4 | -4 | 128 ]
[ 128 | 4 | 0 | 0 | >0 | 0 | 0 | 0 | 0 | 4< | -4 | -4 | 128 ]
[ 128 | 4 | 0 | 0 | >-1 | 0 | 0 | 0 | 0 | 5< | -4 | -4 | 128 ]
[ 128 | 4 | 0 | 0 | >-1 | 0 | 0 | 0 | 0 | 6< | -4 | -4 | 128 ]
[ 128 | 4 | 0 | 0 | >-1 | 0 | 0 | 0 | 0 | 7< | -4 | -4 | 128 ]
[ 128 | 4 | 0 | 0 | -1 | >0 | 0 | 0 | 0< | 7 | -4 | -4 | 128 ]
[ 128 | 4 | 0 | 0 | -1 | >0 | 0 | 0 | -1< | 7 | -4 | -4 | 128 ]
[ 128 | 4 | 0 | 0 | -1 | >0 | 0 | 0 | -2< | 7 | -4 | -4 | 128 ]
[ 128 | 4 | 0 | 0 | -1 | >0 | 0 | 0 | -3< | 7 | -4 | -4 | 128 ]
[ 128 | 4 | 0 | 0 | -1 | 0 | >0 | 0 | -4< | 7 | -4 | -4 | 128 ]
[ 128 | 4 | 0 | 0 | -1 | 0 | 0 | >0 | -5< | 7 | -4 | -4 | 128 ]
[ 128 | 4 | 0 | 0 | -1 | 0 | 0 | >-1 | -6< | 7 | -4 | -4 | 128 ]
[ 128 | 4 | 0 | 0 | -1 | 0 | 0 | >-1 | -7< | 7 | -4 | -4 | 128 ]
[ 128 | 4 | 0 | 0 | -1 | 0 | 0 | >-1 | -8< | 7 | -4 | -4 | 128 ]
[ 128 | 4 | 0 | 0 | -1 | 0 | 0 | -1 | >-9< | 7 | -4 | -4 | 128 ]
[ 128 | 4 | 0 | 0 | -1 | 0 | 0 | -1 | >-10< | 7 | -4 | -4 | 128 ]
[ 128 | 4 | 0 | 0 | -1 | 0 | 0 | -1 | >-11< | 7 | -4 | -4 | 128 ]
[ 128 | 4 | 0 | 0 | -1 | 0 | 0 | -1 | -12< | >7 | -4 | -4 | 128 ]
[ 128 | 4 | 0 | 0 | -1 | 0 | 0 | -1 | -13< | >6 | -4 | -4 | 128 ]
[ 128 | 4 | 0 | 0 | -1 | 0 | 0 | -1 | -14< | >5 | -4 | -4 | 128 ]
[ 128 | 4 | 0 | 0 | -1 | 0 | 0 | -1 | -15< | >4 | -4 | -4 | 128 ]
[ 128 | 4 | 0 | 0 | -1 | 0 | 0 | -1 | -16< | >3 | -4 | -4 | 128 ]
[ 128 | 4 | 0 | 0 | -1 | 0 | 0 | -1 | -17< | >2 | -4 | -4 | 128 ]
[ 128 | 4 | 0 | 0 | -1 | 0 | 0 | -1< | -17 | >1 | -4 | -4 | 128 ]
[ 128 | 4 | 0 | 0 | -1 | 0 | 0 | 0< | -17 | >0 | -4 | -4 | 128 ]
[ 128 | 4 | 0 | 0 | -1 | 0 | 0 | 1< | -17 | >-1 | -4 | -4 | 128 ]
[ 128 | 4 | 0 | 0 | -1 | 0 | 0 | 2< | -17 | >-2 | -4 | -4 | 128 ]
[ 128 | 4 | 0 | 0 | -1 | 0 | 0 | 3< | -17 | >-3 | -4 | -4 | 128 ]
[ 128 | 4 | 0 | 0 | -1 | 0 | 0 | 4< | -17 | >-3 | -4 | -4 | 128 ]
[ 128 | 4 | 0 | 0 | -1 | 0 | 0 | 5< | -17 | -3 | >-4 | -4 | 128 ]
[ 128 | 4 | 0 | 0 | -1 | 0 | 0 | 6< | -17 | -3 | >-5 | -4 | 128 ]
[ 128 | 4 | 0 | 0 | -1 | 0 | 0< | 6 | -17 | -3 | >-6 | -4 | 128 ]
[ 128 | 4 | 0 | 0 | -1 | 0 | -1< | 6 | -17 | -3 | >-7 | -4 | 128 ]
[ 128 | 4 | 0 | 0 | -1 | 0 | -2< | 6 | -17 | -3 | >-8 | -4 | 128 ]
[ 128 | 4 | 0 | 0 | -1 | 0 | -3< | 6 | -17 | -3 | >-9 | -4 | 128 ]
[ 128 | 4 | 0 | 0 | -1 | 0 | -4< | 6 | -17 | -3 | >-10 | -4 | 128 ]
[ 128 | 4 | 0 | 0 | -1 | 0 | -5< | 6 | -17 | -3 | >-11 | -4 | 128 ]
[ 128 | 4 | 0 | 0 | -1 | 0 | -6< | 6 | -17 | -3 | >-12 | -4 | 128 ]
[ 128 | 4 | 0 | 0 | -1 | 0 | -7< | 6 | -17 | -3 | >-13 | -4 | 128 ]
[ 128 | 4 | 0 | 0 | -1 | 0< | -7 | 6 | -17 | -3 | >-14 | -4 | 128 ]
[ 128 | 4 | 0 | 0 | -1 | -1< | -7 | 6 | -17 | -3 | >-14 | -4 | 128 ]
[ 128 | 4 | 0 | 0 | -1< | -1 | -7 | 6 | -17 | -3 | -14 | >-4 | 128 ]
[ 128 | 4 | 0 | 0 | -2< | -1 | -7 | 6 | -17 | -3 | -14 | >-5 | 128 ]
[ 128 | 4 | 0 | 0 | -2< | -1 | -7 | 6 | -17 | -3 | -14 | >-6 | 128 ]
[ 128 | 4 | 0 | 0 | -1< | -1 | -7 | 6 | -17 | -3 | -14 | >-7 | 128 ]
[ 128 | 4 | 0 | 0 | 0< | -1 | -7 | 6 | -17 | -3 | -14 | >-8 | 128 ]
[ 128 | 4 | 0 | 0 | 1< | -1 | -7 | 6 | -17 | -3 | -14 | >-9 | 128 ]
[ 128 | 4 | 0 | 0 | 2< | -1 | -7 | 6 | -17 | -3 | -14 | >-10 | 128 ]
[ 128 | 4 | 0 | 0 | 3< | -1 | -7 | 6 | -17 | -3 | -14 | >-11 | 128 ]
[ 128 | 4 | 0 | 0 | 4< | -1 | -7 | 6 | -17 | -3 | -14 | >-12 | 128 ]
[ 128 | 4 | 0 | 0 | 5< | -1 | -7 | 6 | -17 | -3 | -14 | >-13 | 128 ]
[ 128 | 4 | 0 | 0 | 6< | -1 | -7 | 6 | -17 | -3 | -14 | >-14 | 128 ]
[ 128 | 4 | 0 | 0 | 7< | -1 | -7 | 6 | -17 | -3 | -14 | >-14 | 128 ]
[ 128 | 4 | 0 | 0 | 8< | -1 | -7 | 6 | -17 | -3 | -14 | -14 | >128 ]
[ 128 | 4 | 0 | 0 | 9< | -1 | -7 | 6 | -17 | -3 | -14 | -14 | >127 ]
[ 128 | 4 | 0 | 0 | 10< | -1 | -7 | 6 | -17 | -3 | -14 | -14 | >126 ]
[ 128 | 4 | 0 | 0 | 11< | -1 | -7 | 6 | -17 | -3 | -14 | -14 | >125 ]
[ 128 | 4 | 0 | 0 | 12< | -1 | -7 | 6 | -17 | -3 | -14 | -14 | >124 ]
[ 128 | 4 | 0 | 0 | 13< | -1 | -7 | 6 | -17 | -3 | -14 | -14 | >123 ]
[ 128 | 4 | 0 | 0 | 14< | -1 | -7 | 6 | -17 | -3 | -14 | -14 | >122 ]
[ 128 | 4 | 0 | 0 | 15< | -1 | -7 | 6 | -17 | -3 | -14 | -14 | >121 ]
[ 128 | 4 | 0 | 0 | 16< | -1 | -7 | 6 | -17 | -3 | -14 | -14 | >120 ]
[ 128 | 4 | 0 | 0 | 17< | -1 | -7 | 6 | -17 | -3 | -14 | -14 | >119 ]
[ 128 | 4 | 0 | 0 | 18< | -1 | -7 | 6 | -17 | -3 | -14 | -14 | >118 ]
[ 128 | 4 | 0 | 0 | 19< | -1 | -7 | 6 | -17 | -3 | -14 | -14 | >118 ]
[ >128 | 4 | 0 | 0 | 20< | -1 | -7 | 6 | -17 | -3 | -14 | -14 | 118 ]

===== Plodder won the battle after 79 cycles =====



===== Starting battle of <PrussianRoulette> vs <Plodder> with memory tape size: 22 =====

[ >128 | 0 | 0 | 0 | 0 | 0 | 0 | 0 | 0 | 0 | 0 | 0 | 0 | 0 | 0 | 0 | 0 | 0 | 0 | 0 | 0 | 128< ]
[ 128 | >0 | 0 | 0 | 0 | 0 | 0 | 0 | 0 | 0 | 0 | 0 | 0 | 0 | 0 | 0 | 0 | 0 | 0 | 0 | 0< | 128 ]
[ 128 | >1 | 0 | 0 | 0 | 0 | 0 | 0 | 0 | 0 | 0 | 0 | 0 | 0 | 0 | 0 | 0 | 0 | 0 | 0 | -1< | 128 ]
[ 128 | >2 | 0 | 0 | 0 | 0 | 0 | 0 | 0 | 0 | 0 | 0 | 0 | 0 | 0 | 0 | 0 | 0 | 0 | 0 | -2< | 128 ]
[ 128 | >3 | 0 | 0 | 0 | 0 | 0 | 0 | 0 | 0 | 0 | 0 | 0 | 0 | 0 | 0 | 0 | 0 | 0 | 0 | -3< | 128 ]
[ 128 | >4 | 0 | 0 | 0 | 0 | 0 | 0 | 0 | 0 | 0 | 0 | 0 | 0 | 0 | 0 | 0 | 0 | 0 | 0 | -4< | 128 ]
[ 128 | >5 | 0 | 0 | 0 | 0 | 0 | 0 | 0 | 0 | 0 | 0 | 0 | 0 | 0 | 0 | 0 | 0 | 0 | 0< | -4 | 128 ]
[ 128 | >4 | 0 | 0 | 0 | 0 | 0 | 0 | 0 | 0 | 0 | 0 | 0 | 0 | 0 | 0 | 0 | 0 | 0 | -1< | -4 | 128 ]
[ 128 | >4 | 0 | 0 | 0 | 0 | 0 | 0 | 0 | 0 | 0 | 0 | 0 | 0 | 0 | 0 | 0 | 0 | 0 | -2< | -4 | 128 ]
[ 128 | >4 | 0 | 0 | 0 | 0 | 0 | 0 | 0 | 0 | 0 | 0 | 0 | 0 | 0 | 0 | 0 | 0 | 0 | -3< | -4 | 128 ]
[ 128 | 4 | >0 | 0 | 0 | 0 | 0 | 0 | 0 | 0 | 0 | 0 | 0 | 0 | 0 | 0 | 0 | 0 | 0 | -4< | -4 | 128 ]
[ 128 | 4 | >0 | 0 | 0 | 0 | 0 | 0 | 0 | 0 | 0 | 0 | 0 | 0 | 0 | 0 | 0 | 0 | 0< | -4 | -4 | 128 ]
[ 128 | 4 | >0 | 0 | 0 | 0 | 0 | 0 | 0 | 0 | 0 | 0 | 0 | 0 | 0 | 0 | 0 | 0 | 1< | -4 | -4 | 128 ]
[ 128 | 4 | >0 | 0 | 0 | 0 | 0 | 0 | 0 | 0 | 0 | 0 | 0 | 0 | 0 | 0 | 0 | 0 | 2< | -4 | -4 | 128 ]
[ 128 | 4 | 0 | >0 | 0 | 0 | 0 | 0 | 0 | 0 | 0 | 0 | 0 | 0 | 0 | 0 | 0 | 0 | 3< | -4 | -4 | 128 ]
[ 128 | 4 | 0 | 0 | >0 | 0 | 0 | 0 | 0 | 0 | 0 | 0 | 0 | 0 | 0 | 0 | 0 | 0 | 4< | -4 | -4 | 128 ]
[ 128 | 4 | 0 | 0 | >-1 | 0 | 0 | 0 | 0 | 0 | 0 | 0 | 0 | 0 | 0 | 0 | 0 | 0 | 5< | -4 | -4 | 128 ]
[ 128 | 4 | 0 | 0 | >-1 | 0 | 0 | 0 | 0 | 0 | 0 | 0 | 0 | 0 | 0 | 0 | 0 | 0 | 6< | -4 | -4 | 128 ]
[ 128 | 4 | 0 | 0 | >-1 | 0 | 0 | 0 | 0 | 0 | 0 | 0 | 0 | 0 | 0 | 0 | 0 | 0 | 7< | -4 | -4 | 128 ]
[ 128 | 4 | 0 | 0 | -1 | >0 | 0 | 0 | 0 | 0 | 0 | 0 | 0 | 0 | 0 | 0 | 0 | 0< | 7 | -4 | -4 | 128 ]
[ 128 | 4 | 0 | 0 | -1 | >0 | 0 | 0 | 0 | 0 | 0 | 0 | 0 | 0 | 0 | 0 | 0 | -1< | 7 | -4 | -4 | 128 ]
[ 128 | 4 | 0 | 0 | -1 | >0 | 0 | 0 | 0 | 0 | 0 | 0 | 0 | 0 | 0 | 0 | 0 | -2< | 7 | -4 | -4 | 128 ]
[ 128 | 4 | 0 | 0 | -1 | >0 | 0 | 0 | 0 | 0 | 0 | 0 | 0 | 0 | 0 | 0 | 0 | -3< | 7 | -4 | -4 | 128 ]
[ 128 | 4 | 0 | 0 | -1 | 0 | >0 | 0 | 0 | 0 | 0 | 0 | 0 | 0 | 0 | 0 | 0 | -4< | 7 | -4 | -4 | 128 ]
[ 128 | 4 | 0 | 0 | -1 | 0 | 0 | >0 | 0 | 0 | 0 | 0 | 0 | 0 | 0 | 0 | 0 | -5< | 7 | -4 | -4 | 128 ]
[ 128 | 4 | 0 | 0 | -1 | 0 | 0 | >-1 | 0 | 0 | 0 | 0 | 0 | 0 | 0 | 0 | 0 | -6< | 7 | -4 | -4 | 128 ]
[ 128 | 4 | 0 | 0 | -1 | 0 | 0 | >-1 | 0 | 0 | 0 | 0 | 0 | 0 | 0 | 0 | 0 | -7< | 7 | -4 | -4 | 128 ]
[ 128 | 4 | 0 | 0 | -1 | 0 | 0 | >-1 | 0 | 0 | 0 | 0 | 0 | 0 | 0 | 0 | 0 | -8< | 7 | -4 | -4 | 128 ]
[ 128 | 4 | 0 | 0 | -1 | 0 | 0 | -1 | >0 | 0 | 0 | 0 | 0 | 0 | 0 | 0 | 0 | -9< | 7 | -4 | -4 | 128 ]
[ 128 | 4 | 0 | 0 | -1 | 0 | 0 | -1 | >0 | 0 | 0 | 0 | 0 | 0 | 0 | 0 | 0 | -10< | 7 | -4 | -4 | 128 ]
[ 128 | 4 | 0 | 0 | -1 | 0 | 0 | -1 | >0 | 0 | 0 | 0 | 0 | 0 | 0 | 0 | 0 | -11< | 7 | -4 | -4 | 128 ]
[ 128 | 4 | 0 | 0 | -1 | 0 | 0 | -1 | >0 | 0 | 0 | 0 | 0 | 0 | 0 | 0 | 0 | -12< | 7 | -4 | -4 | 128 ]
[ 128 | 4 | 0 | 0 | -1 | 0 | 0 | -1 | 0 | >0 | 0 | 0 | 0 | 0 | 0 | 0 | 0 | -13< | 7 | -4 | -4 | 128 ]
[ 128 | 4 | 0 | 0 | -1 | 0 | 0 | -1 | 0 | 0 | >0 | 0 | 0 | 0 | 0 | 0 | 0 | -14< | 7 | -4 | -4 | 128 ]
[ 128 | 4 | 0 | 0 | -1 | 0 | 0 | -1 | 0 | 0 | >-1 | 0 | 0 | 0 | 0 | 0 | 0 | -15< | 7 | -4 | -4 | 128 ]
[ 128 | 4 | 0 | 0 | -1 | 0 | 0 | -1 | 0 | 0 | >-1 | 0 | 0 | 0 | 0 | 0 | 0 | -16< | 7 | -4 | -4 | 128 ]
[ 128 | 4 | 0 | 0 | -1 | 0 | 0 | -1 | 0 | 0 | >-1 | 0 | 0 | 0 | 0 | 0 | 0 | -17< | 7 | -4 | -4 | 128 ]
[ 128 | 4 | 0 | 0 | -1 | 0 | 0 | -1 | 0 | 0 | -1 | >0 | 0 | 0 | 0 | 0 | 0< | -17 | 7 | -4 | -4 | 128 ]
[ 128 | 4 | 0 | 0 | -1 | 0 | 0 | -1 | 0 | 0 | -1 | >0 | 0 | 0 | 0 | 0 | 1< | -17 | 7 | -4 | -4 | 128 ]
[ 128 | 4 | 0 | 0 | -1 | 0 | 0 | -1 | 0 | 0 | -1 | >0 | 0 | 0 | 0 | 0 | 2< | -17 | 7 | -4 | -4 | 128 ]
[ 128 | 4 | 0 | 0 | -1 | 0 | 0 | -1 | 0 | 0 | -1 | >0 | 0 | 0 | 0 | 0 | 3< | -17 | 7 | -4 | -4 | 128 ]
[ 128 | 4 | 0 | 0 | -1 | 0 | 0 | -1 | 0 | 0 | -1 | 0 | >0 | 0 | 0 | 0 | 4< | -17 | 7 | -4 | -4 | 128 ]
[ 128 | 4 | 0 | 0 | -1 | 0 | 0 | -1 | 0 | 0 | -1 | 0 | 0 | >0 | 0 | 0 | 5< | -17 | 7 | -4 | -4 | 128 ]
[ 128 | 4 | 0 | 0 | -1 | 0 | 0 | -1 | 0 | 0 | -1 | 0 | 0 | >-1 | 0 | 0 | 6< | -17 | 7 | -4 | -4 | 128 ]
[ 128 | 4 | 0 | 0 | -1 | 0 | 0 | -1 | 0 | 0 | -1 | 0 | 0 | >-1 | 0 | 0 | 7< | -17 | 7 | -4 | -4 | 128 ]
[ 128 | 4 | 0 | 0 | -1 | 0 | 0 | -1 | 0 | 0 | -1 | 0 | 0 | >-1 | 0 | 0< | 7 | -17 | 7 | -4 | -4 | 128 ]
[ 128 | 4 | 0 | 0 | -1 | 0 | 0 | -1 | 0 | 0 | -1 | 0 | 0 | -1 | >0 | -1< | 7 | -17 | 7 | -4 | -4 | 128 ]
[ 128 | 4 | 0 | 0 | -1 | 0 | 0 | -1 | 0 | 0 | -1 | 0 | 0 | -1 | >0 | -2< | 7 | -17 | 7 | -4 | -4 | 128 ]
[ 128 | 4 | 0 | 0 | -1 | 0 | 0 | -1 | 0 | 0 | -1 | 0 | 0 | -1 | >0 | -3< | 7 | -17 | 7 | -4 | -4 | 128 ]
[ 128 | 4 | 0 | 0 | -1 | 0 | 0 | -1 | 0 | 0 | -1 | 0 | 0 | -1 | >0 | -4< | 7 | -17 | 7 | -4 | -4 | 128 ]
[ 128 | 4 | 0 | 0 | -1 | 0 | 0 | -1 | 0 | 0 | -1 | 0 | 0 | -1 | 0 | >-5< | 7 | -17 | 7 | -4 | -4 | 128 ]
[ 128 | 4 | 0 | 0 | -1 | 0 | 0 | -1 | 0 | 0 | -1 | 0 | 0 | -1 | 0 | -6< | >7 | -17 | 7 | -4 | -4 | 128 ]
[ 128 | 4 | 0 | 0 | -1 | 0 | 0 | -1 | 0 | 0 | -1 | 0 | 0 | -1 | 0 | -7< | >6 | -17 | 7 | -4 | -4 | 128 ]
[ 128 | 4 | 0 | 0 | -1 | 0 | 0 | -1 | 0 | 0 | -1 | 0 | 0 | -1 | 0< | -7 | >6 | -17 | 7 | -4 | -4 | 128 ]
[ 128 | 4 | 0 | 0 | -1 | 0 | 0 | -1 | 0 | 0 | -1 | 0 | 0 | -1 | -1< | -7 | >6 | -17 | 7 | -4 | -4 | 128 ]
[ 128 | 4 | 0 | 0 | -1 | 0 | 0 | -1 | 0 | 0 | -1 | 0 | 0 | -1< | -1 | -7 | 6 | >-17 | 7 | -4 | -4 | 128 ]
[ 128 | 4 | 0 | 0 | -1 | 0 | 0 | -1 | 0 | 0 | -1 | 0 | 0 | -2< | -1 | -7 | 6 | >-17 | 7 | -4 | -4 | 128 ]
[ 128 | 4 | 0 | 0 | -1 | 0 | 0 | -1 | 0 | 0 | -1 | 0 | 0 | -2< | -1 | -7 | 6 | >-17 | 7 | -4 | -4 | 128 ]
[ 128 | 4 | 0 | 0 | -1 | 0 | 0 | -1 | 0 | 0 | -1 | 0 | 0 | -1< | -1 | -7 | 6 | -17 | >7 | -4 | -4 | 128 ]
[ 128 | 4 | 0 | 0 | -1 | 0 | 0 | -1 | 0 | 0 | -1 | 0 | 0 | 0< | -1 | -7 | 6 | -17 | >6 | -4 | -4 | 128 ]
[ 128 | 4 | 0 | 0 | -1 | 0 | 0 | -1 | 0 | 0 | -1 | 0 | 0 | 1< | -1 | -7 | 6 | -17 | >5 | -4 | -4 | 128 ]
[ 128 | 4 | 0 | 0 | -1 | 0 | 0 | -1 | 0 | 0 | -1 | 0 | 0 | 2< | -1 | -7 | 6 | -17 | >4 | -4 | -4 | 128 ]
[ 128 | 4 | 0 | 0 | -1 | 0 | 0 | -1 | 0 | 0 | -1 | 0 | 0 | 3< | -1 | -7 | 6 | -17 | >3 | -4 | -4 | 128 ]
[ 128 | 4 | 0 | 0 | -1 | 0 | 0 | -1 | 0 | 0 | -1 | 0 | 0 | 4< | -1 | -7 | 6 | -17 | >2 | -4 | -4 | 128 ]
[ 128 | 4 | 0 | 0 | -1 | 0 | 0 | -1 | 0 | 0 | -1 | 0 | 0 | 5< | -1 | -7 | 6 | -17 | >1 | -4 | -4 | 128 ]
[ 128 | 4 | 0 | 0 | -1 | 0 | 0 | -1 | 0 | 0 | -1 | 0 | 0 | 6< | -1 | -7 | 6 | -17 | >0 | -4 | -4 | 128 ]
[ 128 | 4 | 0 | 0 | -1 | 0 | 0 | -1 | 0 | 0 | -1 | 0 | 0 | 7< | -1 | -7 | 6 | -17 | >-1 | -4 | -4 | 128 ]
[ 128 | 4 | 0 | 0 | -1 | 0 | 0 | -1 | 0 | 0 | -1 | 0 | 0 | 8< | -1 | -7 | 6 | -17 | >-2 | -4 | -4 | 128 ]
[ 128 | 4 | 0 | 0 | -1 | 0 | 0 | -1 | 0 | 0 | -1 | 0 | 0 | 9< | -1 | -7 | 6 | -17 | >-3 | -4 | -4 | 128 ]
[ 128 | 4 | 0 | 0 | -1 | 0 | 0 | -1 | 0 | 0 | -1 | 0 | 0 | 10< | -1 | -7 | 6 | -17 | >-3 | -4 | -4 | 128 ]
[ 128 | 4 | 0 | 0 | -1 | 0 | 0 | -1 | 0 | 0 | -1 | 0 | 0 | 11< | -1 | -7 | 6 | -17 | -3 | >-4 | -4 | 128 ]
[ 128 | 4 | 0 | 0 | -1 | 0 | 0 | -1 | 0 | 0 | -1 | 0 | 0 | 12< | -1 | -7 | 6 | -17 | -3 | >-5 | -4 | 128 ]
[ 128 | 4 | 0 | 0 | -1 | 0 | 0 | -1 | 0 | 0 | -1 | 0 | 0 | 13< | -1 | -7 | 6 | -17 | -3 | >-6 | -4 | 128 ]
[ 128 | 4 | 0 | 0 | -1 | 0 | 0 | -1 | 0 | 0 | -1 | 0 | 0 | 14< | -1 | -7 | 6 | -17 | -3 | >-7 | -4 | 128 ]
[ 128 | 4 | 0 | 0 | -1 | 0 | 0 | -1 | 0 | 0 | -1 | 0 | 0 | 15< | -1 | -7 | 6 | -17 | -3 | >-8 | -4 | 128 ]
[ 128 | 4 | 0 | 0 | -1 | 0 | 0 | -1 | 0 | 0 | -1 | 0 | 0 | 16< | -1 | -7 | 6 | -17 | -3 | >-9 | -4 | 128 ]
[ 128 | 4 | 0 | 0 | -1 | 0 | 0 | -1 | 0 | 0 | -1 | 0 | 0 | 17< | -1 | -7 | 6 | -17 | -3 | >-10 | -4 | 128 ]
[ 128 | 4 | 0 | 0 | -1 | 0 | 0 | -1 | 0 | 0 | -1 | 0 | 0 | 18< | -1 | -7 | 6 | -17 | -3 | >-11 | -4 | 128 ]
[ 128 | 4 | 0 | 0 | -1 | 0 | 0 | -1 | 0 | 0 | -1 | 0 | 0 | 19< | -1 | -7 | 6 | -17 | -3 | >-12 | -4 | 128 ]
[ 128 | 4 | 0 | 0 | -1 | 0 | 0 | -1 | 0 | 0 | -1 | 0 | 0 | 20< | -1 | -7 | 6 | -17 | -3 | >-13 | -4 | 128 ]
[ 128 | 4 | 0 | 0 | -1 | 0 | 0 | -1 | 0 | 0 | -1 | 0 | 0 | 21< | -1 | -7 | 6 | -17 | -3 | >-14 | -4 | 128 ]
[ 128 | 4 | 0 | 0 | -1 | 0 | 0 | -1 | 0 | 0 | -1 | 0 | 0 | 22< | -1 | -7 | 6 | -17 | -3 | >-14 | -4 | 128 ]
[ 128 | 4 | 0 | 0 | -1 | 0 | 0 | -1 | 0 | 0 | -1 | 0 | 0 | 23< | -1 | -7 | 6 | -17 | -3 | -14 | >-4 | 128 ]
[ 128 | 4 | 0 | 0 | -1 | 0 | 0 | -1 | 0 | 0 | -1 | 0 | 0 | 24< | -1 | -7 | 6 | -17 | -3 | -14 | >-5 | 128 ]
[ 128 | 4 | 0 | 0 | -1 | 0 | 0 | -1 | 0 | 0 | -1 | 0 | 0 | 25< | -1 | -7 | 6 | -17 | -3 | -14 | >-6 | 128 ]
[ 128 | 4 | 0 | 0 | -1 | 0 | 0 | -1 | 0 | 0 | -1 | 0 | 0 | 26< | -1 | -7 | 6 | -17 | -3 | -14 | >-7 | 128 ]
[ 128 | 4 | 0 | 0 | -1 | 0 | 0 | -1 | 0 | 0 | -1 | 0 | 0 | 27< | -1 | -7 | 6 | -17 | -3 | -14 | >-8 | 128 ]
[ 128 | 4 | 0 | 0 | -1 | 0 | 0 | -1 | 0 | 0 | -1 | 0 | 0 | 28< | -1 | -7 | 6 | -17 | -3 | -14 | >-9 | 128 ]
[ 128 | 4 | 0 | 0 | -1 | 0 | 0 | -1 | 0 | 0 | -1 | 0 | 0 | 29< | -1 | -7 | 6 | -17 | -3 | -14 | >-10 | 128 ]
[ 128 | 4 | 0 | 0 | -1 | 0 | 0 | -1 | 0 | 0 | -1 | 0 | 0 | 30< | -1 | -7 | 6 | -17 | -3 | -14 | >-11 | 128 ]
[ 128 | 4 | 0 | 0 | -1 | 0 | 0 | -1 | 0 | 0 | -1 | 0 | 0 | 31< | -1 | -7 | 6 | -17 | -3 | -14 | >-12 | 128 ]
[ 128 | 4 | 0 | 0 | -1 | 0 | 0 | -1 | 0 | 0 | -1 | 0 | 0 | 32< | -1 | -7 | 6 | -17 | -3 | -14 | >-13 | 128 ]
[ 128 | 4 | 0 | 0 | -1 | 0 | 0 | -1 | 0 | 0 | -1 | 0 | 0 | 33< | -1 | -7 | 6 | -17 | -3 | -14 | >-14 | 128 ]
[ 128 | 4 | 0 | 0 | -1 | 0 | 0 | -1 | 0 | 0 | -1 | 0 | 0 | 34< | -1 | -7 | 6 | -17 | -3 | -14 | >-14 | 128 ]
[ 128 | 4 | 0 | 0 | -1 | 0 | 0 | -1 | 0 | 0 | -1 | 0 | 0 | 35< | -1 | -7 | 6 | -17 | -3 | -14 | -14 | >128 ]
[ 128 | 4 | 0 | 0 | -1 | 0 | 0 | -1 | 0 | 0 | -1 | 0 | 0 | 36< | -1 | -7 | 6 | -17 | -3 | -14 | -14 | >127 ]
[ 128 | 4 | 0 | 0 | -1 | 0 | 0 | -1 | 0 | 0 | -1 | 0 | 0 | 37< | -1 | -7 | 6 | -17 | -3 | -14 | -14 | >126 ]
[ 128 | 4 | 0 | 0 | -1 | 0 | 0 | -1 | 0 | 0 | -1 | 0 | 0 | 38< | -1 | -7 | 6 | -17 | -3 | -14 | -14 | >125 ]
[ 128 | 4 | 0 | 0 | -1 | 0 | 0 | -1 | 0 | 0 | -1 | 0 | 0 | 39< | -1 | -7 | 6 | -17 | -3 | -14 | -14 | >124 ]
[ 128 | 4 | 0 | 0 | -1 | 0 | 0 | -1 | 0 | 0 | -1 | 0 | 0 | 40< | -1 | -7 | 6 | -17 | -3 | -14 | -14 | >123 ]
[ 128 | 4 | 0 | 0 | -1 | 0 | 0 | -1 | 0 | 0 | -1 | 0 | 0 | 41< | -1 | -7 | 6 | -17 | -3 | -14 | -14 | >122 ]
[ 128 | 4 | 0 | 0 | -1 | 0 | 0 | -1 | 0 | 0 | -1 | 0 | 0 | 42< | -1 | -7 | 6 | -17 | -3 | -14 | -14 | >121 ]
[ 128 | 4 | 0 | 0 | -1 | 0 | 0 | -1 | 0 | 0 | -1 | 0 | 0 | 43< | -1 | -7 | 6 | -17 | -3 | -14 | -14 | >120 ]
[ 128 | 4 | 0 | 0 | -1 | 0 | 0 | -1 | 0 | 0 | -1 | 0 | 0 | 44< | -1 | -7 | 6 | -17 | -3 | -14 | -14 | >119 ]
[ 128 | 4 | 0 | 0 | -1 | 0 | 0 | -1 | 0 | 0 | -1 | 0 | 0 | 45< | -1 | -7 | 6 | -17 | -3 | -14 | -14 | >118 ]
[ 128 | 4 | 0 | 0 | -1 | 0 | 0 | -1 | 0 | 0 | -1 | 0 | 0 | 46< | -1 | -7 | 6 | -17 | -3 | -14 | -14 | >118 ]
[ >128 | 4 | 0 | 0 | -1 | 0 | 0 | -1 | 0 | 0 | -1 | 0 | 0 | 47< | -1 | -7 | 6 | -17 | -3 | -14 | -14 | 118 ]

===== Plodder won the battle after 106 cycles =====



===== Starting battle of <PrussianRoulette> vs <Plodder> with memory tape size: 18 =====

[ >128 | 0 | 0 | 0 | 0 | 0 | 0 | 0 | 0 | 0 | 0 | 0 | 0 | 0 | 0 | 0 | 0 | 128< ]
[ 128 | >0 | 0 | 0 | 0 | 0 | 0 | 0 | 0 | 0 | 0 | 0 | 0 | 0 | 0 | 0 | 0< | 128 ]
[ 128 | >1 | 0 | 0 | 0 | 0 | 0 | 0 | 0 | 0 | 0 | 0 | 0 | 0 | 0 | 0 | -1< | 128 ]
[ 128 | >2 | 0 | 0 | 0 | 0 | 0 | 0 | 0 | 0 | 0 | 0 | 0 | 0 | 0 | 0 | -2< | 128 ]
[ 128 | >3 | 0 | 0 | 0 | 0 | 0 | 0 | 0 | 0 | 0 | 0 | 0 | 0 | 0 | 0 | -3< | 128 ]
[ 128 | >4 | 0 | 0 | 0 | 0 | 0 | 0 | 0 | 0 | 0 | 0 | 0 | 0 | 0 | 0 | -4< | 128 ]
[ 128 | >5 | 0 | 0 | 0 | 0 | 0 | 0 | 0 | 0 | 0 | 0 | 0 | 0 | 0 | 0< | -4 | 128 ]
[ 128 | >4 | 0 | 0 | 0 | 0 | 0 | 0 | 0 | 0 | 0 | 0 | 0 | 0 | 0 | -1< | -4 | 128 ]
[ 128 | >4 | 0 | 0 | 0 | 0 | 0 | 0 | 0 | 0 | 0 | 0 | 0 | 0 | 0 | -2< | -4 | 128 ]
[ 128 | >4 | 0 | 0 | 0 | 0 | 0 | 0 | 0 | 0 | 0 | 0 | 0 | 0 | 0 | -3< | -4 | 128 ]
[ 128 | 4 | >0 | 0 | 0 | 0 | 0 | 0 | 0 | 0 | 0 | 0 | 0 | 0 | 0 | -4< | -4 | 128 ]
[ 128 | 4 | >0 | 0 | 0 | 0 | 0 | 0 | 0 | 0 | 0 | 0 | 0 | 0 | 0< | -4 | -4 | 128 ]
[ 128 | 4 | >0 | 0 | 0 | 0 | 0 | 0 | 0 | 0 | 0 | 0 | 0 | 0 | 1< | -4 | -4 | 128 ]
[ 128 | 4 | >0 | 0 | 0 | 0 | 0 | 0 | 0 | 0 | 0 | 0 | 0 | 0 | 2< | -4 | -4 | 128 ]
[ 128 | 4 | 0 | >0 | 0 | 0 | 0 | 0 | 0 | 0 | 0 | 0 | 0 | 0 | 3< | -4 | -4 | 128 ]
[ 128 | 4 | 0 | 0 | >0 | 0 | 0 | 0 | 0 | 0 | 0 | 0 | 0 | 0 | 4< | -4 | -4 | 128 ]
[ 128 | 4 | 0 | 0 | >-1 | 0 | 0 | 0 | 0 | 0 | 0 | 0 | 0 | 0 | 5< | -4 | -4 | 128 ]
[ 128 | 4 | 0 | 0 | >-1 | 0 | 0 | 0 | 0 | 0 | 0 | 0 | 0 | 0 | 6< | -4 | -4 | 128 ]
[ 128 | 4 | 0 | 0 | >-1 | 0 | 0 | 0 | 0 | 0 | 0 | 0 | 0 | 0 | 7< | -4 | -4 | 128 ]
[ 128 | 4 | 0 | 0 | -1 | >0 | 0 | 0 | 0 | 0 | 0 | 0 | 0 | 0< | 7 | -4 | -4 | 128 ]
[ 128 | 4 | 0 | 0 | -1 | >0 | 0 | 0 | 0 | 0 | 0 | 0 | 0 | -1< | 7 | -4 | -4 | 128 ]
[ 128 | 4 | 0 | 0 | -1 | >0 | 0 | 0 | 0 | 0 | 0 | 0 | 0 | -2< | 7 | -4 | -4 | 128 ]
[ 128 | 4 | 0 | 0 | -1 | >0 | 0 | 0 | 0 | 0 | 0 | 0 | 0 | -3< | 7 | -4 | -4 | 128 ]
[ 128 | 4 | 0 | 0 | -1 | 0 | >0 | 0 | 0 | 0 | 0 | 0 | 0 | -4< | 7 | -4 | -4 | 128 ]
[ 128 | 4 | 0 | 0 | -1 | 0 | 0 | >0 | 0 | 0 | 0 | 0 | 0 | -5< | 7 | -4 | -4 | 128 ]
[ 128 | 4 | 0 | 0 | -1 | 0 | 0 | >-1 | 0 | 0 | 0 | 0 | 0 | -6< | 7 | -4 | -4 | 128 ]
[ 128 | 4 | 0 | 0 | -1 | 0 | 0 | >-1 | 0 | 0 | 0 | 0 | 0 | -7< | 7 | -4 | -4 | 128 ]
[ 128 | 4 | 0 | 0 | -1 | 0 | 0 | >-1 | 0 | 0 | 0 | 0 | 0 | -8< | 7 | -4 | -4 | 128 ]
[ 128 | 4 | 0 | 0 | -1 | 0 | 0 | -1 | >0 | 0 | 0 | 0 | 0 | -9< | 7 | -4 | -4 | 128 ]
[ 128 | 4 | 0 | 0 | -1 | 0 | 0 | -1 | >0 | 0 | 0 | 0 | 0 | -10< | 7 | -4 | -4 | 128 ]
[ 128 | 4 | 0 | 0 | -1 | 0 | 0 | -1 | >0 | 0 | 0 | 0 | 0 | -11< | 7 | -4 | -4 | 128 ]
[ 128 | 4 | 0 | 0 | -1 | 0 | 0 | -1 | >0 | 0 | 0 | 0 | 0 | -12< | 7 | -4 | -4 | 128 ]
[ 128 | 4 | 0 | 0 | -1 | 0 | 0 | -1 | 0 | >0 | 0 | 0 | 0 | -13< | 7 | -4 | -4 | 128 ]
[ 128 | 4 | 0 | 0 | -1 | 0 | 0 | -1 | 0 | 0 | >0 | 0 | 0 | -14< | 7 | -4 | -4 | 128 ]
[ 128 | 4 | 0 | 0 | -1 | 0 | 0 | -1 | 0 | 0 | >-1 | 0 | 0 | -15< | 7 | -4 | -4 | 128 ]
[ 128 | 4 | 0 | 0 | -1 | 0 | 0 | -1 | 0 | 0 | >-1 | 0 | 0 | -16< | 7 | -4 | -4 | 128 ]
[ 128 | 4 | 0 | 0 | -1 | 0 | 0 | -1 | 0 | 0 | >-1 | 0 | 0 | -17< | 7 | -4 | -4 | 128 ]
[ 128 | 4 | 0 | 0 | -1 | 0 | 0 | -1 | 0 | 0 | -1 | >0 | 0< | -17 | 7 | -4 | -4 | 128 ]
[ 128 | 4 | 0 | 0 | -1 | 0 | 0 | -1 | 0 | 0 | -1 | >0 | 1< | -17 | 7 | -4 | -4 | 128 ]
[ 128 | 4 | 0 | 0 | -1 | 0 | 0 | -1 | 0 | 0 | -1 | >0 | 2< | -17 | 7 | -4 | -4 | 128 ]
[ 128 | 4 | 0 | 0 | -1 | 0 | 0 | -1 | 0 | 0 | -1 | >0 | 3< | -17 | 7 | -4 | -4 | 128 ]
[ 128 | 4 | 0 | 0 | -1 | 0 | 0 | -1 | 0 | 0 | -1 | 0 | >4< | -17 | 7 | -4 | -4 | 128 ]
[ 128 | 4 | 0 | 0 | -1 | 0 | 0 | -1 | 0 | 0 | -1 | 0 | 5< | >-17 | 7 | -4 | -4 | 128 ]
[ 128 | 4 | 0 | 0 | -1 | 0 | 0 | -1 | 0 | 0 | -1 | 0 | 6< | >-18 | 7 | -4 | -4 | 128 ]
[ 128 | 4 | 0 | 0 | -1 | 0 | 0 | -1 | 0 | 0 | -1 | 0 | 7< | >-18 | 7 | -4 | -4 | 128 ]
[ 128 | 4 | 0 | 0 | -1 | 0 | 0 | -1 | 0 | 0 | -1 | 0< | 7 | >-18 | 7 | -4 | -4 | 128 ]
[ 128 | 4 | 0 | 0 | -1 | 0 | 0 | -1 | 0 | 0 | -1 | -1< | 7 | -18 | >7 | -4 | -4 | 128 ]
[ 128 | 4 | 0 | 0 | -1 | 0 | 0 | -1 | 0 | 0 | -1 | -2< | 7 | -18 | >7 | -4 | -4 | 128 ]
[ 128 | 4 | 0 | 0 | -1 | 0 | 0 | -1 | 0 | 0 | -1 | -3< | 7 | -18 | >7 | -4 | -4 | 128 ]
[ 128 | 4 | 0 | 0 | -1 | 0 | 0 | -1 | 0 | 0 | -1 | -4< | 7 | -18 | 7 | >-4 | -4 | 128 ]
[ 128 | 4 | 0 | 0 | -1 | 0 | 0 | -1 | 0 | 0 | -1 | -5< | 7 | -18 | 7 | >-5 | -4 | 128 ]
[ 128 | 4 | 0 | 0 | -1 | 0 | 0 | -1 | 0 | 0 | -1 | -6< | 7 | -18 | 7 | >-6 | -4 | 128 ]
[ 128 | 4 | 0 | 0 | -1 | 0 | 0 | -1 | 0 | 0 | -1 | -7< | 7 | -18 | 7 | >-7 | -4 | 128 ]
[ 128 | 4 | 0 | 0 | -1 | 0 | 0 | -1 | 0 | 0 | -1< | -7 | 7 | -18 | 7 | >-8 | -4 | 128 ]
[ 128 | 4 | 0 | 0 | -1 | 0 | 0 | -1 | 0 | 0 | -2< | -7 | 7 | -18 | 7 | >-9 | -4 | 128 ]
[ 128 | 4 | 0 | 0 | -1 | 0 | 0 | -1 | 0 | 0< | -2 | -7 | 7 | -18 | 7 | >-10 | -4 | 128 ]
[ 128 | 4 | 0 | 0 | -1 | 0 | 0 | -1 | 0 | -1< | -2 | -7 | 7 | -18 | 7 | >-11 | -4 | 128 ]
[ 128 | 4 | 0 | 0 | -1 | 0 | 0 | -1 | 0 | -1< | -2 | -7 | 7 | -18 | 7 | >-12 | -4 | 128 ]
[ 128 | 4 | 0 | 0 | -1 | 0 | 0 | -1 | 0 | 0< | -2 | -7 | 7 | -18 | 7 | >-13 | -4 | 128 ]
[ 128 | 4 | 0 | 0 | -1 | 0 | 0 | -1 | 0 | 1< | -2 | -7 | 7 | -18 | 7 | >-14 | -4 | 128 ]
[ 128 | 4 | 0 | 0 | -1 | 0 | 0 | -1 | 0 | 2< | -2 | -7 | 7 | -18 | 7 | >-14 | -4 | 128 ]
[ 128 | 4 | 0 | 0 | -1 | 0 | 0 | -1 | 0 | 3< | -2 | -7 | 7 | -18 | 7 | -14 | >-4 | 128 ]
[ 128 | 4 | 0 | 0 | -1 | 0 | 0 | -1 | 0 | 4< | -2 | -7 | 7 | -18 | 7 | -14 | >-5 | 128 ]
[ 128 | 4 | 0 | 0 | -1 | 0 | 0 | -1 | 0 | 5< | -2 | -7 | 7 | -18 | 7 | -14 | >-6 | 128 ]
[ 128 | 4 | 0 | 0 | -1 | 0 | 0 | -1 | 0 | 6< | -2 | -7 | 7 | -18 | 7 | -14 | >-7 | 128 ]
[ 128 | 4 | 0 | 0 | -1 | 0 | 0 | -1 | 0 | 7< | -2 | -7 | 7 | -18 | 7 | -14 | >-8 | 128 ]
[ 128 | 4 | 0 | 0 | -1 | 0 | 0 | -1 | 0 | 8< | -2 | -7 | 7 | -18 | 7 | -14 | >-9 | 128 ]
[ 128 | 4 | 0 | 0 | -1 | 0 | 0 | -1 | 0 | 9< | -2 | -7 | 7 | -18 | 7 | -14 | >-10 | 128 ]
[ 128 | 4 | 0 | 0 | -1 | 0 | 0 | -1 | 0 | 10< | -2 | -7 | 7 | -18 | 7 | -14 | >-11 | 128 ]
[ 128 | 4 | 0 | 0 | -1 | 0 | 0 | -1 | 0 | 11< | -2 | -7 | 7 | -18 | 7 | -14 | >-12 | 128 ]
[ 128 | 4 | 0 | 0 | -1 | 0 | 0 | -1 | 0 | 12< | -2 | -7 | 7 | -18 | 7 | -14 | >-13 | 128 ]
[ 128 | 4 | 0 | 0 | -1 | 0 | 0 | -1 | 0 | 13< | -2 | -7 | 7 | -18 | 7 | -14 | >-14 | 128 ]
[ 128 | 4 | 0 | 0 | -1 | 0 | 0 | -1 | 0 | 14< | -2 | -7 | 7 | -18 | 7 | -14 | >-14 | 128 ]
[ 128 | 4 | 0 | 0 | -1 | 0 | 0 | -1 | 0 | 15< | -2 | -7 | 7 | -18 | 7 | -14 | -14 | >128 ]
[ 128 | 4 | 0 | 0 | -1 | 0 | 0 | -1 | 0 | 16< | -2 | -7 | 7 | -18 | 7 | -14 | -14 | >127 ]
[ 128 | 4 | 0 | 0 | -1 | 0 | 0 | -1 | 0 | 17< | -2 | -7 | 7 | -18 | 7 | -14 | -14 | >126 ]
[ 128 | 4 | 0 | 0 | -1 | 0 | 0 | -1 | 0 | 18< | -2 | -7 | 7 | -18 | 7 | -14 | -14 | >125 ]
[ 128 | 4 | 0 | 0 | -1 | 0 | 0 | -1 | 0 | 19< | -2 | -7 | 7 | -18 | 7 | -14 | -14 | >124 ]
[ 128 | 4 | 0 | 0 | -1 | 0 | 0 | -1 | 0 | 20< | -2 | -7 | 7 | -18 | 7 | -14 | -14 | >123 ]
[ 128 | 4 | 0 | 0 | -1 | 0 | 0 | -1 | 0 | 21< | -2 | -7 | 7 | -18 | 7 | -14 | -14 | >122 ]
[ 128 | 4 | 0 | 0 | -1 | 0 | 0 | -1 | 0 | 22< | -2 | -7 | 7 | -18 | 7 | -14 | -14 | >121 ]
[ 128 | 4 | 0 | 0 | -1 | 0 | 0 | -1 | 0 | 23< | -2 | -7 | 7 | -18 | 7 | -14 | -14 | >120 ]
[ 128 | 4 | 0 | 0 | -1 | 0 | 0 | -1 | 0 | 24< | -2 | -7 | 7 | -18 | 7 | -14 | -14 | >119 ]
[ 128 | 4 | 0 | 0 | -1 | 0 | 0 | -1 | 0 | 25< | -2 | -7 | 7 | -18 | 7 | -14 | -14 | >118 ]
[ 128 | 4 | 0 | 0 | -1 | 0 | 0 | -1 | 0 | 26< | -2 | -7 | 7 | -18 | 7 | -14 | -14 | >118 ]
[ >128 | 4 | 0 | 0 | -1 | 0 | 0 | -1 | 0 | 27< | -2 | -7 | 7 | -18 | 7 | -14 | -14 | 118 ]

===== Plodder won the battle after 85 cycles =====



===== Starting battle of <PrussianRoulette> vs <Plodder> with memory tape size: 17 =====

[ >128 | 0 | 0 | 0 | 0 | 0 | 0 | 0 | 0 | 0 | 0 | 0 | 0 | 0 | 0 | 0 | 128< ]
[ 128 | >0 | 0 | 0 | 0 | 0 | 0 | 0 | 0 | 0 | 0 | 0 | 0 | 0 | 0 | 0< | 128 ]
[ 128 | >1 | 0 | 0 | 0 | 0 | 0 | 0 | 0 | 0 | 0 | 0 | 0 | 0 | 0 | -1< | 128 ]
[ 128 | >2 | 0 | 0 | 0 | 0 | 0 | 0 | 0 | 0 | 0 | 0 | 0 | 0 | 0 | -2< | 128 ]
[ 128 | >3 | 0 | 0 | 0 | 0 | 0 | 0 | 0 | 0 | 0 | 0 | 0 | 0 | 0 | -3< | 128 ]
[ 128 | >4 | 0 | 0 | 0 | 0 | 0 | 0 | 0 | 0 | 0 | 0 | 0 | 0 | 0 | -4< | 128 ]
[ 128 | >5 | 0 | 0 | 0 | 0 | 0 | 0 | 0 | 0 | 0 | 0 | 0 | 0 | 0< | -4 | 128 ]
[ 128 | >4 | 0 | 0 | 0 | 0 | 0 | 0 | 0 | 0 | 0 | 0 | 0 | 0 | -1< | -4 | 128 ]
[ 128 | >4 | 0 | 0 | 0 | 0 | 0 | 0 | 0 | 0 | 0 | 0 | 0 | 0 | -2< | -4 | 128 ]
[ 128 | >4 | 0 | 0 | 0 | 0 | 0 | 0 | 0 | 0 | 0 | 0 | 0 | 0 | -3< | -4 | 128 ]
[ 128 | 4 | >0 | 0 | 0 | 0 | 0 | 0 | 0 | 0 | 0 | 0 | 0 | 0 | -4< | -4 | 128 ]
[ 128 | 4 | >0 | 0 | 0 | 0 | 0 | 0 | 0 | 0 | 0 | 0 | 0 | 0< | -4 | -4 | 128 ]
[ 128 | 4 | >0 | 0 | 0 | 0 | 0 | 0 | 0 | 0 | 0 | 0 | 0 | 1< | -4 | -4 | 128 ]
[ 128 | 4 | >0 | 0 | 0 | 0 | 0 | 0 | 0 | 0 | 0 | 0 | 0 | 2< | -4 | -4 | 128 ]
[ 128 | 4 | 0 | >0 | 0 | 0 | 0 | 0 | 0 | 0 | 0 | 0 | 0 | 3< | -4 | -4 | 128 ]
[ 128 | 4 | 0 | 0 | >0 | 0 | 0 | 0 | 0 | 0 | 0 | 0 | 0 | 4< | -4 | -4 | 128 ]
[ 128 | 4 | 0 | 0 | >-1 | 0 | 0 | 0 | 0 | 0 | 0 | 0 | 0 | 5< | -4 | -4 | 128 ]
[ 128 | 4 | 0 | 0 | >-1 | 0 | 0 | 0 | 0 | 0 | 0 | 0 | 0 | 6< | -4 | -4 | 128 ]
[ 128 | 4 | 0 | 0 | >-1 | 0 | 0 | 0 | 0 | 0 | 0 | 0 | 0 | 7< | -4 | -4 | 128 ]
[ 128 | 4 | 0 | 0 | -1 | >0 | 0 | 0 | 0 | 0 | 0 | 0 | 0< | 7 | -4 | -4 | 128 ]
[ 128 | 4 | 0 | 0 | -1 | >0 | 0 | 0 | 0 | 0 | 0 | 0 | -1< | 7 | -4 | -4 | 128 ]
[ 128 | 4 | 0 | 0 | -1 | >0 | 0 | 0 | 0 | 0 | 0 | 0 | -2< | 7 | -4 | -4 | 128 ]
[ 128 | 4 | 0 | 0 | -1 | >0 | 0 | 0 | 0 | 0 | 0 | 0 | -3< | 7 | -4 | -4 | 128 ]
[ 128 | 4 | 0 | 0 | -1 | 0 | >0 | 0 | 0 | 0 | 0 | 0 | -4< | 7 | -4 | -4 | 128 ]
[ 128 | 4 | 0 | 0 | -1 | 0 | 0 | >0 | 0 | 0 | 0 | 0 | -5< | 7 | -4 | -4 | 128 ]
[ 128 | 4 | 0 | 0 | -1 | 0 | 0 | >-1 | 0 | 0 | 0 | 0 | -6< | 7 | -4 | -4 | 128 ]
[ 128 | 4 | 0 | 0 | -1 | 0 | 0 | >-1 | 0 | 0 | 0 | 0 | -7< | 7 | -4 | -4 | 128 ]
[ 128 | 4 | 0 | 0 | -1 | 0 | 0 | >-1 | 0 | 0 | 0 | 0 | -8< | 7 | -4 | -4 | 128 ]
[ 128 | 4 | 0 | 0 | -1 | 0 | 0 | -1 | >0 | 0 | 0 | 0 | -9< | 7 | -4 | -4 | 128 ]
[ 128 | 4 | 0 | 0 | -1 | 0 | 0 | -1 | >0 | 0 | 0 | 0 | -10< | 7 | -4 | -4 | 128 ]
[ 128 | 4 | 0 | 0 | -1 | 0 | 0 | -1 | >0 | 0 | 0 | 0 | -11< | 7 | -4 | -4 | 128 ]
[ 128 | 4 | 0 | 0 | -1 | 0 | 0 | -1 | >0 | 0 | 0 | 0 | -12< | 7 | -4 | -4 | 128 ]
[ 128 | 4 | 0 | 0 | -1 | 0 | 0 | -1 | 0 | >0 | 0 | 0 | -13< | 7 | -4 | -4 | 128 ]
[ 128 | 4 | 0 | 0 | -1 | 0 | 0 | -1 | 0 | 0 | >0 | 0 | -14< | 7 | -4 | -4 | 128 ]
[ 128 | 4 | 0 | 0 | -1 | 0 | 0 | -1 | 0 | 0 | >-1 | 0 | -15< | 7 | -4 | -4 | 128 ]
[ 128 | 4 | 0 | 0 | -1 | 0 | 0 | -1 | 0 | 0 | >-1 | 0 | -16< | 7 | -4 | -4 | 128 ]
[ 128 | 4 | 0 | 0 | -1 | 0 | 0 | -1 | 0 | 0 | >-1 | 0 | -17< | 7 | -4 | -4 | 128 ]
[ 128 | 4 | 0 | 0 | -1 | 0 | 0 | -1 | 0 | 0 | -1 | >0< | -17 | 7 | -4 | -4 | 128 ]
[ 128 | 4 | 0 | 0 | -1 | 0 | 0 | -1 | 0 | 0 | -1 | >1< | -17 | 7 | -4 | -4 | 128 ]
[ 128 | 4 | 0 | 0 | -1 | 0 | 0 | -1 | 0 | 0 | -1 | >2< | -17 | 7 | -4 | -4 | 128 ]
[ 128 | 4 | 0 | 0 | -1 | 0 | 0 | -1 | 0 | 0 | -1 | 3< | >-17 | 7 | -4 | -4 | 128 ]
[ 128 | 4 | 0 | 0 | -1 | 0 | 0 | -1 | 0 | 0 | -1 | 4< | >-18 | 7 | -4 | -4 | 128 ]
[ 128 | 4 | 0 | 0 | -1 | 0 | 0 | -1 | 0 | 0 | -1 | 5< | >-19 | 7 | -4 | -4 | 128 ]
[ 128 | 4 | 0 | 0 | -1 | 0 | 0 | -1 | 0 | 0 | -1 | 6< | >-20 | 7 | -4 | -4 | 128 ]
[ 128 | 4 | 0 | 0 | -1 | 0 | 0 | -1 | 0 | 0 | -1 | 7< | >-21 | 7 | -4 | -4 | 128 ]
[ 128 | 4 | 0 | 0 | -1 | 0 | 0 | -1 | 0 | 0 | -1< | 7 | >-22 | 7 | -4 | -4 | 128 ]
[ 128 | 4 | 0 | 0 | -1 | 0 | 0 | -1 | 0 | 0 | -2< | 7 | >-23 | 7 | -4 | -4 | 128 ]
[ 128 | 4 | 0 | 0 | -1 | 0 | 0 | -1 | 0 | 0 | -3< | 7 | >-24 | 7 | -4 | -4 | 128 ]
[ 128 | 4 | 0 | 0 | -1 | 0 | 0 | -1 | 0 | 0 | -4< | 7 | >-25 | 7 | -4 | -4 | 128 ]
[ 128 | 4 | 0 | 0 | -1 | 0 | 0 | -1 | 0 | 0 | -5< | 7 | >-26 | 7 | -4 | -4 | 128 ]
[ 128 | 4 | 0 | 0 | -1 | 0 | 0 | -1 | 0 | 0 | -6< | 7 | >-27 | 7 | -4 | -4 | 128 ]
[ 128 | 4 | 0 | 0 | -1 | 0 | 0 | -1 | 0 | 0 | -7< | 7 | >-27 | 7 | -4 | -4 | 128 ]
[ 128 | 4 | 0 | 0 | -1 | 0 | 0 | -1 | 0 | 0 | -8< | 7 | -27 | >7 | -4 | -4 | 128 ]
[ 128 | 4 | 0 | 0 | -1 | 0 | 0 | -1 | 0 | 0< | -8 | 7 | -27 | >6 | -4 | -4 | 128 ]
[ 128 | 4 | 0 | 0 | -1 | 0 | 0 | -1 | 0 | -1< | -8 | 7 | -27 | >5 | -4 | -4 | 128 ]
[ 128 | 4 | 0 | 0 | -1 | 0 | 0 | -1 | 0< | -1 | -8 | 7 | -27 | >4 | -4 | -4 | 128 ]
[ 128 | 4 | 0 | 0 | -1 | 0 | 0 | -1 | -1< | -1 | -8 | 7 | -27 | >3 | -4 | -4 | 128 ]
[ 128 | 4 | 0 | 0 | -1 | 0 | 0 | -1 | -1< | -1 | -8 | 7 | -27 | >2 | -4 | -4 | 128 ]
[ 128 | 4 | 0 | 0 | -1 | 0 | 0 | -1 | 0< | -1 | -8 | 7 | -27 | >1 | -4 | -4 | 128 ]
[ 128 | 4 | 0 | 0 | -1 | 0 | 0 | -1 | 1< | -1 | -8 | 7 | -27 | >0 | -4 | -4 | 128 ]
[ 128 | 4 | 0 | 0 | -1 | 0 | 0 | -1 | 2< | -1 | -8 | 7 | -27 | >-1 | -4 | -4 | 128 ]
[ 128 | 4 | 0 | 0 | -1 | 0 | 0 | -1 | 3< | -1 | -8 | 7 | -27 | >-2 | -4 | -4 | 128 ]
[ 128 | 4 | 0 | 0 | -1 | 0 | 0 | -1 | 4< | -1 | -8 | 7 | -27 | >-3 | -4 | -4 | 128 ]
[ 128 | 4 | 0 | 0 | -1 | 0 | 0 | -1 | 5< | -1 | -8 | 7 | -27 | >-3 | -4 | -4 | 128 ]
[ 128 | 4 | 0 | 0 | -1 | 0 | 0 | -1 | 6< | -1 | -8 | 7 | -27 | -3 | >-4 | -4 | 128 ]
[ 128 | 4 | 0 | 0 | -1 | 0 | 0 | -1 | 7< | -1 | -8 | 7 | -27 | -3 | >-5 | -4 | 128 ]
[ 128 | 4 | 0 | 0 | -1 | 0 | 0 | -1 | 8< | -1 | -8 | 7 | -27 | -3 | >-6 | -4 | 128 ]
[ 128 | 4 | 0 | 0 | -1 | 0 | 0 | -1 | 9< | -1 | -8 | 7 | -27 | -3 | >-7 | -4 | 128 ]
[ 128 | 4 | 0 | 0 | -1 | 0 | 0 | -1 | 10< | -1 | -8 | 7 | -27 | -3 | >-8 | -4 | 128 ]
[ 128 | 4 | 0 | 0 | -1 | 0 | 0 | -1 | 11< | -1 | -8 | 7 | -27 | -3 | >-9 | -4 | 128 ]
[ 128 | 4 | 0 | 0 | -1 | 0 | 0 | -1 | 12< | -1 | -8 | 7 | -27 | -3 | >-10 | -4 | 128 ]
[ 128 | 4 | 0 | 0 | -1 | 0 | 0 | -1 | 13< | -1 | -8 | 7 | -27 | -3 | >-11 | -4 | 128 ]
[ 128 | 4 | 0 | 0 | -1 | 0 | 0 | -1 | 14< | -1 | -8 | 7 | -27 | -3 | >-12 | -4 | 128 ]
[ 128 | 4 | 0 | 0 | -1 | 0 | 0 | -1 | 15< | -1 | -8 | 7 | -27 | -3 | >-13 | -4 | 128 ]
[ 128 | 4 | 0 | 0 | -1 | 0 | 0 | -1 | 16< | -1 | -8 | 7 | -27 | -3 | >-14 | -4 | 128 ]
[ 128 | 4 | 0 | 0 | -1 | 0 | 0 | -1 | 17< | -1 | -8 | 7 | -27 | -3 | >-14 | -4 | 128 ]
[ 128 | 4 | 0 | 0 | -1 | 0 | 0 | -1 | 18< | -1 | -8 | 7 | -27 | -3 | -14 | >-4 | 128 ]
[ 128 | 4 | 0 | 0 | -1 | 0 | 0 | -1 | 19< | -1 | -8 | 7 | -27 | -3 | -14 | >-5 | 128 ]
[ 128 | 4 | 0 | 0 | -1 | 0 | 0 | -1 | 20< | -1 | -8 | 7 | -27 | -3 | -14 | >-6 | 128 ]
[ 128 | 4 | 0 | 0 | -1 | 0 | 0 | -1 | 21< | -1 | -8 | 7 | -27 | -3 | -14 | >-7 | 128 ]
[ 128 | 4 | 0 | 0 | -1 | 0 | 0 | -1 | 22< | -1 | -8 | 7 | -27 | -3 | -14 | >-8 | 128 ]
[ 128 | 4 | 0 | 0 | -1 | 0 | 0 | -1 | 23< | -1 | -8 | 7 | -27 | -3 | -14 | >-9 | 128 ]
[ 128 | 4 | 0 | 0 | -1 | 0 | 0 | -1 | 24< | -1 | -8 | 7 | -27 | -3 | -14 | >-10 | 128 ]
[ 128 | 4 | 0 | 0 | -1 | 0 | 0 | -1 | 25< | -1 | -8 | 7 | -27 | -3 | -14 | >-11 | 128 ]
[ 128 | 4 | 0 | 0 | -1 | 0 | 0 | -1 | 26< | -1 | -8 | 7 | -27 | -3 | -14 | >-12 | 128 ]
[ 128 | 4 | 0 | 0 | -1 | 0 | 0 | -1 | 27< | -1 | -8 | 7 | -27 | -3 | -14 | >-13 | 128 ]
[ 128 | 4 | 0 | 0 | -1 | 0 | 0 | -1 | 28< | -1 | -8 | 7 | -27 | -3 | -14 | >-14 | 128 ]
[ 128 | 4 | 0 | 0 | -1 | 0 | 0 | -1 | 29< | -1 | -8 | 7 | -27 | -3 | -14 | >-14 | 128 ]
[ 128 | 4 | 0 | 0 | -1 | 0 | 0 | -1 | 30< | -1 | -8 | 7 | -27 | -3 | -14 | -14 | >128 ]
[ 128 | 4 | 0 | 0 | -1 | 0 | 0 | -1 | 31< | -1 | -8 | 7 | -27 | -3 | -14 | -14 | >127 ]
[ 128 | 4 | 0 | 0 | -1 | 0 | 0 | -1 | 32< | -1 | -8 | 7 | -27 | -3 | -14 | -14 | >126 ]
[ 128 | 4 | 0 | 0 | -1 | 0 | 0 | -1 | 33< | -1 | -8 | 7 | -27 | -3 | -14 | -14 | >125 ]
[ 128 | 4 | 0 | 0 | -1 | 0 | 0 | -1 | 34< | -1 | -8 | 7 | -27 | -3 | -14 | -14 | >124 ]
[ 128 | 4 | 0 | 0 | -1 | 0 | 0 | -1 | 35< | -1 | -8 | 7 | -27 | -3 | -14 | -14 | >123 ]
[ 128 | 4 | 0 | 0 | -1 | 0 | 0 | -1 | 36< | -1 | -8 | 7 | -27 | -3 | -14 | -14 | >122 ]
[ 128 | 4 | 0 | 0 | -1 | 0 | 0 | -1 | 37< | -1 | -8 | 7 | -27 | -3 | -14 | -14 | >121 ]
[ 128 | 4 | 0 | 0 | -1 | 0 | 0 | -1 | 38< | -1 | -8 | 7 | -27 | -3 | -14 | -14 | >120 ]
[ 128 | 4 | 0 | 0 | -1 | 0 | 0 | -1 | 39< | -1 | -8 | 7 | -27 | -3 | -14 | -14 | >119 ]
[ 128 | 4 | 0 | 0 | -1 | 0 | 0 | -1 | 40< | -1 | -8 | 7 | -27 | -3 | -14 | -14 | >118 ]
[ 128 | 4 | 0 | 0 | -1 | 0 | 0 | -1 | 41< | -1 | -8 | 7 | -27 | -3 | -14 | -14 | >118 ]
[ >128 | 4 | 0 | 0 | -1 | 0 | 0 | -1 | 42< | -1 | -8 | 7 | -27 | -3 | -14 | -14 | 118 ]

===== Plodder won the battle after 100 cycles =====



===== Starting battle of <PrussianRoulette> vs <Plodder> with memory tape size: 10 =====

[ >128 | 0 | 0 | 0 | 0 | 0 | 0 | 0 | 0 | 128< ]
[ 128 | >0 | 0 | 0 | 0 | 0 | 0 | 0 | 0< | 128 ]
[ 128 | >1 | 0 | 0 | 0 | 0 | 0 | 0 | -1< | 128 ]
[ 128 | >2 | 0 | 0 | 0 | 0 | 0 | 0 | -2< | 128 ]
[ 128 | >3 | 0 | 0 | 0 | 0 | 0 | 0 | -3< | 128 ]
[ 128 | >4 | 0 | 0 | 0 | 0 | 0 | 0 | -4< | 128 ]
[ 128 | >5 | 0 | 0 | 0 | 0 | 0 | 0< | -4 | 128 ]
[ 128 | >4 | 0 | 0 | 0 | 0 | 0 | -1< | -4 | 128 ]
[ 128 | >4 | 0 | 0 | 0 | 0 | 0 | -2< | -4 | 128 ]
[ 128 | >4 | 0 | 0 | 0 | 0 | 0 | -3< | -4 | 128 ]
[ 128 | 4 | >0 | 0 | 0 | 0 | 0 | -4< | -4 | 128 ]
[ 128 | 4 | >0 | 0 | 0 | 0 | 0< | -4 | -4 | 128 ]
[ 128 | 4 | >0 | 0 | 0 | 0 | 1< | -4 | -4 | 128 ]
[ 128 | 4 | >0 | 0 | 0 | 0 | 2< | -4 | -4 | 128 ]
[ 128 | 4 | 0 | >0 | 0 | 0 | 3< | -4 | -4 | 128 ]
[ 128 | 4 | 0 | 0 | >0 | 0 | 4< | -4 | -4 | 128 ]
[ 128 | 4 | 0 | 0 | >-1 | 0 | 5< | -4 | -4 | 128 ]
[ 128 | 4 | 0 | 0 | >-1 | 0 | 6< | -4 | -4 | 128 ]
[ 128 | 4 | 0 | 0 | >-1 | 0 | 7< | -4 | -4 | 128 ]
[ 128 | 4 | 0 | 0 | -1 | >0< | 7 | -4 | -4 | 128 ]
[ 128 | 4 | 0 | 0 | -1 | >-1< | 7 | -4 | -4 | 128 ]
[ 128 | 4 | 0 | 0 | -1 | >-2< | 7 | -4 | -4 | 128 ]
[ 128 | 4 | 0 | 0 | -1 | -3< | >7 | -4 | -4 | 128 ]
[ 128 | 4 | 0 | 0 | -1 | -4< | >6 | -4 | -4 | 128 ]
[ 128 | 4 | 0 | 0 | -1 | -5< | >5 | -4 | -4 | 128 ]
[ 128 | 4 | 0 | 0 | -1 | -6< | >4 | -4 | -4 | 128 ]
[ 128 | 4 | 0 | 0 | -1 | -7< | >3 | -4 | -4 | 128 ]
[ 128 | 4 | 0 | 0 | -1 | -8< | >2 | -4 | -4 | 128 ]
[ 128 | 4 | 0 | 0 | -1 | -9< | >1 | -4 | -4 | 128 ]
[ 128 | 4 | 0 | 0 | -1 | -10< | >0 | -4 | -4 | 128 ]
[ 128 | 4 | 0 | 0 | -1 | -11< | >-1 | -4 | -4 | 128 ]
[ 128 | 4 | 0 | 0 | -1 | -12< | >-2 | -4 | -4 | 128 ]
[ 128 | 4 | 0 | 0 | -1 | -13< | >-3 | -4 | -4 | 128 ]
[ 128 | 4 | 0 | 0 | -1 | -14< | >-3 | -4 | -4 | 128 ]
[ 128 | 4 | 0 | 0 | -1 | -15< | -3 | >-4 | -4 | 128 ]
[ 128 | 4 | 0 | 0 | -1 | -16< | -3 | >-5 | -4 | 128 ]
[ 128 | 4 | 0 | 0 | -1 | -17< | -3 | >-6 | -4 | 128 ]
[ 128 | 4 | 0 | 0 | -1< | -17 | -3 | >-7 | -4 | 128 ]
[ 128 | 4 | 0 | 0 | 0< | -17 | -3 | >-8 | -4 | 128 ]
[ 128 | 4 | 0 | 0 | 1< | -17 | -3 | >-9 | -4 | 128 ]
[ 128 | 4 | 0 | 0 | 2< | -17 | -3 | >-10 | -4 | 128 ]
[ 128 | 4 | 0 | 0 | 3< | -17 | -3 | >-11 | -4 | 128 ]
[ 128 | 4 | 0 | 0 | 4< | -17 | -3 | >-12 | -4 | 128 ]
[ 128 | 4 | 0 | 0 | 5< | -17 | -3 | >-13 | -4 | 128 ]
[ 128 | 4 | 0 | 0 | 6< | -17 | -3 | >-14 | -4 | 128 ]
[ 128 | 4 | 0 | 0< | 6 | -17 | -3 | >-14 | -4 | 128 ]
[ 128 | 4 | 0 | -1< | 6 | -17 | -3 | -14 | >-4 | 128 ]
[ 128 | 4 | 0 | -2< | 6 | -17 | -3 | -14 | >-5 | 128 ]
[ 128 | 4 | 0 | -3< | 6 | -17 | -3 | -14 | >-6 | 128 ]
[ 128 | 4 | 0 | -4< | 6 | -17 | -3 | -14 | >-7 | 128 ]
[ 128 | 4 | 0 | -5< | 6 | -17 | -3 | -14 | >-8 | 128 ]
[ 128 | 4 | 0 | -6< | 6 | -17 | -3 | -14 | >-9 | 128 ]
[ 128 | 4 | 0 | -7< | 6 | -17 | -3 | -14 | >-10 | 128 ]
[ 128 | 4 | 0< | -7 | 6 | -17 | -3 | -14 | >-11 | 128 ]
[ 128 | 4 | -1< | -7 | 6 | -17 | -3 | -14 | >-12 | 128 ]
[ 128 | 4< | -1 | -7 | 6 | -17 | -3 | -14 | >-13 | 128 ]
[ 128 | 3< | -1 | -7 | 6 | -17 | -3 | -14 | >-14 | 128 ]
[ 128 | 3< | -1 | -7 | 6 | -17 | -3 | -14 | >-14 | 128 ]
[ 128 | 4< | -1 | -7 | 6 | -17 | -3 | -14 | -14 | >128 ]
[ 128 | 5< | -1 | -7 | 6 | -17 | -3 | -14 | -14 | >127 ]
[ 128 | 6< | -1 | -7 | 6 | -17 | -3 | -14 | -14 | >126 ]
[ 128 | 7< | -1 | -7 | 6 | -17 | -3 | -14 | -14 | >125 ]
[ 128 | 8< | -1 | -7 | 6 | -17 | -3 | -14 | -14 | >124 ]
[ 128 | 9< | -1 | -7 | 6 | -17 | -3 | -14 | -14 | >123 ]
[ 128 | 10< | -1 | -7 | 6 | -17 | -3 | -14 | -14 | >122 ]
[ 128 | 11< | -1 | -7 | 6 | -17 | -3 | -14 | -14 | >121 ]
[ 128 | 12< | -1 | -7 | 6 | -17 | -3 | -14 | -14 | >120 ]
[ 128 | 13< | -1 | -7 | 6 | -17 | -3 | -14 | -14 | >119 ]
[ 128 | 14< | -1 | -7 | 6 | -17 | -3 | -14 | -14 | >118 ]
[ 128 | 15< | -1 | -7 | 6 | -17 | -3 | -14 | -14 | >118 ]
[ >128 | 16< | -1 | -7 | 6 | -17 | -3 | -14 | -14 | 118 ]

===== Plodder won the battle after 70 cycles =====



===== Starting battle of <PrussianRoulette> vs <Plodder> with memory tape size: 23 =====

[ >128 | 0 | 0 | 0 | 0 | 0 | 0 | 0 | 0 | 0 | 0 | 0 | 0 | 0 | 0 | 0 | 0 | 0 | 0 | 0 | 0 | 0 | 128< ]
[ 128 | >0 | 0 | 0 | 0 | 0 | 0 | 0 | 0 | 0 | 0 | 0 | 0 | 0 | 0 | 0 | 0 | 0 | 0 | 0 | 0 | 0< | 128 ]
[ 128 | >1 | 0 | 0 | 0 | 0 | 0 | 0 | 0 | 0 | 0 | 0 | 0 | 0 | 0 | 0 | 0 | 0 | 0 | 0 | 0 | -1< | 128 ]
[ 128 | >2 | 0 | 0 | 0 | 0 | 0 | 0 | 0 | 0 | 0 | 0 | 0 | 0 | 0 | 0 | 0 | 0 | 0 | 0 | 0 | -2< | 128 ]
[ 128 | >3 | 0 | 0 | 0 | 0 | 0 | 0 | 0 | 0 | 0 | 0 | 0 | 0 | 0 | 0 | 0 | 0 | 0 | 0 | 0 | -3< | 128 ]
[ 128 | >4 | 0 | 0 | 0 | 0 | 0 | 0 | 0 | 0 | 0 | 0 | 0 | 0 | 0 | 0 | 0 | 0 | 0 | 0 | 0 | -4< | 128 ]
[ 128 | >5 | 0 | 0 | 0 | 0 | 0 | 0 | 0 | 0 | 0 | 0 | 0 | 0 | 0 | 0 | 0 | 0 | 0 | 0 | 0< | -4 | 128 ]
[ 128 | >4 | 0 | 0 | 0 | 0 | 0 | 0 | 0 | 0 | 0 | 0 | 0 | 0 | 0 | 0 | 0 | 0 | 0 | 0 | -1< | -4 | 128 ]
[ 128 | >4 | 0 | 0 | 0 | 0 | 0 | 0 | 0 | 0 | 0 | 0 | 0 | 0 | 0 | 0 | 0 | 0 | 0 | 0 | -2< | -4 | 128 ]
[ 128 | >4 | 0 | 0 | 0 | 0 | 0 | 0 | 0 | 0 | 0 | 0 | 0 | 0 | 0 | 0 | 0 | 0 | 0 | 0 | -3< | -4 | 128 ]
[ 128 | 4 | >0 | 0 | 0 | 0 | 0 | 0 | 0 | 0 | 0 | 0 | 0 | 0 | 0 | 0 | 0 | 0 | 0 | 0 | -4< | -4 | 128 ]
[ 128 | 4 | >0 | 0 | 0 | 0 | 0 | 0 | 0 | 0 | 0 | 0 | 0 | 0 | 0 | 0 | 0 | 0 | 0 | 0< | -4 | -4 | 128 ]
[ 128 | 4 | >0 | 0 | 0 | 0 | 0 | 0 | 0 | 0 | 0 | 0 | 0 | 0 | 0 | 0 | 0 | 0 | 0 | 1< | -4 | -4 | 128 ]
[ 128 | 4 | >0 | 0 | 0 | 0 | 0 | 0 | 0 | 0 | 0 | 0 | 0 | 0 | 0 | 0 | 0 | 0 | 0 | 2< | -4 | -4 | 128 ]
[ 128 | 4 | 0 | >0 | 0 | 0 | 0 | 0 | 0 | 0 | 0 | 0 | 0 | 0 | 0 | 0 | 0 | 0 | 0 | 3< | -4 | -4 | 128 ]
[ 128 | 4 | 0 | 0 | >0 | 0 | 0 | 0 | 0 | 0 | 0 | 0 | 0 | 0 | 0 | 0 | 0 | 0 | 0 | 4< | -4 | -4 | 128 ]
[ 128 | 4 | 0 | 0 | >-1 | 0 | 0 | 0 | 0 | 0 | 0 | 0 | 0 | 0 | 0 | 0 | 0 | 0 | 0 | 5< | -4 | -4 | 128 ]
[ 128 | 4 | 0 | 0 | >-1 | 0 | 0 | 0 | 0 | 0 | 0 | 0 | 0 | 0 | 0 | 0 | 0 | 0 | 0 | 6< | -4 | -4 | 128 ]
[ 128 | 4 | 0 | 0 | >-1 | 0 | 0 | 0 | 0 | 0 | 0 | 0 | 0 | 0 | 0 | 0 | 0 | 0 | 0 | 7< | -4 | -4 | 128 ]
[ 128 | 4 | 0 | 0 | -1 | >0 | 0 | 0 | 0 | 0 | 0 | 0 | 0 | 0 | 0 | 0 | 0 | 0 | 0< | 7 | -4 | -4 | 128 ]
[ 128 | 4 | 0 | 0 | -1 | >0 | 0 | 0 | 0 | 0 | 0 | 0 | 0 | 0 | 0 | 0 | 0 | 0 | -1< | 7 | -4 | -4 | 128 ]
[ 128 | 4 | 0 | 0 | -1 | >0 | 0 | 0 | 0 | 0 | 0 | 0 | 0 | 0 | 0 | 0 | 0 | 0 | -2< | 7 | -4 | -4 | 128 ]
[ 128 | 4 | 0 | 0 | -1 | >0 | 0 | 0 | 0 | 0 | 0 | 0 | 0 | 0 | 0 | 0 | 0 | 0 | -3< | 7 | -4 | -4 | 128 ]
[ 128 | 4 | 0 | 0 | -1 | 0 | >0 | 0 | 0 | 0 | 0 | 0 | 0 | 0 | 0 | 0 | 0 | 0 | -4< | 7 | -4 | -4 | 128 ]
[ 128 | 4 | 0 | 0 | -1 | 0 | 0 | >0 | 0 | 0 | 0 | 0 | 0 | 0 | 0 | 0 | 0 | 0 | -5< | 7 | -4 | -4 | 128 ]
[ 128 | 4 | 0 | 0 | -1 | 0 | 0 | >-1 | 0 | 0 | 0 | 0 | 0 | 0 | 0 | 0 | 0 | 0 | -6< | 7 | -4 | -4 | 128 ]
[ 128 | 4 | 0 | 0 | -1 | 0 | 0 | >-1 | 0 | 0 | 0 | 0 | 0 | 0 | 0 | 0 | 0 | 0 | -7< | 7 | -4 | -4 | 128 ]
[ 128 | 4 | 0 | 0 | -1 | 0 | 0 | >-1 | 0 | 0 | 0 | 0 | 0 | 0 | 0 | 0 | 0 | 0 | -8< | 7 | -4 | -4 | 128 ]
[ 128 | 4 | 0 | 0 | -1 | 0 | 0 | -1 | >0 | 0 | 0 | 0 | 0 | 0 | 0 | 0 | 0 | 0 | -9< | 7 | -4 | -4 | 128 ]
[ 128 | 4 | 0 | 0 | -1 | 0 | 0 | -1 | >0 | 0 | 0 | 0 | 0 | 0 | 0 | 0 | 0 | 0 | -10< | 7 | -4 | -4 | 128 ]
[ 128 | 4 | 0 | 0 | -1 | 0 | 0 | -1 | >0 | 0 | 0 | 0 | 0 | 0 | 0 | 0 | 0 | 0 | -11< | 7 | -4 | -4 | 128 ]
[ 128 | 4 | 0 | 0 | -1 | 0 | 0 | -1 | >0 | 0 | 0 | 0 | 0 | 0 | 0 | 0 | 0 | 0 | -12< | 7 | -4 | -4 | 128 ]
[ 128 | 4 | 0 | 0 | -1 | 0 | 0 | -1 | 0 | >0 | 0 | 0 | 0 | 0 | 0 | 0 | 0 | 0 | -13< | 7 | -4 | -4 | 128 ]
[ 128 | 4 | 0 | 0 | -1 | 0 | 0 | -1 | 0 | 0 | >0 | 0 | 0 | 0 | 0 | 0 | 0 | 0 | -14< | 7 | -4 | -4 | 128 ]
[ 128 | 4 | 0 | 0 | -1 | 0 | 0 | -1 | 0 | 0 | >-1 | 0 | 0 | 0 | 0 | 0 | 0 | 0 | -15< | 7 | -4 | -4 | 128 ]
[ 128 | 4 | 0 | 0 | -1 | 0 | 0 | -1 | 0 | 0 | >-1 | 0 | 0 | 0 | 0 | 0 | 0 | 0 | -16< | 7 | -4 | -4 | 128 ]
[ 128 | 4 | 0 | 0 | -1 | 0 | 0 | -1 | 0 | 0 | >-1 | 0 | 0 | 0 | 0 | 0 | 0 | 0 | -17< | 7 | -4 | -4 | 128 ]
[ 128 | 4 | 0 | 0 | -1 | 0 | 0 | -1 | 0 | 0 | -1 | >0 | 0 | 0 | 0 | 0 | 0 | 0< | -17 | 7 | -4 | -4 | 128 ]
[ 128 | 4 | 0 | 0 | -1 | 0 | 0 | -1 | 0 | 0 | -1 | >0 | 0 | 0 | 0 | 0 | 0 | 1< | -17 | 7 | -4 | -4 | 128 ]
[ 128 | 4 | 0 | 0 | -1 | 0 | 0 | -1 | 0 | 0 | -1 | >0 | 0 | 0 | 0 | 0 | 0 | 2< | -17 | 7 | -4 | -4 | 128 ]
[ 128 | 4 | 0 | 0 | -1 | 0 | 0 | -1 | 0 | 0 | -1 | >0 | 0 | 0 | 0 | 0 | 0 | 3< | -17 | 7 | -4 | -4 | 128 ]
[ 128 | 4 | 0 | 0 | -1 | 0 | 0 | -1 | 0 | 0 | -1 | 0 | >0 | 0 | 0 | 0 | 0 | 4< | -17 | 7 | -4 | -4 | 128 ]
[ 128 | 4 | 0 | 0 | -1 | 0 | 0 | -1 | 0 | 0 | -1 | 0 | 0 | >0 | 0 | 0 | 0 | 5< | -17 | 7 | -4 | -4 | 128 ]
[ 128 | 4 | 0 | 0 | -1 | 0 | 0 | -1 | 0 | 0 | -1 | 0 | 0 | >-1 | 0 | 0 | 0 | 6< | -17 | 7 | -4 | -4 | 128 ]
[ 128 | 4 | 0 | 0 | -1 | 0 | 0 | -1 | 0 | 0 | -1 | 0 | 0 | >-1 | 0 | 0 | 0 | 7< | -17 | 7 | -4 | -4 | 128 ]
[ 128 | 4 | 0 | 0 | -1 | 0 | 0 | -1 | 0 | 0 | -1 | 0 | 0 | >-1 | 0 | 0 | 0< | 7 | -17 | 7 | -4 | -4 | 128 ]
[ 128 | 4 | 0 | 0 | -1 | 0 | 0 | -1 | 0 | 0 | -1 | 0 | 0 | -1 | >0 | 0 | -1< | 7 | -17 | 7 | -4 | -4 | 128 ]
[ 128 | 4 | 0 | 0 | -1 | 0 | 0 | -1 | 0 | 0 | -1 | 0 | 0 | -1 | >0 | 0 | -2< | 7 | -17 | 7 | -4 | -4 | 128 ]
[ 128 | 4 | 0 | 0 | -1 | 0 | 0 | -1 | 0 | 0 | -1 | 0 | 0 | -1 | >0 | 0 | -3< | 7 | -17 | 7 | -4 | -4 | 128 ]
[ 128 | 4 | 0 | 0 | -1 | 0 | 0 | -1 | 0 | 0 | -1 | 0 | 0 | -1 | >0 | 0 | -4< | 7 | -17 | 7 | -4 | -4 | 128 ]
[ 128 | 4 | 0 | 0 | -1 | 0 | 0 | -1 | 0 | 0 | -1 | 0 | 0 | -1 | 0 | >0 | -5< | 7 | -17 | 7 | -4 | -4 | 128 ]
[ 128 | 4 | 0 | 0 | -1 | 0 | 0 | -1 | 0 | 0 | -1 | 0 | 0 | -1 | 0 | 0 | >-6< | 7 | -17 | 7 | -4 | -4 | 128 ]
[ 128 | 4 | 0 | 0 | -1 | 0 | 0 | -1 | 0 | 0 | -1 | 0 | 0 | -1 | 0 | 0 | >-8< | 7 | -17 | 7 | -4 | -4 | 128 ]
[ 128 | 4 | 0 | 0 | -1 | 0 | 0 | -1 | 0 | 0 | -1 | 0 | 0 | -1 | 0 | 0< | >-8 | 7 | -17 | 7 | -4 | -4 | 128 ]
[ 128 | 4 | 0 | 0 | -1 | 0 | 0 | -1 | 0 | 0 | -1 | 0 | 0 | -1 | 0 | -1< | >-8 | 7 | -17 | 7 | -4 | -4 | 128 ]
[ 128 | 4 | 0 | 0 | -1 | 0 | 0 | -1 | 0 | 0 | -1 | 0 | 0 | -1 | 0< | -1 | -8 | >7 | -17 | 7 | -4 | -4 | 128 ]
[ 128 | 4 | 0 | 0 | -1 | 0 | 0 | -1 | 0 | 0 | -1 | 0 | 0 | -1 | -1< | -1 | -8 | >7 | -17 | 7 | -4 | -4 | 128 ]
[ 128 | 4 | 0 | 0 | -1 | 0 | 0 | -1 | 0 | 0 | -1 | 0 | 0 | -1 | -1< | -1 | -8 | >7 | -17 | 7 | -4 | -4 | 128 ]
[ 128 | 4 | 0 | 0 | -1 | 0 | 0 | -1 | 0 | 0 | -1 | 0 | 0 | -1 | 0< | -1 | -8 | 7 | >-17 | 7 | -4 | -4 | 128 ]
[ 128 | 4 | 0 | 0 | -1 | 0 | 0 | -1 | 0 | 0 | -1 | 0 | 0 | -1 | 1< | -1 | -8 | 7 | >-18 | 7 | -4 | -4 | 128 ]
[ 128 | 4 | 0 | 0 | -1 | 0 | 0 | -1 | 0 | 0 | -1 | 0 | 0 | -1 | 2< | -1 | -8 | 7 | >-19 | 7 | -4 | -4 | 128 ]
[ 128 | 4 | 0 | 0 | -1 | 0 | 0 | -1 | 0 | 0 | -1 | 0 | 0 | -1 | 3< | -1 | -8 | 7 | >-20 | 7 | -4 | -4 | 128 ]
[ 128 | 4 | 0 | 0 | -1 | 0 | 0 | -1 | 0 | 0 | -1 | 0 | 0 | -1 | 4< | -1 | -8 | 7 | >-21 | 7 | -4 | -4 | 128 ]
[ 128 | 4 | 0 | 0 | -1 | 0 | 0 | -1 | 0 | 0 | -1 | 0 | 0 | -1 | 5< | -1 | -8 | 7 | >-22 | 7 | -4 | -4 | 128 ]
[ 128 | 4 | 0 | 0 | -1 | 0 | 0 | -1 | 0 | 0 | -1 | 0 | 0 | -1 | 6< | -1 | -8 | 7 | >-23 | 7 | -4 | -4 | 128 ]
[ 128 | 4 | 0 | 0 | -1 | 0 | 0 | -1 | 0 | 0 | -1 | 0 | 0 | -1 | 7< | -1 | -8 | 7 | >-24 | 7 | -4 | -4 | 128 ]
[ 128 | 4 | 0 | 0 | -1 | 0 | 0 | -1 | 0 | 0 | -1 | 0 | 0 | -1 | 8< | -1 | -8 | 7 | >-25 | 7 | -4 | -4 | 128 ]
[ 128 | 4 | 0 | 0 | -1 | 0 | 0 | -1 | 0 | 0 | -1 | 0 | 0 | -1 | 9< | -1 | -8 | 7 | >-26 | 7 | -4 | -4 | 128 ]
[ 128 | 4 | 0 | 0 | -1 | 0 | 0 | -1 | 0 | 0 | -1 | 0 | 0 | -1 | 10< | -1 | -8 | 7 | >-27 | 7 | -4 | -4 | 128 ]
[ 128 | 4 | 0 | 0 | -1 | 0 | 0 | -1 | 0 | 0 | -1 | 0 | 0 | -1 | 11< | -1 | -8 | 7 | >-27 | 7 | -4 | -4 | 128 ]
[ 128 | 4 | 0 | 0 | -1 | 0 | 0 | -1 | 0 | 0 | -1 | 0 | 0 | -1 | 12< | -1 | -8 | 7 | -27 | >7 | -4 | -4 | 128 ]
[ 128 | 4 | 0 | 0 | -1 | 0 | 0 | -1 | 0 | 0 | -1 | 0 | 0 | -1 | 13< | -1 | -8 | 7 | -27 | >6 | -4 | -4 | 128 ]
[ 128 | 4 | 0 | 0 | -1 | 0 | 0 | -1 | 0 | 0 | -1 | 0 | 0 | -1 | 14< | -1 | -8 | 7 | -27 | >5 | -4 | -4 | 128 ]
[ 128 | 4 | 0 | 0 | -1 | 0 | 0 | -1 | 0 | 0 | -1 | 0 | 0 | -1 | 15< | -1 | -8 | 7 | -27 | >4 | -4 | -4 | 128 ]
[ 128 | 4 | 0 | 0 | -1 | 0 | 0 | -1 | 0 | 0 | -1 | 0 | 0 | -1 | 16< | -1 | -8 | 7 | -27 | >3 | -4 | -4 | 128 ]
[ 128 | 4 | 0 | 0 | -1 | 0 | 0 | -1 | 0 | 0 | -1 | 0 | 0 | -1 | 17< | -1 | -8 | 7 | -27 | >2 | -4 | -4 | 128 ]
[ 128 | 4 | 0 | 0 | -1 | 0 | 0 | -1 | 0 | 0 | -1 | 0 | 0 | -1 | 18< | -1 | -8 | 7 | -27 | >1 | -4 | -4 | 128 ]
[ 128 | 4 | 0 | 0 | -1 | 0 | 0 | -1 | 0 | 0 | -1 | 0 | 0 | -1 | 19< | -1 | -8 | 7 | -27 | >0 | -4 | -4 | 128 ]
[ 128 | 4 | 0 | 0 | -1 | 0 | 0 | -1 | 0 | 0 | -1 | 0 | 0 | -1 | 20< | -1 | -8 | 7 | -27 | >-1 | -4 | -4 | 128 ]
[ 128 | 4 | 0 | 0 | -1 | 0 | 0 | -1 | 0 | 0 | -1 | 0 | 0 | -1 | 21< | -1 | -8 | 7 | -27 | >-2 | -4 | -4 | 128 ]
[ 128 | 4 | 0 | 0 | -1 | 0 | 0 | -1 | 0 | 0 | -1 | 0 | 0 | -1 | 22< | -1 | -8 | 7 | -27 | >-3 | -4 | -4 | 128 ]
[ 128 | 4 | 0 | 0 | -1 | 0 | 0 | -1 | 0 | 0 | -1 | 0 | 0 | -1 | 23< | -1 | -8 | 7 | -27 | >-3 | -4 | -4 | 128 ]
[ 128 | 4 | 0 | 0 | -1 | 0 | 0 | -1 | 0 | 0 | -1 | 0 | 0 | -1 | 24< | -1 | -8 | 7 | -27 | -3 | >-4 | -4 | 128 ]
[ 128 | 4 | 0 | 0 | -1 | 0 | 0 | -1 | 0 | 0 | -1 | 0 | 0 | -1 | 25< | -1 | -8 | 7 | -27 | -3 | >-5 | -4 | 128 ]
[ 128 | 4 | 0 | 0 | -1 | 0 | 0 | -1 | 0 | 0 | -1 | 0 | 0 | -1 | 26< | -1 | -8 | 7 | -27 | -3 | >-6 | -4 | 128 ]
[ 128 | 4 | 0 | 0 | -1 | 0 | 0 | -1 | 0 | 0 | -1 | 0 | 0 | -1 | 27< | -1 | -8 | 7 | -27 | -3 | >-7 | -4 | 128 ]
[ 128 | 4 | 0 | 0 | -1 | 0 | 0 | -1 | 0 | 0 | -1 | 0 | 0 | -1 | 28< | -1 | -8 | 7 | -27 | -3 | >-8 | -4 | 128 ]
[ 128 | 4 | 0 | 0 | -1 | 0 | 0 | -1 | 0 | 0 | -1 | 0 | 0 | -1 | 29< | -1 | -8 | 7 | -27 | -3 | >-9 | -4 | 128 ]
[ 128 | 4 | 0 | 0 | -1 | 0 | 0 | -1 | 0 | 0 | -1 | 0 | 0 | -1 | 30< | -1 | -8 | 7 | -27 | -3 | >-10 | -4 | 128 ]
[ 128 | 4 | 0 | 0 | -1 | 0 | 0 | -1 | 0 | 0 | -1 | 0 | 0 | -1 | 31< | -1 | -8 | 7 | -27 | -3 | >-11 | -4 | 128 ]
[ 128 | 4 | 0 | 0 | -1 | 0 | 0 | -1 | 0 | 0 | -1 | 0 | 0 | -1 | 32< | -1 | -8 | 7 | -27 | -3 | >-12 | -4 | 128 ]
[ 128 | 4 | 0 | 0 | -1 | 0 | 0 | -1 | 0 | 0 | -1 | 0 | 0 | -1 | 33< | -1 | -8 | 7 | -27 | -3 | >-13 | -4 | 128 ]
[ 128 | 4 | 0 | 0 | -1 | 0 | 0 | -1 | 0 | 0 | -1 | 0 | 0 | -1 | 34< | -1 | -8 | 7 | -27 | -3 | >-14 | -4 | 128 ]
[ 128 | 4 | 0 | 0 | -1 | 0 | 0 | -1 | 0 | 0 | -1 | 0 | 0 | -1 | 35< | -1 | -8 | 7 | -27 | -3 | >-14 | -4 | 128 ]
[ 128 | 4 | 0 | 0 | -1 | 0 | 0 | -1 | 0 | 0 | -1 | 0 | 0 | -1 | 36< | -1 | -8 | 7 | -27 | -3 | -14 | >-4 | 128 ]
[ 128 | 4 | 0 | 0 | -1 | 0 | 0 | -1 | 0 | 0 | -1 | 0 | 0 | -1 | 37< | -1 | -8 | 7 | -27 | -3 | -14 | >-5 | 128 ]
[ 128 | 4 | 0 | 0 | -1 | 0 | 0 | -1 | 0 | 0 | -1 | 0 | 0 | -1 | 38< | -1 | -8 | 7 | -27 | -3 | -14 | >-6 | 128 ]
[ 128 | 4 | 0 | 0 | -1 | 0 | 0 | -1 | 0 | 0 | -1 | 0 | 0 | -1 | 39< | -1 | -8 | 7 | -27 | -3 | -14 | >-7 | 128 ]
[ 128 | 4 | 0 | 0 | -1 | 0 | 0 | -1 | 0 | 0 | -1 | 0 | 0 | -1 | 40< | -1 | -8 | 7 | -27 | -3 | -14 | >-8 | 128 ]
[ 128 | 4 | 0 | 0 | -1 | 0 | 0 | -1 | 0 | 0 | -1 | 0 | 0 | -1 | 41< | -1 | -8 | 7 | -27 | -3 | -14 | >-9 | 128 ]
[ 128 | 4 | 0 | 0 | -1 | 0 | 0 | -1 | 0 | 0 | -1 | 0 | 0 | -1 | 42< | -1 | -8 | 7 | -27 | -3 | -14 | >-10 | 128 ]
[ 128 | 4 | 0 | 0 | -1 | 0 | 0 | -1 | 0 | 0 | -1 | 0 | 0 | -1 | 43< | -1 | -8 | 7 | -27 | -3 | -14 | >-11 | 128 ]
[ 128 | 4 | 0 | 0 | -1 | 0 | 0 | -1 | 0 | 0 | -1 | 0 | 0 | -1 | 44< | -1 | -8 | 7 | -27 | -3 | -14 | >-12 | 128 ]
[ 128 | 4 | 0 | 0 | -1 | 0 | 0 | -1 | 0 | 0 | -1 | 0 | 0 | -1 | 45< | -1 | -8 | 7 | -27 | -3 | -14 | >-13 | 128 ]
[ 128 | 4 | 0 | 0 | -1 | 0 | 0 | -1 | 0 | 0 | -1 | 0 | 0 | -1 | 46< | -1 | -8 | 7 | -27 | -3 | -14 | >-14 | 128 ]
[ 128 | 4 | 0 | 0 | -1 | 0 | 0 | -1 | 0 | 0 | -1 | 0 | 0 | -1 | 47< | -1 | -8 | 7 | -27 | -3 | -14 | >-14 | 128 ]
[ 128 | 4 | 0 | 0 | -1 | 0 | 0 | -1 | 0 | 0 | -1 | 0 | 0 | -1 | 48< | -1 | -8 | 7 | -27 | -3 | -14 | -14 | >128 ]
[ 128 | 4 | 0 | 0 | -1 | 0 | 0 | -1 | 0 | 0 | -1 | 0 | 0 | -1 | 49< | -1 | -8 | 7 | -27 | -3 | -14 | -14 | >127 ]
[ 128 | 4 | 0 | 0 | -1 | 0 | 0 | -1 | 0 | 0 | -1 | 0 | 0 | -1 | 50< | -1 | -8 | 7 | -27 | -3 | -14 | -14 | >126 ]
[ 128 | 4 | 0 | 0 | -1 | 0 | 0 | -1 | 0 | 0 | -1 | 0 | 0 | -1 | 51< | -1 | -8 | 7 | -27 | -3 | -14 | -14 | >125 ]
[ 128 | 4 | 0 | 0 | -1 | 0 | 0 | -1 | 0 | 0 | -1 | 0 | 0 | -1 | 52< | -1 | -8 | 7 | -27 | -3 | -14 | -14 | >124 ]
[ 128 | 4 | 0 | 0 | -1 | 0 | 0 | -1 | 0 | 0 | -1 | 0 | 0 | -1 | 53< | -1 | -8 | 7 | -27 | -3 | -14 | -14 | >123 ]
[ 128 | 4 | 0 | 0 | -1 | 0 | 0 | -1 | 0 | 0 | -1 | 0 | 0 | -1 | 54< | -1 | -8 | 7 | -27 | -3 | -14 | -14 | >122 ]
[ 128 | 4 | 0 | 0 | -1 | 0 | 0 | -1 | 0 | 0 | -1 | 0 | 0 | -1 | 55< | -1 | -8 | 7 | -27 | -3 | -14 | -14 | >121 ]
[ 128 | 4 | 0 | 0 | -1 | 0 | 0 | -1 | 0 | 0 | -1 | 0 | 0 | -1 | 56< | -1 | -8 | 7 | -27 | -3 | -14 | -14 | >120 ]
[ 128 | 4 | 0 | 0 | -1 | 0 | 0 | -1 | 0 | 0 | -1 | 0 | 0 | -1 | 57< | -1 | -8 | 7 | -27 | -3 | -14 | -14 | >119 ]
[ 128 | 4 | 0 | 0 | -1 | 0 | 0 | -1 | 0 | 0 | -1 | 0 | 0 | -1 | 58< | -1 | -8 | 7 | -27 | -3 | -14 | -14 | >118 ]
[ 128 | 4 | 0 | 0 | -1 | 0 | 0 | -1 | 0 | 0 | -1 | 0 | 0 | -1 | 59< | -1 | -8 | 7 | -27 | -3 | -14 | -14 | >118 ]
[ >128 | 4 | 0 | 0 | -1 | 0 | 0 | -1 | 0 | 0 | -1 | 0 | 0 | -1 | 60< | -1 | -8 | 7 | -27 | -3 | -14 | -14 | 118 ]

===== Plodder won the battle after 118 cycles =====



===== Starting battle of <PrussianRoulette> vs <Plodder> with memory tape size: 16 =====

[ >128 | 0 | 0 | 0 | 0 | 0 | 0 | 0 | 0 | 0 | 0 | 0 | 0 | 0 | 0 | 128< ]
[ 128 | >0 | 0 | 0 | 0 | 0 | 0 | 0 | 0 | 0 | 0 | 0 | 0 | 0 | 0< | 128 ]
[ 128 | >1 | 0 | 0 | 0 | 0 | 0 | 0 | 0 | 0 | 0 | 0 | 0 | 0 | -1< | 128 ]
[ 128 | >2 | 0 | 0 | 0 | 0 | 0 | 0 | 0 | 0 | 0 | 0 | 0 | 0 | -2< | 128 ]
[ 128 | >3 | 0 | 0 | 0 | 0 | 0 | 0 | 0 | 0 | 0 | 0 | 0 | 0 | -3< | 128 ]
[ 128 | >4 | 0 | 0 | 0 | 0 | 0 | 0 | 0 | 0 | 0 | 0 | 0 | 0 | -4< | 128 ]
[ 128 | >5 | 0 | 0 | 0 | 0 | 0 | 0 | 0 | 0 | 0 | 0 | 0 | 0< | -4 | 128 ]
[ 128 | >4 | 0 | 0 | 0 | 0 | 0 | 0 | 0 | 0 | 0 | 0 | 0 | -1< | -4 | 128 ]
[ 128 | >4 | 0 | 0 | 0 | 0 | 0 | 0 | 0 | 0 | 0 | 0 | 0 | -2< | -4 | 128 ]
[ 128 | >4 | 0 | 0 | 0 | 0 | 0 | 0 | 0 | 0 | 0 | 0 | 0 | -3< | -4 | 128 ]
[ 128 | 4 | >0 | 0 | 0 | 0 | 0 | 0 | 0 | 0 | 0 | 0 | 0 | -4< | -4 | 128 ]
[ 128 | 4 | >0 | 0 | 0 | 0 | 0 | 0 | 0 | 0 | 0 | 0 | 0< | -4 | -4 | 128 ]
[ 128 | 4 | >0 | 0 | 0 | 0 | 0 | 0 | 0 | 0 | 0 | 0 | 1< | -4 | -4 | 128 ]
[ 128 | 4 | >0 | 0 | 0 | 0 | 0 | 0 | 0 | 0 | 0 | 0 | 2< | -4 | -4 | 128 ]
[ 128 | 4 | 0 | >0 | 0 | 0 | 0 | 0 | 0 | 0 | 0 | 0 | 3< | -4 | -4 | 128 ]
[ 128 | 4 | 0 | 0 | >0 | 0 | 0 | 0 | 0 | 0 | 0 | 0 | 4< | -4 | -4 | 128 ]
[ 128 | 4 | 0 | 0 | >-1 | 0 | 0 | 0 | 0 | 0 | 0 | 0 | 5< | -4 | -4 | 128 ]
[ 128 | 4 | 0 | 0 | >-1 | 0 | 0 | 0 | 0 | 0 | 0 | 0 | 6< | -4 | -4 | 128 ]
[ 128 | 4 | 0 | 0 | >-1 | 0 | 0 | 0 | 0 | 0 | 0 | 0 | 7< | -4 | -4 | 128 ]
[ 128 | 4 | 0 | 0 | -1 | >0 | 0 | 0 | 0 | 0 | 0 | 0< | 7 | -4 | -4 | 128 ]
[ 128 | 4 | 0 | 0 | -1 | >0 | 0 | 0 | 0 | 0 | 0 | -1< | 7 | -4 | -4 | 128 ]
[ 128 | 4 | 0 | 0 | -1 | >0 | 0 | 0 | 0 | 0 | 0 | -2< | 7 | -4 | -4 | 128 ]
[ 128 | 4 | 0 | 0 | -1 | >0 | 0 | 0 | 0 | 0 | 0 | -3< | 7 | -4 | -4 | 128 ]
[ 128 | 4 | 0 | 0 | -1 | 0 | >0 | 0 | 0 | 0 | 0 | -4< | 7 | -4 | -4 | 128 ]
[ 128 | 4 | 0 | 0 | -1 | 0 | 0 | >0 | 0 | 0 | 0 | -5< | 7 | -4 | -4 | 128 ]
[ 128 | 4 | 0 | 0 | -1 | 0 | 0 | >-1 | 0 | 0 | 0 | -6< | 7 | -4 | -4 | 128 ]
[ 128 | 4 | 0 | 0 | -1 | 0 | 0 | >-1 | 0 | 0 | 0 | -7< | 7 | -4 | -4 | 128 ]
[ 128 | 4 | 0 | 0 | -1 | 0 | 0 | >-1 | 0 | 0 | 0 | -8< | 7 | -4 | -4 | 128 ]
[ 128 | 4 | 0 | 0 | -1 | 0 | 0 | -1 | >0 | 0 | 0 | -9< | 7 | -4 | -4 | 128 ]
[ 128 | 4 | 0 | 0 | -1 | 0 | 0 | -1 | >0 | 0 | 0 | -10< | 7 | -4 | -4 | 128 ]
[ 128 | 4 | 0 | 0 | -1 | 0 | 0 | -1 | >0 | 0 | 0 | -11< | 7 | -4 | -4 | 128 ]
[ 128 | 4 | 0 | 0 | -1 | 0 | 0 | -1 | >0 | 0 | 0 | -12< | 7 | -4 | -4 | 128 ]
[ 128 | 4 | 0 | 0 | -1 | 0 | 0 | -1 | 0 | >0 | 0 | -13< | 7 | -4 | -4 | 128 ]
[ 128 | 4 | 0 | 0 | -1 | 0 | 0 | -1 | 0 | 0 | >0 | -14< | 7 | -4 | -4 | 128 ]
[ 128 | 4 | 0 | 0 | -1 | 0 | 0 | -1 | 0 | 0 | >-1 | -15< | 7 | -4 | -4 | 128 ]
[ 128 | 4 | 0 | 0 | -1 | 0 | 0 | -1 | 0 | 0 | >-1 | -16< | 7 | -4 | -4 | 128 ]
[ 128 | 4 | 0 | 0 | -1 | 0 | 0 | -1 | 0 | 0 | >-1 | -17< | 7 | -4 | -4 | 128 ]
[ 128 | 4 | 0 | 0 | -1 | 0 | 0 | -1 | 0 | 0 | -1< | >-17 | 7 | -4 | -4 | 128 ]
[ 128 | 4 | 0 | 0 | -1 | 0 | 0 | -1 | 0 | 0 | 0< | >-17 | 7 | -4 | -4 | 128 ]
[ 128 | 4 | 0 | 0 | -1 | 0 | 0 | -1 | 0 | 0 | 1< | >-17 | 7 | -4 | -4 | 128 ]
[ 128 | 4 | 0 | 0 | -1 | 0 | 0 | -1 | 0 | 0 | 2< | -17 | >7 | -4 | -4 | 128 ]
[ 128 | 4 | 0 | 0 | -1 | 0 | 0 | -1 | 0 | 0 | 3< | -17 | >6 | -4 | -4 | 128 ]
[ 128 | 4 | 0 | 0 | -1 | 0 | 0 | -1 | 0 | 0 | 4< | -17 | >5 | -4 | -4 | 128 ]
[ 128 | 4 | 0 | 0 | -1 | 0 | 0 | -1 | 0 | 0 | 5< | -17 | >4 | -4 | -4 | 128 ]
[ 128 | 4 | 0 | 0 | -1 | 0 | 0 | -1 | 0 | 0 | 6< | -17 | >3 | -4 | -4 | 128 ]
[ 128 | 4 | 0 | 0 | -1 | 0 | 0 | -1 | 0 | 0< | 6 | -17 | >2 | -4 | -4 | 128 ]
[ 128 | 4 | 0 | 0 | -1 | 0 | 0 | -1 | 0 | -1< | 6 | -17 | >1 | -4 | -4 | 128 ]
[ 128 | 4 | 0 | 0 | -1 | 0 | 0 | -1 | 0 | -2< | 6 | -17 | >0 | -4 | -4 | 128 ]
[ 128 | 4 | 0 | 0 | -1 | 0 | 0 | -1 | 0 | -3< | 6 | -17 | >-1 | -4 | -4 | 128 ]
[ 128 | 4 | 0 | 0 | -1 | 0 | 0 | -1 | 0 | -4< | 6 | -17 | >-2 | -4 | -4 | 128 ]
[ 128 | 4 | 0 | 0 | -1 | 0 | 0 | -1 | 0 | -5< | 6 | -17 | >-3 | -4 | -4 | 128 ]
[ 128 | 4 | 0 | 0 | -1 | 0 | 0 | -1 | 0 | -6< | 6 | -17 | >-3 | -4 | -4 | 128 ]
[ 128 | 4 | 0 | 0 | -1 | 0 | 0 | -1 | 0 | -7< | 6 | -17 | -3 | >-4 | -4 | 128 ]
[ 128 | 4 | 0 | 0 | -1 | 0 | 0 | -1 | 0< | -7 | 6 | -17 | -3 | >-5 | -4 | 128 ]
[ 128 | 4 | 0 | 0 | -1 | 0 | 0 | -1 | -1< | -7 | 6 | -17 | -3 | >-6 | -4 | 128 ]
[ 128 | 4 | 0 | 0 | -1 | 0 | 0 | -1< | -1 | -7 | 6 | -17 | -3 | >-7 | -4 | 128 ]
[ 128 | 4 | 0 | 0 | -1 | 0 | 0 | -2< | -1 | -7 | 6 | -17 | -3 | >-8 | -4 | 128 ]
[ 128 | 4 | 0 | 0 | -1 | 0 | 0 | -2< | -1 | -7 | 6 | -17 | -3 | >-9 | -4 | 128 ]
[ 128 | 4 | 0 | 0 | -1 | 0 | 0 | -1< | -1 | -7 | 6 | -17 | -3 | >-10 | -4 | 128 ]
[ 128 | 4 | 0 | 0 | -1 | 0 | 0 | 0< | -1 | -7 | 6 | -17 | -3 | >-11 | -4 | 128 ]
[ 128 | 4 | 0 | 0 | -1 | 0 | 0 | 1< | -1 | -7 | 6 | -17 | -3 | >-12 | -4 | 128 ]
[ 128 | 4 | 0 | 0 | -1 | 0 | 0 | 2< | -1 | -7 | 6 | -17 | -3 | >-13 | -4 | 128 ]
[ 128 | 4 | 0 | 0 | -1 | 0 | 0 | 3< | -1 | -7 | 6 | -17 | -3 | >-14 | -4 | 128 ]
[ 128 | 4 | 0 | 0 | -1 | 0 | 0 | 4< | -1 | -7 | 6 | -17 | -3 | >-14 | -4 | 128 ]
[ 128 | 4 | 0 | 0 | -1 | 0 | 0 | 5< | -1 | -7 | 6 | -17 | -3 | -14 | >-4 | 128 ]
[ 128 | 4 | 0 | 0 | -1 | 0 | 0 | 6< | -1 | -7 | 6 | -17 | -3 | -14 | >-5 | 128 ]
[ 128 | 4 | 0 | 0 | -1 | 0 | 0 | 7< | -1 | -7 | 6 | -17 | -3 | -14 | >-6 | 128 ]
[ 128 | 4 | 0 | 0 | -1 | 0 | 0 | 8< | -1 | -7 | 6 | -17 | -3 | -14 | >-7 | 128 ]
[ 128 | 4 | 0 | 0 | -1 | 0 | 0 | 9< | -1 | -7 | 6 | -17 | -3 | -14 | >-8 | 128 ]
[ 128 | 4 | 0 | 0 | -1 | 0 | 0 | 10< | -1 | -7 | 6 | -17 | -3 | -14 | >-9 | 128 ]
[ 128 | 4 | 0 | 0 | -1 | 0 | 0 | 11< | -1 | -7 | 6 | -17 | -3 | -14 | >-10 | 128 ]
[ 128 | 4 | 0 | 0 | -1 | 0 | 0 | 12< | -1 | -7 | 6 | -17 | -3 | -14 | >-11 | 128 ]
[ 128 | 4 | 0 | 0 | -1 | 0 | 0 | 13< | -1 | -7 | 6 | -17 | -3 | -14 | >-12 | 128 ]
[ 128 | 4 | 0 | 0 | -1 | 0 | 0 | 14< | -1 | -7 | 6 | -17 | -3 | -14 | >-13 | 128 ]
[ 128 | 4 | 0 | 0 | -1 | 0 | 0 | 15< | -1 | -7 | 6 | -17 | -3 | -14 | >-14 | 128 ]
[ 128 | 4 | 0 | 0 | -1 | 0 | 0 | 16< | -1 | -7 | 6 | -17 | -3 | -14 | >-14 | 128 ]
[ 128 | 4 | 0 | 0 | -1 | 0 | 0 | 17< | -1 | -7 | 6 | -17 | -3 | -14 | -14 | >128 ]
[ 128 | 4 | 0 | 0 | -1 | 0 | 0 | 18< | -1 | -7 | 6 | -17 | -3 | -14 | -14 | >127 ]
[ 128 | 4 | 0 | 0 | -1 | 0 | 0 | 19< | -1 | -7 | 6 | -17 | -3 | -14 | -14 | >126 ]
[ 128 | 4 | 0 | 0 | -1 | 0 | 0 | 20< | -1 | -7 | 6 | -17 | -3 | -14 | -14 | >125 ]
[ 128 | 4 | 0 | 0 | -1 | 0 | 0 | 21< | -1 | -7 | 6 | -17 | -3 | -14 | -14 | >124 ]
[ 128 | 4 | 0 | 0 | -1 | 0 | 0 | 22< | -1 | -7 | 6 | -17 | -3 | -14 | -14 | >123 ]
[ 128 | 4 | 0 | 0 | -1 | 0 | 0 | 23< | -1 | -7 | 6 | -17 | -3 | -14 | -14 | >122 ]
[ 128 | 4 | 0 | 0 | -1 | 0 | 0 | 24< | -1 | -7 | 6 | -17 | -3 | -14 | -14 | >121 ]
[ 128 | 4 | 0 | 0 | -1 | 0 | 0 | 25< | -1 | -7 | 6 | -17 | -3 | -14 | -14 | >120 ]
[ 128 | 4 | 0 | 0 | -1 | 0 | 0 | 26< | -1 | -7 | 6 | -17 | -3 | -14 | -14 | >119 ]
[ 128 | 4 | 0 | 0 | -1 | 0 | 0 | 27< | -1 | -7 | 6 | -17 | -3 | -14 | -14 | >118 ]
[ 128 | 4 | 0 | 0 | -1 | 0 | 0 | 28< | -1 | -7 | 6 | -17 | -3 | -14 | -14 | >118 ]
[ >128 | 4 | 0 | 0 | -1 | 0 | 0 | 29< | -1 | -7 | 6 | -17 | -3 | -14 | -14 | 118 ]

===== Plodder won the battle after 88 cycles =====



===== Starting battle of <PrussianRoulette> vs <Plodder> with memory tape size: 10 =====

[ >128 | 0 | 0 | 0 | 0 | 0 | 0 | 0 | 0 | 128< ]
[ 128 | >0 | 0 | 0 | 0 | 0 | 0 | 0 | 0< | 128 ]
[ 128 | >1 | 0 | 0 | 0 | 0 | 0 | 0 | -1< | 128 ]
[ 128 | >2 | 0 | 0 | 0 | 0 | 0 | 0 | -2< | 128 ]
[ 128 | >3 | 0 | 0 | 0 | 0 | 0 | 0 | -3< | 128 ]
[ 128 | >4 | 0 | 0 | 0 | 0 | 0 | 0 | -4< | 128 ]
[ 128 | >5 | 0 | 0 | 0 | 0 | 0 | 0< | -4 | 128 ]
[ 128 | >4 | 0 | 0 | 0 | 0 | 0 | -1< | -4 | 128 ]
[ 128 | >4 | 0 | 0 | 0 | 0 | 0 | -2< | -4 | 128 ]
[ 128 | >4 | 0 | 0 | 0 | 0 | 0 | -3< | -4 | 128 ]
[ 128 | 4 | >0 | 0 | 0 | 0 | 0 | -4< | -4 | 128 ]
[ 128 | 4 | >0 | 0 | 0 | 0 | 0< | -4 | -4 | 128 ]
[ 128 | 4 | >0 | 0 | 0 | 0 | 1< | -4 | -4 | 128 ]
[ 128 | 4 | >0 | 0 | 0 | 0 | 2< | -4 | -4 | 128 ]
[ 128 | 4 | 0 | >0 | 0 | 0 | 3< | -4 | -4 | 128 ]
[ 128 | 4 | 0 | 0 | >0 | 0 | 4< | -4 | -4 | 128 ]
[ 128 | 4 | 0 | 0 | >-1 | 0 | 5< | -4 | -4 | 128 ]
[ 128 | 4 | 0 | 0 | >-1 | 0 | 6< | -4 | -4 | 128 ]
[ 128 | 4 | 0 | 0 | >-1 | 0 | 7< | -4 | -4 | 128 ]
[ 128 | 4 | 0 | 0 | -1 | >0< | 7 | -4 | -4 | 128 ]
[ 128 | 4 | 0 | 0 | -1 | >-1< | 7 | -4 | -4 | 128 ]
[ 128 | 4 | 0 | 0 | -1 | >-2< | 7 | -4 | -4 | 128 ]
[ 128 | 4 | 0 | 0 | -1 | -3< | >7 | -4 | -4 | 128 ]
[ 128 | 4 | 0 | 0 | -1 | -4< | >6 | -4 | -4 | 128 ]
[ 128 | 4 | 0 | 0 | -1 | -5< | >5 | -4 | -4 | 128 ]
[ 128 | 4 | 0 | 0 | -1 | -6< | >4 | -4 | -4 | 128 ]
[ 128 | 4 | 0 | 0 | -1 | -7< | >3 | -4 | -4 | 128 ]
[ 128 | 4 | 0 | 0 | -1 | -8< | >2 | -4 | -4 | 128 ]
[ 128 | 4 | 0 | 0 | -1 | -9< | >1 | -4 | -4 | 128 ]
[ 128 | 4 | 0 | 0 | -1 | -10< | >0 | -4 | -4 | 128 ]
[ 128 | 4 | 0 | 0 | -1 | -11< | >-1 | -4 | -4 | 128 ]
[ 128 | 4 | 0 | 0 | -1 | -12< | >-2 | -4 | -4 | 128 ]
[ 128 | 4 | 0 | 0 | -1 | -13< | >-3 | -4 | -4 | 128 ]
[ 128 | 4 | 0 | 0 | -1 | -14< | >-3 | -4 | -4 | 128 ]
[ 128 | 4 | 0 | 0 | -1 | -15< | -3 | >-4 | -4 | 128 ]
[ 128 | 4 | 0 | 0 | -1 | -16< | -3 | >-5 | -4 | 128 ]
[ 128 | 4 | 0 | 0 | -1 | -17< | -3 | >-6 | -4 | 128 ]
[ 128 | 4 | 0 | 0 | -1< | -17 | -3 | >-7 | -4 | 128 ]
[ 128 | 4 | 0 | 0 | 0< | -17 | -3 | >-8 | -4 | 128 ]
[ 128 | 4 | 0 | 0 | 1< | -17 | -3 | >-9 | -4 | 128 ]
[ 128 | 4 | 0 | 0 | 2< | -17 | -3 | >-10 | -4 | 128 ]
[ 128 | 4 | 0 | 0 | 3< | -17 | -3 | >-11 | -4 | 128 ]
[ 128 | 4 | 0 | 0 | 4< | -17 | -3 | >-12 | -4 | 128 ]
[ 128 | 4 | 0 | 0 | 5< | -17 | -3 | >-13 | -4 | 128 ]
[ 128 | 4 | 0 | 0 | 6< | -17 | -3 | >-14 | -4 | 128 ]
[ 128 | 4 | 0 | 0< | 6 | -17 | -3 | >-14 | -4 | 128 ]
[ 128 | 4 | 0 | -1< | 6 | -17 | -3 | -14 | >-4 | 128 ]
[ 128 | 4 | 0 | -2< | 6 | -17 | -3 | -14 | >-5 | 128 ]
[ 128 | 4 | 0 | -3< | 6 | -17 | -3 | -14 | >-6 | 128 ]
[ 128 | 4 | 0 | -4< | 6 | -17 | -3 | -14 | >-7 | 128 ]
[ 128 | 4 | 0 | -5< | 6 | -17 | -3 | -14 | >-8 | 128 ]
[ 128 | 4 | 0 | -6< | 6 | -17 | -3 | -14 | >-9 | 128 ]
[ 128 | 4 | 0 | -7< | 6 | -17 | -3 | -14 | >-10 | 128 ]
[ 128 | 4 | 0< | -7 | 6 | -17 | -3 | -14 | >-11 | 128 ]
[ 128 | 4 | -1< | -7 | 6 | -17 | -3 | -14 | >-12 | 128 ]
[ 128 | 4< | -1 | -7 | 6 | -17 | -3 | -14 | >-13 | 128 ]
[ 128 | 3< | -1 | -7 | 6 | -17 | -3 | -14 | >-14 | 128 ]
[ 128 | 3< | -1 | -7 | 6 | -17 | -3 | -14 | >-14 | 128 ]
[ 128 | 4< | -1 | -7 | 6 | -17 | -3 | -14 | -14 | >128 ]
[ 128 | 5< | -1 | -7 | 6 | -17 | -3 | -14 | -14 | >127 ]
[ 128 | 6< | -1 | -7 | 6 | -17 | -3 | -14 | -14 | >126 ]
[ 128 | 7< | -1 | -7 | 6 | -17 | -3 | -14 | -14 | >125 ]
[ 128 | 8< | -1 | -7 | 6 | -17 | -3 | -14 | -14 | >124 ]
[ 128 | 9< | -1 | -7 | 6 | -17 | -3 | -14 | -14 | >123 ]
[ 128 | 10< | -1 | -7 | 6 | -17 | -3 | -14 | -14 | >122 ]
[ 128 | 11< | -1 | -7 | 6 | -17 | -3 | -14 | -14 | >121 ]
[ 128 | 12< | -1 | -7 | 6 | -17 | -3 | -14 | -14 | >120 ]
[ 128 | 13< | -1 | -7 | 6 | -17 | -3 | -14 | -14 | >119 ]
[ 128 | 14< | -1 | -7 | 6 | -17 | -3 | -14 | -14 | >118 ]
[ 128 | 15< | -1 | -7 | 6 | -17 | -3 | -14 | -14 | >118 ]
[ >128 | 16< | -1 | -7 | 6 | -17 | -3 | -14 | -14 | 118 ]

===== Plodder won the battle after 70 cycles =====



===== Starting battle of <PrussianRoulette> vs <Plodder> with memory tape size: 15 =====

[ >128 | 0 | 0 | 0 | 0 | 0 | 0 | 0 | 0 | 0 | 0 | 0 | 0 | 0 | 128< ]
[ 128 | >0 | 0 | 0 | 0 | 0 | 0 | 0 | 0 | 0 | 0 | 0 | 0 | 0< | 128 ]
[ 128 | >1 | 0 | 0 | 0 | 0 | 0 | 0 | 0 | 0 | 0 | 0 | 0 | -1< | 128 ]
[ 128 | >2 | 0 | 0 | 0 | 0 | 0 | 0 | 0 | 0 | 0 | 0 | 0 | -2< | 128 ]
[ 128 | >3 | 0 | 0 | 0 | 0 | 0 | 0 | 0 | 0 | 0 | 0 | 0 | -3< | 128 ]
[ 128 | >4 | 0 | 0 | 0 | 0 | 0 | 0 | 0 | 0 | 0 | 0 | 0 | -4< | 128 ]
[ 128 | >5 | 0 | 0 | 0 | 0 | 0 | 0 | 0 | 0 | 0 | 0 | 0< | -4 | 128 ]
[ 128 | >4 | 0 | 0 | 0 | 0 | 0 | 0 | 0 | 0 | 0 | 0 | -1< | -4 | 128 ]
[ 128 | >4 | 0 | 0 | 0 | 0 | 0 | 0 | 0 | 0 | 0 | 0 | -2< | -4 | 128 ]
[ 128 | >4 | 0 | 0 | 0 | 0 | 0 | 0 | 0 | 0 | 0 | 0 | -3< | -4 | 128 ]
[ 128 | 4 | >0 | 0 | 0 | 0 | 0 | 0 | 0 | 0 | 0 | 0 | -4< | -4 | 128 ]
[ 128 | 4 | >0 | 0 | 0 | 0 | 0 | 0 | 0 | 0 | 0 | 0< | -4 | -4 | 128 ]
[ 128 | 4 | >0 | 0 | 0 | 0 | 0 | 0 | 0 | 0 | 0 | 1< | -4 | -4 | 128 ]
[ 128 | 4 | >0 | 0 | 0 | 0 | 0 | 0 | 0 | 0 | 0 | 2< | -4 | -4 | 128 ]
[ 128 | 4 | 0 | >0 | 0 | 0 | 0 | 0 | 0 | 0 | 0 | 3< | -4 | -4 | 128 ]
[ 128 | 4 | 0 | 0 | >0 | 0 | 0 | 0 | 0 | 0 | 0 | 4< | -4 | -4 | 128 ]
[ 128 | 4 | 0 | 0 | >-1 | 0 | 0 | 0 | 0 | 0 | 0 | 5< | -4 | -4 | 128 ]
[ 128 | 4 | 0 | 0 | >-1 | 0 | 0 | 0 | 0 | 0 | 0 | 6< | -4 | -4 | 128 ]
[ 128 | 4 | 0 | 0 | >-1 | 0 | 0 | 0 | 0 | 0 | 0 | 7< | -4 | -4 | 128 ]
[ 128 | 4 | 0 | 0 | -1 | >0 | 0 | 0 | 0 | 0 | 0< | 7 | -4 | -4 | 128 ]
[ 128 | 4 | 0 | 0 | -1 | >0 | 0 | 0 | 0 | 0 | -1< | 7 | -4 | -4 | 128 ]
[ 128 | 4 | 0 | 0 | -1 | >0 | 0 | 0 | 0 | 0 | -2< | 7 | -4 | -4 | 128 ]
[ 128 | 4 | 0 | 0 | -1 | >0 | 0 | 0 | 0 | 0 | -3< | 7 | -4 | -4 | 128 ]
[ 128 | 4 | 0 | 0 | -1 | 0 | >0 | 0 | 0 | 0 | -4< | 7 | -4 | -4 | 128 ]
[ 128 | 4 | 0 | 0 | -1 | 0 | 0 | >0 | 0 | 0 | -5< | 7 | -4 | -4 | 128 ]
[ 128 | 4 | 0 | 0 | -1 | 0 | 0 | >-1 | 0 | 0 | -6< | 7 | -4 | -4 | 128 ]
[ 128 | 4 | 0 | 0 | -1 | 0 | 0 | >-1 | 0 | 0 | -7< | 7 | -4 | -4 | 128 ]
[ 128 | 4 | 0 | 0 | -1 | 0 | 0 | >-1 | 0 | 0 | -8< | 7 | -4 | -4 | 128 ]
[ 128 | 4 | 0 | 0 | -1 | 0 | 0 | -1 | >0 | 0 | -9< | 7 | -4 | -4 | 128 ]
[ 128 | 4 | 0 | 0 | -1 | 0 | 0 | -1 | >0 | 0 | -10< | 7 | -4 | -4 | 128 ]
[ 128 | 4 | 0 | 0 | -1 | 0 | 0 | -1 | >0 | 0 | -11< | 7 | -4 | -4 | 128 ]
[ 128 | 4 | 0 | 0 | -1 | 0 | 0 | -1 | >0 | 0 | -12< | 7 | -4 | -4 | 128 ]
[ 128 | 4 | 0 | 0 | -1 | 0 | 0 | -1 | 0 | >0 | -13< | 7 | -4 | -4 | 128 ]
[ 128 | 4 | 0 | 0 | -1 | 0 | 0 | -1 | 0 | 0 | >-14< | 7 | -4 | -4 | 128 ]
[ 128 | 4 | 0 | 0 | -1 | 0 | 0 | -1 | 0 | 0 | >-16< | 7 | -4 | -4 | 128 ]
[ 128 | 4 | 0 | 0 | -1 | 0 | 0 | -1 | 0 | 0 | >-17< | 7 | -4 | -4 | 128 ]
[ 128 | 4 | 0 | 0 | -1 | 0 | 0 | -1 | 0 | 0 | >-18< | 7 | -4 | -4 | 128 ]
[ 128 | 4 | 0 | 0 | -1 | 0 | 0 | -1 | 0 | 0< | -18 | >7 | -4 | -4 | 128 ]
[ 128 | 4 | 0 | 0 | -1 | 0 | 0 | -1 | 0 | 1< | -18 | >7 | -4 | -4 | 128 ]
[ 128 | 4 | 0 | 0 | -1 | 0 | 0 | -1 | 0 | 2< | -18 | >7 | -4 | -4 | 128 ]
[ 128 | 4 | 0 | 0 | -1 | 0 | 0 | -1 | 0 | 3< | -18 | 7 | >-4 | -4 | 128 ]
[ 128 | 4 | 0 | 0 | -1 | 0 | 0 | -1 | 0 | 4< | -18 | 7 | >-5 | -4 | 128 ]
[ 128 | 4 | 0 | 0 | -1 | 0 | 0 | -1 | 0 | 5< | -18 | 7 | >-6 | -4 | 128 ]
[ 128 | 4 | 0 | 0 | -1 | 0 | 0 | -1 | 0 | 6< | -18 | 7 | >-7 | -4 | 128 ]
[ 128 | 4 | 0 | 0 | -1 | 0 | 0 | -1 | 0 | 7< | -18 | 7 | >-8 | -4 | 128 ]
[ 128 | 4 | 0 | 0 | -1 | 0 | 0 | -1 | 0< | 7 | -18 | 7 | >-9 | -4 | 128 ]
[ 128 | 4 | 0 | 0 | -1 | 0 | 0 | -1 | -1< | 7 | -18 | 7 | >-10 | -4 | 128 ]
[ 128 | 4 | 0 | 0 | -1 | 0 | 0 | -1 | -2< | 7 | -18 | 7 | >-11 | -4 | 128 ]
[ 128 | 4 | 0 | 0 | -1 | 0 | 0 | -1 | -3< | 7 | -18 | 7 | >-12 | -4 | 128 ]
[ 128 | 4 | 0 | 0 | -1 | 0 | 0 | -1 | -4< | 7 | -18 | 7 | >-13 | -4 | 128 ]
[ 128 | 4 | 0 | 0 | -1 | 0 | 0 | -1 | -5< | 7 | -18 | 7 | >-14 | -4 | 128 ]
[ 128 | 4 | 0 | 0 | -1 | 0 | 0 | -1 | -6< | 7 | -18 | 7 | >-14 | -4 | 128 ]
[ 128 | 4 | 0 | 0 | -1 | 0 | 0 | -1 | -7< | 7 | -18 | 7 | -14 | >-4 | 128 ]
[ 128 | 4 | 0 | 0 | -1 | 0 | 0 | -1< | -7 | 7 | -18 | 7 | -14 | >-5 | 128 ]
[ 128 | 4 | 0 | 0 | -1 | 0 | 0 | -2< | -7 | 7 | -18 | 7 | -14 | >-6 | 128 ]
[ 128 | 4 | 0 | 0 | -1 | 0 | 0< | -2 | -7 | 7 | -18 | 7 | -14 | >-7 | 128 ]
[ 128 | 4 | 0 | 0 | -1 | 0 | -1< | -2 | -7 | 7 | -18 | 7 | -14 | >-8 | 128 ]
[ 128 | 4 | 0 | 0 | -1 | 0 | -1< | -2 | -7 | 7 | -18 | 7 | -14 | >-9 | 128 ]
[ 128 | 4 | 0 | 0 | -1 | 0 | 0< | -2 | -7 | 7 | -18 | 7 | -14 | >-10 | 128 ]
[ 128 | 4 | 0 | 0 | -1 | 0 | 1< | -2 | -7 | 7 | -18 | 7 | -14 | >-11 | 128 ]
[ 128 | 4 | 0 | 0 | -1 | 0 | 2< | -2 | -7 | 7 | -18 | 7 | -14 | >-12 | 128 ]
[ 128 | 4 | 0 | 0 | -1 | 0 | 3< | -2 | -7 | 7 | -18 | 7 | -14 | >-13 | 128 ]
[ 128 | 4 | 0 | 0 | -1 | 0 | 4< | -2 | -7 | 7 | -18 | 7 | -14 | >-14 | 128 ]
[ 128 | 4 | 0 | 0 | -1 | 0 | 5< | -2 | -7 | 7 | -18 | 7 | -14 | >-14 | 128 ]
[ 128 | 4 | 0 | 0 | -1 | 0 | 6< | -2 | -7 | 7 | -18 | 7 | -14 | -14 | >128 ]
[ 128 | 4 | 0 | 0 | -1 | 0 | 7< | -2 | -7 | 7 | -18 | 7 | -14 | -14 | >127 ]
[ 128 | 4 | 0 | 0 | -1 | 0 | 8< | -2 | -7 | 7 | -18 | 7 | -14 | -14 | >126 ]
[ 128 | 4 | 0 | 0 | -1 | 0 | 9< | -2 | -7 | 7 | -18 | 7 | -14 | -14 | >125 ]
[ 128 | 4 | 0 | 0 | -1 | 0 | 10< | -2 | -7 | 7 | -18 | 7 | -14 | -14 | >124 ]
[ 128 | 4 | 0 | 0 | -1 | 0 | 11< | -2 | -7 | 7 | -18 | 7 | -14 | -14 | >123 ]
[ 128 | 4 | 0 | 0 | -1 | 0 | 12< | -2 | -7 | 7 | -18 | 7 | -14 | -14 | >122 ]
[ 128 | 4 | 0 | 0 | -1 | 0 | 13< | -2 | -7 | 7 | -18 | 7 | -14 | -14 | >121 ]
[ 128 | 4 | 0 | 0 | -1 | 0 | 14< | -2 | -7 | 7 | -18 | 7 | -14 | -14 | >120 ]
[ 128 | 4 | 0 | 0 | -1 | 0 | 15< | -2 | -7 | 7 | -18 | 7 | -14 | -14 | >119 ]
[ 128 | 4 | 0 | 0 | -1 | 0 | 16< | -2 | -7 | 7 | -18 | 7 | -14 | -14 | >118 ]
[ 128 | 4 | 0 | 0 | -1 | 0 | 17< | -2 | -7 | 7 | -18 | 7 | -14 | -14 | >118 ]
[ >128 | 4 | 0 | 0 | -1 | 0 | 18< | -2 | -7 | 7 | -18 | 7 | -14 | -14 | 118 ]

===== Plodder won the battle after 76 cycles =====



===== PrussianRoulette.bf vs. Plodder.bf finished with 0:10 =====