===== Starting battle of <Roomba> vs <Bigger> with memory tape size: 14 =====

[ >128 | 0 | 0 | 0 | 0 | 0 | 0 | 0 | 0 | 0 | 0 | 0 | 0 | 128< ]
[ 128 | 0 | 0 | 0 | 0 | 0 | 0 | 0 | 0 | 0 | 0 | 0 | 0< | >128 ]

===== Bigger won the battle after 1 cycles =====



===== Starting battle of <Roomba> vs <Bigger> with memory tape size: 30 =====

[ >128 | 0 | 0 | 0 | 0 | 0 | 0 | 0 | 0 | 0 | 0 | 0 | 0 | 0 | 0 | 0 | 0 | 0 | 0 | 0 | 0 | 0 | 0 | 0 | 0 | 0 | 0 | 0 | 0 | 128< ]
[ 128 | 0 | 0 | 0 | 0 | 0 | 0 | 0 | 0 | 0 | 0 | 0 | 0 | 0 | 0 | 0 | 0 | 0 | 0 | 0 | 0 | 0 | 0 | 0 | 0 | 0 | 0 | 0 | 0< | >128 ]

===== Bigger won the battle after 1 cycles =====



===== Starting battle of <Roomba> vs <Bigger> with memory tape size: 18 =====

[ >128 | 0 | 0 | 0 | 0 | 0 | 0 | 0 | 0 | 0 | 0 | 0 | 0 | 0 | 0 | 0 | 0 | 128< ]
[ 128 | 0 | 0 | 0 | 0 | 0 | 0 | 0 | 0 | 0 | 0 | 0 | 0 | 0 | 0 | 0 | 0< | >128 ]

===== Bigger won the battle after 1 cycles =====



===== Starting battle of <Roomba> vs <Bigger> with memory tape size: 26 =====

[ >128 | 0 | 0 | 0 | 0 | 0 | 0 | 0 | 0 | 0 | 0 | 0 | 0 | 0 | 0 | 0 | 0 | 0 | 0 | 0 | 0 | 0 | 0 | 0 | 0 | 128< ]
[ 128 | 0 | 0 | 0 | 0 | 0 | 0 | 0 | 0 | 0 | 0 | 0 | 0 | 0 | 0 | 0 | 0 | 0 | 0 | 0 | 0 | 0 | 0 | 0 | 0< | >128 ]

===== Bigger won the battle after 1 cycles =====



===== Starting battle of <Roomba> vs <Bigger> with memory tape size: 13 =====

[ >128 | 0 | 0 | 0 | 0 | 0 | 0 | 0 | 0 | 0 | 0 | 0 | 128< ]
[ 128 | 0 | 0 | 0 | 0 | 0 | 0 | 0 | 0 | 0 | 0 | 0< | >128 ]

===== Bigger won the battle after 1 cycles =====



===== Starting battle of <Roomba> vs <Bigger> with memory tape size: 22 =====

[ >128 | 0 | 0 | 0 | 0 | 0 | 0 | 0 | 0 | 0 | 0 | 0 | 0 | 0 | 0 | 0 | 0 | 0 | 0 | 0 | 0 | 128< ]
[ 128 | 0 | 0 | 0 | 0 | 0 | 0 | 0 | 0 | 0 | 0 | 0 | 0 | 0 | 0 | 0 | 0 | 0 | 0 | 0 | 0< | >128 ]

===== Bigger won the battle after 1 cycles =====



===== Starting battle of <Roomba> vs <Bigger> with memory tape size: 12 =====

[ >128 | 0 | 0 | 0 | 0 | 0 | 0 | 0 | 0 | 0 | 0 | 128< ]
[ 128 | 0 | 0 | 0 | 0 | 0 | 0 | 0 | 0 | 0 | 0< | >128 ]

===== Bigger won the battle after 1 cycles =====



===== Starting battle of <Roomba> vs <Bigger> with memory tape size: 12 =====

[ >128 | 0 | 0 | 0 | 0 | 0 | 0 | 0 | 0 | 0 | 0 | 128< ]
[ 128 | 0 | 0 | 0 | 0 | 0 | 0 | 0 | 0 | 0 | 0< | >128 ]

===== Bigger won the battle after 1 cycles =====



===== Starting battle of <Roomba> vs <Bigger> with memory tape size: 15 =====

[ >128 | 0 | 0 | 0 | 0 | 0 | 0 | 0 | 0 | 0 | 0 | 0 | 0 | 0 | 128< ]
[ 128 | 0 | 0 | 0 | 0 | 0 | 0 | 0 | 0 | 0 | 0 | 0 | 0 | 0< | >128 ]

===== Bigger won the battle after 1 cycles =====



===== Starting battle of <Roomba> vs <Bigger> with memory tape size: 22 =====

[ >128 | 0 | 0 | 0 | 0 | 0 | 0 | 0 | 0 | 0 | 0 | 0 | 0 | 0 | 0 | 0 | 0 | 0 | 0 | 0 | 0 | 128< ]
[ 128 | 0 | 0 | 0 | 0 | 0 | 0 | 0 | 0 | 0 | 0 | 0 | 0 | 0 | 0 | 0 | 0 | 0 | 0 | 0 | 0< | >128 ]

===== Bigger won the battle after 1 cycles =====



===== Roomba.bf vs. Bigger.bf finished with 0:10 =====