===== Starting battle of <Roomba> vs <FastClearBot> with memory tape size: 28 =====

[ >128 | 0 | 0 | 0 | 0 | 0 | 0 | 0 | 0 | 0 | 0 | 0 | 0 | 0 | 0 | 0 | 0 | 0 | 0 | 0 | 0 | 0 | 0 | 0 | 0 | 0 | 0 | 128< ]
[ 128 | 0 | 0 | 0 | 0 | 0 | 0 | 0 | 0 | 0 | 0 | 0 | 0 | 0 | 0 | 0 | 0 | 0 | 0 | 0 | 0 | 0 | 0 | 0 | 0 | 0 | 0< | >128 ]

===== FastClearBot won the battle after 1 cycles =====



===== Starting battle of <Roomba> vs <FastClearBot> with memory tape size: 19 =====

[ >128 | 0 | 0 | 0 | 0 | 0 | 0 | 0 | 0 | 0 | 0 | 0 | 0 | 0 | 0 | 0 | 0 | 0 | 128< ]
[ 128 | 0 | 0 | 0 | 0 | 0 | 0 | 0 | 0 | 0 | 0 | 0 | 0 | 0 | 0 | 0 | 0 | 0< | >128 ]

===== FastClearBot won the battle after 1 cycles =====



===== Starting battle of <Roomba> vs <FastClearBot> with memory tape size: 11 =====

[ >128 | 0 | 0 | 0 | 0 | 0 | 0 | 0 | 0 | 0 | 128< ]
[ 128 | 0 | 0 | 0 | 0 | 0 | 0 | 0 | 0 | 0< | >128 ]

===== FastClearBot won the battle after 1 cycles =====



===== Starting battle of <Roomba> vs <FastClearBot> with memory tape size: 22 =====

[ >128 | 0 | 0 | 0 | 0 | 0 | 0 | 0 | 0 | 0 | 0 | 0 | 0 | 0 | 0 | 0 | 0 | 0 | 0 | 0 | 0 | 128< ]
[ 128 | 0 | 0 | 0 | 0 | 0 | 0 | 0 | 0 | 0 | 0 | 0 | 0 | 0 | 0 | 0 | 0 | 0 | 0 | 0 | 0< | >128 ]

===== FastClearBot won the battle after 1 cycles =====



===== Starting battle of <Roomba> vs <FastClearBot> with memory tape size: 16 =====

[ >128 | 0 | 0 | 0 | 0 | 0 | 0 | 0 | 0 | 0 | 0 | 0 | 0 | 0 | 0 | 128< ]
[ 128 | 0 | 0 | 0 | 0 | 0 | 0 | 0 | 0 | 0 | 0 | 0 | 0 | 0 | 0< | >128 ]

===== FastClearBot won the battle after 1 cycles =====



===== Starting battle of <Roomba> vs <FastClearBot> with memory tape size: 17 =====

[ >128 | 0 | 0 | 0 | 0 | 0 | 0 | 0 | 0 | 0 | 0 | 0 | 0 | 0 | 0 | 0 | 128< ]
[ 128 | 0 | 0 | 0 | 0 | 0 | 0 | 0 | 0 | 0 | 0 | 0 | 0 | 0 | 0 | 0< | >128 ]

===== FastClearBot won the battle after 1 cycles =====



===== Starting battle of <Roomba> vs <FastClearBot> with memory tape size: 15 =====

[ >128 | 0 | 0 | 0 | 0 | 0 | 0 | 0 | 0 | 0 | 0 | 0 | 0 | 0 | 128< ]
[ 128 | 0 | 0 | 0 | 0 | 0 | 0 | 0 | 0 | 0 | 0 | 0 | 0 | 0< | >128 ]

===== FastClearBot won the battle after 1 cycles =====



===== Starting battle of <Roomba> vs <FastClearBot> with memory tape size: 22 =====

[ >128 | 0 | 0 | 0 | 0 | 0 | 0 | 0 | 0 | 0 | 0 | 0 | 0 | 0 | 0 | 0 | 0 | 0 | 0 | 0 | 0 | 128< ]
[ 128 | 0 | 0 | 0 | 0 | 0 | 0 | 0 | 0 | 0 | 0 | 0 | 0 | 0 | 0 | 0 | 0 | 0 | 0 | 0 | 0< | >128 ]

===== FastClearBot won the battle after 1 cycles =====



===== Starting battle of <Roomba> vs <FastClearBot> with memory tape size: 25 =====

[ >128 | 0 | 0 | 0 | 0 | 0 | 0 | 0 | 0 | 0 | 0 | 0 | 0 | 0 | 0 | 0 | 0 | 0 | 0 | 0 | 0 | 0 | 0 | 0 | 128< ]
[ 128 | 0 | 0 | 0 | 0 | 0 | 0 | 0 | 0 | 0 | 0 | 0 | 0 | 0 | 0 | 0 | 0 | 0 | 0 | 0 | 0 | 0 | 0 | 0< | >128 ]

===== FastClearBot won the battle after 1 cycles =====



===== Starting battle of <Roomba> vs <FastClearBot> with memory tape size: 18 =====

[ >128 | 0 | 0 | 0 | 0 | 0 | 0 | 0 | 0 | 0 | 0 | 0 | 0 | 0 | 0 | 0 | 0 | 128< ]
[ 128 | 0 | 0 | 0 | 0 | 0 | 0 | 0 | 0 | 0 | 0 | 0 | 0 | 0 | 0 | 0 | 0< | >128 ]

===== FastClearBot won the battle after 1 cycles =====



===== Roomba.bf vs. FastClearBot.bf finished with 0:10 =====