===== Starting battle of <Roomba> vs <ScaredyBot> with memory tape size: 12 =====

[ >128 | 0 | 0 | 0 | 0 | 0 | 0 | 0 | 0 | 0 | 0 | 128< ]
[ 128 | 0 | 0 | 0 | 0 | 0 | 0 | 0 | 0 | 0 | 0< | >128 ]

===== ScaredyBot won the battle after 1 cycles =====



===== Starting battle of <Roomba> vs <ScaredyBot> with memory tape size: 22 =====

[ >128 | 0 | 0 | 0 | 0 | 0 | 0 | 0 | 0 | 0 | 0 | 0 | 0 | 0 | 0 | 0 | 0 | 0 | 0 | 0 | 0 | 128< ]
[ 128 | 0 | 0 | 0 | 0 | 0 | 0 | 0 | 0 | 0 | 0 | 0 | 0 | 0 | 0 | 0 | 0 | 0 | 0 | 0 | 0< | >128 ]

===== ScaredyBot won the battle after 1 cycles =====



===== Starting battle of <Roomba> vs <ScaredyBot> with memory tape size: 11 =====

[ >128 | 0 | 0 | 0 | 0 | 0 | 0 | 0 | 0 | 0 | 128< ]
[ 128 | 0 | 0 | 0 | 0 | 0 | 0 | 0 | 0 | 0< | >128 ]

===== ScaredyBot won the battle after 1 cycles =====



===== Starting battle of <Roomba> vs <ScaredyBot> with memory tape size: 11 =====

[ >128 | 0 | 0 | 0 | 0 | 0 | 0 | 0 | 0 | 0 | 128< ]
[ 128 | 0 | 0 | 0 | 0 | 0 | 0 | 0 | 0 | 0< | >128 ]

===== ScaredyBot won the battle after 1 cycles =====



===== Starting battle of <Roomba> vs <ScaredyBot> with memory tape size: 15 =====

[ >128 | 0 | 0 | 0 | 0 | 0 | 0 | 0 | 0 | 0 | 0 | 0 | 0 | 0 | 128< ]
[ 128 | 0 | 0 | 0 | 0 | 0 | 0 | 0 | 0 | 0 | 0 | 0 | 0 | 0< | >128 ]

===== ScaredyBot won the battle after 1 cycles =====



===== Starting battle of <Roomba> vs <ScaredyBot> with memory tape size: 11 =====

[ >128 | 0 | 0 | 0 | 0 | 0 | 0 | 0 | 0 | 0 | 128< ]
[ 128 | 0 | 0 | 0 | 0 | 0 | 0 | 0 | 0 | 0< | >128 ]

===== ScaredyBot won the battle after 1 cycles =====



===== Starting battle of <Roomba> vs <ScaredyBot> with memory tape size: 25 =====

[ >128 | 0 | 0 | 0 | 0 | 0 | 0 | 0 | 0 | 0 | 0 | 0 | 0 | 0 | 0 | 0 | 0 | 0 | 0 | 0 | 0 | 0 | 0 | 0 | 128< ]
[ 128 | 0 | 0 | 0 | 0 | 0 | 0 | 0 | 0 | 0 | 0 | 0 | 0 | 0 | 0 | 0 | 0 | 0 | 0 | 0 | 0 | 0 | 0 | 0< | >128 ]

===== ScaredyBot won the battle after 1 cycles =====



===== Starting battle of <Roomba> vs <ScaredyBot> with memory tape size: 30 =====

[ >128 | 0 | 0 | 0 | 0 | 0 | 0 | 0 | 0 | 0 | 0 | 0 | 0 | 0 | 0 | 0 | 0 | 0 | 0 | 0 | 0 | 0 | 0 | 0 | 0 | 0 | 0 | 0 | 0 | 128< ]
[ 128 | 0 | 0 | 0 | 0 | 0 | 0 | 0 | 0 | 0 | 0 | 0 | 0 | 0 | 0 | 0 | 0 | 0 | 0 | 0 | 0 | 0 | 0 | 0 | 0 | 0 | 0 | 0 | 0< | >128 ]

===== ScaredyBot won the battle after 1 cycles =====



===== Starting battle of <Roomba> vs <ScaredyBot> with memory tape size: 23 =====

[ >128 | 0 | 0 | 0 | 0 | 0 | 0 | 0 | 0 | 0 | 0 | 0 | 0 | 0 | 0 | 0 | 0 | 0 | 0 | 0 | 0 | 0 | 128< ]
[ 128 | 0 | 0 | 0 | 0 | 0 | 0 | 0 | 0 | 0 | 0 | 0 | 0 | 0 | 0 | 0 | 0 | 0 | 0 | 0 | 0 | 0< | >128 ]

===== ScaredyBot won the battle after 1 cycles =====



===== Starting battle of <Roomba> vs <ScaredyBot> with memory tape size: 11 =====

[ >128 | 0 | 0 | 0 | 0 | 0 | 0 | 0 | 0 | 0 | 128< ]
[ 128 | 0 | 0 | 0 | 0 | 0 | 0 | 0 | 0 | 0< | >128 ]

===== ScaredyBot won the battle after 1 cycles =====



===== Roomba.bf vs. ScaredyBot.bf finished with 0:10 =====