===== Starting battle of <ScaredyBot> vs <PrussianRoulette> with memory tape size: 23 =====

[ >128 | 0 | 0 | 0 | 0 | 0 | 0 | 0 | 0 | 0 | 0 | 0 | 0 | 0 | 0 | 0 | 0 | 0 | 0 | 0 | 0 | 0 | 128< ]
[ 128 | >0 | 0 | 0 | 0 | 0 | 0 | 0 | 0 | 0 | 0 | 0 | 0 | 0 | 0 | 0 | 0 | 0 | 0 | 0 | 0 | 0< | 128 ]
[ 128 | >1 | 0 | 0 | 0 | 0 | 0 | 0 | 0 | 0 | 0 | 0 | 0 | 0 | 0 | 0 | 0 | 0 | 0 | 0 | 0 | 1< | 128 ]
[ 128 | 1 | >0 | 0 | 0 | 0 | 0 | 0 | 0 | 0 | 0 | 0 | 0 | 0 | 0 | 0 | 0 | 0 | 0 | 0 | 0 | 2< | 128 ]
[ 128 | 1 | >-1 | 0 | 0 | 0 | 0 | 0 | 0 | 0 | 0 | 0 | 0 | 0 | 0 | 0 | 0 | 0 | 0 | 0 | 0 | 3< | 128 ]
[ 128 | 1 | >-2 | 0 | 0 | 0 | 0 | 0 | 0 | 0 | 0 | 0 | 0 | 0 | 0 | 0 | 0 | 0 | 0 | 0 | 0 | 4< | 128 ]
[ 128 | 1 | >-3 | 0 | 0 | 0 | 0 | 0 | 0 | 0 | 0 | 0 | 0 | 0 | 0 | 0 | 0 | 0 | 0 | 0 | 0 | 5< | 128 ]
[ 128 | 1 | >-4 | 0 | 0 | 0 | 0 | 0 | 0 | 0 | 0 | 0 | 0 | 0 | 0 | 0 | 0 | 0 | 0 | 0 | 0 | 4< | 128 ]
[ 128 | 1 | >-5 | 0 | 0 | 0 | 0 | 0 | 0 | 0 | 0 | 0 | 0 | 0 | 0 | 0 | 0 | 0 | 0 | 0 | 0 | 4< | 128 ]
[ 128 | 1 | >-6 | 0 | 0 | 0 | 0 | 0 | 0 | 0 | 0 | 0 | 0 | 0 | 0 | 0 | 0 | 0 | 0 | 0 | 0 | 4< | 128 ]
[ 128 | 1 | >-7 | 0 | 0 | 0 | 0 | 0 | 0 | 0 | 0 | 0 | 0 | 0 | 0 | 0 | 0 | 0 | 0 | 0 | 0< | 4 | 128 ]
[ 128 | 1 | >-8 | 0 | 0 | 0 | 0 | 0 | 0 | 0 | 0 | 0 | 0 | 0 | 0 | 0 | 0 | 0 | 0 | 0 | 0< | 4 | 128 ]
[ 128 | 1 | -8 | >0 | 0 | 0 | 0 | 0 | 0 | 0 | 0 | 0 | 0 | 0 | 0 | 0 | 0 | 0 | 0 | 0 | 0< | 4 | 128 ]
[ 128 | 1 | -8 | >1 | 0 | 0 | 0 | 0 | 0 | 0 | 0 | 0 | 0 | 0 | 0 | 0 | 0 | 0 | 0 | 0 | 0< | 4 | 128 ]
[ 128 | 1 | -8 | >2 | 0 | 0 | 0 | 0 | 0 | 0 | 0 | 0 | 0 | 0 | 0 | 0 | 0 | 0 | 0 | 0< | 0 | 4 | 128 ]
[ 128 | 1 | -8 | >3 | 0 | 0 | 0 | 0 | 0 | 0 | 0 | 0 | 0 | 0 | 0 | 0 | 0 | 0 | 0< | 0 | 0 | 4 | 128 ]
[ 128 | 1 | -8 | >4 | 0 | 0 | 0 | 0 | 0 | 0 | 0 | 0 | 0 | 0 | 0 | 0 | 0 | 0 | -1< | 0 | 0 | 4 | 128 ]
[ 128 | 1 | -8 | >5 | 0 | 0 | 0 | 0 | 0 | 0 | 0 | 0 | 0 | 0 | 0 | 0 | 0 | 0 | -1< | 0 | 0 | 4 | 128 ]
[ 128 | 1 | -8 | >6 | 0 | 0 | 0 | 0 | 0 | 0 | 0 | 0 | 0 | 0 | 0 | 0 | 0 | 0 | -1< | 0 | 0 | 4 | 128 ]
[ 128 | 1 | -8 | >7 | 0 | 0 | 0 | 0 | 0 | 0 | 0 | 0 | 0 | 0 | 0 | 0 | 0 | 0< | -1 | 0 | 0 | 4 | 128 ]
[ 128 | 1 | >-8 | 7 | 0 | 0 | 0 | 0 | 0 | 0 | 0 | 0 | 0 | 0 | 0 | 0 | 0 | 0< | -1 | 0 | 0 | 4 | 128 ]
[ 128 | >1 | -8 | 7 | 0 | 0 | 0 | 0 | 0 | 0 | 0 | 0 | 0 | 0 | 0 | 0 | 0 | 0< | -1 | 0 | 0 | 4 | 128 ]
[ 128 | >2 | -8 | 7 | 0 | 0 | 0 | 0 | 0 | 0 | 0 | 0 | 0 | 0 | 0 | 0 | 0 | 0< | -1 | 0 | 0 | 4 | 128 ]
[ 128 | >3 | -8 | 7 | 0 | 0 | 0 | 0 | 0 | 0 | 0 | 0 | 0 | 0 | 0 | 0 | 0< | 0 | -1 | 0 | 0 | 4 | 128 ]
[ 128 | >4 | -8 | 7 | 0 | 0 | 0 | 0 | 0 | 0 | 0 | 0 | 0 | 0 | 0 | 0< | 0 | 0 | -1 | 0 | 0 | 4 | 128 ]
[ 128 | >5 | -8 | 7 | 0 | 0 | 0 | 0 | 0 | 0 | 0 | 0 | 0 | 0 | 0 | -1< | 0 | 0 | -1 | 0 | 0 | 4 | 128 ]
[ 128 | >6 | -8 | 7 | 0 | 0 | 0 | 0 | 0 | 0 | 0 | 0 | 0 | 0 | 0 | -1< | 0 | 0 | -1 | 0 | 0 | 4 | 128 ]
[ 128 | >7 | -8 | 7 | 0 | 0 | 0 | 0 | 0 | 0 | 0 | 0 | 0 | 0 | 0 | -1< | 0 | 0 | -1 | 0 | 0 | 4 | 128 ]
[ 128 | >8 | -8 | 7 | 0 | 0 | 0 | 0 | 0 | 0 | 0 | 0 | 0 | 0 | 0< | -1 | 0 | 0 | -1 | 0 | 0 | 4 | 128 ]
[ 128 | >9 | -8 | 7 | 0 | 0 | 0 | 0 | 0 | 0 | 0 | 0 | 0 | 0 | 0< | -1 | 0 | 0 | -1 | 0 | 0 | 4 | 128 ]
[ 128 | >10 | -8 | 7 | 0 | 0 | 0 | 0 | 0 | 0 | 0 | 0 | 0 | 0 | 0< | -1 | 0 | 0 | -1 | 0 | 0 | 4 | 128 ]
[ 128 | >11 | -8 | 7 | 0 | 0 | 0 | 0 | 0 | 0 | 0 | 0 | 0 | 0 | 0< | -1 | 0 | 0 | -1 | 0 | 0 | 4 | 128 ]
[ 128 | >12 | -8 | 7 | 0 | 0 | 0 | 0 | 0 | 0 | 0 | 0 | 0 | 0< | 0 | -1 | 0 | 0 | -1 | 0 | 0 | 4 | 128 ]
[ 128 | >13 | -8 | 7 | 0 | 0 | 0 | 0 | 0 | 0 | 0 | 0 | 0< | 0 | 0 | -1 | 0 | 0 | -1 | 0 | 0 | 4 | 128 ]
[ 128 | >14 | -8 | 7 | 0 | 0 | 0 | 0 | 0 | 0 | 0 | 0 | -1< | 0 | 0 | -1 | 0 | 0 | -1 | 0 | 0 | 4 | 128 ]
[ 128 | >15 | -8 | 7 | 0 | 0 | 0 | 0 | 0 | 0 | 0 | 0 | -1< | 0 | 0 | -1 | 0 | 0 | -1 | 0 | 0 | 4 | 128 ]
[ 128 | >16 | -8 | 7 | 0 | 0 | 0 | 0 | 0 | 0 | 0 | 0 | -1< | 0 | 0 | -1 | 0 | 0 | -1 | 0 | 0 | 4 | 128 ]
[ 128 | >17 | -8 | 7 | 0 | 0 | 0 | 0 | 0 | 0 | 0 | 0< | -1 | 0 | 0 | -1 | 0 | 0 | -1 | 0 | 0 | 4 | 128 ]
[ 128 | >18 | -8 | 7 | 0 | 0 | 0 | 0 | 0 | 0 | 0 | 0< | -1 | 0 | 0 | -1 | 0 | 0 | -1 | 0 | 0 | 4 | 128 ]
[ 128 | >19 | -8 | 7 | 0 | 0 | 0 | 0 | 0 | 0 | 0 | 0< | -1 | 0 | 0 | -1 | 0 | 0 | -1 | 0 | 0 | 4 | 128 ]
[ 128 | >20 | -8 | 7 | 0 | 0 | 0 | 0 | 0 | 0 | 0 | 0< | -1 | 0 | 0 | -1 | 0 | 0 | -1 | 0 | 0 | 4 | 128 ]
[ 128 | >21 | -8 | 7 | 0 | 0 | 0 | 0 | 0 | 0 | 0< | 0 | -1 | 0 | 0 | -1 | 0 | 0 | -1 | 0 | 0 | 4 | 128 ]
[ 128 | >22 | -8 | 7 | 0 | 0 | 0 | 0 | 0 | 0< | 0 | 0 | -1 | 0 | 0 | -1 | 0 | 0 | -1 | 0 | 0 | 4 | 128 ]
[ 128 | >23 | -8 | 7 | 0 | 0 | 0 | 0 | 0 | -1< | 0 | 0 | -1 | 0 | 0 | -1 | 0 | 0 | -1 | 0 | 0 | 4 | 128 ]
[ 128 | >24 | -8 | 7 | 0 | 0 | 0 | 0 | 0 | -1< | 0 | 0 | -1 | 0 | 0 | -1 | 0 | 0 | -1 | 0 | 0 | 4 | 128 ]
[ 128 | >25 | -8 | 7 | 0 | 0 | 0 | 0 | 0 | -1< | 0 | 0 | -1 | 0 | 0 | -1 | 0 | 0 | -1 | 0 | 0 | 4 | 128 ]
[ 128 | >26 | -8 | 7 | 0 | 0 | 0 | 0 | 0< | -1 | 0 | 0 | -1 | 0 | 0 | -1 | 0 | 0 | -1 | 0 | 0 | 4 | 128 ]
[ 128 | >27 | -8 | 7 | 0 | 0 | 0 | 0 | 0< | -1 | 0 | 0 | -1 | 0 | 0 | -1 | 0 | 0 | -1 | 0 | 0 | 4 | 128 ]
[ 128 | >28 | -8 | 7 | 0 | 0 | 0 | 0 | 0< | -1 | 0 | 0 | -1 | 0 | 0 | -1 | 0 | 0 | -1 | 0 | 0 | 4 | 128 ]
[ 128 | >29 | -8 | 7 | 0 | 0 | 0 | 0 | 0< | -1 | 0 | 0 | -1 | 0 | 0 | -1 | 0 | 0 | -1 | 0 | 0 | 4 | 128 ]
[ 128 | >30 | -8 | 7 | 0 | 0 | 0 | 0< | 0 | -1 | 0 | 0 | -1 | 0 | 0 | -1 | 0 | 0 | -1 | 0 | 0 | 4 | 128 ]
[ 128 | >31 | -8 | 7 | 0 | 0 | 0< | 0 | 0 | -1 | 0 | 0 | -1 | 0 | 0 | -1 | 0 | 0 | -1 | 0 | 0 | 4 | 128 ]
[ 128 | >32 | -8 | 7 | 0 | 0 | -1< | 0 | 0 | -1 | 0 | 0 | -1 | 0 | 0 | -1 | 0 | 0 | -1 | 0 | 0 | 4 | 128 ]
[ 128 | >33 | -8 | 7 | 0 | 0 | -1< | 0 | 0 | -1 | 0 | 0 | -1 | 0 | 0 | -1 | 0 | 0 | -1 | 0 | 0 | 4 | 128 ]
[ 128 | >34 | -8 | 7 | 0 | 0 | -1< | 0 | 0 | -1 | 0 | 0 | -1 | 0 | 0 | -1 | 0 | 0 | -1 | 0 | 0 | 4 | 128 ]
[ 128 | >35 | -8 | 7 | 0 | 0< | -1 | 0 | 0 | -1 | 0 | 0 | -1 | 0 | 0 | -1 | 0 | 0 | -1 | 0 | 0 | 4 | 128 ]
[ 128 | >36 | -8 | 7 | 0 | 0< | -1 | 0 | 0 | -1 | 0 | 0 | -1 | 0 | 0 | -1 | 0 | 0 | -1 | 0 | 0 | 4 | 128 ]
[ 128 | >37 | -8 | 7 | 0 | 0< | -1 | 0 | 0 | -1 | 0 | 0 | -1 | 0 | 0 | -1 | 0 | 0 | -1 | 0 | 0 | 4 | 128 ]
[ 128 | >38 | -8 | 7 | 0 | 0< | -1 | 0 | 0 | -1 | 0 | 0 | -1 | 0 | 0 | -1 | 0 | 0 | -1 | 0 | 0 | 4 | 128 ]
[ 128 | >39 | -8 | 7 | 0< | 0 | -1 | 0 | 0 | -1 | 0 | 0 | -1 | 0 | 0 | -1 | 0 | 0 | -1 | 0 | 0 | 4 | 128 ]
[ 128 | >40 | -8 | 7< | 0 | 0 | -1 | 0 | 0 | -1 | 0 | 0 | -1 | 0 | 0 | -1 | 0 | 0 | -1 | 0 | 0 | 4 | 128 ]
[ 128 | >41 | -8 | 6< | 0 | 0 | -1 | 0 | 0 | -1 | 0 | 0 | -1 | 0 | 0 | -1 | 0 | 0 | -1 | 0 | 0 | 4 | 128 ]
[ 128 | >42 | -8 | 6< | 0 | 0 | -1 | 0 | 0 | -1 | 0 | 0 | -1 | 0 | 0 | -1 | 0 | 0 | -1 | 0 | 0 | 4 | 128 ]
[ 128 | >43 | -8 | 6< | 0 | 0 | -1 | 0 | 0 | -1 | 0 | 0 | -1 | 0 | 0 | -1 | 0 | 0 | -1 | 0 | 0 | 4 | 128 ]
[ 128 | >44 | -8< | 6 | 0 | 0 | -1 | 0 | 0 | -1 | 0 | 0 | -1 | 0 | 0 | -1 | 0 | 0 | -1 | 0 | 0 | 4 | 128 ]
[ 128 | >45 | -8< | 6 | 0 | 0 | -1 | 0 | 0 | -1 | 0 | 0 | -1 | 0 | 0 | -1 | 0 | 0 | -1 | 0 | 0 | 4 | 128 ]
[ 128 | >46 | -8< | 6 | 0 | 0 | -1 | 0 | 0 | -1 | 0 | 0 | -1 | 0 | 0 | -1 | 0 | 0 | -1 | 0 | 0 | 4 | 128 ]
[ 128 | >47< | -8 | 6 | 0 | 0 | -1 | 0 | 0 | -1 | 0 | 0 | -1 | 0 | 0 | -1 | 0 | 0 | -1 | 0 | 0 | 4 | 128 ]
[ 128 | >47< | -8 | 6 | 0 | 0 | -1 | 0 | 0 | -1 | 0 | 0 | -1 | 0 | 0 | -1 | 0 | 0 | -1 | 0 | 0 | 4 | 128 ]
[ 128 | >47< | -8 | 6 | 0 | 0 | -1 | 0 | 0 | -1 | 0 | 0 | -1 | 0 | 0 | -1 | 0 | 0 | -1 | 0 | 0 | 4 | 128 ]
[ 128 | >47< | -8 | 6 | 0 | 0 | -1 | 0 | 0 | -1 | 0 | 0 | -1 | 0 | 0 | -1 | 0 | 0 | -1 | 0 | 0 | 4 | 128 ]
[ 128 | >47< | -8 | 6 | 0 | 0 | -1 | 0 | 0 | -1 | 0 | 0 | -1 | 0 | 0 | -1 | 0 | 0 | -1 | 0 | 0 | 4 | 128 ]
[ 128 | >47< | -8 | 6 | 0 | 0 | -1 | 0 | 0 | -1 | 0 | 0 | -1 | 0 | 0 | -1 | 0 | 0 | -1 | 0 | 0 | 4 | 128 ]
[ 128 | >47< | -8 | 6 | 0 | 0 | -1 | 0 | 0 | -1 | 0 | 0 | -1 | 0 | 0 | -1 | 0 | 0 | -1 | 0 | 0 | 4 | 128 ]
[ 128 | >47< | -8 | 6 | 0 | 0 | -1 | 0 | 0 | -1 | 0 | 0 | -1 | 0 | 0 | -1 | 0 | 0 | -1 | 0 | 0 | 4 | 128 ]
[ 128 | >47< | -8 | 6 | 0 | 0 | -1 | 0 | 0 | -1 | 0 | 0 | -1 | 0 | 0 | -1 | 0 | 0 | -1 | 0 | 0 | 4 | 128 ]
[ 128 | >47< | -8 | 6 | 0 | 0 | -1 | 0 | 0 | -1 | 0 | 0 | -1 | 0 | 0 | -1 | 0 | 0 | -1 | 0 | 0 | 4 | 128 ]
[ 128 | >47< | -8 | 6 | 0 | 0 | -1 | 0 | 0 | -1 | 0 | 0 | -1 | 0 | 0 | -1 | 0 | 0 | -1 | 0 | 0 | 4 | 128 ]
[ 128 | >48< | -8 | 6 | 0 | 0 | -1 | 0 | 0 | -1 | 0 | 0 | -1 | 0 | 0 | -1 | 0 | 0 | -1 | 0 | 0 | 4 | 128 ]
[ 128< | >49 | -8 | 6 | 0 | 0 | -1 | 0 | 0 | -1 | 0 | 0 | -1 | 0 | 0 | -1 | 0 | 0 | -1 | 0 | 0 | 4 | 128 ]
[ 127< | >50 | -8 | 6 | 0 | 0 | -1 | 0 | 0 | -1 | 0 | 0 | -1 | 0 | 0 | -1 | 0 | 0 | -1 | 0 | 0 | 4 | 128 ]
[ 126< | >51 | -8 | 6 | 0 | 0 | -1 | 0 | 0 | -1 | 0 | 0 | -1 | 0 | 0 | -1 | 0 | 0 | -1 | 0 | 0 | 4 | 128 ]
[ 125< | >52 | -8 | 6 | 0 | 0 | -1 | 0 | 0 | -1 | 0 | 0 | -1 | 0 | 0 | -1 | 0 | 0 | -1 | 0 | 0 | 4 | 128 ]
[ 124< | >53 | -8 | 6 | 0 | 0 | -1 | 0 | 0 | -1 | 0 | 0 | -1 | 0 | 0 | -1 | 0 | 0 | -1 | 0 | 0 | 4 | 128 ]
[ 123< | >54 | -8 | 6 | 0 | 0 | -1 | 0 | 0 | -1 | 0 | 0 | -1 | 0 | 0 | -1 | 0 | 0 | -1 | 0 | 0 | 4 | 128 ]
[ 122< | >55 | -8 | 6 | 0 | 0 | -1 | 0 | 0 | -1 | 0 | 0 | -1 | 0 | 0 | -1 | 0 | 0 | -1 | 0 | 0 | 4 | 128 ]
[ 121< | >56 | -8 | 6 | 0 | 0 | -1 | 0 | 0 | -1 | 0 | 0 | -1 | 0 | 0 | -1 | 0 | 0 | -1 | 0 | 0 | 4 | 128 ]
[ 120< | >57 | -8 | 6 | 0 | 0 | -1 | 0 | 0 | -1 | 0 | 0 | -1 | 0 | 0 | -1 | 0 | 0 | -1 | 0 | 0 | 4 | 128 ]
[ 119< | >58 | -8 | 6 | 0 | 0 | -1 | 0 | 0 | -1 | 0 | 0 | -1 | 0 | 0 | -1 | 0 | 0 | -1 | 0 | 0 | 4 | 128 ]
[ 118< | >59 | -8 | 6 | 0 | 0 | -1 | 0 | 0 | -1 | 0 | 0 | -1 | 0 | 0 | -1 | 0 | 0 | -1 | 0 | 0 | 4 | 128 ]
[ 118< | >60 | -8 | 6 | 0 | 0 | -1 | 0 | 0 | -1 | 0 | 0 | -1 | 0 | 0 | -1 | 0 | 0 | -1 | 0 | 0 | 4 | 128 ]
[ 118 | >61 | -8 | 6 | 0 | 0 | -1 | 0 | 0 | -1 | 0 | 0 | -1 | 0 | 0 | -1 | 0 | 0 | -1 | 0 | 0 | 4 | 128< ]

===== ScaredyBot won the battle after 91 cycles =====



===== Starting battle of <ScaredyBot> vs <PrussianRoulette> with memory tape size: 24 =====

[ >128 | 0 | 0 | 0 | 0 | 0 | 0 | 0 | 0 | 0 | 0 | 0 | 0 | 0 | 0 | 0 | 0 | 0 | 0 | 0 | 0 | 0 | 0 | 128< ]
[ 128 | >0 | 0 | 0 | 0 | 0 | 0 | 0 | 0 | 0 | 0 | 0 | 0 | 0 | 0 | 0 | 0 | 0 | 0 | 0 | 0 | 0 | 0< | 128 ]
[ 128 | >1 | 0 | 0 | 0 | 0 | 0 | 0 | 0 | 0 | 0 | 0 | 0 | 0 | 0 | 0 | 0 | 0 | 0 | 0 | 0 | 0 | 1< | 128 ]
[ 128 | 1 | >0 | 0 | 0 | 0 | 0 | 0 | 0 | 0 | 0 | 0 | 0 | 0 | 0 | 0 | 0 | 0 | 0 | 0 | 0 | 0 | 2< | 128 ]
[ 128 | 1 | >-1 | 0 | 0 | 0 | 0 | 0 | 0 | 0 | 0 | 0 | 0 | 0 | 0 | 0 | 0 | 0 | 0 | 0 | 0 | 0 | 3< | 128 ]
[ 128 | 1 | >-2 | 0 | 0 | 0 | 0 | 0 | 0 | 0 | 0 | 0 | 0 | 0 | 0 | 0 | 0 | 0 | 0 | 0 | 0 | 0 | 4< | 128 ]
[ 128 | 1 | >-3 | 0 | 0 | 0 | 0 | 0 | 0 | 0 | 0 | 0 | 0 | 0 | 0 | 0 | 0 | 0 | 0 | 0 | 0 | 0 | 5< | 128 ]
[ 128 | 1 | >-4 | 0 | 0 | 0 | 0 | 0 | 0 | 0 | 0 | 0 | 0 | 0 | 0 | 0 | 0 | 0 | 0 | 0 | 0 | 0 | 4< | 128 ]
[ 128 | 1 | >-5 | 0 | 0 | 0 | 0 | 0 | 0 | 0 | 0 | 0 | 0 | 0 | 0 | 0 | 0 | 0 | 0 | 0 | 0 | 0 | 4< | 128 ]
[ 128 | 1 | >-6 | 0 | 0 | 0 | 0 | 0 | 0 | 0 | 0 | 0 | 0 | 0 | 0 | 0 | 0 | 0 | 0 | 0 | 0 | 0 | 4< | 128 ]
[ 128 | 1 | >-7 | 0 | 0 | 0 | 0 | 0 | 0 | 0 | 0 | 0 | 0 | 0 | 0 | 0 | 0 | 0 | 0 | 0 | 0 | 0< | 4 | 128 ]
[ 128 | 1 | >-8 | 0 | 0 | 0 | 0 | 0 | 0 | 0 | 0 | 0 | 0 | 0 | 0 | 0 | 0 | 0 | 0 | 0 | 0 | 0< | 4 | 128 ]
[ 128 | 1 | -8 | >0 | 0 | 0 | 0 | 0 | 0 | 0 | 0 | 0 | 0 | 0 | 0 | 0 | 0 | 0 | 0 | 0 | 0 | 0< | 4 | 128 ]
[ 128 | 1 | -8 | >1 | 0 | 0 | 0 | 0 | 0 | 0 | 0 | 0 | 0 | 0 | 0 | 0 | 0 | 0 | 0 | 0 | 0 | 0< | 4 | 128 ]
[ 128 | 1 | -8 | >2 | 0 | 0 | 0 | 0 | 0 | 0 | 0 | 0 | 0 | 0 | 0 | 0 | 0 | 0 | 0 | 0 | 0< | 0 | 4 | 128 ]
[ 128 | 1 | -8 | >3 | 0 | 0 | 0 | 0 | 0 | 0 | 0 | 0 | 0 | 0 | 0 | 0 | 0 | 0 | 0 | 0< | 0 | 0 | 4 | 128 ]
[ 128 | 1 | -8 | >4 | 0 | 0 | 0 | 0 | 0 | 0 | 0 | 0 | 0 | 0 | 0 | 0 | 0 | 0 | 0 | -1< | 0 | 0 | 4 | 128 ]
[ 128 | 1 | -8 | >5 | 0 | 0 | 0 | 0 | 0 | 0 | 0 | 0 | 0 | 0 | 0 | 0 | 0 | 0 | 0 | -1< | 0 | 0 | 4 | 128 ]
[ 128 | 1 | -8 | >6 | 0 | 0 | 0 | 0 | 0 | 0 | 0 | 0 | 0 | 0 | 0 | 0 | 0 | 0 | 0 | -1< | 0 | 0 | 4 | 128 ]
[ 128 | 1 | -8 | >7 | 0 | 0 | 0 | 0 | 0 | 0 | 0 | 0 | 0 | 0 | 0 | 0 | 0 | 0 | 0< | -1 | 0 | 0 | 4 | 128 ]
[ 128 | 1 | >-8 | 7 | 0 | 0 | 0 | 0 | 0 | 0 | 0 | 0 | 0 | 0 | 0 | 0 | 0 | 0 | 0< | -1 | 0 | 0 | 4 | 128 ]
[ 128 | >1 | -8 | 7 | 0 | 0 | 0 | 0 | 0 | 0 | 0 | 0 | 0 | 0 | 0 | 0 | 0 | 0 | 0< | -1 | 0 | 0 | 4 | 128 ]
[ 128 | >2 | -8 | 7 | 0 | 0 | 0 | 0 | 0 | 0 | 0 | 0 | 0 | 0 | 0 | 0 | 0 | 0 | 0< | -1 | 0 | 0 | 4 | 128 ]
[ 128 | >3 | -8 | 7 | 0 | 0 | 0 | 0 | 0 | 0 | 0 | 0 | 0 | 0 | 0 | 0 | 0 | 0< | 0 | -1 | 0 | 0 | 4 | 128 ]
[ 128 | >4 | -8 | 7 | 0 | 0 | 0 | 0 | 0 | 0 | 0 | 0 | 0 | 0 | 0 | 0 | 0< | 0 | 0 | -1 | 0 | 0 | 4 | 128 ]
[ 128 | >5 | -8 | 7 | 0 | 0 | 0 | 0 | 0 | 0 | 0 | 0 | 0 | 0 | 0 | 0 | -1< | 0 | 0 | -1 | 0 | 0 | 4 | 128 ]
[ 128 | >6 | -8 | 7 | 0 | 0 | 0 | 0 | 0 | 0 | 0 | 0 | 0 | 0 | 0 | 0 | -1< | 0 | 0 | -1 | 0 | 0 | 4 | 128 ]
[ 128 | >7 | -8 | 7 | 0 | 0 | 0 | 0 | 0 | 0 | 0 | 0 | 0 | 0 | 0 | 0 | -1< | 0 | 0 | -1 | 0 | 0 | 4 | 128 ]
[ 128 | >8 | -8 | 7 | 0 | 0 | 0 | 0 | 0 | 0 | 0 | 0 | 0 | 0 | 0 | 0< | -1 | 0 | 0 | -1 | 0 | 0 | 4 | 128 ]
[ 128 | >9 | -8 | 7 | 0 | 0 | 0 | 0 | 0 | 0 | 0 | 0 | 0 | 0 | 0 | 0< | -1 | 0 | 0 | -1 | 0 | 0 | 4 | 128 ]
[ 128 | >10 | -8 | 7 | 0 | 0 | 0 | 0 | 0 | 0 | 0 | 0 | 0 | 0 | 0 | 0< | -1 | 0 | 0 | -1 | 0 | 0 | 4 | 128 ]
[ 128 | >11 | -8 | 7 | 0 | 0 | 0 | 0 | 0 | 0 | 0 | 0 | 0 | 0 | 0 | 0< | -1 | 0 | 0 | -1 | 0 | 0 | 4 | 128 ]
[ 128 | >12 | -8 | 7 | 0 | 0 | 0 | 0 | 0 | 0 | 0 | 0 | 0 | 0 | 0< | 0 | -1 | 0 | 0 | -1 | 0 | 0 | 4 | 128 ]
[ 128 | >13 | -8 | 7 | 0 | 0 | 0 | 0 | 0 | 0 | 0 | 0 | 0 | 0< | 0 | 0 | -1 | 0 | 0 | -1 | 0 | 0 | 4 | 128 ]
[ 128 | >14 | -8 | 7 | 0 | 0 | 0 | 0 | 0 | 0 | 0 | 0 | 0 | -1< | 0 | 0 | -1 | 0 | 0 | -1 | 0 | 0 | 4 | 128 ]
[ 128 | >15 | -8 | 7 | 0 | 0 | 0 | 0 | 0 | 0 | 0 | 0 | 0 | -1< | 0 | 0 | -1 | 0 | 0 | -1 | 0 | 0 | 4 | 128 ]
[ 128 | >16 | -8 | 7 | 0 | 0 | 0 | 0 | 0 | 0 | 0 | 0 | 0 | -1< | 0 | 0 | -1 | 0 | 0 | -1 | 0 | 0 | 4 | 128 ]
[ 128 | >17 | -8 | 7 | 0 | 0 | 0 | 0 | 0 | 0 | 0 | 0 | 0< | -1 | 0 | 0 | -1 | 0 | 0 | -1 | 0 | 0 | 4 | 128 ]
[ 128 | >18 | -8 | 7 | 0 | 0 | 0 | 0 | 0 | 0 | 0 | 0 | 0< | -1 | 0 | 0 | -1 | 0 | 0 | -1 | 0 | 0 | 4 | 128 ]
[ 128 | >19 | -8 | 7 | 0 | 0 | 0 | 0 | 0 | 0 | 0 | 0 | 0< | -1 | 0 | 0 | -1 | 0 | 0 | -1 | 0 | 0 | 4 | 128 ]
[ 128 | >20 | -8 | 7 | 0 | 0 | 0 | 0 | 0 | 0 | 0 | 0 | 0< | -1 | 0 | 0 | -1 | 0 | 0 | -1 | 0 | 0 | 4 | 128 ]
[ 128 | >21 | -8 | 7 | 0 | 0 | 0 | 0 | 0 | 0 | 0 | 0< | 0 | -1 | 0 | 0 | -1 | 0 | 0 | -1 | 0 | 0 | 4 | 128 ]
[ 128 | >22 | -8 | 7 | 0 | 0 | 0 | 0 | 0 | 0 | 0< | 0 | 0 | -1 | 0 | 0 | -1 | 0 | 0 | -1 | 0 | 0 | 4 | 128 ]
[ 128 | >23 | -8 | 7 | 0 | 0 | 0 | 0 | 0 | 0 | -1< | 0 | 0 | -1 | 0 | 0 | -1 | 0 | 0 | -1 | 0 | 0 | 4 | 128 ]
[ 128 | >24 | -8 | 7 | 0 | 0 | 0 | 0 | 0 | 0 | -1< | 0 | 0 | -1 | 0 | 0 | -1 | 0 | 0 | -1 | 0 | 0 | 4 | 128 ]
[ 128 | >25 | -8 | 7 | 0 | 0 | 0 | 0 | 0 | 0 | -1< | 0 | 0 | -1 | 0 | 0 | -1 | 0 | 0 | -1 | 0 | 0 | 4 | 128 ]
[ 128 | >26 | -8 | 7 | 0 | 0 | 0 | 0 | 0 | 0< | -1 | 0 | 0 | -1 | 0 | 0 | -1 | 0 | 0 | -1 | 0 | 0 | 4 | 128 ]
[ 128 | >27 | -8 | 7 | 0 | 0 | 0 | 0 | 0 | 0< | -1 | 0 | 0 | -1 | 0 | 0 | -1 | 0 | 0 | -1 | 0 | 0 | 4 | 128 ]
[ 128 | >28 | -8 | 7 | 0 | 0 | 0 | 0 | 0 | 0< | -1 | 0 | 0 | -1 | 0 | 0 | -1 | 0 | 0 | -1 | 0 | 0 | 4 | 128 ]
[ 128 | >29 | -8 | 7 | 0 | 0 | 0 | 0 | 0 | 0< | -1 | 0 | 0 | -1 | 0 | 0 | -1 | 0 | 0 | -1 | 0 | 0 | 4 | 128 ]
[ 128 | >30 | -8 | 7 | 0 | 0 | 0 | 0 | 0< | 0 | -1 | 0 | 0 | -1 | 0 | 0 | -1 | 0 | 0 | -1 | 0 | 0 | 4 | 128 ]
[ 128 | >31 | -8 | 7 | 0 | 0 | 0 | 0< | 0 | 0 | -1 | 0 | 0 | -1 | 0 | 0 | -1 | 0 | 0 | -1 | 0 | 0 | 4 | 128 ]
[ 128 | >32 | -8 | 7 | 0 | 0 | 0 | -1< | 0 | 0 | -1 | 0 | 0 | -1 | 0 | 0 | -1 | 0 | 0 | -1 | 0 | 0 | 4 | 128 ]
[ 128 | >33 | -8 | 7 | 0 | 0 | 0 | -1< | 0 | 0 | -1 | 0 | 0 | -1 | 0 | 0 | -1 | 0 | 0 | -1 | 0 | 0 | 4 | 128 ]
[ 128 | >34 | -8 | 7 | 0 | 0 | 0 | -1< | 0 | 0 | -1 | 0 | 0 | -1 | 0 | 0 | -1 | 0 | 0 | -1 | 0 | 0 | 4 | 128 ]
[ 128 | >35 | -8 | 7 | 0 | 0 | 0< | -1 | 0 | 0 | -1 | 0 | 0 | -1 | 0 | 0 | -1 | 0 | 0 | -1 | 0 | 0 | 4 | 128 ]
[ 128 | >36 | -8 | 7 | 0 | 0 | 0< | -1 | 0 | 0 | -1 | 0 | 0 | -1 | 0 | 0 | -1 | 0 | 0 | -1 | 0 | 0 | 4 | 128 ]
[ 128 | >37 | -8 | 7 | 0 | 0 | 0< | -1 | 0 | 0 | -1 | 0 | 0 | -1 | 0 | 0 | -1 | 0 | 0 | -1 | 0 | 0 | 4 | 128 ]
[ 128 | >38 | -8 | 7 | 0 | 0 | 0< | -1 | 0 | 0 | -1 | 0 | 0 | -1 | 0 | 0 | -1 | 0 | 0 | -1 | 0 | 0 | 4 | 128 ]
[ 128 | >39 | -8 | 7 | 0 | 0< | 0 | -1 | 0 | 0 | -1 | 0 | 0 | -1 | 0 | 0 | -1 | 0 | 0 | -1 | 0 | 0 | 4 | 128 ]
[ 128 | >40 | -8 | 7 | 0< | 0 | 0 | -1 | 0 | 0 | -1 | 0 | 0 | -1 | 0 | 0 | -1 | 0 | 0 | -1 | 0 | 0 | 4 | 128 ]
[ 128 | >41 | -8 | 7 | -1< | 0 | 0 | -1 | 0 | 0 | -1 | 0 | 0 | -1 | 0 | 0 | -1 | 0 | 0 | -1 | 0 | 0 | 4 | 128 ]
[ 128 | >42 | -8 | 7 | -1< | 0 | 0 | -1 | 0 | 0 | -1 | 0 | 0 | -1 | 0 | 0 | -1 | 0 | 0 | -1 | 0 | 0 | 4 | 128 ]
[ 128 | >43 | -8 | 7 | -1< | 0 | 0 | -1 | 0 | 0 | -1 | 0 | 0 | -1 | 0 | 0 | -1 | 0 | 0 | -1 | 0 | 0 | 4 | 128 ]
[ 128 | >44 | -8 | 7< | -1 | 0 | 0 | -1 | 0 | 0 | -1 | 0 | 0 | -1 | 0 | 0 | -1 | 0 | 0 | -1 | 0 | 0 | 4 | 128 ]
[ 128 | >45 | -8 | 7< | -1 | 0 | 0 | -1 | 0 | 0 | -1 | 0 | 0 | -1 | 0 | 0 | -1 | 0 | 0 | -1 | 0 | 0 | 4 | 128 ]
[ 128 | >46 | -8 | 7< | -1 | 0 | 0 | -1 | 0 | 0 | -1 | 0 | 0 | -1 | 0 | 0 | -1 | 0 | 0 | -1 | 0 | 0 | 4 | 128 ]
[ 128 | >47 | -8< | 7 | -1 | 0 | 0 | -1 | 0 | 0 | -1 | 0 | 0 | -1 | 0 | 0 | -1 | 0 | 0 | -1 | 0 | 0 | 4 | 128 ]
[ 128 | >48 | -9< | 7 | -1 | 0 | 0 | -1 | 0 | 0 | -1 | 0 | 0 | -1 | 0 | 0 | -1 | 0 | 0 | -1 | 0 | 0 | 4 | 128 ]
[ 128 | >49 | -10< | 7 | -1 | 0 | 0 | -1 | 0 | 0 | -1 | 0 | 0 | -1 | 0 | 0 | -1 | 0 | 0 | -1 | 0 | 0 | 4 | 128 ]
[ 128 | >50 | -11< | 7 | -1 | 0 | 0 | -1 | 0 | 0 | -1 | 0 | 0 | -1 | 0 | 0 | -1 | 0 | 0 | -1 | 0 | 0 | 4 | 128 ]
[ 128 | >51 | -12< | 7 | -1 | 0 | 0 | -1 | 0 | 0 | -1 | 0 | 0 | -1 | 0 | 0 | -1 | 0 | 0 | -1 | 0 | 0 | 4 | 128 ]
[ 128 | >52 | -13< | 7 | -1 | 0 | 0 | -1 | 0 | 0 | -1 | 0 | 0 | -1 | 0 | 0 | -1 | 0 | 0 | -1 | 0 | 0 | 4 | 128 ]
[ 128 | >53 | -14< | 7 | -1 | 0 | 0 | -1 | 0 | 0 | -1 | 0 | 0 | -1 | 0 | 0 | -1 | 0 | 0 | -1 | 0 | 0 | 4 | 128 ]
[ 128 | >54 | -15< | 7 | -1 | 0 | 0 | -1 | 0 | 0 | -1 | 0 | 0 | -1 | 0 | 0 | -1 | 0 | 0 | -1 | 0 | 0 | 4 | 128 ]
[ 128 | >55 | -16< | 7 | -1 | 0 | 0 | -1 | 0 | 0 | -1 | 0 | 0 | -1 | 0 | 0 | -1 | 0 | 0 | -1 | 0 | 0 | 4 | 128 ]
[ 128 | >56 | -17< | 7 | -1 | 0 | 0 | -1 | 0 | 0 | -1 | 0 | 0 | -1 | 0 | 0 | -1 | 0 | 0 | -1 | 0 | 0 | 4 | 128 ]
[ 128 | >57 | -18< | 7 | -1 | 0 | 0 | -1 | 0 | 0 | -1 | 0 | 0 | -1 | 0 | 0 | -1 | 0 | 0 | -1 | 0 | 0 | 4 | 128 ]
[ 128 | >58 | -18< | 7 | -1 | 0 | 0 | -1 | 0 | 0 | -1 | 0 | 0 | -1 | 0 | 0 | -1 | 0 | 0 | -1 | 0 | 0 | 4 | 128 ]
[ 128 | >59< | -18 | 7 | -1 | 0 | 0 | -1 | 0 | 0 | -1 | 0 | 0 | -1 | 0 | 0 | -1 | 0 | 0 | -1 | 0 | 0 | 4 | 128 ]
[ 128 | >59< | -18 | 7 | -1 | 0 | 0 | -1 | 0 | 0 | -1 | 0 | 0 | -1 | 0 | 0 | -1 | 0 | 0 | -1 | 0 | 0 | 4 | 128 ]
[ 128 | >59< | -18 | 7 | -1 | 0 | 0 | -1 | 0 | 0 | -1 | 0 | 0 | -1 | 0 | 0 | -1 | 0 | 0 | -1 | 0 | 0 | 4 | 128 ]
[ 128 | >59< | -18 | 7 | -1 | 0 | 0 | -1 | 0 | 0 | -1 | 0 | 0 | -1 | 0 | 0 | -1 | 0 | 0 | -1 | 0 | 0 | 4 | 128 ]
[ 128 | >59< | -18 | 7 | -1 | 0 | 0 | -1 | 0 | 0 | -1 | 0 | 0 | -1 | 0 | 0 | -1 | 0 | 0 | -1 | 0 | 0 | 4 | 128 ]
[ 128 | >59< | -18 | 7 | -1 | 0 | 0 | -1 | 0 | 0 | -1 | 0 | 0 | -1 | 0 | 0 | -1 | 0 | 0 | -1 | 0 | 0 | 4 | 128 ]
[ 128 | >59< | -18 | 7 | -1 | 0 | 0 | -1 | 0 | 0 | -1 | 0 | 0 | -1 | 0 | 0 | -1 | 0 | 0 | -1 | 0 | 0 | 4 | 128 ]
[ 128 | >59< | -18 | 7 | -1 | 0 | 0 | -1 | 0 | 0 | -1 | 0 | 0 | -1 | 0 | 0 | -1 | 0 | 0 | -1 | 0 | 0 | 4 | 128 ]
[ 128 | >59< | -18 | 7 | -1 | 0 | 0 | -1 | 0 | 0 | -1 | 0 | 0 | -1 | 0 | 0 | -1 | 0 | 0 | -1 | 0 | 0 | 4 | 128 ]
[ 128 | >59< | -18 | 7 | -1 | 0 | 0 | -1 | 0 | 0 | -1 | 0 | 0 | -1 | 0 | 0 | -1 | 0 | 0 | -1 | 0 | 0 | 4 | 128 ]
[ 128 | >59< | -18 | 7 | -1 | 0 | 0 | -1 | 0 | 0 | -1 | 0 | 0 | -1 | 0 | 0 | -1 | 0 | 0 | -1 | 0 | 0 | 4 | 128 ]
[ 128 | >60< | -18 | 7 | -1 | 0 | 0 | -1 | 0 | 0 | -1 | 0 | 0 | -1 | 0 | 0 | -1 | 0 | 0 | -1 | 0 | 0 | 4 | 128 ]
[ 128< | >61 | -18 | 7 | -1 | 0 | 0 | -1 | 0 | 0 | -1 | 0 | 0 | -1 | 0 | 0 | -1 | 0 | 0 | -1 | 0 | 0 | 4 | 128 ]
[ 127< | >62 | -18 | 7 | -1 | 0 | 0 | -1 | 0 | 0 | -1 | 0 | 0 | -1 | 0 | 0 | -1 | 0 | 0 | -1 | 0 | 0 | 4 | 128 ]
[ 126< | >63 | -18 | 7 | -1 | 0 | 0 | -1 | 0 | 0 | -1 | 0 | 0 | -1 | 0 | 0 | -1 | 0 | 0 | -1 | 0 | 0 | 4 | 128 ]
[ 125< | >64 | -18 | 7 | -1 | 0 | 0 | -1 | 0 | 0 | -1 | 0 | 0 | -1 | 0 | 0 | -1 | 0 | 0 | -1 | 0 | 0 | 4 | 128 ]
[ 124< | >65 | -18 | 7 | -1 | 0 | 0 | -1 | 0 | 0 | -1 | 0 | 0 | -1 | 0 | 0 | -1 | 0 | 0 | -1 | 0 | 0 | 4 | 128 ]
[ 123< | >66 | -18 | 7 | -1 | 0 | 0 | -1 | 0 | 0 | -1 | 0 | 0 | -1 | 0 | 0 | -1 | 0 | 0 | -1 | 0 | 0 | 4 | 128 ]
[ 122< | >67 | -18 | 7 | -1 | 0 | 0 | -1 | 0 | 0 | -1 | 0 | 0 | -1 | 0 | 0 | -1 | 0 | 0 | -1 | 0 | 0 | 4 | 128 ]
[ 121< | >68 | -18 | 7 | -1 | 0 | 0 | -1 | 0 | 0 | -1 | 0 | 0 | -1 | 0 | 0 | -1 | 0 | 0 | -1 | 0 | 0 | 4 | 128 ]
[ 120< | >69 | -18 | 7 | -1 | 0 | 0 | -1 | 0 | 0 | -1 | 0 | 0 | -1 | 0 | 0 | -1 | 0 | 0 | -1 | 0 | 0 | 4 | 128 ]
[ 119< | >70 | -18 | 7 | -1 | 0 | 0 | -1 | 0 | 0 | -1 | 0 | 0 | -1 | 0 | 0 | -1 | 0 | 0 | -1 | 0 | 0 | 4 | 128 ]
[ 118< | >71 | -18 | 7 | -1 | 0 | 0 | -1 | 0 | 0 | -1 | 0 | 0 | -1 | 0 | 0 | -1 | 0 | 0 | -1 | 0 | 0 | 4 | 128 ]
[ 118< | >72 | -18 | 7 | -1 | 0 | 0 | -1 | 0 | 0 | -1 | 0 | 0 | -1 | 0 | 0 | -1 | 0 | 0 | -1 | 0 | 0 | 4 | 128 ]
[ 118 | >73 | -18 | 7 | -1 | 0 | 0 | -1 | 0 | 0 | -1 | 0 | 0 | -1 | 0 | 0 | -1 | 0 | 0 | -1 | 0 | 0 | 4 | 128< ]

===== ScaredyBot won the battle after 103 cycles =====



===== Starting battle of <ScaredyBot> vs <PrussianRoulette> with memory tape size: 15 =====

[ >128 | 0 | 0 | 0 | 0 | 0 | 0 | 0 | 0 | 0 | 0 | 0 | 0 | 0 | 128< ]
[ 128 | >0 | 0 | 0 | 0 | 0 | 0 | 0 | 0 | 0 | 0 | 0 | 0 | 0< | 128 ]
[ 128 | >1 | 0 | 0 | 0 | 0 | 0 | 0 | 0 | 0 | 0 | 0 | 0 | 1< | 128 ]
[ 128 | 1 | >0 | 0 | 0 | 0 | 0 | 0 | 0 | 0 | 0 | 0 | 0 | 2< | 128 ]
[ 128 | 1 | >-1 | 0 | 0 | 0 | 0 | 0 | 0 | 0 | 0 | 0 | 0 | 3< | 128 ]
[ 128 | 1 | >-2 | 0 | 0 | 0 | 0 | 0 | 0 | 0 | 0 | 0 | 0 | 4< | 128 ]
[ 128 | 1 | >-3 | 0 | 0 | 0 | 0 | 0 | 0 | 0 | 0 | 0 | 0 | 5< | 128 ]
[ 128 | 1 | >-4 | 0 | 0 | 0 | 0 | 0 | 0 | 0 | 0 | 0 | 0 | 4< | 128 ]
[ 128 | 1 | >-5 | 0 | 0 | 0 | 0 | 0 | 0 | 0 | 0 | 0 | 0 | 4< | 128 ]
[ 128 | 1 | >-6 | 0 | 0 | 0 | 0 | 0 | 0 | 0 | 0 | 0 | 0 | 4< | 128 ]
[ 128 | 1 | >-7 | 0 | 0 | 0 | 0 | 0 | 0 | 0 | 0 | 0 | 0< | 4 | 128 ]
[ 128 | 1 | >-8 | 0 | 0 | 0 | 0 | 0 | 0 | 0 | 0 | 0 | 0< | 4 | 128 ]
[ 128 | 1 | -8 | >0 | 0 | 0 | 0 | 0 | 0 | 0 | 0 | 0 | 0< | 4 | 128 ]
[ 128 | 1 | -8 | >1 | 0 | 0 | 0 | 0 | 0 | 0 | 0 | 0 | 0< | 4 | 128 ]
[ 128 | 1 | -8 | >2 | 0 | 0 | 0 | 0 | 0 | 0 | 0 | 0< | 0 | 4 | 128 ]
[ 128 | 1 | -8 | >3 | 0 | 0 | 0 | 0 | 0 | 0 | 0< | 0 | 0 | 4 | 128 ]
[ 128 | 1 | -8 | >4 | 0 | 0 | 0 | 0 | 0 | 0 | -1< | 0 | 0 | 4 | 128 ]
[ 128 | 1 | -8 | >5 | 0 | 0 | 0 | 0 | 0 | 0 | -1< | 0 | 0 | 4 | 128 ]
[ 128 | 1 | -8 | >6 | 0 | 0 | 0 | 0 | 0 | 0 | -1< | 0 | 0 | 4 | 128 ]
[ 128 | 1 | -8 | >7 | 0 | 0 | 0 | 0 | 0 | 0< | -1 | 0 | 0 | 4 | 128 ]
[ 128 | 1 | >-8 | 7 | 0 | 0 | 0 | 0 | 0 | 0< | -1 | 0 | 0 | 4 | 128 ]
[ 128 | >1 | -8 | 7 | 0 | 0 | 0 | 0 | 0 | 0< | -1 | 0 | 0 | 4 | 128 ]
[ 128 | >2 | -8 | 7 | 0 | 0 | 0 | 0 | 0 | 0< | -1 | 0 | 0 | 4 | 128 ]
[ 128 | >3 | -8 | 7 | 0 | 0 | 0 | 0 | 0< | 0 | -1 | 0 | 0 | 4 | 128 ]
[ 128 | >4 | -8 | 7 | 0 | 0 | 0 | 0< | 0 | 0 | -1 | 0 | 0 | 4 | 128 ]
[ 128 | >5 | -8 | 7 | 0 | 0 | 0 | -1< | 0 | 0 | -1 | 0 | 0 | 4 | 128 ]
[ 128 | >6 | -8 | 7 | 0 | 0 | 0 | -1< | 0 | 0 | -1 | 0 | 0 | 4 | 128 ]
[ 128 | >7 | -8 | 7 | 0 | 0 | 0 | -1< | 0 | 0 | -1 | 0 | 0 | 4 | 128 ]
[ 128 | >8 | -8 | 7 | 0 | 0 | 0< | -1 | 0 | 0 | -1 | 0 | 0 | 4 | 128 ]
[ 128 | >9 | -8 | 7 | 0 | 0 | 0< | -1 | 0 | 0 | -1 | 0 | 0 | 4 | 128 ]
[ 128 | >10 | -8 | 7 | 0 | 0 | 0< | -1 | 0 | 0 | -1 | 0 | 0 | 4 | 128 ]
[ 128 | >11 | -8 | 7 | 0 | 0 | 0< | -1 | 0 | 0 | -1 | 0 | 0 | 4 | 128 ]
[ 128 | >12 | -8 | 7 | 0 | 0< | 0 | -1 | 0 | 0 | -1 | 0 | 0 | 4 | 128 ]
[ 128 | >13 | -8 | 7 | 0< | 0 | 0 | -1 | 0 | 0 | -1 | 0 | 0 | 4 | 128 ]
[ 128 | >14 | -8 | 7 | -1< | 0 | 0 | -1 | 0 | 0 | -1 | 0 | 0 | 4 | 128 ]
[ 128 | >15 | -8 | 7 | -1< | 0 | 0 | -1 | 0 | 0 | -1 | 0 | 0 | 4 | 128 ]
[ 128 | >16 | -8 | 7 | -1< | 0 | 0 | -1 | 0 | 0 | -1 | 0 | 0 | 4 | 128 ]
[ 128 | >17 | -8 | 7< | -1 | 0 | 0 | -1 | 0 | 0 | -1 | 0 | 0 | 4 | 128 ]
[ 128 | >18 | -8 | 7< | -1 | 0 | 0 | -1 | 0 | 0 | -1 | 0 | 0 | 4 | 128 ]
[ 128 | >19 | -8 | 7< | -1 | 0 | 0 | -1 | 0 | 0 | -1 | 0 | 0 | 4 | 128 ]
[ 128 | >20 | -8< | 7 | -1 | 0 | 0 | -1 | 0 | 0 | -1 | 0 | 0 | 4 | 128 ]
[ 128 | >21 | -9< | 7 | -1 | 0 | 0 | -1 | 0 | 0 | -1 | 0 | 0 | 4 | 128 ]
[ 128 | >22 | -10< | 7 | -1 | 0 | 0 | -1 | 0 | 0 | -1 | 0 | 0 | 4 | 128 ]
[ 128 | >23 | -11< | 7 | -1 | 0 | 0 | -1 | 0 | 0 | -1 | 0 | 0 | 4 | 128 ]
[ 128 | >24 | -12< | 7 | -1 | 0 | 0 | -1 | 0 | 0 | -1 | 0 | 0 | 4 | 128 ]
[ 128 | >25 | -13< | 7 | -1 | 0 | 0 | -1 | 0 | 0 | -1 | 0 | 0 | 4 | 128 ]
[ 128 | >26 | -14< | 7 | -1 | 0 | 0 | -1 | 0 | 0 | -1 | 0 | 0 | 4 | 128 ]
[ 128 | >27 | -15< | 7 | -1 | 0 | 0 | -1 | 0 | 0 | -1 | 0 | 0 | 4 | 128 ]
[ 128 | >28 | -16< | 7 | -1 | 0 | 0 | -1 | 0 | 0 | -1 | 0 | 0 | 4 | 128 ]
[ 128 | >29 | -17< | 7 | -1 | 0 | 0 | -1 | 0 | 0 | -1 | 0 | 0 | 4 | 128 ]
[ 128 | >30 | -18< | 7 | -1 | 0 | 0 | -1 | 0 | 0 | -1 | 0 | 0 | 4 | 128 ]
[ 128 | >31 | -18< | 7 | -1 | 0 | 0 | -1 | 0 | 0 | -1 | 0 | 0 | 4 | 128 ]
[ 128 | >32< | -18 | 7 | -1 | 0 | 0 | -1 | 0 | 0 | -1 | 0 | 0 | 4 | 128 ]
[ 128 | >32< | -18 | 7 | -1 | 0 | 0 | -1 | 0 | 0 | -1 | 0 | 0 | 4 | 128 ]
[ 128 | >32< | -18 | 7 | -1 | 0 | 0 | -1 | 0 | 0 | -1 | 0 | 0 | 4 | 128 ]
[ 128 | >32< | -18 | 7 | -1 | 0 | 0 | -1 | 0 | 0 | -1 | 0 | 0 | 4 | 128 ]
[ 128 | >32< | -18 | 7 | -1 | 0 | 0 | -1 | 0 | 0 | -1 | 0 | 0 | 4 | 128 ]
[ 128 | >32< | -18 | 7 | -1 | 0 | 0 | -1 | 0 | 0 | -1 | 0 | 0 | 4 | 128 ]
[ 128 | >32< | -18 | 7 | -1 | 0 | 0 | -1 | 0 | 0 | -1 | 0 | 0 | 4 | 128 ]
[ 128 | >32< | -18 | 7 | -1 | 0 | 0 | -1 | 0 | 0 | -1 | 0 | 0 | 4 | 128 ]
[ 128 | >32< | -18 | 7 | -1 | 0 | 0 | -1 | 0 | 0 | -1 | 0 | 0 | 4 | 128 ]
[ 128 | >32< | -18 | 7 | -1 | 0 | 0 | -1 | 0 | 0 | -1 | 0 | 0 | 4 | 128 ]
[ 128 | >32< | -18 | 7 | -1 | 0 | 0 | -1 | 0 | 0 | -1 | 0 | 0 | 4 | 128 ]
[ 128 | >33< | -18 | 7 | -1 | 0 | 0 | -1 | 0 | 0 | -1 | 0 | 0 | 4 | 128 ]
[ 128< | >34 | -18 | 7 | -1 | 0 | 0 | -1 | 0 | 0 | -1 | 0 | 0 | 4 | 128 ]
[ 127< | >35 | -18 | 7 | -1 | 0 | 0 | -1 | 0 | 0 | -1 | 0 | 0 | 4 | 128 ]
[ 126< | >36 | -18 | 7 | -1 | 0 | 0 | -1 | 0 | 0 | -1 | 0 | 0 | 4 | 128 ]
[ 125< | >37 | -18 | 7 | -1 | 0 | 0 | -1 | 0 | 0 | -1 | 0 | 0 | 4 | 128 ]
[ 124< | >38 | -18 | 7 | -1 | 0 | 0 | -1 | 0 | 0 | -1 | 0 | 0 | 4 | 128 ]
[ 123< | >39 | -18 | 7 | -1 | 0 | 0 | -1 | 0 | 0 | -1 | 0 | 0 | 4 | 128 ]
[ 122< | >40 | -18 | 7 | -1 | 0 | 0 | -1 | 0 | 0 | -1 | 0 | 0 | 4 | 128 ]
[ 121< | >41 | -18 | 7 | -1 | 0 | 0 | -1 | 0 | 0 | -1 | 0 | 0 | 4 | 128 ]
[ 120< | >42 | -18 | 7 | -1 | 0 | 0 | -1 | 0 | 0 | -1 | 0 | 0 | 4 | 128 ]
[ 119< | >43 | -18 | 7 | -1 | 0 | 0 | -1 | 0 | 0 | -1 | 0 | 0 | 4 | 128 ]
[ 118< | >44 | -18 | 7 | -1 | 0 | 0 | -1 | 0 | 0 | -1 | 0 | 0 | 4 | 128 ]
[ 118< | >45 | -18 | 7 | -1 | 0 | 0 | -1 | 0 | 0 | -1 | 0 | 0 | 4 | 128 ]
[ 118 | >46 | -18 | 7 | -1 | 0 | 0 | -1 | 0 | 0 | -1 | 0 | 0 | 4 | 128< ]

===== ScaredyBot won the battle after 76 cycles =====



===== Starting battle of <ScaredyBot> vs <PrussianRoulette> with memory tape size: 30 =====

[ >128 | 0 | 0 | 0 | 0 | 0 | 0 | 0 | 0 | 0 | 0 | 0 | 0 | 0 | 0 | 0 | 0 | 0 | 0 | 0 | 0 | 0 | 0 | 0 | 0 | 0 | 0 | 0 | 0 | 128< ]
[ 128 | >0 | 0 | 0 | 0 | 0 | 0 | 0 | 0 | 0 | 0 | 0 | 0 | 0 | 0 | 0 | 0 | 0 | 0 | 0 | 0 | 0 | 0 | 0 | 0 | 0 | 0 | 0 | 0< | 128 ]
[ 128 | >1 | 0 | 0 | 0 | 0 | 0 | 0 | 0 | 0 | 0 | 0 | 0 | 0 | 0 | 0 | 0 | 0 | 0 | 0 | 0 | 0 | 0 | 0 | 0 | 0 | 0 | 0 | 1< | 128 ]
[ 128 | 1 | >0 | 0 | 0 | 0 | 0 | 0 | 0 | 0 | 0 | 0 | 0 | 0 | 0 | 0 | 0 | 0 | 0 | 0 | 0 | 0 | 0 | 0 | 0 | 0 | 0 | 0 | 2< | 128 ]
[ 128 | 1 | >-1 | 0 | 0 | 0 | 0 | 0 | 0 | 0 | 0 | 0 | 0 | 0 | 0 | 0 | 0 | 0 | 0 | 0 | 0 | 0 | 0 | 0 | 0 | 0 | 0 | 0 | 3< | 128 ]
[ 128 | 1 | >-2 | 0 | 0 | 0 | 0 | 0 | 0 | 0 | 0 | 0 | 0 | 0 | 0 | 0 | 0 | 0 | 0 | 0 | 0 | 0 | 0 | 0 | 0 | 0 | 0 | 0 | 4< | 128 ]
[ 128 | 1 | >-3 | 0 | 0 | 0 | 0 | 0 | 0 | 0 | 0 | 0 | 0 | 0 | 0 | 0 | 0 | 0 | 0 | 0 | 0 | 0 | 0 | 0 | 0 | 0 | 0 | 0 | 5< | 128 ]
[ 128 | 1 | >-4 | 0 | 0 | 0 | 0 | 0 | 0 | 0 | 0 | 0 | 0 | 0 | 0 | 0 | 0 | 0 | 0 | 0 | 0 | 0 | 0 | 0 | 0 | 0 | 0 | 0 | 4< | 128 ]
[ 128 | 1 | >-5 | 0 | 0 | 0 | 0 | 0 | 0 | 0 | 0 | 0 | 0 | 0 | 0 | 0 | 0 | 0 | 0 | 0 | 0 | 0 | 0 | 0 | 0 | 0 | 0 | 0 | 4< | 128 ]
[ 128 | 1 | >-6 | 0 | 0 | 0 | 0 | 0 | 0 | 0 | 0 | 0 | 0 | 0 | 0 | 0 | 0 | 0 | 0 | 0 | 0 | 0 | 0 | 0 | 0 | 0 | 0 | 0 | 4< | 128 ]
[ 128 | 1 | >-7 | 0 | 0 | 0 | 0 | 0 | 0 | 0 | 0 | 0 | 0 | 0 | 0 | 0 | 0 | 0 | 0 | 0 | 0 | 0 | 0 | 0 | 0 | 0 | 0 | 0< | 4 | 128 ]
[ 128 | 1 | >-8 | 0 | 0 | 0 | 0 | 0 | 0 | 0 | 0 | 0 | 0 | 0 | 0 | 0 | 0 | 0 | 0 | 0 | 0 | 0 | 0 | 0 | 0 | 0 | 0 | 0< | 4 | 128 ]
[ 128 | 1 | -8 | >0 | 0 | 0 | 0 | 0 | 0 | 0 | 0 | 0 | 0 | 0 | 0 | 0 | 0 | 0 | 0 | 0 | 0 | 0 | 0 | 0 | 0 | 0 | 0 | 0< | 4 | 128 ]
[ 128 | 1 | -8 | >1 | 0 | 0 | 0 | 0 | 0 | 0 | 0 | 0 | 0 | 0 | 0 | 0 | 0 | 0 | 0 | 0 | 0 | 0 | 0 | 0 | 0 | 0 | 0 | 0< | 4 | 128 ]
[ 128 | 1 | -8 | >2 | 0 | 0 | 0 | 0 | 0 | 0 | 0 | 0 | 0 | 0 | 0 | 0 | 0 | 0 | 0 | 0 | 0 | 0 | 0 | 0 | 0 | 0 | 0< | 0 | 4 | 128 ]
[ 128 | 1 | -8 | >3 | 0 | 0 | 0 | 0 | 0 | 0 | 0 | 0 | 0 | 0 | 0 | 0 | 0 | 0 | 0 | 0 | 0 | 0 | 0 | 0 | 0 | 0< | 0 | 0 | 4 | 128 ]
[ 128 | 1 | -8 | >4 | 0 | 0 | 0 | 0 | 0 | 0 | 0 | 0 | 0 | 0 | 0 | 0 | 0 | 0 | 0 | 0 | 0 | 0 | 0 | 0 | 0 | -1< | 0 | 0 | 4 | 128 ]
[ 128 | 1 | -8 | >5 | 0 | 0 | 0 | 0 | 0 | 0 | 0 | 0 | 0 | 0 | 0 | 0 | 0 | 0 | 0 | 0 | 0 | 0 | 0 | 0 | 0 | -1< | 0 | 0 | 4 | 128 ]
[ 128 | 1 | -8 | >6 | 0 | 0 | 0 | 0 | 0 | 0 | 0 | 0 | 0 | 0 | 0 | 0 | 0 | 0 | 0 | 0 | 0 | 0 | 0 | 0 | 0 | -1< | 0 | 0 | 4 | 128 ]
[ 128 | 1 | -8 | >7 | 0 | 0 | 0 | 0 | 0 | 0 | 0 | 0 | 0 | 0 | 0 | 0 | 0 | 0 | 0 | 0 | 0 | 0 | 0 | 0 | 0< | -1 | 0 | 0 | 4 | 128 ]
[ 128 | 1 | >-8 | 7 | 0 | 0 | 0 | 0 | 0 | 0 | 0 | 0 | 0 | 0 | 0 | 0 | 0 | 0 | 0 | 0 | 0 | 0 | 0 | 0 | 0< | -1 | 0 | 0 | 4 | 128 ]
[ 128 | >1 | -8 | 7 | 0 | 0 | 0 | 0 | 0 | 0 | 0 | 0 | 0 | 0 | 0 | 0 | 0 | 0 | 0 | 0 | 0 | 0 | 0 | 0 | 0< | -1 | 0 | 0 | 4 | 128 ]
[ 128 | >2 | -8 | 7 | 0 | 0 | 0 | 0 | 0 | 0 | 0 | 0 | 0 | 0 | 0 | 0 | 0 | 0 | 0 | 0 | 0 | 0 | 0 | 0 | 0< | -1 | 0 | 0 | 4 | 128 ]
[ 128 | >3 | -8 | 7 | 0 | 0 | 0 | 0 | 0 | 0 | 0 | 0 | 0 | 0 | 0 | 0 | 0 | 0 | 0 | 0 | 0 | 0 | 0 | 0< | 0 | -1 | 0 | 0 | 4 | 128 ]
[ 128 | >4 | -8 | 7 | 0 | 0 | 0 | 0 | 0 | 0 | 0 | 0 | 0 | 0 | 0 | 0 | 0 | 0 | 0 | 0 | 0 | 0 | 0< | 0 | 0 | -1 | 0 | 0 | 4 | 128 ]
[ 128 | >5 | -8 | 7 | 0 | 0 | 0 | 0 | 0 | 0 | 0 | 0 | 0 | 0 | 0 | 0 | 0 | 0 | 0 | 0 | 0 | 0 | -1< | 0 | 0 | -1 | 0 | 0 | 4 | 128 ]
[ 128 | >6 | -8 | 7 | 0 | 0 | 0 | 0 | 0 | 0 | 0 | 0 | 0 | 0 | 0 | 0 | 0 | 0 | 0 | 0 | 0 | 0 | -1< | 0 | 0 | -1 | 0 | 0 | 4 | 128 ]
[ 128 | >7 | -8 | 7 | 0 | 0 | 0 | 0 | 0 | 0 | 0 | 0 | 0 | 0 | 0 | 0 | 0 | 0 | 0 | 0 | 0 | 0 | -1< | 0 | 0 | -1 | 0 | 0 | 4 | 128 ]
[ 128 | >8 | -8 | 7 | 0 | 0 | 0 | 0 | 0 | 0 | 0 | 0 | 0 | 0 | 0 | 0 | 0 | 0 | 0 | 0 | 0 | 0< | -1 | 0 | 0 | -1 | 0 | 0 | 4 | 128 ]
[ 128 | >9 | -8 | 7 | 0 | 0 | 0 | 0 | 0 | 0 | 0 | 0 | 0 | 0 | 0 | 0 | 0 | 0 | 0 | 0 | 0 | 0< | -1 | 0 | 0 | -1 | 0 | 0 | 4 | 128 ]
[ 128 | >10 | -8 | 7 | 0 | 0 | 0 | 0 | 0 | 0 | 0 | 0 | 0 | 0 | 0 | 0 | 0 | 0 | 0 | 0 | 0 | 0< | -1 | 0 | 0 | -1 | 0 | 0 | 4 | 128 ]
[ 128 | >11 | -8 | 7 | 0 | 0 | 0 | 0 | 0 | 0 | 0 | 0 | 0 | 0 | 0 | 0 | 0 | 0 | 0 | 0 | 0 | 0< | -1 | 0 | 0 | -1 | 0 | 0 | 4 | 128 ]
[ 128 | >12 | -8 | 7 | 0 | 0 | 0 | 0 | 0 | 0 | 0 | 0 | 0 | 0 | 0 | 0 | 0 | 0 | 0 | 0 | 0< | 0 | -1 | 0 | 0 | -1 | 0 | 0 | 4 | 128 ]
[ 128 | >13 | -8 | 7 | 0 | 0 | 0 | 0 | 0 | 0 | 0 | 0 | 0 | 0 | 0 | 0 | 0 | 0 | 0 | 0< | 0 | 0 | -1 | 0 | 0 | -1 | 0 | 0 | 4 | 128 ]
[ 128 | >14 | -8 | 7 | 0 | 0 | 0 | 0 | 0 | 0 | 0 | 0 | 0 | 0 | 0 | 0 | 0 | 0 | 0 | -1< | 0 | 0 | -1 | 0 | 0 | -1 | 0 | 0 | 4 | 128 ]
[ 128 | >15 | -8 | 7 | 0 | 0 | 0 | 0 | 0 | 0 | 0 | 0 | 0 | 0 | 0 | 0 | 0 | 0 | 0 | -1< | 0 | 0 | -1 | 0 | 0 | -1 | 0 | 0 | 4 | 128 ]
[ 128 | >16 | -8 | 7 | 0 | 0 | 0 | 0 | 0 | 0 | 0 | 0 | 0 | 0 | 0 | 0 | 0 | 0 | 0 | -1< | 0 | 0 | -1 | 0 | 0 | -1 | 0 | 0 | 4 | 128 ]
[ 128 | >17 | -8 | 7 | 0 | 0 | 0 | 0 | 0 | 0 | 0 | 0 | 0 | 0 | 0 | 0 | 0 | 0 | 0< | -1 | 0 | 0 | -1 | 0 | 0 | -1 | 0 | 0 | 4 | 128 ]
[ 128 | >18 | -8 | 7 | 0 | 0 | 0 | 0 | 0 | 0 | 0 | 0 | 0 | 0 | 0 | 0 | 0 | 0 | 0< | -1 | 0 | 0 | -1 | 0 | 0 | -1 | 0 | 0 | 4 | 128 ]
[ 128 | >19 | -8 | 7 | 0 | 0 | 0 | 0 | 0 | 0 | 0 | 0 | 0 | 0 | 0 | 0 | 0 | 0 | 0< | -1 | 0 | 0 | -1 | 0 | 0 | -1 | 0 | 0 | 4 | 128 ]
[ 128 | >20 | -8 | 7 | 0 | 0 | 0 | 0 | 0 | 0 | 0 | 0 | 0 | 0 | 0 | 0 | 0 | 0 | 0< | -1 | 0 | 0 | -1 | 0 | 0 | -1 | 0 | 0 | 4 | 128 ]
[ 128 | >21 | -8 | 7 | 0 | 0 | 0 | 0 | 0 | 0 | 0 | 0 | 0 | 0 | 0 | 0 | 0 | 0< | 0 | -1 | 0 | 0 | -1 | 0 | 0 | -1 | 0 | 0 | 4 | 128 ]
[ 128 | >22 | -8 | 7 | 0 | 0 | 0 | 0 | 0 | 0 | 0 | 0 | 0 | 0 | 0 | 0 | 0< | 0 | 0 | -1 | 0 | 0 | -1 | 0 | 0 | -1 | 0 | 0 | 4 | 128 ]
[ 128 | >23 | -8 | 7 | 0 | 0 | 0 | 0 | 0 | 0 | 0 | 0 | 0 | 0 | 0 | 0 | -1< | 0 | 0 | -1 | 0 | 0 | -1 | 0 | 0 | -1 | 0 | 0 | 4 | 128 ]
[ 128 | >24 | -8 | 7 | 0 | 0 | 0 | 0 | 0 | 0 | 0 | 0 | 0 | 0 | 0 | 0 | -1< | 0 | 0 | -1 | 0 | 0 | -1 | 0 | 0 | -1 | 0 | 0 | 4 | 128 ]
[ 128 | >25 | -8 | 7 | 0 | 0 | 0 | 0 | 0 | 0 | 0 | 0 | 0 | 0 | 0 | 0 | -1< | 0 | 0 | -1 | 0 | 0 | -1 | 0 | 0 | -1 | 0 | 0 | 4 | 128 ]
[ 128 | >26 | -8 | 7 | 0 | 0 | 0 | 0 | 0 | 0 | 0 | 0 | 0 | 0 | 0 | 0< | -1 | 0 | 0 | -1 | 0 | 0 | -1 | 0 | 0 | -1 | 0 | 0 | 4 | 128 ]
[ 128 | >27 | -8 | 7 | 0 | 0 | 0 | 0 | 0 | 0 | 0 | 0 | 0 | 0 | 0 | 0< | -1 | 0 | 0 | -1 | 0 | 0 | -1 | 0 | 0 | -1 | 0 | 0 | 4 | 128 ]
[ 128 | >28 | -8 | 7 | 0 | 0 | 0 | 0 | 0 | 0 | 0 | 0 | 0 | 0 | 0 | 0< | -1 | 0 | 0 | -1 | 0 | 0 | -1 | 0 | 0 | -1 | 0 | 0 | 4 | 128 ]
[ 128 | >29 | -8 | 7 | 0 | 0 | 0 | 0 | 0 | 0 | 0 | 0 | 0 | 0 | 0 | 0< | -1 | 0 | 0 | -1 | 0 | 0 | -1 | 0 | 0 | -1 | 0 | 0 | 4 | 128 ]
[ 128 | >30 | -8 | 7 | 0 | 0 | 0 | 0 | 0 | 0 | 0 | 0 | 0 | 0 | 0< | 0 | -1 | 0 | 0 | -1 | 0 | 0 | -1 | 0 | 0 | -1 | 0 | 0 | 4 | 128 ]
[ 128 | >31 | -8 | 7 | 0 | 0 | 0 | 0 | 0 | 0 | 0 | 0 | 0 | 0< | 0 | 0 | -1 | 0 | 0 | -1 | 0 | 0 | -1 | 0 | 0 | -1 | 0 | 0 | 4 | 128 ]
[ 128 | >32 | -8 | 7 | 0 | 0 | 0 | 0 | 0 | 0 | 0 | 0 | 0 | -1< | 0 | 0 | -1 | 0 | 0 | -1 | 0 | 0 | -1 | 0 | 0 | -1 | 0 | 0 | 4 | 128 ]
[ 128 | >33 | -8 | 7 | 0 | 0 | 0 | 0 | 0 | 0 | 0 | 0 | 0 | -1< | 0 | 0 | -1 | 0 | 0 | -1 | 0 | 0 | -1 | 0 | 0 | -1 | 0 | 0 | 4 | 128 ]
[ 128 | >34 | -8 | 7 | 0 | 0 | 0 | 0 | 0 | 0 | 0 | 0 | 0 | -1< | 0 | 0 | -1 | 0 | 0 | -1 | 0 | 0 | -1 | 0 | 0 | -1 | 0 | 0 | 4 | 128 ]
[ 128 | >35 | -8 | 7 | 0 | 0 | 0 | 0 | 0 | 0 | 0 | 0 | 0< | -1 | 0 | 0 | -1 | 0 | 0 | -1 | 0 | 0 | -1 | 0 | 0 | -1 | 0 | 0 | 4 | 128 ]
[ 128 | >36 | -8 | 7 | 0 | 0 | 0 | 0 | 0 | 0 | 0 | 0 | 0< | -1 | 0 | 0 | -1 | 0 | 0 | -1 | 0 | 0 | -1 | 0 | 0 | -1 | 0 | 0 | 4 | 128 ]
[ 128 | >37 | -8 | 7 | 0 | 0 | 0 | 0 | 0 | 0 | 0 | 0 | 0< | -1 | 0 | 0 | -1 | 0 | 0 | -1 | 0 | 0 | -1 | 0 | 0 | -1 | 0 | 0 | 4 | 128 ]
[ 128 | >38 | -8 | 7 | 0 | 0 | 0 | 0 | 0 | 0 | 0 | 0 | 0< | -1 | 0 | 0 | -1 | 0 | 0 | -1 | 0 | 0 | -1 | 0 | 0 | -1 | 0 | 0 | 4 | 128 ]
[ 128 | >39 | -8 | 7 | 0 | 0 | 0 | 0 | 0 | 0 | 0 | 0< | 0 | -1 | 0 | 0 | -1 | 0 | 0 | -1 | 0 | 0 | -1 | 0 | 0 | -1 | 0 | 0 | 4 | 128 ]
[ 128 | >40 | -8 | 7 | 0 | 0 | 0 | 0 | 0 | 0 | 0< | 0 | 0 | -1 | 0 | 0 | -1 | 0 | 0 | -1 | 0 | 0 | -1 | 0 | 0 | -1 | 0 | 0 | 4 | 128 ]
[ 128 | >41 | -8 | 7 | 0 | 0 | 0 | 0 | 0 | 0 | -1< | 0 | 0 | -1 | 0 | 0 | -1 | 0 | 0 | -1 | 0 | 0 | -1 | 0 | 0 | -1 | 0 | 0 | 4 | 128 ]
[ 128 | >42 | -8 | 7 | 0 | 0 | 0 | 0 | 0 | 0 | -1< | 0 | 0 | -1 | 0 | 0 | -1 | 0 | 0 | -1 | 0 | 0 | -1 | 0 | 0 | -1 | 0 | 0 | 4 | 128 ]
[ 128 | >43 | -8 | 7 | 0 | 0 | 0 | 0 | 0 | 0 | -1< | 0 | 0 | -1 | 0 | 0 | -1 | 0 | 0 | -1 | 0 | 0 | -1 | 0 | 0 | -1 | 0 | 0 | 4 | 128 ]
[ 128 | >44 | -8 | 7 | 0 | 0 | 0 | 0 | 0 | 0< | -1 | 0 | 0 | -1 | 0 | 0 | -1 | 0 | 0 | -1 | 0 | 0 | -1 | 0 | 0 | -1 | 0 | 0 | 4 | 128 ]
[ 128 | >45 | -8 | 7 | 0 | 0 | 0 | 0 | 0 | 0< | -1 | 0 | 0 | -1 | 0 | 0 | -1 | 0 | 0 | -1 | 0 | 0 | -1 | 0 | 0 | -1 | 0 | 0 | 4 | 128 ]
[ 128 | >46 | -8 | 7 | 0 | 0 | 0 | 0 | 0 | 0< | -1 | 0 | 0 | -1 | 0 | 0 | -1 | 0 | 0 | -1 | 0 | 0 | -1 | 0 | 0 | -1 | 0 | 0 | 4 | 128 ]
[ 128 | >47 | -8 | 7 | 0 | 0 | 0 | 0 | 0 | 0< | -1 | 0 | 0 | -1 | 0 | 0 | -1 | 0 | 0 | -1 | 0 | 0 | -1 | 0 | 0 | -1 | 0 | 0 | 4 | 128 ]
[ 128 | >48 | -8 | 7 | 0 | 0 | 0 | 0 | 0< | 0 | -1 | 0 | 0 | -1 | 0 | 0 | -1 | 0 | 0 | -1 | 0 | 0 | -1 | 0 | 0 | -1 | 0 | 0 | 4 | 128 ]
[ 128 | >49 | -8 | 7 | 0 | 0 | 0 | 0< | 0 | 0 | -1 | 0 | 0 | -1 | 0 | 0 | -1 | 0 | 0 | -1 | 0 | 0 | -1 | 0 | 0 | -1 | 0 | 0 | 4 | 128 ]
[ 128 | >50 | -8 | 7 | 0 | 0 | 0 | -1< | 0 | 0 | -1 | 0 | 0 | -1 | 0 | 0 | -1 | 0 | 0 | -1 | 0 | 0 | -1 | 0 | 0 | -1 | 0 | 0 | 4 | 128 ]
[ 128 | >51 | -8 | 7 | 0 | 0 | 0 | -1< | 0 | 0 | -1 | 0 | 0 | -1 | 0 | 0 | -1 | 0 | 0 | -1 | 0 | 0 | -1 | 0 | 0 | -1 | 0 | 0 | 4 | 128 ]
[ 128 | >52 | -8 | 7 | 0 | 0 | 0 | -1< | 0 | 0 | -1 | 0 | 0 | -1 | 0 | 0 | -1 | 0 | 0 | -1 | 0 | 0 | -1 | 0 | 0 | -1 | 0 | 0 | 4 | 128 ]
[ 128 | >53 | -8 | 7 | 0 | 0 | 0< | -1 | 0 | 0 | -1 | 0 | 0 | -1 | 0 | 0 | -1 | 0 | 0 | -1 | 0 | 0 | -1 | 0 | 0 | -1 | 0 | 0 | 4 | 128 ]
[ 128 | >54 | -8 | 7 | 0 | 0 | 0< | -1 | 0 | 0 | -1 | 0 | 0 | -1 | 0 | 0 | -1 | 0 | 0 | -1 | 0 | 0 | -1 | 0 | 0 | -1 | 0 | 0 | 4 | 128 ]
[ 128 | >55 | -8 | 7 | 0 | 0 | 0< | -1 | 0 | 0 | -1 | 0 | 0 | -1 | 0 | 0 | -1 | 0 | 0 | -1 | 0 | 0 | -1 | 0 | 0 | -1 | 0 | 0 | 4 | 128 ]
[ 128 | >56 | -8 | 7 | 0 | 0 | 0< | -1 | 0 | 0 | -1 | 0 | 0 | -1 | 0 | 0 | -1 | 0 | 0 | -1 | 0 | 0 | -1 | 0 | 0 | -1 | 0 | 0 | 4 | 128 ]
[ 128 | >57 | -8 | 7 | 0 | 0< | 0 | -1 | 0 | 0 | -1 | 0 | 0 | -1 | 0 | 0 | -1 | 0 | 0 | -1 | 0 | 0 | -1 | 0 | 0 | -1 | 0 | 0 | 4 | 128 ]
[ 128 | >58 | -8 | 7 | 0< | 0 | 0 | -1 | 0 | 0 | -1 | 0 | 0 | -1 | 0 | 0 | -1 | 0 | 0 | -1 | 0 | 0 | -1 | 0 | 0 | -1 | 0 | 0 | 4 | 128 ]
[ 128 | >59 | -8 | 7 | -1< | 0 | 0 | -1 | 0 | 0 | -1 | 0 | 0 | -1 | 0 | 0 | -1 | 0 | 0 | -1 | 0 | 0 | -1 | 0 | 0 | -1 | 0 | 0 | 4 | 128 ]
[ 128 | >60 | -8 | 7 | -1< | 0 | 0 | -1 | 0 | 0 | -1 | 0 | 0 | -1 | 0 | 0 | -1 | 0 | 0 | -1 | 0 | 0 | -1 | 0 | 0 | -1 | 0 | 0 | 4 | 128 ]
[ 128 | >61 | -8 | 7 | -1< | 0 | 0 | -1 | 0 | 0 | -1 | 0 | 0 | -1 | 0 | 0 | -1 | 0 | 0 | -1 | 0 | 0 | -1 | 0 | 0 | -1 | 0 | 0 | 4 | 128 ]
[ 128 | >62 | -8 | 7< | -1 | 0 | 0 | -1 | 0 | 0 | -1 | 0 | 0 | -1 | 0 | 0 | -1 | 0 | 0 | -1 | 0 | 0 | -1 | 0 | 0 | -1 | 0 | 0 | 4 | 128 ]
[ 128 | >63 | -8 | 7< | -1 | 0 | 0 | -1 | 0 | 0 | -1 | 0 | 0 | -1 | 0 | 0 | -1 | 0 | 0 | -1 | 0 | 0 | -1 | 0 | 0 | -1 | 0 | 0 | 4 | 128 ]
[ 128 | >64 | -8 | 7< | -1 | 0 | 0 | -1 | 0 | 0 | -1 | 0 | 0 | -1 | 0 | 0 | -1 | 0 | 0 | -1 | 0 | 0 | -1 | 0 | 0 | -1 | 0 | 0 | 4 | 128 ]
[ 128 | >65 | -8< | 7 | -1 | 0 | 0 | -1 | 0 | 0 | -1 | 0 | 0 | -1 | 0 | 0 | -1 | 0 | 0 | -1 | 0 | 0 | -1 | 0 | 0 | -1 | 0 | 0 | 4 | 128 ]
[ 128 | >66 | -9< | 7 | -1 | 0 | 0 | -1 | 0 | 0 | -1 | 0 | 0 | -1 | 0 | 0 | -1 | 0 | 0 | -1 | 0 | 0 | -1 | 0 | 0 | -1 | 0 | 0 | 4 | 128 ]
[ 128 | >67 | -10< | 7 | -1 | 0 | 0 | -1 | 0 | 0 | -1 | 0 | 0 | -1 | 0 | 0 | -1 | 0 | 0 | -1 | 0 | 0 | -1 | 0 | 0 | -1 | 0 | 0 | 4 | 128 ]
[ 128 | >68 | -11< | 7 | -1 | 0 | 0 | -1 | 0 | 0 | -1 | 0 | 0 | -1 | 0 | 0 | -1 | 0 | 0 | -1 | 0 | 0 | -1 | 0 | 0 | -1 | 0 | 0 | 4 | 128 ]
[ 128 | >69 | -12< | 7 | -1 | 0 | 0 | -1 | 0 | 0 | -1 | 0 | 0 | -1 | 0 | 0 | -1 | 0 | 0 | -1 | 0 | 0 | -1 | 0 | 0 | -1 | 0 | 0 | 4 | 128 ]
[ 128 | >70 | -13< | 7 | -1 | 0 | 0 | -1 | 0 | 0 | -1 | 0 | 0 | -1 | 0 | 0 | -1 | 0 | 0 | -1 | 0 | 0 | -1 | 0 | 0 | -1 | 0 | 0 | 4 | 128 ]
[ 128 | >71 | -14< | 7 | -1 | 0 | 0 | -1 | 0 | 0 | -1 | 0 | 0 | -1 | 0 | 0 | -1 | 0 | 0 | -1 | 0 | 0 | -1 | 0 | 0 | -1 | 0 | 0 | 4 | 128 ]
[ 128 | >72 | -15< | 7 | -1 | 0 | 0 | -1 | 0 | 0 | -1 | 0 | 0 | -1 | 0 | 0 | -1 | 0 | 0 | -1 | 0 | 0 | -1 | 0 | 0 | -1 | 0 | 0 | 4 | 128 ]
[ 128 | >73 | -16< | 7 | -1 | 0 | 0 | -1 | 0 | 0 | -1 | 0 | 0 | -1 | 0 | 0 | -1 | 0 | 0 | -1 | 0 | 0 | -1 | 0 | 0 | -1 | 0 | 0 | 4 | 128 ]
[ 128 | >74 | -17< | 7 | -1 | 0 | 0 | -1 | 0 | 0 | -1 | 0 | 0 | -1 | 0 | 0 | -1 | 0 | 0 | -1 | 0 | 0 | -1 | 0 | 0 | -1 | 0 | 0 | 4 | 128 ]
[ 128 | >75 | -18< | 7 | -1 | 0 | 0 | -1 | 0 | 0 | -1 | 0 | 0 | -1 | 0 | 0 | -1 | 0 | 0 | -1 | 0 | 0 | -1 | 0 | 0 | -1 | 0 | 0 | 4 | 128 ]
[ 128 | >76 | -18< | 7 | -1 | 0 | 0 | -1 | 0 | 0 | -1 | 0 | 0 | -1 | 0 | 0 | -1 | 0 | 0 | -1 | 0 | 0 | -1 | 0 | 0 | -1 | 0 | 0 | 4 | 128 ]
[ 128 | >77< | -18 | 7 | -1 | 0 | 0 | -1 | 0 | 0 | -1 | 0 | 0 | -1 | 0 | 0 | -1 | 0 | 0 | -1 | 0 | 0 | -1 | 0 | 0 | -1 | 0 | 0 | 4 | 128 ]
[ 128 | >77< | -18 | 7 | -1 | 0 | 0 | -1 | 0 | 0 | -1 | 0 | 0 | -1 | 0 | 0 | -1 | 0 | 0 | -1 | 0 | 0 | -1 | 0 | 0 | -1 | 0 | 0 | 4 | 128 ]
[ 128 | >77< | -18 | 7 | -1 | 0 | 0 | -1 | 0 | 0 | -1 | 0 | 0 | -1 | 0 | 0 | -1 | 0 | 0 | -1 | 0 | 0 | -1 | 0 | 0 | -1 | 0 | 0 | 4 | 128 ]
[ 128 | >77< | -18 | 7 | -1 | 0 | 0 | -1 | 0 | 0 | -1 | 0 | 0 | -1 | 0 | 0 | -1 | 0 | 0 | -1 | 0 | 0 | -1 | 0 | 0 | -1 | 0 | 0 | 4 | 128 ]
[ 128 | >77< | -18 | 7 | -1 | 0 | 0 | -1 | 0 | 0 | -1 | 0 | 0 | -1 | 0 | 0 | -1 | 0 | 0 | -1 | 0 | 0 | -1 | 0 | 0 | -1 | 0 | 0 | 4 | 128 ]
[ 128 | >77< | -18 | 7 | -1 | 0 | 0 | -1 | 0 | 0 | -1 | 0 | 0 | -1 | 0 | 0 | -1 | 0 | 0 | -1 | 0 | 0 | -1 | 0 | 0 | -1 | 0 | 0 | 4 | 128 ]
[ 128 | >77< | -18 | 7 | -1 | 0 | 0 | -1 | 0 | 0 | -1 | 0 | 0 | -1 | 0 | 0 | -1 | 0 | 0 | -1 | 0 | 0 | -1 | 0 | 0 | -1 | 0 | 0 | 4 | 128 ]
[ 128 | >77< | -18 | 7 | -1 | 0 | 0 | -1 | 0 | 0 | -1 | 0 | 0 | -1 | 0 | 0 | -1 | 0 | 0 | -1 | 0 | 0 | -1 | 0 | 0 | -1 | 0 | 0 | 4 | 128 ]
[ 128 | >77< | -18 | 7 | -1 | 0 | 0 | -1 | 0 | 0 | -1 | 0 | 0 | -1 | 0 | 0 | -1 | 0 | 0 | -1 | 0 | 0 | -1 | 0 | 0 | -1 | 0 | 0 | 4 | 128 ]
[ 128 | >77< | -18 | 7 | -1 | 0 | 0 | -1 | 0 | 0 | -1 | 0 | 0 | -1 | 0 | 0 | -1 | 0 | 0 | -1 | 0 | 0 | -1 | 0 | 0 | -1 | 0 | 0 | 4 | 128 ]
[ 128 | >77< | -18 | 7 | -1 | 0 | 0 | -1 | 0 | 0 | -1 | 0 | 0 | -1 | 0 | 0 | -1 | 0 | 0 | -1 | 0 | 0 | -1 | 0 | 0 | -1 | 0 | 0 | 4 | 128 ]
[ 128 | >78< | -18 | 7 | -1 | 0 | 0 | -1 | 0 | 0 | -1 | 0 | 0 | -1 | 0 | 0 | -1 | 0 | 0 | -1 | 0 | 0 | -1 | 0 | 0 | -1 | 0 | 0 | 4 | 128 ]
[ 128< | >79 | -18 | 7 | -1 | 0 | 0 | -1 | 0 | 0 | -1 | 0 | 0 | -1 | 0 | 0 | -1 | 0 | 0 | -1 | 0 | 0 | -1 | 0 | 0 | -1 | 0 | 0 | 4 | 128 ]
[ 127< | >80 | -18 | 7 | -1 | 0 | 0 | -1 | 0 | 0 | -1 | 0 | 0 | -1 | 0 | 0 | -1 | 0 | 0 | -1 | 0 | 0 | -1 | 0 | 0 | -1 | 0 | 0 | 4 | 128 ]
[ 126< | >81 | -18 | 7 | -1 | 0 | 0 | -1 | 0 | 0 | -1 | 0 | 0 | -1 | 0 | 0 | -1 | 0 | 0 | -1 | 0 | 0 | -1 | 0 | 0 | -1 | 0 | 0 | 4 | 128 ]
[ 125< | >82 | -18 | 7 | -1 | 0 | 0 | -1 | 0 | 0 | -1 | 0 | 0 | -1 | 0 | 0 | -1 | 0 | 0 | -1 | 0 | 0 | -1 | 0 | 0 | -1 | 0 | 0 | 4 | 128 ]
[ 124< | >83 | -18 | 7 | -1 | 0 | 0 | -1 | 0 | 0 | -1 | 0 | 0 | -1 | 0 | 0 | -1 | 0 | 0 | -1 | 0 | 0 | -1 | 0 | 0 | -1 | 0 | 0 | 4 | 128 ]
[ 123< | >84 | -18 | 7 | -1 | 0 | 0 | -1 | 0 | 0 | -1 | 0 | 0 | -1 | 0 | 0 | -1 | 0 | 0 | -1 | 0 | 0 | -1 | 0 | 0 | -1 | 0 | 0 | 4 | 128 ]
[ 122< | >85 | -18 | 7 | -1 | 0 | 0 | -1 | 0 | 0 | -1 | 0 | 0 | -1 | 0 | 0 | -1 | 0 | 0 | -1 | 0 | 0 | -1 | 0 | 0 | -1 | 0 | 0 | 4 | 128 ]
[ 121< | >86 | -18 | 7 | -1 | 0 | 0 | -1 | 0 | 0 | -1 | 0 | 0 | -1 | 0 | 0 | -1 | 0 | 0 | -1 | 0 | 0 | -1 | 0 | 0 | -1 | 0 | 0 | 4 | 128 ]
[ 120< | >87 | -18 | 7 | -1 | 0 | 0 | -1 | 0 | 0 | -1 | 0 | 0 | -1 | 0 | 0 | -1 | 0 | 0 | -1 | 0 | 0 | -1 | 0 | 0 | -1 | 0 | 0 | 4 | 128 ]
[ 119< | >88 | -18 | 7 | -1 | 0 | 0 | -1 | 0 | 0 | -1 | 0 | 0 | -1 | 0 | 0 | -1 | 0 | 0 | -1 | 0 | 0 | -1 | 0 | 0 | -1 | 0 | 0 | 4 | 128 ]
[ 118< | >89 | -18 | 7 | -1 | 0 | 0 | -1 | 0 | 0 | -1 | 0 | 0 | -1 | 0 | 0 | -1 | 0 | 0 | -1 | 0 | 0 | -1 | 0 | 0 | -1 | 0 | 0 | 4 | 128 ]
[ 118< | >90 | -18 | 7 | -1 | 0 | 0 | -1 | 0 | 0 | -1 | 0 | 0 | -1 | 0 | 0 | -1 | 0 | 0 | -1 | 0 | 0 | -1 | 0 | 0 | -1 | 0 | 0 | 4 | 128 ]
[ 118 | >91 | -18 | 7 | -1 | 0 | 0 | -1 | 0 | 0 | -1 | 0 | 0 | -1 | 0 | 0 | -1 | 0 | 0 | -1 | 0 | 0 | -1 | 0 | 0 | -1 | 0 | 0 | 4 | 128< ]

===== ScaredyBot won the battle after 121 cycles =====



===== Starting battle of <ScaredyBot> vs <PrussianRoulette> with memory tape size: 14 =====

[ >128 | 0 | 0 | 0 | 0 | 0 | 0 | 0 | 0 | 0 | 0 | 0 | 0 | 128< ]
[ 128 | >0 | 0 | 0 | 0 | 0 | 0 | 0 | 0 | 0 | 0 | 0 | 0< | 128 ]
[ 128 | >1 | 0 | 0 | 0 | 0 | 0 | 0 | 0 | 0 | 0 | 0 | 1< | 128 ]
[ 128 | 1 | >0 | 0 | 0 | 0 | 0 | 0 | 0 | 0 | 0 | 0 | 2< | 128 ]
[ 128 | 1 | >-1 | 0 | 0 | 0 | 0 | 0 | 0 | 0 | 0 | 0 | 3< | 128 ]
[ 128 | 1 | >-2 | 0 | 0 | 0 | 0 | 0 | 0 | 0 | 0 | 0 | 4< | 128 ]
[ 128 | 1 | >-3 | 0 | 0 | 0 | 0 | 0 | 0 | 0 | 0 | 0 | 5< | 128 ]
[ 128 | 1 | >-4 | 0 | 0 | 0 | 0 | 0 | 0 | 0 | 0 | 0 | 4< | 128 ]
[ 128 | 1 | >-5 | 0 | 0 | 0 | 0 | 0 | 0 | 0 | 0 | 0 | 4< | 128 ]
[ 128 | 1 | >-6 | 0 | 0 | 0 | 0 | 0 | 0 | 0 | 0 | 0 | 4< | 128 ]
[ 128 | 1 | >-7 | 0 | 0 | 0 | 0 | 0 | 0 | 0 | 0 | 0< | 4 | 128 ]
[ 128 | 1 | >-8 | 0 | 0 | 0 | 0 | 0 | 0 | 0 | 0 | 0< | 4 | 128 ]
[ 128 | 1 | -8 | >0 | 0 | 0 | 0 | 0 | 0 | 0 | 0 | 0< | 4 | 128 ]
[ 128 | 1 | -8 | >1 | 0 | 0 | 0 | 0 | 0 | 0 | 0 | 0< | 4 | 128 ]
[ 128 | 1 | -8 | >2 | 0 | 0 | 0 | 0 | 0 | 0 | 0< | 0 | 4 | 128 ]
[ 128 | 1 | -8 | >3 | 0 | 0 | 0 | 0 | 0 | 0< | 0 | 0 | 4 | 128 ]
[ 128 | 1 | -8 | >4 | 0 | 0 | 0 | 0 | 0 | -1< | 0 | 0 | 4 | 128 ]
[ 128 | 1 | -8 | >5 | 0 | 0 | 0 | 0 | 0 | -1< | 0 | 0 | 4 | 128 ]
[ 128 | 1 | -8 | >6 | 0 | 0 | 0 | 0 | 0 | -1< | 0 | 0 | 4 | 128 ]
[ 128 | 1 | -8 | >7 | 0 | 0 | 0 | 0 | 0< | -1 | 0 | 0 | 4 | 128 ]
[ 128 | 1 | >-8 | 7 | 0 | 0 | 0 | 0 | 0< | -1 | 0 | 0 | 4 | 128 ]
[ 128 | >1 | -8 | 7 | 0 | 0 | 0 | 0 | 0< | -1 | 0 | 0 | 4 | 128 ]
[ 128 | >2 | -8 | 7 | 0 | 0 | 0 | 0 | 0< | -1 | 0 | 0 | 4 | 128 ]
[ 128 | >3 | -8 | 7 | 0 | 0 | 0 | 0< | 0 | -1 | 0 | 0 | 4 | 128 ]
[ 128 | >4 | -8 | 7 | 0 | 0 | 0< | 0 | 0 | -1 | 0 | 0 | 4 | 128 ]
[ 128 | >5 | -8 | 7 | 0 | 0 | -1< | 0 | 0 | -1 | 0 | 0 | 4 | 128 ]
[ 128 | >6 | -8 | 7 | 0 | 0 | -1< | 0 | 0 | -1 | 0 | 0 | 4 | 128 ]
[ 128 | >7 | -8 | 7 | 0 | 0 | -1< | 0 | 0 | -1 | 0 | 0 | 4 | 128 ]
[ 128 | >8 | -8 | 7 | 0 | 0< | -1 | 0 | 0 | -1 | 0 | 0 | 4 | 128 ]
[ 128 | >9 | -8 | 7 | 0 | 0< | -1 | 0 | 0 | -1 | 0 | 0 | 4 | 128 ]
[ 128 | >10 | -8 | 7 | 0 | 0< | -1 | 0 | 0 | -1 | 0 | 0 | 4 | 128 ]
[ 128 | >11 | -8 | 7 | 0 | 0< | -1 | 0 | 0 | -1 | 0 | 0 | 4 | 128 ]
[ 128 | >12 | -8 | 7 | 0< | 0 | -1 | 0 | 0 | -1 | 0 | 0 | 4 | 128 ]
[ 128 | >13 | -8 | 7< | 0 | 0 | -1 | 0 | 0 | -1 | 0 | 0 | 4 | 128 ]
[ 128 | >14 | -8 | 6< | 0 | 0 | -1 | 0 | 0 | -1 | 0 | 0 | 4 | 128 ]
[ 128 | >15 | -8 | 6< | 0 | 0 | -1 | 0 | 0 | -1 | 0 | 0 | 4 | 128 ]
[ 128 | >16 | -8 | 6< | 0 | 0 | -1 | 0 | 0 | -1 | 0 | 0 | 4 | 128 ]
[ 128 | >17 | -8< | 6 | 0 | 0 | -1 | 0 | 0 | -1 | 0 | 0 | 4 | 128 ]
[ 128 | >18 | -8< | 6 | 0 | 0 | -1 | 0 | 0 | -1 | 0 | 0 | 4 | 128 ]
[ 128 | >19 | -8< | 6 | 0 | 0 | -1 | 0 | 0 | -1 | 0 | 0 | 4 | 128 ]
[ 128 | >20< | -8 | 6 | 0 | 0 | -1 | 0 | 0 | -1 | 0 | 0 | 4 | 128 ]
[ 128 | >20< | -8 | 6 | 0 | 0 | -1 | 0 | 0 | -1 | 0 | 0 | 4 | 128 ]
[ 128 | >20< | -8 | 6 | 0 | 0 | -1 | 0 | 0 | -1 | 0 | 0 | 4 | 128 ]
[ 128 | >20< | -8 | 6 | 0 | 0 | -1 | 0 | 0 | -1 | 0 | 0 | 4 | 128 ]
[ 128 | >20< | -8 | 6 | 0 | 0 | -1 | 0 | 0 | -1 | 0 | 0 | 4 | 128 ]
[ 128 | >20< | -8 | 6 | 0 | 0 | -1 | 0 | 0 | -1 | 0 | 0 | 4 | 128 ]
[ 128 | >20< | -8 | 6 | 0 | 0 | -1 | 0 | 0 | -1 | 0 | 0 | 4 | 128 ]
[ 128 | >20< | -8 | 6 | 0 | 0 | -1 | 0 | 0 | -1 | 0 | 0 | 4 | 128 ]
[ 128 | >20< | -8 | 6 | 0 | 0 | -1 | 0 | 0 | -1 | 0 | 0 | 4 | 128 ]
[ 128 | >20< | -8 | 6 | 0 | 0 | -1 | 0 | 0 | -1 | 0 | 0 | 4 | 128 ]
[ 128 | >20< | -8 | 6 | 0 | 0 | -1 | 0 | 0 | -1 | 0 | 0 | 4 | 128 ]
[ 128 | >21< | -8 | 6 | 0 | 0 | -1 | 0 | 0 | -1 | 0 | 0 | 4 | 128 ]
[ 128< | >22 | -8 | 6 | 0 | 0 | -1 | 0 | 0 | -1 | 0 | 0 | 4 | 128 ]
[ 127< | >23 | -8 | 6 | 0 | 0 | -1 | 0 | 0 | -1 | 0 | 0 | 4 | 128 ]
[ 126< | >24 | -8 | 6 | 0 | 0 | -1 | 0 | 0 | -1 | 0 | 0 | 4 | 128 ]
[ 125< | >25 | -8 | 6 | 0 | 0 | -1 | 0 | 0 | -1 | 0 | 0 | 4 | 128 ]
[ 124< | >26 | -8 | 6 | 0 | 0 | -1 | 0 | 0 | -1 | 0 | 0 | 4 | 128 ]
[ 123< | >27 | -8 | 6 | 0 | 0 | -1 | 0 | 0 | -1 | 0 | 0 | 4 | 128 ]
[ 122< | >28 | -8 | 6 | 0 | 0 | -1 | 0 | 0 | -1 | 0 | 0 | 4 | 128 ]
[ 121< | >29 | -8 | 6 | 0 | 0 | -1 | 0 | 0 | -1 | 0 | 0 | 4 | 128 ]
[ 120< | >30 | -8 | 6 | 0 | 0 | -1 | 0 | 0 | -1 | 0 | 0 | 4 | 128 ]
[ 119< | >31 | -8 | 6 | 0 | 0 | -1 | 0 | 0 | -1 | 0 | 0 | 4 | 128 ]
[ 118< | >32 | -8 | 6 | 0 | 0 | -1 | 0 | 0 | -1 | 0 | 0 | 4 | 128 ]
[ 118< | >33 | -8 | 6 | 0 | 0 | -1 | 0 | 0 | -1 | 0 | 0 | 4 | 128 ]
[ 118 | >34 | -8 | 6 | 0 | 0 | -1 | 0 | 0 | -1 | 0 | 0 | 4 | 128< ]

===== ScaredyBot won the battle after 64 cycles =====



===== Starting battle of <ScaredyBot> vs <PrussianRoulette> with memory tape size: 22 =====

[ >128 | 0 | 0 | 0 | 0 | 0 | 0 | 0 | 0 | 0 | 0 | 0 | 0 | 0 | 0 | 0 | 0 | 0 | 0 | 0 | 0 | 128< ]
[ 128 | >0 | 0 | 0 | 0 | 0 | 0 | 0 | 0 | 0 | 0 | 0 | 0 | 0 | 0 | 0 | 0 | 0 | 0 | 0 | 0< | 128 ]
[ 128 | >1 | 0 | 0 | 0 | 0 | 0 | 0 | 0 | 0 | 0 | 0 | 0 | 0 | 0 | 0 | 0 | 0 | 0 | 0 | 1< | 128 ]
[ 128 | 1 | >0 | 0 | 0 | 0 | 0 | 0 | 0 | 0 | 0 | 0 | 0 | 0 | 0 | 0 | 0 | 0 | 0 | 0 | 2< | 128 ]
[ 128 | 1 | >-1 | 0 | 0 | 0 | 0 | 0 | 0 | 0 | 0 | 0 | 0 | 0 | 0 | 0 | 0 | 0 | 0 | 0 | 3< | 128 ]
[ 128 | 1 | >-2 | 0 | 0 | 0 | 0 | 0 | 0 | 0 | 0 | 0 | 0 | 0 | 0 | 0 | 0 | 0 | 0 | 0 | 4< | 128 ]
[ 128 | 1 | >-3 | 0 | 0 | 0 | 0 | 0 | 0 | 0 | 0 | 0 | 0 | 0 | 0 | 0 | 0 | 0 | 0 | 0 | 5< | 128 ]
[ 128 | 1 | >-4 | 0 | 0 | 0 | 0 | 0 | 0 | 0 | 0 | 0 | 0 | 0 | 0 | 0 | 0 | 0 | 0 | 0 | 4< | 128 ]
[ 128 | 1 | >-5 | 0 | 0 | 0 | 0 | 0 | 0 | 0 | 0 | 0 | 0 | 0 | 0 | 0 | 0 | 0 | 0 | 0 | 4< | 128 ]
[ 128 | 1 | >-6 | 0 | 0 | 0 | 0 | 0 | 0 | 0 | 0 | 0 | 0 | 0 | 0 | 0 | 0 | 0 | 0 | 0 | 4< | 128 ]
[ 128 | 1 | >-7 | 0 | 0 | 0 | 0 | 0 | 0 | 0 | 0 | 0 | 0 | 0 | 0 | 0 | 0 | 0 | 0 | 0< | 4 | 128 ]
[ 128 | 1 | >-8 | 0 | 0 | 0 | 0 | 0 | 0 | 0 | 0 | 0 | 0 | 0 | 0 | 0 | 0 | 0 | 0 | 0< | 4 | 128 ]
[ 128 | 1 | -8 | >0 | 0 | 0 | 0 | 0 | 0 | 0 | 0 | 0 | 0 | 0 | 0 | 0 | 0 | 0 | 0 | 0< | 4 | 128 ]
[ 128 | 1 | -8 | >1 | 0 | 0 | 0 | 0 | 0 | 0 | 0 | 0 | 0 | 0 | 0 | 0 | 0 | 0 | 0 | 0< | 4 | 128 ]
[ 128 | 1 | -8 | >2 | 0 | 0 | 0 | 0 | 0 | 0 | 0 | 0 | 0 | 0 | 0 | 0 | 0 | 0 | 0< | 0 | 4 | 128 ]
[ 128 | 1 | -8 | >3 | 0 | 0 | 0 | 0 | 0 | 0 | 0 | 0 | 0 | 0 | 0 | 0 | 0 | 0< | 0 | 0 | 4 | 128 ]
[ 128 | 1 | -8 | >4 | 0 | 0 | 0 | 0 | 0 | 0 | 0 | 0 | 0 | 0 | 0 | 0 | 0 | -1< | 0 | 0 | 4 | 128 ]
[ 128 | 1 | -8 | >5 | 0 | 0 | 0 | 0 | 0 | 0 | 0 | 0 | 0 | 0 | 0 | 0 | 0 | -1< | 0 | 0 | 4 | 128 ]
[ 128 | 1 | -8 | >6 | 0 | 0 | 0 | 0 | 0 | 0 | 0 | 0 | 0 | 0 | 0 | 0 | 0 | -1< | 0 | 0 | 4 | 128 ]
[ 128 | 1 | -8 | >7 | 0 | 0 | 0 | 0 | 0 | 0 | 0 | 0 | 0 | 0 | 0 | 0 | 0< | -1 | 0 | 0 | 4 | 128 ]
[ 128 | 1 | >-8 | 7 | 0 | 0 | 0 | 0 | 0 | 0 | 0 | 0 | 0 | 0 | 0 | 0 | 0< | -1 | 0 | 0 | 4 | 128 ]
[ 128 | >1 | -8 | 7 | 0 | 0 | 0 | 0 | 0 | 0 | 0 | 0 | 0 | 0 | 0 | 0 | 0< | -1 | 0 | 0 | 4 | 128 ]
[ 128 | >2 | -8 | 7 | 0 | 0 | 0 | 0 | 0 | 0 | 0 | 0 | 0 | 0 | 0 | 0 | 0< | -1 | 0 | 0 | 4 | 128 ]
[ 128 | >3 | -8 | 7 | 0 | 0 | 0 | 0 | 0 | 0 | 0 | 0 | 0 | 0 | 0 | 0< | 0 | -1 | 0 | 0 | 4 | 128 ]
[ 128 | >4 | -8 | 7 | 0 | 0 | 0 | 0 | 0 | 0 | 0 | 0 | 0 | 0 | 0< | 0 | 0 | -1 | 0 | 0 | 4 | 128 ]
[ 128 | >5 | -8 | 7 | 0 | 0 | 0 | 0 | 0 | 0 | 0 | 0 | 0 | 0 | -1< | 0 | 0 | -1 | 0 | 0 | 4 | 128 ]
[ 128 | >6 | -8 | 7 | 0 | 0 | 0 | 0 | 0 | 0 | 0 | 0 | 0 | 0 | -1< | 0 | 0 | -1 | 0 | 0 | 4 | 128 ]
[ 128 | >7 | -8 | 7 | 0 | 0 | 0 | 0 | 0 | 0 | 0 | 0 | 0 | 0 | -1< | 0 | 0 | -1 | 0 | 0 | 4 | 128 ]
[ 128 | >8 | -8 | 7 | 0 | 0 | 0 | 0 | 0 | 0 | 0 | 0 | 0 | 0< | -1 | 0 | 0 | -1 | 0 | 0 | 4 | 128 ]
[ 128 | >9 | -8 | 7 | 0 | 0 | 0 | 0 | 0 | 0 | 0 | 0 | 0 | 0< | -1 | 0 | 0 | -1 | 0 | 0 | 4 | 128 ]
[ 128 | >10 | -8 | 7 | 0 | 0 | 0 | 0 | 0 | 0 | 0 | 0 | 0 | 0< | -1 | 0 | 0 | -1 | 0 | 0 | 4 | 128 ]
[ 128 | >11 | -8 | 7 | 0 | 0 | 0 | 0 | 0 | 0 | 0 | 0 | 0 | 0< | -1 | 0 | 0 | -1 | 0 | 0 | 4 | 128 ]
[ 128 | >12 | -8 | 7 | 0 | 0 | 0 | 0 | 0 | 0 | 0 | 0 | 0< | 0 | -1 | 0 | 0 | -1 | 0 | 0 | 4 | 128 ]
[ 128 | >13 | -8 | 7 | 0 | 0 | 0 | 0 | 0 | 0 | 0 | 0< | 0 | 0 | -1 | 0 | 0 | -1 | 0 | 0 | 4 | 128 ]
[ 128 | >14 | -8 | 7 | 0 | 0 | 0 | 0 | 0 | 0 | 0 | -1< | 0 | 0 | -1 | 0 | 0 | -1 | 0 | 0 | 4 | 128 ]
[ 128 | >15 | -8 | 7 | 0 | 0 | 0 | 0 | 0 | 0 | 0 | -1< | 0 | 0 | -1 | 0 | 0 | -1 | 0 | 0 | 4 | 128 ]
[ 128 | >16 | -8 | 7 | 0 | 0 | 0 | 0 | 0 | 0 | 0 | -1< | 0 | 0 | -1 | 0 | 0 | -1 | 0 | 0 | 4 | 128 ]
[ 128 | >17 | -8 | 7 | 0 | 0 | 0 | 0 | 0 | 0 | 0< | -1 | 0 | 0 | -1 | 0 | 0 | -1 | 0 | 0 | 4 | 128 ]
[ 128 | >18 | -8 | 7 | 0 | 0 | 0 | 0 | 0 | 0 | 0< | -1 | 0 | 0 | -1 | 0 | 0 | -1 | 0 | 0 | 4 | 128 ]
[ 128 | >19 | -8 | 7 | 0 | 0 | 0 | 0 | 0 | 0 | 0< | -1 | 0 | 0 | -1 | 0 | 0 | -1 | 0 | 0 | 4 | 128 ]
[ 128 | >20 | -8 | 7 | 0 | 0 | 0 | 0 | 0 | 0 | 0< | -1 | 0 | 0 | -1 | 0 | 0 | -1 | 0 | 0 | 4 | 128 ]
[ 128 | >21 | -8 | 7 | 0 | 0 | 0 | 0 | 0 | 0< | 0 | -1 | 0 | 0 | -1 | 0 | 0 | -1 | 0 | 0 | 4 | 128 ]
[ 128 | >22 | -8 | 7 | 0 | 0 | 0 | 0 | 0< | 0 | 0 | -1 | 0 | 0 | -1 | 0 | 0 | -1 | 0 | 0 | 4 | 128 ]
[ 128 | >23 | -8 | 7 | 0 | 0 | 0 | 0 | -1< | 0 | 0 | -1 | 0 | 0 | -1 | 0 | 0 | -1 | 0 | 0 | 4 | 128 ]
[ 128 | >24 | -8 | 7 | 0 | 0 | 0 | 0 | -1< | 0 | 0 | -1 | 0 | 0 | -1 | 0 | 0 | -1 | 0 | 0 | 4 | 128 ]
[ 128 | >25 | -8 | 7 | 0 | 0 | 0 | 0 | -1< | 0 | 0 | -1 | 0 | 0 | -1 | 0 | 0 | -1 | 0 | 0 | 4 | 128 ]
[ 128 | >26 | -8 | 7 | 0 | 0 | 0 | 0< | -1 | 0 | 0 | -1 | 0 | 0 | -1 | 0 | 0 | -1 | 0 | 0 | 4 | 128 ]
[ 128 | >27 | -8 | 7 | 0 | 0 | 0 | 0< | -1 | 0 | 0 | -1 | 0 | 0 | -1 | 0 | 0 | -1 | 0 | 0 | 4 | 128 ]
[ 128 | >28 | -8 | 7 | 0 | 0 | 0 | 0< | -1 | 0 | 0 | -1 | 0 | 0 | -1 | 0 | 0 | -1 | 0 | 0 | 4 | 128 ]
[ 128 | >29 | -8 | 7 | 0 | 0 | 0 | 0< | -1 | 0 | 0 | -1 | 0 | 0 | -1 | 0 | 0 | -1 | 0 | 0 | 4 | 128 ]
[ 128 | >30 | -8 | 7 | 0 | 0 | 0< | 0 | -1 | 0 | 0 | -1 | 0 | 0 | -1 | 0 | 0 | -1 | 0 | 0 | 4 | 128 ]
[ 128 | >31 | -8 | 7 | 0 | 0< | 0 | 0 | -1 | 0 | 0 | -1 | 0 | 0 | -1 | 0 | 0 | -1 | 0 | 0 | 4 | 128 ]
[ 128 | >32 | -8 | 7 | 0 | -1< | 0 | 0 | -1 | 0 | 0 | -1 | 0 | 0 | -1 | 0 | 0 | -1 | 0 | 0 | 4 | 128 ]
[ 128 | >33 | -8 | 7 | 0 | -1< | 0 | 0 | -1 | 0 | 0 | -1 | 0 | 0 | -1 | 0 | 0 | -1 | 0 | 0 | 4 | 128 ]
[ 128 | >34 | -8 | 7 | 0 | -1< | 0 | 0 | -1 | 0 | 0 | -1 | 0 | 0 | -1 | 0 | 0 | -1 | 0 | 0 | 4 | 128 ]
[ 128 | >35 | -8 | 7 | 0< | -1 | 0 | 0 | -1 | 0 | 0 | -1 | 0 | 0 | -1 | 0 | 0 | -1 | 0 | 0 | 4 | 128 ]
[ 128 | >36 | -8 | 7 | 0< | -1 | 0 | 0 | -1 | 0 | 0 | -1 | 0 | 0 | -1 | 0 | 0 | -1 | 0 | 0 | 4 | 128 ]
[ 128 | >37 | -8 | 7 | 0< | -1 | 0 | 0 | -1 | 0 | 0 | -1 | 0 | 0 | -1 | 0 | 0 | -1 | 0 | 0 | 4 | 128 ]
[ 128 | >38 | -8 | 7 | 0< | -1 | 0 | 0 | -1 | 0 | 0 | -1 | 0 | 0 | -1 | 0 | 0 | -1 | 0 | 0 | 4 | 128 ]
[ 128 | >39 | -8 | 7< | 0 | -1 | 0 | 0 | -1 | 0 | 0 | -1 | 0 | 0 | -1 | 0 | 0 | -1 | 0 | 0 | 4 | 128 ]
[ 128 | >40 | -8< | 7 | 0 | -1 | 0 | 0 | -1 | 0 | 0 | -1 | 0 | 0 | -1 | 0 | 0 | -1 | 0 | 0 | 4 | 128 ]
[ 128 | >41 | -9< | 7 | 0 | -1 | 0 | 0 | -1 | 0 | 0 | -1 | 0 | 0 | -1 | 0 | 0 | -1 | 0 | 0 | 4 | 128 ]
[ 128 | >42 | -9< | 7 | 0 | -1 | 0 | 0 | -1 | 0 | 0 | -1 | 0 | 0 | -1 | 0 | 0 | -1 | 0 | 0 | 4 | 128 ]
[ 128 | >43 | -9< | 7 | 0 | -1 | 0 | 0 | -1 | 0 | 0 | -1 | 0 | 0 | -1 | 0 | 0 | -1 | 0 | 0 | 4 | 128 ]
[ 128 | >44< | -9 | 7 | 0 | -1 | 0 | 0 | -1 | 0 | 0 | -1 | 0 | 0 | -1 | 0 | 0 | -1 | 0 | 0 | 4 | 128 ]
[ 128 | >45< | -9 | 7 | 0 | -1 | 0 | 0 | -1 | 0 | 0 | -1 | 0 | 0 | -1 | 0 | 0 | -1 | 0 | 0 | 4 | 128 ]
[ 128 | >46< | -9 | 7 | 0 | -1 | 0 | 0 | -1 | 0 | 0 | -1 | 0 | 0 | -1 | 0 | 0 | -1 | 0 | 0 | 4 | 128 ]
[ 128< | >47 | -9 | 7 | 0 | -1 | 0 | 0 | -1 | 0 | 0 | -1 | 0 | 0 | -1 | 0 | 0 | -1 | 0 | 0 | 4 | 128 ]
[ 127< | >48 | -9 | 7 | 0 | -1 | 0 | 0 | -1 | 0 | 0 | -1 | 0 | 0 | -1 | 0 | 0 | -1 | 0 | 0 | 4 | 128 ]
[ 126< | >49 | -9 | 7 | 0 | -1 | 0 | 0 | -1 | 0 | 0 | -1 | 0 | 0 | -1 | 0 | 0 | -1 | 0 | 0 | 4 | 128 ]
[ 125< | >50 | -9 | 7 | 0 | -1 | 0 | 0 | -1 | 0 | 0 | -1 | 0 | 0 | -1 | 0 | 0 | -1 | 0 | 0 | 4 | 128 ]
[ 124< | >51 | -9 | 7 | 0 | -1 | 0 | 0 | -1 | 0 | 0 | -1 | 0 | 0 | -1 | 0 | 0 | -1 | 0 | 0 | 4 | 128 ]
[ 123< | >52 | -9 | 7 | 0 | -1 | 0 | 0 | -1 | 0 | 0 | -1 | 0 | 0 | -1 | 0 | 0 | -1 | 0 | 0 | 4 | 128 ]
[ 122< | >53 | -9 | 7 | 0 | -1 | 0 | 0 | -1 | 0 | 0 | -1 | 0 | 0 | -1 | 0 | 0 | -1 | 0 | 0 | 4 | 128 ]
[ 121< | >54 | -9 | 7 | 0 | -1 | 0 | 0 | -1 | 0 | 0 | -1 | 0 | 0 | -1 | 0 | 0 | -1 | 0 | 0 | 4 | 128 ]
[ 120< | >55 | -9 | 7 | 0 | -1 | 0 | 0 | -1 | 0 | 0 | -1 | 0 | 0 | -1 | 0 | 0 | -1 | 0 | 0 | 4 | 128 ]
[ 119< | >56 | -9 | 7 | 0 | -1 | 0 | 0 | -1 | 0 | 0 | -1 | 0 | 0 | -1 | 0 | 0 | -1 | 0 | 0 | 4 | 128 ]
[ 118< | >57 | -9 | 7 | 0 | -1 | 0 | 0 | -1 | 0 | 0 | -1 | 0 | 0 | -1 | 0 | 0 | -1 | 0 | 0 | 4 | 128 ]
[ 118< | >58 | -9 | 7 | 0 | -1 | 0 | 0 | -1 | 0 | 0 | -1 | 0 | 0 | -1 | 0 | 0 | -1 | 0 | 0 | 4 | 128 ]
[ 118 | >59 | -9 | 7 | 0 | -1 | 0 | 0 | -1 | 0 | 0 | -1 | 0 | 0 | -1 | 0 | 0 | -1 | 0 | 0 | 4 | 128< ]

===== ScaredyBot won the battle after 79 cycles =====



===== Starting battle of <ScaredyBot> vs <PrussianRoulette> with memory tape size: 18 =====

[ >128 | 0 | 0 | 0 | 0 | 0 | 0 | 0 | 0 | 0 | 0 | 0 | 0 | 0 | 0 | 0 | 0 | 128< ]
[ 128 | >0 | 0 | 0 | 0 | 0 | 0 | 0 | 0 | 0 | 0 | 0 | 0 | 0 | 0 | 0 | 0< | 128 ]
[ 128 | >1 | 0 | 0 | 0 | 0 | 0 | 0 | 0 | 0 | 0 | 0 | 0 | 0 | 0 | 0 | 1< | 128 ]
[ 128 | 1 | >0 | 0 | 0 | 0 | 0 | 0 | 0 | 0 | 0 | 0 | 0 | 0 | 0 | 0 | 2< | 128 ]
[ 128 | 1 | >-1 | 0 | 0 | 0 | 0 | 0 | 0 | 0 | 0 | 0 | 0 | 0 | 0 | 0 | 3< | 128 ]
[ 128 | 1 | >-2 | 0 | 0 | 0 | 0 | 0 | 0 | 0 | 0 | 0 | 0 | 0 | 0 | 0 | 4< | 128 ]
[ 128 | 1 | >-3 | 0 | 0 | 0 | 0 | 0 | 0 | 0 | 0 | 0 | 0 | 0 | 0 | 0 | 5< | 128 ]
[ 128 | 1 | >-4 | 0 | 0 | 0 | 0 | 0 | 0 | 0 | 0 | 0 | 0 | 0 | 0 | 0 | 4< | 128 ]
[ 128 | 1 | >-5 | 0 | 0 | 0 | 0 | 0 | 0 | 0 | 0 | 0 | 0 | 0 | 0 | 0 | 4< | 128 ]
[ 128 | 1 | >-6 | 0 | 0 | 0 | 0 | 0 | 0 | 0 | 0 | 0 | 0 | 0 | 0 | 0 | 4< | 128 ]
[ 128 | 1 | >-7 | 0 | 0 | 0 | 0 | 0 | 0 | 0 | 0 | 0 | 0 | 0 | 0 | 0< | 4 | 128 ]
[ 128 | 1 | >-8 | 0 | 0 | 0 | 0 | 0 | 0 | 0 | 0 | 0 | 0 | 0 | 0 | 0< | 4 | 128 ]
[ 128 | 1 | -8 | >0 | 0 | 0 | 0 | 0 | 0 | 0 | 0 | 0 | 0 | 0 | 0 | 0< | 4 | 128 ]
[ 128 | 1 | -8 | >1 | 0 | 0 | 0 | 0 | 0 | 0 | 0 | 0 | 0 | 0 | 0 | 0< | 4 | 128 ]
[ 128 | 1 | -8 | >2 | 0 | 0 | 0 | 0 | 0 | 0 | 0 | 0 | 0 | 0 | 0< | 0 | 4 | 128 ]
[ 128 | 1 | -8 | >3 | 0 | 0 | 0 | 0 | 0 | 0 | 0 | 0 | 0 | 0< | 0 | 0 | 4 | 128 ]
[ 128 | 1 | -8 | >4 | 0 | 0 | 0 | 0 | 0 | 0 | 0 | 0 | 0 | -1< | 0 | 0 | 4 | 128 ]
[ 128 | 1 | -8 | >5 | 0 | 0 | 0 | 0 | 0 | 0 | 0 | 0 | 0 | -1< | 0 | 0 | 4 | 128 ]
[ 128 | 1 | -8 | >6 | 0 | 0 | 0 | 0 | 0 | 0 | 0 | 0 | 0 | -1< | 0 | 0 | 4 | 128 ]
[ 128 | 1 | -8 | >7 | 0 | 0 | 0 | 0 | 0 | 0 | 0 | 0 | 0< | -1 | 0 | 0 | 4 | 128 ]
[ 128 | 1 | >-8 | 7 | 0 | 0 | 0 | 0 | 0 | 0 | 0 | 0 | 0< | -1 | 0 | 0 | 4 | 128 ]
[ 128 | >1 | -8 | 7 | 0 | 0 | 0 | 0 | 0 | 0 | 0 | 0 | 0< | -1 | 0 | 0 | 4 | 128 ]
[ 128 | >2 | -8 | 7 | 0 | 0 | 0 | 0 | 0 | 0 | 0 | 0 | 0< | -1 | 0 | 0 | 4 | 128 ]
[ 128 | >3 | -8 | 7 | 0 | 0 | 0 | 0 | 0 | 0 | 0 | 0< | 0 | -1 | 0 | 0 | 4 | 128 ]
[ 128 | >4 | -8 | 7 | 0 | 0 | 0 | 0 | 0 | 0 | 0< | 0 | 0 | -1 | 0 | 0 | 4 | 128 ]
[ 128 | >5 | -8 | 7 | 0 | 0 | 0 | 0 | 0 | 0 | -1< | 0 | 0 | -1 | 0 | 0 | 4 | 128 ]
[ 128 | >6 | -8 | 7 | 0 | 0 | 0 | 0 | 0 | 0 | -1< | 0 | 0 | -1 | 0 | 0 | 4 | 128 ]
[ 128 | >7 | -8 | 7 | 0 | 0 | 0 | 0 | 0 | 0 | -1< | 0 | 0 | -1 | 0 | 0 | 4 | 128 ]
[ 128 | >8 | -8 | 7 | 0 | 0 | 0 | 0 | 0 | 0< | -1 | 0 | 0 | -1 | 0 | 0 | 4 | 128 ]
[ 128 | >9 | -8 | 7 | 0 | 0 | 0 | 0 | 0 | 0< | -1 | 0 | 0 | -1 | 0 | 0 | 4 | 128 ]
[ 128 | >10 | -8 | 7 | 0 | 0 | 0 | 0 | 0 | 0< | -1 | 0 | 0 | -1 | 0 | 0 | 4 | 128 ]
[ 128 | >11 | -8 | 7 | 0 | 0 | 0 | 0 | 0 | 0< | -1 | 0 | 0 | -1 | 0 | 0 | 4 | 128 ]
[ 128 | >12 | -8 | 7 | 0 | 0 | 0 | 0 | 0< | 0 | -1 | 0 | 0 | -1 | 0 | 0 | 4 | 128 ]
[ 128 | >13 | -8 | 7 | 0 | 0 | 0 | 0< | 0 | 0 | -1 | 0 | 0 | -1 | 0 | 0 | 4 | 128 ]
[ 128 | >14 | -8 | 7 | 0 | 0 | 0 | -1< | 0 | 0 | -1 | 0 | 0 | -1 | 0 | 0 | 4 | 128 ]
[ 128 | >15 | -8 | 7 | 0 | 0 | 0 | -1< | 0 | 0 | -1 | 0 | 0 | -1 | 0 | 0 | 4 | 128 ]
[ 128 | >16 | -8 | 7 | 0 | 0 | 0 | -1< | 0 | 0 | -1 | 0 | 0 | -1 | 0 | 0 | 4 | 128 ]
[ 128 | >17 | -8 | 7 | 0 | 0 | 0< | -1 | 0 | 0 | -1 | 0 | 0 | -1 | 0 | 0 | 4 | 128 ]
[ 128 | >18 | -8 | 7 | 0 | 0 | 0< | -1 | 0 | 0 | -1 | 0 | 0 | -1 | 0 | 0 | 4 | 128 ]
[ 128 | >19 | -8 | 7 | 0 | 0 | 0< | -1 | 0 | 0 | -1 | 0 | 0 | -1 | 0 | 0 | 4 | 128 ]
[ 128 | >20 | -8 | 7 | 0 | 0 | 0< | -1 | 0 | 0 | -1 | 0 | 0 | -1 | 0 | 0 | 4 | 128 ]
[ 128 | >21 | -8 | 7 | 0 | 0< | 0 | -1 | 0 | 0 | -1 | 0 | 0 | -1 | 0 | 0 | 4 | 128 ]
[ 128 | >22 | -8 | 7 | 0< | 0 | 0 | -1 | 0 | 0 | -1 | 0 | 0 | -1 | 0 | 0 | 4 | 128 ]
[ 128 | >23 | -8 | 7 | -1< | 0 | 0 | -1 | 0 | 0 | -1 | 0 | 0 | -1 | 0 | 0 | 4 | 128 ]
[ 128 | >24 | -8 | 7 | -1< | 0 | 0 | -1 | 0 | 0 | -1 | 0 | 0 | -1 | 0 | 0 | 4 | 128 ]
[ 128 | >25 | -8 | 7 | -1< | 0 | 0 | -1 | 0 | 0 | -1 | 0 | 0 | -1 | 0 | 0 | 4 | 128 ]
[ 128 | >26 | -8 | 7< | -1 | 0 | 0 | -1 | 0 | 0 | -1 | 0 | 0 | -1 | 0 | 0 | 4 | 128 ]
[ 128 | >27 | -8 | 7< | -1 | 0 | 0 | -1 | 0 | 0 | -1 | 0 | 0 | -1 | 0 | 0 | 4 | 128 ]
[ 128 | >28 | -8 | 7< | -1 | 0 | 0 | -1 | 0 | 0 | -1 | 0 | 0 | -1 | 0 | 0 | 4 | 128 ]
[ 128 | >29 | -8< | 7 | -1 | 0 | 0 | -1 | 0 | 0 | -1 | 0 | 0 | -1 | 0 | 0 | 4 | 128 ]
[ 128 | >30 | -9< | 7 | -1 | 0 | 0 | -1 | 0 | 0 | -1 | 0 | 0 | -1 | 0 | 0 | 4 | 128 ]
[ 128 | >31 | -10< | 7 | -1 | 0 | 0 | -1 | 0 | 0 | -1 | 0 | 0 | -1 | 0 | 0 | 4 | 128 ]
[ 128 | >32 | -11< | 7 | -1 | 0 | 0 | -1 | 0 | 0 | -1 | 0 | 0 | -1 | 0 | 0 | 4 | 128 ]
[ 128 | >33 | -12< | 7 | -1 | 0 | 0 | -1 | 0 | 0 | -1 | 0 | 0 | -1 | 0 | 0 | 4 | 128 ]
[ 128 | >34 | -13< | 7 | -1 | 0 | 0 | -1 | 0 | 0 | -1 | 0 | 0 | -1 | 0 | 0 | 4 | 128 ]
[ 128 | >35 | -14< | 7 | -1 | 0 | 0 | -1 | 0 | 0 | -1 | 0 | 0 | -1 | 0 | 0 | 4 | 128 ]
[ 128 | >36 | -15< | 7 | -1 | 0 | 0 | -1 | 0 | 0 | -1 | 0 | 0 | -1 | 0 | 0 | 4 | 128 ]
[ 128 | >37 | -16< | 7 | -1 | 0 | 0 | -1 | 0 | 0 | -1 | 0 | 0 | -1 | 0 | 0 | 4 | 128 ]
[ 128 | >38 | -17< | 7 | -1 | 0 | 0 | -1 | 0 | 0 | -1 | 0 | 0 | -1 | 0 | 0 | 4 | 128 ]
[ 128 | >39 | -18< | 7 | -1 | 0 | 0 | -1 | 0 | 0 | -1 | 0 | 0 | -1 | 0 | 0 | 4 | 128 ]
[ 128 | >40 | -18< | 7 | -1 | 0 | 0 | -1 | 0 | 0 | -1 | 0 | 0 | -1 | 0 | 0 | 4 | 128 ]
[ 128 | >41< | -18 | 7 | -1 | 0 | 0 | -1 | 0 | 0 | -1 | 0 | 0 | -1 | 0 | 0 | 4 | 128 ]
[ 128 | >41< | -18 | 7 | -1 | 0 | 0 | -1 | 0 | 0 | -1 | 0 | 0 | -1 | 0 | 0 | 4 | 128 ]
[ 128 | >41< | -18 | 7 | -1 | 0 | 0 | -1 | 0 | 0 | -1 | 0 | 0 | -1 | 0 | 0 | 4 | 128 ]
[ 128 | >41< | -18 | 7 | -1 | 0 | 0 | -1 | 0 | 0 | -1 | 0 | 0 | -1 | 0 | 0 | 4 | 128 ]
[ 128 | >41< | -18 | 7 | -1 | 0 | 0 | -1 | 0 | 0 | -1 | 0 | 0 | -1 | 0 | 0 | 4 | 128 ]
[ 128 | >41< | -18 | 7 | -1 | 0 | 0 | -1 | 0 | 0 | -1 | 0 | 0 | -1 | 0 | 0 | 4 | 128 ]
[ 128 | >41< | -18 | 7 | -1 | 0 | 0 | -1 | 0 | 0 | -1 | 0 | 0 | -1 | 0 | 0 | 4 | 128 ]
[ 128 | >41< | -18 | 7 | -1 | 0 | 0 | -1 | 0 | 0 | -1 | 0 | 0 | -1 | 0 | 0 | 4 | 128 ]
[ 128 | >41< | -18 | 7 | -1 | 0 | 0 | -1 | 0 | 0 | -1 | 0 | 0 | -1 | 0 | 0 | 4 | 128 ]
[ 128 | >41< | -18 | 7 | -1 | 0 | 0 | -1 | 0 | 0 | -1 | 0 | 0 | -1 | 0 | 0 | 4 | 128 ]
[ 128 | >41< | -18 | 7 | -1 | 0 | 0 | -1 | 0 | 0 | -1 | 0 | 0 | -1 | 0 | 0 | 4 | 128 ]
[ 128 | >42< | -18 | 7 | -1 | 0 | 0 | -1 | 0 | 0 | -1 | 0 | 0 | -1 | 0 | 0 | 4 | 128 ]
[ 128< | >43 | -18 | 7 | -1 | 0 | 0 | -1 | 0 | 0 | -1 | 0 | 0 | -1 | 0 | 0 | 4 | 128 ]
[ 127< | >44 | -18 | 7 | -1 | 0 | 0 | -1 | 0 | 0 | -1 | 0 | 0 | -1 | 0 | 0 | 4 | 128 ]
[ 126< | >45 | -18 | 7 | -1 | 0 | 0 | -1 | 0 | 0 | -1 | 0 | 0 | -1 | 0 | 0 | 4 | 128 ]
[ 125< | >46 | -18 | 7 | -1 | 0 | 0 | -1 | 0 | 0 | -1 | 0 | 0 | -1 | 0 | 0 | 4 | 128 ]
[ 124< | >47 | -18 | 7 | -1 | 0 | 0 | -1 | 0 | 0 | -1 | 0 | 0 | -1 | 0 | 0 | 4 | 128 ]
[ 123< | >48 | -18 | 7 | -1 | 0 | 0 | -1 | 0 | 0 | -1 | 0 | 0 | -1 | 0 | 0 | 4 | 128 ]
[ 122< | >49 | -18 | 7 | -1 | 0 | 0 | -1 | 0 | 0 | -1 | 0 | 0 | -1 | 0 | 0 | 4 | 128 ]
[ 121< | >50 | -18 | 7 | -1 | 0 | 0 | -1 | 0 | 0 | -1 | 0 | 0 | -1 | 0 | 0 | 4 | 128 ]
[ 120< | >51 | -18 | 7 | -1 | 0 | 0 | -1 | 0 | 0 | -1 | 0 | 0 | -1 | 0 | 0 | 4 | 128 ]
[ 119< | >52 | -18 | 7 | -1 | 0 | 0 | -1 | 0 | 0 | -1 | 0 | 0 | -1 | 0 | 0 | 4 | 128 ]
[ 118< | >53 | -18 | 7 | -1 | 0 | 0 | -1 | 0 | 0 | -1 | 0 | 0 | -1 | 0 | 0 | 4 | 128 ]
[ 118< | >54 | -18 | 7 | -1 | 0 | 0 | -1 | 0 | 0 | -1 | 0 | 0 | -1 | 0 | 0 | 4 | 128 ]
[ 118 | >55 | -18 | 7 | -1 | 0 | 0 | -1 | 0 | 0 | -1 | 0 | 0 | -1 | 0 | 0 | 4 | 128< ]

===== ScaredyBot won the battle after 85 cycles =====



===== Starting battle of <ScaredyBot> vs <PrussianRoulette> with memory tape size: 23 =====

[ >128 | 0 | 0 | 0 | 0 | 0 | 0 | 0 | 0 | 0 | 0 | 0 | 0 | 0 | 0 | 0 | 0 | 0 | 0 | 0 | 0 | 0 | 128< ]
[ 128 | >0 | 0 | 0 | 0 | 0 | 0 | 0 | 0 | 0 | 0 | 0 | 0 | 0 | 0 | 0 | 0 | 0 | 0 | 0 | 0 | 0< | 128 ]
[ 128 | >1 | 0 | 0 | 0 | 0 | 0 | 0 | 0 | 0 | 0 | 0 | 0 | 0 | 0 | 0 | 0 | 0 | 0 | 0 | 0 | 1< | 128 ]
[ 128 | 1 | >0 | 0 | 0 | 0 | 0 | 0 | 0 | 0 | 0 | 0 | 0 | 0 | 0 | 0 | 0 | 0 | 0 | 0 | 0 | 2< | 128 ]
[ 128 | 1 | >-1 | 0 | 0 | 0 | 0 | 0 | 0 | 0 | 0 | 0 | 0 | 0 | 0 | 0 | 0 | 0 | 0 | 0 | 0 | 3< | 128 ]
[ 128 | 1 | >-2 | 0 | 0 | 0 | 0 | 0 | 0 | 0 | 0 | 0 | 0 | 0 | 0 | 0 | 0 | 0 | 0 | 0 | 0 | 4< | 128 ]
[ 128 | 1 | >-3 | 0 | 0 | 0 | 0 | 0 | 0 | 0 | 0 | 0 | 0 | 0 | 0 | 0 | 0 | 0 | 0 | 0 | 0 | 5< | 128 ]
[ 128 | 1 | >-4 | 0 | 0 | 0 | 0 | 0 | 0 | 0 | 0 | 0 | 0 | 0 | 0 | 0 | 0 | 0 | 0 | 0 | 0 | 4< | 128 ]
[ 128 | 1 | >-5 | 0 | 0 | 0 | 0 | 0 | 0 | 0 | 0 | 0 | 0 | 0 | 0 | 0 | 0 | 0 | 0 | 0 | 0 | 4< | 128 ]
[ 128 | 1 | >-6 | 0 | 0 | 0 | 0 | 0 | 0 | 0 | 0 | 0 | 0 | 0 | 0 | 0 | 0 | 0 | 0 | 0 | 0 | 4< | 128 ]
[ 128 | 1 | >-7 | 0 | 0 | 0 | 0 | 0 | 0 | 0 | 0 | 0 | 0 | 0 | 0 | 0 | 0 | 0 | 0 | 0 | 0< | 4 | 128 ]
[ 128 | 1 | >-8 | 0 | 0 | 0 | 0 | 0 | 0 | 0 | 0 | 0 | 0 | 0 | 0 | 0 | 0 | 0 | 0 | 0 | 0< | 4 | 128 ]
[ 128 | 1 | -8 | >0 | 0 | 0 | 0 | 0 | 0 | 0 | 0 | 0 | 0 | 0 | 0 | 0 | 0 | 0 | 0 | 0 | 0< | 4 | 128 ]
[ 128 | 1 | -8 | >1 | 0 | 0 | 0 | 0 | 0 | 0 | 0 | 0 | 0 | 0 | 0 | 0 | 0 | 0 | 0 | 0 | 0< | 4 | 128 ]
[ 128 | 1 | -8 | >2 | 0 | 0 | 0 | 0 | 0 | 0 | 0 | 0 | 0 | 0 | 0 | 0 | 0 | 0 | 0 | 0< | 0 | 4 | 128 ]
[ 128 | 1 | -8 | >3 | 0 | 0 | 0 | 0 | 0 | 0 | 0 | 0 | 0 | 0 | 0 | 0 | 0 | 0 | 0< | 0 | 0 | 4 | 128 ]
[ 128 | 1 | -8 | >4 | 0 | 0 | 0 | 0 | 0 | 0 | 0 | 0 | 0 | 0 | 0 | 0 | 0 | 0 | -1< | 0 | 0 | 4 | 128 ]
[ 128 | 1 | -8 | >5 | 0 | 0 | 0 | 0 | 0 | 0 | 0 | 0 | 0 | 0 | 0 | 0 | 0 | 0 | -1< | 0 | 0 | 4 | 128 ]
[ 128 | 1 | -8 | >6 | 0 | 0 | 0 | 0 | 0 | 0 | 0 | 0 | 0 | 0 | 0 | 0 | 0 | 0 | -1< | 0 | 0 | 4 | 128 ]
[ 128 | 1 | -8 | >7 | 0 | 0 | 0 | 0 | 0 | 0 | 0 | 0 | 0 | 0 | 0 | 0 | 0 | 0< | -1 | 0 | 0 | 4 | 128 ]
[ 128 | 1 | >-8 | 7 | 0 | 0 | 0 | 0 | 0 | 0 | 0 | 0 | 0 | 0 | 0 | 0 | 0 | 0< | -1 | 0 | 0 | 4 | 128 ]
[ 128 | >1 | -8 | 7 | 0 | 0 | 0 | 0 | 0 | 0 | 0 | 0 | 0 | 0 | 0 | 0 | 0 | 0< | -1 | 0 | 0 | 4 | 128 ]
[ 128 | >2 | -8 | 7 | 0 | 0 | 0 | 0 | 0 | 0 | 0 | 0 | 0 | 0 | 0 | 0 | 0 | 0< | -1 | 0 | 0 | 4 | 128 ]
[ 128 | >3 | -8 | 7 | 0 | 0 | 0 | 0 | 0 | 0 | 0 | 0 | 0 | 0 | 0 | 0 | 0< | 0 | -1 | 0 | 0 | 4 | 128 ]
[ 128 | >4 | -8 | 7 | 0 | 0 | 0 | 0 | 0 | 0 | 0 | 0 | 0 | 0 | 0 | 0< | 0 | 0 | -1 | 0 | 0 | 4 | 128 ]
[ 128 | >5 | -8 | 7 | 0 | 0 | 0 | 0 | 0 | 0 | 0 | 0 | 0 | 0 | 0 | -1< | 0 | 0 | -1 | 0 | 0 | 4 | 128 ]
[ 128 | >6 | -8 | 7 | 0 | 0 | 0 | 0 | 0 | 0 | 0 | 0 | 0 | 0 | 0 | -1< | 0 | 0 | -1 | 0 | 0 | 4 | 128 ]
[ 128 | >7 | -8 | 7 | 0 | 0 | 0 | 0 | 0 | 0 | 0 | 0 | 0 | 0 | 0 | -1< | 0 | 0 | -1 | 0 | 0 | 4 | 128 ]
[ 128 | >8 | -8 | 7 | 0 | 0 | 0 | 0 | 0 | 0 | 0 | 0 | 0 | 0 | 0< | -1 | 0 | 0 | -1 | 0 | 0 | 4 | 128 ]
[ 128 | >9 | -8 | 7 | 0 | 0 | 0 | 0 | 0 | 0 | 0 | 0 | 0 | 0 | 0< | -1 | 0 | 0 | -1 | 0 | 0 | 4 | 128 ]
[ 128 | >10 | -8 | 7 | 0 | 0 | 0 | 0 | 0 | 0 | 0 | 0 | 0 | 0 | 0< | -1 | 0 | 0 | -1 | 0 | 0 | 4 | 128 ]
[ 128 | >11 | -8 | 7 | 0 | 0 | 0 | 0 | 0 | 0 | 0 | 0 | 0 | 0 | 0< | -1 | 0 | 0 | -1 | 0 | 0 | 4 | 128 ]
[ 128 | >12 | -8 | 7 | 0 | 0 | 0 | 0 | 0 | 0 | 0 | 0 | 0 | 0< | 0 | -1 | 0 | 0 | -1 | 0 | 0 | 4 | 128 ]
[ 128 | >13 | -8 | 7 | 0 | 0 | 0 | 0 | 0 | 0 | 0 | 0 | 0< | 0 | 0 | -1 | 0 | 0 | -1 | 0 | 0 | 4 | 128 ]
[ 128 | >14 | -8 | 7 | 0 | 0 | 0 | 0 | 0 | 0 | 0 | 0 | -1< | 0 | 0 | -1 | 0 | 0 | -1 | 0 | 0 | 4 | 128 ]
[ 128 | >15 | -8 | 7 | 0 | 0 | 0 | 0 | 0 | 0 | 0 | 0 | -1< | 0 | 0 | -1 | 0 | 0 | -1 | 0 | 0 | 4 | 128 ]
[ 128 | >16 | -8 | 7 | 0 | 0 | 0 | 0 | 0 | 0 | 0 | 0 | -1< | 0 | 0 | -1 | 0 | 0 | -1 | 0 | 0 | 4 | 128 ]
[ 128 | >17 | -8 | 7 | 0 | 0 | 0 | 0 | 0 | 0 | 0 | 0< | -1 | 0 | 0 | -1 | 0 | 0 | -1 | 0 | 0 | 4 | 128 ]
[ 128 | >18 | -8 | 7 | 0 | 0 | 0 | 0 | 0 | 0 | 0 | 0< | -1 | 0 | 0 | -1 | 0 | 0 | -1 | 0 | 0 | 4 | 128 ]
[ 128 | >19 | -8 | 7 | 0 | 0 | 0 | 0 | 0 | 0 | 0 | 0< | -1 | 0 | 0 | -1 | 0 | 0 | -1 | 0 | 0 | 4 | 128 ]
[ 128 | >20 | -8 | 7 | 0 | 0 | 0 | 0 | 0 | 0 | 0 | 0< | -1 | 0 | 0 | -1 | 0 | 0 | -1 | 0 | 0 | 4 | 128 ]
[ 128 | >21 | -8 | 7 | 0 | 0 | 0 | 0 | 0 | 0 | 0< | 0 | -1 | 0 | 0 | -1 | 0 | 0 | -1 | 0 | 0 | 4 | 128 ]
[ 128 | >22 | -8 | 7 | 0 | 0 | 0 | 0 | 0 | 0< | 0 | 0 | -1 | 0 | 0 | -1 | 0 | 0 | -1 | 0 | 0 | 4 | 128 ]
[ 128 | >23 | -8 | 7 | 0 | 0 | 0 | 0 | 0 | -1< | 0 | 0 | -1 | 0 | 0 | -1 | 0 | 0 | -1 | 0 | 0 | 4 | 128 ]
[ 128 | >24 | -8 | 7 | 0 | 0 | 0 | 0 | 0 | -1< | 0 | 0 | -1 | 0 | 0 | -1 | 0 | 0 | -1 | 0 | 0 | 4 | 128 ]
[ 128 | >25 | -8 | 7 | 0 | 0 | 0 | 0 | 0 | -1< | 0 | 0 | -1 | 0 | 0 | -1 | 0 | 0 | -1 | 0 | 0 | 4 | 128 ]
[ 128 | >26 | -8 | 7 | 0 | 0 | 0 | 0 | 0< | -1 | 0 | 0 | -1 | 0 | 0 | -1 | 0 | 0 | -1 | 0 | 0 | 4 | 128 ]
[ 128 | >27 | -8 | 7 | 0 | 0 | 0 | 0 | 0< | -1 | 0 | 0 | -1 | 0 | 0 | -1 | 0 | 0 | -1 | 0 | 0 | 4 | 128 ]
[ 128 | >28 | -8 | 7 | 0 | 0 | 0 | 0 | 0< | -1 | 0 | 0 | -1 | 0 | 0 | -1 | 0 | 0 | -1 | 0 | 0 | 4 | 128 ]
[ 128 | >29 | -8 | 7 | 0 | 0 | 0 | 0 | 0< | -1 | 0 | 0 | -1 | 0 | 0 | -1 | 0 | 0 | -1 | 0 | 0 | 4 | 128 ]
[ 128 | >30 | -8 | 7 | 0 | 0 | 0 | 0< | 0 | -1 | 0 | 0 | -1 | 0 | 0 | -1 | 0 | 0 | -1 | 0 | 0 | 4 | 128 ]
[ 128 | >31 | -8 | 7 | 0 | 0 | 0< | 0 | 0 | -1 | 0 | 0 | -1 | 0 | 0 | -1 | 0 | 0 | -1 | 0 | 0 | 4 | 128 ]
[ 128 | >32 | -8 | 7 | 0 | 0 | -1< | 0 | 0 | -1 | 0 | 0 | -1 | 0 | 0 | -1 | 0 | 0 | -1 | 0 | 0 | 4 | 128 ]
[ 128 | >33 | -8 | 7 | 0 | 0 | -1< | 0 | 0 | -1 | 0 | 0 | -1 | 0 | 0 | -1 | 0 | 0 | -1 | 0 | 0 | 4 | 128 ]
[ 128 | >34 | -8 | 7 | 0 | 0 | -1< | 0 | 0 | -1 | 0 | 0 | -1 | 0 | 0 | -1 | 0 | 0 | -1 | 0 | 0 | 4 | 128 ]
[ 128 | >35 | -8 | 7 | 0 | 0< | -1 | 0 | 0 | -1 | 0 | 0 | -1 | 0 | 0 | -1 | 0 | 0 | -1 | 0 | 0 | 4 | 128 ]
[ 128 | >36 | -8 | 7 | 0 | 0< | -1 | 0 | 0 | -1 | 0 | 0 | -1 | 0 | 0 | -1 | 0 | 0 | -1 | 0 | 0 | 4 | 128 ]
[ 128 | >37 | -8 | 7 | 0 | 0< | -1 | 0 | 0 | -1 | 0 | 0 | -1 | 0 | 0 | -1 | 0 | 0 | -1 | 0 | 0 | 4 | 128 ]
[ 128 | >38 | -8 | 7 | 0 | 0< | -1 | 0 | 0 | -1 | 0 | 0 | -1 | 0 | 0 | -1 | 0 | 0 | -1 | 0 | 0 | 4 | 128 ]
[ 128 | >39 | -8 | 7 | 0< | 0 | -1 | 0 | 0 | -1 | 0 | 0 | -1 | 0 | 0 | -1 | 0 | 0 | -1 | 0 | 0 | 4 | 128 ]
[ 128 | >40 | -8 | 7< | 0 | 0 | -1 | 0 | 0 | -1 | 0 | 0 | -1 | 0 | 0 | -1 | 0 | 0 | -1 | 0 | 0 | 4 | 128 ]
[ 128 | >41 | -8 | 6< | 0 | 0 | -1 | 0 | 0 | -1 | 0 | 0 | -1 | 0 | 0 | -1 | 0 | 0 | -1 | 0 | 0 | 4 | 128 ]
[ 128 | >42 | -8 | 6< | 0 | 0 | -1 | 0 | 0 | -1 | 0 | 0 | -1 | 0 | 0 | -1 | 0 | 0 | -1 | 0 | 0 | 4 | 128 ]
[ 128 | >43 | -8 | 6< | 0 | 0 | -1 | 0 | 0 | -1 | 0 | 0 | -1 | 0 | 0 | -1 | 0 | 0 | -1 | 0 | 0 | 4 | 128 ]
[ 128 | >44 | -8< | 6 | 0 | 0 | -1 | 0 | 0 | -1 | 0 | 0 | -1 | 0 | 0 | -1 | 0 | 0 | -1 | 0 | 0 | 4 | 128 ]
[ 128 | >45 | -8< | 6 | 0 | 0 | -1 | 0 | 0 | -1 | 0 | 0 | -1 | 0 | 0 | -1 | 0 | 0 | -1 | 0 | 0 | 4 | 128 ]
[ 128 | >46 | -8< | 6 | 0 | 0 | -1 | 0 | 0 | -1 | 0 | 0 | -1 | 0 | 0 | -1 | 0 | 0 | -1 | 0 | 0 | 4 | 128 ]
[ 128 | >47< | -8 | 6 | 0 | 0 | -1 | 0 | 0 | -1 | 0 | 0 | -1 | 0 | 0 | -1 | 0 | 0 | -1 | 0 | 0 | 4 | 128 ]
[ 128 | >47< | -8 | 6 | 0 | 0 | -1 | 0 | 0 | -1 | 0 | 0 | -1 | 0 | 0 | -1 | 0 | 0 | -1 | 0 | 0 | 4 | 128 ]
[ 128 | >47< | -8 | 6 | 0 | 0 | -1 | 0 | 0 | -1 | 0 | 0 | -1 | 0 | 0 | -1 | 0 | 0 | -1 | 0 | 0 | 4 | 128 ]
[ 128 | >47< | -8 | 6 | 0 | 0 | -1 | 0 | 0 | -1 | 0 | 0 | -1 | 0 | 0 | -1 | 0 | 0 | -1 | 0 | 0 | 4 | 128 ]
[ 128 | >47< | -8 | 6 | 0 | 0 | -1 | 0 | 0 | -1 | 0 | 0 | -1 | 0 | 0 | -1 | 0 | 0 | -1 | 0 | 0 | 4 | 128 ]
[ 128 | >47< | -8 | 6 | 0 | 0 | -1 | 0 | 0 | -1 | 0 | 0 | -1 | 0 | 0 | -1 | 0 | 0 | -1 | 0 | 0 | 4 | 128 ]
[ 128 | >47< | -8 | 6 | 0 | 0 | -1 | 0 | 0 | -1 | 0 | 0 | -1 | 0 | 0 | -1 | 0 | 0 | -1 | 0 | 0 | 4 | 128 ]
[ 128 | >47< | -8 | 6 | 0 | 0 | -1 | 0 | 0 | -1 | 0 | 0 | -1 | 0 | 0 | -1 | 0 | 0 | -1 | 0 | 0 | 4 | 128 ]
[ 128 | >47< | -8 | 6 | 0 | 0 | -1 | 0 | 0 | -1 | 0 | 0 | -1 | 0 | 0 | -1 | 0 | 0 | -1 | 0 | 0 | 4 | 128 ]
[ 128 | >47< | -8 | 6 | 0 | 0 | -1 | 0 | 0 | -1 | 0 | 0 | -1 | 0 | 0 | -1 | 0 | 0 | -1 | 0 | 0 | 4 | 128 ]
[ 128 | >47< | -8 | 6 | 0 | 0 | -1 | 0 | 0 | -1 | 0 | 0 | -1 | 0 | 0 | -1 | 0 | 0 | -1 | 0 | 0 | 4 | 128 ]
[ 128 | >48< | -8 | 6 | 0 | 0 | -1 | 0 | 0 | -1 | 0 | 0 | -1 | 0 | 0 | -1 | 0 | 0 | -1 | 0 | 0 | 4 | 128 ]
[ 128< | >49 | -8 | 6 | 0 | 0 | -1 | 0 | 0 | -1 | 0 | 0 | -1 | 0 | 0 | -1 | 0 | 0 | -1 | 0 | 0 | 4 | 128 ]
[ 127< | >50 | -8 | 6 | 0 | 0 | -1 | 0 | 0 | -1 | 0 | 0 | -1 | 0 | 0 | -1 | 0 | 0 | -1 | 0 | 0 | 4 | 128 ]
[ 126< | >51 | -8 | 6 | 0 | 0 | -1 | 0 | 0 | -1 | 0 | 0 | -1 | 0 | 0 | -1 | 0 | 0 | -1 | 0 | 0 | 4 | 128 ]
[ 125< | >52 | -8 | 6 | 0 | 0 | -1 | 0 | 0 | -1 | 0 | 0 | -1 | 0 | 0 | -1 | 0 | 0 | -1 | 0 | 0 | 4 | 128 ]
[ 124< | >53 | -8 | 6 | 0 | 0 | -1 | 0 | 0 | -1 | 0 | 0 | -1 | 0 | 0 | -1 | 0 | 0 | -1 | 0 | 0 | 4 | 128 ]
[ 123< | >54 | -8 | 6 | 0 | 0 | -1 | 0 | 0 | -1 | 0 | 0 | -1 | 0 | 0 | -1 | 0 | 0 | -1 | 0 | 0 | 4 | 128 ]
[ 122< | >55 | -8 | 6 | 0 | 0 | -1 | 0 | 0 | -1 | 0 | 0 | -1 | 0 | 0 | -1 | 0 | 0 | -1 | 0 | 0 | 4 | 128 ]
[ 121< | >56 | -8 | 6 | 0 | 0 | -1 | 0 | 0 | -1 | 0 | 0 | -1 | 0 | 0 | -1 | 0 | 0 | -1 | 0 | 0 | 4 | 128 ]
[ 120< | >57 | -8 | 6 | 0 | 0 | -1 | 0 | 0 | -1 | 0 | 0 | -1 | 0 | 0 | -1 | 0 | 0 | -1 | 0 | 0 | 4 | 128 ]
[ 119< | >58 | -8 | 6 | 0 | 0 | -1 | 0 | 0 | -1 | 0 | 0 | -1 | 0 | 0 | -1 | 0 | 0 | -1 | 0 | 0 | 4 | 128 ]
[ 118< | >59 | -8 | 6 | 0 | 0 | -1 | 0 | 0 | -1 | 0 | 0 | -1 | 0 | 0 | -1 | 0 | 0 | -1 | 0 | 0 | 4 | 128 ]
[ 118< | >60 | -8 | 6 | 0 | 0 | -1 | 0 | 0 | -1 | 0 | 0 | -1 | 0 | 0 | -1 | 0 | 0 | -1 | 0 | 0 | 4 | 128 ]
[ 118 | >61 | -8 | 6 | 0 | 0 | -1 | 0 | 0 | -1 | 0 | 0 | -1 | 0 | 0 | -1 | 0 | 0 | -1 | 0 | 0 | 4 | 128< ]

===== ScaredyBot won the battle after 91 cycles =====



===== Starting battle of <ScaredyBot> vs <PrussianRoulette> with memory tape size: 28 =====

[ >128 | 0 | 0 | 0 | 0 | 0 | 0 | 0 | 0 | 0 | 0 | 0 | 0 | 0 | 0 | 0 | 0 | 0 | 0 | 0 | 0 | 0 | 0 | 0 | 0 | 0 | 0 | 128< ]
[ 128 | >0 | 0 | 0 | 0 | 0 | 0 | 0 | 0 | 0 | 0 | 0 | 0 | 0 | 0 | 0 | 0 | 0 | 0 | 0 | 0 | 0 | 0 | 0 | 0 | 0 | 0< | 128 ]
[ 128 | >1 | 0 | 0 | 0 | 0 | 0 | 0 | 0 | 0 | 0 | 0 | 0 | 0 | 0 | 0 | 0 | 0 | 0 | 0 | 0 | 0 | 0 | 0 | 0 | 0 | 1< | 128 ]
[ 128 | 1 | >0 | 0 | 0 | 0 | 0 | 0 | 0 | 0 | 0 | 0 | 0 | 0 | 0 | 0 | 0 | 0 | 0 | 0 | 0 | 0 | 0 | 0 | 0 | 0 | 2< | 128 ]
[ 128 | 1 | >-1 | 0 | 0 | 0 | 0 | 0 | 0 | 0 | 0 | 0 | 0 | 0 | 0 | 0 | 0 | 0 | 0 | 0 | 0 | 0 | 0 | 0 | 0 | 0 | 3< | 128 ]
[ 128 | 1 | >-2 | 0 | 0 | 0 | 0 | 0 | 0 | 0 | 0 | 0 | 0 | 0 | 0 | 0 | 0 | 0 | 0 | 0 | 0 | 0 | 0 | 0 | 0 | 0 | 4< | 128 ]
[ 128 | 1 | >-3 | 0 | 0 | 0 | 0 | 0 | 0 | 0 | 0 | 0 | 0 | 0 | 0 | 0 | 0 | 0 | 0 | 0 | 0 | 0 | 0 | 0 | 0 | 0 | 5< | 128 ]
[ 128 | 1 | >-4 | 0 | 0 | 0 | 0 | 0 | 0 | 0 | 0 | 0 | 0 | 0 | 0 | 0 | 0 | 0 | 0 | 0 | 0 | 0 | 0 | 0 | 0 | 0 | 4< | 128 ]
[ 128 | 1 | >-5 | 0 | 0 | 0 | 0 | 0 | 0 | 0 | 0 | 0 | 0 | 0 | 0 | 0 | 0 | 0 | 0 | 0 | 0 | 0 | 0 | 0 | 0 | 0 | 4< | 128 ]
[ 128 | 1 | >-6 | 0 | 0 | 0 | 0 | 0 | 0 | 0 | 0 | 0 | 0 | 0 | 0 | 0 | 0 | 0 | 0 | 0 | 0 | 0 | 0 | 0 | 0 | 0 | 4< | 128 ]
[ 128 | 1 | >-7 | 0 | 0 | 0 | 0 | 0 | 0 | 0 | 0 | 0 | 0 | 0 | 0 | 0 | 0 | 0 | 0 | 0 | 0 | 0 | 0 | 0 | 0 | 0< | 4 | 128 ]
[ 128 | 1 | >-8 | 0 | 0 | 0 | 0 | 0 | 0 | 0 | 0 | 0 | 0 | 0 | 0 | 0 | 0 | 0 | 0 | 0 | 0 | 0 | 0 | 0 | 0 | 0< | 4 | 128 ]
[ 128 | 1 | -8 | >0 | 0 | 0 | 0 | 0 | 0 | 0 | 0 | 0 | 0 | 0 | 0 | 0 | 0 | 0 | 0 | 0 | 0 | 0 | 0 | 0 | 0 | 0< | 4 | 128 ]
[ 128 | 1 | -8 | >1 | 0 | 0 | 0 | 0 | 0 | 0 | 0 | 0 | 0 | 0 | 0 | 0 | 0 | 0 | 0 | 0 | 0 | 0 | 0 | 0 | 0 | 0< | 4 | 128 ]
[ 128 | 1 | -8 | >2 | 0 | 0 | 0 | 0 | 0 | 0 | 0 | 0 | 0 | 0 | 0 | 0 | 0 | 0 | 0 | 0 | 0 | 0 | 0 | 0 | 0< | 0 | 4 | 128 ]
[ 128 | 1 | -8 | >3 | 0 | 0 | 0 | 0 | 0 | 0 | 0 | 0 | 0 | 0 | 0 | 0 | 0 | 0 | 0 | 0 | 0 | 0 | 0 | 0< | 0 | 0 | 4 | 128 ]
[ 128 | 1 | -8 | >4 | 0 | 0 | 0 | 0 | 0 | 0 | 0 | 0 | 0 | 0 | 0 | 0 | 0 | 0 | 0 | 0 | 0 | 0 | 0 | -1< | 0 | 0 | 4 | 128 ]
[ 128 | 1 | -8 | >5 | 0 | 0 | 0 | 0 | 0 | 0 | 0 | 0 | 0 | 0 | 0 | 0 | 0 | 0 | 0 | 0 | 0 | 0 | 0 | -1< | 0 | 0 | 4 | 128 ]
[ 128 | 1 | -8 | >6 | 0 | 0 | 0 | 0 | 0 | 0 | 0 | 0 | 0 | 0 | 0 | 0 | 0 | 0 | 0 | 0 | 0 | 0 | 0 | -1< | 0 | 0 | 4 | 128 ]
[ 128 | 1 | -8 | >7 | 0 | 0 | 0 | 0 | 0 | 0 | 0 | 0 | 0 | 0 | 0 | 0 | 0 | 0 | 0 | 0 | 0 | 0 | 0< | -1 | 0 | 0 | 4 | 128 ]
[ 128 | 1 | >-8 | 7 | 0 | 0 | 0 | 0 | 0 | 0 | 0 | 0 | 0 | 0 | 0 | 0 | 0 | 0 | 0 | 0 | 0 | 0 | 0< | -1 | 0 | 0 | 4 | 128 ]
[ 128 | >1 | -8 | 7 | 0 | 0 | 0 | 0 | 0 | 0 | 0 | 0 | 0 | 0 | 0 | 0 | 0 | 0 | 0 | 0 | 0 | 0 | 0< | -1 | 0 | 0 | 4 | 128 ]
[ 128 | >2 | -8 | 7 | 0 | 0 | 0 | 0 | 0 | 0 | 0 | 0 | 0 | 0 | 0 | 0 | 0 | 0 | 0 | 0 | 0 | 0 | 0< | -1 | 0 | 0 | 4 | 128 ]
[ 128 | >3 | -8 | 7 | 0 | 0 | 0 | 0 | 0 | 0 | 0 | 0 | 0 | 0 | 0 | 0 | 0 | 0 | 0 | 0 | 0 | 0< | 0 | -1 | 0 | 0 | 4 | 128 ]
[ 128 | >4 | -8 | 7 | 0 | 0 | 0 | 0 | 0 | 0 | 0 | 0 | 0 | 0 | 0 | 0 | 0 | 0 | 0 | 0 | 0< | 0 | 0 | -1 | 0 | 0 | 4 | 128 ]
[ 128 | >5 | -8 | 7 | 0 | 0 | 0 | 0 | 0 | 0 | 0 | 0 | 0 | 0 | 0 | 0 | 0 | 0 | 0 | 0 | -1< | 0 | 0 | -1 | 0 | 0 | 4 | 128 ]
[ 128 | >6 | -8 | 7 | 0 | 0 | 0 | 0 | 0 | 0 | 0 | 0 | 0 | 0 | 0 | 0 | 0 | 0 | 0 | 0 | -1< | 0 | 0 | -1 | 0 | 0 | 4 | 128 ]
[ 128 | >7 | -8 | 7 | 0 | 0 | 0 | 0 | 0 | 0 | 0 | 0 | 0 | 0 | 0 | 0 | 0 | 0 | 0 | 0 | -1< | 0 | 0 | -1 | 0 | 0 | 4 | 128 ]
[ 128 | >8 | -8 | 7 | 0 | 0 | 0 | 0 | 0 | 0 | 0 | 0 | 0 | 0 | 0 | 0 | 0 | 0 | 0 | 0< | -1 | 0 | 0 | -1 | 0 | 0 | 4 | 128 ]
[ 128 | >9 | -8 | 7 | 0 | 0 | 0 | 0 | 0 | 0 | 0 | 0 | 0 | 0 | 0 | 0 | 0 | 0 | 0 | 0< | -1 | 0 | 0 | -1 | 0 | 0 | 4 | 128 ]
[ 128 | >10 | -8 | 7 | 0 | 0 | 0 | 0 | 0 | 0 | 0 | 0 | 0 | 0 | 0 | 0 | 0 | 0 | 0 | 0< | -1 | 0 | 0 | -1 | 0 | 0 | 4 | 128 ]
[ 128 | >11 | -8 | 7 | 0 | 0 | 0 | 0 | 0 | 0 | 0 | 0 | 0 | 0 | 0 | 0 | 0 | 0 | 0 | 0< | -1 | 0 | 0 | -1 | 0 | 0 | 4 | 128 ]
[ 128 | >12 | -8 | 7 | 0 | 0 | 0 | 0 | 0 | 0 | 0 | 0 | 0 | 0 | 0 | 0 | 0 | 0 | 0< | 0 | -1 | 0 | 0 | -1 | 0 | 0 | 4 | 128 ]
[ 128 | >13 | -8 | 7 | 0 | 0 | 0 | 0 | 0 | 0 | 0 | 0 | 0 | 0 | 0 | 0 | 0 | 0< | 0 | 0 | -1 | 0 | 0 | -1 | 0 | 0 | 4 | 128 ]
[ 128 | >14 | -8 | 7 | 0 | 0 | 0 | 0 | 0 | 0 | 0 | 0 | 0 | 0 | 0 | 0 | 0 | -1< | 0 | 0 | -1 | 0 | 0 | -1 | 0 | 0 | 4 | 128 ]
[ 128 | >15 | -8 | 7 | 0 | 0 | 0 | 0 | 0 | 0 | 0 | 0 | 0 | 0 | 0 | 0 | 0 | -1< | 0 | 0 | -1 | 0 | 0 | -1 | 0 | 0 | 4 | 128 ]
[ 128 | >16 | -8 | 7 | 0 | 0 | 0 | 0 | 0 | 0 | 0 | 0 | 0 | 0 | 0 | 0 | 0 | -1< | 0 | 0 | -1 | 0 | 0 | -1 | 0 | 0 | 4 | 128 ]
[ 128 | >17 | -8 | 7 | 0 | 0 | 0 | 0 | 0 | 0 | 0 | 0 | 0 | 0 | 0 | 0 | 0< | -1 | 0 | 0 | -1 | 0 | 0 | -1 | 0 | 0 | 4 | 128 ]
[ 128 | >18 | -8 | 7 | 0 | 0 | 0 | 0 | 0 | 0 | 0 | 0 | 0 | 0 | 0 | 0 | 0< | -1 | 0 | 0 | -1 | 0 | 0 | -1 | 0 | 0 | 4 | 128 ]
[ 128 | >19 | -8 | 7 | 0 | 0 | 0 | 0 | 0 | 0 | 0 | 0 | 0 | 0 | 0 | 0 | 0< | -1 | 0 | 0 | -1 | 0 | 0 | -1 | 0 | 0 | 4 | 128 ]
[ 128 | >20 | -8 | 7 | 0 | 0 | 0 | 0 | 0 | 0 | 0 | 0 | 0 | 0 | 0 | 0 | 0< | -1 | 0 | 0 | -1 | 0 | 0 | -1 | 0 | 0 | 4 | 128 ]
[ 128 | >21 | -8 | 7 | 0 | 0 | 0 | 0 | 0 | 0 | 0 | 0 | 0 | 0 | 0 | 0< | 0 | -1 | 0 | 0 | -1 | 0 | 0 | -1 | 0 | 0 | 4 | 128 ]
[ 128 | >22 | -8 | 7 | 0 | 0 | 0 | 0 | 0 | 0 | 0 | 0 | 0 | 0 | 0< | 0 | 0 | -1 | 0 | 0 | -1 | 0 | 0 | -1 | 0 | 0 | 4 | 128 ]
[ 128 | >23 | -8 | 7 | 0 | 0 | 0 | 0 | 0 | 0 | 0 | 0 | 0 | 0 | -1< | 0 | 0 | -1 | 0 | 0 | -1 | 0 | 0 | -1 | 0 | 0 | 4 | 128 ]
[ 128 | >24 | -8 | 7 | 0 | 0 | 0 | 0 | 0 | 0 | 0 | 0 | 0 | 0 | -1< | 0 | 0 | -1 | 0 | 0 | -1 | 0 | 0 | -1 | 0 | 0 | 4 | 128 ]
[ 128 | >25 | -8 | 7 | 0 | 0 | 0 | 0 | 0 | 0 | 0 | 0 | 0 | 0 | -1< | 0 | 0 | -1 | 0 | 0 | -1 | 0 | 0 | -1 | 0 | 0 | 4 | 128 ]
[ 128 | >26 | -8 | 7 | 0 | 0 | 0 | 0 | 0 | 0 | 0 | 0 | 0 | 0< | -1 | 0 | 0 | -1 | 0 | 0 | -1 | 0 | 0 | -1 | 0 | 0 | 4 | 128 ]
[ 128 | >27 | -8 | 7 | 0 | 0 | 0 | 0 | 0 | 0 | 0 | 0 | 0 | 0< | -1 | 0 | 0 | -1 | 0 | 0 | -1 | 0 | 0 | -1 | 0 | 0 | 4 | 128 ]
[ 128 | >28 | -8 | 7 | 0 | 0 | 0 | 0 | 0 | 0 | 0 | 0 | 0 | 0< | -1 | 0 | 0 | -1 | 0 | 0 | -1 | 0 | 0 | -1 | 0 | 0 | 4 | 128 ]
[ 128 | >29 | -8 | 7 | 0 | 0 | 0 | 0 | 0 | 0 | 0 | 0 | 0 | 0< | -1 | 0 | 0 | -1 | 0 | 0 | -1 | 0 | 0 | -1 | 0 | 0 | 4 | 128 ]
[ 128 | >30 | -8 | 7 | 0 | 0 | 0 | 0 | 0 | 0 | 0 | 0 | 0< | 0 | -1 | 0 | 0 | -1 | 0 | 0 | -1 | 0 | 0 | -1 | 0 | 0 | 4 | 128 ]
[ 128 | >31 | -8 | 7 | 0 | 0 | 0 | 0 | 0 | 0 | 0 | 0< | 0 | 0 | -1 | 0 | 0 | -1 | 0 | 0 | -1 | 0 | 0 | -1 | 0 | 0 | 4 | 128 ]
[ 128 | >32 | -8 | 7 | 0 | 0 | 0 | 0 | 0 | 0 | 0 | -1< | 0 | 0 | -1 | 0 | 0 | -1 | 0 | 0 | -1 | 0 | 0 | -1 | 0 | 0 | 4 | 128 ]
[ 128 | >33 | -8 | 7 | 0 | 0 | 0 | 0 | 0 | 0 | 0 | -1< | 0 | 0 | -1 | 0 | 0 | -1 | 0 | 0 | -1 | 0 | 0 | -1 | 0 | 0 | 4 | 128 ]
[ 128 | >34 | -8 | 7 | 0 | 0 | 0 | 0 | 0 | 0 | 0 | -1< | 0 | 0 | -1 | 0 | 0 | -1 | 0 | 0 | -1 | 0 | 0 | -1 | 0 | 0 | 4 | 128 ]
[ 128 | >35 | -8 | 7 | 0 | 0 | 0 | 0 | 0 | 0 | 0< | -1 | 0 | 0 | -1 | 0 | 0 | -1 | 0 | 0 | -1 | 0 | 0 | -1 | 0 | 0 | 4 | 128 ]
[ 128 | >36 | -8 | 7 | 0 | 0 | 0 | 0 | 0 | 0 | 0< | -1 | 0 | 0 | -1 | 0 | 0 | -1 | 0 | 0 | -1 | 0 | 0 | -1 | 0 | 0 | 4 | 128 ]
[ 128 | >37 | -8 | 7 | 0 | 0 | 0 | 0 | 0 | 0 | 0< | -1 | 0 | 0 | -1 | 0 | 0 | -1 | 0 | 0 | -1 | 0 | 0 | -1 | 0 | 0 | 4 | 128 ]
[ 128 | >38 | -8 | 7 | 0 | 0 | 0 | 0 | 0 | 0 | 0< | -1 | 0 | 0 | -1 | 0 | 0 | -1 | 0 | 0 | -1 | 0 | 0 | -1 | 0 | 0 | 4 | 128 ]
[ 128 | >39 | -8 | 7 | 0 | 0 | 0 | 0 | 0 | 0< | 0 | -1 | 0 | 0 | -1 | 0 | 0 | -1 | 0 | 0 | -1 | 0 | 0 | -1 | 0 | 0 | 4 | 128 ]
[ 128 | >40 | -8 | 7 | 0 | 0 | 0 | 0 | 0< | 0 | 0 | -1 | 0 | 0 | -1 | 0 | 0 | -1 | 0 | 0 | -1 | 0 | 0 | -1 | 0 | 0 | 4 | 128 ]
[ 128 | >41 | -8 | 7 | 0 | 0 | 0 | 0 | -1< | 0 | 0 | -1 | 0 | 0 | -1 | 0 | 0 | -1 | 0 | 0 | -1 | 0 | 0 | -1 | 0 | 0 | 4 | 128 ]
[ 128 | >42 | -8 | 7 | 0 | 0 | 0 | 0 | -1< | 0 | 0 | -1 | 0 | 0 | -1 | 0 | 0 | -1 | 0 | 0 | -1 | 0 | 0 | -1 | 0 | 0 | 4 | 128 ]
[ 128 | >43 | -8 | 7 | 0 | 0 | 0 | 0 | -1< | 0 | 0 | -1 | 0 | 0 | -1 | 0 | 0 | -1 | 0 | 0 | -1 | 0 | 0 | -1 | 0 | 0 | 4 | 128 ]
[ 128 | >44 | -8 | 7 | 0 | 0 | 0 | 0< | -1 | 0 | 0 | -1 | 0 | 0 | -1 | 0 | 0 | -1 | 0 | 0 | -1 | 0 | 0 | -1 | 0 | 0 | 4 | 128 ]
[ 128 | >45 | -8 | 7 | 0 | 0 | 0 | 0< | -1 | 0 | 0 | -1 | 0 | 0 | -1 | 0 | 0 | -1 | 0 | 0 | -1 | 0 | 0 | -1 | 0 | 0 | 4 | 128 ]
[ 128 | >46 | -8 | 7 | 0 | 0 | 0 | 0< | -1 | 0 | 0 | -1 | 0 | 0 | -1 | 0 | 0 | -1 | 0 | 0 | -1 | 0 | 0 | -1 | 0 | 0 | 4 | 128 ]
[ 128 | >47 | -8 | 7 | 0 | 0 | 0 | 0< | -1 | 0 | 0 | -1 | 0 | 0 | -1 | 0 | 0 | -1 | 0 | 0 | -1 | 0 | 0 | -1 | 0 | 0 | 4 | 128 ]
[ 128 | >48 | -8 | 7 | 0 | 0 | 0< | 0 | -1 | 0 | 0 | -1 | 0 | 0 | -1 | 0 | 0 | -1 | 0 | 0 | -1 | 0 | 0 | -1 | 0 | 0 | 4 | 128 ]
[ 128 | >49 | -8 | 7 | 0 | 0< | 0 | 0 | -1 | 0 | 0 | -1 | 0 | 0 | -1 | 0 | 0 | -1 | 0 | 0 | -1 | 0 | 0 | -1 | 0 | 0 | 4 | 128 ]
[ 128 | >50 | -8 | 7 | 0 | -1< | 0 | 0 | -1 | 0 | 0 | -1 | 0 | 0 | -1 | 0 | 0 | -1 | 0 | 0 | -1 | 0 | 0 | -1 | 0 | 0 | 4 | 128 ]
[ 128 | >51 | -8 | 7 | 0 | -1< | 0 | 0 | -1 | 0 | 0 | -1 | 0 | 0 | -1 | 0 | 0 | -1 | 0 | 0 | -1 | 0 | 0 | -1 | 0 | 0 | 4 | 128 ]
[ 128 | >52 | -8 | 7 | 0 | -1< | 0 | 0 | -1 | 0 | 0 | -1 | 0 | 0 | -1 | 0 | 0 | -1 | 0 | 0 | -1 | 0 | 0 | -1 | 0 | 0 | 4 | 128 ]
[ 128 | >53 | -8 | 7 | 0< | -1 | 0 | 0 | -1 | 0 | 0 | -1 | 0 | 0 | -1 | 0 | 0 | -1 | 0 | 0 | -1 | 0 | 0 | -1 | 0 | 0 | 4 | 128 ]
[ 128 | >54 | -8 | 7 | 0< | -1 | 0 | 0 | -1 | 0 | 0 | -1 | 0 | 0 | -1 | 0 | 0 | -1 | 0 | 0 | -1 | 0 | 0 | -1 | 0 | 0 | 4 | 128 ]
[ 128 | >55 | -8 | 7 | 0< | -1 | 0 | 0 | -1 | 0 | 0 | -1 | 0 | 0 | -1 | 0 | 0 | -1 | 0 | 0 | -1 | 0 | 0 | -1 | 0 | 0 | 4 | 128 ]
[ 128 | >56 | -8 | 7 | 0< | -1 | 0 | 0 | -1 | 0 | 0 | -1 | 0 | 0 | -1 | 0 | 0 | -1 | 0 | 0 | -1 | 0 | 0 | -1 | 0 | 0 | 4 | 128 ]
[ 128 | >57 | -8 | 7< | 0 | -1 | 0 | 0 | -1 | 0 | 0 | -1 | 0 | 0 | -1 | 0 | 0 | -1 | 0 | 0 | -1 | 0 | 0 | -1 | 0 | 0 | 4 | 128 ]
[ 128 | >58 | -8< | 7 | 0 | -1 | 0 | 0 | -1 | 0 | 0 | -1 | 0 | 0 | -1 | 0 | 0 | -1 | 0 | 0 | -1 | 0 | 0 | -1 | 0 | 0 | 4 | 128 ]
[ 128 | >59 | -9< | 7 | 0 | -1 | 0 | 0 | -1 | 0 | 0 | -1 | 0 | 0 | -1 | 0 | 0 | -1 | 0 | 0 | -1 | 0 | 0 | -1 | 0 | 0 | 4 | 128 ]
[ 128 | >60 | -9< | 7 | 0 | -1 | 0 | 0 | -1 | 0 | 0 | -1 | 0 | 0 | -1 | 0 | 0 | -1 | 0 | 0 | -1 | 0 | 0 | -1 | 0 | 0 | 4 | 128 ]
[ 128 | >61 | -9< | 7 | 0 | -1 | 0 | 0 | -1 | 0 | 0 | -1 | 0 | 0 | -1 | 0 | 0 | -1 | 0 | 0 | -1 | 0 | 0 | -1 | 0 | 0 | 4 | 128 ]
[ 128 | >62< | -9 | 7 | 0 | -1 | 0 | 0 | -1 | 0 | 0 | -1 | 0 | 0 | -1 | 0 | 0 | -1 | 0 | 0 | -1 | 0 | 0 | -1 | 0 | 0 | 4 | 128 ]
[ 128 | >63< | -9 | 7 | 0 | -1 | 0 | 0 | -1 | 0 | 0 | -1 | 0 | 0 | -1 | 0 | 0 | -1 | 0 | 0 | -1 | 0 | 0 | -1 | 0 | 0 | 4 | 128 ]
[ 128 | >64< | -9 | 7 | 0 | -1 | 0 | 0 | -1 | 0 | 0 | -1 | 0 | 0 | -1 | 0 | 0 | -1 | 0 | 0 | -1 | 0 | 0 | -1 | 0 | 0 | 4 | 128 ]
[ 128< | >65 | -9 | 7 | 0 | -1 | 0 | 0 | -1 | 0 | 0 | -1 | 0 | 0 | -1 | 0 | 0 | -1 | 0 | 0 | -1 | 0 | 0 | -1 | 0 | 0 | 4 | 128 ]
[ 127< | >66 | -9 | 7 | 0 | -1 | 0 | 0 | -1 | 0 | 0 | -1 | 0 | 0 | -1 | 0 | 0 | -1 | 0 | 0 | -1 | 0 | 0 | -1 | 0 | 0 | 4 | 128 ]
[ 126< | >67 | -9 | 7 | 0 | -1 | 0 | 0 | -1 | 0 | 0 | -1 | 0 | 0 | -1 | 0 | 0 | -1 | 0 | 0 | -1 | 0 | 0 | -1 | 0 | 0 | 4 | 128 ]
[ 125< | >68 | -9 | 7 | 0 | -1 | 0 | 0 | -1 | 0 | 0 | -1 | 0 | 0 | -1 | 0 | 0 | -1 | 0 | 0 | -1 | 0 | 0 | -1 | 0 | 0 | 4 | 128 ]
[ 124< | >69 | -9 | 7 | 0 | -1 | 0 | 0 | -1 | 0 | 0 | -1 | 0 | 0 | -1 | 0 | 0 | -1 | 0 | 0 | -1 | 0 | 0 | -1 | 0 | 0 | 4 | 128 ]
[ 123< | >70 | -9 | 7 | 0 | -1 | 0 | 0 | -1 | 0 | 0 | -1 | 0 | 0 | -1 | 0 | 0 | -1 | 0 | 0 | -1 | 0 | 0 | -1 | 0 | 0 | 4 | 128 ]
[ 122< | >71 | -9 | 7 | 0 | -1 | 0 | 0 | -1 | 0 | 0 | -1 | 0 | 0 | -1 | 0 | 0 | -1 | 0 | 0 | -1 | 0 | 0 | -1 | 0 | 0 | 4 | 128 ]
[ 121< | >72 | -9 | 7 | 0 | -1 | 0 | 0 | -1 | 0 | 0 | -1 | 0 | 0 | -1 | 0 | 0 | -1 | 0 | 0 | -1 | 0 | 0 | -1 | 0 | 0 | 4 | 128 ]
[ 120< | >73 | -9 | 7 | 0 | -1 | 0 | 0 | -1 | 0 | 0 | -1 | 0 | 0 | -1 | 0 | 0 | -1 | 0 | 0 | -1 | 0 | 0 | -1 | 0 | 0 | 4 | 128 ]
[ 119< | >74 | -9 | 7 | 0 | -1 | 0 | 0 | -1 | 0 | 0 | -1 | 0 | 0 | -1 | 0 | 0 | -1 | 0 | 0 | -1 | 0 | 0 | -1 | 0 | 0 | 4 | 128 ]
[ 118< | >75 | -9 | 7 | 0 | -1 | 0 | 0 | -1 | 0 | 0 | -1 | 0 | 0 | -1 | 0 | 0 | -1 | 0 | 0 | -1 | 0 | 0 | -1 | 0 | 0 | 4 | 128 ]
[ 118< | >76 | -9 | 7 | 0 | -1 | 0 | 0 | -1 | 0 | 0 | -1 | 0 | 0 | -1 | 0 | 0 | -1 | 0 | 0 | -1 | 0 | 0 | -1 | 0 | 0 | 4 | 128 ]
[ 118 | >77 | -9 | 7 | 0 | -1 | 0 | 0 | -1 | 0 | 0 | -1 | 0 | 0 | -1 | 0 | 0 | -1 | 0 | 0 | -1 | 0 | 0 | -1 | 0 | 0 | 4 | 128< ]

===== ScaredyBot won the battle after 97 cycles =====



===== Starting battle of <ScaredyBot> vs <PrussianRoulette> with memory tape size: 23 =====

[ >128 | 0 | 0 | 0 | 0 | 0 | 0 | 0 | 0 | 0 | 0 | 0 | 0 | 0 | 0 | 0 | 0 | 0 | 0 | 0 | 0 | 0 | 128< ]
[ 128 | >0 | 0 | 0 | 0 | 0 | 0 | 0 | 0 | 0 | 0 | 0 | 0 | 0 | 0 | 0 | 0 | 0 | 0 | 0 | 0 | 0< | 128 ]
[ 128 | >1 | 0 | 0 | 0 | 0 | 0 | 0 | 0 | 0 | 0 | 0 | 0 | 0 | 0 | 0 | 0 | 0 | 0 | 0 | 0 | 1< | 128 ]
[ 128 | 1 | >0 | 0 | 0 | 0 | 0 | 0 | 0 | 0 | 0 | 0 | 0 | 0 | 0 | 0 | 0 | 0 | 0 | 0 | 0 | 2< | 128 ]
[ 128 | 1 | >-1 | 0 | 0 | 0 | 0 | 0 | 0 | 0 | 0 | 0 | 0 | 0 | 0 | 0 | 0 | 0 | 0 | 0 | 0 | 3< | 128 ]
[ 128 | 1 | >-2 | 0 | 0 | 0 | 0 | 0 | 0 | 0 | 0 | 0 | 0 | 0 | 0 | 0 | 0 | 0 | 0 | 0 | 0 | 4< | 128 ]
[ 128 | 1 | >-3 | 0 | 0 | 0 | 0 | 0 | 0 | 0 | 0 | 0 | 0 | 0 | 0 | 0 | 0 | 0 | 0 | 0 | 0 | 5< | 128 ]
[ 128 | 1 | >-4 | 0 | 0 | 0 | 0 | 0 | 0 | 0 | 0 | 0 | 0 | 0 | 0 | 0 | 0 | 0 | 0 | 0 | 0 | 4< | 128 ]
[ 128 | 1 | >-5 | 0 | 0 | 0 | 0 | 0 | 0 | 0 | 0 | 0 | 0 | 0 | 0 | 0 | 0 | 0 | 0 | 0 | 0 | 4< | 128 ]
[ 128 | 1 | >-6 | 0 | 0 | 0 | 0 | 0 | 0 | 0 | 0 | 0 | 0 | 0 | 0 | 0 | 0 | 0 | 0 | 0 | 0 | 4< | 128 ]
[ 128 | 1 | >-7 | 0 | 0 | 0 | 0 | 0 | 0 | 0 | 0 | 0 | 0 | 0 | 0 | 0 | 0 | 0 | 0 | 0 | 0< | 4 | 128 ]
[ 128 | 1 | >-8 | 0 | 0 | 0 | 0 | 0 | 0 | 0 | 0 | 0 | 0 | 0 | 0 | 0 | 0 | 0 | 0 | 0 | 0< | 4 | 128 ]
[ 128 | 1 | -8 | >0 | 0 | 0 | 0 | 0 | 0 | 0 | 0 | 0 | 0 | 0 | 0 | 0 | 0 | 0 | 0 | 0 | 0< | 4 | 128 ]
[ 128 | 1 | -8 | >1 | 0 | 0 | 0 | 0 | 0 | 0 | 0 | 0 | 0 | 0 | 0 | 0 | 0 | 0 | 0 | 0 | 0< | 4 | 128 ]
[ 128 | 1 | -8 | >2 | 0 | 0 | 0 | 0 | 0 | 0 | 0 | 0 | 0 | 0 | 0 | 0 | 0 | 0 | 0 | 0< | 0 | 4 | 128 ]
[ 128 | 1 | -8 | >3 | 0 | 0 | 0 | 0 | 0 | 0 | 0 | 0 | 0 | 0 | 0 | 0 | 0 | 0 | 0< | 0 | 0 | 4 | 128 ]
[ 128 | 1 | -8 | >4 | 0 | 0 | 0 | 0 | 0 | 0 | 0 | 0 | 0 | 0 | 0 | 0 | 0 | 0 | -1< | 0 | 0 | 4 | 128 ]
[ 128 | 1 | -8 | >5 | 0 | 0 | 0 | 0 | 0 | 0 | 0 | 0 | 0 | 0 | 0 | 0 | 0 | 0 | -1< | 0 | 0 | 4 | 128 ]
[ 128 | 1 | -8 | >6 | 0 | 0 | 0 | 0 | 0 | 0 | 0 | 0 | 0 | 0 | 0 | 0 | 0 | 0 | -1< | 0 | 0 | 4 | 128 ]
[ 128 | 1 | -8 | >7 | 0 | 0 | 0 | 0 | 0 | 0 | 0 | 0 | 0 | 0 | 0 | 0 | 0 | 0< | -1 | 0 | 0 | 4 | 128 ]
[ 128 | 1 | >-8 | 7 | 0 | 0 | 0 | 0 | 0 | 0 | 0 | 0 | 0 | 0 | 0 | 0 | 0 | 0< | -1 | 0 | 0 | 4 | 128 ]
[ 128 | >1 | -8 | 7 | 0 | 0 | 0 | 0 | 0 | 0 | 0 | 0 | 0 | 0 | 0 | 0 | 0 | 0< | -1 | 0 | 0 | 4 | 128 ]
[ 128 | >2 | -8 | 7 | 0 | 0 | 0 | 0 | 0 | 0 | 0 | 0 | 0 | 0 | 0 | 0 | 0 | 0< | -1 | 0 | 0 | 4 | 128 ]
[ 128 | >3 | -8 | 7 | 0 | 0 | 0 | 0 | 0 | 0 | 0 | 0 | 0 | 0 | 0 | 0 | 0< | 0 | -1 | 0 | 0 | 4 | 128 ]
[ 128 | >4 | -8 | 7 | 0 | 0 | 0 | 0 | 0 | 0 | 0 | 0 | 0 | 0 | 0 | 0< | 0 | 0 | -1 | 0 | 0 | 4 | 128 ]
[ 128 | >5 | -8 | 7 | 0 | 0 | 0 | 0 | 0 | 0 | 0 | 0 | 0 | 0 | 0 | -1< | 0 | 0 | -1 | 0 | 0 | 4 | 128 ]
[ 128 | >6 | -8 | 7 | 0 | 0 | 0 | 0 | 0 | 0 | 0 | 0 | 0 | 0 | 0 | -1< | 0 | 0 | -1 | 0 | 0 | 4 | 128 ]
[ 128 | >7 | -8 | 7 | 0 | 0 | 0 | 0 | 0 | 0 | 0 | 0 | 0 | 0 | 0 | -1< | 0 | 0 | -1 | 0 | 0 | 4 | 128 ]
[ 128 | >8 | -8 | 7 | 0 | 0 | 0 | 0 | 0 | 0 | 0 | 0 | 0 | 0 | 0< | -1 | 0 | 0 | -1 | 0 | 0 | 4 | 128 ]
[ 128 | >9 | -8 | 7 | 0 | 0 | 0 | 0 | 0 | 0 | 0 | 0 | 0 | 0 | 0< | -1 | 0 | 0 | -1 | 0 | 0 | 4 | 128 ]
[ 128 | >10 | -8 | 7 | 0 | 0 | 0 | 0 | 0 | 0 | 0 | 0 | 0 | 0 | 0< | -1 | 0 | 0 | -1 | 0 | 0 | 4 | 128 ]
[ 128 | >11 | -8 | 7 | 0 | 0 | 0 | 0 | 0 | 0 | 0 | 0 | 0 | 0 | 0< | -1 | 0 | 0 | -1 | 0 | 0 | 4 | 128 ]
[ 128 | >12 | -8 | 7 | 0 | 0 | 0 | 0 | 0 | 0 | 0 | 0 | 0 | 0< | 0 | -1 | 0 | 0 | -1 | 0 | 0 | 4 | 128 ]
[ 128 | >13 | -8 | 7 | 0 | 0 | 0 | 0 | 0 | 0 | 0 | 0 | 0< | 0 | 0 | -1 | 0 | 0 | -1 | 0 | 0 | 4 | 128 ]
[ 128 | >14 | -8 | 7 | 0 | 0 | 0 | 0 | 0 | 0 | 0 | 0 | -1< | 0 | 0 | -1 | 0 | 0 | -1 | 0 | 0 | 4 | 128 ]
[ 128 | >15 | -8 | 7 | 0 | 0 | 0 | 0 | 0 | 0 | 0 | 0 | -1< | 0 | 0 | -1 | 0 | 0 | -1 | 0 | 0 | 4 | 128 ]
[ 128 | >16 | -8 | 7 | 0 | 0 | 0 | 0 | 0 | 0 | 0 | 0 | -1< | 0 | 0 | -1 | 0 | 0 | -1 | 0 | 0 | 4 | 128 ]
[ 128 | >17 | -8 | 7 | 0 | 0 | 0 | 0 | 0 | 0 | 0 | 0< | -1 | 0 | 0 | -1 | 0 | 0 | -1 | 0 | 0 | 4 | 128 ]
[ 128 | >18 | -8 | 7 | 0 | 0 | 0 | 0 | 0 | 0 | 0 | 0< | -1 | 0 | 0 | -1 | 0 | 0 | -1 | 0 | 0 | 4 | 128 ]
[ 128 | >19 | -8 | 7 | 0 | 0 | 0 | 0 | 0 | 0 | 0 | 0< | -1 | 0 | 0 | -1 | 0 | 0 | -1 | 0 | 0 | 4 | 128 ]
[ 128 | >20 | -8 | 7 | 0 | 0 | 0 | 0 | 0 | 0 | 0 | 0< | -1 | 0 | 0 | -1 | 0 | 0 | -1 | 0 | 0 | 4 | 128 ]
[ 128 | >21 | -8 | 7 | 0 | 0 | 0 | 0 | 0 | 0 | 0< | 0 | -1 | 0 | 0 | -1 | 0 | 0 | -1 | 0 | 0 | 4 | 128 ]
[ 128 | >22 | -8 | 7 | 0 | 0 | 0 | 0 | 0 | 0< | 0 | 0 | -1 | 0 | 0 | -1 | 0 | 0 | -1 | 0 | 0 | 4 | 128 ]
[ 128 | >23 | -8 | 7 | 0 | 0 | 0 | 0 | 0 | -1< | 0 | 0 | -1 | 0 | 0 | -1 | 0 | 0 | -1 | 0 | 0 | 4 | 128 ]
[ 128 | >24 | -8 | 7 | 0 | 0 | 0 | 0 | 0 | -1< | 0 | 0 | -1 | 0 | 0 | -1 | 0 | 0 | -1 | 0 | 0 | 4 | 128 ]
[ 128 | >25 | -8 | 7 | 0 | 0 | 0 | 0 | 0 | -1< | 0 | 0 | -1 | 0 | 0 | -1 | 0 | 0 | -1 | 0 | 0 | 4 | 128 ]
[ 128 | >26 | -8 | 7 | 0 | 0 | 0 | 0 | 0< | -1 | 0 | 0 | -1 | 0 | 0 | -1 | 0 | 0 | -1 | 0 | 0 | 4 | 128 ]
[ 128 | >27 | -8 | 7 | 0 | 0 | 0 | 0 | 0< | -1 | 0 | 0 | -1 | 0 | 0 | -1 | 0 | 0 | -1 | 0 | 0 | 4 | 128 ]
[ 128 | >28 | -8 | 7 | 0 | 0 | 0 | 0 | 0< | -1 | 0 | 0 | -1 | 0 | 0 | -1 | 0 | 0 | -1 | 0 | 0 | 4 | 128 ]
[ 128 | >29 | -8 | 7 | 0 | 0 | 0 | 0 | 0< | -1 | 0 | 0 | -1 | 0 | 0 | -1 | 0 | 0 | -1 | 0 | 0 | 4 | 128 ]
[ 128 | >30 | -8 | 7 | 0 | 0 | 0 | 0< | 0 | -1 | 0 | 0 | -1 | 0 | 0 | -1 | 0 | 0 | -1 | 0 | 0 | 4 | 128 ]
[ 128 | >31 | -8 | 7 | 0 | 0 | 0< | 0 | 0 | -1 | 0 | 0 | -1 | 0 | 0 | -1 | 0 | 0 | -1 | 0 | 0 | 4 | 128 ]
[ 128 | >32 | -8 | 7 | 0 | 0 | -1< | 0 | 0 | -1 | 0 | 0 | -1 | 0 | 0 | -1 | 0 | 0 | -1 | 0 | 0 | 4 | 128 ]
[ 128 | >33 | -8 | 7 | 0 | 0 | -1< | 0 | 0 | -1 | 0 | 0 | -1 | 0 | 0 | -1 | 0 | 0 | -1 | 0 | 0 | 4 | 128 ]
[ 128 | >34 | -8 | 7 | 0 | 0 | -1< | 0 | 0 | -1 | 0 | 0 | -1 | 0 | 0 | -1 | 0 | 0 | -1 | 0 | 0 | 4 | 128 ]
[ 128 | >35 | -8 | 7 | 0 | 0< | -1 | 0 | 0 | -1 | 0 | 0 | -1 | 0 | 0 | -1 | 0 | 0 | -1 | 0 | 0 | 4 | 128 ]
[ 128 | >36 | -8 | 7 | 0 | 0< | -1 | 0 | 0 | -1 | 0 | 0 | -1 | 0 | 0 | -1 | 0 | 0 | -1 | 0 | 0 | 4 | 128 ]
[ 128 | >37 | -8 | 7 | 0 | 0< | -1 | 0 | 0 | -1 | 0 | 0 | -1 | 0 | 0 | -1 | 0 | 0 | -1 | 0 | 0 | 4 | 128 ]
[ 128 | >38 | -8 | 7 | 0 | 0< | -1 | 0 | 0 | -1 | 0 | 0 | -1 | 0 | 0 | -1 | 0 | 0 | -1 | 0 | 0 | 4 | 128 ]
[ 128 | >39 | -8 | 7 | 0< | 0 | -1 | 0 | 0 | -1 | 0 | 0 | -1 | 0 | 0 | -1 | 0 | 0 | -1 | 0 | 0 | 4 | 128 ]
[ 128 | >40 | -8 | 7< | 0 | 0 | -1 | 0 | 0 | -1 | 0 | 0 | -1 | 0 | 0 | -1 | 0 | 0 | -1 | 0 | 0 | 4 | 128 ]
[ 128 | >41 | -8 | 6< | 0 | 0 | -1 | 0 | 0 | -1 | 0 | 0 | -1 | 0 | 0 | -1 | 0 | 0 | -1 | 0 | 0 | 4 | 128 ]
[ 128 | >42 | -8 | 6< | 0 | 0 | -1 | 0 | 0 | -1 | 0 | 0 | -1 | 0 | 0 | -1 | 0 | 0 | -1 | 0 | 0 | 4 | 128 ]
[ 128 | >43 | -8 | 6< | 0 | 0 | -1 | 0 | 0 | -1 | 0 | 0 | -1 | 0 | 0 | -1 | 0 | 0 | -1 | 0 | 0 | 4 | 128 ]
[ 128 | >44 | -8< | 6 | 0 | 0 | -1 | 0 | 0 | -1 | 0 | 0 | -1 | 0 | 0 | -1 | 0 | 0 | -1 | 0 | 0 | 4 | 128 ]
[ 128 | >45 | -8< | 6 | 0 | 0 | -1 | 0 | 0 | -1 | 0 | 0 | -1 | 0 | 0 | -1 | 0 | 0 | -1 | 0 | 0 | 4 | 128 ]
[ 128 | >46 | -8< | 6 | 0 | 0 | -1 | 0 | 0 | -1 | 0 | 0 | -1 | 0 | 0 | -1 | 0 | 0 | -1 | 0 | 0 | 4 | 128 ]
[ 128 | >47< | -8 | 6 | 0 | 0 | -1 | 0 | 0 | -1 | 0 | 0 | -1 | 0 | 0 | -1 | 0 | 0 | -1 | 0 | 0 | 4 | 128 ]
[ 128 | >47< | -8 | 6 | 0 | 0 | -1 | 0 | 0 | -1 | 0 | 0 | -1 | 0 | 0 | -1 | 0 | 0 | -1 | 0 | 0 | 4 | 128 ]
[ 128 | >47< | -8 | 6 | 0 | 0 | -1 | 0 | 0 | -1 | 0 | 0 | -1 | 0 | 0 | -1 | 0 | 0 | -1 | 0 | 0 | 4 | 128 ]
[ 128 | >47< | -8 | 6 | 0 | 0 | -1 | 0 | 0 | -1 | 0 | 0 | -1 | 0 | 0 | -1 | 0 | 0 | -1 | 0 | 0 | 4 | 128 ]
[ 128 | >47< | -8 | 6 | 0 | 0 | -1 | 0 | 0 | -1 | 0 | 0 | -1 | 0 | 0 | -1 | 0 | 0 | -1 | 0 | 0 | 4 | 128 ]
[ 128 | >47< | -8 | 6 | 0 | 0 | -1 | 0 | 0 | -1 | 0 | 0 | -1 | 0 | 0 | -1 | 0 | 0 | -1 | 0 | 0 | 4 | 128 ]
[ 128 | >47< | -8 | 6 | 0 | 0 | -1 | 0 | 0 | -1 | 0 | 0 | -1 | 0 | 0 | -1 | 0 | 0 | -1 | 0 | 0 | 4 | 128 ]
[ 128 | >47< | -8 | 6 | 0 | 0 | -1 | 0 | 0 | -1 | 0 | 0 | -1 | 0 | 0 | -1 | 0 | 0 | -1 | 0 | 0 | 4 | 128 ]
[ 128 | >47< | -8 | 6 | 0 | 0 | -1 | 0 | 0 | -1 | 0 | 0 | -1 | 0 | 0 | -1 | 0 | 0 | -1 | 0 | 0 | 4 | 128 ]
[ 128 | >47< | -8 | 6 | 0 | 0 | -1 | 0 | 0 | -1 | 0 | 0 | -1 | 0 | 0 | -1 | 0 | 0 | -1 | 0 | 0 | 4 | 128 ]
[ 128 | >47< | -8 | 6 | 0 | 0 | -1 | 0 | 0 | -1 | 0 | 0 | -1 | 0 | 0 | -1 | 0 | 0 | -1 | 0 | 0 | 4 | 128 ]
[ 128 | >48< | -8 | 6 | 0 | 0 | -1 | 0 | 0 | -1 | 0 | 0 | -1 | 0 | 0 | -1 | 0 | 0 | -1 | 0 | 0 | 4 | 128 ]
[ 128< | >49 | -8 | 6 | 0 | 0 | -1 | 0 | 0 | -1 | 0 | 0 | -1 | 0 | 0 | -1 | 0 | 0 | -1 | 0 | 0 | 4 | 128 ]
[ 127< | >50 | -8 | 6 | 0 | 0 | -1 | 0 | 0 | -1 | 0 | 0 | -1 | 0 | 0 | -1 | 0 | 0 | -1 | 0 | 0 | 4 | 128 ]
[ 126< | >51 | -8 | 6 | 0 | 0 | -1 | 0 | 0 | -1 | 0 | 0 | -1 | 0 | 0 | -1 | 0 | 0 | -1 | 0 | 0 | 4 | 128 ]
[ 125< | >52 | -8 | 6 | 0 | 0 | -1 | 0 | 0 | -1 | 0 | 0 | -1 | 0 | 0 | -1 | 0 | 0 | -1 | 0 | 0 | 4 | 128 ]
[ 124< | >53 | -8 | 6 | 0 | 0 | -1 | 0 | 0 | -1 | 0 | 0 | -1 | 0 | 0 | -1 | 0 | 0 | -1 | 0 | 0 | 4 | 128 ]
[ 123< | >54 | -8 | 6 | 0 | 0 | -1 | 0 | 0 | -1 | 0 | 0 | -1 | 0 | 0 | -1 | 0 | 0 | -1 | 0 | 0 | 4 | 128 ]
[ 122< | >55 | -8 | 6 | 0 | 0 | -1 | 0 | 0 | -1 | 0 | 0 | -1 | 0 | 0 | -1 | 0 | 0 | -1 | 0 | 0 | 4 | 128 ]
[ 121< | >56 | -8 | 6 | 0 | 0 | -1 | 0 | 0 | -1 | 0 | 0 | -1 | 0 | 0 | -1 | 0 | 0 | -1 | 0 | 0 | 4 | 128 ]
[ 120< | >57 | -8 | 6 | 0 | 0 | -1 | 0 | 0 | -1 | 0 | 0 | -1 | 0 | 0 | -1 | 0 | 0 | -1 | 0 | 0 | 4 | 128 ]
[ 119< | >58 | -8 | 6 | 0 | 0 | -1 | 0 | 0 | -1 | 0 | 0 | -1 | 0 | 0 | -1 | 0 | 0 | -1 | 0 | 0 | 4 | 128 ]
[ 118< | >59 | -8 | 6 | 0 | 0 | -1 | 0 | 0 | -1 | 0 | 0 | -1 | 0 | 0 | -1 | 0 | 0 | -1 | 0 | 0 | 4 | 128 ]
[ 118< | >60 | -8 | 6 | 0 | 0 | -1 | 0 | 0 | -1 | 0 | 0 | -1 | 0 | 0 | -1 | 0 | 0 | -1 | 0 | 0 | 4 | 128 ]
[ 118 | >61 | -8 | 6 | 0 | 0 | -1 | 0 | 0 | -1 | 0 | 0 | -1 | 0 | 0 | -1 | 0 | 0 | -1 | 0 | 0 | 4 | 128< ]

===== ScaredyBot won the battle after 91 cycles =====



===== ScaredyBot.bf vs. PrussianRoulette.bf finished with 10:0 =====