===== Starting battle of <WallE> vs <PrussianRoulette> with memory tape size: 28 =====

[ >128 | 0 | 0 | 0 | 0 | 0 | 0 | 0 | 0 | 0 | 0 | 0 | 0 | 0 | 0 | 0 | 0 | 0 | 0 | 0 | 0 | 0 | 0 | 0 | 0 | 0 | 0 | 128< ]
[ 128 | >0 | 0 | 0 | 0 | 0 | 0 | 0 | 0 | 0 | 0 | 0 | 0 | 0 | 0 | 0 | 0 | 0 | 0 | 0 | 0 | 0 | 0 | 0 | 0 | 0 | 0< | 128 ]
[ 128 | 0 | >0 | 0 | 0 | 0 | 0 | 0 | 0 | 0 | 0 | 0 | 0 | 0 | 0 | 0 | 0 | 0 | 0 | 0 | 0 | 0 | 0 | 0 | 0 | 0 | 1< | 128 ]
[ 128 | 0 | 0 | >0 | 0 | 0 | 0 | 0 | 0 | 0 | 0 | 0 | 0 | 0 | 0 | 0 | 0 | 0 | 0 | 0 | 0 | 0 | 0 | 0 | 0 | 0 | 2< | 128 ]
[ 128 | 0 | 0 | 0 | >0 | 0 | 0 | 0 | 0 | 0 | 0 | 0 | 0 | 0 | 0 | 0 | 0 | 0 | 0 | 0 | 0 | 0 | 0 | 0 | 0 | 0 | 3< | 128 ]
[ 128 | 0 | 0 | 0 | 0 | >0 | 0 | 0 | 0 | 0 | 0 | 0 | 0 | 0 | 0 | 0 | 0 | 0 | 0 | 0 | 0 | 0 | 0 | 0 | 0 | 0 | 4< | 128 ]
[ 128 | 0 | 0 | 0 | 0 | 0 | >0 | 0 | 0 | 0 | 0 | 0 | 0 | 0 | 0 | 0 | 0 | 0 | 0 | 0 | 0 | 0 | 0 | 0 | 0 | 0 | 5< | 128 ]
[ 128 | 0 | 0 | 0 | 0 | 0 | 0 | >0 | 0 | 0 | 0 | 0 | 0 | 0 | 0 | 0 | 0 | 0 | 0 | 0 | 0 | 0 | 0 | 0 | 0 | 0 | 4< | 128 ]
[ 128 | 0 | 0 | 0 | 0 | 0 | 0 | 0 | >0 | 0 | 0 | 0 | 0 | 0 | 0 | 0 | 0 | 0 | 0 | 0 | 0 | 0 | 0 | 0 | 0 | 0 | 4< | 128 ]
[ 128 | 0 | 0 | 0 | 0 | 0 | 0 | 0 | 0 | >0 | 0 | 0 | 0 | 0 | 0 | 0 | 0 | 0 | 0 | 0 | 0 | 0 | 0 | 0 | 0 | 0 | 4< | 128 ]
[ 128 | 0 | 0 | 0 | 0 | 0 | 0 | 0 | 0 | >1 | 0 | 0 | 0 | 0 | 0 | 0 | 0 | 0 | 0 | 0 | 0 | 0 | 0 | 0 | 0 | 0< | 4 | 128 ]
[ 128 | 0 | 0 | 0 | 0 | 0 | 0 | 0 | 0 | >2 | 0 | 0 | 0 | 0 | 0 | 0 | 0 | 0 | 0 | 0 | 0 | 0 | 0 | 0 | 0 | 0< | 4 | 128 ]
[ 128 | 0 | 0 | 0 | 0 | 0 | 0 | 0 | 0 | >3 | 0 | 0 | 0 | 0 | 0 | 0 | 0 | 0 | 0 | 0 | 0 | 0 | 0 | 0 | 0 | 0< | 4 | 128 ]
[ 128 | 0 | 0 | 0 | 0 | 0 | 0 | 0 | 0 | >4 | 0 | 0 | 0 | 0 | 0 | 0 | 0 | 0 | 0 | 0 | 0 | 0 | 0 | 0 | 0 | 0< | 4 | 128 ]
[ 128 | 0 | 0 | 0 | 0 | 0 | 0 | 0 | 0 | >5 | 0 | 0 | 0 | 0 | 0 | 0 | 0 | 0 | 0 | 0 | 0 | 0 | 0 | 0 | 0< | 0 | 4 | 128 ]
[ 128 | 0 | 0 | 0 | 0 | 0 | 0 | 0 | 0 | >6 | 0 | 0 | 0 | 0 | 0 | 0 | 0 | 0 | 0 | 0 | 0 | 0 | 0 | 0< | 0 | 0 | 4 | 128 ]
[ 128 | 0 | 0 | 0 | 0 | 0 | 0 | 0 | 0 | >7 | 0 | 0 | 0 | 0 | 0 | 0 | 0 | 0 | 0 | 0 | 0 | 0 | 0 | -1< | 0 | 0 | 4 | 128 ]
[ 128 | 0 | 0 | 0 | 0 | 0 | 0 | 0 | 0 | >8 | 0 | 0 | 0 | 0 | 0 | 0 | 0 | 0 | 0 | 0 | 0 | 0 | 0 | -1< | 0 | 0 | 4 | 128 ]
[ 128 | 0 | 0 | 0 | 0 | 0 | 0 | 0 | 0 | >9 | 0 | 0 | 0 | 0 | 0 | 0 | 0 | 0 | 0 | 0 | 0 | 0 | 0 | -1< | 0 | 0 | 4 | 128 ]
[ 128 | 0 | 0 | 0 | 0 | 0 | 0 | 0 | 0 | >10 | 0 | 0 | 0 | 0 | 0 | 0 | 0 | 0 | 0 | 0 | 0 | 0 | 0< | -1 | 0 | 0 | 4 | 128 ]
[ 128 | 0 | 0 | 0 | 0 | 0 | 0 | 0 | 0 | >11 | 0 | 0 | 0 | 0 | 0 | 0 | 0 | 0 | 0 | 0 | 0 | 0 | 0< | -1 | 0 | 0 | 4 | 128 ]
[ 128 | 0 | 0 | 0 | 0 | 0 | 0 | 0 | 0 | >12 | 0 | 0 | 0 | 0 | 0 | 0 | 0 | 0 | 0 | 0 | 0 | 0 | 0< | -1 | 0 | 0 | 4 | 128 ]
[ 128 | 0 | 0 | 0 | 0 | 0 | 0 | 0 | 0 | >13 | 0 | 0 | 0 | 0 | 0 | 0 | 0 | 0 | 0 | 0 | 0 | 0 | 0< | -1 | 0 | 0 | 4 | 128 ]
[ 128 | 0 | 0 | 0 | 0 | 0 | 0 | 0 | 0 | >14 | 0 | 0 | 0 | 0 | 0 | 0 | 0 | 0 | 0 | 0 | 0 | 0< | 0 | -1 | 0 | 0 | 4 | 128 ]
[ 128 | 0 | 0 | 0 | 0 | 0 | 0 | 0 | 0 | >15 | 0 | 0 | 0 | 0 | 0 | 0 | 0 | 0 | 0 | 0 | 0< | 0 | 0 | -1 | 0 | 0 | 4 | 128 ]
[ 128 | 0 | 0 | 0 | 0 | 0 | 0 | 0 | 0 | >16 | 0 | 0 | 0 | 0 | 0 | 0 | 0 | 0 | 0 | 0 | -1< | 0 | 0 | -1 | 0 | 0 | 4 | 128 ]
[ 128 | 0 | 0 | 0 | 0 | 0 | 0 | 0 | 0 | >17 | 0 | 0 | 0 | 0 | 0 | 0 | 0 | 0 | 0 | 0 | -1< | 0 | 0 | -1 | 0 | 0 | 4 | 128 ]
[ 128 | 0 | 0 | 0 | 0 | 0 | 0 | 0 | 0 | >18 | 0 | 0 | 0 | 0 | 0 | 0 | 0 | 0 | 0 | 0 | -1< | 0 | 0 | -1 | 0 | 0 | 4 | 128 ]
[ 128 | 0 | 0 | 0 | 0 | 0 | 0 | 0 | 0 | >19 | 0 | 0 | 0 | 0 | 0 | 0 | 0 | 0 | 0 | 0< | -1 | 0 | 0 | -1 | 0 | 0 | 4 | 128 ]
[ 128 | 0 | 0 | 0 | 0 | 0 | 0 | 0 | 0 | >20 | 0 | 0 | 0 | 0 | 0 | 0 | 0 | 0 | 0 | 0< | -1 | 0 | 0 | -1 | 0 | 0 | 4 | 128 ]
[ 128 | 0 | 0 | 0 | 0 | 0 | 0 | 0 | 0 | >21 | 0 | 0 | 0 | 0 | 0 | 0 | 0 | 0 | 0 | 0< | -1 | 0 | 0 | -1 | 0 | 0 | 4 | 128 ]
[ 128 | 0 | 0 | 0 | 0 | 0 | 0 | 0 | 0 | >22 | 0 | 0 | 0 | 0 | 0 | 0 | 0 | 0 | 0 | 0< | -1 | 0 | 0 | -1 | 0 | 0 | 4 | 128 ]
[ 128 | 0 | 0 | 0 | 0 | 0 | 0 | 0 | 0 | >23 | 0 | 0 | 0 | 0 | 0 | 0 | 0 | 0 | 0< | 0 | -1 | 0 | 0 | -1 | 0 | 0 | 4 | 128 ]
[ 128 | 0 | 0 | 0 | 0 | 0 | 0 | 0 | 0 | >24 | 0 | 0 | 0 | 0 | 0 | 0 | 0 | 0< | 0 | 0 | -1 | 0 | 0 | -1 | 0 | 0 | 4 | 128 ]
[ 128 | 0 | 0 | 0 | 0 | 0 | 0 | 0 | 0 | >25 | 0 | 0 | 0 | 0 | 0 | 0 | 0 | -1< | 0 | 0 | -1 | 0 | 0 | -1 | 0 | 0 | 4 | 128 ]
[ 128 | 0 | 0 | 0 | 0 | 0 | 0 | 0 | 0 | >26 | 0 | 0 | 0 | 0 | 0 | 0 | 0 | -1< | 0 | 0 | -1 | 0 | 0 | -1 | 0 | 0 | 4 | 128 ]
[ 128 | 0 | 0 | 0 | 0 | 0 | 0 | 0 | 0 | >27 | 0 | 0 | 0 | 0 | 0 | 0 | 0 | -1< | 0 | 0 | -1 | 0 | 0 | -1 | 0 | 0 | 4 | 128 ]
[ 128 | 0 | 0 | 0 | 0 | 0 | 0 | 0 | 0 | >28 | 0 | 0 | 0 | 0 | 0 | 0 | 0< | -1 | 0 | 0 | -1 | 0 | 0 | -1 | 0 | 0 | 4 | 128 ]
[ 128 | 0 | 0 | 0 | 0 | 0 | 0 | 0 | 0 | >29 | 0 | 0 | 0 | 0 | 0 | 0 | 0< | -1 | 0 | 0 | -1 | 0 | 0 | -1 | 0 | 0 | 4 | 128 ]
[ 128 | 0 | 0 | 0 | 0 | 0 | 0 | 0 | 0 | >30 | 0 | 0 | 0 | 0 | 0 | 0 | 0< | -1 | 0 | 0 | -1 | 0 | 0 | -1 | 0 | 0 | 4 | 128 ]
[ 128 | 0 | 0 | 0 | 0 | 0 | 0 | 0 | 0 | >31 | 0 | 0 | 0 | 0 | 0 | 0 | 0< | -1 | 0 | 0 | -1 | 0 | 0 | -1 | 0 | 0 | 4 | 128 ]
[ 128 | 0 | 0 | 0 | 0 | 0 | 0 | 0 | 0 | >32 | 0 | 0 | 0 | 0 | 0 | 0< | 0 | -1 | 0 | 0 | -1 | 0 | 0 | -1 | 0 | 0 | 4 | 128 ]
[ 128 | 0 | 0 | 0 | 0 | 0 | 0 | 0 | 0 | >33 | 0 | 0 | 0 | 0 | 0< | 0 | 0 | -1 | 0 | 0 | -1 | 0 | 0 | -1 | 0 | 0 | 4 | 128 ]
[ 128 | 0 | 0 | 0 | 0 | 0 | 0 | 0 | 0 | >34 | 0 | 0 | 0 | 0 | -1< | 0 | 0 | -1 | 0 | 0 | -1 | 0 | 0 | -1 | 0 | 0 | 4 | 128 ]
[ 128 | 0 | 0 | 0 | 0 | 0 | 0 | 0 | 0 | >35 | 0 | 0 | 0 | 0 | -1< | 0 | 0 | -1 | 0 | 0 | -1 | 0 | 0 | -1 | 0 | 0 | 4 | 128 ]
[ 128 | 0 | 0 | 0 | 0 | 0 | 0 | 0 | 0 | >36 | 0 | 0 | 0 | 0 | -1< | 0 | 0 | -1 | 0 | 0 | -1 | 0 | 0 | -1 | 0 | 0 | 4 | 128 ]
[ 128 | 0 | 0 | 0 | 0 | 0 | 0 | 0 | 0 | >37 | 0 | 0 | 0 | 0< | -1 | 0 | 0 | -1 | 0 | 0 | -1 | 0 | 0 | -1 | 0 | 0 | 4 | 128 ]
[ 128 | 0 | 0 | 0 | 0 | 0 | 0 | 0 | 0 | >38 | 0 | 0 | 0 | 0< | -1 | 0 | 0 | -1 | 0 | 0 | -1 | 0 | 0 | -1 | 0 | 0 | 4 | 128 ]
[ 128 | 0 | 0 | 0 | 0 | 0 | 0 | 0 | 0 | >39 | 0 | 0 | 0 | 0< | -1 | 0 | 0 | -1 | 0 | 0 | -1 | 0 | 0 | -1 | 0 | 0 | 4 | 128 ]
[ 128 | 0 | 0 | 0 | 0 | 0 | 0 | 0 | 0 | >40 | 0 | 0 | 0 | 0< | -1 | 0 | 0 | -1 | 0 | 0 | -1 | 0 | 0 | -1 | 0 | 0 | 4 | 128 ]
[ 128 | 0 | 0 | 0 | 0 | 0 | 0 | 0 | 0 | >41 | 0 | 0 | 0< | 0 | -1 | 0 | 0 | -1 | 0 | 0 | -1 | 0 | 0 | -1 | 0 | 0 | 4 | 128 ]
[ 128 | 0 | 0 | 0 | 0 | 0 | 0 | 0 | 0 | >42 | 0 | 0< | 0 | 0 | -1 | 0 | 0 | -1 | 0 | 0 | -1 | 0 | 0 | -1 | 0 | 0 | 4 | 128 ]
[ 128 | 0 | 0 | 0 | 0 | 0 | 0 | 0 | 0 | >43 | 0 | -1< | 0 | 0 | -1 | 0 | 0 | -1 | 0 | 0 | -1 | 0 | 0 | -1 | 0 | 0 | 4 | 128 ]
[ 128 | 0 | 0 | 0 | 0 | 0 | 0 | 0 | 0 | >44 | 0 | -1< | 0 | 0 | -1 | 0 | 0 | -1 | 0 | 0 | -1 | 0 | 0 | -1 | 0 | 0 | 4 | 128 ]
[ 128 | 0 | 0 | 0 | 0 | 0 | 0 | 0 | 0 | >45 | 0 | -1< | 0 | 0 | -1 | 0 | 0 | -1 | 0 | 0 | -1 | 0 | 0 | -1 | 0 | 0 | 4 | 128 ]
[ 128 | 0 | 0 | 0 | 0 | 0 | 0 | 0 | 0 | >46 | 0< | -1 | 0 | 0 | -1 | 0 | 0 | -1 | 0 | 0 | -1 | 0 | 0 | -1 | 0 | 0 | 4 | 128 ]
[ 128 | 0 | 0 | 0 | 0 | 0 | 0 | 0 | 0 | >47 | 0< | -1 | 0 | 0 | -1 | 0 | 0 | -1 | 0 | 0 | -1 | 0 | 0 | -1 | 0 | 0 | 4 | 128 ]
[ 128 | 0 | 0 | 0 | 0 | 0 | 0 | 0 | 0 | >48 | 0< | -1 | 0 | 0 | -1 | 0 | 0 | -1 | 0 | 0 | -1 | 0 | 0 | -1 | 0 | 0 | 4 | 128 ]
[ 128 | 0 | 0 | 0 | 0 | 0 | 0 | 0 | 0 | >49 | 0< | -1 | 0 | 0 | -1 | 0 | 0 | -1 | 0 | 0 | -1 | 0 | 0 | -1 | 0 | 0 | 4 | 128 ]
[ 128 | 0 | 0 | 0 | 0 | 0 | 0 | 0 | 0 | >50< | 0 | -1 | 0 | 0 | -1 | 0 | 0 | -1 | 0 | 0 | -1 | 0 | 0 | -1 | 0 | 0 | 4 | 128 ]
[ 128 | 0 | 0 | 0 | 0 | 0 | 0 | 0 | 0< | >51 | 0 | -1 | 0 | 0 | -1 | 0 | 0 | -1 | 0 | 0 | -1 | 0 | 0 | -1 | 0 | 0 | 4 | 128 ]
[ 128 | 0 | 0 | 0 | 0 | 0 | 0 | 0 | -1< | >52 | 0 | -1 | 0 | 0 | -1 | 0 | 0 | -1 | 0 | 0 | -1 | 0 | 0 | -1 | 0 | 0 | 4 | 128 ]
[ 128 | 0 | 0 | 0 | 0 | 0 | 0 | 0 | -1< | >53 | 0 | -1 | 0 | 0 | -1 | 0 | 0 | -1 | 0 | 0 | -1 | 0 | 0 | -1 | 0 | 0 | 4 | 128 ]
[ 128 | 0 | 0 | 0 | 0 | 0 | 0 | 0 | -1< | >54 | 0 | -1 | 0 | 0 | -1 | 0 | 0 | -1 | 0 | 0 | -1 | 0 | 0 | -1 | 0 | 0 | 4 | 128 ]
[ 128 | 0 | 0 | 0 | 0 | 0 | 0 | 0< | -1 | >55 | 0 | -1 | 0 | 0 | -1 | 0 | 0 | -1 | 0 | 0 | -1 | 0 | 0 | -1 | 0 | 0 | 4 | 128 ]
[ 128 | 0 | 0 | 0 | 0 | 0 | 0 | 0< | -1 | >56 | 0 | -1 | 0 | 0 | -1 | 0 | 0 | -1 | 0 | 0 | -1 | 0 | 0 | -1 | 0 | 0 | 4 | 128 ]
[ 128 | 0 | 0 | 0 | 0 | 0 | 0 | 0< | -1 | >57 | 0 | -1 | 0 | 0 | -1 | 0 | 0 | -1 | 0 | 0 | -1 | 0 | 0 | -1 | 0 | 0 | 4 | 128 ]
[ 128 | 0 | 0 | 0 | 0 | 0 | 0 | 0< | -1 | >58 | 0 | -1 | 0 | 0 | -1 | 0 | 0 | -1 | 0 | 0 | -1 | 0 | 0 | -1 | 0 | 0 | 4 | 128 ]
[ 128 | 0 | 0 | 0 | 0 | 0 | 0< | 0 | -1 | >59 | 0 | -1 | 0 | 0 | -1 | 0 | 0 | -1 | 0 | 0 | -1 | 0 | 0 | -1 | 0 | 0 | 4 | 128 ]
[ 128 | 0 | 0 | 0 | 0 | 0< | 0 | 0 | -1 | >60 | 0 | -1 | 0 | 0 | -1 | 0 | 0 | -1 | 0 | 0 | -1 | 0 | 0 | -1 | 0 | 0 | 4 | 128 ]
[ 128 | 0 | 0 | 0 | 0 | -1< | 0 | 0 | -1 | >61 | 0 | -1 | 0 | 0 | -1 | 0 | 0 | -1 | 0 | 0 | -1 | 0 | 0 | -1 | 0 | 0 | 4 | 128 ]
[ 128 | 0 | 0 | 0 | 0 | -1< | 0 | 0 | -1 | >62 | 0 | -1 | 0 | 0 | -1 | 0 | 0 | -1 | 0 | 0 | -1 | 0 | 0 | -1 | 0 | 0 | 4 | 128 ]
[ 128 | 0 | 0 | 0 | 0 | -1< | 0 | 0 | -1 | >63 | 0 | -1 | 0 | 0 | -1 | 0 | 0 | -1 | 0 | 0 | -1 | 0 | 0 | -1 | 0 | 0 | 4 | 128 ]
[ 128 | 0 | 0 | 0 | 0< | -1 | 0 | 0 | -1 | >64 | 0 | -1 | 0 | 0 | -1 | 0 | 0 | -1 | 0 | 0 | -1 | 0 | 0 | -1 | 0 | 0 | 4 | 128 ]
[ 128 | 0 | 0 | 0 | 0< | -1 | 0 | 0 | -1 | >65 | 0 | -1 | 0 | 0 | -1 | 0 | 0 | -1 | 0 | 0 | -1 | 0 | 0 | -1 | 0 | 0 | 4 | 128 ]
[ 128 | 0 | 0 | 0 | 0< | -1 | 0 | 0 | -1 | >66 | 0 | -1 | 0 | 0 | -1 | 0 | 0 | -1 | 0 | 0 | -1 | 0 | 0 | -1 | 0 | 0 | 4 | 128 ]
[ 128 | 0 | 0 | 0 | 0< | -1 | 0 | 0 | -1 | >67 | 0 | -1 | 0 | 0 | -1 | 0 | 0 | -1 | 0 | 0 | -1 | 0 | 0 | -1 | 0 | 0 | 4 | 128 ]
[ 128 | 0 | 0 | 0< | 0 | -1 | 0 | 0 | -1 | >68 | 0 | -1 | 0 | 0 | -1 | 0 | 0 | -1 | 0 | 0 | -1 | 0 | 0 | -1 | 0 | 0 | 4 | 128 ]
[ 128 | 0 | 0< | 0 | 0 | -1 | 0 | 0 | -1 | >69 | 0 | -1 | 0 | 0 | -1 | 0 | 0 | -1 | 0 | 0 | -1 | 0 | 0 | -1 | 0 | 0 | 4 | 128 ]
[ 128 | 0 | -1< | 0 | 0 | -1 | 0 | 0 | -1 | >70 | 0 | -1 | 0 | 0 | -1 | 0 | 0 | -1 | 0 | 0 | -1 | 0 | 0 | -1 | 0 | 0 | 4 | 128 ]
[ 128 | 0 | -1< | 0 | 0 | -1 | 0 | 0 | -1 | >71 | 0 | -1 | 0 | 0 | -1 | 0 | 0 | -1 | 0 | 0 | -1 | 0 | 0 | -1 | 0 | 0 | 4 | 128 ]
[ 128 | 0 | -1< | 0 | 0 | -1 | 0 | 0 | -1 | >72 | 0 | -1 | 0 | 0 | -1 | 0 | 0 | -1 | 0 | 0 | -1 | 0 | 0 | -1 | 0 | 0 | 4 | 128 ]
[ 128 | 0< | -1 | 0 | 0 | -1 | 0 | 0 | -1 | >73 | 0 | -1 | 0 | 0 | -1 | 0 | 0 | -1 | 0 | 0 | -1 | 0 | 0 | -1 | 0 | 0 | 4 | 128 ]
[ 128 | 0< | -1 | 0 | 0 | -1 | 0 | 0 | -1 | >74 | 0 | -1 | 0 | 0 | -1 | 0 | 0 | -1 | 0 | 0 | -1 | 0 | 0 | -1 | 0 | 0 | 4 | 128 ]
[ 128 | 0< | -1 | 0 | 0 | -1 | 0 | 0 | -1 | >75 | 0 | -1 | 0 | 0 | -1 | 0 | 0 | -1 | 0 | 0 | -1 | 0 | 0 | -1 | 0 | 0 | 4 | 128 ]
[ 128 | 0< | -1 | 0 | 0 | -1 | 0 | 0 | -1 | >76 | 0 | -1 | 0 | 0 | -1 | 0 | 0 | -1 | 0 | 0 | -1 | 0 | 0 | -1 | 0 | 0 | 4 | 128 ]
[ 128< | 0 | -1 | 0 | 0 | -1 | 0 | 0 | -1 | >77 | 0 | -1 | 0 | 0 | -1 | 0 | 0 | -1 | 0 | 0 | -1 | 0 | 0 | -1 | 0 | 0 | 4 | 128 ]
[ 128 | 0 | -1 | 0 | 0 | -1 | 0 | 0 | -1 | >78 | 0 | -1 | 0 | 0 | -1 | 0 | 0 | -1 | 0 | 0 | -1 | 0 | 0 | -1 | 0 | 0 | 4 | 128< ]

===== WallE won the battle after 87 cycles =====



===== Starting battle of <WallE> vs <PrussianRoulette> with memory tape size: 19 =====

[ >128 | 0 | 0 | 0 | 0 | 0 | 0 | 0 | 0 | 0 | 0 | 0 | 0 | 0 | 0 | 0 | 0 | 0 | 128< ]
[ 128 | >0 | 0 | 0 | 0 | 0 | 0 | 0 | 0 | 0 | 0 | 0 | 0 | 0 | 0 | 0 | 0 | 0< | 128 ]
[ 128 | 0 | >0 | 0 | 0 | 0 | 0 | 0 | 0 | 0 | 0 | 0 | 0 | 0 | 0 | 0 | 0 | 1< | 128 ]
[ 128 | 0 | 0 | >0 | 0 | 0 | 0 | 0 | 0 | 0 | 0 | 0 | 0 | 0 | 0 | 0 | 0 | 2< | 128 ]
[ 128 | 0 | 0 | 0 | >0 | 0 | 0 | 0 | 0 | 0 | 0 | 0 | 0 | 0 | 0 | 0 | 0 | 3< | 128 ]
[ 128 | 0 | 0 | 0 | 0 | >0 | 0 | 0 | 0 | 0 | 0 | 0 | 0 | 0 | 0 | 0 | 0 | 4< | 128 ]
[ 128 | 0 | 0 | 0 | 0 | 0 | >0 | 0 | 0 | 0 | 0 | 0 | 0 | 0 | 0 | 0 | 0 | 5< | 128 ]
[ 128 | 0 | 0 | 0 | 0 | 0 | 0 | >0 | 0 | 0 | 0 | 0 | 0 | 0 | 0 | 0 | 0 | 4< | 128 ]
[ 128 | 0 | 0 | 0 | 0 | 0 | 0 | 0 | >0 | 0 | 0 | 0 | 0 | 0 | 0 | 0 | 0 | 4< | 128 ]
[ 128 | 0 | 0 | 0 | 0 | 0 | 0 | 0 | 0 | >0 | 0 | 0 | 0 | 0 | 0 | 0 | 0 | 4< | 128 ]
[ 128 | 0 | 0 | 0 | 0 | 0 | 0 | 0 | 0 | >1 | 0 | 0 | 0 | 0 | 0 | 0 | 0< | 4 | 128 ]
[ 128 | 0 | 0 | 0 | 0 | 0 | 0 | 0 | 0 | >2 | 0 | 0 | 0 | 0 | 0 | 0 | 0< | 4 | 128 ]
[ 128 | 0 | 0 | 0 | 0 | 0 | 0 | 0 | 0 | >3 | 0 | 0 | 0 | 0 | 0 | 0 | 0< | 4 | 128 ]
[ 128 | 0 | 0 | 0 | 0 | 0 | 0 | 0 | 0 | >4 | 0 | 0 | 0 | 0 | 0 | 0 | 0< | 4 | 128 ]
[ 128 | 0 | 0 | 0 | 0 | 0 | 0 | 0 | 0 | >5 | 0 | 0 | 0 | 0 | 0 | 0< | 0 | 4 | 128 ]
[ 128 | 0 | 0 | 0 | 0 | 0 | 0 | 0 | 0 | >6 | 0 | 0 | 0 | 0 | 0< | 0 | 0 | 4 | 128 ]
[ 128 | 0 | 0 | 0 | 0 | 0 | 0 | 0 | 0 | >7 | 0 | 0 | 0 | 0 | -1< | 0 | 0 | 4 | 128 ]
[ 128 | 0 | 0 | 0 | 0 | 0 | 0 | 0 | 0 | >8 | 0 | 0 | 0 | 0 | -1< | 0 | 0 | 4 | 128 ]
[ 128 | 0 | 0 | 0 | 0 | 0 | 0 | 0 | 0 | >9 | 0 | 0 | 0 | 0 | -1< | 0 | 0 | 4 | 128 ]
[ 128 | 0 | 0 | 0 | 0 | 0 | 0 | 0 | 0 | >10 | 0 | 0 | 0 | 0< | -1 | 0 | 0 | 4 | 128 ]
[ 128 | 0 | 0 | 0 | 0 | 0 | 0 | 0 | 0 | >11 | 0 | 0 | 0 | 0< | -1 | 0 | 0 | 4 | 128 ]
[ 128 | 0 | 0 | 0 | 0 | 0 | 0 | 0 | 0 | >12 | 0 | 0 | 0 | 0< | -1 | 0 | 0 | 4 | 128 ]
[ 128 | 0 | 0 | 0 | 0 | 0 | 0 | 0 | 0 | >13 | 0 | 0 | 0 | 0< | -1 | 0 | 0 | 4 | 128 ]
[ 128 | 0 | 0 | 0 | 0 | 0 | 0 | 0 | 0 | >14 | 0 | 0 | 0< | 0 | -1 | 0 | 0 | 4 | 128 ]
[ 128 | 0 | 0 | 0 | 0 | 0 | 0 | 0 | 0 | >15 | 0 | 0< | 0 | 0 | -1 | 0 | 0 | 4 | 128 ]
[ 128 | 0 | 0 | 0 | 0 | 0 | 0 | 0 | 0 | >16 | 0 | -1< | 0 | 0 | -1 | 0 | 0 | 4 | 128 ]
[ 128 | 0 | 0 | 0 | 0 | 0 | 0 | 0 | 0 | >17 | 0 | -1< | 0 | 0 | -1 | 0 | 0 | 4 | 128 ]
[ 128 | 0 | 0 | 0 | 0 | 0 | 0 | 0 | 0 | >18 | 0 | -1< | 0 | 0 | -1 | 0 | 0 | 4 | 128 ]
[ 128 | 0 | 0 | 0 | 0 | 0 | 0 | 0 | 0 | >19 | 0< | -1 | 0 | 0 | -1 | 0 | 0 | 4 | 128 ]
[ 128 | 0 | 0 | 0 | 0 | 0 | 0 | 0 | 0 | >20 | 0< | -1 | 0 | 0 | -1 | 0 | 0 | 4 | 128 ]
[ 128 | 0 | 0 | 0 | 0 | 0 | 0 | 0 | 0 | >21 | 0< | -1 | 0 | 0 | -1 | 0 | 0 | 4 | 128 ]
[ 128 | 0 | 0 | 0 | 0 | 0 | 0 | 0 | 0 | >22 | 0< | -1 | 0 | 0 | -1 | 0 | 0 | 4 | 128 ]
[ 128 | 0 | 0 | 0 | 0 | 0 | 0 | 0 | 0 | >23< | 0 | -1 | 0 | 0 | -1 | 0 | 0 | 4 | 128 ]
[ 128 | 0 | 0 | 0 | 0 | 0 | 0 | 0 | 0< | >24 | 0 | -1 | 0 | 0 | -1 | 0 | 0 | 4 | 128 ]
[ 128 | 0 | 0 | 0 | 0 | 0 | 0 | 0 | -1< | >25 | 0 | -1 | 0 | 0 | -1 | 0 | 0 | 4 | 128 ]
[ 128 | 0 | 0 | 0 | 0 | 0 | 0 | 0 | -1< | >26 | 0 | -1 | 0 | 0 | -1 | 0 | 0 | 4 | 128 ]
[ 128 | 0 | 0 | 0 | 0 | 0 | 0 | 0 | -1< | >27 | 0 | -1 | 0 | 0 | -1 | 0 | 0 | 4 | 128 ]
[ 128 | 0 | 0 | 0 | 0 | 0 | 0 | 0< | -1 | >28 | 0 | -1 | 0 | 0 | -1 | 0 | 0 | 4 | 128 ]
[ 128 | 0 | 0 | 0 | 0 | 0 | 0 | 0< | -1 | >29 | 0 | -1 | 0 | 0 | -1 | 0 | 0 | 4 | 128 ]
[ 128 | 0 | 0 | 0 | 0 | 0 | 0 | 0< | -1 | >30 | 0 | -1 | 0 | 0 | -1 | 0 | 0 | 4 | 128 ]
[ 128 | 0 | 0 | 0 | 0 | 0 | 0 | 0< | -1 | >31 | 0 | -1 | 0 | 0 | -1 | 0 | 0 | 4 | 128 ]
[ 128 | 0 | 0 | 0 | 0 | 0 | 0< | 0 | -1 | >32 | 0 | -1 | 0 | 0 | -1 | 0 | 0 | 4 | 128 ]
[ 128 | 0 | 0 | 0 | 0 | 0< | 0 | 0 | -1 | >33 | 0 | -1 | 0 | 0 | -1 | 0 | 0 | 4 | 128 ]
[ 128 | 0 | 0 | 0 | 0 | -1< | 0 | 0 | -1 | >34 | 0 | -1 | 0 | 0 | -1 | 0 | 0 | 4 | 128 ]
[ 128 | 0 | 0 | 0 | 0 | -1< | 0 | 0 | -1 | >35 | 0 | -1 | 0 | 0 | -1 | 0 | 0 | 4 | 128 ]
[ 128 | 0 | 0 | 0 | 0 | -1< | 0 | 0 | -1 | >36 | 0 | -1 | 0 | 0 | -1 | 0 | 0 | 4 | 128 ]
[ 128 | 0 | 0 | 0 | 0< | -1 | 0 | 0 | -1 | >37 | 0 | -1 | 0 | 0 | -1 | 0 | 0 | 4 | 128 ]
[ 128 | 0 | 0 | 0 | 0< | -1 | 0 | 0 | -1 | >38 | 0 | -1 | 0 | 0 | -1 | 0 | 0 | 4 | 128 ]
[ 128 | 0 | 0 | 0 | 0< | -1 | 0 | 0 | -1 | >39 | 0 | -1 | 0 | 0 | -1 | 0 | 0 | 4 | 128 ]
[ 128 | 0 | 0 | 0 | 0< | -1 | 0 | 0 | -1 | >40 | 0 | -1 | 0 | 0 | -1 | 0 | 0 | 4 | 128 ]
[ 128 | 0 | 0 | 0< | 0 | -1 | 0 | 0 | -1 | >41 | 0 | -1 | 0 | 0 | -1 | 0 | 0 | 4 | 128 ]
[ 128 | 0 | 0< | 0 | 0 | -1 | 0 | 0 | -1 | >42 | 0 | -1 | 0 | 0 | -1 | 0 | 0 | 4 | 128 ]
[ 128 | 0 | -1< | 0 | 0 | -1 | 0 | 0 | -1 | >43 | 0 | -1 | 0 | 0 | -1 | 0 | 0 | 4 | 128 ]
[ 128 | 0 | -1< | 0 | 0 | -1 | 0 | 0 | -1 | >44 | 0 | -1 | 0 | 0 | -1 | 0 | 0 | 4 | 128 ]
[ 128 | 0 | -1< | 0 | 0 | -1 | 0 | 0 | -1 | >45 | 0 | -1 | 0 | 0 | -1 | 0 | 0 | 4 | 128 ]
[ 128 | 0< | -1 | 0 | 0 | -1 | 0 | 0 | -1 | >46 | 0 | -1 | 0 | 0 | -1 | 0 | 0 | 4 | 128 ]
[ 128 | 0< | -1 | 0 | 0 | -1 | 0 | 0 | -1 | >47 | 0 | -1 | 0 | 0 | -1 | 0 | 0 | 4 | 128 ]
[ 128 | 0< | -1 | 0 | 0 | -1 | 0 | 0 | -1 | >48 | 0 | -1 | 0 | 0 | -1 | 0 | 0 | 4 | 128 ]
[ 128 | 0< | -1 | 0 | 0 | -1 | 0 | 0 | -1 | >49 | 0 | -1 | 0 | 0 | -1 | 0 | 0 | 4 | 128 ]
[ 128< | 0 | -1 | 0 | 0 | -1 | 0 | 0 | -1 | >50 | 0 | -1 | 0 | 0 | -1 | 0 | 0 | 4 | 128 ]
[ 128 | 0 | -1 | 0 | 0 | -1 | 0 | 0 | -1 | >51 | 0 | -1 | 0 | 0 | -1 | 0 | 0 | 4 | 128< ]

===== WallE won the battle after 60 cycles =====



===== Starting battle of <WallE> vs <PrussianRoulette> with memory tape size: 10 =====

[ >128 | 0 | 0 | 0 | 0 | 0 | 0 | 0 | 0 | 128< ]
[ 128 | >0 | 0 | 0 | 0 | 0 | 0 | 0 | 0< | 128 ]
[ 128 | 0 | >0 | 0 | 0 | 0 | 0 | 0 | 1< | 128 ]
[ 128 | 0 | 0 | >0 | 0 | 0 | 0 | 0 | 2< | 128 ]
[ 128 | 0 | 0 | 0 | >0 | 0 | 0 | 0 | 3< | 128 ]
[ 128 | 0 | 0 | 0 | 0 | >0 | 0 | 0 | 4< | 128 ]
[ 128 | 0 | 0 | 0 | 0 | 0 | >0 | 0 | 5< | 128 ]
[ 128 | 0 | 0 | 0 | 0 | 0 | 0 | >0 | 4< | 128 ]
[ 128 | 0 | 0 | 0 | 0 | 0 | 0 | 0 | >4< | 128 ]
[ 128 | 0 | 0 | 0 | 0 | 0 | 0 | 0 | 4< | >128 ]
[ 128 | 0 | 0 | 0 | 0 | 0 | 0 | 0< | 4 | >-127 ]
[ 128 | 0 | 0 | 0 | 0 | 0 | 0 | 0< | 4 | >-126 ]
[ 128 | 0 | 0 | 0 | 0 | 0 | 0 | 0< | 4 | >-125 ]
[ 128 | 0 | 0 | 0 | 0 | 0 | 0 | 0< | 4 | >-124 ]
[ 128 | 0 | 0 | 0 | 0 | 0 | 0< | 0 | 4 | >-123 ]
[ 128 | 0 | 0 | 0 | 0 | 0< | 0 | 0 | 4 | >-122 ]
[ 128 | 0 | 0 | 0 | 0 | -1< | 0 | 0 | 4 | >-121 ]
[ 128 | 0 | 0 | 0 | 0 | -1< | 0 | 0 | 4 | >-120 ]
[ 128 | 0 | 0 | 0 | 0 | -1< | 0 | 0 | 4 | >-119 ]
[ 128 | 0 | 0 | 0 | 0< | -1 | 0 | 0 | 4 | >-118 ]
[ 128 | 0 | 0 | 0 | 0< | -1 | 0 | 0 | 4 | >-117 ]
[ 128 | 0 | 0 | 0 | 0< | -1 | 0 | 0 | 4 | >-116 ]
[ 128 | 0 | 0 | 0 | 0< | -1 | 0 | 0 | 4 | >-115 ]
[ 128 | 0 | 0 | 0< | 0 | -1 | 0 | 0 | 4 | >-114 ]
[ 128 | 0 | 0< | 0 | 0 | -1 | 0 | 0 | 4 | >-113 ]
[ 128 | 0 | -1< | 0 | 0 | -1 | 0 | 0 | 4 | >-112 ]
[ 128 | 0 | -1< | 0 | 0 | -1 | 0 | 0 | 4 | >-111 ]
[ 128 | 0 | -1< | 0 | 0 | -1 | 0 | 0 | 4 | >-110 ]
[ 128 | 0< | -1 | 0 | 0 | -1 | 0 | 0 | 4 | >-109 ]
[ 128 | 0< | -1 | 0 | 0 | -1 | 0 | 0 | 4 | >-108 ]
[ 128 | 0< | -1 | 0 | 0 | -1 | 0 | 0 | 4 | >-107 ]
[ 128 | 0< | -1 | 0 | 0 | -1 | 0 | 0 | 4 | >-106 ]
[ 128< | 0 | -1 | 0 | 0 | -1 | 0 | 0 | 4 | >-105 ]
[ 128 | 0 | -1 | 0 | 0 | -1 | 0 | 0 | 4 | >-104< ]

===== WallE won the battle after 33 cycles =====



===== Starting battle of <WallE> vs <PrussianRoulette> with memory tape size: 20 =====

[ >128 | 0 | 0 | 0 | 0 | 0 | 0 | 0 | 0 | 0 | 0 | 0 | 0 | 0 | 0 | 0 | 0 | 0 | 0 | 128< ]
[ 128 | >0 | 0 | 0 | 0 | 0 | 0 | 0 | 0 | 0 | 0 | 0 | 0 | 0 | 0 | 0 | 0 | 0 | 0< | 128 ]
[ 128 | 0 | >0 | 0 | 0 | 0 | 0 | 0 | 0 | 0 | 0 | 0 | 0 | 0 | 0 | 0 | 0 | 0 | 1< | 128 ]
[ 128 | 0 | 0 | >0 | 0 | 0 | 0 | 0 | 0 | 0 | 0 | 0 | 0 | 0 | 0 | 0 | 0 | 0 | 2< | 128 ]
[ 128 | 0 | 0 | 0 | >0 | 0 | 0 | 0 | 0 | 0 | 0 | 0 | 0 | 0 | 0 | 0 | 0 | 0 | 3< | 128 ]
[ 128 | 0 | 0 | 0 | 0 | >0 | 0 | 0 | 0 | 0 | 0 | 0 | 0 | 0 | 0 | 0 | 0 | 0 | 4< | 128 ]
[ 128 | 0 | 0 | 0 | 0 | 0 | >0 | 0 | 0 | 0 | 0 | 0 | 0 | 0 | 0 | 0 | 0 | 0 | 5< | 128 ]
[ 128 | 0 | 0 | 0 | 0 | 0 | 0 | >0 | 0 | 0 | 0 | 0 | 0 | 0 | 0 | 0 | 0 | 0 | 4< | 128 ]
[ 128 | 0 | 0 | 0 | 0 | 0 | 0 | 0 | >0 | 0 | 0 | 0 | 0 | 0 | 0 | 0 | 0 | 0 | 4< | 128 ]
[ 128 | 0 | 0 | 0 | 0 | 0 | 0 | 0 | 0 | >0 | 0 | 0 | 0 | 0 | 0 | 0 | 0 | 0 | 4< | 128 ]
[ 128 | 0 | 0 | 0 | 0 | 0 | 0 | 0 | 0 | >1 | 0 | 0 | 0 | 0 | 0 | 0 | 0 | 0< | 4 | 128 ]
[ 128 | 0 | 0 | 0 | 0 | 0 | 0 | 0 | 0 | >2 | 0 | 0 | 0 | 0 | 0 | 0 | 0 | 0< | 4 | 128 ]
[ 128 | 0 | 0 | 0 | 0 | 0 | 0 | 0 | 0 | >3 | 0 | 0 | 0 | 0 | 0 | 0 | 0 | 0< | 4 | 128 ]
[ 128 | 0 | 0 | 0 | 0 | 0 | 0 | 0 | 0 | >4 | 0 | 0 | 0 | 0 | 0 | 0 | 0 | 0< | 4 | 128 ]
[ 128 | 0 | 0 | 0 | 0 | 0 | 0 | 0 | 0 | >5 | 0 | 0 | 0 | 0 | 0 | 0 | 0< | 0 | 4 | 128 ]
[ 128 | 0 | 0 | 0 | 0 | 0 | 0 | 0 | 0 | >6 | 0 | 0 | 0 | 0 | 0 | 0< | 0 | 0 | 4 | 128 ]
[ 128 | 0 | 0 | 0 | 0 | 0 | 0 | 0 | 0 | >7 | 0 | 0 | 0 | 0 | 0 | -1< | 0 | 0 | 4 | 128 ]
[ 128 | 0 | 0 | 0 | 0 | 0 | 0 | 0 | 0 | >8 | 0 | 0 | 0 | 0 | 0 | -1< | 0 | 0 | 4 | 128 ]
[ 128 | 0 | 0 | 0 | 0 | 0 | 0 | 0 | 0 | >9 | 0 | 0 | 0 | 0 | 0 | -1< | 0 | 0 | 4 | 128 ]
[ 128 | 0 | 0 | 0 | 0 | 0 | 0 | 0 | 0 | >10 | 0 | 0 | 0 | 0 | 0< | -1 | 0 | 0 | 4 | 128 ]
[ 128 | 0 | 0 | 0 | 0 | 0 | 0 | 0 | 0 | >11 | 0 | 0 | 0 | 0 | 0< | -1 | 0 | 0 | 4 | 128 ]
[ 128 | 0 | 0 | 0 | 0 | 0 | 0 | 0 | 0 | >12 | 0 | 0 | 0 | 0 | 0< | -1 | 0 | 0 | 4 | 128 ]
[ 128 | 0 | 0 | 0 | 0 | 0 | 0 | 0 | 0 | >13 | 0 | 0 | 0 | 0 | 0< | -1 | 0 | 0 | 4 | 128 ]
[ 128 | 0 | 0 | 0 | 0 | 0 | 0 | 0 | 0 | >14 | 0 | 0 | 0 | 0< | 0 | -1 | 0 | 0 | 4 | 128 ]
[ 128 | 0 | 0 | 0 | 0 | 0 | 0 | 0 | 0 | >15 | 0 | 0 | 0< | 0 | 0 | -1 | 0 | 0 | 4 | 128 ]
[ 128 | 0 | 0 | 0 | 0 | 0 | 0 | 0 | 0 | >16 | 0 | 0 | -1< | 0 | 0 | -1 | 0 | 0 | 4 | 128 ]
[ 128 | 0 | 0 | 0 | 0 | 0 | 0 | 0 | 0 | >17 | 0 | 0 | -1< | 0 | 0 | -1 | 0 | 0 | 4 | 128 ]
[ 128 | 0 | 0 | 0 | 0 | 0 | 0 | 0 | 0 | >18 | 0 | 0 | -1< | 0 | 0 | -1 | 0 | 0 | 4 | 128 ]
[ 128 | 0 | 0 | 0 | 0 | 0 | 0 | 0 | 0 | >19 | 0 | 0< | -1 | 0 | 0 | -1 | 0 | 0 | 4 | 128 ]
[ 128 | 0 | 0 | 0 | 0 | 0 | 0 | 0 | 0 | >20 | 0 | 0< | -1 | 0 | 0 | -1 | 0 | 0 | 4 | 128 ]
[ 128 | 0 | 0 | 0 | 0 | 0 | 0 | 0 | 0 | >21 | 0 | 0< | -1 | 0 | 0 | -1 | 0 | 0 | 4 | 128 ]
[ 128 | 0 | 0 | 0 | 0 | 0 | 0 | 0 | 0 | >22 | 0 | 0< | -1 | 0 | 0 | -1 | 0 | 0 | 4 | 128 ]
[ 128 | 0 | 0 | 0 | 0 | 0 | 0 | 0 | 0 | >23 | 0< | 0 | -1 | 0 | 0 | -1 | 0 | 0 | 4 | 128 ]
[ 128 | 0 | 0 | 0 | 0 | 0 | 0 | 0 | 0 | >24< | 0 | 0 | -1 | 0 | 0 | -1 | 0 | 0 | 4 | 128 ]
[ 128 | 0 | 0 | 0 | 0 | 0 | 0 | 0 | 0 | >24< | 0 | 0 | -1 | 0 | 0 | -1 | 0 | 0 | 4 | 128 ]
[ 128 | 0 | 0 | 0 | 0 | 0 | 0 | 0 | 0 | >25< | 0 | 0 | -1 | 0 | 0 | -1 | 0 | 0 | 4 | 128 ]
[ 128 | 0 | 0 | 0 | 0 | 0 | 0 | 0 | 0 | >26< | 0 | 0 | -1 | 0 | 0 | -1 | 0 | 0 | 4 | 128 ]
[ 128 | 0 | 0 | 0 | 0 | 0 | 0 | 0 | 0< | >27 | 0 | 0 | -1 | 0 | 0 | -1 | 0 | 0 | 4 | 128 ]
[ 128 | 0 | 0 | 0 | 0 | 0 | 0 | 0 | 0< | >28 | 0 | 0 | -1 | 0 | 0 | -1 | 0 | 0 | 4 | 128 ]
[ 128 | 0 | 0 | 0 | 0 | 0 | 0 | 0 | 0< | >29 | 0 | 0 | -1 | 0 | 0 | -1 | 0 | 0 | 4 | 128 ]
[ 128 | 0 | 0 | 0 | 0 | 0 | 0 | 0 | 0< | >30 | 0 | 0 | -1 | 0 | 0 | -1 | 0 | 0 | 4 | 128 ]
[ 128 | 0 | 0 | 0 | 0 | 0 | 0 | 0< | 0 | >31 | 0 | 0 | -1 | 0 | 0 | -1 | 0 | 0 | 4 | 128 ]
[ 128 | 0 | 0 | 0 | 0 | 0 | 0< | 0 | 0 | >32 | 0 | 0 | -1 | 0 | 0 | -1 | 0 | 0 | 4 | 128 ]
[ 128 | 0 | 0 | 0 | 0 | 0 | -1< | 0 | 0 | >33 | 0 | 0 | -1 | 0 | 0 | -1 | 0 | 0 | 4 | 128 ]
[ 128 | 0 | 0 | 0 | 0 | 0 | -1< | 0 | 0 | >34 | 0 | 0 | -1 | 0 | 0 | -1 | 0 | 0 | 4 | 128 ]
[ 128 | 0 | 0 | 0 | 0 | 0 | -1< | 0 | 0 | >35 | 0 | 0 | -1 | 0 | 0 | -1 | 0 | 0 | 4 | 128 ]
[ 128 | 0 | 0 | 0 | 0 | 0< | -1 | 0 | 0 | >36 | 0 | 0 | -1 | 0 | 0 | -1 | 0 | 0 | 4 | 128 ]
[ 128 | 0 | 0 | 0 | 0 | 0< | -1 | 0 | 0 | >37 | 0 | 0 | -1 | 0 | 0 | -1 | 0 | 0 | 4 | 128 ]
[ 128 | 0 | 0 | 0 | 0 | 0< | -1 | 0 | 0 | >38 | 0 | 0 | -1 | 0 | 0 | -1 | 0 | 0 | 4 | 128 ]
[ 128 | 0 | 0 | 0 | 0 | 0< | -1 | 0 | 0 | >39 | 0 | 0 | -1 | 0 | 0 | -1 | 0 | 0 | 4 | 128 ]
[ 128 | 0 | 0 | 0 | 0< | 0 | -1 | 0 | 0 | >40 | 0 | 0 | -1 | 0 | 0 | -1 | 0 | 0 | 4 | 128 ]
[ 128 | 0 | 0 | 0< | 0 | 0 | -1 | 0 | 0 | >41 | 0 | 0 | -1 | 0 | 0 | -1 | 0 | 0 | 4 | 128 ]
[ 128 | 0 | 0 | -1< | 0 | 0 | -1 | 0 | 0 | >42 | 0 | 0 | -1 | 0 | 0 | -1 | 0 | 0 | 4 | 128 ]
[ 128 | 0 | 0 | -1< | 0 | 0 | -1 | 0 | 0 | >43 | 0 | 0 | -1 | 0 | 0 | -1 | 0 | 0 | 4 | 128 ]
[ 128 | 0 | 0 | -1< | 0 | 0 | -1 | 0 | 0 | >44 | 0 | 0 | -1 | 0 | 0 | -1 | 0 | 0 | 4 | 128 ]
[ 128 | 0 | 0< | -1 | 0 | 0 | -1 | 0 | 0 | >45 | 0 | 0 | -1 | 0 | 0 | -1 | 0 | 0 | 4 | 128 ]
[ 128 | 0 | 0< | -1 | 0 | 0 | -1 | 0 | 0 | >46 | 0 | 0 | -1 | 0 | 0 | -1 | 0 | 0 | 4 | 128 ]
[ 128 | 0 | 0< | -1 | 0 | 0 | -1 | 0 | 0 | >47 | 0 | 0 | -1 | 0 | 0 | -1 | 0 | 0 | 4 | 128 ]
[ 128 | 0 | 0< | -1 | 0 | 0 | -1 | 0 | 0 | >48 | 0 | 0 | -1 | 0 | 0 | -1 | 0 | 0 | 4 | 128 ]
[ 128 | 0< | 0 | -1 | 0 | 0 | -1 | 0 | 0 | >49 | 0 | 0 | -1 | 0 | 0 | -1 | 0 | 0 | 4 | 128 ]
[ 128< | 0 | 0 | -1 | 0 | 0 | -1 | 0 | 0 | >50 | 0 | 0 | -1 | 0 | 0 | -1 | 0 | 0 | 4 | 128 ]
[ 127< | 0 | 0 | -1 | 0 | 0 | -1 | 0 | 0 | >51 | 0 | 0 | -1 | 0 | 0 | -1 | 0 | 0 | 4 | 128 ]
[ 127< | 0 | 0 | -1 | 0 | 0 | -1 | 0 | 0 | >52 | 0 | 0 | -1 | 0 | 0 | -1 | 0 | 0 | 4 | 128 ]
[ 127< | 0 | 0 | -1 | 0 | 0 | -1 | 0 | 0 | >53 | 0 | 0 | -1 | 0 | 0 | -1 | 0 | 0 | 4 | 128 ]
[ 127 | 0 | 0 | -1 | 0 | 0 | -1 | 0 | 0 | >54 | 0 | 0 | -1 | 0 | 0 | -1 | 0 | 0 | 4 | 128< ]

===== WallE won the battle after 64 cycles =====



===== Starting battle of <WallE> vs <PrussianRoulette> with memory tape size: 29 =====

[ >128 | 0 | 0 | 0 | 0 | 0 | 0 | 0 | 0 | 0 | 0 | 0 | 0 | 0 | 0 | 0 | 0 | 0 | 0 | 0 | 0 | 0 | 0 | 0 | 0 | 0 | 0 | 0 | 128< ]
[ 128 | >0 | 0 | 0 | 0 | 0 | 0 | 0 | 0 | 0 | 0 | 0 | 0 | 0 | 0 | 0 | 0 | 0 | 0 | 0 | 0 | 0 | 0 | 0 | 0 | 0 | 0 | 0< | 128 ]
[ 128 | 0 | >0 | 0 | 0 | 0 | 0 | 0 | 0 | 0 | 0 | 0 | 0 | 0 | 0 | 0 | 0 | 0 | 0 | 0 | 0 | 0 | 0 | 0 | 0 | 0 | 0 | 1< | 128 ]
[ 128 | 0 | 0 | >0 | 0 | 0 | 0 | 0 | 0 | 0 | 0 | 0 | 0 | 0 | 0 | 0 | 0 | 0 | 0 | 0 | 0 | 0 | 0 | 0 | 0 | 0 | 0 | 2< | 128 ]
[ 128 | 0 | 0 | 0 | >0 | 0 | 0 | 0 | 0 | 0 | 0 | 0 | 0 | 0 | 0 | 0 | 0 | 0 | 0 | 0 | 0 | 0 | 0 | 0 | 0 | 0 | 0 | 3< | 128 ]
[ 128 | 0 | 0 | 0 | 0 | >0 | 0 | 0 | 0 | 0 | 0 | 0 | 0 | 0 | 0 | 0 | 0 | 0 | 0 | 0 | 0 | 0 | 0 | 0 | 0 | 0 | 0 | 4< | 128 ]
[ 128 | 0 | 0 | 0 | 0 | 0 | >0 | 0 | 0 | 0 | 0 | 0 | 0 | 0 | 0 | 0 | 0 | 0 | 0 | 0 | 0 | 0 | 0 | 0 | 0 | 0 | 0 | 5< | 128 ]
[ 128 | 0 | 0 | 0 | 0 | 0 | 0 | >0 | 0 | 0 | 0 | 0 | 0 | 0 | 0 | 0 | 0 | 0 | 0 | 0 | 0 | 0 | 0 | 0 | 0 | 0 | 0 | 4< | 128 ]
[ 128 | 0 | 0 | 0 | 0 | 0 | 0 | 0 | >0 | 0 | 0 | 0 | 0 | 0 | 0 | 0 | 0 | 0 | 0 | 0 | 0 | 0 | 0 | 0 | 0 | 0 | 0 | 4< | 128 ]
[ 128 | 0 | 0 | 0 | 0 | 0 | 0 | 0 | 0 | >0 | 0 | 0 | 0 | 0 | 0 | 0 | 0 | 0 | 0 | 0 | 0 | 0 | 0 | 0 | 0 | 0 | 0 | 4< | 128 ]
[ 128 | 0 | 0 | 0 | 0 | 0 | 0 | 0 | 0 | >1 | 0 | 0 | 0 | 0 | 0 | 0 | 0 | 0 | 0 | 0 | 0 | 0 | 0 | 0 | 0 | 0 | 0< | 4 | 128 ]
[ 128 | 0 | 0 | 0 | 0 | 0 | 0 | 0 | 0 | >2 | 0 | 0 | 0 | 0 | 0 | 0 | 0 | 0 | 0 | 0 | 0 | 0 | 0 | 0 | 0 | 0 | 0< | 4 | 128 ]
[ 128 | 0 | 0 | 0 | 0 | 0 | 0 | 0 | 0 | >3 | 0 | 0 | 0 | 0 | 0 | 0 | 0 | 0 | 0 | 0 | 0 | 0 | 0 | 0 | 0 | 0 | 0< | 4 | 128 ]
[ 128 | 0 | 0 | 0 | 0 | 0 | 0 | 0 | 0 | >4 | 0 | 0 | 0 | 0 | 0 | 0 | 0 | 0 | 0 | 0 | 0 | 0 | 0 | 0 | 0 | 0 | 0< | 4 | 128 ]
[ 128 | 0 | 0 | 0 | 0 | 0 | 0 | 0 | 0 | >5 | 0 | 0 | 0 | 0 | 0 | 0 | 0 | 0 | 0 | 0 | 0 | 0 | 0 | 0 | 0 | 0< | 0 | 4 | 128 ]
[ 128 | 0 | 0 | 0 | 0 | 0 | 0 | 0 | 0 | >6 | 0 | 0 | 0 | 0 | 0 | 0 | 0 | 0 | 0 | 0 | 0 | 0 | 0 | 0 | 0< | 0 | 0 | 4 | 128 ]
[ 128 | 0 | 0 | 0 | 0 | 0 | 0 | 0 | 0 | >7 | 0 | 0 | 0 | 0 | 0 | 0 | 0 | 0 | 0 | 0 | 0 | 0 | 0 | 0 | -1< | 0 | 0 | 4 | 128 ]
[ 128 | 0 | 0 | 0 | 0 | 0 | 0 | 0 | 0 | >8 | 0 | 0 | 0 | 0 | 0 | 0 | 0 | 0 | 0 | 0 | 0 | 0 | 0 | 0 | -1< | 0 | 0 | 4 | 128 ]
[ 128 | 0 | 0 | 0 | 0 | 0 | 0 | 0 | 0 | >9 | 0 | 0 | 0 | 0 | 0 | 0 | 0 | 0 | 0 | 0 | 0 | 0 | 0 | 0 | -1< | 0 | 0 | 4 | 128 ]
[ 128 | 0 | 0 | 0 | 0 | 0 | 0 | 0 | 0 | >10 | 0 | 0 | 0 | 0 | 0 | 0 | 0 | 0 | 0 | 0 | 0 | 0 | 0 | 0< | -1 | 0 | 0 | 4 | 128 ]
[ 128 | 0 | 0 | 0 | 0 | 0 | 0 | 0 | 0 | >11 | 0 | 0 | 0 | 0 | 0 | 0 | 0 | 0 | 0 | 0 | 0 | 0 | 0 | 0< | -1 | 0 | 0 | 4 | 128 ]
[ 128 | 0 | 0 | 0 | 0 | 0 | 0 | 0 | 0 | >12 | 0 | 0 | 0 | 0 | 0 | 0 | 0 | 0 | 0 | 0 | 0 | 0 | 0 | 0< | -1 | 0 | 0 | 4 | 128 ]
[ 128 | 0 | 0 | 0 | 0 | 0 | 0 | 0 | 0 | >13 | 0 | 0 | 0 | 0 | 0 | 0 | 0 | 0 | 0 | 0 | 0 | 0 | 0 | 0< | -1 | 0 | 0 | 4 | 128 ]
[ 128 | 0 | 0 | 0 | 0 | 0 | 0 | 0 | 0 | >14 | 0 | 0 | 0 | 0 | 0 | 0 | 0 | 0 | 0 | 0 | 0 | 0 | 0< | 0 | -1 | 0 | 0 | 4 | 128 ]
[ 128 | 0 | 0 | 0 | 0 | 0 | 0 | 0 | 0 | >15 | 0 | 0 | 0 | 0 | 0 | 0 | 0 | 0 | 0 | 0 | 0 | 0< | 0 | 0 | -1 | 0 | 0 | 4 | 128 ]
[ 128 | 0 | 0 | 0 | 0 | 0 | 0 | 0 | 0 | >16 | 0 | 0 | 0 | 0 | 0 | 0 | 0 | 0 | 0 | 0 | 0 | -1< | 0 | 0 | -1 | 0 | 0 | 4 | 128 ]
[ 128 | 0 | 0 | 0 | 0 | 0 | 0 | 0 | 0 | >17 | 0 | 0 | 0 | 0 | 0 | 0 | 0 | 0 | 0 | 0 | 0 | -1< | 0 | 0 | -1 | 0 | 0 | 4 | 128 ]
[ 128 | 0 | 0 | 0 | 0 | 0 | 0 | 0 | 0 | >18 | 0 | 0 | 0 | 0 | 0 | 0 | 0 | 0 | 0 | 0 | 0 | -1< | 0 | 0 | -1 | 0 | 0 | 4 | 128 ]
[ 128 | 0 | 0 | 0 | 0 | 0 | 0 | 0 | 0 | >19 | 0 | 0 | 0 | 0 | 0 | 0 | 0 | 0 | 0 | 0 | 0< | -1 | 0 | 0 | -1 | 0 | 0 | 4 | 128 ]
[ 128 | 0 | 0 | 0 | 0 | 0 | 0 | 0 | 0 | >20 | 0 | 0 | 0 | 0 | 0 | 0 | 0 | 0 | 0 | 0 | 0< | -1 | 0 | 0 | -1 | 0 | 0 | 4 | 128 ]
[ 128 | 0 | 0 | 0 | 0 | 0 | 0 | 0 | 0 | >21 | 0 | 0 | 0 | 0 | 0 | 0 | 0 | 0 | 0 | 0 | 0< | -1 | 0 | 0 | -1 | 0 | 0 | 4 | 128 ]
[ 128 | 0 | 0 | 0 | 0 | 0 | 0 | 0 | 0 | >22 | 0 | 0 | 0 | 0 | 0 | 0 | 0 | 0 | 0 | 0 | 0< | -1 | 0 | 0 | -1 | 0 | 0 | 4 | 128 ]
[ 128 | 0 | 0 | 0 | 0 | 0 | 0 | 0 | 0 | >23 | 0 | 0 | 0 | 0 | 0 | 0 | 0 | 0 | 0 | 0< | 0 | -1 | 0 | 0 | -1 | 0 | 0 | 4 | 128 ]
[ 128 | 0 | 0 | 0 | 0 | 0 | 0 | 0 | 0 | >24 | 0 | 0 | 0 | 0 | 0 | 0 | 0 | 0 | 0< | 0 | 0 | -1 | 0 | 0 | -1 | 0 | 0 | 4 | 128 ]
[ 128 | 0 | 0 | 0 | 0 | 0 | 0 | 0 | 0 | >25 | 0 | 0 | 0 | 0 | 0 | 0 | 0 | 0 | -1< | 0 | 0 | -1 | 0 | 0 | -1 | 0 | 0 | 4 | 128 ]
[ 128 | 0 | 0 | 0 | 0 | 0 | 0 | 0 | 0 | >26 | 0 | 0 | 0 | 0 | 0 | 0 | 0 | 0 | -1< | 0 | 0 | -1 | 0 | 0 | -1 | 0 | 0 | 4 | 128 ]
[ 128 | 0 | 0 | 0 | 0 | 0 | 0 | 0 | 0 | >27 | 0 | 0 | 0 | 0 | 0 | 0 | 0 | 0 | -1< | 0 | 0 | -1 | 0 | 0 | -1 | 0 | 0 | 4 | 128 ]
[ 128 | 0 | 0 | 0 | 0 | 0 | 0 | 0 | 0 | >28 | 0 | 0 | 0 | 0 | 0 | 0 | 0 | 0< | -1 | 0 | 0 | -1 | 0 | 0 | -1 | 0 | 0 | 4 | 128 ]
[ 128 | 0 | 0 | 0 | 0 | 0 | 0 | 0 | 0 | >29 | 0 | 0 | 0 | 0 | 0 | 0 | 0 | 0< | -1 | 0 | 0 | -1 | 0 | 0 | -1 | 0 | 0 | 4 | 128 ]
[ 128 | 0 | 0 | 0 | 0 | 0 | 0 | 0 | 0 | >30 | 0 | 0 | 0 | 0 | 0 | 0 | 0 | 0< | -1 | 0 | 0 | -1 | 0 | 0 | -1 | 0 | 0 | 4 | 128 ]
[ 128 | 0 | 0 | 0 | 0 | 0 | 0 | 0 | 0 | >31 | 0 | 0 | 0 | 0 | 0 | 0 | 0 | 0< | -1 | 0 | 0 | -1 | 0 | 0 | -1 | 0 | 0 | 4 | 128 ]
[ 128 | 0 | 0 | 0 | 0 | 0 | 0 | 0 | 0 | >32 | 0 | 0 | 0 | 0 | 0 | 0 | 0< | 0 | -1 | 0 | 0 | -1 | 0 | 0 | -1 | 0 | 0 | 4 | 128 ]
[ 128 | 0 | 0 | 0 | 0 | 0 | 0 | 0 | 0 | >33 | 0 | 0 | 0 | 0 | 0 | 0< | 0 | 0 | -1 | 0 | 0 | -1 | 0 | 0 | -1 | 0 | 0 | 4 | 128 ]
[ 128 | 0 | 0 | 0 | 0 | 0 | 0 | 0 | 0 | >34 | 0 | 0 | 0 | 0 | 0 | -1< | 0 | 0 | -1 | 0 | 0 | -1 | 0 | 0 | -1 | 0 | 0 | 4 | 128 ]
[ 128 | 0 | 0 | 0 | 0 | 0 | 0 | 0 | 0 | >35 | 0 | 0 | 0 | 0 | 0 | -1< | 0 | 0 | -1 | 0 | 0 | -1 | 0 | 0 | -1 | 0 | 0 | 4 | 128 ]
[ 128 | 0 | 0 | 0 | 0 | 0 | 0 | 0 | 0 | >36 | 0 | 0 | 0 | 0 | 0 | -1< | 0 | 0 | -1 | 0 | 0 | -1 | 0 | 0 | -1 | 0 | 0 | 4 | 128 ]
[ 128 | 0 | 0 | 0 | 0 | 0 | 0 | 0 | 0 | >37 | 0 | 0 | 0 | 0 | 0< | -1 | 0 | 0 | -1 | 0 | 0 | -1 | 0 | 0 | -1 | 0 | 0 | 4 | 128 ]
[ 128 | 0 | 0 | 0 | 0 | 0 | 0 | 0 | 0 | >38 | 0 | 0 | 0 | 0 | 0< | -1 | 0 | 0 | -1 | 0 | 0 | -1 | 0 | 0 | -1 | 0 | 0 | 4 | 128 ]
[ 128 | 0 | 0 | 0 | 0 | 0 | 0 | 0 | 0 | >39 | 0 | 0 | 0 | 0 | 0< | -1 | 0 | 0 | -1 | 0 | 0 | -1 | 0 | 0 | -1 | 0 | 0 | 4 | 128 ]
[ 128 | 0 | 0 | 0 | 0 | 0 | 0 | 0 | 0 | >40 | 0 | 0 | 0 | 0 | 0< | -1 | 0 | 0 | -1 | 0 | 0 | -1 | 0 | 0 | -1 | 0 | 0 | 4 | 128 ]
[ 128 | 0 | 0 | 0 | 0 | 0 | 0 | 0 | 0 | >41 | 0 | 0 | 0 | 0< | 0 | -1 | 0 | 0 | -1 | 0 | 0 | -1 | 0 | 0 | -1 | 0 | 0 | 4 | 128 ]
[ 128 | 0 | 0 | 0 | 0 | 0 | 0 | 0 | 0 | >42 | 0 | 0 | 0< | 0 | 0 | -1 | 0 | 0 | -1 | 0 | 0 | -1 | 0 | 0 | -1 | 0 | 0 | 4 | 128 ]
[ 128 | 0 | 0 | 0 | 0 | 0 | 0 | 0 | 0 | >43 | 0 | 0 | -1< | 0 | 0 | -1 | 0 | 0 | -1 | 0 | 0 | -1 | 0 | 0 | -1 | 0 | 0 | 4 | 128 ]
[ 128 | 0 | 0 | 0 | 0 | 0 | 0 | 0 | 0 | >44 | 0 | 0 | -1< | 0 | 0 | -1 | 0 | 0 | -1 | 0 | 0 | -1 | 0 | 0 | -1 | 0 | 0 | 4 | 128 ]
[ 128 | 0 | 0 | 0 | 0 | 0 | 0 | 0 | 0 | >45 | 0 | 0 | -1< | 0 | 0 | -1 | 0 | 0 | -1 | 0 | 0 | -1 | 0 | 0 | -1 | 0 | 0 | 4 | 128 ]
[ 128 | 0 | 0 | 0 | 0 | 0 | 0 | 0 | 0 | >46 | 0 | 0< | -1 | 0 | 0 | -1 | 0 | 0 | -1 | 0 | 0 | -1 | 0 | 0 | -1 | 0 | 0 | 4 | 128 ]
[ 128 | 0 | 0 | 0 | 0 | 0 | 0 | 0 | 0 | >47 | 0 | 0< | -1 | 0 | 0 | -1 | 0 | 0 | -1 | 0 | 0 | -1 | 0 | 0 | -1 | 0 | 0 | 4 | 128 ]
[ 128 | 0 | 0 | 0 | 0 | 0 | 0 | 0 | 0 | >48 | 0 | 0< | -1 | 0 | 0 | -1 | 0 | 0 | -1 | 0 | 0 | -1 | 0 | 0 | -1 | 0 | 0 | 4 | 128 ]
[ 128 | 0 | 0 | 0 | 0 | 0 | 0 | 0 | 0 | >49 | 0 | 0< | -1 | 0 | 0 | -1 | 0 | 0 | -1 | 0 | 0 | -1 | 0 | 0 | -1 | 0 | 0 | 4 | 128 ]
[ 128 | 0 | 0 | 0 | 0 | 0 | 0 | 0 | 0 | >50 | 0< | 0 | -1 | 0 | 0 | -1 | 0 | 0 | -1 | 0 | 0 | -1 | 0 | 0 | -1 | 0 | 0 | 4 | 128 ]
[ 128 | 0 | 0 | 0 | 0 | 0 | 0 | 0 | 0 | >51< | 0 | 0 | -1 | 0 | 0 | -1 | 0 | 0 | -1 | 0 | 0 | -1 | 0 | 0 | -1 | 0 | 0 | 4 | 128 ]
[ 128 | 0 | 0 | 0 | 0 | 0 | 0 | 0 | 0 | >51< | 0 | 0 | -1 | 0 | 0 | -1 | 0 | 0 | -1 | 0 | 0 | -1 | 0 | 0 | -1 | 0 | 0 | 4 | 128 ]
[ 128 | 0 | 0 | 0 | 0 | 0 | 0 | 0 | 0 | >52< | 0 | 0 | -1 | 0 | 0 | -1 | 0 | 0 | -1 | 0 | 0 | -1 | 0 | 0 | -1 | 0 | 0 | 4 | 128 ]
[ 128 | 0 | 0 | 0 | 0 | 0 | 0 | 0 | 0 | >53< | 0 | 0 | -1 | 0 | 0 | -1 | 0 | 0 | -1 | 0 | 0 | -1 | 0 | 0 | -1 | 0 | 0 | 4 | 128 ]
[ 128 | 0 | 0 | 0 | 0 | 0 | 0 | 0 | 0< | >54 | 0 | 0 | -1 | 0 | 0 | -1 | 0 | 0 | -1 | 0 | 0 | -1 | 0 | 0 | -1 | 0 | 0 | 4 | 128 ]
[ 128 | 0 | 0 | 0 | 0 | 0 | 0 | 0 | 0< | >55 | 0 | 0 | -1 | 0 | 0 | -1 | 0 | 0 | -1 | 0 | 0 | -1 | 0 | 0 | -1 | 0 | 0 | 4 | 128 ]
[ 128 | 0 | 0 | 0 | 0 | 0 | 0 | 0 | 0< | >56 | 0 | 0 | -1 | 0 | 0 | -1 | 0 | 0 | -1 | 0 | 0 | -1 | 0 | 0 | -1 | 0 | 0 | 4 | 128 ]
[ 128 | 0 | 0 | 0 | 0 | 0 | 0 | 0 | 0< | >57 | 0 | 0 | -1 | 0 | 0 | -1 | 0 | 0 | -1 | 0 | 0 | -1 | 0 | 0 | -1 | 0 | 0 | 4 | 128 ]
[ 128 | 0 | 0 | 0 | 0 | 0 | 0 | 0< | 0 | >58 | 0 | 0 | -1 | 0 | 0 | -1 | 0 | 0 | -1 | 0 | 0 | -1 | 0 | 0 | -1 | 0 | 0 | 4 | 128 ]
[ 128 | 0 | 0 | 0 | 0 | 0 | 0< | 0 | 0 | >59 | 0 | 0 | -1 | 0 | 0 | -1 | 0 | 0 | -1 | 0 | 0 | -1 | 0 | 0 | -1 | 0 | 0 | 4 | 128 ]
[ 128 | 0 | 0 | 0 | 0 | 0 | -1< | 0 | 0 | >60 | 0 | 0 | -1 | 0 | 0 | -1 | 0 | 0 | -1 | 0 | 0 | -1 | 0 | 0 | -1 | 0 | 0 | 4 | 128 ]
[ 128 | 0 | 0 | 0 | 0 | 0 | -1< | 0 | 0 | >61 | 0 | 0 | -1 | 0 | 0 | -1 | 0 | 0 | -1 | 0 | 0 | -1 | 0 | 0 | -1 | 0 | 0 | 4 | 128 ]
[ 128 | 0 | 0 | 0 | 0 | 0 | -1< | 0 | 0 | >62 | 0 | 0 | -1 | 0 | 0 | -1 | 0 | 0 | -1 | 0 | 0 | -1 | 0 | 0 | -1 | 0 | 0 | 4 | 128 ]
[ 128 | 0 | 0 | 0 | 0 | 0< | -1 | 0 | 0 | >63 | 0 | 0 | -1 | 0 | 0 | -1 | 0 | 0 | -1 | 0 | 0 | -1 | 0 | 0 | -1 | 0 | 0 | 4 | 128 ]
[ 128 | 0 | 0 | 0 | 0 | 0< | -1 | 0 | 0 | >64 | 0 | 0 | -1 | 0 | 0 | -1 | 0 | 0 | -1 | 0 | 0 | -1 | 0 | 0 | -1 | 0 | 0 | 4 | 128 ]
[ 128 | 0 | 0 | 0 | 0 | 0< | -1 | 0 | 0 | >65 | 0 | 0 | -1 | 0 | 0 | -1 | 0 | 0 | -1 | 0 | 0 | -1 | 0 | 0 | -1 | 0 | 0 | 4 | 128 ]
[ 128 | 0 | 0 | 0 | 0 | 0< | -1 | 0 | 0 | >66 | 0 | 0 | -1 | 0 | 0 | -1 | 0 | 0 | -1 | 0 | 0 | -1 | 0 | 0 | -1 | 0 | 0 | 4 | 128 ]
[ 128 | 0 | 0 | 0 | 0< | 0 | -1 | 0 | 0 | >67 | 0 | 0 | -1 | 0 | 0 | -1 | 0 | 0 | -1 | 0 | 0 | -1 | 0 | 0 | -1 | 0 | 0 | 4 | 128 ]
[ 128 | 0 | 0 | 0< | 0 | 0 | -1 | 0 | 0 | >68 | 0 | 0 | -1 | 0 | 0 | -1 | 0 | 0 | -1 | 0 | 0 | -1 | 0 | 0 | -1 | 0 | 0 | 4 | 128 ]
[ 128 | 0 | 0 | -1< | 0 | 0 | -1 | 0 | 0 | >69 | 0 | 0 | -1 | 0 | 0 | -1 | 0 | 0 | -1 | 0 | 0 | -1 | 0 | 0 | -1 | 0 | 0 | 4 | 128 ]
[ 128 | 0 | 0 | -1< | 0 | 0 | -1 | 0 | 0 | >70 | 0 | 0 | -1 | 0 | 0 | -1 | 0 | 0 | -1 | 0 | 0 | -1 | 0 | 0 | -1 | 0 | 0 | 4 | 128 ]
[ 128 | 0 | 0 | -1< | 0 | 0 | -1 | 0 | 0 | >71 | 0 | 0 | -1 | 0 | 0 | -1 | 0 | 0 | -1 | 0 | 0 | -1 | 0 | 0 | -1 | 0 | 0 | 4 | 128 ]
[ 128 | 0 | 0< | -1 | 0 | 0 | -1 | 0 | 0 | >72 | 0 | 0 | -1 | 0 | 0 | -1 | 0 | 0 | -1 | 0 | 0 | -1 | 0 | 0 | -1 | 0 | 0 | 4 | 128 ]
[ 128 | 0 | 0< | -1 | 0 | 0 | -1 | 0 | 0 | >73 | 0 | 0 | -1 | 0 | 0 | -1 | 0 | 0 | -1 | 0 | 0 | -1 | 0 | 0 | -1 | 0 | 0 | 4 | 128 ]
[ 128 | 0 | 0< | -1 | 0 | 0 | -1 | 0 | 0 | >74 | 0 | 0 | -1 | 0 | 0 | -1 | 0 | 0 | -1 | 0 | 0 | -1 | 0 | 0 | -1 | 0 | 0 | 4 | 128 ]
[ 128 | 0 | 0< | -1 | 0 | 0 | -1 | 0 | 0 | >75 | 0 | 0 | -1 | 0 | 0 | -1 | 0 | 0 | -1 | 0 | 0 | -1 | 0 | 0 | -1 | 0 | 0 | 4 | 128 ]
[ 128 | 0< | 0 | -1 | 0 | 0 | -1 | 0 | 0 | >76 | 0 | 0 | -1 | 0 | 0 | -1 | 0 | 0 | -1 | 0 | 0 | -1 | 0 | 0 | -1 | 0 | 0 | 4 | 128 ]
[ 128< | 0 | 0 | -1 | 0 | 0 | -1 | 0 | 0 | >77 | 0 | 0 | -1 | 0 | 0 | -1 | 0 | 0 | -1 | 0 | 0 | -1 | 0 | 0 | -1 | 0 | 0 | 4 | 128 ]
[ 127< | 0 | 0 | -1 | 0 | 0 | -1 | 0 | 0 | >78 | 0 | 0 | -1 | 0 | 0 | -1 | 0 | 0 | -1 | 0 | 0 | -1 | 0 | 0 | -1 | 0 | 0 | 4 | 128 ]
[ 127< | 0 | 0 | -1 | 0 | 0 | -1 | 0 | 0 | >79 | 0 | 0 | -1 | 0 | 0 | -1 | 0 | 0 | -1 | 0 | 0 | -1 | 0 | 0 | -1 | 0 | 0 | 4 | 128 ]
[ 127< | 0 | 0 | -1 | 0 | 0 | -1 | 0 | 0 | >80 | 0 | 0 | -1 | 0 | 0 | -1 | 0 | 0 | -1 | 0 | 0 | -1 | 0 | 0 | -1 | 0 | 0 | 4 | 128 ]
[ 127 | 0 | 0 | -1 | 0 | 0 | -1 | 0 | 0 | >81 | 0 | 0 | -1 | 0 | 0 | -1 | 0 | 0 | -1 | 0 | 0 | -1 | 0 | 0 | -1 | 0 | 0 | 4 | 128< ]

===== WallE won the battle after 91 cycles =====



===== Starting battle of <WallE> vs <PrussianRoulette> with memory tape size: 23 =====

[ >128 | 0 | 0 | 0 | 0 | 0 | 0 | 0 | 0 | 0 | 0 | 0 | 0 | 0 | 0 | 0 | 0 | 0 | 0 | 0 | 0 | 0 | 128< ]
[ 128 | >0 | 0 | 0 | 0 | 0 | 0 | 0 | 0 | 0 | 0 | 0 | 0 | 0 | 0 | 0 | 0 | 0 | 0 | 0 | 0 | 0< | 128 ]
[ 128 | 0 | >0 | 0 | 0 | 0 | 0 | 0 | 0 | 0 | 0 | 0 | 0 | 0 | 0 | 0 | 0 | 0 | 0 | 0 | 0 | 1< | 128 ]
[ 128 | 0 | 0 | >0 | 0 | 0 | 0 | 0 | 0 | 0 | 0 | 0 | 0 | 0 | 0 | 0 | 0 | 0 | 0 | 0 | 0 | 2< | 128 ]
[ 128 | 0 | 0 | 0 | >0 | 0 | 0 | 0 | 0 | 0 | 0 | 0 | 0 | 0 | 0 | 0 | 0 | 0 | 0 | 0 | 0 | 3< | 128 ]
[ 128 | 0 | 0 | 0 | 0 | >0 | 0 | 0 | 0 | 0 | 0 | 0 | 0 | 0 | 0 | 0 | 0 | 0 | 0 | 0 | 0 | 4< | 128 ]
[ 128 | 0 | 0 | 0 | 0 | 0 | >0 | 0 | 0 | 0 | 0 | 0 | 0 | 0 | 0 | 0 | 0 | 0 | 0 | 0 | 0 | 5< | 128 ]
[ 128 | 0 | 0 | 0 | 0 | 0 | 0 | >0 | 0 | 0 | 0 | 0 | 0 | 0 | 0 | 0 | 0 | 0 | 0 | 0 | 0 | 4< | 128 ]
[ 128 | 0 | 0 | 0 | 0 | 0 | 0 | 0 | >0 | 0 | 0 | 0 | 0 | 0 | 0 | 0 | 0 | 0 | 0 | 0 | 0 | 4< | 128 ]
[ 128 | 0 | 0 | 0 | 0 | 0 | 0 | 0 | 0 | >0 | 0 | 0 | 0 | 0 | 0 | 0 | 0 | 0 | 0 | 0 | 0 | 4< | 128 ]
[ 128 | 0 | 0 | 0 | 0 | 0 | 0 | 0 | 0 | >1 | 0 | 0 | 0 | 0 | 0 | 0 | 0 | 0 | 0 | 0 | 0< | 4 | 128 ]
[ 128 | 0 | 0 | 0 | 0 | 0 | 0 | 0 | 0 | >2 | 0 | 0 | 0 | 0 | 0 | 0 | 0 | 0 | 0 | 0 | 0< | 4 | 128 ]
[ 128 | 0 | 0 | 0 | 0 | 0 | 0 | 0 | 0 | >3 | 0 | 0 | 0 | 0 | 0 | 0 | 0 | 0 | 0 | 0 | 0< | 4 | 128 ]
[ 128 | 0 | 0 | 0 | 0 | 0 | 0 | 0 | 0 | >4 | 0 | 0 | 0 | 0 | 0 | 0 | 0 | 0 | 0 | 0 | 0< | 4 | 128 ]
[ 128 | 0 | 0 | 0 | 0 | 0 | 0 | 0 | 0 | >5 | 0 | 0 | 0 | 0 | 0 | 0 | 0 | 0 | 0 | 0< | 0 | 4 | 128 ]
[ 128 | 0 | 0 | 0 | 0 | 0 | 0 | 0 | 0 | >6 | 0 | 0 | 0 | 0 | 0 | 0 | 0 | 0 | 0< | 0 | 0 | 4 | 128 ]
[ 128 | 0 | 0 | 0 | 0 | 0 | 0 | 0 | 0 | >7 | 0 | 0 | 0 | 0 | 0 | 0 | 0 | 0 | -1< | 0 | 0 | 4 | 128 ]
[ 128 | 0 | 0 | 0 | 0 | 0 | 0 | 0 | 0 | >8 | 0 | 0 | 0 | 0 | 0 | 0 | 0 | 0 | -1< | 0 | 0 | 4 | 128 ]
[ 128 | 0 | 0 | 0 | 0 | 0 | 0 | 0 | 0 | >9 | 0 | 0 | 0 | 0 | 0 | 0 | 0 | 0 | -1< | 0 | 0 | 4 | 128 ]
[ 128 | 0 | 0 | 0 | 0 | 0 | 0 | 0 | 0 | >10 | 0 | 0 | 0 | 0 | 0 | 0 | 0 | 0< | -1 | 0 | 0 | 4 | 128 ]
[ 128 | 0 | 0 | 0 | 0 | 0 | 0 | 0 | 0 | >11 | 0 | 0 | 0 | 0 | 0 | 0 | 0 | 0< | -1 | 0 | 0 | 4 | 128 ]
[ 128 | 0 | 0 | 0 | 0 | 0 | 0 | 0 | 0 | >12 | 0 | 0 | 0 | 0 | 0 | 0 | 0 | 0< | -1 | 0 | 0 | 4 | 128 ]
[ 128 | 0 | 0 | 0 | 0 | 0 | 0 | 0 | 0 | >13 | 0 | 0 | 0 | 0 | 0 | 0 | 0 | 0< | -1 | 0 | 0 | 4 | 128 ]
[ 128 | 0 | 0 | 0 | 0 | 0 | 0 | 0 | 0 | >14 | 0 | 0 | 0 | 0 | 0 | 0 | 0< | 0 | -1 | 0 | 0 | 4 | 128 ]
[ 128 | 0 | 0 | 0 | 0 | 0 | 0 | 0 | 0 | >15 | 0 | 0 | 0 | 0 | 0 | 0< | 0 | 0 | -1 | 0 | 0 | 4 | 128 ]
[ 128 | 0 | 0 | 0 | 0 | 0 | 0 | 0 | 0 | >16 | 0 | 0 | 0 | 0 | 0 | -1< | 0 | 0 | -1 | 0 | 0 | 4 | 128 ]
[ 128 | 0 | 0 | 0 | 0 | 0 | 0 | 0 | 0 | >17 | 0 | 0 | 0 | 0 | 0 | -1< | 0 | 0 | -1 | 0 | 0 | 4 | 128 ]
[ 128 | 0 | 0 | 0 | 0 | 0 | 0 | 0 | 0 | >18 | 0 | 0 | 0 | 0 | 0 | -1< | 0 | 0 | -1 | 0 | 0 | 4 | 128 ]
[ 128 | 0 | 0 | 0 | 0 | 0 | 0 | 0 | 0 | >19 | 0 | 0 | 0 | 0 | 0< | -1 | 0 | 0 | -1 | 0 | 0 | 4 | 128 ]
[ 128 | 0 | 0 | 0 | 0 | 0 | 0 | 0 | 0 | >20 | 0 | 0 | 0 | 0 | 0< | -1 | 0 | 0 | -1 | 0 | 0 | 4 | 128 ]
[ 128 | 0 | 0 | 0 | 0 | 0 | 0 | 0 | 0 | >21 | 0 | 0 | 0 | 0 | 0< | -1 | 0 | 0 | -1 | 0 | 0 | 4 | 128 ]
[ 128 | 0 | 0 | 0 | 0 | 0 | 0 | 0 | 0 | >22 | 0 | 0 | 0 | 0 | 0< | -1 | 0 | 0 | -1 | 0 | 0 | 4 | 128 ]
[ 128 | 0 | 0 | 0 | 0 | 0 | 0 | 0 | 0 | >23 | 0 | 0 | 0 | 0< | 0 | -1 | 0 | 0 | -1 | 0 | 0 | 4 | 128 ]
[ 128 | 0 | 0 | 0 | 0 | 0 | 0 | 0 | 0 | >24 | 0 | 0 | 0< | 0 | 0 | -1 | 0 | 0 | -1 | 0 | 0 | 4 | 128 ]
[ 128 | 0 | 0 | 0 | 0 | 0 | 0 | 0 | 0 | >25 | 0 | 0 | -1< | 0 | 0 | -1 | 0 | 0 | -1 | 0 | 0 | 4 | 128 ]
[ 128 | 0 | 0 | 0 | 0 | 0 | 0 | 0 | 0 | >26 | 0 | 0 | -1< | 0 | 0 | -1 | 0 | 0 | -1 | 0 | 0 | 4 | 128 ]
[ 128 | 0 | 0 | 0 | 0 | 0 | 0 | 0 | 0 | >27 | 0 | 0 | -1< | 0 | 0 | -1 | 0 | 0 | -1 | 0 | 0 | 4 | 128 ]
[ 128 | 0 | 0 | 0 | 0 | 0 | 0 | 0 | 0 | >28 | 0 | 0< | -1 | 0 | 0 | -1 | 0 | 0 | -1 | 0 | 0 | 4 | 128 ]
[ 128 | 0 | 0 | 0 | 0 | 0 | 0 | 0 | 0 | >29 | 0 | 0< | -1 | 0 | 0 | -1 | 0 | 0 | -1 | 0 | 0 | 4 | 128 ]
[ 128 | 0 | 0 | 0 | 0 | 0 | 0 | 0 | 0 | >30 | 0 | 0< | -1 | 0 | 0 | -1 | 0 | 0 | -1 | 0 | 0 | 4 | 128 ]
[ 128 | 0 | 0 | 0 | 0 | 0 | 0 | 0 | 0 | >31 | 0 | 0< | -1 | 0 | 0 | -1 | 0 | 0 | -1 | 0 | 0 | 4 | 128 ]
[ 128 | 0 | 0 | 0 | 0 | 0 | 0 | 0 | 0 | >32 | 0< | 0 | -1 | 0 | 0 | -1 | 0 | 0 | -1 | 0 | 0 | 4 | 128 ]
[ 128 | 0 | 0 | 0 | 0 | 0 | 0 | 0 | 0 | >33< | 0 | 0 | -1 | 0 | 0 | -1 | 0 | 0 | -1 | 0 | 0 | 4 | 128 ]
[ 128 | 0 | 0 | 0 | 0 | 0 | 0 | 0 | 0 | >33< | 0 | 0 | -1 | 0 | 0 | -1 | 0 | 0 | -1 | 0 | 0 | 4 | 128 ]
[ 128 | 0 | 0 | 0 | 0 | 0 | 0 | 0 | 0 | >34< | 0 | 0 | -1 | 0 | 0 | -1 | 0 | 0 | -1 | 0 | 0 | 4 | 128 ]
[ 128 | 0 | 0 | 0 | 0 | 0 | 0 | 0 | 0 | >35< | 0 | 0 | -1 | 0 | 0 | -1 | 0 | 0 | -1 | 0 | 0 | 4 | 128 ]
[ 128 | 0 | 0 | 0 | 0 | 0 | 0 | 0 | 0< | >36 | 0 | 0 | -1 | 0 | 0 | -1 | 0 | 0 | -1 | 0 | 0 | 4 | 128 ]
[ 128 | 0 | 0 | 0 | 0 | 0 | 0 | 0 | 0< | >37 | 0 | 0 | -1 | 0 | 0 | -1 | 0 | 0 | -1 | 0 | 0 | 4 | 128 ]
[ 128 | 0 | 0 | 0 | 0 | 0 | 0 | 0 | 0< | >38 | 0 | 0 | -1 | 0 | 0 | -1 | 0 | 0 | -1 | 0 | 0 | 4 | 128 ]
[ 128 | 0 | 0 | 0 | 0 | 0 | 0 | 0 | 0< | >39 | 0 | 0 | -1 | 0 | 0 | -1 | 0 | 0 | -1 | 0 | 0 | 4 | 128 ]
[ 128 | 0 | 0 | 0 | 0 | 0 | 0 | 0< | 0 | >40 | 0 | 0 | -1 | 0 | 0 | -1 | 0 | 0 | -1 | 0 | 0 | 4 | 128 ]
[ 128 | 0 | 0 | 0 | 0 | 0 | 0< | 0 | 0 | >41 | 0 | 0 | -1 | 0 | 0 | -1 | 0 | 0 | -1 | 0 | 0 | 4 | 128 ]
[ 128 | 0 | 0 | 0 | 0 | 0 | -1< | 0 | 0 | >42 | 0 | 0 | -1 | 0 | 0 | -1 | 0 | 0 | -1 | 0 | 0 | 4 | 128 ]
[ 128 | 0 | 0 | 0 | 0 | 0 | -1< | 0 | 0 | >43 | 0 | 0 | -1 | 0 | 0 | -1 | 0 | 0 | -1 | 0 | 0 | 4 | 128 ]
[ 128 | 0 | 0 | 0 | 0 | 0 | -1< | 0 | 0 | >44 | 0 | 0 | -1 | 0 | 0 | -1 | 0 | 0 | -1 | 0 | 0 | 4 | 128 ]
[ 128 | 0 | 0 | 0 | 0 | 0< | -1 | 0 | 0 | >45 | 0 | 0 | -1 | 0 | 0 | -1 | 0 | 0 | -1 | 0 | 0 | 4 | 128 ]
[ 128 | 0 | 0 | 0 | 0 | 0< | -1 | 0 | 0 | >46 | 0 | 0 | -1 | 0 | 0 | -1 | 0 | 0 | -1 | 0 | 0 | 4 | 128 ]
[ 128 | 0 | 0 | 0 | 0 | 0< | -1 | 0 | 0 | >47 | 0 | 0 | -1 | 0 | 0 | -1 | 0 | 0 | -1 | 0 | 0 | 4 | 128 ]
[ 128 | 0 | 0 | 0 | 0 | 0< | -1 | 0 | 0 | >48 | 0 | 0 | -1 | 0 | 0 | -1 | 0 | 0 | -1 | 0 | 0 | 4 | 128 ]
[ 128 | 0 | 0 | 0 | 0< | 0 | -1 | 0 | 0 | >49 | 0 | 0 | -1 | 0 | 0 | -1 | 0 | 0 | -1 | 0 | 0 | 4 | 128 ]
[ 128 | 0 | 0 | 0< | 0 | 0 | -1 | 0 | 0 | >50 | 0 | 0 | -1 | 0 | 0 | -1 | 0 | 0 | -1 | 0 | 0 | 4 | 128 ]
[ 128 | 0 | 0 | -1< | 0 | 0 | -1 | 0 | 0 | >51 | 0 | 0 | -1 | 0 | 0 | -1 | 0 | 0 | -1 | 0 | 0 | 4 | 128 ]
[ 128 | 0 | 0 | -1< | 0 | 0 | -1 | 0 | 0 | >52 | 0 | 0 | -1 | 0 | 0 | -1 | 0 | 0 | -1 | 0 | 0 | 4 | 128 ]
[ 128 | 0 | 0 | -1< | 0 | 0 | -1 | 0 | 0 | >53 | 0 | 0 | -1 | 0 | 0 | -1 | 0 | 0 | -1 | 0 | 0 | 4 | 128 ]
[ 128 | 0 | 0< | -1 | 0 | 0 | -1 | 0 | 0 | >54 | 0 | 0 | -1 | 0 | 0 | -1 | 0 | 0 | -1 | 0 | 0 | 4 | 128 ]
[ 128 | 0 | 0< | -1 | 0 | 0 | -1 | 0 | 0 | >55 | 0 | 0 | -1 | 0 | 0 | -1 | 0 | 0 | -1 | 0 | 0 | 4 | 128 ]
[ 128 | 0 | 0< | -1 | 0 | 0 | -1 | 0 | 0 | >56 | 0 | 0 | -1 | 0 | 0 | -1 | 0 | 0 | -1 | 0 | 0 | 4 | 128 ]
[ 128 | 0 | 0< | -1 | 0 | 0 | -1 | 0 | 0 | >57 | 0 | 0 | -1 | 0 | 0 | -1 | 0 | 0 | -1 | 0 | 0 | 4 | 128 ]
[ 128 | 0< | 0 | -1 | 0 | 0 | -1 | 0 | 0 | >58 | 0 | 0 | -1 | 0 | 0 | -1 | 0 | 0 | -1 | 0 | 0 | 4 | 128 ]
[ 128< | 0 | 0 | -1 | 0 | 0 | -1 | 0 | 0 | >59 | 0 | 0 | -1 | 0 | 0 | -1 | 0 | 0 | -1 | 0 | 0 | 4 | 128 ]
[ 127< | 0 | 0 | -1 | 0 | 0 | -1 | 0 | 0 | >60 | 0 | 0 | -1 | 0 | 0 | -1 | 0 | 0 | -1 | 0 | 0 | 4 | 128 ]
[ 127< | 0 | 0 | -1 | 0 | 0 | -1 | 0 | 0 | >61 | 0 | 0 | -1 | 0 | 0 | -1 | 0 | 0 | -1 | 0 | 0 | 4 | 128 ]
[ 127< | 0 | 0 | -1 | 0 | 0 | -1 | 0 | 0 | >62 | 0 | 0 | -1 | 0 | 0 | -1 | 0 | 0 | -1 | 0 | 0 | 4 | 128 ]
[ 127 | 0 | 0 | -1 | 0 | 0 | -1 | 0 | 0 | >63 | 0 | 0 | -1 | 0 | 0 | -1 | 0 | 0 | -1 | 0 | 0 | 4 | 128< ]

===== WallE won the battle after 73 cycles =====



===== Starting battle of <WallE> vs <PrussianRoulette> with memory tape size: 25 =====

[ >128 | 0 | 0 | 0 | 0 | 0 | 0 | 0 | 0 | 0 | 0 | 0 | 0 | 0 | 0 | 0 | 0 | 0 | 0 | 0 | 0 | 0 | 0 | 0 | 128< ]
[ 128 | >0 | 0 | 0 | 0 | 0 | 0 | 0 | 0 | 0 | 0 | 0 | 0 | 0 | 0 | 0 | 0 | 0 | 0 | 0 | 0 | 0 | 0 | 0< | 128 ]
[ 128 | 0 | >0 | 0 | 0 | 0 | 0 | 0 | 0 | 0 | 0 | 0 | 0 | 0 | 0 | 0 | 0 | 0 | 0 | 0 | 0 | 0 | 0 | 1< | 128 ]
[ 128 | 0 | 0 | >0 | 0 | 0 | 0 | 0 | 0 | 0 | 0 | 0 | 0 | 0 | 0 | 0 | 0 | 0 | 0 | 0 | 0 | 0 | 0 | 2< | 128 ]
[ 128 | 0 | 0 | 0 | >0 | 0 | 0 | 0 | 0 | 0 | 0 | 0 | 0 | 0 | 0 | 0 | 0 | 0 | 0 | 0 | 0 | 0 | 0 | 3< | 128 ]
[ 128 | 0 | 0 | 0 | 0 | >0 | 0 | 0 | 0 | 0 | 0 | 0 | 0 | 0 | 0 | 0 | 0 | 0 | 0 | 0 | 0 | 0 | 0 | 4< | 128 ]
[ 128 | 0 | 0 | 0 | 0 | 0 | >0 | 0 | 0 | 0 | 0 | 0 | 0 | 0 | 0 | 0 | 0 | 0 | 0 | 0 | 0 | 0 | 0 | 5< | 128 ]
[ 128 | 0 | 0 | 0 | 0 | 0 | 0 | >0 | 0 | 0 | 0 | 0 | 0 | 0 | 0 | 0 | 0 | 0 | 0 | 0 | 0 | 0 | 0 | 4< | 128 ]
[ 128 | 0 | 0 | 0 | 0 | 0 | 0 | 0 | >0 | 0 | 0 | 0 | 0 | 0 | 0 | 0 | 0 | 0 | 0 | 0 | 0 | 0 | 0 | 4< | 128 ]
[ 128 | 0 | 0 | 0 | 0 | 0 | 0 | 0 | 0 | >0 | 0 | 0 | 0 | 0 | 0 | 0 | 0 | 0 | 0 | 0 | 0 | 0 | 0 | 4< | 128 ]
[ 128 | 0 | 0 | 0 | 0 | 0 | 0 | 0 | 0 | >1 | 0 | 0 | 0 | 0 | 0 | 0 | 0 | 0 | 0 | 0 | 0 | 0 | 0< | 4 | 128 ]
[ 128 | 0 | 0 | 0 | 0 | 0 | 0 | 0 | 0 | >2 | 0 | 0 | 0 | 0 | 0 | 0 | 0 | 0 | 0 | 0 | 0 | 0 | 0< | 4 | 128 ]
[ 128 | 0 | 0 | 0 | 0 | 0 | 0 | 0 | 0 | >3 | 0 | 0 | 0 | 0 | 0 | 0 | 0 | 0 | 0 | 0 | 0 | 0 | 0< | 4 | 128 ]
[ 128 | 0 | 0 | 0 | 0 | 0 | 0 | 0 | 0 | >4 | 0 | 0 | 0 | 0 | 0 | 0 | 0 | 0 | 0 | 0 | 0 | 0 | 0< | 4 | 128 ]
[ 128 | 0 | 0 | 0 | 0 | 0 | 0 | 0 | 0 | >5 | 0 | 0 | 0 | 0 | 0 | 0 | 0 | 0 | 0 | 0 | 0 | 0< | 0 | 4 | 128 ]
[ 128 | 0 | 0 | 0 | 0 | 0 | 0 | 0 | 0 | >6 | 0 | 0 | 0 | 0 | 0 | 0 | 0 | 0 | 0 | 0 | 0< | 0 | 0 | 4 | 128 ]
[ 128 | 0 | 0 | 0 | 0 | 0 | 0 | 0 | 0 | >7 | 0 | 0 | 0 | 0 | 0 | 0 | 0 | 0 | 0 | 0 | -1< | 0 | 0 | 4 | 128 ]
[ 128 | 0 | 0 | 0 | 0 | 0 | 0 | 0 | 0 | >8 | 0 | 0 | 0 | 0 | 0 | 0 | 0 | 0 | 0 | 0 | -1< | 0 | 0 | 4 | 128 ]
[ 128 | 0 | 0 | 0 | 0 | 0 | 0 | 0 | 0 | >9 | 0 | 0 | 0 | 0 | 0 | 0 | 0 | 0 | 0 | 0 | -1< | 0 | 0 | 4 | 128 ]
[ 128 | 0 | 0 | 0 | 0 | 0 | 0 | 0 | 0 | >10 | 0 | 0 | 0 | 0 | 0 | 0 | 0 | 0 | 0 | 0< | -1 | 0 | 0 | 4 | 128 ]
[ 128 | 0 | 0 | 0 | 0 | 0 | 0 | 0 | 0 | >11 | 0 | 0 | 0 | 0 | 0 | 0 | 0 | 0 | 0 | 0< | -1 | 0 | 0 | 4 | 128 ]
[ 128 | 0 | 0 | 0 | 0 | 0 | 0 | 0 | 0 | >12 | 0 | 0 | 0 | 0 | 0 | 0 | 0 | 0 | 0 | 0< | -1 | 0 | 0 | 4 | 128 ]
[ 128 | 0 | 0 | 0 | 0 | 0 | 0 | 0 | 0 | >13 | 0 | 0 | 0 | 0 | 0 | 0 | 0 | 0 | 0 | 0< | -1 | 0 | 0 | 4 | 128 ]
[ 128 | 0 | 0 | 0 | 0 | 0 | 0 | 0 | 0 | >14 | 0 | 0 | 0 | 0 | 0 | 0 | 0 | 0 | 0< | 0 | -1 | 0 | 0 | 4 | 128 ]
[ 128 | 0 | 0 | 0 | 0 | 0 | 0 | 0 | 0 | >15 | 0 | 0 | 0 | 0 | 0 | 0 | 0 | 0< | 0 | 0 | -1 | 0 | 0 | 4 | 128 ]
[ 128 | 0 | 0 | 0 | 0 | 0 | 0 | 0 | 0 | >16 | 0 | 0 | 0 | 0 | 0 | 0 | 0 | -1< | 0 | 0 | -1 | 0 | 0 | 4 | 128 ]
[ 128 | 0 | 0 | 0 | 0 | 0 | 0 | 0 | 0 | >17 | 0 | 0 | 0 | 0 | 0 | 0 | 0 | -1< | 0 | 0 | -1 | 0 | 0 | 4 | 128 ]
[ 128 | 0 | 0 | 0 | 0 | 0 | 0 | 0 | 0 | >18 | 0 | 0 | 0 | 0 | 0 | 0 | 0 | -1< | 0 | 0 | -1 | 0 | 0 | 4 | 128 ]
[ 128 | 0 | 0 | 0 | 0 | 0 | 0 | 0 | 0 | >19 | 0 | 0 | 0 | 0 | 0 | 0 | 0< | -1 | 0 | 0 | -1 | 0 | 0 | 4 | 128 ]
[ 128 | 0 | 0 | 0 | 0 | 0 | 0 | 0 | 0 | >20 | 0 | 0 | 0 | 0 | 0 | 0 | 0< | -1 | 0 | 0 | -1 | 0 | 0 | 4 | 128 ]
[ 128 | 0 | 0 | 0 | 0 | 0 | 0 | 0 | 0 | >21 | 0 | 0 | 0 | 0 | 0 | 0 | 0< | -1 | 0 | 0 | -1 | 0 | 0 | 4 | 128 ]
[ 128 | 0 | 0 | 0 | 0 | 0 | 0 | 0 | 0 | >22 | 0 | 0 | 0 | 0 | 0 | 0 | 0< | -1 | 0 | 0 | -1 | 0 | 0 | 4 | 128 ]
[ 128 | 0 | 0 | 0 | 0 | 0 | 0 | 0 | 0 | >23 | 0 | 0 | 0 | 0 | 0 | 0< | 0 | -1 | 0 | 0 | -1 | 0 | 0 | 4 | 128 ]
[ 128 | 0 | 0 | 0 | 0 | 0 | 0 | 0 | 0 | >24 | 0 | 0 | 0 | 0 | 0< | 0 | 0 | -1 | 0 | 0 | -1 | 0 | 0 | 4 | 128 ]
[ 128 | 0 | 0 | 0 | 0 | 0 | 0 | 0 | 0 | >25 | 0 | 0 | 0 | 0 | -1< | 0 | 0 | -1 | 0 | 0 | -1 | 0 | 0 | 4 | 128 ]
[ 128 | 0 | 0 | 0 | 0 | 0 | 0 | 0 | 0 | >26 | 0 | 0 | 0 | 0 | -1< | 0 | 0 | -1 | 0 | 0 | -1 | 0 | 0 | 4 | 128 ]
[ 128 | 0 | 0 | 0 | 0 | 0 | 0 | 0 | 0 | >27 | 0 | 0 | 0 | 0 | -1< | 0 | 0 | -1 | 0 | 0 | -1 | 0 | 0 | 4 | 128 ]
[ 128 | 0 | 0 | 0 | 0 | 0 | 0 | 0 | 0 | >28 | 0 | 0 | 0 | 0< | -1 | 0 | 0 | -1 | 0 | 0 | -1 | 0 | 0 | 4 | 128 ]
[ 128 | 0 | 0 | 0 | 0 | 0 | 0 | 0 | 0 | >29 | 0 | 0 | 0 | 0< | -1 | 0 | 0 | -1 | 0 | 0 | -1 | 0 | 0 | 4 | 128 ]
[ 128 | 0 | 0 | 0 | 0 | 0 | 0 | 0 | 0 | >30 | 0 | 0 | 0 | 0< | -1 | 0 | 0 | -1 | 0 | 0 | -1 | 0 | 0 | 4 | 128 ]
[ 128 | 0 | 0 | 0 | 0 | 0 | 0 | 0 | 0 | >31 | 0 | 0 | 0 | 0< | -1 | 0 | 0 | -1 | 0 | 0 | -1 | 0 | 0 | 4 | 128 ]
[ 128 | 0 | 0 | 0 | 0 | 0 | 0 | 0 | 0 | >32 | 0 | 0 | 0< | 0 | -1 | 0 | 0 | -1 | 0 | 0 | -1 | 0 | 0 | 4 | 128 ]
[ 128 | 0 | 0 | 0 | 0 | 0 | 0 | 0 | 0 | >33 | 0 | 0< | 0 | 0 | -1 | 0 | 0 | -1 | 0 | 0 | -1 | 0 | 0 | 4 | 128 ]
[ 128 | 0 | 0 | 0 | 0 | 0 | 0 | 0 | 0 | >34 | 0 | -1< | 0 | 0 | -1 | 0 | 0 | -1 | 0 | 0 | -1 | 0 | 0 | 4 | 128 ]
[ 128 | 0 | 0 | 0 | 0 | 0 | 0 | 0 | 0 | >35 | 0 | -1< | 0 | 0 | -1 | 0 | 0 | -1 | 0 | 0 | -1 | 0 | 0 | 4 | 128 ]
[ 128 | 0 | 0 | 0 | 0 | 0 | 0 | 0 | 0 | >36 | 0 | -1< | 0 | 0 | -1 | 0 | 0 | -1 | 0 | 0 | -1 | 0 | 0 | 4 | 128 ]
[ 128 | 0 | 0 | 0 | 0 | 0 | 0 | 0 | 0 | >37 | 0< | -1 | 0 | 0 | -1 | 0 | 0 | -1 | 0 | 0 | -1 | 0 | 0 | 4 | 128 ]
[ 128 | 0 | 0 | 0 | 0 | 0 | 0 | 0 | 0 | >38 | 0< | -1 | 0 | 0 | -1 | 0 | 0 | -1 | 0 | 0 | -1 | 0 | 0 | 4 | 128 ]
[ 128 | 0 | 0 | 0 | 0 | 0 | 0 | 0 | 0 | >39 | 0< | -1 | 0 | 0 | -1 | 0 | 0 | -1 | 0 | 0 | -1 | 0 | 0 | 4 | 128 ]
[ 128 | 0 | 0 | 0 | 0 | 0 | 0 | 0 | 0 | >40 | 0< | -1 | 0 | 0 | -1 | 0 | 0 | -1 | 0 | 0 | -1 | 0 | 0 | 4 | 128 ]
[ 128 | 0 | 0 | 0 | 0 | 0 | 0 | 0 | 0 | >41< | 0 | -1 | 0 | 0 | -1 | 0 | 0 | -1 | 0 | 0 | -1 | 0 | 0 | 4 | 128 ]
[ 128 | 0 | 0 | 0 | 0 | 0 | 0 | 0 | 0< | >42 | 0 | -1 | 0 | 0 | -1 | 0 | 0 | -1 | 0 | 0 | -1 | 0 | 0 | 4 | 128 ]
[ 128 | 0 | 0 | 0 | 0 | 0 | 0 | 0 | -1< | >43 | 0 | -1 | 0 | 0 | -1 | 0 | 0 | -1 | 0 | 0 | -1 | 0 | 0 | 4 | 128 ]
[ 128 | 0 | 0 | 0 | 0 | 0 | 0 | 0 | -1< | >44 | 0 | -1 | 0 | 0 | -1 | 0 | 0 | -1 | 0 | 0 | -1 | 0 | 0 | 4 | 128 ]
[ 128 | 0 | 0 | 0 | 0 | 0 | 0 | 0 | -1< | >45 | 0 | -1 | 0 | 0 | -1 | 0 | 0 | -1 | 0 | 0 | -1 | 0 | 0 | 4 | 128 ]
[ 128 | 0 | 0 | 0 | 0 | 0 | 0 | 0< | -1 | >46 | 0 | -1 | 0 | 0 | -1 | 0 | 0 | -1 | 0 | 0 | -1 | 0 | 0 | 4 | 128 ]
[ 128 | 0 | 0 | 0 | 0 | 0 | 0 | 0< | -1 | >47 | 0 | -1 | 0 | 0 | -1 | 0 | 0 | -1 | 0 | 0 | -1 | 0 | 0 | 4 | 128 ]
[ 128 | 0 | 0 | 0 | 0 | 0 | 0 | 0< | -1 | >48 | 0 | -1 | 0 | 0 | -1 | 0 | 0 | -1 | 0 | 0 | -1 | 0 | 0 | 4 | 128 ]
[ 128 | 0 | 0 | 0 | 0 | 0 | 0 | 0< | -1 | >49 | 0 | -1 | 0 | 0 | -1 | 0 | 0 | -1 | 0 | 0 | -1 | 0 | 0 | 4 | 128 ]
[ 128 | 0 | 0 | 0 | 0 | 0 | 0< | 0 | -1 | >50 | 0 | -1 | 0 | 0 | -1 | 0 | 0 | -1 | 0 | 0 | -1 | 0 | 0 | 4 | 128 ]
[ 128 | 0 | 0 | 0 | 0 | 0< | 0 | 0 | -1 | >51 | 0 | -1 | 0 | 0 | -1 | 0 | 0 | -1 | 0 | 0 | -1 | 0 | 0 | 4 | 128 ]
[ 128 | 0 | 0 | 0 | 0 | -1< | 0 | 0 | -1 | >52 | 0 | -1 | 0 | 0 | -1 | 0 | 0 | -1 | 0 | 0 | -1 | 0 | 0 | 4 | 128 ]
[ 128 | 0 | 0 | 0 | 0 | -1< | 0 | 0 | -1 | >53 | 0 | -1 | 0 | 0 | -1 | 0 | 0 | -1 | 0 | 0 | -1 | 0 | 0 | 4 | 128 ]
[ 128 | 0 | 0 | 0 | 0 | -1< | 0 | 0 | -1 | >54 | 0 | -1 | 0 | 0 | -1 | 0 | 0 | -1 | 0 | 0 | -1 | 0 | 0 | 4 | 128 ]
[ 128 | 0 | 0 | 0 | 0< | -1 | 0 | 0 | -1 | >55 | 0 | -1 | 0 | 0 | -1 | 0 | 0 | -1 | 0 | 0 | -1 | 0 | 0 | 4 | 128 ]
[ 128 | 0 | 0 | 0 | 0< | -1 | 0 | 0 | -1 | >56 | 0 | -1 | 0 | 0 | -1 | 0 | 0 | -1 | 0 | 0 | -1 | 0 | 0 | 4 | 128 ]
[ 128 | 0 | 0 | 0 | 0< | -1 | 0 | 0 | -1 | >57 | 0 | -1 | 0 | 0 | -1 | 0 | 0 | -1 | 0 | 0 | -1 | 0 | 0 | 4 | 128 ]
[ 128 | 0 | 0 | 0 | 0< | -1 | 0 | 0 | -1 | >58 | 0 | -1 | 0 | 0 | -1 | 0 | 0 | -1 | 0 | 0 | -1 | 0 | 0 | 4 | 128 ]
[ 128 | 0 | 0 | 0< | 0 | -1 | 0 | 0 | -1 | >59 | 0 | -1 | 0 | 0 | -1 | 0 | 0 | -1 | 0 | 0 | -1 | 0 | 0 | 4 | 128 ]
[ 128 | 0 | 0< | 0 | 0 | -1 | 0 | 0 | -1 | >60 | 0 | -1 | 0 | 0 | -1 | 0 | 0 | -1 | 0 | 0 | -1 | 0 | 0 | 4 | 128 ]
[ 128 | 0 | -1< | 0 | 0 | -1 | 0 | 0 | -1 | >61 | 0 | -1 | 0 | 0 | -1 | 0 | 0 | -1 | 0 | 0 | -1 | 0 | 0 | 4 | 128 ]
[ 128 | 0 | -1< | 0 | 0 | -1 | 0 | 0 | -1 | >62 | 0 | -1 | 0 | 0 | -1 | 0 | 0 | -1 | 0 | 0 | -1 | 0 | 0 | 4 | 128 ]
[ 128 | 0 | -1< | 0 | 0 | -1 | 0 | 0 | -1 | >63 | 0 | -1 | 0 | 0 | -1 | 0 | 0 | -1 | 0 | 0 | -1 | 0 | 0 | 4 | 128 ]
[ 128 | 0< | -1 | 0 | 0 | -1 | 0 | 0 | -1 | >64 | 0 | -1 | 0 | 0 | -1 | 0 | 0 | -1 | 0 | 0 | -1 | 0 | 0 | 4 | 128 ]
[ 128 | 0< | -1 | 0 | 0 | -1 | 0 | 0 | -1 | >65 | 0 | -1 | 0 | 0 | -1 | 0 | 0 | -1 | 0 | 0 | -1 | 0 | 0 | 4 | 128 ]
[ 128 | 0< | -1 | 0 | 0 | -1 | 0 | 0 | -1 | >66 | 0 | -1 | 0 | 0 | -1 | 0 | 0 | -1 | 0 | 0 | -1 | 0 | 0 | 4 | 128 ]
[ 128 | 0< | -1 | 0 | 0 | -1 | 0 | 0 | -1 | >67 | 0 | -1 | 0 | 0 | -1 | 0 | 0 | -1 | 0 | 0 | -1 | 0 | 0 | 4 | 128 ]
[ 128< | 0 | -1 | 0 | 0 | -1 | 0 | 0 | -1 | >68 | 0 | -1 | 0 | 0 | -1 | 0 | 0 | -1 | 0 | 0 | -1 | 0 | 0 | 4 | 128 ]
[ 128 | 0 | -1 | 0 | 0 | -1 | 0 | 0 | -1 | >69 | 0 | -1 | 0 | 0 | -1 | 0 | 0 | -1 | 0 | 0 | -1 | 0 | 0 | 4 | 128< ]

===== WallE won the battle after 78 cycles =====



===== Starting battle of <WallE> vs <PrussianRoulette> with memory tape size: 12 =====

[ >128 | 0 | 0 | 0 | 0 | 0 | 0 | 0 | 0 | 0 | 0 | 128< ]
[ 128 | >0 | 0 | 0 | 0 | 0 | 0 | 0 | 0 | 0 | 0< | 128 ]
[ 128 | 0 | >0 | 0 | 0 | 0 | 0 | 0 | 0 | 0 | 1< | 128 ]
[ 128 | 0 | 0 | >0 | 0 | 0 | 0 | 0 | 0 | 0 | 2< | 128 ]
[ 128 | 0 | 0 | 0 | >0 | 0 | 0 | 0 | 0 | 0 | 3< | 128 ]
[ 128 | 0 | 0 | 0 | 0 | >0 | 0 | 0 | 0 | 0 | 4< | 128 ]
[ 128 | 0 | 0 | 0 | 0 | 0 | >0 | 0 | 0 | 0 | 5< | 128 ]
[ 128 | 0 | 0 | 0 | 0 | 0 | 0 | >0 | 0 | 0 | 4< | 128 ]
[ 128 | 0 | 0 | 0 | 0 | 0 | 0 | 0 | >0 | 0 | 4< | 128 ]
[ 128 | 0 | 0 | 0 | 0 | 0 | 0 | 0 | 0 | >0 | 4< | 128 ]
[ 128 | 0 | 0 | 0 | 0 | 0 | 0 | 0 | 0 | >1< | 4 | 128 ]
[ 128 | 0 | 0 | 0 | 0 | 0 | 0 | 0 | 0 | >2< | 4 | 128 ]
[ 128 | 0 | 0 | 0 | 0 | 0 | 0 | 0 | 0 | >3< | 4 | 128 ]
[ 128 | 0 | 0 | 0 | 0 | 0 | 0 | 0 | 0< | >4 | 4 | 128 ]
[ 128 | 0 | 0 | 0 | 0 | 0 | 0 | 0 | -1< | >5 | 4 | 128 ]
[ 128 | 0 | 0 | 0 | 0 | 0 | 0 | 0 | -2< | >6 | 4 | 128 ]
[ 128 | 0 | 0 | 0 | 0 | 0 | 0 | 0 | -3< | >7 | 4 | 128 ]
[ 128 | 0 | 0 | 0 | 0 | 0 | 0 | 0 | -4< | >8 | 4 | 128 ]
[ 128 | 0 | 0 | 0 | 0 | 0 | 0 | 0 | -5< | >9 | 4 | 128 ]
[ 128 | 0 | 0 | 0 | 0 | 0 | 0 | 0 | -6< | >10 | 4 | 128 ]
[ 128 | 0 | 0 | 0 | 0 | 0 | 0 | 0 | -7< | >11 | 4 | 128 ]
[ 128 | 0 | 0 | 0 | 0 | 0 | 0 | 0 | -8< | >12 | 4 | 128 ]
[ 128 | 0 | 0 | 0 | 0 | 0 | 0 | 0 | -9< | >13 | 4 | 128 ]
[ 128 | 0 | 0 | 0 | 0 | 0 | 0 | 0 | -10< | >14 | 4 | 128 ]
[ 128 | 0 | 0 | 0 | 0 | 0 | 0 | 0 | -10< | >15 | 4 | 128 ]
[ 128 | 0 | 0 | 0 | 0 | 0 | 0 | 0< | -10 | >16 | 4 | 128 ]
[ 128 | 0 | 0 | 0 | 0 | 0 | 0 | -1< | -10 | >17 | 4 | 128 ]
[ 128 | 0 | 0 | 0 | 0 | 0 | 0 | -2< | -10 | >18 | 4 | 128 ]
[ 128 | 0 | 0 | 0 | 0 | 0 | 0 | -3< | -10 | >19 | 4 | 128 ]
[ 128 | 0 | 0 | 0 | 0 | 0 | 0 | -4< | -10 | >20 | 4 | 128 ]
[ 128 | 0 | 0 | 0 | 0 | 0 | 0 | -5< | -10 | >21 | 4 | 128 ]
[ 128 | 0 | 0 | 0 | 0 | 0 | 0 | -6< | -10 | >22 | 4 | 128 ]
[ 128 | 0 | 0 | 0 | 0 | 0 | 0 | -7< | -10 | >23 | 4 | 128 ]
[ 128 | 0 | 0 | 0 | 0 | 0 | 0 | -8< | -10 | >24 | 4 | 128 ]
[ 128 | 0 | 0 | 0 | 0 | 0 | 0 | -9< | -10 | >25 | 4 | 128 ]
[ 128 | 0 | 0 | 0 | 0 | 0 | 0 | -10< | -10 | >26 | 4 | 128 ]
[ 128 | 0 | 0 | 0 | 0 | 0 | 0 | -10< | -10 | >27 | 4 | 128 ]
[ 128 | 0 | 0 | 0 | 0 | 0 | 0< | -10 | -10 | >28 | 4 | 128 ]
[ 128 | 0 | 0 | 0 | 0 | 0 | -1< | -10 | -10 | >29 | 4 | 128 ]
[ 128 | 0 | 0 | 0 | 0 | 0 | -2< | -10 | -10 | >30 | 4 | 128 ]
[ 128 | 0 | 0 | 0 | 0 | 0 | -3< | -10 | -10 | >31 | 4 | 128 ]
[ 128 | 0 | 0 | 0 | 0 | 0 | -4< | -10 | -10 | >32 | 4 | 128 ]
[ 128 | 0 | 0 | 0 | 0 | 0 | -5< | -10 | -10 | >33 | 4 | 128 ]
[ 128 | 0 | 0 | 0 | 0 | 0 | -6< | -10 | -10 | >34 | 4 | 128 ]
[ 128 | 0 | 0 | 0 | 0 | 0 | -7< | -10 | -10 | >35 | 4 | 128 ]
[ 128 | 0 | 0 | 0 | 0 | 0 | -8< | -10 | -10 | >36 | 4 | 128 ]
[ 128 | 0 | 0 | 0 | 0 | 0 | -9< | -10 | -10 | >37 | 4 | 128 ]
[ 128 | 0 | 0 | 0 | 0 | 0 | -10< | -10 | -10 | >38 | 4 | 128 ]
[ 128 | 0 | 0 | 0 | 0 | 0 | -10< | -10 | -10 | >39 | 4 | 128 ]
[ 128 | 0 | 0 | 0 | 0 | 0< | -10 | -10 | -10 | >40 | 4 | 128 ]
[ 128 | 0 | 0 | 0 | 0 | -1< | -10 | -10 | -10 | >41 | 4 | 128 ]
[ 128 | 0 | 0 | 0 | 0 | -2< | -10 | -10 | -10 | >42 | 4 | 128 ]
[ 128 | 0 | 0 | 0 | 0 | -3< | -10 | -10 | -10 | >43 | 4 | 128 ]
[ 128 | 0 | 0 | 0 | 0 | -4< | -10 | -10 | -10 | >44 | 4 | 128 ]
[ 128 | 0 | 0 | 0 | 0 | -5< | -10 | -10 | -10 | >45 | 4 | 128 ]
[ 128 | 0 | 0 | 0 | 0 | -6< | -10 | -10 | -10 | >46 | 4 | 128 ]
[ 128 | 0 | 0 | 0 | 0 | -7< | -10 | -10 | -10 | >47 | 4 | 128 ]
[ 128 | 0 | 0 | 0 | 0 | -8< | -10 | -10 | -10 | >48 | 4 | 128 ]
[ 128 | 0 | 0 | 0 | 0 | -9< | -10 | -10 | -10 | >49 | 4 | 128 ]
[ 128 | 0 | 0 | 0 | 0 | -10< | -10 | -10 | -10 | >50 | 4 | 128 ]
[ 128 | 0 | 0 | 0 | 0 | -10< | -10 | -10 | -10 | >51 | 4 | 128 ]
[ 128 | 0 | 0 | 0 | 0< | -10 | -10 | -10 | -10 | >52 | 4 | 128 ]
[ 128 | 0 | 0 | 0 | -1< | -10 | -10 | -10 | -10 | >53 | 4 | 128 ]
[ 128 | 0 | 0 | 0 | -2< | -10 | -10 | -10 | -10 | >54 | 4 | 128 ]
[ 128 | 0 | 0 | 0 | -3< | -10 | -10 | -10 | -10 | >55 | 4 | 128 ]
[ 128 | 0 | 0 | 0 | -4< | -10 | -10 | -10 | -10 | >56 | 4 | 128 ]
[ 128 | 0 | 0 | 0 | -5< | -10 | -10 | -10 | -10 | >57 | 4 | 128 ]
[ 128 | 0 | 0 | 0 | -6< | -10 | -10 | -10 | -10 | >58 | 4 | 128 ]
[ 128 | 0 | 0 | 0 | -7< | -10 | -10 | -10 | -10 | >59 | 4 | 128 ]
[ 128 | 0 | 0 | 0 | -8< | -10 | -10 | -10 | -10 | >60 | 4 | 128 ]
[ 128 | 0 | 0 | 0 | -9< | -10 | -10 | -10 | -10 | >61 | 4 | 128 ]
[ 128 | 0 | 0 | 0 | -10< | -10 | -10 | -10 | -10 | >62 | 4 | 128 ]
[ 128 | 0 | 0 | 0 | -10< | -10 | -10 | -10 | -10 | >63 | 4 | 128 ]
[ 128 | 0 | 0 | 0< | -10 | -10 | -10 | -10 | -10 | >64 | 4 | 128 ]
[ 128 | 0 | 0 | -1< | -10 | -10 | -10 | -10 | -10 | >65 | 4 | 128 ]
[ 128 | 0 | 0 | -2< | -10 | -10 | -10 | -10 | -10 | >66 | 4 | 128 ]
[ 128 | 0 | 0 | -3< | -10 | -10 | -10 | -10 | -10 | >67 | 4 | 128 ]
[ 128 | 0 | 0 | -4< | -10 | -10 | -10 | -10 | -10 | >68 | 4 | 128 ]
[ 128 | 0 | 0 | -5< | -10 | -10 | -10 | -10 | -10 | >69 | 4 | 128 ]
[ 128 | 0 | 0 | -6< | -10 | -10 | -10 | -10 | -10 | >70 | 4 | 128 ]
[ 128 | 0 | 0 | -7< | -10 | -10 | -10 | -10 | -10 | >71 | 4 | 128 ]
[ 128 | 0 | 0 | -8< | -10 | -10 | -10 | -10 | -10 | >72 | 4 | 128 ]
[ 128 | 0 | 0 | -9< | -10 | -10 | -10 | -10 | -10 | >73 | 4 | 128 ]
[ 128 | 0 | 0 | -10< | -10 | -10 | -10 | -10 | -10 | >74 | 4 | 128 ]
[ 128 | 0 | 0 | -10< | -10 | -10 | -10 | -10 | -10 | >75 | 4 | 128 ]
[ 128 | 0 | 0< | -10 | -10 | -10 | -10 | -10 | -10 | >76 | 4 | 128 ]
[ 128 | 0 | -1< | -10 | -10 | -10 | -10 | -10 | -10 | >77 | 4 | 128 ]
[ 128 | 0 | -2< | -10 | -10 | -10 | -10 | -10 | -10 | >78 | 4 | 128 ]
[ 128 | 0 | -3< | -10 | -10 | -10 | -10 | -10 | -10 | >79 | 4 | 128 ]
[ 128 | 0 | -4< | -10 | -10 | -10 | -10 | -10 | -10 | >80 | 4 | 128 ]
[ 128 | 0 | -5< | -10 | -10 | -10 | -10 | -10 | -10 | >81 | 4 | 128 ]
[ 128 | 0 | -6< | -10 | -10 | -10 | -10 | -10 | -10 | >82 | 4 | 128 ]
[ 128 | 0 | -7< | -10 | -10 | -10 | -10 | -10 | -10 | >83 | 4 | 128 ]
[ 128 | 0 | -8< | -10 | -10 | -10 | -10 | -10 | -10 | >84 | 4 | 128 ]
[ 128 | 0 | -9< | -10 | -10 | -10 | -10 | -10 | -10 | >85 | 4 | 128 ]
[ 128 | 0 | -10< | -10 | -10 | -10 | -10 | -10 | -10 | >86 | 4 | 128 ]
[ 128 | 0 | -10< | -10 | -10 | -10 | -10 | -10 | -10 | >87 | 4 | 128 ]
[ 128 | 0< | -10 | -10 | -10 | -10 | -10 | -10 | -10 | >88 | 4 | 128 ]
[ 128 | -1< | -10 | -10 | -10 | -10 | -10 | -10 | -10 | >89 | 4 | 128 ]
[ 128 | -2< | -10 | -10 | -10 | -10 | -10 | -10 | -10 | >90 | 4 | 128 ]
[ 128 | -3< | -10 | -10 | -10 | -10 | -10 | -10 | -10 | >91 | 4 | 128 ]
[ 128 | -4< | -10 | -10 | -10 | -10 | -10 | -10 | -10 | >92 | 4 | 128 ]
[ 128 | -5< | -10 | -10 | -10 | -10 | -10 | -10 | -10 | >93 | 4 | 128 ]
[ 128 | -6< | -10 | -10 | -10 | -10 | -10 | -10 | -10 | >94 | 4 | 128 ]
[ 128 | -7< | -10 | -10 | -10 | -10 | -10 | -10 | -10 | >95 | 4 | 128 ]
[ 128 | -8< | -10 | -10 | -10 | -10 | -10 | -10 | -10 | >96 | 4 | 128 ]
[ 128 | -9< | -10 | -10 | -10 | -10 | -10 | -10 | -10 | >97 | 4 | 128 ]
[ 128 | -10< | -10 | -10 | -10 | -10 | -10 | -10 | -10 | >98 | 4 | 128 ]
[ 128 | -10< | -10 | -10 | -10 | -10 | -10 | -10 | -10 | >99 | 4 | 128 ]
[ 128< | -10 | -10 | -10 | -10 | -10 | -10 | -10 | -10 | >100 | 4 | 128 ]
[ 127< | -10 | -10 | -10 | -10 | -10 | -10 | -10 | -10 | >101 | 4 | 128 ]
[ 126< | -10 | -10 | -10 | -10 | -10 | -10 | -10 | -10 | >102 | 4 | 128 ]
[ 125< | -10 | -10 | -10 | -10 | -10 | -10 | -10 | -10 | >103 | 4 | 128 ]
[ 124< | -10 | -10 | -10 | -10 | -10 | -10 | -10 | -10 | >104 | 4 | 128 ]
[ 123< | -10 | -10 | -10 | -10 | -10 | -10 | -10 | -10 | >105 | 4 | 128 ]
[ 122< | -10 | -10 | -10 | -10 | -10 | -10 | -10 | -10 | >106 | 4 | 128 ]
[ 121< | -10 | -10 | -10 | -10 | -10 | -10 | -10 | -10 | >107 | 4 | 128 ]
[ 120< | -10 | -10 | -10 | -10 | -10 | -10 | -10 | -10 | >108 | 4 | 128 ]
[ 119< | -10 | -10 | -10 | -10 | -10 | -10 | -10 | -10 | >109 | 4 | 128 ]
[ 118< | -10 | -10 | -10 | -10 | -10 | -10 | -10 | -10 | >110 | 4 | 128 ]
[ 118< | -10 | -10 | -10 | -10 | -10 | -10 | -10 | -10 | >111 | 4 | 128 ]
[ 118 | -10 | -10 | -10 | -10 | -10 | -10 | -10 | -10 | >112 | 4 | 128< ]

===== WallE won the battle after 121 cycles =====



===== Starting battle of <WallE> vs <PrussianRoulette> with memory tape size: 15 =====

[ >128 | 0 | 0 | 0 | 0 | 0 | 0 | 0 | 0 | 0 | 0 | 0 | 0 | 0 | 128< ]
[ 128 | >0 | 0 | 0 | 0 | 0 | 0 | 0 | 0 | 0 | 0 | 0 | 0 | 0< | 128 ]
[ 128 | 0 | >0 | 0 | 0 | 0 | 0 | 0 | 0 | 0 | 0 | 0 | 0 | 1< | 128 ]
[ 128 | 0 | 0 | >0 | 0 | 0 | 0 | 0 | 0 | 0 | 0 | 0 | 0 | 2< | 128 ]
[ 128 | 0 | 0 | 0 | >0 | 0 | 0 | 0 | 0 | 0 | 0 | 0 | 0 | 3< | 128 ]
[ 128 | 0 | 0 | 0 | 0 | >0 | 0 | 0 | 0 | 0 | 0 | 0 | 0 | 4< | 128 ]
[ 128 | 0 | 0 | 0 | 0 | 0 | >0 | 0 | 0 | 0 | 0 | 0 | 0 | 5< | 128 ]
[ 128 | 0 | 0 | 0 | 0 | 0 | 0 | >0 | 0 | 0 | 0 | 0 | 0 | 4< | 128 ]
[ 128 | 0 | 0 | 0 | 0 | 0 | 0 | 0 | >0 | 0 | 0 | 0 | 0 | 4< | 128 ]
[ 128 | 0 | 0 | 0 | 0 | 0 | 0 | 0 | 0 | >0 | 0 | 0 | 0 | 4< | 128 ]
[ 128 | 0 | 0 | 0 | 0 | 0 | 0 | 0 | 0 | >1 | 0 | 0 | 0< | 4 | 128 ]
[ 128 | 0 | 0 | 0 | 0 | 0 | 0 | 0 | 0 | >2 | 0 | 0 | 0< | 4 | 128 ]
[ 128 | 0 | 0 | 0 | 0 | 0 | 0 | 0 | 0 | >3 | 0 | 0 | 0< | 4 | 128 ]
[ 128 | 0 | 0 | 0 | 0 | 0 | 0 | 0 | 0 | >4 | 0 | 0 | 0< | 4 | 128 ]
[ 128 | 0 | 0 | 0 | 0 | 0 | 0 | 0 | 0 | >5 | 0 | 0< | 0 | 4 | 128 ]
[ 128 | 0 | 0 | 0 | 0 | 0 | 0 | 0 | 0 | >6 | 0< | 0 | 0 | 4 | 128 ]
[ 128 | 0 | 0 | 0 | 0 | 0 | 0 | 0 | 0 | >7 | -1< | 0 | 0 | 4 | 128 ]
[ 128 | 0 | 0 | 0 | 0 | 0 | 0 | 0 | 0 | >8 | -1< | 0 | 0 | 4 | 128 ]
[ 128 | 0 | 0 | 0 | 0 | 0 | 0 | 0 | 0 | >9 | -1< | 0 | 0 | 4 | 128 ]
[ 128 | 0 | 0 | 0 | 0 | 0 | 0 | 0 | 0 | >10< | -1 | 0 | 0 | 4 | 128 ]
[ 128 | 0 | 0 | 0 | 0 | 0 | 0 | 0 | 0 | >11< | -1 | 0 | 0 | 4 | 128 ]
[ 128 | 0 | 0 | 0 | 0 | 0 | 0 | 0 | 0 | >12< | -1 | 0 | 0 | 4 | 128 ]
[ 128 | 0 | 0 | 0 | 0 | 0 | 0 | 0 | 0< | >13 | -1 | 0 | 0 | 4 | 128 ]
[ 128 | 0 | 0 | 0 | 0 | 0 | 0 | 0 | -1< | >14 | -1 | 0 | 0 | 4 | 128 ]
[ 128 | 0 | 0 | 0 | 0 | 0 | 0 | 0 | -2< | >15 | -1 | 0 | 0 | 4 | 128 ]
[ 128 | 0 | 0 | 0 | 0 | 0 | 0 | 0 | -3< | >16 | -1 | 0 | 0 | 4 | 128 ]
[ 128 | 0 | 0 | 0 | 0 | 0 | 0 | 0 | -4< | >17 | -1 | 0 | 0 | 4 | 128 ]
[ 128 | 0 | 0 | 0 | 0 | 0 | 0 | 0 | -5< | >18 | -1 | 0 | 0 | 4 | 128 ]
[ 128 | 0 | 0 | 0 | 0 | 0 | 0 | 0 | -6< | >19 | -1 | 0 | 0 | 4 | 128 ]
[ 128 | 0 | 0 | 0 | 0 | 0 | 0 | 0 | -7< | >20 | -1 | 0 | 0 | 4 | 128 ]
[ 128 | 0 | 0 | 0 | 0 | 0 | 0 | 0 | -8< | >21 | -1 | 0 | 0 | 4 | 128 ]
[ 128 | 0 | 0 | 0 | 0 | 0 | 0 | 0 | -9< | >22 | -1 | 0 | 0 | 4 | 128 ]
[ 128 | 0 | 0 | 0 | 0 | 0 | 0 | 0 | -10< | >23 | -1 | 0 | 0 | 4 | 128 ]
[ 128 | 0 | 0 | 0 | 0 | 0 | 0 | 0 | -10< | >24 | -1 | 0 | 0 | 4 | 128 ]
[ 128 | 0 | 0 | 0 | 0 | 0 | 0 | 0< | -10 | >25 | -1 | 0 | 0 | 4 | 128 ]
[ 128 | 0 | 0 | 0 | 0 | 0 | 0 | -1< | -10 | >26 | -1 | 0 | 0 | 4 | 128 ]
[ 128 | 0 | 0 | 0 | 0 | 0 | 0 | -2< | -10 | >27 | -1 | 0 | 0 | 4 | 128 ]
[ 128 | 0 | 0 | 0 | 0 | 0 | 0 | -3< | -10 | >28 | -1 | 0 | 0 | 4 | 128 ]
[ 128 | 0 | 0 | 0 | 0 | 0 | 0 | -4< | -10 | >29 | -1 | 0 | 0 | 4 | 128 ]
[ 128 | 0 | 0 | 0 | 0 | 0 | 0 | -5< | -10 | >30 | -1 | 0 | 0 | 4 | 128 ]
[ 128 | 0 | 0 | 0 | 0 | 0 | 0 | -6< | -10 | >31 | -1 | 0 | 0 | 4 | 128 ]
[ 128 | 0 | 0 | 0 | 0 | 0 | 0 | -7< | -10 | >32 | -1 | 0 | 0 | 4 | 128 ]
[ 128 | 0 | 0 | 0 | 0 | 0 | 0 | -8< | -10 | >33 | -1 | 0 | 0 | 4 | 128 ]
[ 128 | 0 | 0 | 0 | 0 | 0 | 0 | -9< | -10 | >34 | -1 | 0 | 0 | 4 | 128 ]
[ 128 | 0 | 0 | 0 | 0 | 0 | 0 | -10< | -10 | >35 | -1 | 0 | 0 | 4 | 128 ]
[ 128 | 0 | 0 | 0 | 0 | 0 | 0 | -10< | -10 | >36 | -1 | 0 | 0 | 4 | 128 ]
[ 128 | 0 | 0 | 0 | 0 | 0 | 0< | -10 | -10 | >37 | -1 | 0 | 0 | 4 | 128 ]
[ 128 | 0 | 0 | 0 | 0 | 0 | -1< | -10 | -10 | >38 | -1 | 0 | 0 | 4 | 128 ]
[ 128 | 0 | 0 | 0 | 0 | 0 | -2< | -10 | -10 | >39 | -1 | 0 | 0 | 4 | 128 ]
[ 128 | 0 | 0 | 0 | 0 | 0 | -3< | -10 | -10 | >40 | -1 | 0 | 0 | 4 | 128 ]
[ 128 | 0 | 0 | 0 | 0 | 0 | -4< | -10 | -10 | >41 | -1 | 0 | 0 | 4 | 128 ]
[ 128 | 0 | 0 | 0 | 0 | 0 | -5< | -10 | -10 | >42 | -1 | 0 | 0 | 4 | 128 ]
[ 128 | 0 | 0 | 0 | 0 | 0 | -6< | -10 | -10 | >43 | -1 | 0 | 0 | 4 | 128 ]
[ 128 | 0 | 0 | 0 | 0 | 0 | -7< | -10 | -10 | >44 | -1 | 0 | 0 | 4 | 128 ]
[ 128 | 0 | 0 | 0 | 0 | 0 | -8< | -10 | -10 | >45 | -1 | 0 | 0 | 4 | 128 ]
[ 128 | 0 | 0 | 0 | 0 | 0 | -9< | -10 | -10 | >46 | -1 | 0 | 0 | 4 | 128 ]
[ 128 | 0 | 0 | 0 | 0 | 0 | -10< | -10 | -10 | >47 | -1 | 0 | 0 | 4 | 128 ]
[ 128 | 0 | 0 | 0 | 0 | 0 | -10< | -10 | -10 | >48 | -1 | 0 | 0 | 4 | 128 ]
[ 128 | 0 | 0 | 0 | 0 | 0< | -10 | -10 | -10 | >49 | -1 | 0 | 0 | 4 | 128 ]
[ 128 | 0 | 0 | 0 | 0 | -1< | -10 | -10 | -10 | >50 | -1 | 0 | 0 | 4 | 128 ]
[ 128 | 0 | 0 | 0 | 0 | -2< | -10 | -10 | -10 | >51 | -1 | 0 | 0 | 4 | 128 ]
[ 128 | 0 | 0 | 0 | 0 | -3< | -10 | -10 | -10 | >52 | -1 | 0 | 0 | 4 | 128 ]
[ 128 | 0 | 0 | 0 | 0 | -4< | -10 | -10 | -10 | >53 | -1 | 0 | 0 | 4 | 128 ]
[ 128 | 0 | 0 | 0 | 0 | -5< | -10 | -10 | -10 | >54 | -1 | 0 | 0 | 4 | 128 ]
[ 128 | 0 | 0 | 0 | 0 | -6< | -10 | -10 | -10 | >55 | -1 | 0 | 0 | 4 | 128 ]
[ 128 | 0 | 0 | 0 | 0 | -7< | -10 | -10 | -10 | >56 | -1 | 0 | 0 | 4 | 128 ]
[ 128 | 0 | 0 | 0 | 0 | -8< | -10 | -10 | -10 | >57 | -1 | 0 | 0 | 4 | 128 ]
[ 128 | 0 | 0 | 0 | 0 | -9< | -10 | -10 | -10 | >58 | -1 | 0 | 0 | 4 | 128 ]
[ 128 | 0 | 0 | 0 | 0 | -10< | -10 | -10 | -10 | >59 | -1 | 0 | 0 | 4 | 128 ]
[ 128 | 0 | 0 | 0 | 0 | -10< | -10 | -10 | -10 | >60 | -1 | 0 | 0 | 4 | 128 ]
[ 128 | 0 | 0 | 0 | 0< | -10 | -10 | -10 | -10 | >61 | -1 | 0 | 0 | 4 | 128 ]
[ 128 | 0 | 0 | 0 | -1< | -10 | -10 | -10 | -10 | >62 | -1 | 0 | 0 | 4 | 128 ]
[ 128 | 0 | 0 | 0 | -2< | -10 | -10 | -10 | -10 | >63 | -1 | 0 | 0 | 4 | 128 ]
[ 128 | 0 | 0 | 0 | -3< | -10 | -10 | -10 | -10 | >64 | -1 | 0 | 0 | 4 | 128 ]
[ 128 | 0 | 0 | 0 | -4< | -10 | -10 | -10 | -10 | >65 | -1 | 0 | 0 | 4 | 128 ]
[ 128 | 0 | 0 | 0 | -5< | -10 | -10 | -10 | -10 | >66 | -1 | 0 | 0 | 4 | 128 ]
[ 128 | 0 | 0 | 0 | -6< | -10 | -10 | -10 | -10 | >67 | -1 | 0 | 0 | 4 | 128 ]
[ 128 | 0 | 0 | 0 | -7< | -10 | -10 | -10 | -10 | >68 | -1 | 0 | 0 | 4 | 128 ]
[ 128 | 0 | 0 | 0 | -8< | -10 | -10 | -10 | -10 | >69 | -1 | 0 | 0 | 4 | 128 ]
[ 128 | 0 | 0 | 0 | -9< | -10 | -10 | -10 | -10 | >70 | -1 | 0 | 0 | 4 | 128 ]
[ 128 | 0 | 0 | 0 | -10< | -10 | -10 | -10 | -10 | >71 | -1 | 0 | 0 | 4 | 128 ]
[ 128 | 0 | 0 | 0 | -10< | -10 | -10 | -10 | -10 | >72 | -1 | 0 | 0 | 4 | 128 ]
[ 128 | 0 | 0 | 0< | -10 | -10 | -10 | -10 | -10 | >73 | -1 | 0 | 0 | 4 | 128 ]
[ 128 | 0 | 0 | -1< | -10 | -10 | -10 | -10 | -10 | >74 | -1 | 0 | 0 | 4 | 128 ]
[ 128 | 0 | 0 | -2< | -10 | -10 | -10 | -10 | -10 | >75 | -1 | 0 | 0 | 4 | 128 ]
[ 128 | 0 | 0 | -3< | -10 | -10 | -10 | -10 | -10 | >76 | -1 | 0 | 0 | 4 | 128 ]
[ 128 | 0 | 0 | -4< | -10 | -10 | -10 | -10 | -10 | >77 | -1 | 0 | 0 | 4 | 128 ]
[ 128 | 0 | 0 | -5< | -10 | -10 | -10 | -10 | -10 | >78 | -1 | 0 | 0 | 4 | 128 ]
[ 128 | 0 | 0 | -6< | -10 | -10 | -10 | -10 | -10 | >79 | -1 | 0 | 0 | 4 | 128 ]
[ 128 | 0 | 0 | -7< | -10 | -10 | -10 | -10 | -10 | >80 | -1 | 0 | 0 | 4 | 128 ]
[ 128 | 0 | 0 | -8< | -10 | -10 | -10 | -10 | -10 | >81 | -1 | 0 | 0 | 4 | 128 ]
[ 128 | 0 | 0 | -9< | -10 | -10 | -10 | -10 | -10 | >82 | -1 | 0 | 0 | 4 | 128 ]
[ 128 | 0 | 0 | -10< | -10 | -10 | -10 | -10 | -10 | >83 | -1 | 0 | 0 | 4 | 128 ]
[ 128 | 0 | 0 | -10< | -10 | -10 | -10 | -10 | -10 | >84 | -1 | 0 | 0 | 4 | 128 ]
[ 128 | 0 | 0< | -10 | -10 | -10 | -10 | -10 | -10 | >85 | -1 | 0 | 0 | 4 | 128 ]
[ 128 | 0 | -1< | -10 | -10 | -10 | -10 | -10 | -10 | >86 | -1 | 0 | 0 | 4 | 128 ]
[ 128 | 0 | -2< | -10 | -10 | -10 | -10 | -10 | -10 | >87 | -1 | 0 | 0 | 4 | 128 ]
[ 128 | 0 | -3< | -10 | -10 | -10 | -10 | -10 | -10 | >88 | -1 | 0 | 0 | 4 | 128 ]
[ 128 | 0 | -4< | -10 | -10 | -10 | -10 | -10 | -10 | >89 | -1 | 0 | 0 | 4 | 128 ]
[ 128 | 0 | -5< | -10 | -10 | -10 | -10 | -10 | -10 | >90 | -1 | 0 | 0 | 4 | 128 ]
[ 128 | 0 | -6< | -10 | -10 | -10 | -10 | -10 | -10 | >91 | -1 | 0 | 0 | 4 | 128 ]
[ 128 | 0 | -7< | -10 | -10 | -10 | -10 | -10 | -10 | >92 | -1 | 0 | 0 | 4 | 128 ]
[ 128 | 0 | -8< | -10 | -10 | -10 | -10 | -10 | -10 | >93 | -1 | 0 | 0 | 4 | 128 ]
[ 128 | 0 | -9< | -10 | -10 | -10 | -10 | -10 | -10 | >94 | -1 | 0 | 0 | 4 | 128 ]
[ 128 | 0 | -10< | -10 | -10 | -10 | -10 | -10 | -10 | >95 | -1 | 0 | 0 | 4 | 128 ]
[ 128 | 0 | -10< | -10 | -10 | -10 | -10 | -10 | -10 | >96 | -1 | 0 | 0 | 4 | 128 ]
[ 128 | 0< | -10 | -10 | -10 | -10 | -10 | -10 | -10 | >97 | -1 | 0 | 0 | 4 | 128 ]
[ 128 | -1< | -10 | -10 | -10 | -10 | -10 | -10 | -10 | >98 | -1 | 0 | 0 | 4 | 128 ]
[ 128 | -2< | -10 | -10 | -10 | -10 | -10 | -10 | -10 | >99 | -1 | 0 | 0 | 4 | 128 ]
[ 128 | -3< | -10 | -10 | -10 | -10 | -10 | -10 | -10 | >100 | -1 | 0 | 0 | 4 | 128 ]
[ 128 | -4< | -10 | -10 | -10 | -10 | -10 | -10 | -10 | >101 | -1 | 0 | 0 | 4 | 128 ]
[ 128 | -5< | -10 | -10 | -10 | -10 | -10 | -10 | -10 | >102 | -1 | 0 | 0 | 4 | 128 ]
[ 128 | -6< | -10 | -10 | -10 | -10 | -10 | -10 | -10 | >103 | -1 | 0 | 0 | 4 | 128 ]
[ 128 | -7< | -10 | -10 | -10 | -10 | -10 | -10 | -10 | >104 | -1 | 0 | 0 | 4 | 128 ]
[ 128 | -8< | -10 | -10 | -10 | -10 | -10 | -10 | -10 | >105 | -1 | 0 | 0 | 4 | 128 ]
[ 128 | -9< | -10 | -10 | -10 | -10 | -10 | -10 | -10 | >106 | -1 | 0 | 0 | 4 | 128 ]
[ 128 | -10< | -10 | -10 | -10 | -10 | -10 | -10 | -10 | >107 | -1 | 0 | 0 | 4 | 128 ]
[ 128 | -10< | -10 | -10 | -10 | -10 | -10 | -10 | -10 | >108 | -1 | 0 | 0 | 4 | 128 ]
[ 128< | -10 | -10 | -10 | -10 | -10 | -10 | -10 | -10 | >109 | -1 | 0 | 0 | 4 | 128 ]
[ 127< | -10 | -10 | -10 | -10 | -10 | -10 | -10 | -10 | >110 | -1 | 0 | 0 | 4 | 128 ]
[ 126< | -10 | -10 | -10 | -10 | -10 | -10 | -10 | -10 | >111 | -1 | 0 | 0 | 4 | 128 ]
[ 125< | -10 | -10 | -10 | -10 | -10 | -10 | -10 | -10 | >112 | -1 | 0 | 0 | 4 | 128 ]
[ 124< | -10 | -10 | -10 | -10 | -10 | -10 | -10 | -10 | >113 | -1 | 0 | 0 | 4 | 128 ]
[ 123< | -10 | -10 | -10 | -10 | -10 | -10 | -10 | -10 | >114 | -1 | 0 | 0 | 4 | 128 ]
[ 122< | -10 | -10 | -10 | -10 | -10 | -10 | -10 | -10 | >115 | -1 | 0 | 0 | 4 | 128 ]
[ 121< | -10 | -10 | -10 | -10 | -10 | -10 | -10 | -10 | >116 | -1 | 0 | 0 | 4 | 128 ]
[ 120< | -10 | -10 | -10 | -10 | -10 | -10 | -10 | -10 | >117 | -1 | 0 | 0 | 4 | 128 ]
[ 119< | -10 | -10 | -10 | -10 | -10 | -10 | -10 | -10 | >118 | -1 | 0 | 0 | 4 | 128 ]
[ 118< | -10 | -10 | -10 | -10 | -10 | -10 | -10 | -10 | >119 | -1 | 0 | 0 | 4 | 128 ]
[ 118< | -10 | -10 | -10 | -10 | -10 | -10 | -10 | -10 | >120 | -1 | 0 | 0 | 4 | 128 ]
[ 118 | -10 | -10 | -10 | -10 | -10 | -10 | -10 | -10 | >121 | -1 | 0 | 0 | 4 | 128< ]

===== WallE won the battle after 130 cycles =====



===== Starting battle of <WallE> vs <PrussianRoulette> with memory tape size: 23 =====

[ >128 | 0 | 0 | 0 | 0 | 0 | 0 | 0 | 0 | 0 | 0 | 0 | 0 | 0 | 0 | 0 | 0 | 0 | 0 | 0 | 0 | 0 | 128< ]
[ 128 | >0 | 0 | 0 | 0 | 0 | 0 | 0 | 0 | 0 | 0 | 0 | 0 | 0 | 0 | 0 | 0 | 0 | 0 | 0 | 0 | 0< | 128 ]
[ 128 | 0 | >0 | 0 | 0 | 0 | 0 | 0 | 0 | 0 | 0 | 0 | 0 | 0 | 0 | 0 | 0 | 0 | 0 | 0 | 0 | 1< | 128 ]
[ 128 | 0 | 0 | >0 | 0 | 0 | 0 | 0 | 0 | 0 | 0 | 0 | 0 | 0 | 0 | 0 | 0 | 0 | 0 | 0 | 0 | 2< | 128 ]
[ 128 | 0 | 0 | 0 | >0 | 0 | 0 | 0 | 0 | 0 | 0 | 0 | 0 | 0 | 0 | 0 | 0 | 0 | 0 | 0 | 0 | 3< | 128 ]
[ 128 | 0 | 0 | 0 | 0 | >0 | 0 | 0 | 0 | 0 | 0 | 0 | 0 | 0 | 0 | 0 | 0 | 0 | 0 | 0 | 0 | 4< | 128 ]
[ 128 | 0 | 0 | 0 | 0 | 0 | >0 | 0 | 0 | 0 | 0 | 0 | 0 | 0 | 0 | 0 | 0 | 0 | 0 | 0 | 0 | 5< | 128 ]
[ 128 | 0 | 0 | 0 | 0 | 0 | 0 | >0 | 0 | 0 | 0 | 0 | 0 | 0 | 0 | 0 | 0 | 0 | 0 | 0 | 0 | 4< | 128 ]
[ 128 | 0 | 0 | 0 | 0 | 0 | 0 | 0 | >0 | 0 | 0 | 0 | 0 | 0 | 0 | 0 | 0 | 0 | 0 | 0 | 0 | 4< | 128 ]
[ 128 | 0 | 0 | 0 | 0 | 0 | 0 | 0 | 0 | >0 | 0 | 0 | 0 | 0 | 0 | 0 | 0 | 0 | 0 | 0 | 0 | 4< | 128 ]
[ 128 | 0 | 0 | 0 | 0 | 0 | 0 | 0 | 0 | >1 | 0 | 0 | 0 | 0 | 0 | 0 | 0 | 0 | 0 | 0 | 0< | 4 | 128 ]
[ 128 | 0 | 0 | 0 | 0 | 0 | 0 | 0 | 0 | >2 | 0 | 0 | 0 | 0 | 0 | 0 | 0 | 0 | 0 | 0 | 0< | 4 | 128 ]
[ 128 | 0 | 0 | 0 | 0 | 0 | 0 | 0 | 0 | >3 | 0 | 0 | 0 | 0 | 0 | 0 | 0 | 0 | 0 | 0 | 0< | 4 | 128 ]
[ 128 | 0 | 0 | 0 | 0 | 0 | 0 | 0 | 0 | >4 | 0 | 0 | 0 | 0 | 0 | 0 | 0 | 0 | 0 | 0 | 0< | 4 | 128 ]
[ 128 | 0 | 0 | 0 | 0 | 0 | 0 | 0 | 0 | >5 | 0 | 0 | 0 | 0 | 0 | 0 | 0 | 0 | 0 | 0< | 0 | 4 | 128 ]
[ 128 | 0 | 0 | 0 | 0 | 0 | 0 | 0 | 0 | >6 | 0 | 0 | 0 | 0 | 0 | 0 | 0 | 0 | 0< | 0 | 0 | 4 | 128 ]
[ 128 | 0 | 0 | 0 | 0 | 0 | 0 | 0 | 0 | >7 | 0 | 0 | 0 | 0 | 0 | 0 | 0 | 0 | -1< | 0 | 0 | 4 | 128 ]
[ 128 | 0 | 0 | 0 | 0 | 0 | 0 | 0 | 0 | >8 | 0 | 0 | 0 | 0 | 0 | 0 | 0 | 0 | -1< | 0 | 0 | 4 | 128 ]
[ 128 | 0 | 0 | 0 | 0 | 0 | 0 | 0 | 0 | >9 | 0 | 0 | 0 | 0 | 0 | 0 | 0 | 0 | -1< | 0 | 0 | 4 | 128 ]
[ 128 | 0 | 0 | 0 | 0 | 0 | 0 | 0 | 0 | >10 | 0 | 0 | 0 | 0 | 0 | 0 | 0 | 0< | -1 | 0 | 0 | 4 | 128 ]
[ 128 | 0 | 0 | 0 | 0 | 0 | 0 | 0 | 0 | >11 | 0 | 0 | 0 | 0 | 0 | 0 | 0 | 0< | -1 | 0 | 0 | 4 | 128 ]
[ 128 | 0 | 0 | 0 | 0 | 0 | 0 | 0 | 0 | >12 | 0 | 0 | 0 | 0 | 0 | 0 | 0 | 0< | -1 | 0 | 0 | 4 | 128 ]
[ 128 | 0 | 0 | 0 | 0 | 0 | 0 | 0 | 0 | >13 | 0 | 0 | 0 | 0 | 0 | 0 | 0 | 0< | -1 | 0 | 0 | 4 | 128 ]
[ 128 | 0 | 0 | 0 | 0 | 0 | 0 | 0 | 0 | >14 | 0 | 0 | 0 | 0 | 0 | 0 | 0< | 0 | -1 | 0 | 0 | 4 | 128 ]
[ 128 | 0 | 0 | 0 | 0 | 0 | 0 | 0 | 0 | >15 | 0 | 0 | 0 | 0 | 0 | 0< | 0 | 0 | -1 | 0 | 0 | 4 | 128 ]
[ 128 | 0 | 0 | 0 | 0 | 0 | 0 | 0 | 0 | >16 | 0 | 0 | 0 | 0 | 0 | -1< | 0 | 0 | -1 | 0 | 0 | 4 | 128 ]
[ 128 | 0 | 0 | 0 | 0 | 0 | 0 | 0 | 0 | >17 | 0 | 0 | 0 | 0 | 0 | -1< | 0 | 0 | -1 | 0 | 0 | 4 | 128 ]
[ 128 | 0 | 0 | 0 | 0 | 0 | 0 | 0 | 0 | >18 | 0 | 0 | 0 | 0 | 0 | -1< | 0 | 0 | -1 | 0 | 0 | 4 | 128 ]
[ 128 | 0 | 0 | 0 | 0 | 0 | 0 | 0 | 0 | >19 | 0 | 0 | 0 | 0 | 0< | -1 | 0 | 0 | -1 | 0 | 0 | 4 | 128 ]
[ 128 | 0 | 0 | 0 | 0 | 0 | 0 | 0 | 0 | >20 | 0 | 0 | 0 | 0 | 0< | -1 | 0 | 0 | -1 | 0 | 0 | 4 | 128 ]
[ 128 | 0 | 0 | 0 | 0 | 0 | 0 | 0 | 0 | >21 | 0 | 0 | 0 | 0 | 0< | -1 | 0 | 0 | -1 | 0 | 0 | 4 | 128 ]
[ 128 | 0 | 0 | 0 | 0 | 0 | 0 | 0 | 0 | >22 | 0 | 0 | 0 | 0 | 0< | -1 | 0 | 0 | -1 | 0 | 0 | 4 | 128 ]
[ 128 | 0 | 0 | 0 | 0 | 0 | 0 | 0 | 0 | >23 | 0 | 0 | 0 | 0< | 0 | -1 | 0 | 0 | -1 | 0 | 0 | 4 | 128 ]
[ 128 | 0 | 0 | 0 | 0 | 0 | 0 | 0 | 0 | >24 | 0 | 0 | 0< | 0 | 0 | -1 | 0 | 0 | -1 | 0 | 0 | 4 | 128 ]
[ 128 | 0 | 0 | 0 | 0 | 0 | 0 | 0 | 0 | >25 | 0 | 0 | -1< | 0 | 0 | -1 | 0 | 0 | -1 | 0 | 0 | 4 | 128 ]
[ 128 | 0 | 0 | 0 | 0 | 0 | 0 | 0 | 0 | >26 | 0 | 0 | -1< | 0 | 0 | -1 | 0 | 0 | -1 | 0 | 0 | 4 | 128 ]
[ 128 | 0 | 0 | 0 | 0 | 0 | 0 | 0 | 0 | >27 | 0 | 0 | -1< | 0 | 0 | -1 | 0 | 0 | -1 | 0 | 0 | 4 | 128 ]
[ 128 | 0 | 0 | 0 | 0 | 0 | 0 | 0 | 0 | >28 | 0 | 0< | -1 | 0 | 0 | -1 | 0 | 0 | -1 | 0 | 0 | 4 | 128 ]
[ 128 | 0 | 0 | 0 | 0 | 0 | 0 | 0 | 0 | >29 | 0 | 0< | -1 | 0 | 0 | -1 | 0 | 0 | -1 | 0 | 0 | 4 | 128 ]
[ 128 | 0 | 0 | 0 | 0 | 0 | 0 | 0 | 0 | >30 | 0 | 0< | -1 | 0 | 0 | -1 | 0 | 0 | -1 | 0 | 0 | 4 | 128 ]
[ 128 | 0 | 0 | 0 | 0 | 0 | 0 | 0 | 0 | >31 | 0 | 0< | -1 | 0 | 0 | -1 | 0 | 0 | -1 | 0 | 0 | 4 | 128 ]
[ 128 | 0 | 0 | 0 | 0 | 0 | 0 | 0 | 0 | >32 | 0< | 0 | -1 | 0 | 0 | -1 | 0 | 0 | -1 | 0 | 0 | 4 | 128 ]
[ 128 | 0 | 0 | 0 | 0 | 0 | 0 | 0 | 0 | >33< | 0 | 0 | -1 | 0 | 0 | -1 | 0 | 0 | -1 | 0 | 0 | 4 | 128 ]
[ 128 | 0 | 0 | 0 | 0 | 0 | 0 | 0 | 0 | >33< | 0 | 0 | -1 | 0 | 0 | -1 | 0 | 0 | -1 | 0 | 0 | 4 | 128 ]
[ 128 | 0 | 0 | 0 | 0 | 0 | 0 | 0 | 0 | >34< | 0 | 0 | -1 | 0 | 0 | -1 | 0 | 0 | -1 | 0 | 0 | 4 | 128 ]
[ 128 | 0 | 0 | 0 | 0 | 0 | 0 | 0 | 0 | >35< | 0 | 0 | -1 | 0 | 0 | -1 | 0 | 0 | -1 | 0 | 0 | 4 | 128 ]
[ 128 | 0 | 0 | 0 | 0 | 0 | 0 | 0 | 0< | >36 | 0 | 0 | -1 | 0 | 0 | -1 | 0 | 0 | -1 | 0 | 0 | 4 | 128 ]
[ 128 | 0 | 0 | 0 | 0 | 0 | 0 | 0 | 0< | >37 | 0 | 0 | -1 | 0 | 0 | -1 | 0 | 0 | -1 | 0 | 0 | 4 | 128 ]
[ 128 | 0 | 0 | 0 | 0 | 0 | 0 | 0 | 0< | >38 | 0 | 0 | -1 | 0 | 0 | -1 | 0 | 0 | -1 | 0 | 0 | 4 | 128 ]
[ 128 | 0 | 0 | 0 | 0 | 0 | 0 | 0 | 0< | >39 | 0 | 0 | -1 | 0 | 0 | -1 | 0 | 0 | -1 | 0 | 0 | 4 | 128 ]
[ 128 | 0 | 0 | 0 | 0 | 0 | 0 | 0< | 0 | >40 | 0 | 0 | -1 | 0 | 0 | -1 | 0 | 0 | -1 | 0 | 0 | 4 | 128 ]
[ 128 | 0 | 0 | 0 | 0 | 0 | 0< | 0 | 0 | >41 | 0 | 0 | -1 | 0 | 0 | -1 | 0 | 0 | -1 | 0 | 0 | 4 | 128 ]
[ 128 | 0 | 0 | 0 | 0 | 0 | -1< | 0 | 0 | >42 | 0 | 0 | -1 | 0 | 0 | -1 | 0 | 0 | -1 | 0 | 0 | 4 | 128 ]
[ 128 | 0 | 0 | 0 | 0 | 0 | -1< | 0 | 0 | >43 | 0 | 0 | -1 | 0 | 0 | -1 | 0 | 0 | -1 | 0 | 0 | 4 | 128 ]
[ 128 | 0 | 0 | 0 | 0 | 0 | -1< | 0 | 0 | >44 | 0 | 0 | -1 | 0 | 0 | -1 | 0 | 0 | -1 | 0 | 0 | 4 | 128 ]
[ 128 | 0 | 0 | 0 | 0 | 0< | -1 | 0 | 0 | >45 | 0 | 0 | -1 | 0 | 0 | -1 | 0 | 0 | -1 | 0 | 0 | 4 | 128 ]
[ 128 | 0 | 0 | 0 | 0 | 0< | -1 | 0 | 0 | >46 | 0 | 0 | -1 | 0 | 0 | -1 | 0 | 0 | -1 | 0 | 0 | 4 | 128 ]
[ 128 | 0 | 0 | 0 | 0 | 0< | -1 | 0 | 0 | >47 | 0 | 0 | -1 | 0 | 0 | -1 | 0 | 0 | -1 | 0 | 0 | 4 | 128 ]
[ 128 | 0 | 0 | 0 | 0 | 0< | -1 | 0 | 0 | >48 | 0 | 0 | -1 | 0 | 0 | -1 | 0 | 0 | -1 | 0 | 0 | 4 | 128 ]
[ 128 | 0 | 0 | 0 | 0< | 0 | -1 | 0 | 0 | >49 | 0 | 0 | -1 | 0 | 0 | -1 | 0 | 0 | -1 | 0 | 0 | 4 | 128 ]
[ 128 | 0 | 0 | 0< | 0 | 0 | -1 | 0 | 0 | >50 | 0 | 0 | -1 | 0 | 0 | -1 | 0 | 0 | -1 | 0 | 0 | 4 | 128 ]
[ 128 | 0 | 0 | -1< | 0 | 0 | -1 | 0 | 0 | >51 | 0 | 0 | -1 | 0 | 0 | -1 | 0 | 0 | -1 | 0 | 0 | 4 | 128 ]
[ 128 | 0 | 0 | -1< | 0 | 0 | -1 | 0 | 0 | >52 | 0 | 0 | -1 | 0 | 0 | -1 | 0 | 0 | -1 | 0 | 0 | 4 | 128 ]
[ 128 | 0 | 0 | -1< | 0 | 0 | -1 | 0 | 0 | >53 | 0 | 0 | -1 | 0 | 0 | -1 | 0 | 0 | -1 | 0 | 0 | 4 | 128 ]
[ 128 | 0 | 0< | -1 | 0 | 0 | -1 | 0 | 0 | >54 | 0 | 0 | -1 | 0 | 0 | -1 | 0 | 0 | -1 | 0 | 0 | 4 | 128 ]
[ 128 | 0 | 0< | -1 | 0 | 0 | -1 | 0 | 0 | >55 | 0 | 0 | -1 | 0 | 0 | -1 | 0 | 0 | -1 | 0 | 0 | 4 | 128 ]
[ 128 | 0 | 0< | -1 | 0 | 0 | -1 | 0 | 0 | >56 | 0 | 0 | -1 | 0 | 0 | -1 | 0 | 0 | -1 | 0 | 0 | 4 | 128 ]
[ 128 | 0 | 0< | -1 | 0 | 0 | -1 | 0 | 0 | >57 | 0 | 0 | -1 | 0 | 0 | -1 | 0 | 0 | -1 | 0 | 0 | 4 | 128 ]
[ 128 | 0< | 0 | -1 | 0 | 0 | -1 | 0 | 0 | >58 | 0 | 0 | -1 | 0 | 0 | -1 | 0 | 0 | -1 | 0 | 0 | 4 | 128 ]
[ 128< | 0 | 0 | -1 | 0 | 0 | -1 | 0 | 0 | >59 | 0 | 0 | -1 | 0 | 0 | -1 | 0 | 0 | -1 | 0 | 0 | 4 | 128 ]
[ 127< | 0 | 0 | -1 | 0 | 0 | -1 | 0 | 0 | >60 | 0 | 0 | -1 | 0 | 0 | -1 | 0 | 0 | -1 | 0 | 0 | 4 | 128 ]
[ 127< | 0 | 0 | -1 | 0 | 0 | -1 | 0 | 0 | >61 | 0 | 0 | -1 | 0 | 0 | -1 | 0 | 0 | -1 | 0 | 0 | 4 | 128 ]
[ 127< | 0 | 0 | -1 | 0 | 0 | -1 | 0 | 0 | >62 | 0 | 0 | -1 | 0 | 0 | -1 | 0 | 0 | -1 | 0 | 0 | 4 | 128 ]
[ 127 | 0 | 0 | -1 | 0 | 0 | -1 | 0 | 0 | >63 | 0 | 0 | -1 | 0 | 0 | -1 | 0 | 0 | -1 | 0 | 0 | 4 | 128< ]

===== WallE won the battle after 73 cycles =====



===== WallE.bf vs. PrussianRoulette.bf finished with 10:0 =====